[ 2015-09-13T00:39:04+08:00 ] 36.22.6.68 /xx/std.php
INFO: [ app_begin ] --START--
INFO: ReadHtmlCache Behavior ::run [ RunTime:0.007384s ]
INFO: [ app_begin ] --END-- [ RunTime:0.007540s ]
INFO: [ view_parse ] --START--
INFO: ParseTemplate Behavior ::run [ RunTime:0.074705s ]
INFO: [ view_parse ] --END-- [ RunTime:0.074863s ]
INFO: [ view_filter ] --START--
INFO: ContentReplace Behavior ::run [ RunTime:0.007142s ]
INFO: TokenBuild Behavior ::run [ RunTime:0.007072s ]
INFO: WriteHtmlCache Behavior ::run [ RunTime:0.007007s ]
INFO: ShowRuntime Behavior ::run [ RunTime:0.007190s ]
INFO: [ view_filter ] --END-- [ RunTime:0.028736s ]
INFO: [ view_end ] --START--
INFO: ShowPageTrace Behavior ::run [ RunTime:0.007488s ]
INFO: [ view_end ] --END-- [ RunTime:0.007603s ]

[ 2015-09-13T00:39:27+08:00 ] 36.22.6.68 /xx/std.php/Std/loginin
INFO: [ route_check ] --START--
INFO: CheckRoute Behavior ::run [ RunTime:0.005078s ]
INFO: [ route_check ] --END-- [ RunTime:0.005241s ]
INFO: [ app_begin ] --START--
INFO: ReadHtmlCache Behavior ::run [ RunTime:0.004287s ]
INFO: [ app_begin ] --END-- [ RunTime:0.004398s ]
SQL: SHOW COLUMNS FROM `tb_grd` [ RunTime:0.002882s ]
SQL: SELECT * FROM `tb_grd` ORDER BY grdnm DESC  [ RunTime:0.000535s ]
SQL: SHOW COLUMNS FROM `tb_2015_std` [ RunTime:0.004051s ]
SQL: SELECT * FROM `tb_2015_std` LEFT JOIN tb_grd ON f_std_grdid=grdid WHERE ( stdnm='张传华' ) LIMIT 1   [ RunTime:0.002219s ]
SQL: SHOW COLUMNS FROM `tb_2014_std` [ RunTime:0.004120s ]
SQL: SELECT * FROM `tb_2014_std` LEFT JOIN tb_grd ON f_std_grdid=grdid WHERE ( stdnm='张传华' ) LIMIT 1   [ RunTime:0.003756s ]
SQL: SHOW COLUMNS FROM `tb_2013_std` [ RunTime:0.004167s ]
SQL: SELECT * FROM `tb_2013_std` LEFT JOIN tb_grd ON f_std_grdid=grdid WHERE ( stdnm='张传华' ) LIMIT 1   [ RunTime:0.001904s ]
SQL: SHOW COLUMNS FROM `tb_2012_std` [ RunTime:0.002950s ]
ERR: 1146:Table 'db_xx.tb_2012_std' doesn't exist
 [ SQL语句 ] : SHOW COLUMNS FROM `tb_2012_std`
SQL: SELECT * FROM `tb_2012_std` LEFT JOIN tb_grd ON f_std_grdid=grdid WHERE ( stdnm='张传华' ) LIMIT 1   [ RunTime:0.000544s ]
ERR: 1146:Table 'db_xx.tb_2012_std' doesn't exist
 [ SQL语句 ] : SELECT * FROM `tb_2012_std` LEFT JOIN tb_grd ON f_std_grdid=grdid WHERE ( stdnm='张传华' ) LIMIT 1  

[ 2015-09-13T07:05:12+08:00 ] 120.199.57.188 /xx/std.php
INFO: [ app_begin ] --START--
INFO: ReadHtmlCache Behavior ::run [ RunTime:0.004341s ]
INFO: [ app_begin ] --END-- [ RunTime:0.004495s ]
SQL: SHOW COLUMNS FROM `tb_grd` [ RunTime:0.002780s ]
SQL: SELECT * FROM `tb_grd` WHERE ( grdid=3 ) LIMIT 1   [ RunTime:0.000433s ]
SQL: SHOW COLUMNS FROM `tb_2014_std` [ RunTime:0.004151s ]
SQL: SELECT * FROM `tb_2014_std` WHERE ( stdid=630 ) LIMIT 1   [ RunTime:0.000213s ]
SQL: SELECT * FROM `tb_grd` WHERE ( grdid=3 ) LIMIT 1   [ RunTime:0.000132s ]
SQL: SHOW COLUMNS FROM `tb_xq` [ RunTime:0.002548s ]
SQL: SELECT * FROM `tb_xq` WHERE ( xqdq=1 ) LIMIT 1   [ RunTime:0.000601s ]
SQL: SELECT * FROM `tb_2014_std` inner join tb_2014_stdxqdm ON stdid=f_stdxqdm_stdid inner join tb_2014_stdxqcls ON stdid=f_stdxqcls_stdid inner join tb_2014_stdxqmj ON stdid=f_stdxqmj_stdid LEFT JOIN tb_stt ON f_std_sttid=sttid LEFT JOIN tb_grd ON f_std_grdid=grdid LEFT JOIN tb_2014_mj ON f_stdxqmj_mjid=mjid LEFT JOIN tb_bxxs ON f_mj_bxxsid=bxxsid LEFT JOIN tb_cc ON f_mj_ccid=ccid LEFT JOIN tb_kl ON f_mj_klid=klid LEFT JOIN tb_xxxs ON f_mj_xxxsid=xxxsid LEFT JOIN tb_zsfw ON f_mj_zsfwid=zsfwid LEFT JOIN tb_xz ON f_mj_xzid=xzid LEFT JOIN tb_2014_cls ON f_stdxqcls_clsid=clsid LEFT JOIN tb_dm ON f_stdxqdm_dmid=dmid LEFT JOIN tb_sex ON f_std_sexid=sexid LEFT JOIN tb_rc ON f_std_rcid=rcid LEFT JOIN tb_zzmm ON f_std_zzmmid=zzmmid LEFT JOIN tb_xl ON f_std_xlid=xlid LEFT JOIN tb_stat ON f_std_statid=statid LEFT JOIN tb_xq ON f_stdxqcls_xqid=xqid WHERE ( f_stdxqcls_xqid=3 AND f_stdxqmj_xqid=3 AND f_stdxqdm_xqid=3 AND stdid=630 ) LIMIT 1   [ RunTime:0.000277s ]
NOTIC: [2] Missing argument 1 for KZMBAction::setkzmb(), called in D:\Program Files\Apache Software Foundation\Apache2.2\htdocs\xx\std\Lib\Action\IndexAction.class.php on line 23 and defined D:\Program Files\Apache Software Foundation\Apache2.2\htdocs\xx\std\Lib\KZMB\KZMBAction.class.php 第 3 行.
SQL: SELECT * FROM `tb_grd` WHERE ( grdid=3 ) LIMIT 1   [ RunTime:0.000190s ]
SQL: SHOW COLUMNS FROM `tb_2014_stdbtn` [ RunTime:0.002774s ]
SQL: SELECT * FROM `tb_2014_stdbtn` WHERE ( f_stdbtn_stdid=630 AND stdbtnnm='lft' ) LIMIT 1   [ RunTime:0.000601s ]
SQL: SELECT * FROM `tb_2014_stdbtn` WHERE ( f_stdbtn_stdid=630 AND stdbtnnm='bs' ) LIMIT 1   [ RunTime:0.000132s ]
INFO: [ view_parse ] --START--
NOTIC: [8] Undefined variable: ntfstr D:\Program Files\Apache Software Foundation\Apache2.2\htdocs\xx\std\Runtime\Cache\9c288f5594010517c700781ca130ef0a.php 第 61 行.
NOTIC: [8] Undefined index:  stdnn D:\Program Files\Apache Software Foundation\Apache2.2\htdocs\xx\std\Runtime\Cache\9c288f5594010517c700781ca130ef0a.php 第 84 行.
NOTIC: [8] Undefined variable: cxcjcls D:\Program Files\Apache Software Foundation\Apache2.2\htdocs\xx\std\Runtime\Cache\9c288f5594010517c700781ca130ef0a.php 第 156 行.
INFO: ParseTemplate Behavior ::run [ RunTime:0.056918s ]
INFO: [ view_parse ] --END-- [ RunTime:0.057083s ]
INFO: [ view_filter ] --START--
INFO: ContentReplace Behavior ::run [ RunTime:0.004715s ]
INFO: TokenBuild Behavior ::run [ RunTime:0.004848s ]
INFO: WriteHtmlCache Behavior ::run [ RunTime:0.007797s ]
INFO: ShowRuntime Behavior ::run [ RunTime:0.008234s ]
INFO: [ view_filter ] --END-- [ RunTime:0.026165s ]
INFO: [ view_end ] --START--
INFO: ShowPageTrace Behavior ::run [ RunTime:0.008015s ]
INFO: [ view_end ] --END-- [ RunTime:0.008139s ]

[ 2015-09-13T07:05:15+08:00 ] 120.199.57.188 /xx/std.php/Cjzx/cxcj
INFO: [ route_check ] --START--
INFO: CheckRoute Behavior ::run [ RunTime:0.008014s ]
INFO: [ route_check ] --END-- [ RunTime:0.008171s ]
INFO: [ app_begin ] --START--
INFO: ReadHtmlCache Behavior ::run [ RunTime:0.001118s ]
INFO: [ app_begin ] --END-- [ RunTime:0.001236s ]
SQL: SHOW COLUMNS FROM `tb_grd` [ RunTime:0.002325s ]
SQL: SELECT * FROM `tb_grd` WHERE ( grdid=3 ) LIMIT 1   [ RunTime:0.000834s ]
SQL: SHOW COLUMNS FROM `tb_2014_std` [ RunTime:0.003880s ]
SQL: SELECT * FROM `tb_2014_std` WHERE ( stdid=630 ) LIMIT 1   [ RunTime:0.000218s ]
SQL: SELECT * FROM `tb_grd` WHERE ( grdid=3 ) LIMIT 1   [ RunTime:0.000135s ]
SQL: SHOW COLUMNS FROM `tb_xq` [ RunTime:0.002106s ]
SQL: SELECT * FROM `tb_xq` WHERE ( xqdq=1 ) LIMIT 1   [ RunTime:0.000611s ]
SQL: SELECT * FROM `tb_2014_std` inner join tb_2014_stdxqdm ON stdid=f_stdxqdm_stdid inner join tb_2014_stdxqcls ON stdid=f_stdxqcls_stdid inner join tb_2014_stdxqmj ON stdid=f_stdxqmj_stdid LEFT JOIN tb_stt ON f_std_sttid=sttid LEFT JOIN tb_grd ON f_std_grdid=grdid LEFT JOIN tb_2014_mj ON f_stdxqmj_mjid=mjid LEFT JOIN tb_bxxs ON f_mj_bxxsid=bxxsid LEFT JOIN tb_cc ON f_mj_ccid=ccid LEFT JOIN tb_kl ON f_mj_klid=klid LEFT JOIN tb_xxxs ON f_mj_xxxsid=xxxsid LEFT JOIN tb_zsfw ON f_mj_zsfwid=zsfwid LEFT JOIN tb_xz ON f_mj_xzid=xzid LEFT JOIN tb_2014_cls ON f_stdxqcls_clsid=clsid LEFT JOIN tb_dm ON f_stdxqdm_dmid=dmid LEFT JOIN tb_sex ON f_std_sexid=sexid LEFT JOIN tb_rc ON f_std_rcid=rcid LEFT JOIN tb_zzmm ON f_std_zzmmid=zzmmid LEFT JOIN tb_xl ON f_std_xlid=xlid LEFT JOIN tb_stat ON f_std_statid=statid LEFT JOIN tb_xq ON f_stdxqcls_xqid=xqid WHERE ( f_stdxqcls_xqid=3 AND f_stdxqmj_xqid=3 AND f_stdxqdm_xqid=3 AND stdid=630 ) LIMIT 1   [ RunTime:0.000287s ]
NOTIC: [2] Missing argument 1 for KZMBAction::setkzmb(), called in D:\Program Files\Apache Software Foundation\Apache2.2\htdocs\xx\std\Lib\Action\CjzxAction.class.php on line 89 and defined D:\Program Files\Apache Software Foundation\Apache2.2\htdocs\xx\std\Lib\KZMB\KZMBAction.class.php 第 3 行.
SQL: SELECT * FROM `tb_grd` WHERE ( grdid=3 ) LIMIT 1   [ RunTime:0.000157s ]
SQL: SHOW COLUMNS FROM `tb_2014_stdbtn` [ RunTime:0.002302s ]
SQL: SELECT * FROM `tb_2014_stdbtn` WHERE ( f_stdbtn_stdid=630 AND stdbtnnm='lft' ) LIMIT 1   [ RunTime:0.000572s ]
SQL: SELECT * FROM `tb_2014_stdbtn` WHERE ( f_stdbtn_stdid=630 AND stdbtnnm='bs' ) LIMIT 1   [ RunTime:0.000130s ]
NOTIC: [8] Undefined index:  xqid D:\Program Files\Apache Software Foundation\Apache2.2\htdocs\xx\std\Lib\Action\CjzxAction.class.php 第 93 行.
SQL: SELECT * FROM `tb_grd` WHERE ( grdid=3 ) LIMIT 1   [ RunTime:0.000120s ]
SQL: SHOW COLUMNS FROM `tb_2014_cjzx` [ RunTime:0.003059s ]
SQL: SELECT * FROM `tb_2014_cjzx` LEFT JOIN tb_xq ON f_cjzx_xqid=xqid LEFT JOIN tb_2014_pk ON f_cjzx_pkid=pkid LEFT JOIN tb_2014_kc ON f_pk_kcid=kcid LEFT JOIN tb_tcr ON f_pk_tcrid=tcrid WHERE ( f_cjzx_grdid=3 AND f_cjzx_stdid=630 ) ORDER BY xqnm ASC,pkzkkm ASC,kcnm ASC  [ RunTime:0.000550s ]
SQL: SELECT * FROM `tb_2014_std` WHERE ( stdid=630 ) LIMIT 1   [ RunTime:0.000176s ]
SQL: SELECT * FROM `tb_grd` WHERE ( grdid=3 ) LIMIT 1   [ RunTime:0.000147s ]
SQL: SHOW COLUMNS FROM `tb_2014_sttintxq` [ RunTime:0.002716s ]
SQL: SELECT * FROM `tb_2014_sttintxq` WHERE ( f_sttintxq_sttid=1 ) LIMIT 1   [ RunTime:0.000543s ]
SQL: SELECT * FROM `tb_xq` WHERE ( xqid>=1 ) ORDER BY xqid ASC LIMIT 0,10   [ RunTime:0.000131s ]
INFO: [ view_parse ] --START--
NOTIC: [8] Undefined variable: ntfstr D:\Program Files\Apache Software Foundation\Apache2.2\htdocs\xx\std\Runtime\Cache\924147b57af07085cf626e76a0a40509.php 第 61 行.
NOTIC: [8] Undefined index:  stdnn D:\Program Files\Apache Software Foundation\Apache2.2\htdocs\xx\std\Runtime\Cache\924147b57af07085cf626e76a0a40509.php 第 84 行.
INFO: ParseTemplate Behavior ::run [ RunTime:0.049447s ]
INFO: [ view_parse ] --END-- [ RunTime:0.049585s ]
INFO: [ view_filter ] --START--
INFO: ContentReplace Behavior ::run [ RunTime:0.000915s ]
INFO: TokenBuild Behavior ::run [ RunTime:0.000953s ]
INFO: WriteHtmlCache Behavior ::run [ RunTime:0.006876s ]
INFO: ShowRuntime Behavior ::run [ RunTime:0.007237s ]
INFO: [ view_filter ] --END-- [ RunTime:0.016292s ]
INFO: [ view_end ] --START--
INFO: ShowPageTrace Behavior ::run [ RunTime:0.007693s ]
INFO: [ view_end ] --END-- [ RunTime:0.007813s ]

[ 2015-09-13T07:05:25+08:00 ] 120.199.57.188 /xx/std.php
INFO: [ app_begin ] --START--
INFO: ReadHtmlCache Behavior ::run [ RunTime:0.001150s ]
INFO: [ app_begin ] --END-- [ RunTime:0.001302s ]
SQL: SHOW COLUMNS FROM `tb_grd` [ RunTime:0.002338s ]
SQL: SELECT * FROM `tb_grd` WHERE ( grdid=3 ) LIMIT 1   [ RunTime:0.000487s ]
SQL: SHOW COLUMNS FROM `tb_2014_std` [ RunTime:0.003561s ]
SQL: SELECT * FROM `tb_2014_std` WHERE ( stdid=630 ) LIMIT 1   [ RunTime:0.000213s ]
SQL: SELECT * FROM `tb_grd` WHERE ( grdid=3 ) LIMIT 1   [ RunTime:0.000132s ]
SQL: SHOW COLUMNS FROM `tb_xq` [ RunTime:0.002202s ]
SQL: SELECT * FROM `tb_xq` WHERE ( xqdq=1 ) LIMIT 1   [ RunTime:0.000578s ]
SQL: SELECT * FROM `tb_2014_std` inner join tb_2014_stdxqdm ON stdid=f_stdxqdm_stdid inner join tb_2014_stdxqcls ON stdid=f_stdxqcls_stdid inner join tb_2014_stdxqmj ON stdid=f_stdxqmj_stdid LEFT JOIN tb_stt ON f_std_sttid=sttid LEFT JOIN tb_grd ON f_std_grdid=grdid LEFT JOIN tb_2014_mj ON f_stdxqmj_mjid=mjid LEFT JOIN tb_bxxs ON f_mj_bxxsid=bxxsid LEFT JOIN tb_cc ON f_mj_ccid=ccid LEFT JOIN tb_kl ON f_mj_klid=klid LEFT JOIN tb_xxxs ON f_mj_xxxsid=xxxsid LEFT JOIN tb_zsfw ON f_mj_zsfwid=zsfwid LEFT JOIN tb_xz ON f_mj_xzid=xzid LEFT JOIN tb_2014_cls ON f_stdxqcls_clsid=clsid LEFT JOIN tb_dm ON f_stdxqdm_dmid=dmid LEFT JOIN tb_sex ON f_std_sexid=sexid LEFT JOIN tb_rc ON f_std_rcid=rcid LEFT JOIN tb_zzmm ON f_std_zzmmid=zzmmid LEFT JOIN tb_xl ON f_std_xlid=xlid LEFT JOIN tb_stat ON f_std_statid=statid LEFT JOIN tb_xq ON f_stdxqcls_xqid=xqid WHERE ( f_stdxqcls_xqid=3 AND f_stdxqmj_xqid=3 AND f_stdxqdm_xqid=3 AND stdid=630 ) LIMIT 1   [ RunTime:0.000275s ]
NOTIC: [2] Missing argument 1 for KZMBAction::setkzmb(), called in D:\Program Files\Apache Software Foundation\Apache2.2\htdocs\xx\std\Lib\Action\IndexAction.class.php on line 23 and defined D:\Program Files\Apache Software Foundation\Apache2.2\htdocs\xx\std\Lib\KZMB\KZMBAction.class.php 第 3 行.
SQL: SELECT * FROM `tb_grd` WHERE ( grdid=3 ) LIMIT 1   [ RunTime:0.000141s ]
SQL: SHOW COLUMNS FROM `tb_2014_stdbtn` [ RunTime:0.002244s ]
SQL: SELECT * FROM `tb_2014_stdbtn` WHERE ( f_stdbtn_stdid=630 AND stdbtnnm='lft' ) LIMIT 1   [ RunTime:0.000547s ]
SQL: SELECT * FROM `tb_2014_stdbtn` WHERE ( f_stdbtn_stdid=630 AND stdbtnnm='bs' ) LIMIT 1   [ RunTime:0.000130s ]
INFO: [ view_parse ] --START--
NOTIC: [8] Undefined variable: ntfstr D:\Program Files\Apache Software Foundation\Apache2.2\htdocs\xx\std\Runtime\Cache\9c288f5594010517c700781ca130ef0a.php 第 61 行.
NOTIC: [8] Undefined index:  stdnn D:\Program Files\Apache Software Foundation\Apache2.2\htdocs\xx\std\Runtime\Cache\9c288f5594010517c700781ca130ef0a.php 第 84 行.
NOTIC: [8] Undefined variable: cxcjcls D:\Program Files\Apache Software Foundation\Apache2.2\htdocs\xx\std\Runtime\Cache\9c288f5594010517c700781ca130ef0a.php 第 156 行.
INFO: ParseTemplate Behavior ::run [ RunTime:0.043117s ]
INFO: [ view_parse ] --END-- [ RunTime:0.043261s ]
INFO: [ view_filter ] --START--
INFO: ContentReplace Behavior ::run [ RunTime:0.000874s ]
INFO: TokenBuild Behavior ::run [ RunTime:0.000887s ]
INFO: WriteHtmlCache Behavior ::run [ RunTime:0.006891s ]
INFO: ShowRuntime Behavior ::run [ RunTime:0.007217s ]
INFO: [ view_filter ] --END-- [ RunTime:0.016183s ]
INFO: [ view_end ] --START--
INFO: ShowPageTrace Behavior ::run [ RunTime:0.008041s ]
INFO: [ view_end ] --END-- [ RunTime:0.008163s ]

[ 2015-09-13T07:05:36+08:00 ] 120.199.57.188 /xx/std.php/Std/loginout
INFO: [ route_check ] --START--
INFO: CheckRoute Behavior ::run [ RunTime:0.014695s ]
INFO: [ route_check ] --END-- [ RunTime:0.014885s ]
INFO: [ app_begin ] --START--
INFO: ReadHtmlCache Behavior ::run [ RunTime:0.001159s ]
INFO: [ app_begin ] --END-- [ RunTime:0.001268s ]

[ 2015-09-13T07:05:39+08:00 ] 120.199.57.188 /xx/std.php
INFO: [ app_begin ] --START--
INFO: ReadHtmlCache Behavior ::run [ RunTime:0.001289s ]
INFO: [ app_begin ] --END-- [ RunTime:0.001440s ]
INFO: [ view_parse ] --START--
INFO: ParseTemplate Behavior ::run [ RunTime:0.040566s ]
INFO: [ view_parse ] --END-- [ RunTime:0.040725s ]
INFO: [ view_filter ] --START--
INFO: ContentReplace Behavior ::run [ RunTime:0.000862s ]
INFO: TokenBuild Behavior ::run [ RunTime:0.000830s ]
INFO: WriteHtmlCache Behavior ::run [ RunTime:0.006865s ]
INFO: ShowRuntime Behavior ::run [ RunTime:0.007329s ]
INFO: [ view_filter ] --END-- [ RunTime:0.016202s ]
INFO: [ view_end ] --START--
INFO: ShowPageTrace Behavior ::run [ RunTime:0.007423s ]
INFO: [ view_end ] --END-- [ RunTime:0.007538s ]

[ 2015-09-13T07:06:11+08:00 ] 120.199.57.188 /xx/std.php/Std/loginin
INFO: [ route_check ] --START--
INFO: CheckRoute Behavior ::run [ RunTime:0.006903s ]
INFO: [ route_check ] --END-- [ RunTime:0.007069s ]
INFO: [ app_begin ] --START--
INFO: ReadHtmlCache Behavior ::run [ RunTime:0.001164s ]
INFO: [ app_begin ] --END-- [ RunTime:0.001276s ]
SQL: SHOW COLUMNS FROM `tb_grd` [ RunTime:0.002363s ]
SQL: SELECT * FROM `tb_grd` ORDER BY grdnm DESC  [ RunTime:0.000524s ]
SQL: SHOW COLUMNS FROM `tb_2015_std` [ RunTime:0.005111s ]
SQL: SELECT * FROM `tb_2015_std` LEFT JOIN tb_grd ON f_std_grdid=grdid WHERE ( stdnm='胡宜良' ) LIMIT 1   [ RunTime:0.002175s ]
SQL: SHOW COLUMNS FROM `tb_2014_std` [ RunTime:0.003679s ]
SQL: SELECT * FROM `tb_2014_std` LEFT JOIN tb_grd ON f_std_grdid=grdid WHERE ( stdnm='胡宜良' ) LIMIT 1   [ RunTime:0.001045s ]
SQL: SHOW COLUMNS FROM `tb_2013_std` [ RunTime:0.004073s ]
SQL: SELECT * FROM `tb_2013_std` LEFT JOIN tb_grd ON f_std_grdid=grdid WHERE ( stdnm='胡宜良' ) LIMIT 1   [ RunTime:0.002211s ]
SQL: SHOW COLUMNS FROM `tb_2012_std` [ RunTime:0.003045s ]
ERR: 1146:Table 'db_xx.tb_2012_std' doesn't exist
 [ SQL语句 ] : SHOW COLUMNS FROM `tb_2012_std`
SQL: SELECT * FROM `tb_2012_std` LEFT JOIN tb_grd ON f_std_grdid=grdid WHERE ( stdnm='胡宜良' ) LIMIT 1   [ RunTime:0.000555s ]
ERR: 1146:Table 'db_xx.tb_2012_std' doesn't exist
 [ SQL语句 ] : SELECT * FROM `tb_2012_std` LEFT JOIN tb_grd ON f_std_grdid=grdid WHERE ( stdnm='胡宜良' ) LIMIT 1  
SQL: SELECT * FROM `tb_2014_std` WHERE ( stdnm='胡宜良' AND stdno='14004320110' AND f_std_statid=5 ) LIMIT 1   [ RunTime:0.000933s ]
SQL: SELECT * FROM `tb_2014_std` WHERE ( stdnm='胡宜良' AND stdno='14004320110' ) LIMIT 1   [ RunTime:0.000864s ]

[ 2015-09-13T07:06:12+08:00 ] 120.199.57.188 /xx/std.php
INFO: [ app_begin ] --START--
INFO: ReadHtmlCache Behavior ::run [ RunTime:0.001132s ]
INFO: [ app_begin ] --END-- [ RunTime:0.001283s ]
SQL: SHOW COLUMNS FROM `tb_grd` [ RunTime:0.002328s ]
SQL: SELECT * FROM `tb_grd` WHERE ( grdid=3 ) LIMIT 1   [ RunTime:0.000413s ]
SQL: SHOW COLUMNS FROM `tb_2014_std` [ RunTime:0.003618s ]
SQL: SELECT * FROM `tb_2014_std` WHERE ( stdid=120 ) LIMIT 1   [ RunTime:0.000478s ]
SQL: SELECT * FROM `tb_grd` WHERE ( grdid=3 ) LIMIT 1   [ RunTime:0.000130s ]
SQL: SHOW COLUMNS FROM `tb_xq` [ RunTime:0.002118s ]
SQL: SELECT * FROM `tb_xq` WHERE ( xqdq=1 ) LIMIT 1   [ RunTime:0.000557s ]
SQL: SELECT * FROM `tb_2014_std` inner join tb_2014_stdxqdm ON stdid=f_stdxqdm_stdid inner join tb_2014_stdxqcls ON stdid=f_stdxqcls_stdid inner join tb_2014_stdxqmj ON stdid=f_stdxqmj_stdid LEFT JOIN tb_stt ON f_std_sttid=sttid LEFT JOIN tb_grd ON f_std_grdid=grdid LEFT JOIN tb_2014_mj ON f_stdxqmj_mjid=mjid LEFT JOIN tb_bxxs ON f_mj_bxxsid=bxxsid LEFT JOIN tb_cc ON f_mj_ccid=ccid LEFT JOIN tb_kl ON f_mj_klid=klid LEFT JOIN tb_xxxs ON f_mj_xxxsid=xxxsid LEFT JOIN tb_zsfw ON f_mj_zsfwid=zsfwid LEFT JOIN tb_xz ON f_mj_xzid=xzid LEFT JOIN tb_2014_cls ON f_stdxqcls_clsid=clsid LEFT JOIN tb_dm ON f_stdxqdm_dmid=dmid LEFT JOIN tb_sex ON f_std_sexid=sexid LEFT JOIN tb_rc ON f_std_rcid=rcid LEFT JOIN tb_zzmm ON f_std_zzmmid=zzmmid LEFT JOIN tb_xl ON f_std_xlid=xlid LEFT JOIN tb_stat ON f_std_statid=statid LEFT JOIN tb_xq ON f_stdxqcls_xqid=xqid WHERE ( f_stdxqcls_xqid=3 AND f_stdxqmj_xqid=3 AND f_stdxqdm_xqid=3 AND stdid=120 ) LIMIT 1   [ RunTime:0.012018s ]
NOTIC: [2] Missing argument 1 for KZMBAction::setkzmb(), called in D:\Program Files\Apache Software Foundation\Apache2.2\htdocs\xx\std\Lib\Action\IndexAction.class.php on line 23 and defined D:\Program Files\Apache Software Foundation\Apache2.2\htdocs\xx\std\Lib\KZMB\KZMBAction.class.php 第 3 行.
SQL: SELECT * FROM `tb_grd` WHERE ( grdid=3 ) LIMIT 1   [ RunTime:0.000186s ]
SQL: SHOW COLUMNS FROM `tb_2014_stdbtn` [ RunTime:0.002492s ]
SQL: SELECT * FROM `tb_2014_stdbtn` WHERE ( f_stdbtn_stdid=120 AND stdbtnnm='lft' ) LIMIT 1   [ RunTime:0.000777s ]
SQL: SELECT * FROM `tb_2014_stdbtn` WHERE ( f_stdbtn_stdid=120 AND stdbtnnm='bs' ) LIMIT 1   [ RunTime:0.000239s ]
INFO: [ view_parse ] --START--
NOTIC: [8] Undefined variable: ntfstr D:\Program Files\Apache Software Foundation\Apache2.2\htdocs\xx\std\Runtime\Cache\9c288f5594010517c700781ca130ef0a.php 第 61 行.
NOTIC: [8] Undefined index:  stdnn D:\Program Files\Apache Software Foundation\Apache2.2\htdocs\xx\std\Runtime\Cache\9c288f5594010517c700781ca130ef0a.php 第 84 行.
NOTIC: [8] Undefined variable: cxcjcls D:\Program Files\Apache Software Foundation\Apache2.2\htdocs\xx\std\Runtime\Cache\9c288f5594010517c700781ca130ef0a.php 第 156 行.
INFO: ParseTemplate Behavior ::run [ RunTime:0.043738s ]
INFO: [ view_parse ] --END-- [ RunTime:0.043880s ]
INFO: [ view_filter ] --START--
INFO: ContentReplace Behavior ::run [ RunTime:0.000877s ]
INFO: TokenBuild Behavior ::run [ RunTime:0.000821s ]
INFO: WriteHtmlCache Behavior ::run [ RunTime:0.007052s ]
INFO: ShowRuntime Behavior ::run [ RunTime:0.007221s ]
INFO: [ view_filter ] --END-- [ RunTime:0.016290s ]
INFO: [ view_end ] --START--
INFO: ShowPageTrace Behavior ::run [ RunTime:0.007627s ]
INFO: [ view_end ] --END-- [ RunTime:0.007743s ]

[ 2015-09-13T07:06:16+08:00 ] 120.199.57.188 /xx/std.php/Cjzx/cxbxqcj
INFO: [ route_check ] --START--
INFO: CheckRoute Behavior ::run [ RunTime:0.006309s ]
INFO: [ route_check ] --END-- [ RunTime:0.006461s ]
INFO: [ app_begin ] --START--
INFO: ReadHtmlCache Behavior ::run [ RunTime:0.001105s ]
INFO: [ app_begin ] --END-- [ RunTime:0.001224s ]
SQL: SHOW COLUMNS FROM `tb_grd` [ RunTime:0.002349s ]
SQL: SELECT * FROM `tb_grd` WHERE ( grdid=3 ) LIMIT 1   [ RunTime:0.000466s ]
SQL: SHOW COLUMNS FROM `tb_2014_std` [ RunTime:0.003651s ]
SQL: SELECT * FROM `tb_2014_std` WHERE ( stdid=120 ) LIMIT 1   [ RunTime:0.000214s ]
SQL: SELECT * FROM `tb_grd` WHERE ( grdid=3 ) LIMIT 1   [ RunTime:0.000133s ]
SQL: SHOW COLUMNS FROM `tb_xq` [ RunTime:0.002246s ]
SQL: SELECT * FROM `tb_xq` WHERE ( xqdq=1 ) LIMIT 1   [ RunTime:0.000708s ]
SQL: SELECT * FROM `tb_2014_std` inner join tb_2014_stdxqdm ON stdid=f_stdxqdm_stdid inner join tb_2014_stdxqcls ON stdid=f_stdxqcls_stdid inner join tb_2014_stdxqmj ON stdid=f_stdxqmj_stdid LEFT JOIN tb_stt ON f_std_sttid=sttid LEFT JOIN tb_grd ON f_std_grdid=grdid LEFT JOIN tb_2014_mj ON f_stdxqmj_mjid=mjid LEFT JOIN tb_bxxs ON f_mj_bxxsid=bxxsid LEFT JOIN tb_cc ON f_mj_ccid=ccid LEFT JOIN tb_kl ON f_mj_klid=klid LEFT JOIN tb_xxxs ON f_mj_xxxsid=xxxsid LEFT JOIN tb_zsfw ON f_mj_zsfwid=zsfwid LEFT JOIN tb_xz ON f_mj_xzid=xzid LEFT JOIN tb_2014_cls ON f_stdxqcls_clsid=clsid LEFT JOIN tb_dm ON f_stdxqdm_dmid=dmid LEFT JOIN tb_sex ON f_std_sexid=sexid LEFT JOIN tb_rc ON f_std_rcid=rcid LEFT JOIN tb_zzmm ON f_std_zzmmid=zzmmid LEFT JOIN tb_xl ON f_std_xlid=xlid LEFT JOIN tb_stat ON f_std_statid=statid LEFT JOIN tb_xq ON f_stdxqcls_xqid=xqid WHERE ( f_stdxqcls_xqid=3 AND f_stdxqmj_xqid=3 AND f_stdxqdm_xqid=3 AND stdid=120 ) LIMIT 1   [ RunTime:0.000277s ]
NOTIC: [2] Missing argument 1 for KZMBAction::setkzmb(), called in D:\Program Files\Apache Software Foundation\Apache2.2\htdocs\xx\std\Lib\Action\CjzxAction.class.php on line 14 and defined D:\Program Files\Apache Software Foundation\Apache2.2\htdocs\xx\std\Lib\KZMB\KZMBAction.class.php 第 3 行.
SQL: SELECT * FROM `tb_grd` WHERE ( grdid=3 ) LIMIT 1   [ RunTime:0.000139s ]
SQL: SHOW COLUMNS FROM `tb_2014_stdbtn` [ RunTime:0.002461s ]
SQL: SELECT * FROM `tb_2014_stdbtn` WHERE ( f_stdbtn_stdid=120 AND stdbtnnm='lft' ) LIMIT 1   [ RunTime:0.000539s ]
SQL: SELECT * FROM `tb_2014_stdbtn` WHERE ( f_stdbtn_stdid=120 AND stdbtnnm='bs' ) LIMIT 1   [ RunTime:0.000131s ]
SQL: SELECT * FROM `tb_grd` WHERE ( grdid=3 ) LIMIT 1   [ RunTime:0.000120s ]
SQL: SELECT * FROM `tb_xq` WHERE ( xqdq=1 ) LIMIT 1   [ RunTime:0.000120s ]
SQL: SHOW COLUMNS FROM `tb_2014_cjzx` [ RunTime:0.002779s ]
SQL: SELECT * FROM `tb_2014_cjzx` LEFT JOIN tb_2014_pk ON f_cjzx_pkid=pkid LEFT JOIN tb_2014_kc ON f_pk_kcid=kcid LEFT JOIN tb_tcr ON f_pk_tcrid=tcrid WHERE ( f_cjzx_grdid=3 AND f_cjzx_stdid=120 AND f_cjzx_xqid=3 ) ORDER BY pkzkkm ASC,kcnm ASC  [ RunTime:0.010249s ]
NOTIC: [2] Invalid argument supplied for foreach() D:\Program Files\Apache Software Foundation\Apache2.2\htdocs\xx\std\Lib\Action\CjzxAction.class.php 第 33 行.
INFO: [ view_parse ] --START--
NOTIC: [8] Undefined variable: ntfstr D:\Program Files\Apache Software Foundation\Apache2.2\htdocs\xx\std\Runtime\Cache\68168f11e33e9bc593b86b7881014cb3.php 第 61 行.
NOTIC: [8] Undefined index:  stdnn D:\Program Files\Apache Software Foundation\Apache2.2\htdocs\xx\std\Runtime\Cache\68168f11e33e9bc593b86b7881014cb3.php 第 84 行.
NOTIC: [8] Undefined variable: cxcjcls D:\Program Files\Apache Software Foundation\Apache2.2\htdocs\xx\std\Runtime\Cache\68168f11e33e9bc593b86b7881014cb3.php 第 156 行.
INFO: ParseTemplate Behavior ::run [ RunTime:0.054861s ]
INFO: [ view_parse ] --END-- [ RunTime:0.055031s ]
INFO: [ view_filter ] --START--
INFO: ContentReplace Behavior ::run [ RunTime:0.000914s ]
INFO: TokenBuild Behavior ::run [ RunTime:0.000824s ]
INFO: WriteHtmlCache Behavior ::run [ RunTime:0.007160s ]
INFO: ShowRuntime Behavior ::run [ RunTime:0.007236s ]
INFO: [ view_filter ] --END-- [ RunTime:0.016454s ]
INFO: [ view_end ] --START--
INFO: ShowPageTrace Behavior ::run [ RunTime:0.007691s ]
INFO: [ view_end ] --END-- [ RunTime:0.007807s ]

[ 2015-09-13T07:06:22+08:00 ] 120.199.57.188 /xx/std.php/Cjzx/cxcj
INFO: [ route_check ] --START--
INFO: CheckRoute Behavior ::run [ RunTime:0.006340s ]
INFO: [ route_check ] --END-- [ RunTime:0.006495s ]
INFO: [ app_begin ] --START--
INFO: ReadHtmlCache Behavior ::run [ RunTime:0.001110s ]
INFO: [ app_begin ] --END-- [ RunTime:0.001227s ]
SQL: SHOW COLUMNS FROM `tb_grd` [ RunTime:0.002337s ]
SQL: SELECT * FROM `tb_grd` WHERE ( grdid=3 ) LIMIT 1   [ RunTime:0.000406s ]
SQL: SHOW COLUMNS FROM `tb_2014_std` [ RunTime:0.003541s ]
SQL: SELECT * FROM `tb_2014_std` WHERE ( stdid=120 ) LIMIT 1   [ RunTime:0.000216s ]
SQL: SELECT * FROM `tb_grd` WHERE ( grdid=3 ) LIMIT 1   [ RunTime:0.000132s ]
SQL: SHOW COLUMNS FROM `tb_xq` [ RunTime:0.003488s ]
SQL: SELECT * FROM `tb_xq` WHERE ( xqdq=1 ) LIMIT 1   [ RunTime:0.000514s ]
SQL: SELECT * FROM `tb_2014_std` inner join tb_2014_stdxqdm ON stdid=f_stdxqdm_stdid inner join tb_2014_stdxqcls ON stdid=f_stdxqcls_stdid inner join tb_2014_stdxqmj ON stdid=f_stdxqmj_stdid LEFT JOIN tb_stt ON f_std_sttid=sttid LEFT JOIN tb_grd ON f_std_grdid=grdid LEFT JOIN tb_2014_mj ON f_stdxqmj_mjid=mjid LEFT JOIN tb_bxxs ON f_mj_bxxsid=bxxsid LEFT JOIN tb_cc ON f_mj_ccid=ccid LEFT JOIN tb_kl ON f_mj_klid=klid LEFT JOIN tb_xxxs ON f_mj_xxxsid=xxxsid LEFT JOIN tb_zsfw ON f_mj_zsfwid=zsfwid LEFT JOIN tb_xz ON f_mj_xzid=xzid LEFT JOIN tb_2014_cls ON f_stdxqcls_clsid=clsid LEFT JOIN tb_dm ON f_stdxqdm_dmid=dmid LEFT JOIN tb_sex ON f_std_sexid=sexid LEFT JOIN tb_rc ON f_std_rcid=rcid LEFT JOIN tb_zzmm ON f_std_zzmmid=zzmmid LEFT JOIN tb_xl ON f_std_xlid=xlid LEFT JOIN tb_stat ON f_std_statid=statid LEFT JOIN tb_xq ON f_stdxqcls_xqid=xqid WHERE ( f_stdxqcls_xqid=3 AND f_stdxqmj_xqid=3 AND f_stdxqdm_xqid=3 AND stdid=120 ) LIMIT 1   [ RunTime:0.000277s ]
NOTIC: [2] Missing argument 1 for KZMBAction::setkzmb(), called in D:\Program Files\Apache Software Foundation\Apache2.2\htdocs\xx\std\Lib\Action\CjzxAction.class.php on line 89 and defined D:\Program Files\Apache Software Foundation\Apache2.2\htdocs\xx\std\Lib\KZMB\KZMBAction.class.php 第 3 行.
SQL: SELECT * FROM `tb_grd` WHERE ( grdid=3 ) LIMIT 1   [ RunTime:0.000145s ]
SQL: SHOW COLUMNS FROM `tb_2014_stdbtn` [ RunTime:0.002265s ]
SQL: SELECT * FROM `tb_2014_stdbtn` WHERE ( f_stdbtn_stdid=120 AND stdbtnnm='lft' ) LIMIT 1   [ RunTime:0.001470s ]
SQL: SELECT * FROM `tb_2014_stdbtn` WHERE ( f_stdbtn_stdid=120 AND stdbtnnm='bs' ) LIMIT 1   [ RunTime:0.000397s ]
NOTIC: [8] Undefined index:  xqid D:\Program Files\Apache Software Foundation\Apache2.2\htdocs\xx\std\Lib\Action\CjzxAction.class.php 第 93 行.
SQL: SELECT * FROM `tb_grd` WHERE ( grdid=3 ) LIMIT 1   [ RunTime:0.000138s ]
SQL: SHOW COLUMNS FROM `tb_2014_cjzx` [ RunTime:0.002794s ]
SQL: SELECT * FROM `tb_2014_cjzx` LEFT JOIN tb_xq ON f_cjzx_xqid=xqid LEFT JOIN tb_2014_pk ON f_cjzx_pkid=pkid LEFT JOIN tb_2014_kc ON f_pk_kcid=kcid LEFT JOIN tb_tcr ON f_pk_tcrid=tcrid WHERE ( f_cjzx_grdid=3 AND f_cjzx_stdid=120 ) ORDER BY xqnm ASC,pkzkkm ASC,kcnm ASC  [ RunTime:0.010454s ]
SQL: SELECT * FROM `tb_2014_std` WHERE ( stdid=120 ) LIMIT 1   [ RunTime:0.000608s ]
SQL: SELECT * FROM `tb_grd` WHERE ( grdid=3 ) LIMIT 1   [ RunTime:0.000147s ]
SQL: SHOW COLUMNS FROM `tb_2014_sttintxq` [ RunTime:0.002321s ]
SQL: SELECT * FROM `tb_2014_sttintxq` WHERE ( f_sttintxq_sttid=1 ) LIMIT 1   [ RunTime:0.000596s ]
SQL: SELECT * FROM `tb_xq` WHERE ( xqid>=1 ) ORDER BY xqid ASC LIMIT 0,10   [ RunTime:0.000132s ]
INFO: [ view_parse ] --START--
NOTIC: [8] Undefined variable: ntfstr D:\Program Files\Apache Software Foundation\Apache2.2\htdocs\xx\std\Runtime\Cache\924147b57af07085cf626e76a0a40509.php 第 61 行.
NOTIC: [8] Undefined index:  stdnn D:\Program Files\Apache Software Foundation\Apache2.2\htdocs\xx\std\Runtime\Cache\924147b57af07085cf626e76a0a40509.php 第 84 行.
INFO: ParseTemplate Behavior ::run [ RunTime:0.049272s ]
INFO: [ view_parse ] --END-- [ RunTime:0.049419s ]
INFO: [ view_filter ] --START--
INFO: ContentReplace Behavior ::run [ RunTime:0.000932s ]
INFO: TokenBuild Behavior ::run [ RunTime:0.000825s ]
INFO: WriteHtmlCache Behavior ::run [ RunTime:0.006884s ]
INFO: ShowRuntime Behavior ::run [ RunTime:0.007323s ]
INFO: [ view_filter ] --END-- [ RunTime:0.016277s ]
INFO: [ view_end ] --START--
INFO: ShowPageTrace Behavior ::run [ RunTime:0.007443s ]
INFO: [ view_end ] --END-- [ RunTime:0.007556s ]

[ 2015-09-13T07:06:46+08:00 ] 120.199.57.188 /xx/std.php
INFO: [ app_begin ] --START--
INFO: ReadHtmlCache Behavior ::run [ RunTime:0.001138s ]
INFO: [ app_begin ] --END-- [ RunTime:0.001287s ]
SQL: SHOW COLUMNS FROM `tb_grd` [ RunTime:0.004640s ]
SQL: SELECT * FROM `tb_grd` WHERE ( grdid=3 ) LIMIT 1   [ RunTime:0.000163s ]
SQL: SHOW COLUMNS FROM `tb_2014_std` [ RunTime:0.003710s ]
SQL: SELECT * FROM `tb_2014_std` WHERE ( stdid=120 ) LIMIT 1   [ RunTime:0.000216s ]
SQL: SELECT * FROM `tb_grd` WHERE ( grdid=3 ) LIMIT 1   [ RunTime:0.000133s ]
SQL: SHOW COLUMNS FROM `tb_xq` [ RunTime:0.002097s ]
SQL: SELECT * FROM `tb_xq` WHERE ( xqdq=1 ) LIMIT 1   [ RunTime:0.000615s ]
SQL: SELECT * FROM `tb_2014_std` inner join tb_2014_stdxqdm ON stdid=f_stdxqdm_stdid inner join tb_2014_stdxqcls ON stdid=f_stdxqcls_stdid inner join tb_2014_stdxqmj ON stdid=f_stdxqmj_stdid LEFT JOIN tb_stt ON f_std_sttid=sttid LEFT JOIN tb_grd ON f_std_grdid=grdid LEFT JOIN tb_2014_mj ON f_stdxqmj_mjid=mjid LEFT JOIN tb_bxxs ON f_mj_bxxsid=bxxsid LEFT JOIN tb_cc ON f_mj_ccid=ccid LEFT JOIN tb_kl ON f_mj_klid=klid LEFT JOIN tb_xxxs ON f_mj_xxxsid=xxxsid LEFT JOIN tb_zsfw ON f_mj_zsfwid=zsfwid LEFT JOIN tb_xz ON f_mj_xzid=xzid LEFT JOIN tb_2014_cls ON f_stdxqcls_clsid=clsid LEFT JOIN tb_dm ON f_stdxqdm_dmid=dmid LEFT JOIN tb_sex ON f_std_sexid=sexid LEFT JOIN tb_rc ON f_std_rcid=rcid LEFT JOIN tb_zzmm ON f_std_zzmmid=zzmmid LEFT JOIN tb_xl ON f_std_xlid=xlid LEFT JOIN tb_stat ON f_std_statid=statid LEFT JOIN tb_xq ON f_stdxqcls_xqid=xqid WHERE ( f_stdxqcls_xqid=3 AND f_stdxqmj_xqid=3 AND f_stdxqdm_xqid=3 AND stdid=120 ) LIMIT 1   [ RunTime:0.000276s ]
NOTIC: [2] Missing argument 1 for KZMBAction::setkzmb(), called in D:\Program Files\Apache Software Foundation\Apache2.2\htdocs\xx\std\Lib\Action\IndexAction.class.php on line 23 and defined D:\Program Files\Apache Software Foundation\Apache2.2\htdocs\xx\std\Lib\KZMB\KZMBAction.class.php 第 3 行.
SQL: SELECT * FROM `tb_grd` WHERE ( grdid=3 ) LIMIT 1   [ RunTime:0.000144s ]
SQL: SHOW COLUMNS FROM `tb_2014_stdbtn` [ RunTime:0.002278s ]
SQL: SELECT * FROM `tb_2014_stdbtn` WHERE ( f_stdbtn_stdid=120 AND stdbtnnm='lft' ) LIMIT 1   [ RunTime:0.000537s ]
SQL: SELECT * FROM `tb_2014_stdbtn` WHERE ( f_stdbtn_stdid=120 AND stdbtnnm='bs' ) LIMIT 1   [ RunTime:0.000129s ]
INFO: [ view_parse ] --START--
NOTIC: [8] Undefined variable: ntfstr D:\Program Files\Apache Software Foundation\Apache2.2\htdocs\xx\std\Runtime\Cache\9c288f5594010517c700781ca130ef0a.php 第 61 行.
NOTIC: [8] Undefined index:  stdnn D:\Program Files\Apache Software Foundation\Apache2.2\htdocs\xx\std\Runtime\Cache\9c288f5594010517c700781ca130ef0a.php 第 84 行.
NOTIC: [8] Undefined variable: cxcjcls D:\Program Files\Apache Software Foundation\Apache2.2\htdocs\xx\std\Runtime\Cache\9c288f5594010517c700781ca130ef0a.php 第 156 行.
INFO: ParseTemplate Behavior ::run [ RunTime:0.047084s ]
INFO: [ view_parse ] --END-- [ RunTime:0.047252s ]
INFO: [ view_filter ] --START--
INFO: ContentReplace Behavior ::run [ RunTime:0.001024s ]
INFO: TokenBuild Behavior ::run [ RunTime:0.000874s ]
INFO: WriteHtmlCache Behavior ::run [ RunTime:0.007026s ]
INFO: ShowRuntime Behavior ::run [ RunTime:0.007231s ]
INFO: [ view_filter ] --END-- [ RunTime:0.016476s ]
INFO: [ view_end ] --START--
INFO: ShowPageTrace Behavior ::run [ RunTime:0.007640s ]
INFO: [ view_end ] --END-- [ RunTime:0.007754s ]

[ 2015-09-13T07:06:50+08:00 ] 120.199.57.188 /xx/std.php/Std/loginout
INFO: [ route_check ] --START--
INFO: CheckRoute Behavior ::run [ RunTime:0.006351s ]
INFO: [ route_check ] --END-- [ RunTime:0.006510s ]
INFO: [ app_begin ] --START--
INFO: ReadHtmlCache Behavior ::run [ RunTime:0.001114s ]
INFO: [ app_begin ] --END-- [ RunTime:0.001221s ]

[ 2015-09-13T07:06:51+08:00 ] 120.199.57.188 /xx/std.php
INFO: [ app_begin ] --START--
INFO: ReadHtmlCache Behavior ::run [ RunTime:0.001372s ]
INFO: [ app_begin ] --END-- [ RunTime:0.001615s ]
INFO: [ view_parse ] --START--
INFO: ParseTemplate Behavior ::run [ RunTime:0.039862s ]
INFO: [ view_parse ] --END-- [ RunTime:0.040029s ]
INFO: [ view_filter ] --START--
INFO: ContentReplace Behavior ::run [ RunTime:0.000870s ]
INFO: TokenBuild Behavior ::run [ RunTime:0.000829s ]
INFO: WriteHtmlCache Behavior ::run [ RunTime:0.007025s ]
INFO: ShowRuntime Behavior ::run [ RunTime:0.007198s ]
INFO: [ view_filter ] --END-- [ RunTime:0.016237s ]
INFO: [ view_end ] --START--
INFO: ShowPageTrace Behavior ::run [ RunTime:0.008158s ]
INFO: [ view_end ] --END-- [ RunTime:0.008288s ]

[ 2015-09-13T07:07:15+08:00 ] 120.199.57.188 /xx/std.php/Std/loginin
INFO: [ route_check ] --START--
INFO: CheckRoute Behavior ::run [ RunTime:0.006381s ]
INFO: [ route_check ] --END-- [ RunTime:0.006538s ]
INFO: [ app_begin ] --START--
INFO: ReadHtmlCache Behavior ::run [ RunTime:0.004480s ]
INFO: [ app_begin ] --END-- [ RunTime:0.004593s ]
SQL: SHOW COLUMNS FROM `tb_grd` [ RunTime:0.002349s ]
SQL: SELECT * FROM `tb_grd` ORDER BY grdnm DESC  [ RunTime:0.000538s ]
SQL: SHOW COLUMNS FROM `tb_2015_std` [ RunTime:0.003553s ]
SQL: SELECT * FROM `tb_2015_std` LEFT JOIN tb_grd ON f_std_grdid=grdid WHERE ( stdnm='李颖超' ) LIMIT 1   [ RunTime:0.002248s ]
SQL: SHOW COLUMNS FROM `tb_2014_std` [ RunTime:0.003643s ]
SQL: SELECT * FROM `tb_2014_std` LEFT JOIN tb_grd ON f_std_grdid=grdid WHERE ( stdnm='李颖超' ) LIMIT 1   [ RunTime:0.003458s ]
SQL: SHOW COLUMNS FROM `tb_2013_std` [ RunTime:0.003617s ]
SQL: SELECT * FROM `tb_2013_std` LEFT JOIN tb_grd ON f_std_grdid=grdid WHERE ( stdnm='李颖超' ) LIMIT 1   [ RunTime:0.030506s ]
SQL: SHOW COLUMNS FROM `tb_2012_std` [ RunTime:0.003083s ]
ERR: 1146:Table 'db_xx.tb_2012_std' doesn't exist
 [ SQL语句 ] : SHOW COLUMNS FROM `tb_2012_std`
SQL: SELECT * FROM `tb_2012_std` LEFT JOIN tb_grd ON f_std_grdid=grdid WHERE ( stdnm='李颖超' ) LIMIT 1   [ RunTime:0.000547s ]
ERR: 1146:Table 'db_xx.tb_2012_std' doesn't exist
 [ SQL语句 ] : SELECT * FROM `tb_2012_std` LEFT JOIN tb_grd ON f_std_grdid=grdid WHERE ( stdnm='李颖超' ) LIMIT 1  
SQL: SELECT * FROM `tb_2014_std` WHERE ( stdnm='李颖超' AND stdno='14004320124' AND f_std_statid=5 ) LIMIT 1   [ RunTime:0.003366s ]
SQL: SELECT * FROM `tb_2014_std` WHERE ( stdnm='李颖超' AND stdno='14004320124' ) LIMIT 1   [ RunTime:0.003304s ]

[ 2015-09-13T07:07:15+08:00 ] 120.199.57.188 /xx/std.php
INFO: [ app_begin ] --START--
INFO: ReadHtmlCache Behavior ::run [ RunTime:0.001132s ]
INFO: [ app_begin ] --END-- [ RunTime:0.001279s ]
SQL: SHOW COLUMNS FROM `tb_grd` [ RunTime:0.002314s ]
SQL: SELECT * FROM `tb_grd` WHERE ( grdid=3 ) LIMIT 1   [ RunTime:0.000468s ]
SQL: SHOW COLUMNS FROM `tb_2014_std` [ RunTime:0.003682s ]
SQL: SELECT * FROM `tb_2014_std` WHERE ( stdid=631 ) LIMIT 1   [ RunTime:0.000480s ]
SQL: SELECT * FROM `tb_grd` WHERE ( grdid=3 ) LIMIT 1   [ RunTime:0.000132s ]
SQL: SHOW COLUMNS FROM `tb_xq` [ RunTime:0.002138s ]
SQL: SELECT * FROM `tb_xq` WHERE ( xqdq=1 ) LIMIT 1   [ RunTime:0.000561s ]
SQL: SELECT * FROM `tb_2014_std` inner join tb_2014_stdxqdm ON stdid=f_stdxqdm_stdid inner join tb_2014_stdxqcls ON stdid=f_stdxqcls_stdid inner join tb_2014_stdxqmj ON stdid=f_stdxqmj_stdid LEFT JOIN tb_stt ON f_std_sttid=sttid LEFT JOIN tb_grd ON f_std_grdid=grdid LEFT JOIN tb_2014_mj ON f_stdxqmj_mjid=mjid LEFT JOIN tb_bxxs ON f_mj_bxxsid=bxxsid LEFT JOIN tb_cc ON f_mj_ccid=ccid LEFT JOIN tb_kl ON f_mj_klid=klid LEFT JOIN tb_xxxs ON f_mj_xxxsid=xxxsid LEFT JOIN tb_zsfw ON f_mj_zsfwid=zsfwid LEFT JOIN tb_xz ON f_mj_xzid=xzid LEFT JOIN tb_2014_cls ON f_stdxqcls_clsid=clsid LEFT JOIN tb_dm ON f_stdxqdm_dmid=dmid LEFT JOIN tb_sex ON f_std_sexid=sexid LEFT JOIN tb_rc ON f_std_rcid=rcid LEFT JOIN tb_zzmm ON f_std_zzmmid=zzmmid LEFT JOIN tb_xl ON f_std_xlid=xlid LEFT JOIN tb_stat ON f_std_statid=statid LEFT JOIN tb_xq ON f_stdxqcls_xqid=xqid WHERE ( f_stdxqcls_xqid=3 AND f_stdxqmj_xqid=3 AND f_stdxqdm_xqid=3 AND stdid=631 ) LIMIT 1   [ RunTime:0.004044s ]
NOTIC: [2] Missing argument 1 for KZMBAction::setkzmb(), called in D:\Program Files\Apache Software Foundation\Apache2.2\htdocs\xx\std\Lib\Action\IndexAction.class.php on line 23 and defined D:\Program Files\Apache Software Foundation\Apache2.2\htdocs\xx\std\Lib\KZMB\KZMBAction.class.php 第 3 行.
SQL: SELECT * FROM `tb_grd` WHERE ( grdid=3 ) LIMIT 1   [ RunTime:0.000164s ]
SQL: SHOW COLUMNS FROM `tb_2014_stdbtn` [ RunTime:0.002423s ]
SQL: SELECT * FROM `tb_2014_stdbtn` WHERE ( f_stdbtn_stdid=631 AND stdbtnnm='lft' ) LIMIT 1   [ RunTime:0.000810s ]
SQL: SELECT * FROM `tb_2014_stdbtn` WHERE ( f_stdbtn_stdid=631 AND stdbtnnm='lft' ) LIMIT 1   [ RunTime:0.000133s ]
SQL: SELECT * FROM `tb_2014_stdbtn` WHERE ( f_stdbtn_stdid=631 AND stdbtnnm='bs' ) LIMIT 1   [ RunTime:0.000228s ]
SQL: SELECT * FROM `tb_2014_stdbtn` WHERE ( f_stdbtn_stdid=631 AND stdbtnnm='bs' ) LIMIT 1   [ RunTime:0.000127s ]
INFO: [ view_parse ] --START--
NOTIC: [8] Undefined variable: ntfstr D:\Program Files\Apache Software Foundation\Apache2.2\htdocs\xx\std\Runtime\Cache\9c288f5594010517c700781ca130ef0a.php 第 61 行.
NOTIC: [8] Undefined index:  stdnn D:\Program Files\Apache Software Foundation\Apache2.2\htdocs\xx\std\Runtime\Cache\9c288f5594010517c700781ca130ef0a.php 第 84 行.
NOTIC: [8] Undefined variable: cxcjcls D:\Program Files\Apache Software Foundation\Apache2.2\htdocs\xx\std\Runtime\Cache\9c288f5594010517c700781ca130ef0a.php 第 156 行.
INFO: ParseTemplate Behavior ::run [ RunTime:0.055360s ]
INFO: [ view_parse ] --END-- [ RunTime:0.055502s ]
INFO: [ view_filter ] --START--
INFO: ContentReplace Behavior ::run [ RunTime:0.004017s ]
INFO: TokenBuild Behavior ::run [ RunTime:0.003964s ]
INFO: WriteHtmlCache Behavior ::run [ RunTime:0.007358s ]
INFO: ShowRuntime Behavior ::run [ RunTime:0.007214s ]
INFO: [ view_filter ] --END-- [ RunTime:0.022878s ]
INFO: [ view_end ] --START--
INFO: ShowPageTrace Behavior ::run [ RunTime:0.007517s ]
INFO: [ view_end ] --END-- [ RunTime:0.007630s ]

[ 2015-09-13T07:07:19+08:00 ] 120.199.57.188 /xx/std.php/Cjzx/cxlncj
INFO: [ route_check ] --START--
INFO: CheckRoute Behavior ::run [ RunTime:0.007858s ]
INFO: [ route_check ] --END-- [ RunTime:0.008010s ]
INFO: [ app_begin ] --START--
INFO: ReadHtmlCache Behavior ::run [ RunTime:0.001318s ]
INFO: [ app_begin ] --END-- [ RunTime:0.001439s ]
SQL: SHOW COLUMNS FROM `tb_grd` [ RunTime:0.002373s ]
SQL: SELECT * FROM `tb_grd` WHERE ( grdid=3 ) LIMIT 1   [ RunTime:0.000410s ]
SQL: SHOW COLUMNS FROM `tb_2014_std` [ RunTime:0.004129s ]
SQL: SELECT * FROM `tb_2014_std` WHERE ( stdid=631 ) LIMIT 1   [ RunTime:0.000278s ]
SQL: SELECT * FROM `tb_grd` WHERE ( grdid=3 ) LIMIT 1   [ RunTime:0.000131s ]
SQL: SHOW COLUMNS FROM `tb_xq` [ RunTime:0.002153s ]
SQL: SELECT * FROM `tb_xq` WHERE ( xqdq=1 ) LIMIT 1   [ RunTime:0.000605s ]
SQL: SELECT * FROM `tb_2014_std` inner join tb_2014_stdxqdm ON stdid=f_stdxqdm_stdid inner join tb_2014_stdxqcls ON stdid=f_stdxqcls_stdid inner join tb_2014_stdxqmj ON stdid=f_stdxqmj_stdid LEFT JOIN tb_stt ON f_std_sttid=sttid LEFT JOIN tb_grd ON f_std_grdid=grdid LEFT JOIN tb_2014_mj ON f_stdxqmj_mjid=mjid LEFT JOIN tb_bxxs ON f_mj_bxxsid=bxxsid LEFT JOIN tb_cc ON f_mj_ccid=ccid LEFT JOIN tb_kl ON f_mj_klid=klid LEFT JOIN tb_xxxs ON f_mj_xxxsid=xxxsid LEFT JOIN tb_zsfw ON f_mj_zsfwid=zsfwid LEFT JOIN tb_xz ON f_mj_xzid=xzid LEFT JOIN tb_2014_cls ON f_stdxqcls_clsid=clsid LEFT JOIN tb_dm ON f_stdxqdm_dmid=dmid LEFT JOIN tb_sex ON f_std_sexid=sexid LEFT JOIN tb_rc ON f_std_rcid=rcid LEFT JOIN tb_zzmm ON f_std_zzmmid=zzmmid LEFT JOIN tb_xl ON f_std_xlid=xlid LEFT JOIN tb_stat ON f_std_statid=statid LEFT JOIN tb_xq ON f_stdxqcls_xqid=xqid WHERE ( f_stdxqcls_xqid=3 AND f_stdxqmj_xqid=3 AND f_stdxqdm_xqid=3 AND stdid=631 ) LIMIT 1   [ RunTime:0.000274s ]
NOTIC: [2] Missing argument 1 for KZMBAction::setkzmb(), called in D:\Program Files\Apache Software Foundation\Apache2.2\htdocs\xx\std\Lib\Action\CjzxAction.class.php on line 53 and defined D:\Program Files\Apache Software Foundation\Apache2.2\htdocs\xx\std\Lib\KZMB\KZMBAction.class.php 第 3 行.
SQL: SELECT * FROM `tb_grd` WHERE ( grdid=3 ) LIMIT 1   [ RunTime:0.000141s ]
SQL: SHOW COLUMNS FROM `tb_2014_stdbtn` [ RunTime:0.003331s ]
SQL: SELECT * FROM `tb_2014_stdbtn` WHERE ( f_stdbtn_stdid=631 AND stdbtnnm='lft' ) LIMIT 1   [ RunTime:0.000531s ]
SQL: SELECT * FROM `tb_2014_stdbtn` WHERE ( f_stdbtn_stdid=631 AND stdbtnnm='lft' ) LIMIT 1   [ RunTime:0.000136s ]
SQL: SELECT * FROM `tb_2014_stdbtn` WHERE ( f_stdbtn_stdid=631 AND stdbtnnm='bs' ) LIMIT 1   [ RunTime:0.000134s ]
SQL: SELECT * FROM `tb_2014_stdbtn` WHERE ( f_stdbtn_stdid=631 AND stdbtnnm='bs' ) LIMIT 1   [ RunTime:0.000124s ]
SQL: SELECT * FROM `tb_grd` WHERE ( grdid=3 ) LIMIT 1   [ RunTime:0.000121s ]
SQL: SHOW COLUMNS FROM `tb_2014_cjzx` [ RunTime:0.002716s ]
SQL: SELECT * FROM `tb_2014_cjzx` LEFT JOIN tb_xq ON f_cjzx_xqid=xqid LEFT JOIN tb_2014_pk ON f_cjzx_pkid=pkid LEFT JOIN tb_2014_kc ON f_pk_kcid=kcid LEFT JOIN tb_tcr ON f_pk_tcrid=tcrid WHERE ( f_cjzx_grdid=3 AND f_cjzx_stdid=631 ) ORDER BY xqnm ASC,pkzkkm ASC,kcnm ASC  [ RunTime:0.009904s ]
NOTIC: [8] Undefined offset:  0 D:\Program Files\Apache Software Foundation\Apache2.2\htdocs\xx\std\Lib\Action\CjzxAction.class.php 第 69 行.
NOTIC: [8] Undefined offset:  0 D:\Program Files\Apache Software Foundation\Apache2.2\htdocs\xx\std\Lib\Action\CjzxAction.class.php 第 69 行.
NOTIC: [8] Undefined offset:  0 D:\Program Files\Apache Software Foundation\Apache2.2\htdocs\xx\std\Lib\Action\CjzxAction.class.php 第 69 行.
NOTIC: [8] Undefined offset:  0 D:\Program Files\Apache Software Foundation\Apache2.2\htdocs\xx\std\Lib\Action\CjzxAction.class.php 第 69 行.
NOTIC: [8] Undefined offset:  0 D:\Program Files\Apache Software Foundation\Apache2.2\htdocs\xx\std\Lib\Action\CjzxAction.class.php 第 69 行.
NOTIC: [8] Undefined offset:  0 D:\Program Files\Apache Software Foundation\Apache2.2\htdocs\xx\std\Lib\Action\CjzxAction.class.php 第 69 行.
NOTIC: [8] Undefined offset:  0 D:\Program Files\Apache Software Foundation\Apache2.2\htdocs\xx\std\Lib\Action\CjzxAction.class.php 第 69 行.
NOTIC: [8] Undefined offset:  0 D:\Program Files\Apache Software Foundation\Apache2.2\htdocs\xx\std\Lib\Action\CjzxAction.class.php 第 69 行.
INFO: [ view_parse ] --START--
NOTIC: [8] Undefined variable: ntfstr D:\Program Files\Apache Software Foundation\Apache2.2\htdocs\xx\std\Runtime\Cache\3c9201cb49d6fb696888bdc9b0f62315.php 第 61 行.
NOTIC: [8] Undefined index:  stdnn D:\Program Files\Apache Software Foundation\Apache2.2\htdocs\xx\std\Runtime\Cache\3c9201cb49d6fb696888bdc9b0f62315.php 第 84 行.
NOTIC: [8] Undefined variable: cxcjcls D:\Program Files\Apache Software Foundation\Apache2.2\htdocs\xx\std\Runtime\Cache\3c9201cb49d6fb696888bdc9b0f62315.php 第 156 行.
INFO: ParseTemplate Behavior ::run [ RunTime:0.055655s ]
INFO: [ view_parse ] --END-- [ RunTime:0.055801s ]
INFO: [ view_filter ] --START--
INFO: ContentReplace Behavior ::run [ RunTime:0.000904s ]
INFO: TokenBuild Behavior ::run [ RunTime:0.000832s ]
INFO: WriteHtmlCache Behavior ::run [ RunTime:0.006880s ]
INFO: ShowRuntime Behavior ::run [ RunTime:0.007310s ]
INFO: [ view_filter ] --END-- [ RunTime:0.016235s ]
INFO: [ view_end ] --START--
INFO: ShowPageTrace Behavior ::run [ RunTime:0.007470s ]
INFO: [ view_end ] --END-- [ RunTime:0.007584s ]

[ 2015-09-13T07:08:20+08:00 ] 120.199.57.188 /xx/std.php/Std/loginout
INFO: [ route_check ] --START--
INFO: CheckRoute Behavior ::run [ RunTime:0.006428s ]
INFO: [ route_check ] --END-- [ RunTime:0.006588s ]
INFO: [ app_begin ] --START--
INFO: ReadHtmlCache Behavior ::run [ RunTime:0.001116s ]
INFO: [ app_begin ] --END-- [ RunTime:0.001222s ]

[ 2015-09-13T07:08:22+08:00 ] 120.199.57.188 /xx/std.php
INFO: [ app_begin ] --START--
INFO: ReadHtmlCache Behavior ::run [ RunTime:0.001140s ]
INFO: [ app_begin ] --END-- [ RunTime:0.001290s ]
INFO: [ view_parse ] --START--
INFO: ParseTemplate Behavior ::run [ RunTime:0.039556s ]
INFO: [ view_parse ] --END-- [ RunTime:0.039711s ]
INFO: [ view_filter ] --START--
INFO: ContentReplace Behavior ::run [ RunTime:0.000860s ]
INFO: TokenBuild Behavior ::run [ RunTime:0.000820s ]
INFO: WriteHtmlCache Behavior ::run [ RunTime:0.007002s ]
INFO: ShowRuntime Behavior ::run [ RunTime:0.007179s ]
INFO: [ view_filter ] --END-- [ RunTime:0.016176s ]
INFO: [ view_end ] --START--
INFO: ShowPageTrace Behavior ::run [ RunTime:0.008102s ]
INFO: [ view_end ] --END-- [ RunTime:0.008227s ]

[ 2015-09-13T10:59:22+08:00 ] 68.180.228.176 /xx/std.php
INFO: [ app_begin ] --START--
INFO: ReadHtmlCache Behavior ::run [ RunTime:0.004353s ]
INFO: [ app_begin ] --END-- [ RunTime:0.004512s ]
INFO: [ view_parse ] --START--
INFO: ParseTemplate Behavior ::run [ RunTime:0.057464s ]
INFO: [ view_parse ] --END-- [ RunTime:0.057638s ]
INFO: [ view_filter ] --START--
INFO: ContentReplace Behavior ::run [ RunTime:0.004060s ]
INFO: TokenBuild Behavior ::run [ RunTime:0.003983s ]
INFO: WriteHtmlCache Behavior ::run [ RunTime:0.004934s ]
INFO: ShowRuntime Behavior ::run [ RunTime:0.004157s ]
INFO: [ view_filter ] --END-- [ RunTime:0.017471s ]
INFO: [ view_end ] --START--
INFO: ShowPageTrace Behavior ::run [ RunTime:0.007472s ]
INFO: [ view_end ] --END-- [ RunTime:0.007587s ]

[ 2015-09-13T13:17:16+08:00 ] 172.27.149.205 /xx/std.php
INFO: [ app_begin ] --START--
INFO: ReadHtmlCache Behavior ::run [ RunTime:0.001210s ]
INFO: [ app_begin ] --END-- [ RunTime:0.001342s ]
INFO: [ view_parse ] --START--
INFO: ParseTemplate Behavior ::run [ RunTime:0.040114s ]
INFO: [ view_parse ] --END-- [ RunTime:0.040276s ]
INFO: [ view_filter ] --START--
INFO: ContentReplace Behavior ::run [ RunTime:0.000875s ]
INFO: TokenBuild Behavior ::run [ RunTime:0.000823s ]
INFO: WriteHtmlCache Behavior ::run [ RunTime:0.000625s ]
INFO: ShowRuntime Behavior ::run [ RunTime:0.007198s ]
INFO: [ view_filter ] --END-- [ RunTime:0.009834s ]
INFO: [ view_end ] --START--
INFO: ShowPageTrace Behavior ::run [ RunTime:0.007920s ]
INFO: [ view_end ] --END-- [ RunTime:0.008048s ]

[ 2015-09-13T13:43:23+08:00 ] 172.27.149.205 /xx/std.php
INFO: [ app_begin ] --START--
INFO: ReadHtmlCache Behavior ::run [ RunTime:0.007853s ]
INFO: [ app_begin ] --END-- [ RunTime:0.008011s ]
INFO: [ view_parse ] --START--
INFO: ParseTemplate Behavior ::run [ RunTime:0.063183s ]
INFO: [ view_parse ] --END-- [ RunTime:0.063342s ]
INFO: [ view_filter ] --START--
INFO: ContentReplace Behavior ::run [ RunTime:0.020552s ]
INFO: TokenBuild Behavior ::run [ RunTime:0.007603s ]
INFO: WriteHtmlCache Behavior ::run [ RunTime:0.008259s ]
INFO: ShowRuntime Behavior ::run [ RunTime:0.008418s ]
INFO: [ view_filter ] --END-- [ RunTime:0.045234s ]
INFO: [ view_end ] --START--
INFO: ShowPageTrace Behavior ::run [ RunTime:0.010688s ]
INFO: [ view_end ] --END-- [ RunTime:0.010819s ]

