[ 2015-09-24T04:26:03+08:00 ] 66.249.67.106 /xx/std.php
INFO: [ app_begin ] --START--
INFO: ReadHtmlCache Behavior ::run [ RunTime:0.007501s ]
INFO: [ app_begin ] --END-- [ RunTime:0.007653s ]
INFO: [ view_parse ] --START--
INFO: ParseTemplate Behavior ::run [ RunTime:0.047923s ]
INFO: [ view_parse ] --END-- [ RunTime:0.048080s ]
INFO: [ view_filter ] --START--
INFO: ContentReplace Behavior ::run [ RunTime:0.004072s ]
INFO: TokenBuild Behavior ::run [ RunTime:0.004316s ]
INFO: WriteHtmlCache Behavior ::run [ RunTime:0.003795s ]
INFO: ShowRuntime Behavior ::run [ RunTime:0.004119s ]
INFO: [ view_filter ] --END-- [ RunTime:0.016623s ]
INFO: [ view_end ] --START--
INFO: ShowPageTrace Behavior ::run [ RunTime:0.007643s ]
INFO: [ view_end ] --END-- [ RunTime:0.007763s ]

[ 2015-09-24T04:50:42+08:00 ] 66.249.67.106 /xx/std.php
INFO: [ app_begin ] --START--
INFO: ReadHtmlCache Behavior ::run [ RunTime:0.008144s ]
INFO: [ app_begin ] --END-- [ RunTime:0.008304s ]
INFO: [ view_parse ] --START--
INFO: ParseTemplate Behavior ::run [ RunTime:0.084981s ]
INFO: [ view_parse ] --END-- [ RunTime:0.085159s ]
INFO: [ view_filter ] --START--
INFO: ContentReplace Behavior ::run [ RunTime:0.007172s ]
INFO: TokenBuild Behavior ::run [ RunTime:0.007120s ]
INFO: WriteHtmlCache Behavior ::run [ RunTime:0.006872s ]
INFO: ShowRuntime Behavior ::run [ RunTime:0.007313s ]
INFO: [ view_filter ] --END-- [ RunTime:0.029284s ]
INFO: [ view_end ] --START--
INFO: ShowPageTrace Behavior ::run [ RunTime:0.007470s ]
INFO: [ view_end ] --END-- [ RunTime:0.007943s ]

[ 2015-09-24T06:50:54+08:00 ] 66.249.67.112 /xx/std.php
INFO: [ app_begin ] --START--
INFO: ReadHtmlCache Behavior ::run [ RunTime:0.007970s ]
INFO: [ app_begin ] --END-- [ RunTime:0.008152s ]
INFO: [ view_parse ] --START--
INFO: ParseTemplate Behavior ::run [ RunTime:0.061814s ]
INFO: [ view_parse ] --END-- [ RunTime:0.061979s ]
INFO: [ view_filter ] --START--
INFO: ContentReplace Behavior ::run [ RunTime:0.007321s ]
INFO: TokenBuild Behavior ::run [ RunTime:0.007069s ]
INFO: WriteHtmlCache Behavior ::run [ RunTime:0.007135s ]
INFO: ShowRuntime Behavior ::run [ RunTime:0.007267s ]
INFO: [ view_filter ] --END-- [ RunTime:0.029121s ]
INFO: [ view_end ] --START--
INFO: ShowPageTrace Behavior ::run [ RunTime:0.008419s ]
INFO: [ view_end ] --END-- [ RunTime:0.008555s ]

[ 2015-09-24T15:08:43+08:00 ] 157.55.39.77 /xx/std.php
INFO: [ app_begin ] --START--
INFO: ReadHtmlCache Behavior ::run [ RunTime:0.004344s ]
INFO: [ app_begin ] --END-- [ RunTime:0.004502s ]
INFO: [ view_parse ] --START--
INFO: ParseTemplate Behavior ::run [ RunTime:0.060683s ]
INFO: [ view_parse ] --END-- [ RunTime:0.060841s ]
INFO: [ view_filter ] --START--
INFO: ContentReplace Behavior ::run [ RunTime:0.007140s ]
INFO: TokenBuild Behavior ::run [ RunTime:0.007110s ]
INFO: WriteHtmlCache Behavior ::run [ RunTime:0.007176s ]
INFO: ShowRuntime Behavior ::run [ RunTime:0.007246s ]
INFO: [ view_filter ] --END-- [ RunTime:0.028992s ]
INFO: [ view_end ] --START--
INFO: ShowPageTrace Behavior ::run [ RunTime:0.008198s ]
INFO: [ view_end ] --END-- [ RunTime:0.008328s ]

