[ 2015-09-17T12:48:45+08:00 ] 211.89.227.36 /xx/std.php
INFO: [ app_begin ] --START--
INFO: ReadHtmlCache Behavior ::run [ RunTime:0.001162s ]
INFO: [ app_begin ] --END-- [ RunTime:0.001317s ]
INFO: [ view_parse ] --START--
INFO: ParseTemplate Behavior ::run [ RunTime:0.036671s ]
INFO: [ view_parse ] --END-- [ RunTime:0.036833s ]
INFO: [ view_filter ] --START--
INFO: ContentReplace Behavior ::run [ RunTime:0.005575s ]
INFO: TokenBuild Behavior ::run [ RunTime:0.000823s ]
INFO: WriteHtmlCache Behavior ::run [ RunTime:0.000635s ]
INFO: ShowRuntime Behavior ::run [ RunTime:0.002558s ]
INFO: [ view_filter ] --END-- [ RunTime:0.009909s ]
INFO: [ view_end ] --START--
INFO: ShowPageTrace Behavior ::run [ RunTime:0.007515s ]
INFO: [ view_end ] --END-- [ RunTime:0.007631s ]

[ 2015-09-17T17:34:56+08:00 ] 68.180.228.176 /xx/std.php
INFO: [ app_begin ] --START--
INFO: ReadHtmlCache Behavior ::run [ RunTime:0.008198s ]
INFO: [ app_begin ] --END-- [ RunTime:0.008361s ]
INFO: [ view_parse ] --START--
INFO: ParseTemplate Behavior ::run [ RunTime:0.059255s ]
INFO: [ view_parse ] --END-- [ RunTime:0.059419s ]
INFO: [ view_filter ] --START--
INFO: ContentReplace Behavior ::run [ RunTime:0.007219s ]
INFO: TokenBuild Behavior ::run [ RunTime:0.007092s ]
INFO: WriteHtmlCache Behavior ::run [ RunTime:0.006935s ]
INFO: ShowRuntime Behavior ::run [ RunTime:0.007274s ]
INFO: [ view_filter ] --END-- [ RunTime:0.028848s ]
INFO: [ view_end ] --START--
INFO: ShowPageTrace Behavior ::run [ RunTime:0.007475s ]
INFO: [ view_end ] --END-- [ RunTime:0.007590s ]

