[ 2015-09-23T15:06:45+08:00 ] 124.160.209.72 /xx/std.php
INFO: [ app_begin ] --START--
INFO: ReadHtmlCache Behavior ::run [ RunTime:0.001185s ]
INFO: [ app_begin ] --END-- [ RunTime:0.001347s ]
INFO: [ view_parse ] --START--
INFO: ParseTemplate Behavior ::run [ RunTime:0.039931s ]
INFO: [ view_parse ] --END-- [ RunTime:0.040095s ]
INFO: [ view_filter ] --START--
INFO: ContentReplace Behavior ::run [ RunTime:0.000886s ]
INFO: TokenBuild Behavior ::run [ RunTime:0.000820s ]
INFO: WriteHtmlCache Behavior ::run [ RunTime:0.002210s ]
INFO: ShowRuntime Behavior ::run [ RunTime:0.007341s ]
INFO: [ view_filter ] --END-- [ RunTime:0.011578s ]
INFO: [ view_end ] --START--
INFO: ShowPageTrace Behavior ::run [ RunTime:0.007455s ]
INFO: [ view_end ] --END-- [ RunTime:0.007570s ]

[ 2015-09-23T15:07:12+08:00 ] 124.160.209.72 /xx/std.php/Std/loginin
INFO: [ route_check ] --START--
INFO: CheckRoute Behavior ::run [ RunTime:0.007881s ]
INFO: [ route_check ] --END-- [ RunTime:0.008034s ]
INFO: [ app_begin ] --START--
INFO: ReadHtmlCache Behavior ::run [ RunTime:0.007339s ]
INFO: [ app_begin ] --END-- [ RunTime:0.007451s ]
SQL: SHOW COLUMNS FROM `tb_grd` [ RunTime:0.002295s ]
SQL: SELECT * FROM `tb_grd` ORDER BY grdnm DESC  [ RunTime:0.000597s ]
SQL: SHOW COLUMNS FROM `tb_2015_std` [ RunTime:0.004031s ]
SQL: SELECT * FROM `tb_2015_std` LEFT JOIN tb_grd ON f_std_grdid=grdid WHERE ( stdnm='杨凯军' ) LIMIT 1   [ RunTime:0.002235s ]
SQL: SHOW COLUMNS FROM `tb_2014_std` [ RunTime:0.003447s ]
SQL: SELECT * FROM `tb_2014_std` LEFT JOIN tb_grd ON f_std_grdid=grdid WHERE ( stdnm='杨凯军' ) LIMIT 1   [ RunTime:0.003799s ]
SQL: SHOW COLUMNS FROM `tb_2013_std` [ RunTime:0.004180s ]
SQL: SELECT * FROM `tb_2013_std` LEFT JOIN tb_grd ON f_std_grdid=grdid WHERE ( stdnm='杨凯军' ) LIMIT 1   [ RunTime:0.001908s ]
SQL: SHOW COLUMNS FROM `tb_2012_std` [ RunTime:0.002935s ]
ERR: 1146:Table 'db_xx.tb_2012_std' doesn't exist
 [ SQL语句 ] : SHOW COLUMNS FROM `tb_2012_std`
SQL: SELECT * FROM `tb_2012_std` LEFT JOIN tb_grd ON f_std_grdid=grdid WHERE ( stdnm='杨凯军' ) LIMIT 1   [ RunTime:0.000560s ]
ERR: 1146:Table 'db_xx.tb_2012_std' doesn't exist
 [ SQL语句 ] : SELECT * FROM `tb_2012_std` LEFT JOIN tb_grd ON f_std_grdid=grdid WHERE ( stdnm='杨凯军' ) LIMIT 1  

[ 2015-09-23T15:07:23+08:00 ] 124.160.209.72 /xx/std.php/Std/loginin
INFO: [ route_check ] --START--
INFO: CheckRoute Behavior ::run [ RunTime:0.004974s ]
INFO: [ route_check ] --END-- [ RunTime:0.005127s ]
INFO: [ app_begin ] --START--
INFO: ReadHtmlCache Behavior ::run [ RunTime:0.004259s ]
INFO: [ app_begin ] --END-- [ RunTime:0.004368s ]
SQL: SHOW COLUMNS FROM `tb_grd` [ RunTime:0.002288s ]
SQL: SELECT * FROM `tb_grd` ORDER BY grdnm DESC  [ RunTime:0.000576s ]
SQL: SHOW COLUMNS FROM `tb_2015_std` [ RunTime:0.003583s ]
SQL: SELECT * FROM `tb_2015_std` LEFT JOIN tb_grd ON f_std_grdid=grdid WHERE ( stdnm='杨凯军' ) LIMIT 1   [ RunTime:0.000233s ]
SQL: SHOW COLUMNS FROM `tb_2014_std` [ RunTime:0.003686s ]
SQL: SELECT * FROM `tb_2014_std` LEFT JOIN tb_grd ON f_std_grdid=grdid WHERE ( stdnm='杨凯军' ) LIMIT 1   [ RunTime:0.000209s ]
SQL: SHOW COLUMNS FROM `tb_2013_std` [ RunTime:0.003580s ]
SQL: SELECT * FROM `tb_2013_std` LEFT JOIN tb_grd ON f_std_grdid=grdid WHERE ( stdnm='杨凯军' ) LIMIT 1   [ RunTime:0.000203s ]
SQL: SHOW COLUMNS FROM `tb_2012_std` [ RunTime:0.003028s ]
ERR: 1146:Table 'db_xx.tb_2012_std' doesn't exist
 [ SQL语句 ] : SHOW COLUMNS FROM `tb_2012_std`
SQL: SELECT * FROM `tb_2012_std` LEFT JOIN tb_grd ON f_std_grdid=grdid WHERE ( stdnm='杨凯军' ) LIMIT 1   [ RunTime:0.000581s ]
ERR: 1146:Table 'db_xx.tb_2012_std' doesn't exist
 [ SQL语句 ] : SELECT * FROM `tb_2012_std` LEFT JOIN tb_grd ON f_std_grdid=grdid WHERE ( stdnm='杨凯军' ) LIMIT 1  

[ 2015-09-23T15:07:34+08:00 ] 124.160.209.72 /xx/std.php/Std/loginin
INFO: [ route_check ] --START--
INFO: CheckRoute Behavior ::run [ RunTime:0.002137s ]
INFO: [ route_check ] --END-- [ RunTime:0.002304s ]
INFO: [ app_begin ] --START--
INFO: ReadHtmlCache Behavior ::run [ RunTime:0.001157s ]
INFO: [ app_begin ] --END-- [ RunTime:0.001266s ]
SQL: SHOW COLUMNS FROM `tb_grd` [ RunTime:0.002280s ]
SQL: SELECT * FROM `tb_grd` ORDER BY grdnm DESC  [ RunTime:0.000599s ]
SQL: SHOW COLUMNS FROM `tb_2015_std` [ RunTime:0.003547s ]
SQL: SELECT * FROM `tb_2015_std` LEFT JOIN tb_grd ON f_std_grdid=grdid WHERE ( stdnm='杨凯军' ) LIMIT 1   [ RunTime:0.000211s ]
SQL: SHOW COLUMNS FROM `tb_2014_std` [ RunTime:0.003391s ]
SQL: SELECT * FROM `tb_2014_std` LEFT JOIN tb_grd ON f_std_grdid=grdid WHERE ( stdnm='杨凯军' ) LIMIT 1   [ RunTime:0.000220s ]
SQL: SHOW COLUMNS FROM `tb_2013_std` [ RunTime:0.003557s ]
SQL: SELECT * FROM `tb_2013_std` LEFT JOIN tb_grd ON f_std_grdid=grdid WHERE ( stdnm='杨凯军' ) LIMIT 1   [ RunTime:0.000222s ]
SQL: SHOW COLUMNS FROM `tb_2012_std` [ RunTime:0.003521s ]
ERR: 1146:Table 'db_xx.tb_2012_std' doesn't exist
 [ SQL语句 ] : SHOW COLUMNS FROM `tb_2012_std`
SQL: SELECT * FROM `tb_2012_std` LEFT JOIN tb_grd ON f_std_grdid=grdid WHERE ( stdnm='杨凯军' ) LIMIT 1   [ RunTime:0.000607s ]
ERR: 1146:Table 'db_xx.tb_2012_std' doesn't exist
 [ SQL语句 ] : SELECT * FROM `tb_2012_std` LEFT JOIN tb_grd ON f_std_grdid=grdid WHERE ( stdnm='杨凯军' ) LIMIT 1  

[ 2015-09-23T15:07:35+08:00 ] 124.160.209.72 /xx/std.php/Std/loginin
INFO: [ route_check ] --START--
INFO: CheckRoute Behavior ::run [ RunTime:0.008514s ]
INFO: [ route_check ] --END-- [ RunTime:0.008674s ]
INFO: [ app_begin ] --START--
INFO: ReadHtmlCache Behavior ::run [ RunTime:0.007401s ]
INFO: [ app_begin ] --END-- [ RunTime:0.007514s ]
SQL: SHOW COLUMNS FROM `tb_grd` [ RunTime:0.002275s ]
SQL: SELECT * FROM `tb_grd` ORDER BY grdnm DESC  [ RunTime:0.000591s ]
SQL: SHOW COLUMNS FROM `tb_2015_std` [ RunTime:0.003597s ]
SQL: SELECT * FROM `tb_2015_std` LEFT JOIN tb_grd ON f_std_grdid=grdid WHERE ( stdnm='杨凯军' ) LIMIT 1   [ RunTime:0.000212s ]
SQL: SHOW COLUMNS FROM `tb_2014_std` [ RunTime:0.003624s ]
SQL: SELECT * FROM `tb_2014_std` LEFT JOIN tb_grd ON f_std_grdid=grdid WHERE ( stdnm='杨凯军' ) LIMIT 1   [ RunTime:0.000198s ]
SQL: SHOW COLUMNS FROM `tb_2013_std` [ RunTime:0.003631s ]
SQL: SELECT * FROM `tb_2013_std` LEFT JOIN tb_grd ON f_std_grdid=grdid WHERE ( stdnm='杨凯军' ) LIMIT 1   [ RunTime:0.000201s ]
SQL: SHOW COLUMNS FROM `tb_2012_std` [ RunTime:0.002920s ]
ERR: 1146:Table 'db_xx.tb_2012_std' doesn't exist
 [ SQL语句 ] : SHOW COLUMNS FROM `tb_2012_std`
SQL: SELECT * FROM `tb_2012_std` LEFT JOIN tb_grd ON f_std_grdid=grdid WHERE ( stdnm='杨凯军' ) LIMIT 1   [ RunTime:0.000574s ]
ERR: 1146:Table 'db_xx.tb_2012_std' doesn't exist
 [ SQL语句 ] : SELECT * FROM `tb_2012_std` LEFT JOIN tb_grd ON f_std_grdid=grdid WHERE ( stdnm='杨凯军' ) LIMIT 1  

[ 2015-09-23T15:07:35+08:00 ] 124.160.209.72 /xx/std.php/Std/loginin
INFO: [ route_check ] --START--
INFO: CheckRoute Behavior ::run [ RunTime:0.007925s ]
INFO: [ route_check ] --END-- [ RunTime:0.008086s ]
INFO: [ app_begin ] --START--
INFO: ReadHtmlCache Behavior ::run [ RunTime:0.008024s ]
INFO: [ app_begin ] --END-- [ RunTime:0.008150s ]
SQL: SHOW COLUMNS FROM `tb_grd` [ RunTime:0.002269s ]
SQL: SELECT * FROM `tb_grd` ORDER BY grdnm DESC  [ RunTime:0.000601s ]
SQL: SHOW COLUMNS FROM `tb_2015_std` [ RunTime:0.003596s ]
SQL: SELECT * FROM `tb_2015_std` LEFT JOIN tb_grd ON f_std_grdid=grdid WHERE ( stdnm='杨凯军' ) LIMIT 1   [ RunTime:0.000311s ]
SQL: SHOW COLUMNS FROM `tb_2014_std` [ RunTime:0.003631s ]
SQL: SELECT * FROM `tb_2014_std` LEFT JOIN tb_grd ON f_std_grdid=grdid WHERE ( stdnm='杨凯军' ) LIMIT 1   [ RunTime:0.000199s ]
SQL: SHOW COLUMNS FROM `tb_2013_std` [ RunTime:0.003547s ]
SQL: SELECT * FROM `tb_2013_std` LEFT JOIN tb_grd ON f_std_grdid=grdid WHERE ( stdnm='杨凯军' ) LIMIT 1   [ RunTime:0.000216s ]
SQL: SHOW COLUMNS FROM `tb_2012_std` [ RunTime:0.002930s ]
ERR: 1146:Table 'db_xx.tb_2012_std' doesn't exist
 [ SQL语句 ] : SHOW COLUMNS FROM `tb_2012_std`
SQL: SELECT * FROM `tb_2012_std` LEFT JOIN tb_grd ON f_std_grdid=grdid WHERE ( stdnm='杨凯军' ) LIMIT 1   [ RunTime:0.000571s ]
ERR: 1146:Table 'db_xx.tb_2012_std' doesn't exist
 [ SQL语句 ] : SELECT * FROM `tb_2012_std` LEFT JOIN tb_grd ON f_std_grdid=grdid WHERE ( stdnm='杨凯军' ) LIMIT 1  

[ 2015-09-23T15:07:36+08:00 ] 124.160.209.72 /xx/std.php/Std/loginin
INFO: [ route_check ] --START--
INFO: CheckRoute Behavior ::run [ RunTime:0.010274s ]
INFO: [ route_check ] --END-- [ RunTime:0.010467s ]
INFO: [ app_begin ] --START--
INFO: ReadHtmlCache Behavior ::run [ RunTime:0.008475s ]
INFO: [ app_begin ] --END-- [ RunTime:0.008623s ]
SQL: SHOW COLUMNS FROM `tb_grd` [ RunTime:0.002285s ]
SQL: SELECT * FROM `tb_grd` ORDER BY grdnm DESC  [ RunTime:0.000591s ]
SQL: SHOW COLUMNS FROM `tb_2015_std` [ RunTime:0.003582s ]
SQL: SELECT * FROM `tb_2015_std` LEFT JOIN tb_grd ON f_std_grdid=grdid WHERE ( stdnm='杨凯军' ) LIMIT 1   [ RunTime:0.000215s ]
SQL: SHOW COLUMNS FROM `tb_2014_std` [ RunTime:0.003550s ]
SQL: SELECT * FROM `tb_2014_std` LEFT JOIN tb_grd ON f_std_grdid=grdid WHERE ( stdnm='杨凯军' ) LIMIT 1   [ RunTime:0.000236s ]
SQL: SHOW COLUMNS FROM `tb_2013_std` [ RunTime:0.003652s ]
SQL: SELECT * FROM `tb_2013_std` LEFT JOIN tb_grd ON f_std_grdid=grdid WHERE ( stdnm='杨凯军' ) LIMIT 1   [ RunTime:0.000210s ]
SQL: SHOW COLUMNS FROM `tb_2012_std` [ RunTime:0.002918s ]
ERR: 1146:Table 'db_xx.tb_2012_std' doesn't exist
 [ SQL语句 ] : SHOW COLUMNS FROM `tb_2012_std`
SQL: SELECT * FROM `tb_2012_std` LEFT JOIN tb_grd ON f_std_grdid=grdid WHERE ( stdnm='杨凯军' ) LIMIT 1   [ RunTime:0.000575s ]
ERR: 1146:Table 'db_xx.tb_2012_std' doesn't exist
 [ SQL语句 ] : SELECT * FROM `tb_2012_std` LEFT JOIN tb_grd ON f_std_grdid=grdid WHERE ( stdnm='杨凯军' ) LIMIT 1  

[ 2015-09-23T15:07:38+08:00 ] 124.160.209.72 /xx/std.php
INFO: [ app_begin ] --START--
INFO: ReadHtmlCache Behavior ::run [ RunTime:0.001146s ]
INFO: [ app_begin ] --END-- [ RunTime:0.001296s ]
INFO: [ view_parse ] --START--
INFO: ParseTemplate Behavior ::run [ RunTime:0.061237s ]
INFO: [ view_parse ] --END-- [ RunTime:0.061394s ]
INFO: [ view_filter ] --START--
INFO: ContentReplace Behavior ::run [ RunTime:0.007294s ]
INFO: TokenBuild Behavior ::run [ RunTime:0.007121s ]
INFO: WriteHtmlCache Behavior ::run [ RunTime:0.007027s ]
INFO: ShowRuntime Behavior ::run [ RunTime:0.007255s ]
INFO: [ view_filter ] --END-- [ RunTime:0.029023s ]
INFO: [ view_end ] --START--
INFO: ShowPageTrace Behavior ::run [ RunTime:0.007697s ]
INFO: [ view_end ] --END-- [ RunTime:0.007815s ]

