[ 2015-07-06T08:14:34+08:00 ] 127.0.0.1 /xx/std.php
INFO: [ app_begin ] --START--
INFO: ReadHtmlCache Behavior ::run [ RunTime:0.001025s ]
INFO: [ app_begin ] --END-- [ RunTime:0.001197s ]
SQL: SHOW COLUMNS FROM `tb_grd` [ RunTime:0.003769s ]
SQL: SELECT * FROM `tb_grd` WHERE ( grdid=3 ) LIMIT 1   [ RunTime:0.000348s ]
SQL: SHOW COLUMNS FROM `tb_2014_std` [ RunTime:0.021227s ]
SQL: SELECT * FROM `tb_2014_std` WHERE ( stdid=2 ) LIMIT 1   [ RunTime:0.014047s ]
SQL: SELECT * FROM `tb_grd` WHERE ( grdid=3 ) LIMIT 1   [ RunTime:0.000392s ]
SQL: SHOW COLUMNS FROM `tb_xq` [ RunTime:0.003969s ]
SQL: SELECT * FROM `tb_xq` WHERE ( xqdq=1 ) LIMIT 1   [ RunTime:0.000331s ]
SQL: SELECT * FROM `tb_2014_std` inner join tb_2014_stdxqdm ON stdid=f_stdxqdm_stdid inner join tb_2014_stdxqcls ON stdid=f_stdxqcls_stdid inner join tb_2014_stdxqmj ON stdid=f_stdxqmj_stdid LEFT JOIN tb_stt ON f_std_sttid=sttid LEFT JOIN tb_grd ON f_std_grdid=grdid LEFT JOIN tb_2014_mj ON f_stdxqmj_mjid=mjid LEFT JOIN tb_bxxs ON f_mj_bxxsid=bxxsid LEFT JOIN tb_cc ON f_mj_ccid=ccid LEFT JOIN tb_kl ON f_mj_klid=klid LEFT JOIN tb_xxxs ON f_mj_xxxsid=xxxsid LEFT JOIN tb_zsfw ON f_mj_zsfwid=zsfwid LEFT JOIN tb_xz ON f_mj_xzid=xzid LEFT JOIN tb_2014_cls ON f_stdxqcls_clsid=clsid LEFT JOIN tb_dm ON f_stdxqdm_dmid=dmid LEFT JOIN tb_sex ON f_std_sexid=sexid LEFT JOIN tb_rc ON f_std_rcid=rcid LEFT JOIN tb_zzmm ON f_std_zzmmid=zzmmid LEFT JOIN tb_xl ON f_std_xlid=xlid LEFT JOIN tb_stat ON f_std_statid=statid LEFT JOIN tb_xq ON f_stdxqcls_xqid=xqid WHERE ( f_stdxqcls_xqid=2 AND f_stdxqmj_xqid=2 AND f_stdxqdm_xqid=2 AND stdid=2 ) LIMIT 1   [ RunTime:0.041663s ]
NOTIC: [2] Missing argument 1 for KZMBAction::setkzmb(), called in C:\wamp\www\xx\std\Lib\Action\IndexAction.class.php on line 23 and defined C:\wamp\www\xx\std\Lib\KZMB\KZMBAction.class.php 第 3 行.
SQL: SELECT * FROM `tb_grd` WHERE ( grdid=3 ) LIMIT 1   [ RunTime:0.000405s ]
SQL: SHOW COLUMNS FROM `tb_2014_stdbtn` [ RunTime:0.023677s ]
SQL: SELECT * FROM `tb_2014_stdbtn` WHERE ( f_stdbtn_stdid=2 AND stdbtnnm='lft' ) LIMIT 1   [ RunTime:0.007867s ]
SQL: SELECT * FROM `tb_2014_stdbtn` WHERE ( f_stdbtn_stdid=2 AND stdbtnnm='lft' ) LIMIT 1   [ RunTime:0.000334s ]
SQL: SELECT * FROM `tb_2014_stdbtn` WHERE ( f_stdbtn_stdid=2 AND stdbtnnm='bs' ) LIMIT 1   [ RunTime:0.000318s ]
SQL: SELECT * FROM `tb_2014_stdbtn` WHERE ( f_stdbtn_stdid=2 AND stdbtnnm='bs' ) LIMIT 1   [ RunTime:0.000299s ]
INFO: [ view_parse ] --START--
NOTIC: [8] Undefined variable: ntfstr C:\wamp\www\xx\std\Runtime\Cache\9c288f5594010517c700781ca130ef0a.php 第 61 行.
NOTIC: [8] Undefined index: stdnn C:\wamp\www\xx\std\Runtime\Cache\9c288f5594010517c700781ca130ef0a.php 第 84 行.
NOTIC: [8] Undefined variable: cxcjcls C:\wamp\www\xx\std\Runtime\Cache\9c288f5594010517c700781ca130ef0a.php 第 156 行.
INFO: ParseTemplate Behavior ::run [ RunTime:0.053447s ]
INFO: [ view_parse ] --END-- [ RunTime:0.053606s ]
INFO: [ view_filter ] --START--
INFO: ContentReplace Behavior ::run [ RunTime:0.000902s ]
INFO: TokenBuild Behavior ::run [ RunTime:0.000821s ]
INFO: WriteHtmlCache Behavior ::run [ RunTime:0.000664s ]
INFO: ShowRuntime Behavior ::run [ RunTime:0.000900s ]
INFO: [ view_filter ] --END-- [ RunTime:0.003631s ]
INFO: [ view_end ] --START--
INFO: ShowPageTrace Behavior ::run [ RunTime:0.000974s ]
INFO: [ view_end ] --END-- [ RunTime:0.001097s ]

[ 2015-07-06T08:14:39+08:00 ] 127.0.0.1 /xx/std.php/Std/loginout
INFO: [ route_check ] --START--
INFO: CheckRoute Behavior ::run [ RunTime:0.001083s ]
INFO: [ route_check ] --END-- [ RunTime:0.001231s ]
INFO: [ app_begin ] --START--
INFO: ReadHtmlCache Behavior ::run [ RunTime:0.000895s ]
INFO: [ app_begin ] --END-- [ RunTime:0.001003s ]

[ 2015-07-06T08:14:41+08:00 ] 127.0.0.1 /xx/std.php
INFO: [ app_begin ] --START--
INFO: ReadHtmlCache Behavior ::run [ RunTime:0.000908s ]
INFO: [ app_begin ] --END-- [ RunTime:0.001049s ]
INFO: [ view_parse ] --START--
INFO: ParseTemplate Behavior ::run [ RunTime:0.024446s ]
INFO: [ view_parse ] --END-- [ RunTime:0.024616s ]
INFO: [ view_filter ] --START--
INFO: ContentReplace Behavior ::run [ RunTime:0.000860s ]
INFO: TokenBuild Behavior ::run [ RunTime:0.000803s ]
INFO: WriteHtmlCache Behavior ::run [ RunTime:0.000641s ]
INFO: ShowRuntime Behavior ::run [ RunTime:0.000883s ]
INFO: [ view_filter ] --END-- [ RunTime:0.003529s ]
INFO: [ view_end ] --START--
INFO: ShowPageTrace Behavior ::run [ RunTime:0.000942s ]
INFO: [ view_end ] --END-- [ RunTime:0.001063s ]

[ 2015-07-06T08:15:41+08:00 ] 127.0.0.1 /xx/std.php/Std/loginin
INFO: [ route_check ] --START--
INFO: CheckRoute Behavior ::run [ RunTime:0.001102s ]
INFO: [ route_check ] --END-- [ RunTime:0.001254s ]
INFO: [ app_begin ] --START--
INFO: ReadHtmlCache Behavior ::run [ RunTime:0.001112s ]
INFO: [ app_begin ] --END-- [ RunTime:0.001225s ]
SQL: SHOW COLUMNS FROM `tb_grd` [ RunTime:0.003670s ]
SQL: SELECT * FROM `tb_grd` ORDER BY grdnm DESC  [ RunTime:0.000341s ]
SQL: SHOW COLUMNS FROM `tb_2015_std` [ RunTime:0.017536s ]
SQL: SELECT * FROM `tb_2015_std` LEFT JOIN tb_grd ON f_std_grdid=grdid WHERE ( stdnm='何品稹' ) LIMIT 1   [ RunTime:0.019513s ]
SQL: SHOW COLUMNS FROM `tb_2014_std` [ RunTime:0.004567s ]
SQL: SELECT * FROM `tb_2014_std` LEFT JOIN tb_grd ON f_std_grdid=grdid WHERE ( stdnm='何品稹' ) LIMIT 1   [ RunTime:0.000683s ]
SQL: SHOW COLUMNS FROM `tb_2013_std` [ RunTime:0.005026s ]
SQL: SELECT * FROM `tb_2013_std` LEFT JOIN tb_grd ON f_std_grdid=grdid WHERE ( stdnm='何品稹' ) LIMIT 1   [ RunTime:0.035563s ]
SQL: SHOW COLUMNS FROM `tb_2012_std` [ RunTime:0.028909s ]
ERR: 1146:Table 'db_xx.tb_2012_std' doesn't exist
 [ SQL语句 ] : SHOW COLUMNS FROM `tb_2012_std`
SQL: SELECT * FROM `tb_2012_std` LEFT JOIN tb_grd ON f_std_grdid=grdid WHERE ( stdnm='何品稹' ) LIMIT 1   [ RunTime:0.000469s ]
ERR: 1146:Table 'db_xx.tb_2012_std' doesn't exist
 [ SQL语句 ] : SELECT * FROM `tb_2012_std` LEFT JOIN tb_grd ON f_std_grdid=grdid WHERE ( stdnm='何品稹' ) LIMIT 1  
SQL: SELECT * FROM `tb_2014_std` WHERE ( stdnm='何品稹' AND stdno='330624199702100403' AND f_std_statid=5 ) LIMIT 1   [ RunTime:0.003364s ]
SQL: SELECT * FROM `tb_2014_std` WHERE ( stdnm='何品稹' AND stdidcd='330624199702100403' ) LIMIT 1   [ RunTime:0.000495s ]
SQL: SELECT * FROM `tb_2014_std` WHERE ( stdnm='何品稹' AND stdidcd='330624199702100403' ) LIMIT 1   [ RunTime:0.000417s ]

[ 2015-07-06T08:15:42+08:00 ] 127.0.0.1 /xx/std.php
INFO: [ app_begin ] --START--
INFO: ReadHtmlCache Behavior ::run [ RunTime:0.000940s ]
INFO: [ app_begin ] --END-- [ RunTime:0.001086s ]
SQL: SHOW COLUMNS FROM `tb_grd` [ RunTime:0.003905s ]
SQL: SELECT * FROM `tb_grd` WHERE ( grdid=3 ) LIMIT 1   [ RunTime:0.000417s ]
SQL: SHOW COLUMNS FROM `tb_2014_std` [ RunTime:0.004598s ]
SQL: SELECT * FROM `tb_2014_std` WHERE ( stdid=2 ) LIMIT 1   [ RunTime:0.000603s ]
SQL: SELECT * FROM `tb_grd` WHERE ( grdid=3 ) LIMIT 1   [ RunTime:0.000367s ]
SQL: SHOW COLUMNS FROM `tb_xq` [ RunTime:0.003559s ]
SQL: SELECT * FROM `tb_xq` WHERE ( xqdq=1 ) LIMIT 1   [ RunTime:0.000318s ]
SQL: SELECT * FROM `tb_2014_std` inner join tb_2014_stdxqdm ON stdid=f_stdxqdm_stdid inner join tb_2014_stdxqcls ON stdid=f_stdxqcls_stdid inner join tb_2014_stdxqmj ON stdid=f_stdxqmj_stdid LEFT JOIN tb_stt ON f_std_sttid=sttid LEFT JOIN tb_grd ON f_std_grdid=grdid LEFT JOIN tb_2014_mj ON f_stdxqmj_mjid=mjid LEFT JOIN tb_bxxs ON f_mj_bxxsid=bxxsid LEFT JOIN tb_cc ON f_mj_ccid=ccid LEFT JOIN tb_kl ON f_mj_klid=klid LEFT JOIN tb_xxxs ON f_mj_xxxsid=xxxsid LEFT JOIN tb_zsfw ON f_mj_zsfwid=zsfwid LEFT JOIN tb_xz ON f_mj_xzid=xzid LEFT JOIN tb_2014_cls ON f_stdxqcls_clsid=clsid LEFT JOIN tb_dm ON f_stdxqdm_dmid=dmid LEFT JOIN tb_sex ON f_std_sexid=sexid LEFT JOIN tb_rc ON f_std_rcid=rcid LEFT JOIN tb_zzmm ON f_std_zzmmid=zzmmid LEFT JOIN tb_xl ON f_std_xlid=xlid LEFT JOIN tb_stat ON f_std_statid=statid LEFT JOIN tb_xq ON f_stdxqcls_xqid=xqid WHERE ( f_stdxqcls_xqid=2 AND f_stdxqmj_xqid=2 AND f_stdxqdm_xqid=2 AND stdid=2 ) LIMIT 1   [ RunTime:0.024772s ]
NOTIC: [2] Missing argument 1 for KZMBAction::setkzmb(), called in C:\wamp\www\xx\std\Lib\Action\IndexAction.class.php on line 23 and defined C:\wamp\www\xx\std\Lib\KZMB\KZMBAction.class.php 第 3 行.
SQL: SELECT * FROM `tb_grd` WHERE ( grdid=3 ) LIMIT 1   [ RunTime:0.000403s ]
SQL: SHOW COLUMNS FROM `tb_2014_stdbtn` [ RunTime:0.003806s ]
SQL: SELECT * FROM `tb_2014_stdbtn` WHERE ( f_stdbtn_stdid=2 AND stdbtnnm='lft' ) LIMIT 1   [ RunTime:0.000453s ]
SQL: SELECT * FROM `tb_2014_stdbtn` WHERE ( f_stdbtn_stdid=2 AND stdbtnnm='lft' ) LIMIT 1   [ RunTime:0.000279s ]
SQL: SELECT * FROM `tb_2014_stdbtn` WHERE ( f_stdbtn_stdid=2 AND stdbtnnm='bs' ) LIMIT 1   [ RunTime:0.000317s ]
SQL: SELECT * FROM `tb_2014_stdbtn` WHERE ( f_stdbtn_stdid=2 AND stdbtnnm='bs' ) LIMIT 1   [ RunTime:0.000295s ]
INFO: [ view_parse ] --START--
NOTIC: [8] Undefined variable: ntfstr C:\wamp\www\xx\std\Runtime\Cache\9c288f5594010517c700781ca130ef0a.php 第 61 行.
NOTIC: [8] Undefined index: stdnn C:\wamp\www\xx\std\Runtime\Cache\9c288f5594010517c700781ca130ef0a.php 第 84 行.
NOTIC: [8] Undefined variable: cxcjcls C:\wamp\www\xx\std\Runtime\Cache\9c288f5594010517c700781ca130ef0a.php 第 156 行.
INFO: ParseTemplate Behavior ::run [ RunTime:0.029007s ]
INFO: [ view_parse ] --END-- [ RunTime:0.029191s ]
INFO: [ view_filter ] --START--
INFO: ContentReplace Behavior ::run [ RunTime:0.000760s ]
INFO: TokenBuild Behavior ::run [ RunTime:0.000721s ]
INFO: WriteHtmlCache Behavior ::run [ RunTime:0.000557s ]
INFO: ShowRuntime Behavior ::run [ RunTime:0.000806s ]
INFO: [ view_filter ] --END-- [ RunTime:0.003185s ]
INFO: [ view_end ] --START--
INFO: ShowPageTrace Behavior ::run [ RunTime:0.000863s ]
INFO: [ view_end ] --END-- [ RunTime:0.000985s ]

[ 2015-07-06T08:15:46+08:00 ] 127.0.0.1 /xx/std.php/Std/gtxpg/x/center
INFO: [ route_check ] --START--
INFO: CheckRoute Behavior ::run [ RunTime:0.001003s ]
INFO: [ route_check ] --END-- [ RunTime:0.001149s ]
INFO: [ app_begin ] --START--
INFO: ReadHtmlCache Behavior ::run [ RunTime:0.000812s ]
INFO: [ app_begin ] --END-- [ RunTime:0.000941s ]
SQL: SHOW COLUMNS FROM `tb_grd` [ RunTime:0.012081s ]
SQL: SELECT * FROM `tb_grd` WHERE ( grdid=3 ) LIMIT 1   [ RunTime:0.000421s ]
SQL: SHOW COLUMNS FROM `tb_2014_std` [ RunTime:0.005035s ]
SQL: SELECT * FROM `tb_2014_std` WHERE ( stdid=2 ) LIMIT 1   [ RunTime:0.000626s ]
SQL: SELECT * FROM `tb_grd` WHERE ( grdid=3 ) LIMIT 1   [ RunTime:0.000317s ]
SQL: SHOW COLUMNS FROM `tb_xq` [ RunTime:0.003530s ]
SQL: SELECT * FROM `tb_xq` WHERE ( xqdq=1 ) LIMIT 1   [ RunTime:0.000318s ]
SQL: SELECT * FROM `tb_2014_std` inner join tb_2014_stdxqdm ON stdid=f_stdxqdm_stdid inner join tb_2014_stdxqcls ON stdid=f_stdxqcls_stdid inner join tb_2014_stdxqmj ON stdid=f_stdxqmj_stdid LEFT JOIN tb_stt ON f_std_sttid=sttid LEFT JOIN tb_grd ON f_std_grdid=grdid LEFT JOIN tb_2014_mj ON f_stdxqmj_mjid=mjid LEFT JOIN tb_bxxs ON f_mj_bxxsid=bxxsid LEFT JOIN tb_cc ON f_mj_ccid=ccid LEFT JOIN tb_kl ON f_mj_klid=klid LEFT JOIN tb_xxxs ON f_mj_xxxsid=xxxsid LEFT JOIN tb_zsfw ON f_mj_zsfwid=zsfwid LEFT JOIN tb_xz ON f_mj_xzid=xzid LEFT JOIN tb_2014_cls ON f_stdxqcls_clsid=clsid LEFT JOIN tb_dm ON f_stdxqdm_dmid=dmid LEFT JOIN tb_sex ON f_std_sexid=sexid LEFT JOIN tb_rc ON f_std_rcid=rcid LEFT JOIN tb_zzmm ON f_std_zzmmid=zzmmid LEFT JOIN tb_xl ON f_std_xlid=xlid LEFT JOIN tb_stat ON f_std_statid=statid LEFT JOIN tb_xq ON f_stdxqcls_xqid=xqid WHERE ( f_stdxqcls_xqid=2 AND f_stdxqmj_xqid=2 AND f_stdxqdm_xqid=2 AND stdid=2 ) LIMIT 1   [ RunTime:0.002344s ]
SQL: SHOW COLUMNS FROM `tb_md` [ RunTime:0.003773s ]
SQL: SELECT * FROM `tb_md` WHERE ( mdmk='Std' ) LIMIT 1   [ RunTime:0.000324s ]
SQL: SELECT * FROM `tb_grd` WHERE ( grdid=3 ) LIMIT 1   [ RunTime:0.000234s ]
SQL: SHOW COLUMNS FROM `tb_2014_stdbtn` [ RunTime:0.004180s ]
SQL: SELECT * FROM `tb_2014_stdbtn` WHERE ( f_stdbtn_stdid=2 AND stdbtnnm='lft' ) LIMIT 1   [ RunTime:0.000267s ]
SQL: SELECT * FROM `tb_2014_stdbtn` WHERE ( f_stdbtn_stdid=2 AND stdbtnnm='lft' ) LIMIT 1   [ RunTime:0.000340s ]
SQL: SELECT * FROM `tb_2014_stdbtn` WHERE ( f_stdbtn_stdid=2 AND stdbtnnm='bs' ) LIMIT 1   [ RunTime:0.000312s ]
SQL: SELECT * FROM `tb_2014_stdbtn` WHERE ( f_stdbtn_stdid=2 AND stdbtnnm='bs' ) LIMIT 1   [ RunTime:0.000337s ]
SQL: SELECT * FROM `tb_grd` WHERE ( grdid=3 ) LIMIT 1   [ RunTime:0.000357s ]
SQL: SELECT * FROM `tb_xq` WHERE ( xqdq=1 ) LIMIT 1   [ RunTime:0.000303s ]
SQL: SELECT * FROM `tb_2014_std` inner join tb_2014_stdxqdm ON stdid=f_stdxqdm_stdid inner join tb_2014_stdxqcls ON stdid=f_stdxqcls_stdid inner join tb_2014_stdxqmj ON stdid=f_stdxqmj_stdid LEFT JOIN tb_stt ON f_std_sttid=sttid LEFT JOIN tb_grd ON f_std_grdid=grdid LEFT JOIN tb_2014_mj ON f_stdxqmj_mjid=mjid LEFT JOIN tb_bxxs ON f_mj_bxxsid=bxxsid LEFT JOIN tb_cc ON f_mj_ccid=ccid LEFT JOIN tb_kl ON f_mj_klid=klid LEFT JOIN tb_xxxs ON f_mj_xxxsid=xxxsid LEFT JOIN tb_zsfw ON f_mj_zsfwid=zsfwid LEFT JOIN tb_xz ON f_mj_xzid=xzid LEFT JOIN tb_2014_cls ON f_stdxqcls_clsid=clsid LEFT JOIN tb_dm ON f_stdxqdm_dmid=dmid LEFT JOIN tb_sex ON f_std_sexid=sexid LEFT JOIN tb_rc ON f_std_rcid=rcid LEFT JOIN tb_zzmm ON f_std_zzmmid=zzmmid LEFT JOIN tb_xl ON f_std_xlid=xlid LEFT JOIN tb_stat ON f_std_statid=statid LEFT JOIN tb_xq ON f_stdxqcls_xqid=xqid WHERE ( f_stdxqcls_xqid=2 AND f_stdxqmj_xqid=2 AND f_stdxqdm_xqid=2 AND stdid=2 ) LIMIT 1   [ RunTime:0.002385s ]
INFO: [ view_parse ] --START--
NOTIC: [8] Undefined variable: ntfstr C:\wamp\www\xx\std\Runtime\Cache\80f681079685a8daa1e51012fde199f4.php 第 61 行.
NOTIC: [8] Undefined index: stdnn C:\wamp\www\xx\std\Runtime\Cache\80f681079685a8daa1e51012fde199f4.php 第 84 行.
NOTIC: [8] Undefined variable: cxcjcls C:\wamp\www\xx\std\Runtime\Cache\80f681079685a8daa1e51012fde199f4.php 第 157 行.
NOTIC: [8] Undefined variable: ifrcmd C:\wamp\www\xx\std\Runtime\Cache\80f681079685a8daa1e51012fde199f4.php 第 279 行.
INFO: ParseTemplate Behavior ::run [ RunTime:0.060518s ]
INFO: [ view_parse ] --END-- [ RunTime:0.060666s ]
INFO: [ view_filter ] --START--
INFO: ContentReplace Behavior ::run [ RunTime:0.000785s ]
INFO: TokenBuild Behavior ::run [ RunTime:0.000725s ]
INFO: WriteHtmlCache Behavior ::run [ RunTime:0.000525s ]
INFO: ShowRuntime Behavior ::run [ RunTime:0.001051s ]
INFO: [ view_filter ] --END-- [ RunTime:0.003428s ]
INFO: [ view_end ] --START--
INFO: ShowPageTrace Behavior ::run [ RunTime:0.000877s ]
INFO: [ view_end ] --END-- [ RunTime:0.000999s ]

[ 2015-07-06T08:16:12+08:00 ] 127.0.0.1 /xx/std.php/Cjzx/cxcj
INFO: [ route_check ] --START--
INFO: CheckRoute Behavior ::run [ RunTime:0.001002s ]
INFO: [ route_check ] --END-- [ RunTime:0.001148s ]
INFO: [ app_begin ] --START--
INFO: ReadHtmlCache Behavior ::run [ RunTime:0.000812s ]
INFO: [ app_begin ] --END-- [ RunTime:0.000940s ]
SQL: SHOW COLUMNS FROM `tb_grd` [ RunTime:0.003562s ]
SQL: SELECT * FROM `tb_grd` WHERE ( grdid=3 ) LIMIT 1   [ RunTime:0.000257s ]
SQL: SHOW COLUMNS FROM `tb_2014_std` [ RunTime:0.004546s ]
SQL: SELECT * FROM `tb_2014_std` WHERE ( stdid=2 ) LIMIT 1   [ RunTime:0.000562s ]
SQL: SELECT * FROM `tb_grd` WHERE ( grdid=3 ) LIMIT 1   [ RunTime:0.000258s ]
SQL: SHOW COLUMNS FROM `tb_xq` [ RunTime:0.003813s ]
SQL: SELECT * FROM `tb_xq` WHERE ( xqdq=1 ) LIMIT 1   [ RunTime:0.000316s ]
SQL: SELECT * FROM `tb_2014_std` inner join tb_2014_stdxqdm ON stdid=f_stdxqdm_stdid inner join tb_2014_stdxqcls ON stdid=f_stdxqcls_stdid inner join tb_2014_stdxqmj ON stdid=f_stdxqmj_stdid LEFT JOIN tb_stt ON f_std_sttid=sttid LEFT JOIN tb_grd ON f_std_grdid=grdid LEFT JOIN tb_2014_mj ON f_stdxqmj_mjid=mjid LEFT JOIN tb_bxxs ON f_mj_bxxsid=bxxsid LEFT JOIN tb_cc ON f_mj_ccid=ccid LEFT JOIN tb_kl ON f_mj_klid=klid LEFT JOIN tb_xxxs ON f_mj_xxxsid=xxxsid LEFT JOIN tb_zsfw ON f_mj_zsfwid=zsfwid LEFT JOIN tb_xz ON f_mj_xzid=xzid LEFT JOIN tb_2014_cls ON f_stdxqcls_clsid=clsid LEFT JOIN tb_dm ON f_stdxqdm_dmid=dmid LEFT JOIN tb_sex ON f_std_sexid=sexid LEFT JOIN tb_rc ON f_std_rcid=rcid LEFT JOIN tb_zzmm ON f_std_zzmmid=zzmmid LEFT JOIN tb_xl ON f_std_xlid=xlid LEFT JOIN tb_stat ON f_std_statid=statid LEFT JOIN tb_xq ON f_stdxqcls_xqid=xqid WHERE ( f_stdxqcls_xqid=2 AND f_stdxqmj_xqid=2 AND f_stdxqdm_xqid=2 AND stdid=2 ) LIMIT 1   [ RunTime:0.002305s ]
NOTIC: [2] Missing argument 1 for KZMBAction::setkzmb(), called in C:\wamp\www\xx\std\Lib\Action\CjzxAction.class.php on line 89 and defined C:\wamp\www\xx\std\Lib\KZMB\KZMBAction.class.php 第 3 行.
SQL: SELECT * FROM `tb_grd` WHERE ( grdid=3 ) LIMIT 1   [ RunTime:0.000293s ]
SQL: SHOW COLUMNS FROM `tb_2014_stdbtn` [ RunTime:0.003733s ]
SQL: SELECT * FROM `tb_2014_stdbtn` WHERE ( f_stdbtn_stdid=2 AND stdbtnnm='lft' ) LIMIT 1   [ RunTime:0.000334s ]
SQL: SELECT * FROM `tb_2014_stdbtn` WHERE ( f_stdbtn_stdid=2 AND stdbtnnm='lft' ) LIMIT 1   [ RunTime:0.000260s ]
SQL: SELECT * FROM `tb_2014_stdbtn` WHERE ( f_stdbtn_stdid=2 AND stdbtnnm='bs' ) LIMIT 1   [ RunTime:0.000264s ]
SQL: SELECT * FROM `tb_2014_stdbtn` WHERE ( f_stdbtn_stdid=2 AND stdbtnnm='bs' ) LIMIT 1   [ RunTime:0.000248s ]
NOTIC: [8] Undefined index: xqid C:\wamp\www\xx\std\Lib\Action\CjzxAction.class.php 第 93 行.
SQL: SELECT * FROM `tb_grd` WHERE ( grdid=3 ) LIMIT 1   [ RunTime:0.000238s ]
SQL: SHOW COLUMNS FROM `tb_2014_cjzx` [ RunTime:0.004512s ]
SQL: SELECT * FROM `tb_2014_cjzx` LEFT JOIN tb_xq ON f_cjzx_xqid=xqid LEFT JOIN tb_2014_pk ON f_cjzx_pkid=pkid LEFT JOIN tb_2014_kc ON f_pk_kcid=kcid LEFT JOIN tb_tcr ON f_pk_tcrid=tcrid WHERE ( f_cjzx_grdid=3 AND f_cjzx_stdid=2 ) ORDER BY xqnm ASC,pkzkkm ASC,kcnm ASC  [ RunTime:0.081746s ]
SQL: SELECT * FROM `tb_2014_std` WHERE ( stdid=2 ) LIMIT 1   [ RunTime:0.000523s ]
SQL: SELECT * FROM `tb_grd` WHERE ( grdid=3 ) LIMIT 1   [ RunTime:0.000319s ]
SQL: SHOW COLUMNS FROM `tb_2014_sttintxq` [ RunTime:0.017422s ]
SQL: SELECT * FROM `tb_2014_sttintxq` WHERE ( f_sttintxq_sttid=1 ) LIMIT 1   [ RunTime:0.006749s ]
SQL: SELECT * FROM `tb_xq` WHERE ( xqid>=1 ) ORDER BY xqid ASC LIMIT 0,10   [ RunTime:0.000502s ]
INFO: [ view_parse ] --START--
NOTIC: [8] Undefined variable: ntfstr C:\wamp\www\xx\std\Runtime\Cache\924147b57af07085cf626e76a0a40509.php 第 61 行.
NOTIC: [8] Undefined index: stdnn C:\wamp\www\xx\std\Runtime\Cache\924147b57af07085cf626e76a0a40509.php 第 84 行.
INFO: ParseTemplate Behavior ::run [ RunTime:0.062857s ]
INFO: [ view_parse ] --END-- [ RunTime:0.063005s ]
INFO: [ view_filter ] --START--
INFO: ContentReplace Behavior ::run [ RunTime:0.000788s ]
INFO: TokenBuild Behavior ::run [ RunTime:0.000727s ]
INFO: WriteHtmlCache Behavior ::run [ RunTime:0.000526s ]
INFO: ShowRuntime Behavior ::run [ RunTime:0.000805s ]
INFO: [ view_filter ] --END-- [ RunTime:0.003190s ]
INFO: [ view_end ] --START--
INFO: ShowPageTrace Behavior ::run [ RunTime:0.000852s ]
INFO: [ view_end ] --END-- [ RunTime:0.000976s ]

[ 2015-07-06T08:16:20+08:00 ] 127.0.0.1 /xx/std.php/Cjzx/cxcj/xqid/2
INFO: [ route_check ] --START--
INFO: CheckRoute Behavior ::run [ RunTime:0.001054s ]
INFO: [ route_check ] --END-- [ RunTime:0.001206s ]
INFO: [ app_begin ] --START--
INFO: ReadHtmlCache Behavior ::run [ RunTime:0.001098s ]
INFO: [ app_begin ] --END-- [ RunTime:0.001275s ]
SQL: SHOW COLUMNS FROM `tb_grd` [ RunTime:0.003476s ]
SQL: SELECT * FROM `tb_grd` WHERE ( grdid=3 ) LIMIT 1   [ RunTime:0.000254s ]
SQL: SHOW COLUMNS FROM `tb_2014_std` [ RunTime:0.004773s ]
SQL: SELECT * FROM `tb_2014_std` WHERE ( stdid=2 ) LIMIT 1   [ RunTime:0.000680s ]
SQL: SELECT * FROM `tb_grd` WHERE ( grdid=3 ) LIMIT 1   [ RunTime:0.000345s ]
SQL: SHOW COLUMNS FROM `tb_xq` [ RunTime:0.003565s ]
SQL: SELECT * FROM `tb_xq` WHERE ( xqdq=1 ) LIMIT 1   [ RunTime:0.000367s ]
SQL: SELECT * FROM `tb_2014_std` inner join tb_2014_stdxqdm ON stdid=f_stdxqdm_stdid inner join tb_2014_stdxqcls ON stdid=f_stdxqcls_stdid inner join tb_2014_stdxqmj ON stdid=f_stdxqmj_stdid LEFT JOIN tb_stt ON f_std_sttid=sttid LEFT JOIN tb_grd ON f_std_grdid=grdid LEFT JOIN tb_2014_mj ON f_stdxqmj_mjid=mjid LEFT JOIN tb_bxxs ON f_mj_bxxsid=bxxsid LEFT JOIN tb_cc ON f_mj_ccid=ccid LEFT JOIN tb_kl ON f_mj_klid=klid LEFT JOIN tb_xxxs ON f_mj_xxxsid=xxxsid LEFT JOIN tb_zsfw ON f_mj_zsfwid=zsfwid LEFT JOIN tb_xz ON f_mj_xzid=xzid LEFT JOIN tb_2014_cls ON f_stdxqcls_clsid=clsid LEFT JOIN tb_dm ON f_stdxqdm_dmid=dmid LEFT JOIN tb_sex ON f_std_sexid=sexid LEFT JOIN tb_rc ON f_std_rcid=rcid LEFT JOIN tb_zzmm ON f_std_zzmmid=zzmmid LEFT JOIN tb_xl ON f_std_xlid=xlid LEFT JOIN tb_stat ON f_std_statid=statid LEFT JOIN tb_xq ON f_stdxqcls_xqid=xqid WHERE ( f_stdxqcls_xqid=2 AND f_stdxqmj_xqid=2 AND f_stdxqdm_xqid=2 AND stdid=2 ) LIMIT 1   [ RunTime:0.002317s ]
NOTIC: [2] Missing argument 1 for KZMBAction::setkzmb(), called in C:\wamp\www\xx\std\Lib\Action\CjzxAction.class.php on line 89 and defined C:\wamp\www\xx\std\Lib\KZMB\KZMBAction.class.php 第 3 行.
SQL: SELECT * FROM `tb_grd` WHERE ( grdid=3 ) LIMIT 1   [ RunTime:0.000293s ]
SQL: SHOW COLUMNS FROM `tb_2014_stdbtn` [ RunTime:0.003853s ]
SQL: SELECT * FROM `tb_2014_stdbtn` WHERE ( f_stdbtn_stdid=2 AND stdbtnnm='lft' ) LIMIT 1   [ RunTime:0.000332s ]
SQL: SELECT * FROM `tb_2014_stdbtn` WHERE ( f_stdbtn_stdid=2 AND stdbtnnm='lft' ) LIMIT 1   [ RunTime:0.000295s ]
SQL: SELECT * FROM `tb_2014_stdbtn` WHERE ( f_stdbtn_stdid=2 AND stdbtnnm='bs' ) LIMIT 1   [ RunTime:0.000328s ]
SQL: SELECT * FROM `tb_2014_stdbtn` WHERE ( f_stdbtn_stdid=2 AND stdbtnnm='bs' ) LIMIT 1   [ RunTime:0.000288s ]
SQL: SELECT * FROM `tb_grd` WHERE ( grdid=3 ) LIMIT 1   [ RunTime:0.000275s ]
SQL: SHOW COLUMNS FROM `tb_2014_cjzx` [ RunTime:0.003706s ]
SQL: SELECT * FROM `tb_2014_cjzx` LEFT JOIN tb_xq ON f_cjzx_xqid=xqid LEFT JOIN tb_2014_pk ON f_cjzx_pkid=pkid LEFT JOIN tb_2014_kc ON f_pk_kcid=kcid LEFT JOIN tb_tcr ON f_pk_tcrid=tcrid WHERE ( f_cjzx_grdid=3 AND f_cjzx_stdid=2 AND f_cjzx_xqid=2 ) ORDER BY xqnm ASC,pkzkkm ASC,kcnm ASC  [ RunTime:0.009137s ]
SQL: SELECT * FROM `tb_2014_std` WHERE ( stdid=2 ) LIMIT 1   [ RunTime:0.000418s ]
SQL: SELECT * FROM `tb_grd` WHERE ( grdid=3 ) LIMIT 1   [ RunTime:0.000286s ]
SQL: SHOW COLUMNS FROM `tb_2014_sttintxq` [ RunTime:0.003416s ]
SQL: SELECT * FROM `tb_2014_sttintxq` WHERE ( f_sttintxq_sttid=1 ) LIMIT 1   [ RunTime:0.000277s ]
SQL: SELECT * FROM `tb_xq` WHERE ( xqid>=1 ) ORDER BY xqid ASC LIMIT 0,10   [ RunTime:0.000297s ]
INFO: [ view_parse ] --START--
NOTIC: [8] Undefined variable: ntfstr C:\wamp\www\xx\std\Runtime\Cache\924147b57af07085cf626e76a0a40509.php 第 61 行.
NOTIC: [8] Undefined index: stdnn C:\wamp\www\xx\std\Runtime\Cache\924147b57af07085cf626e76a0a40509.php 第 84 行.
INFO: ParseTemplate Behavior ::run [ RunTime:0.017799s ]
INFO: [ view_parse ] --END-- [ RunTime:0.017942s ]
INFO: [ view_filter ] --START--
INFO: ContentReplace Behavior ::run [ RunTime:0.001097s ]
INFO: TokenBuild Behavior ::run [ RunTime:0.001083s ]
INFO: WriteHtmlCache Behavior ::run [ RunTime:0.000749s ]
INFO: ShowRuntime Behavior ::run [ RunTime:0.001069s ]
INFO: [ view_filter ] --END-- [ RunTime:0.004521s ]
INFO: [ view_end ] --START--
INFO: ShowPageTrace Behavior ::run [ RunTime:0.001216s ]
INFO: [ view_end ] --END-- [ RunTime:0.001373s ]

[ 2015-07-06T08:16:26+08:00 ] 127.0.0.1 /xx/std.php
INFO: [ app_begin ] --START--
INFO: ReadHtmlCache Behavior ::run [ RunTime:0.000819s ]
INFO: [ app_begin ] --END-- [ RunTime:0.000962s ]
SQL: SHOW COLUMNS FROM `tb_grd` [ RunTime:0.004536s ]
SQL: SELECT * FROM `tb_grd` WHERE ( grdid=3 ) LIMIT 1   [ RunTime:0.000320s ]
SQL: SHOW COLUMNS FROM `tb_2014_std` [ RunTime:0.004555s ]
SQL: SELECT * FROM `tb_2014_std` WHERE ( stdid=2 ) LIMIT 1   [ RunTime:0.000553s ]
SQL: SELECT * FROM `tb_grd` WHERE ( grdid=3 ) LIMIT 1   [ RunTime:0.000259s ]
SQL: SHOW COLUMNS FROM `tb_xq` [ RunTime:0.003768s ]
SQL: SELECT * FROM `tb_xq` WHERE ( xqdq=1 ) LIMIT 1   [ RunTime:0.000313s ]
SQL: SELECT * FROM `tb_2014_std` inner join tb_2014_stdxqdm ON stdid=f_stdxqdm_stdid inner join tb_2014_stdxqcls ON stdid=f_stdxqcls_stdid inner join tb_2014_stdxqmj ON stdid=f_stdxqmj_stdid LEFT JOIN tb_stt ON f_std_sttid=sttid LEFT JOIN tb_grd ON f_std_grdid=grdid LEFT JOIN tb_2014_mj ON f_stdxqmj_mjid=mjid LEFT JOIN tb_bxxs ON f_mj_bxxsid=bxxsid LEFT JOIN tb_cc ON f_mj_ccid=ccid LEFT JOIN tb_kl ON f_mj_klid=klid LEFT JOIN tb_xxxs ON f_mj_xxxsid=xxxsid LEFT JOIN tb_zsfw ON f_mj_zsfwid=zsfwid LEFT JOIN tb_xz ON f_mj_xzid=xzid LEFT JOIN tb_2014_cls ON f_stdxqcls_clsid=clsid LEFT JOIN tb_dm ON f_stdxqdm_dmid=dmid LEFT JOIN tb_sex ON f_std_sexid=sexid LEFT JOIN tb_rc ON f_std_rcid=rcid LEFT JOIN tb_zzmm ON f_std_zzmmid=zzmmid LEFT JOIN tb_xl ON f_std_xlid=xlid LEFT JOIN tb_stat ON f_std_statid=statid LEFT JOIN tb_xq ON f_stdxqcls_xqid=xqid WHERE ( f_stdxqcls_xqid=2 AND f_stdxqmj_xqid=2 AND f_stdxqdm_xqid=2 AND stdid=2 ) LIMIT 1   [ RunTime:0.002280s ]
NOTIC: [2] Missing argument 1 for KZMBAction::setkzmb(), called in C:\wamp\www\xx\std\Lib\Action\IndexAction.class.php on line 23 and defined C:\wamp\www\xx\std\Lib\KZMB\KZMBAction.class.php 第 3 行.
SQL: SELECT * FROM `tb_grd` WHERE ( grdid=3 ) LIMIT 1   [ RunTime:0.000266s ]
SQL: SHOW COLUMNS FROM `tb_2014_stdbtn` [ RunTime:0.003580s ]
SQL: SELECT * FROM `tb_2014_stdbtn` WHERE ( f_stdbtn_stdid=2 AND stdbtnnm='lft' ) LIMIT 1   [ RunTime:0.000288s ]
SQL: SELECT * FROM `tb_2014_stdbtn` WHERE ( f_stdbtn_stdid=2 AND stdbtnnm='lft' ) LIMIT 1   [ RunTime:0.000261s ]
SQL: SELECT * FROM `tb_2014_stdbtn` WHERE ( f_stdbtn_stdid=2 AND stdbtnnm='bs' ) LIMIT 1   [ RunTime:0.000263s ]
SQL: SELECT * FROM `tb_2014_stdbtn` WHERE ( f_stdbtn_stdid=2 AND stdbtnnm='bs' ) LIMIT 1   [ RunTime:0.000270s ]
INFO: [ view_parse ] --START--
NOTIC: [8] Undefined variable: ntfstr C:\wamp\www\xx\std\Runtime\Cache\9c288f5594010517c700781ca130ef0a.php 第 61 行.
NOTIC: [8] Undefined index: stdnn C:\wamp\www\xx\std\Runtime\Cache\9c288f5594010517c700781ca130ef0a.php 第 84 行.
NOTIC: [8] Undefined variable: cxcjcls C:\wamp\www\xx\std\Runtime\Cache\9c288f5594010517c700781ca130ef0a.php 第 156 行.
INFO: ParseTemplate Behavior ::run [ RunTime:0.013557s ]
INFO: [ view_parse ] --END-- [ RunTime:0.013693s ]
INFO: [ view_filter ] --START--
INFO: ContentReplace Behavior ::run [ RunTime:0.000925s ]
INFO: TokenBuild Behavior ::run [ RunTime:0.000738s ]
INFO: WriteHtmlCache Behavior ::run [ RunTime:0.000682s ]
INFO: ShowRuntime Behavior ::run [ RunTime:0.000822s ]
INFO: [ view_filter ] --END-- [ RunTime:0.003517s ]
INFO: [ view_end ] --START--
INFO: ShowPageTrace Behavior ::run [ RunTime:0.000877s ]
INFO: [ view_end ] --END-- [ RunTime:0.001001s ]

[ 2015-07-06T08:16:29+08:00 ] 127.0.0.1 /xx/std.php/Cjzx/cxbxqcj
INFO: [ route_check ] --START--
INFO: CheckRoute Behavior ::run [ RunTime:0.001095s ]
INFO: [ route_check ] --END-- [ RunTime:0.001281s ]
INFO: [ app_begin ] --START--
INFO: ReadHtmlCache Behavior ::run [ RunTime:0.001448s ]
INFO: [ app_begin ] --END-- [ RunTime:0.001634s ]
SQL: SHOW COLUMNS FROM `tb_grd` [ RunTime:0.003560s ]
SQL: SELECT * FROM `tb_grd` WHERE ( grdid=3 ) LIMIT 1   [ RunTime:0.000399s ]
SQL: SHOW COLUMNS FROM `tb_2014_std` [ RunTime:0.005876s ]
SQL: SELECT * FROM `tb_2014_std` WHERE ( stdid=2 ) LIMIT 1   [ RunTime:0.000697s ]
SQL: SELECT * FROM `tb_grd` WHERE ( grdid=3 ) LIMIT 1   [ RunTime:0.000295s ]
SQL: SHOW COLUMNS FROM `tb_xq` [ RunTime:0.003677s ]
SQL: SELECT * FROM `tb_xq` WHERE ( xqdq=1 ) LIMIT 1   [ RunTime:0.000295s ]
SQL: SELECT * FROM `tb_2014_std` inner join tb_2014_stdxqdm ON stdid=f_stdxqdm_stdid inner join tb_2014_stdxqcls ON stdid=f_stdxqcls_stdid inner join tb_2014_stdxqmj ON stdid=f_stdxqmj_stdid LEFT JOIN tb_stt ON f_std_sttid=sttid LEFT JOIN tb_grd ON f_std_grdid=grdid LEFT JOIN tb_2014_mj ON f_stdxqmj_mjid=mjid LEFT JOIN tb_bxxs ON f_mj_bxxsid=bxxsid LEFT JOIN tb_cc ON f_mj_ccid=ccid LEFT JOIN tb_kl ON f_mj_klid=klid LEFT JOIN tb_xxxs ON f_mj_xxxsid=xxxsid LEFT JOIN tb_zsfw ON f_mj_zsfwid=zsfwid LEFT JOIN tb_xz ON f_mj_xzid=xzid LEFT JOIN tb_2014_cls ON f_stdxqcls_clsid=clsid LEFT JOIN tb_dm ON f_stdxqdm_dmid=dmid LEFT JOIN tb_sex ON f_std_sexid=sexid LEFT JOIN tb_rc ON f_std_rcid=rcid LEFT JOIN tb_zzmm ON f_std_zzmmid=zzmmid LEFT JOIN tb_xl ON f_std_xlid=xlid LEFT JOIN tb_stat ON f_std_statid=statid LEFT JOIN tb_xq ON f_stdxqcls_xqid=xqid WHERE ( f_stdxqcls_xqid=2 AND f_stdxqmj_xqid=2 AND f_stdxqdm_xqid=2 AND stdid=2 ) LIMIT 1   [ RunTime:0.002265s ]
NOTIC: [2] Missing argument 1 for KZMBAction::setkzmb(), called in C:\wamp\www\xx\std\Lib\Action\CjzxAction.class.php on line 14 and defined C:\wamp\www\xx\std\Lib\KZMB\KZMBAction.class.php 第 3 行.
SQL: SELECT * FROM `tb_grd` WHERE ( grdid=3 ) LIMIT 1   [ RunTime:0.000485s ]
SQL: SHOW COLUMNS FROM `tb_2014_stdbtn` [ RunTime:0.004069s ]
SQL: SELECT * FROM `tb_2014_stdbtn` WHERE ( f_stdbtn_stdid=2 AND stdbtnnm='lft' ) LIMIT 1   [ RunTime:0.000403s ]
SQL: SELECT * FROM `tb_2014_stdbtn` WHERE ( f_stdbtn_stdid=2 AND stdbtnnm='lft' ) LIMIT 1   [ RunTime:0.000329s ]
SQL: SELECT * FROM `tb_2014_stdbtn` WHERE ( f_stdbtn_stdid=2 AND stdbtnnm='bs' ) LIMIT 1   [ RunTime:0.000339s ]
SQL: SELECT * FROM `tb_2014_stdbtn` WHERE ( f_stdbtn_stdid=2 AND stdbtnnm='bs' ) LIMIT 1   [ RunTime:0.000344s ]
SQL: SELECT * FROM `tb_grd` WHERE ( grdid=3 ) LIMIT 1   [ RunTime:0.000309s ]
SQL: SELECT * FROM `tb_xq` WHERE ( xqdq=1 ) LIMIT 1   [ RunTime:0.000245s ]
SQL: SHOW COLUMNS FROM `tb_2014_cjzx` [ RunTime:0.003850s ]
SQL: SELECT * FROM `tb_2014_cjzx` LEFT JOIN tb_2014_pk ON f_cjzx_pkid=pkid LEFT JOIN tb_2014_kc ON f_pk_kcid=kcid LEFT JOIN tb_tcr ON f_pk_tcrid=tcrid WHERE ( f_cjzx_grdid=3 AND f_cjzx_stdid=2 AND f_cjzx_xqid=2 ) ORDER BY pkzkkm ASC,kcnm ASC  [ RunTime:0.025692s ]
INFO: [ view_parse ] --START--
NOTIC: [8] Undefined variable: ntfstr C:\wamp\www\xx\std\Runtime\Cache\68168f11e33e9bc593b86b7881014cb3.php 第 61 行.
NOTIC: [8] Undefined index: stdnn C:\wamp\www\xx\std\Runtime\Cache\68168f11e33e9bc593b86b7881014cb3.php 第 84 行.
NOTIC: [8] Undefined variable: cxcjcls C:\wamp\www\xx\std\Runtime\Cache\68168f11e33e9bc593b86b7881014cb3.php 第 156 行.
INFO: ParseTemplate Behavior ::run [ RunTime:0.028598s ]
INFO: [ view_parse ] --END-- [ RunTime:0.028763s ]
INFO: [ view_filter ] --START--
INFO: ContentReplace Behavior ::run [ RunTime:0.000839s ]
INFO: TokenBuild Behavior ::run [ RunTime:0.000735s ]
INFO: WriteHtmlCache Behavior ::run [ RunTime:0.000530s ]
INFO: ShowRuntime Behavior ::run [ RunTime:0.000824s ]
INFO: [ view_filter ] --END-- [ RunTime:0.003322s ]
INFO: [ view_end ] --START--
INFO: ShowPageTrace Behavior ::run [ RunTime:0.000858s ]
INFO: [ view_end ] --END-- [ RunTime:0.000981s ]

[ 2015-07-06T08:16:33+08:00 ] 127.0.0.1 /xx/std.php/Cjzx/cxlncj
INFO: [ route_check ] --START--
INFO: CheckRoute Behavior ::run [ RunTime:0.001009s ]
INFO: [ route_check ] --END-- [ RunTime:0.001161s ]
INFO: [ app_begin ] --START--
INFO: ReadHtmlCache Behavior ::run [ RunTime:0.000813s ]
INFO: [ app_begin ] --END-- [ RunTime:0.000941s ]
SQL: SHOW COLUMNS FROM `tb_grd` [ RunTime:0.004284s ]
SQL: SELECT * FROM `tb_grd` WHERE ( grdid=3 ) LIMIT 1   [ RunTime:0.000464s ]
SQL: SHOW COLUMNS FROM `tb_2014_std` [ RunTime:0.004798s ]
SQL: SELECT * FROM `tb_2014_std` WHERE ( stdid=2 ) LIMIT 1   [ RunTime:0.000564s ]
SQL: SELECT * FROM `tb_grd` WHERE ( grdid=3 ) LIMIT 1   [ RunTime:0.000368s ]
SQL: SHOW COLUMNS FROM `tb_xq` [ RunTime:0.003663s ]
SQL: SELECT * FROM `tb_xq` WHERE ( xqdq=1 ) LIMIT 1   [ RunTime:0.000344s ]
SQL: SELECT * FROM `tb_2014_std` inner join tb_2014_stdxqdm ON stdid=f_stdxqdm_stdid inner join tb_2014_stdxqcls ON stdid=f_stdxqcls_stdid inner join tb_2014_stdxqmj ON stdid=f_stdxqmj_stdid LEFT JOIN tb_stt ON f_std_sttid=sttid LEFT JOIN tb_grd ON f_std_grdid=grdid LEFT JOIN tb_2014_mj ON f_stdxqmj_mjid=mjid LEFT JOIN tb_bxxs ON f_mj_bxxsid=bxxsid LEFT JOIN tb_cc ON f_mj_ccid=ccid LEFT JOIN tb_kl ON f_mj_klid=klid LEFT JOIN tb_xxxs ON f_mj_xxxsid=xxxsid LEFT JOIN tb_zsfw ON f_mj_zsfwid=zsfwid LEFT JOIN tb_xz ON f_mj_xzid=xzid LEFT JOIN tb_2014_cls ON f_stdxqcls_clsid=clsid LEFT JOIN tb_dm ON f_stdxqdm_dmid=dmid LEFT JOIN tb_sex ON f_std_sexid=sexid LEFT JOIN tb_rc ON f_std_rcid=rcid LEFT JOIN tb_zzmm ON f_std_zzmmid=zzmmid LEFT JOIN tb_xl ON f_std_xlid=xlid LEFT JOIN tb_stat ON f_std_statid=statid LEFT JOIN tb_xq ON f_stdxqcls_xqid=xqid WHERE ( f_stdxqcls_xqid=2 AND f_stdxqmj_xqid=2 AND f_stdxqdm_xqid=2 AND stdid=2 ) LIMIT 1   [ RunTime:0.002313s ]
NOTIC: [2] Missing argument 1 for KZMBAction::setkzmb(), called in C:\wamp\www\xx\std\Lib\Action\CjzxAction.class.php on line 53 and defined C:\wamp\www\xx\std\Lib\KZMB\KZMBAction.class.php 第 3 行.
SQL: SELECT * FROM `tb_grd` WHERE ( grdid=3 ) LIMIT 1   [ RunTime:0.000340s ]
SQL: SHOW COLUMNS FROM `tb_2014_stdbtn` [ RunTime:0.003541s ]
SQL: SELECT * FROM `tb_2014_stdbtn` WHERE ( f_stdbtn_stdid=2 AND stdbtnnm='lft' ) LIMIT 1   [ RunTime:0.000310s ]
SQL: SELECT * FROM `tb_2014_stdbtn` WHERE ( f_stdbtn_stdid=2 AND stdbtnnm='lft' ) LIMIT 1   [ RunTime:0.000249s ]
SQL: SELECT * FROM `tb_2014_stdbtn` WHERE ( f_stdbtn_stdid=2 AND stdbtnnm='bs' ) LIMIT 1   [ RunTime:0.000254s ]
SQL: SELECT * FROM `tb_2014_stdbtn` WHERE ( f_stdbtn_stdid=2 AND stdbtnnm='bs' ) LIMIT 1   [ RunTime:0.000235s ]
SQL: SELECT * FROM `tb_grd` WHERE ( grdid=3 ) LIMIT 1   [ RunTime:0.000250s ]
SQL: SHOW COLUMNS FROM `tb_2014_cjzx` [ RunTime:0.004456s ]
SQL: SELECT * FROM `tb_2014_cjzx` LEFT JOIN tb_xq ON f_cjzx_xqid=xqid LEFT JOIN tb_2014_pk ON f_cjzx_pkid=pkid LEFT JOIN tb_2014_kc ON f_pk_kcid=kcid LEFT JOIN tb_tcr ON f_pk_tcrid=tcrid WHERE ( f_cjzx_grdid=3 AND f_cjzx_stdid=2 ) ORDER BY xqnm ASC,pkzkkm ASC,kcnm ASC  [ RunTime:0.010318s ]
NOTIC: [8] Undefined offset: 0 C:\wamp\www\xx\std\Lib\Action\CjzxAction.class.php 第 69 行.
NOTIC: [8] Undefined offset: 0 C:\wamp\www\xx\std\Lib\Action\CjzxAction.class.php 第 69 行.
NOTIC: [8] Undefined offset: 0 C:\wamp\www\xx\std\Lib\Action\CjzxAction.class.php 第 69 行.
NOTIC: [8] Undefined offset: 0 C:\wamp\www\xx\std\Lib\Action\CjzxAction.class.php 第 69 行.
NOTIC: [8] Undefined offset: 0 C:\wamp\www\xx\std\Lib\Action\CjzxAction.class.php 第 69 行.
NOTIC: [8] Undefined offset: 0 C:\wamp\www\xx\std\Lib\Action\CjzxAction.class.php 第 69 行.
NOTIC: [8] Undefined offset: 0 C:\wamp\www\xx\std\Lib\Action\CjzxAction.class.php 第 69 行.
NOTIC: [8] Undefined offset: 0 C:\wamp\www\xx\std\Lib\Action\CjzxAction.class.php 第 69 行.
INFO: [ view_parse ] --START--
NOTIC: [8] Undefined variable: ntfstr C:\wamp\www\xx\std\Runtime\Cache\3c9201cb49d6fb696888bdc9b0f62315.php 第 61 行.
NOTIC: [8] Undefined index: stdnn C:\wamp\www\xx\std\Runtime\Cache\3c9201cb49d6fb696888bdc9b0f62315.php 第 84 行.
NOTIC: [8] Undefined variable: cxcjcls C:\wamp\www\xx\std\Runtime\Cache\3c9201cb49d6fb696888bdc9b0f62315.php 第 156 行.
INFO: ParseTemplate Behavior ::run [ RunTime:0.024935s ]
INFO: [ view_parse ] --END-- [ RunTime:0.025107s ]
INFO: [ view_filter ] --START--
INFO: ContentReplace Behavior ::run [ RunTime:0.000799s ]
INFO: TokenBuild Behavior ::run [ RunTime:0.000718s ]
INFO: WriteHtmlCache Behavior ::run [ RunTime:0.000536s ]
INFO: ShowRuntime Behavior ::run [ RunTime:0.001356s ]
INFO: [ view_filter ] --END-- [ RunTime:0.003799s ]
INFO: [ view_end ] --START--
INFO: ShowPageTrace Behavior ::run [ RunTime:0.000917s ]
INFO: [ view_end ] --END-- [ RunTime:0.001060s ]

[ 2015-07-06T08:17:24+08:00 ] 127.0.0.1 /xx/std.php/Std/loginout
INFO: [ route_check ] --START--
INFO: CheckRoute Behavior ::run [ RunTime:0.001010s ]
INFO: [ route_check ] --END-- [ RunTime:0.001165s ]
INFO: [ app_begin ] --START--
INFO: ReadHtmlCache Behavior ::run [ RunTime:0.000815s ]
INFO: [ app_begin ] --END-- [ RunTime:0.000924s ]

[ 2015-07-06T08:17:25+08:00 ] 127.0.0.1 /xx/std.php
INFO: [ app_begin ] --START--
INFO: ReadHtmlCache Behavior ::run [ RunTime:0.000860s ]
INFO: [ app_begin ] --END-- [ RunTime:0.001008s ]
INFO: [ view_parse ] --START--
INFO: ParseTemplate Behavior ::run [ RunTime:0.013728s ]
INFO: [ view_parse ] --END-- [ RunTime:0.013881s ]
INFO: [ view_filter ] --START--
INFO: ContentReplace Behavior ::run [ RunTime:0.000737s ]
INFO: TokenBuild Behavior ::run [ RunTime:0.000706s ]
INFO: WriteHtmlCache Behavior ::run [ RunTime:0.000520s ]
INFO: ShowRuntime Behavior ::run [ RunTime:0.000795s ]
INFO: [ view_filter ] --END-- [ RunTime:0.003101s ]
INFO: [ view_end ] --START--
INFO: ShowPageTrace Behavior ::run [ RunTime:0.000854s ]
INFO: [ view_end ] --END-- [ RunTime:0.000977s ]

