[ 2015-09-04T11:08:15+08:00 ] 106.117.36.90 /xx/std.php
INFO: [ app_begin ] --START--
INFO: ReadHtmlCache Behavior ::run [ RunTime:0.053046s ]
INFO: [ app_begin ] --END-- [ RunTime:0.053217s ]
INFO: [ view_parse ] --START--
INFO: ParseTemplate Behavior ::run [ RunTime:0.089267s ]
INFO: [ view_parse ] --END-- [ RunTime:0.089446s ]
INFO: [ view_filter ] --START--
INFO: ContentReplace Behavior ::run [ RunTime:0.007418s ]
INFO: TokenBuild Behavior ::run [ RunTime:0.007926s ]
INFO: WriteHtmlCache Behavior ::run [ RunTime:0.008093s ]
INFO: ShowRuntime Behavior ::run [ RunTime:0.008352s ]
INFO: [ view_filter ] --END-- [ RunTime:0.032283s ]
INFO: [ view_end ] --START--
INFO: ShowPageTrace Behavior ::run [ RunTime:0.008780s ]
INFO: [ view_end ] --END-- [ RunTime:0.008952s ]

[ 2015-09-04T11:14:29+08:00 ] 123.125.160.215 /xx/std.php
INFO: [ app_begin ] --START--
INFO: ReadHtmlCache Behavior ::run [ RunTime:0.004398s ]
INFO: [ app_begin ] --END-- [ RunTime:0.004555s ]
INFO: [ view_parse ] --START--
INFO: ParseTemplate Behavior ::run [ RunTime:0.048293s ]
INFO: [ view_parse ] --END-- [ RunTime:0.048453s ]
INFO: [ view_filter ] --START--
INFO: ContentReplace Behavior ::run [ RunTime:0.004099s ]
INFO: TokenBuild Behavior ::run [ RunTime:0.007450s ]
INFO: WriteHtmlCache Behavior ::run [ RunTime:0.007056s ]
INFO: ShowRuntime Behavior ::run [ RunTime:0.007497s ]
INFO: [ view_filter ] --END-- [ RunTime:0.026421s ]
INFO: [ view_end ] --START--
INFO: ShowPageTrace Behavior ::run [ RunTime:0.007636s ]
INFO: [ view_end ] --END-- [ RunTime:0.007752s ]

[ 2015-09-04T11:17:55+08:00 ] 106.117.36.90 /xx/std.php
INFO: [ app_begin ] --START--
INFO: ReadHtmlCache Behavior ::run [ RunTime:0.022942s ]
INFO: [ app_begin ] --END-- [ RunTime:0.023092s ]
INFO: [ view_parse ] --START--
INFO: ParseTemplate Behavior ::run [ RunTime:0.126060s ]
INFO: [ view_parse ] --END-- [ RunTime:0.126313s ]
INFO: [ view_filter ] --START--
INFO: ContentReplace Behavior ::run [ RunTime:0.022263s ]
INFO: TokenBuild Behavior ::run [ RunTime:0.014011s ]
INFO: WriteHtmlCache Behavior ::run [ RunTime:0.013223s ]
INFO: ShowRuntime Behavior ::run [ RunTime:0.011021s ]
INFO: [ view_filter ] --END-- [ RunTime:0.060923s ]
INFO: [ view_end ] --START--
INFO: ShowPageTrace Behavior ::run [ RunTime:0.016458s ]
INFO: [ view_end ] --END-- [ RunTime:0.017515s ]

[ 2015-09-04T11:23:25+08:00 ] 123.125.160.215 /xx/std.php
INFO: [ app_begin ] --START--
INFO: ReadHtmlCache Behavior ::run [ RunTime:0.001180s ]
INFO: [ app_begin ] --END-- [ RunTime:0.001329s ]
INFO: [ view_parse ] --START--
INFO: ParseTemplate Behavior ::run [ RunTime:0.052535s ]
INFO: [ view_parse ] --END-- [ RunTime:0.052707s ]
INFO: [ view_filter ] --START--
INFO: ContentReplace Behavior ::run [ RunTime:0.004168s ]
INFO: TokenBuild Behavior ::run [ RunTime:0.004064s ]
INFO: WriteHtmlCache Behavior ::run [ RunTime:0.007216s ]
INFO: ShowRuntime Behavior ::run [ RunTime:0.007407s ]
INFO: [ view_filter ] --END-- [ RunTime:0.023176s ]
INFO: [ view_end ] --START--
INFO: ShowPageTrace Behavior ::run [ RunTime:0.007878s ]
INFO: [ view_end ] --END-- [ RunTime:0.007994s ]

[ 2015-09-04T11:56:38+08:00 ] 123.125.160.215 /xx/std.php?%22%20onmousemove='alert(42873)'wb=%22
INFO: [ app_begin ] --START--
INFO: ReadHtmlCache Behavior ::run [ RunTime:0.002768s ]
INFO: [ app_begin ] --END-- [ RunTime:0.002919s ]
INFO: [ view_parse ] --START--
INFO: ParseTemplate Behavior ::run [ RunTime:0.038161s ]
INFO: [ view_parse ] --END-- [ RunTime:0.038320s ]
INFO: [ view_filter ] --START--
INFO: ContentReplace Behavior ::run [ RunTime:0.000885s ]
INFO: TokenBuild Behavior ::run [ RunTime:0.000832s ]
INFO: WriteHtmlCache Behavior ::run [ RunTime:0.002271s ]
INFO: ShowRuntime Behavior ::run [ RunTime:0.007637s ]
INFO: [ view_filter ] --END-- [ RunTime:0.011946s ]
INFO: [ view_end ] --START--
INFO: ShowPageTrace Behavior ::run [ RunTime:0.007654s ]
INFO: [ view_end ] --END-- [ RunTime:0.007768s ]

[ 2015-09-04T11:56:42+08:00 ] 123.125.160.215 /xx/std.php?xss_test%3Cscript%3Eprompt(42873);%3C/script%3E
INFO: [ app_begin ] --START--
INFO: ReadHtmlCache Behavior ::run [ RunTime:0.004770s ]
INFO: [ app_begin ] --END-- [ RunTime:0.004927s ]
INFO: [ view_parse ] --START--
INFO: ParseTemplate Behavior ::run [ RunTime:0.047801s ]
INFO: [ view_parse ] --END-- [ RunTime:0.047953s ]
INFO: [ view_filter ] --START--
INFO: ContentReplace Behavior ::run [ RunTime:0.004653s ]
INFO: TokenBuild Behavior ::run [ RunTime:0.004095s ]
INFO: WriteHtmlCache Behavior ::run [ RunTime:0.003865s ]
INFO: ShowRuntime Behavior ::run [ RunTime:0.004320s ]
INFO: [ view_filter ] --END-- [ RunTime:0.017263s ]
INFO: [ view_end ] --START--
INFO: ShowPageTrace Behavior ::run [ RunTime:0.007653s ]
INFO: [ view_end ] --END-- [ RunTime:0.007769s ]

[ 2015-09-04T11:56:47+08:00 ] 0.0.0.0 /xx/std.php
INFO: [ app_begin ] --START--
INFO: ReadHtmlCache Behavior ::run [ RunTime:0.001176s ]
INFO: [ app_begin ] --END-- [ RunTime:0.001329s ]
INFO: [ view_parse ] --START--
INFO: ParseTemplate Behavior ::run [ RunTime:0.036847s ]
INFO: [ view_parse ] --END-- [ RunTime:0.037009s ]
INFO: [ view_filter ] --START--
INFO: ContentReplace Behavior ::run [ RunTime:0.000878s ]
INFO: TokenBuild Behavior ::run [ RunTime:0.000840s ]
INFO: WriteHtmlCache Behavior ::run [ RunTime:0.000653s ]
INFO: ShowRuntime Behavior ::run [ RunTime:0.002622s ]
INFO: [ view_filter ] --END-- [ RunTime:0.005307s ]
INFO: [ view_end ] --START--
INFO: ShowPageTrace Behavior ::run [ RunTime:0.007803s ]
INFO: [ view_end ] --END-- [ RunTime:0.007923s ]

[ 2015-09-04T11:57:17+08:00 ] 123.125.160.215 /xx/std.php?redirect:%25%7B23.5*2.35%7D
INFO: [ app_begin ] --START--
INFO: ReadHtmlCache Behavior ::run [ RunTime:0.001163s ]
INFO: [ app_begin ] --END-- [ RunTime:0.001313s ]
INFO: [ view_parse ] --START--
INFO: ParseTemplate Behavior ::run [ RunTime:0.063823s ]
INFO: [ view_parse ] --END-- [ RunTime:0.064029s ]
INFO: [ view_filter ] --START--
INFO: ContentReplace Behavior ::run [ RunTime:0.008385s ]
INFO: TokenBuild Behavior ::run [ RunTime:0.007683s ]
INFO: WriteHtmlCache Behavior ::run [ RunTime:0.007082s ]
INFO: ShowRuntime Behavior ::run [ RunTime:0.007816s ]
INFO: [ view_filter ] --END-- [ RunTime:0.031362s ]
INFO: [ view_end ] --START--
INFO: ShowPageTrace Behavior ::run [ RunTime:0.007669s ]
INFO: [ view_end ] --END-- [ RunTime:0.007786s ]

[ 2015-09-04T13:18:41+08:00 ] 211.89.227.36 /xx/std.php
INFO: [ app_begin ] --START--
INFO: ReadHtmlCache Behavior ::run [ RunTime:0.002816s ]
INFO: [ app_begin ] --END-- [ RunTime:0.002971s ]
INFO: [ view_parse ] --START--
INFO: ParseTemplate Behavior ::run [ RunTime:0.041904s ]
INFO: [ view_parse ] --END-- [ RunTime:0.042059s ]
INFO: [ view_filter ] --START--
INFO: ContentReplace Behavior ::run [ RunTime:0.000879s ]
INFO: TokenBuild Behavior ::run [ RunTime:0.002483s ]
INFO: WriteHtmlCache Behavior ::run [ RunTime:0.007454s ]
INFO: ShowRuntime Behavior ::run [ RunTime:0.007427s ]
INFO: [ view_filter ] --END-- [ RunTime:0.018567s ]
INFO: [ view_end ] --START--
INFO: ShowPageTrace Behavior ::run [ RunTime:0.007988s ]
INFO: [ view_end ] --END-- [ RunTime:0.008109s ]

