[ 2015-07-02T10:06:34+08:00 ] 127.0.0.1 /xx/std.php
INFO: [ app_begin ] --START--
INFO: ReadHtmlCache Behavior ::run [ RunTime:0.023858s ]
INFO: [ app_begin ] --END-- [ RunTime:0.061622s ]
INFO: [ view_parse ] --START--
INFO: ParseTemplate Behavior ::run [ RunTime:0.730185s ]
INFO: [ view_parse ] --END-- [ RunTime:0.730397s ]
INFO: [ view_filter ] --START--
INFO: ContentReplace Behavior ::run [ RunTime:0.014760s ]
INFO: TokenBuild Behavior ::run [ RunTime:0.009111s ]
INFO: WriteHtmlCache Behavior ::run [ RunTime:0.000935s ]
INFO: ShowRuntime Behavior ::run [ RunTime:0.009938s ]
INFO: [ view_filter ] --END-- [ RunTime:0.035115s ]
INFO: [ view_end ] --START--
INFO: ShowPageTrace Behavior ::run [ RunTime:0.009549s ]
INFO: [ view_end ] --END-- [ RunTime:0.009686s ]

[ 2015-07-02T10:08:43+08:00 ] 127.0.0.1 /xx/std.php
INFO: [ app_begin ] --START--
INFO: ReadHtmlCache Behavior ::run [ RunTime:0.000825s ]
INFO: [ app_begin ] --END-- [ RunTime:0.000973s ]
INFO: [ view_parse ] --START--
INFO: ParseTemplate Behavior ::run [ RunTime:0.011475s ]
INFO: [ view_parse ] --END-- [ RunTime:0.011626s ]
INFO: [ view_filter ] --START--
INFO: ContentReplace Behavior ::run [ RunTime:0.000639s ]
INFO: TokenBuild Behavior ::run [ RunTime:0.000635s ]
INFO: WriteHtmlCache Behavior ::run [ RunTime:0.000562s ]
INFO: ShowRuntime Behavior ::run [ RunTime:0.000788s ]
INFO: [ view_filter ] --END-- [ RunTime:0.003025s ]
INFO: [ view_end ] --START--
INFO: ShowPageTrace Behavior ::run [ RunTime:0.000835s ]
INFO: [ view_end ] --END-- [ RunTime:0.000959s ]

[ 2015-07-02T10:17:11+08:00 ] 127.0.0.1 /xx/std.php
INFO: [ app_begin ] --START--
INFO: ReadHtmlCache Behavior ::run [ RunTime:0.000966s ]
INFO: [ app_begin ] --END-- [ RunTime:0.001110s ]
INFO: [ view_parse ] --START--
INFO: ParseTemplate Behavior ::run [ RunTime:0.012147s ]
INFO: [ view_parse ] --END-- [ RunTime:0.012312s ]
INFO: [ view_filter ] --START--
INFO: ContentReplace Behavior ::run [ RunTime:0.000800s ]
INFO: TokenBuild Behavior ::run [ RunTime:0.000985s ]
INFO: WriteHtmlCache Behavior ::run [ RunTime:0.000613s ]
INFO: ShowRuntime Behavior ::run [ RunTime:0.000883s ]
INFO: [ view_filter ] --END-- [ RunTime:0.003646s ]
INFO: [ view_end ] --START--
INFO: ShowPageTrace Behavior ::run [ RunTime:0.001006s ]
INFO: [ view_end ] --END-- [ RunTime:0.001132s ]

[ 2015-07-02T11:21:49+08:00 ] 127.0.0.1 /xx/std.php
INFO: [ app_begin ] --START--
INFO: ReadHtmlCache Behavior ::run [ RunTime:0.001357s ]
INFO: [ app_begin ] --END-- [ RunTime:0.001545s ]
INFO: [ view_parse ] --START--
INFO: ParseTemplate Behavior ::run [ RunTime:0.101527s ]
INFO: [ view_parse ] --END-- [ RunTime:0.101692s ]
INFO: [ view_filter ] --START--
INFO: ContentReplace Behavior ::run [ RunTime:0.008355s ]
INFO: TokenBuild Behavior ::run [ RunTime:0.008976s ]
INFO: WriteHtmlCache Behavior ::run [ RunTime:0.000907s ]
INFO: ShowRuntime Behavior ::run [ RunTime:0.009967s ]
INFO: [ view_filter ] --END-- [ RunTime:0.028630s ]
INFO: [ view_end ] --START--
INFO: ShowPageTrace Behavior ::run [ RunTime:0.006929s ]
INFO: [ view_end ] --END-- [ RunTime:0.007063s ]

[ 2015-07-02T11:21:52+08:00 ] 127.0.0.1 /xx/std.php/Std/loginin
INFO: [ route_check ] --START--
INFO: CheckRoute Behavior ::run [ RunTime:0.013431s ]
INFO: [ route_check ] --END-- [ RunTime:0.013580s ]
INFO: [ app_begin ] --START--
INFO: ReadHtmlCache Behavior ::run [ RunTime:0.000732s ]
INFO: [ app_begin ] --END-- [ RunTime:0.000847s ]
SQL: SHOW COLUMNS FROM `tb_std` [ RunTime:0.034138s ]
ERR: 1146:Table 'db_xx.tb_std' doesn't exist
 [ SQL语句 ] : SHOW COLUMNS FROM `tb_std`
SQL: SELECT * FROM `tb_std` WHERE ( stdnm='富正飞' ) LIMIT 1   [ RunTime:0.000480s ]
ERR: 1146:Table 'db_xx.tb_std' doesn't exist
 [ SQL语句 ] : SELECT * FROM `tb_std` WHERE ( stdnm='富正飞' ) LIMIT 1  

[ 2015-07-02T11:34:20+08:00 ] 127.0.0.1 /xx/std.php/Std/loginin
INFO: [ route_check ] --START--
INFO: CheckRoute Behavior ::run [ RunTime:0.001438s ]
INFO: [ route_check ] --END-- [ RunTime:0.001646s ]
INFO: [ app_begin ] --START--
INFO: ReadHtmlCache Behavior ::run [ RunTime:0.000781s ]
INFO: [ app_begin ] --END-- [ RunTime:0.000897s ]
SQL: SHOW COLUMNS FROM `tb_grd` [ RunTime:0.033121s ]
SQL: SELECT * FROM `tb_grd` ORDER BY grdnm DESC  [ RunTime:0.129365s ]
SQL: SHOW COLUMNS FROM `tb_2015_std` [ RunTime:0.004066s ]

[ 2015-07-02T11:34:31+08:00 ] 127.0.0.1 /xx/std.php/Std/loginin
INFO: [ route_check ] --START--
INFO: CheckRoute Behavior ::run [ RunTime:0.000836s ]
INFO: [ route_check ] --END-- [ RunTime:0.000985s ]
INFO: [ app_begin ] --START--
INFO: ReadHtmlCache Behavior ::run [ RunTime:0.000666s ]
INFO: [ app_begin ] --END-- [ RunTime:0.000775s ]
SQL: SHOW COLUMNS FROM `tb_grd` [ RunTime:0.002826s ]
SQL: SELECT * FROM `tb_grd` ORDER BY grdnm DESC  [ RunTime:0.000302s ]
SQL: SHOW COLUMNS FROM `tb_2015_std` [ RunTime:0.004638s ]
SQL: SELECT COUNT(*) AS tp_count FROM `tb_2015_std` LIMIT 1  UNION SELECT * FROM tb_2014_std UNION SELECT * FROM tb_2013_std UNION SELECT * FROM tb_2012_std [ RunTime:0.035727s ]
ERR: 1146:Table 'db_xx.tb_2012_std' doesn't exist
 [ SQL语句 ] : SELECT COUNT(*) AS tp_count FROM `tb_2015_std` LIMIT 1  UNION SELECT * FROM tb_2014_std UNION SELECT * FROM tb_2013_std UNION SELECT * FROM tb_2012_std

[ 2015-07-02T13:36:41+08:00 ] 127.0.0.1 /xx/std.php
INFO: [ app_begin ] --START--
INFO: ReadHtmlCache Behavior ::run [ RunTime:0.001260s ]
INFO: [ app_begin ] --END-- [ RunTime:0.001465s ]
INFO: [ view_parse ] --START--
INFO: ParseTemplate Behavior ::run [ RunTime:0.079636s ]
INFO: [ view_parse ] --END-- [ RunTime:0.079795s ]
INFO: [ view_filter ] --START--
INFO: ContentReplace Behavior ::run [ RunTime:0.008353s ]
INFO: TokenBuild Behavior ::run [ RunTime:0.009051s ]
INFO: WriteHtmlCache Behavior ::run [ RunTime:0.000847s ]
INFO: ShowRuntime Behavior ::run [ RunTime:0.010006s ]
INFO: [ view_filter ] --END-- [ RunTime:0.028683s ]
INFO: [ view_end ] --START--
INFO: ShowPageTrace Behavior ::run [ RunTime:0.006904s ]
INFO: [ view_end ] --END-- [ RunTime:0.007036s ]

[ 2015-07-02T13:36:43+08:00 ] 127.0.0.1 /xx/std.php/Std/loginin
INFO: [ route_check ] --START--
INFO: CheckRoute Behavior ::run [ RunTime:0.016111s ]
INFO: [ route_check ] --END-- [ RunTime:0.016324s ]
INFO: [ app_begin ] --START--
INFO: ReadHtmlCache Behavior ::run [ RunTime:0.000928s ]
INFO: [ app_begin ] --END-- [ RunTime:0.001051s ]
SQL: SHOW COLUMNS FROM `tb_grd` [ RunTime:0.024513s ]
SQL: SELECT * FROM `tb_grd` ORDER BY grdnm DESC  [ RunTime:0.000430s ]
SQL: SHOW COLUMNS FROM `tb_2015_std` [ RunTime:0.029156s ]
SQL: SELECT COUNT(*) AS tp_count FROM `tb_2015_std` LIMIT 1  UNION SELECT * FROM tb_2014_std UNION SELECT * FROM tb_2013_std UNION SELECT * FROM tb_2012_std [ RunTime:0.009157s ]
ERR: 1146:Table 'db_xx.tb_2012_std' doesn't exist
 [ SQL语句 ] : SELECT COUNT(*) AS tp_count FROM `tb_2015_std` LIMIT 1  UNION SELECT * FROM tb_2014_std UNION SELECT * FROM tb_2013_std UNION SELECT * FROM tb_2012_std

[ 2015-07-02T13:38:15+08:00 ] 127.0.0.1 /xx/std.php/Std/loginin
INFO: [ route_check ] --START--
INFO: CheckRoute Behavior ::run [ RunTime:0.000835s ]
INFO: [ route_check ] --END-- [ RunTime:0.000984s ]
INFO: [ app_begin ] --START--
INFO: ReadHtmlCache Behavior ::run [ RunTime:0.000654s ]
INFO: [ app_begin ] --END-- [ RunTime:0.000763s ]
SQL: SHOW COLUMNS FROM `tb_grd` [ RunTime:0.003155s ]
SQL: SELECT * FROM `tb_grd` ORDER BY grdnm DESC  [ RunTime:0.000317s ]
SQL: SHOW COLUMNS FROM `tb_2015_std` [ RunTime:0.003580s ]
SQL: SELECT COUNT(*) AS tp_count FROM `tb_2015_std` LIMIT 1  UNION SELECT * FROM tb_2014_std UNION SELECT * FROM tb_2013_std UNION SELECT * FROM tb_2012_std [ RunTime:0.000438s ]
ERR: 1146:Table 'db_xx.tb_2012_std' doesn't exist
 [ SQL语句 ] : SELECT COUNT(*) AS tp_count FROM `tb_2015_std` LIMIT 1  UNION SELECT * FROM tb_2014_std UNION SELECT * FROM tb_2013_std UNION SELECT * FROM tb_2012_std

[ 2015-07-02T13:38:48+08:00 ] 127.0.0.1 /xx/std.php/Std/loginin
INFO: [ route_check ] --START--
INFO: CheckRoute Behavior ::run [ RunTime:0.001054s ]
INFO: [ route_check ] --END-- [ RunTime:0.001210s ]
INFO: [ app_begin ] --START--
INFO: ReadHtmlCache Behavior ::run [ RunTime:0.000764s ]
INFO: [ app_begin ] --END-- [ RunTime:0.000878s ]
SQL: SHOW COLUMNS FROM `tb_grd` [ RunTime:0.003029s ]
SQL: SELECT * FROM `tb_grd` ORDER BY grdnm DESC  [ RunTime:0.000372s ]
SQL: SHOW COLUMNS FROM `tb_2015_std` [ RunTime:0.003696s ]
SQL: SELECT * FROM `tb_2015_std` UNION SELECT * FROM tb_2014_std UNION SELECT * FROM tb_2013_std UNION SELECT * FROM tb_2012_std [ RunTime:0.000471s ]
ERR: 1146:Table 'db_xx.tb_2012_std' doesn't exist
 [ SQL语句 ] : SELECT * FROM `tb_2015_std` UNION SELECT * FROM tb_2014_std UNION SELECT * FROM tb_2013_std UNION SELECT * FROM tb_2012_std

[ 2015-07-02T13:39:08+08:00 ] 127.0.0.1 /xx/std.php/Std/loginin
INFO: [ route_check ] --START--
INFO: CheckRoute Behavior ::run [ RunTime:0.000819s ]
INFO: [ route_check ] --END-- [ RunTime:0.000965s ]
INFO: [ app_begin ] --START--
INFO: ReadHtmlCache Behavior ::run [ RunTime:0.000854s ]
INFO: [ app_begin ] --END-- [ RunTime:0.001031s ]
SQL: SHOW COLUMNS FROM `tb_grd` [ RunTime:0.002815s ]
SQL: SELECT * FROM `tb_grd` ORDER BY grdnm DESC  [ RunTime:0.000310s ]
SQL: SHOW COLUMNS FROM `tb_2015_std` [ RunTime:0.003781s ]

[ 2015-07-02T13:41:09+08:00 ] 127.0.0.1 /xx/std.php/Std/loginin
INFO: [ route_check ] --START--
INFO: CheckRoute Behavior ::run [ RunTime:0.001032s ]
INFO: [ route_check ] --END-- [ RunTime:0.001183s ]
INFO: [ app_begin ] --START--
INFO: ReadHtmlCache Behavior ::run [ RunTime:0.000723s ]
INFO: [ app_begin ] --END-- [ RunTime:0.000832s ]
SQL: SHOW COLUMNS FROM `tb_grd` [ RunTime:0.002922s ]
SQL: SELECT * FROM `tb_grd` ORDER BY grdnm DESC  [ RunTime:0.000389s ]
SQL: SHOW COLUMNS FROM `tb_2015_std` [ RunTime:0.003577s ]
SQL: SELECT COUNT(*) AS tp_count FROM `tb_2015_std` LIMIT 1  UNION SELECT * FROM tb_2014_std UNION SELECT * FROM tb_2013_std UNION SELECT * FROM tb_2012_std [ RunTime:0.000450s ]
ERR: 1146:Table 'db_xx.tb_2012_std' doesn't exist
 [ SQL语句 ] : SELECT COUNT(*) AS tp_count FROM `tb_2015_std` LIMIT 1  UNION SELECT * FROM tb_2014_std UNION SELECT * FROM tb_2013_std UNION SELECT * FROM tb_2012_std

[ 2015-07-02T13:42:17+08:00 ] 127.0.0.1 /xx/std.php/Std/loginin
INFO: [ route_check ] --START--
INFO: CheckRoute Behavior ::run [ RunTime:0.000858s ]
INFO: [ route_check ] --END-- [ RunTime:0.001011s ]
INFO: [ app_begin ] --START--
INFO: ReadHtmlCache Behavior ::run [ RunTime:0.000817s ]
INFO: [ app_begin ] --END-- [ RunTime:0.000927s ]
SQL: SHOW COLUMNS FROM `tb_grd` [ RunTime:0.002969s ]
SQL: SELECT * FROM `tb_grd` ORDER BY grdnm DESC  [ RunTime:0.000377s ]
SQL: SHOW COLUMNS FROM `tb_2013_std` [ RunTime:0.003805s ]
SQL: SELECT COUNT(*) AS tp_count FROM `tb_2013_std` LIMIT 1  UNION SELECT * FROM tb_2014_std [ RunTime:0.061034s ]
ERR: 1222:The used SELECT statements have a different number of columns
 [ SQL语句 ] : SELECT COUNT(*) AS tp_count FROM `tb_2013_std` LIMIT 1  UNION SELECT * FROM tb_2014_std

[ 2015-07-02T13:42:34+08:00 ] 127.0.0.1 /xx/std.php/Std/loginin
INFO: [ route_check ] --START--
INFO: CheckRoute Behavior ::run [ RunTime:0.000836s ]
INFO: [ route_check ] --END-- [ RunTime:0.000984s ]
INFO: [ app_begin ] --START--
INFO: ReadHtmlCache Behavior ::run [ RunTime:0.000651s ]
INFO: [ app_begin ] --END-- [ RunTime:0.000758s ]
SQL: SHOW COLUMNS FROM `tb_grd` [ RunTime:0.003041s ]
SQL: SELECT * FROM `tb_grd` ORDER BY grdnm DESC  [ RunTime:0.000492s ]
SQL: SHOW COLUMNS FROM `tb_2013_std` [ RunTime:0.003894s ]
SQL: SELECT COUNT(*) AS tp_count FROM `tb_2013_std` LIMIT 1  UNION SELECT stdnm FROM tb_2014_std [ RunTime:0.095228s ]

[ 2015-07-02T13:43:12+08:00 ] 127.0.0.1 /xx/std.php/Std/loginin
INFO: [ route_check ] --START--
INFO: CheckRoute Behavior ::run [ RunTime:0.001022s ]
INFO: [ route_check ] --END-- [ RunTime:0.001175s ]
INFO: [ app_begin ] --START--
INFO: ReadHtmlCache Behavior ::run [ RunTime:0.001133s ]
INFO: [ app_begin ] --END-- [ RunTime:0.001317s ]
SQL: SHOW COLUMNS FROM `tb_grd` [ RunTime:0.003159s ]
SQL: SELECT * FROM `tb_grd` ORDER BY grdnm DESC  [ RunTime:0.000449s ]
SQL: SHOW COLUMNS FROM `tb_2013_std` [ RunTime:0.005643s ]
SQL: SELECT COUNT(*) AS tp_count FROM `tb_2013_std` LIMIT 1  UNION SELECT stdnm FROM tb_2014_std UNION SELECT stdnm FROM tb_2014_std [ RunTime:0.007432s ]

[ 2015-07-02T13:43:23+08:00 ] 127.0.0.1 /xx/std.php/Std/loginin
INFO: [ route_check ] --START--
INFO: CheckRoute Behavior ::run [ RunTime:0.000833s ]
INFO: [ route_check ] --END-- [ RunTime:0.000986s ]
INFO: [ app_begin ] --START--
INFO: ReadHtmlCache Behavior ::run [ RunTime:0.000655s ]
INFO: [ app_begin ] --END-- [ RunTime:0.000764s ]
SQL: SHOW COLUMNS FROM `tb_grd` [ RunTime:0.003560s ]
SQL: SELECT * FROM `tb_grd` ORDER BY grdnm DESC  [ RunTime:0.000444s ]
SQL: SHOW COLUMNS FROM `tb_2013_std` [ RunTime:0.004615s ]
SQL: SELECT COUNT(*) AS tp_count FROM `tb_2013_std` LIMIT 1  UNION SELECT stdnm FROM tb_2014_std [ RunTime:0.003441s ]

[ 2015-07-02T13:43:43+08:00 ] 127.0.0.1 /xx/std.php/Std/loginin
INFO: [ route_check ] --START--
INFO: CheckRoute Behavior ::run [ RunTime:0.000836s ]
INFO: [ route_check ] --END-- [ RunTime:0.000984s ]
INFO: [ app_begin ] --START--
INFO: ReadHtmlCache Behavior ::run [ RunTime:0.000650s ]
INFO: [ app_begin ] --END-- [ RunTime:0.000757s ]
SQL: SHOW COLUMNS FROM `tb_grd` [ RunTime:0.002779s ]
SQL: SELECT * FROM `tb_grd` ORDER BY grdnm DESC  [ RunTime:0.000431s ]
SQL: SHOW COLUMNS FROM `tb_2013_std` [ RunTime:0.004874s ]
SQL: SELECT * FROM `tb_2013_std` UNION SELECT stdnm FROM tb_2014_std [ RunTime:0.000350s ]
ERR: 1222:The used SELECT statements have a different number of columns
 [ SQL语句 ] : SELECT * FROM `tb_2013_std` UNION SELECT stdnm FROM tb_2014_std

[ 2015-07-02T13:45:47+08:00 ] 127.0.0.1 /xx/std.php/Std/loginin
INFO: [ route_check ] --START--
INFO: CheckRoute Behavior ::run [ RunTime:0.001026s ]
INFO: [ route_check ] --END-- [ RunTime:0.001177s ]
INFO: [ app_begin ] --START--
INFO: ReadHtmlCache Behavior ::run [ RunTime:0.001018s ]
INFO: [ app_begin ] --END-- [ RunTime:0.001196s ]
SQL: SHOW COLUMNS FROM `tb_grd` [ RunTime:0.003000s ]
SQL: SELECT * FROM `tb_grd` ORDER BY grdnm DESC  [ RunTime:0.000384s ]
NOTIC: [8] Undefined variable: Model C:\wamp\www\xx\std\Lib\Action\StdAction.class.php 第 10 行.

[ 2015-07-02T13:49:11+08:00 ] 127.0.0.1 /xx/std.php/Std/loginin
INFO: [ route_check ] --START--
INFO: CheckRoute Behavior ::run [ RunTime:0.001139s ]
INFO: [ route_check ] --END-- [ RunTime:0.001327s ]
INFO: [ app_begin ] --START--
INFO: ReadHtmlCache Behavior ::run [ RunTime:0.000886s ]
INFO: [ app_begin ] --END-- [ RunTime:0.001034s ]
SQL: SHOW COLUMNS FROM `tb_grd` [ RunTime:0.002918s ]
SQL: SELECT * FROM `tb_grd` ORDER BY grdnm DESC  [ RunTime:0.000340s ]
SQL: SHOW COLUMNS FROM `tb_tb_2013_std` [ RunTime:0.051980s ]
ERR: 1146:Table 'db_xx.tb_tb_2013_std' doesn't exist
 [ SQL语句 ] : SHOW COLUMNS FROM `tb_tb_2013_std`
SQL: SELECT `name` FROM `tb_2013_std` UNION ALL SELECT stdnm FROM tb_2014_std [ RunTime:0.000291s ]
ERR: 1054:Unknown column 'name' in 'field list'
 [ SQL语句 ] : SELECT `name` FROM `tb_2013_std` UNION ALL SELECT stdnm FROM tb_2014_std

[ 2015-07-02T13:49:29+08:00 ] 127.0.0.1 /xx/std.php/Std/loginin
INFO: [ route_check ] --START--
INFO: CheckRoute Behavior ::run [ RunTime:0.000886s ]
INFO: [ route_check ] --END-- [ RunTime:0.001039s ]
INFO: [ app_begin ] --START--
INFO: ReadHtmlCache Behavior ::run [ RunTime:0.000670s ]
INFO: [ app_begin ] --END-- [ RunTime:0.000779s ]
SQL: SHOW COLUMNS FROM `tb_grd` [ RunTime:0.002731s ]
SQL: SELECT * FROM `tb_grd` ORDER BY grdnm DESC  [ RunTime:0.000291s ]
SQL: SHOW COLUMNS FROM `tb_tb_2013_std` [ RunTime:0.002701s ]
ERR: 1146:Table 'db_xx.tb_tb_2013_std' doesn't exist
 [ SQL语句 ] : SHOW COLUMNS FROM `tb_tb_2013_std`
SQL: SELECT `stdnm` FROM `tb_2013_std` UNION ALL SELECT stdnm FROM tb_2014_std [ RunTime:0.004388s ]

[ 2015-07-02T13:50:40+08:00 ] 127.0.0.1 /xx/std.php/Std/loginin
INFO: [ route_check ] --START--
INFO: CheckRoute Behavior ::run [ RunTime:0.001265s ]
INFO: [ route_check ] --END-- [ RunTime:0.001499s ]
INFO: [ app_begin ] --START--
INFO: ReadHtmlCache Behavior ::run [ RunTime:0.000970s ]
INFO: [ app_begin ] --END-- [ RunTime:0.001180s ]
SQL: SHOW COLUMNS FROM `tb_grd` [ RunTime:0.003017s ]
SQL: SELECT * FROM `tb_grd` ORDER BY grdnm DESC  [ RunTime:0.000433s ]
SQL: SHOW COLUMNS FROM `tb_tb_2013_std` [ RunTime:0.002557s ]
ERR: 1146:Table 'db_xx.tb_tb_2013_std' doesn't exist
 [ SQL语句 ] : SHOW COLUMNS FROM `tb_tb_2013_std`
SQL: SELECT `f_std_grdid`,`stdnm` FROM `tb_2013_std` UNION ALL SELECT stdnm FROM tb_2014_std [ RunTime:0.000256s ]
ERR: 1222:The used SELECT statements have a different number of columns
 [ SQL语句 ] : SELECT `f_std_grdid`,`stdnm` FROM `tb_2013_std` UNION ALL SELECT stdnm FROM tb_2014_std

[ 2015-07-02T13:57:38+08:00 ] 127.0.0.1 /xx/std.php/Std/loginin
INFO: [ route_check ] --START--
INFO: CheckRoute Behavior ::run [ RunTime:0.020295s ]
INFO: [ route_check ] --END-- [ RunTime:0.020465s ]
INFO: [ app_begin ] --START--
INFO: ReadHtmlCache Behavior ::run [ RunTime:0.001537s ]
INFO: [ app_begin ] --END-- [ RunTime:0.001716s ]
SQL: SHOW COLUMNS FROM `tb_grd` [ RunTime:0.056273s ]
SQL: SELECT * FROM `tb_grd` ORDER BY grdnm DESC  [ RunTime:0.000371s ]
SQL: SHOW COLUMNS FROM `tb_tb_2013_std` [ RunTime:0.030796s ]
ERR: 1146:Table 'db_xx.tb_tb_2013_std' doesn't exist
 [ SQL语句 ] : SHOW COLUMNS FROM `tb_tb_2013_std`
SQL: SELECT `f_std_grdid` FROM `tb_2013_std` UNION ALL SELECT stdnm FROM tb_2014_std [ RunTime:0.003289s ]

[ 2015-07-02T13:58:11+08:00 ] 127.0.0.1 /xx/std.php/Std/loginin
INFO: [ route_check ] --START--
INFO: CheckRoute Behavior ::run [ RunTime:0.000955s ]
INFO: [ route_check ] --END-- [ RunTime:0.001111s ]
INFO: [ app_begin ] --START--
INFO: ReadHtmlCache Behavior ::run [ RunTime:0.000699s ]
INFO: [ app_begin ] --END-- [ RunTime:0.000813s ]
SQL: SHOW COLUMNS FROM `tb_grd` [ RunTime:0.002761s ]
SQL: SELECT * FROM `tb_grd` ORDER BY grdnm DESC  [ RunTime:0.000303s ]
SQL: SHOW COLUMNS FROM `tb_tb_2013_std` [ RunTime:0.002444s ]
ERR: 1146:Table 'db_xx.tb_tb_2013_std' doesn't exist
 [ SQL语句 ] : SHOW COLUMNS FROM `tb_tb_2013_std`
SQL: SELECT * FROM `tb_tb_2013_std` UNION ALL SELECT stdnm FROM tb_2014_std [ RunTime:0.000390s ]
ERR: 1146:Table 'db_xx.tb_tb_2013_std' doesn't exist
 [ SQL语句 ] : SELECT * FROM `tb_tb_2013_std` UNION ALL SELECT stdnm FROM tb_2014_std

[ 2015-07-02T13:58:50+08:00 ] 127.0.0.1 /xx/std.php/Std/loginin
INFO: [ route_check ] --START--
INFO: CheckRoute Behavior ::run [ RunTime:0.000939s ]
INFO: [ route_check ] --END-- [ RunTime:0.001133s ]
INFO: [ app_begin ] --START--
INFO: ReadHtmlCache Behavior ::run [ RunTime:0.000757s ]
INFO: [ app_begin ] --END-- [ RunTime:0.000877s ]
SQL: SHOW COLUMNS FROM `tb_grd` [ RunTime:0.003297s ]
SQL: SELECT * FROM `tb_grd` ORDER BY grdnm DESC  [ RunTime:0.000321s ]
SQL: SHOW COLUMNS FROM `tb_tb_2013_std` [ RunTime:0.002345s ]
ERR: 1146:Table 'db_xx.tb_tb_2013_std' doesn't exist
 [ SQL语句 ] : SHOW COLUMNS FROM `tb_tb_2013_std`
SQL: SELECT `f_std_grdid`,`stdnm` FROM `tb_2013_std` UNION ALL SELECT stdnm FROM tb_2014_std [ RunTime:0.000238s ]
ERR: 1222:The used SELECT statements have a different number of columns
 [ SQL语句 ] : SELECT `f_std_grdid`,`stdnm` FROM `tb_2013_std` UNION ALL SELECT stdnm FROM tb_2014_std

[ 2015-07-02T13:58:57+08:00 ] 127.0.0.1 /xx/std.php/Std/loginin
INFO: [ route_check ] --START--
INFO: CheckRoute Behavior ::run [ RunTime:0.000856s ]
INFO: [ route_check ] --END-- [ RunTime:0.001068s ]
INFO: [ app_begin ] --START--
INFO: ReadHtmlCache Behavior ::run [ RunTime:0.000732s ]
INFO: [ app_begin ] --END-- [ RunTime:0.000846s ]
SQL: SHOW COLUMNS FROM `tb_grd` [ RunTime:0.003108s ]
SQL: SELECT * FROM `tb_grd` ORDER BY grdnm DESC  [ RunTime:0.000366s ]
SQL: SHOW COLUMNS FROM `tb_tb_2013_std` [ RunTime:0.002482s ]
ERR: 1146:Table 'db_xx.tb_tb_2013_std' doesn't exist
 [ SQL语句 ] : SHOW COLUMNS FROM `tb_tb_2013_std`
SQL: SELECT `f_std_grdid`,`stdnm` FROM `tb_2013_std` UNION ALL SELECT stdnm FROM tb_2014_std [ RunTime:0.000258s ]
ERR: 1222:The used SELECT statements have a different number of columns
 [ SQL语句 ] : SELECT `f_std_grdid`,`stdnm` FROM `tb_2013_std` UNION ALL SELECT stdnm FROM tb_2014_std

[ 2015-07-02T14:01:56+08:00 ] 127.0.0.1 /xx/std.php/Std/loginin
INFO: [ route_check ] --START--
INFO: CheckRoute Behavior ::run [ RunTime:0.001034s ]
INFO: [ route_check ] --END-- [ RunTime:0.001186s ]
INFO: [ app_begin ] --START--
INFO: ReadHtmlCache Behavior ::run [ RunTime:0.000774s ]
INFO: [ app_begin ] --END-- [ RunTime:0.000911s ]
SQL: SHOW COLUMNS FROM `tb_grd` [ RunTime:0.002863s ]
SQL: SELECT * FROM `tb_grd` ORDER BY grdnm DESC  [ RunTime:0.000338s ]
SQL: SHOW COLUMNS FROM `tb_tb_2013_std` [ RunTime:0.002361s ]
ERR: 1146:Table 'db_xx.tb_tb_2013_std' doesn't exist
 [ SQL语句 ] : SHOW COLUMNS FROM `tb_tb_2013_std`
SQL: SELECT `f_std_grdid` FROM `tb_2013_std` WHERE ( stdnm='富正飞' ) UNION ALL SELECT stdnm FROM tb_2014_std [ RunTime:0.003873s ]

[ 2015-07-02T14:04:23+08:00 ] 127.0.0.1 /xx/std.php/Std/loginin
INFO: [ route_check ] --START--
INFO: CheckRoute Behavior ::run [ RunTime:0.001038s ]
INFO: [ route_check ] --END-- [ RunTime:0.001190s ]
INFO: [ app_begin ] --START--
INFO: ReadHtmlCache Behavior ::run [ RunTime:0.000802s ]
INFO: [ app_begin ] --END-- [ RunTime:0.000917s ]
SQL: SHOW COLUMNS FROM `tb_grd` [ RunTime:0.002874s ]
SQL: SELECT * FROM `tb_grd` ORDER BY grdnm DESC  [ RunTime:0.000375s ]
SQL: SHOW COLUMNS FROM `tb_tb_2013_std` [ RunTime:0.003301s ]
ERR: 1146:Table 'db_xx.tb_tb_2013_std' doesn't exist
 [ SQL语句 ] : SHOW COLUMNS FROM `tb_tb_2013_std`
SQL: SELECT `f_std_grdid` FROM `tb_2013_std` WHERE ( stdnm='甘静怡' ) UNION ALL SELECT stdnm FROM tb_2014_std [ RunTime:0.053763s ]

[ 2015-07-02T14:11:14+08:00 ] 127.0.0.1 /xx/std.php/Std/loginin
INFO: [ route_check ] --START--
INFO: CheckRoute Behavior ::run [ RunTime:0.001388s ]
INFO: [ route_check ] --END-- [ RunTime:0.001542s ]
INFO: [ app_begin ] --START--
INFO: ReadHtmlCache Behavior ::run [ RunTime:0.000739s ]
INFO: [ app_begin ] --END-- [ RunTime:0.000859s ]
SQL: SHOW COLUMNS FROM `tb_grd` [ RunTime:0.047288s ]
SQL: SELECT * FROM `tb_grd` ORDER BY grdnm DESC  [ RunTime:0.000414s ]
SQL: SHOW COLUMNS FROM `tb_2015_std` [ RunTime:0.029251s ]
NOTIC: [8] Use of undefined constant stdnm - assumed 'stdnm' C:\wamp\www\xx\std\Lib\Action\StdAction.class.php 第 21 行.
SQL: SELECT * FROM `tb_2015_std` WHERE ( stdnm='stdnm' ) LIMIT 1   [ RunTime:0.022295s ]
SQL: SHOW COLUMNS FROM `tb_2014_std` [ RunTime:0.003976s ]
NOTIC: [8] Use of undefined constant stdnm - assumed 'stdnm' C:\wamp\www\xx\std\Lib\Action\StdAction.class.php 第 21 行.
SQL: SELECT * FROM `tb_2014_std` WHERE ( stdnm='stdnm' ) LIMIT 1   [ RunTime:0.003656s ]
SQL: SHOW COLUMNS FROM `tb_2013_std` [ RunTime:0.020418s ]
NOTIC: [8] Use of undefined constant stdnm - assumed 'stdnm' C:\wamp\www\xx\std\Lib\Action\StdAction.class.php 第 21 行.
SQL: SELECT * FROM `tb_2013_std` WHERE ( stdnm='stdnm' ) LIMIT 1   [ RunTime:0.002027s ]
SQL: SHOW COLUMNS FROM `tb_2012_std` [ RunTime:0.010063s ]
ERR: 1146:Table 'db_xx.tb_2012_std' doesn't exist
 [ SQL语句 ] : SHOW COLUMNS FROM `tb_2012_std`
NOTIC: [8] Use of undefined constant stdnm - assumed 'stdnm' C:\wamp\www\xx\std\Lib\Action\StdAction.class.php 第 21 行.
SQL: SELECT * FROM `tb_2012_std` WHERE ( stdnm='stdnm' ) LIMIT 1   [ RunTime:0.000358s ]
ERR: 1146:Table 'db_xx.tb_2012_std' doesn't exist
 [ SQL语句 ] : SELECT * FROM `tb_2012_std` WHERE ( stdnm='stdnm' ) LIMIT 1  

[ 2015-07-02T14:11:20+08:00 ] 127.0.0.1 /xx/std.php/Std/loginin
INFO: [ route_check ] --START--
INFO: CheckRoute Behavior ::run [ RunTime:0.000887s ]
INFO: [ route_check ] --END-- [ RunTime:0.001043s ]
INFO: [ app_begin ] --START--
INFO: ReadHtmlCache Behavior ::run [ RunTime:0.000701s ]
INFO: [ app_begin ] --END-- [ RunTime:0.000811s ]
SQL: SHOW COLUMNS FROM `tb_grd` [ RunTime:0.002635s ]
SQL: SELECT * FROM `tb_grd` ORDER BY grdnm DESC  [ RunTime:0.000303s ]
SQL: SHOW COLUMNS FROM `tb_2015_std` [ RunTime:0.003832s ]
NOTIC: [8] Use of undefined constant stdnm - assumed 'stdnm' C:\wamp\www\xx\std\Lib\Action\StdAction.class.php 第 21 行.
SQL: SELECT * FROM `tb_2015_std` WHERE ( stdnm='stdnm' ) LIMIT 1   [ RunTime:0.000756s ]
SQL: SHOW COLUMNS FROM `tb_2014_std` [ RunTime:0.004183s ]
NOTIC: [8] Use of undefined constant stdnm - assumed 'stdnm' C:\wamp\www\xx\std\Lib\Action\StdAction.class.php 第 21 行.
SQL: SELECT * FROM `tb_2014_std` WHERE ( stdnm='stdnm' ) LIMIT 1   [ RunTime:0.003496s ]
SQL: SHOW COLUMNS FROM `tb_2013_std` [ RunTime:0.003825s ]
NOTIC: [8] Use of undefined constant stdnm - assumed 'stdnm' C:\wamp\www\xx\std\Lib\Action\StdAction.class.php 第 21 行.
SQL: SELECT * FROM `tb_2013_std` WHERE ( stdnm='stdnm' ) LIMIT 1   [ RunTime:0.001838s ]
SQL: SHOW COLUMNS FROM `tb_2012_std` [ RunTime:0.002601s ]
ERR: 1146:Table 'db_xx.tb_2012_std' doesn't exist
 [ SQL语句 ] : SHOW COLUMNS FROM `tb_2012_std`
NOTIC: [8] Use of undefined constant stdnm - assumed 'stdnm' C:\wamp\www\xx\std\Lib\Action\StdAction.class.php 第 21 行.
SQL: SELECT * FROM `tb_2012_std` WHERE ( stdnm='stdnm' ) LIMIT 1   [ RunTime:0.000369s ]
ERR: 1146:Table 'db_xx.tb_2012_std' doesn't exist
 [ SQL语句 ] : SELECT * FROM `tb_2012_std` WHERE ( stdnm='stdnm' ) LIMIT 1  

[ 2015-07-02T14:11:56+08:00 ] 127.0.0.1 /xx/std.php/Std/loginin
INFO: [ route_check ] --START--
INFO: CheckRoute Behavior ::run [ RunTime:0.000949s ]
INFO: [ route_check ] --END-- [ RunTime:0.001123s ]
INFO: [ app_begin ] --START--
INFO: ReadHtmlCache Behavior ::run [ RunTime:0.000669s ]
INFO: [ app_begin ] --END-- [ RunTime:0.000780s ]
SQL: SHOW COLUMNS FROM `tb_grd` [ RunTime:0.011924s ]
SQL: SELECT * FROM `tb_grd` ORDER BY grdnm DESC  [ RunTime:0.000367s ]
SQL: SHOW COLUMNS FROM `tb_2015_std` [ RunTime:0.003832s ]
SQL: SELECT * FROM `tb_2015_std` WHERE ( stdnm='富正飞' ) LIMIT 1   [ RunTime:0.000738s ]
SQL: SHOW COLUMNS FROM `tb_2014_std` [ RunTime:0.004201s ]
SQL: SELECT * FROM `tb_2014_std` WHERE ( stdnm='富正飞' ) LIMIT 1   [ RunTime:0.003597s ]
SQL: SHOW COLUMNS FROM `tb_2013_std` [ RunTime:0.004812s ]
SQL: SELECT * FROM `tb_2013_std` WHERE ( stdnm='富正飞' ) LIMIT 1   [ RunTime:0.001069s ]
SQL: SHOW COLUMNS FROM `tb_2012_std` [ RunTime:0.002618s ]
ERR: 1146:Table 'db_xx.tb_2012_std' doesn't exist
 [ SQL语句 ] : SHOW COLUMNS FROM `tb_2012_std`
SQL: SELECT * FROM `tb_2012_std` WHERE ( stdnm='富正飞' ) LIMIT 1   [ RunTime:0.000355s ]
ERR: 1146:Table 'db_xx.tb_2012_std' doesn't exist
 [ SQL语句 ] : SELECT * FROM `tb_2012_std` WHERE ( stdnm='富正飞' ) LIMIT 1  

[ 2015-07-02T15:11:33+08:00 ] 127.0.0.1 /xx/std.php/Std/loginin
INFO: [ route_check ] --START--
INFO: CheckRoute Behavior ::run [ RunTime:0.001249s ]
INFO: [ route_check ] --END-- [ RunTime:0.001399s ]
INFO: [ app_begin ] --START--
INFO: ReadHtmlCache Behavior ::run [ RunTime:0.000757s ]
INFO: [ app_begin ] --END-- [ RunTime:0.000889s ]
SQL: SHOW COLUMNS FROM `tb_grd` [ RunTime:0.003271s ]
SQL: SELECT * FROM `tb_grd` ORDER BY grdnm DESC  [ RunTime:0.000384s ]
SQL: SHOW COLUMNS FROM `tb_2015_std` [ RunTime:0.003968s ]
SQL: SELECT * FROM `tb_2015_std` LEFT JOIN tb_grd ON f_std_grdid=grdid WHERE ( stdnm='富正飞' ) LIMIT 1   [ RunTime:0.048655s ]
SQL: SHOW COLUMNS FROM `tb_2014_std` [ RunTime:0.004013s ]
SQL: SELECT * FROM `tb_2014_std` LEFT JOIN tb_grd ON f_std_grdid=grdid WHERE ( stdnm='富正飞' ) LIMIT 1   [ RunTime:0.004324s ]
SQL: SHOW COLUMNS FROM `tb_2013_std` [ RunTime:0.004102s ]
SQL: SELECT * FROM `tb_2013_std` LEFT JOIN tb_grd ON f_std_grdid=grdid WHERE ( stdnm='富正飞' ) LIMIT 1   [ RunTime:0.001179s ]
SQL: SHOW COLUMNS FROM `tb_2012_std` [ RunTime:0.003148s ]
ERR: 1146:Table 'db_xx.tb_2012_std' doesn't exist
 [ SQL语句 ] : SHOW COLUMNS FROM `tb_2012_std`
SQL: SELECT * FROM `tb_2012_std` LEFT JOIN tb_grd ON f_std_grdid=grdid WHERE ( stdnm='富正飞' ) LIMIT 1   [ RunTime:0.000458s ]
ERR: 1146:Table 'db_xx.tb_2012_std' doesn't exist
 [ SQL语句 ] : SELECT * FROM `tb_2012_std` LEFT JOIN tb_grd ON f_std_grdid=grdid WHERE ( stdnm='富正飞' ) LIMIT 1  
SQL: SELECT * FROM `tb_2013_std` WHERE ( stdnm='富正飞' AND stdno='13005317105' ) LIMIT 1   [ RunTime:0.022294s ]
SQL: SELECT * FROM `tb_2013_std` WHERE ( stdnm='富正飞' AND stdno='13005317105' ) LIMIT 1   [ RunTime:0.000984s ]

[ 2015-07-02T15:11:34+08:00 ] 127.0.0.1 /xx/std.php
INFO: [ app_begin ] --START--
INFO: ReadHtmlCache Behavior ::run [ RunTime:0.000673s ]
INFO: [ app_begin ] --END-- [ RunTime:0.000820s ]
SQL: SHOW COLUMNS FROM `tb_std` [ RunTime:0.003385s ]
ERR: 1146:Table 'db_xx.tb_std' doesn't exist
 [ SQL语句 ] : SHOW COLUMNS FROM `tb_std`
SQL: SELECT * FROM `tb_std` WHERE ( stdid=113 ) LIMIT 1   [ RunTime:0.000445s ]
ERR: 1146:Table 'db_xx.tb_std' doesn't exist
 [ SQL语句 ] : SELECT * FROM `tb_std` WHERE ( stdid=113 ) LIMIT 1  
SQL: SELECT * FROM `tb_std` WHERE ( stdid=113 ) LIMIT 1   [ RunTime:0.000450s ]
ERR: 1146:Table 'db_xx.tb_std' doesn't exist
 [ SQL语句 ] : SELECT * FROM `tb_std` WHERE ( stdid=113 ) LIMIT 1  
SQL: SELECT * FROM `tb_std` WHERE ( stdid=113 ) LIMIT 1   [ RunTime:0.000414s ]
ERR: 1146:Table 'db_xx.tb_std' doesn't exist
 [ SQL语句 ] : SELECT * FROM `tb_std` WHERE ( stdid=113 ) LIMIT 1  
NOTIC: [2] Missing argument 1 for KZMBAction::setkzmb(), called in C:\wamp\www\xx\std\Lib\Action\IndexAction.class.php on line 27 and defined C:\wamp\www\xx\std\Lib\KZMB\KZMBAction.class.php 第 3 行.
SQL: SHOW COLUMNS FROM `tb_stdbtn` [ RunTime:0.003161s ]
SQL: SELECT * FROM `tb_stdbtn` WHERE ( f_stdbtn_stdid=113 AND stdbtnnm='lft' ) LIMIT 1   [ RunTime:0.000335s ]
SQL: SELECT * FROM `tb_stdbtn` WHERE ( f_stdbtn_stdid=113 AND stdbtnnm='bs' ) LIMIT 1   [ RunTime:0.000284s ]
INFO: [ view_parse ] --START--
NOTIC: [8] Undefined variable: ntfstr C:\wamp\www\xx\std\Runtime\Cache\9c288f5594010517c700781ca130ef0a.php 第 61 行.
NOTIC: [8] Undefined variable: atcls C:\wamp\www\xx\std\Runtime\Cache\9c288f5594010517c700781ca130ef0a.php 第 173 行.
INFO: ParseTemplate Behavior ::run [ RunTime:0.203554s ]
INFO: [ view_parse ] --END-- [ RunTime:0.203712s ]
INFO: [ view_filter ] --START--
INFO: ContentReplace Behavior ::run [ RunTime:0.005561s ]
INFO: TokenBuild Behavior ::run [ RunTime:0.008862s ]
INFO: WriteHtmlCache Behavior ::run [ RunTime:0.000789s ]
INFO: ShowRuntime Behavior ::run [ RunTime:0.010080s ]
INFO: [ view_filter ] --END-- [ RunTime:0.025705s ]
INFO: [ view_end ] --START--
INFO: ShowPageTrace Behavior ::run [ RunTime:0.006866s ]
INFO: [ view_end ] --END-- [ RunTime:0.006996s ]

[ 2015-07-02T15:12:05+08:00 ] 127.0.0.1 /xx/std.php
INFO: [ app_begin ] --START--
INFO: ReadHtmlCache Behavior ::run [ RunTime:0.001021s ]
INFO: [ app_begin ] --END-- [ RunTime:0.001253s ]
SQL: SHOW COLUMNS FROM `tb_std` [ RunTime:0.002405s ]
ERR: 1146:Table 'db_xx.tb_std' doesn't exist
 [ SQL语句 ] : SHOW COLUMNS FROM `tb_std`
SQL: SELECT * FROM `tb_std` WHERE ( stdid=113 ) LIMIT 1   [ RunTime:0.000268s ]
ERR: 1146:Table 'db_xx.tb_std' doesn't exist
 [ SQL语句 ] : SELECT * FROM `tb_std` WHERE ( stdid=113 ) LIMIT 1  
SQL: SELECT * FROM `tb_std` WHERE ( stdid=113 ) LIMIT 1   [ RunTime:0.000414s ]
ERR: 1146:Table 'db_xx.tb_std' doesn't exist
 [ SQL语句 ] : SELECT * FROM `tb_std` WHERE ( stdid=113 ) LIMIT 1  
SQL: SELECT * FROM `tb_std` WHERE ( stdid=113 ) LIMIT 1   [ RunTime:0.000346s ]
ERR: 1146:Table 'db_xx.tb_std' doesn't exist
 [ SQL语句 ] : SELECT * FROM `tb_std` WHERE ( stdid=113 ) LIMIT 1  
NOTIC: [2] Missing argument 1 for KZMBAction::setkzmb(), called in C:\wamp\www\xx\std\Lib\Action\IndexAction.class.php on line 27 and defined C:\wamp\www\xx\std\Lib\KZMB\KZMBAction.class.php 第 3 行.
SQL: SHOW COLUMNS FROM `tb_stdbtn` [ RunTime:0.002823s ]
SQL: SELECT * FROM `tb_stdbtn` WHERE ( f_stdbtn_stdid=113 AND stdbtnnm='lft' ) LIMIT 1   [ RunTime:0.000412s ]
SQL: SELECT * FROM `tb_stdbtn` WHERE ( f_stdbtn_stdid=113 AND stdbtnnm='bs' ) LIMIT 1   [ RunTime:0.000326s ]
INFO: [ view_parse ] --START--
NOTIC: [8] Undefined variable: ntfstr C:\wamp\www\xx\std\Runtime\Cache\9c288f5594010517c700781ca130ef0a.php 第 61 行.
NOTIC: [8] Undefined variable: atcls C:\wamp\www\xx\std\Runtime\Cache\9c288f5594010517c700781ca130ef0a.php 第 173 行.
INFO: ParseTemplate Behavior ::run [ RunTime:0.013869s ]
INFO: [ view_parse ] --END-- [ RunTime:0.014005s ]
INFO: [ view_filter ] --START--
INFO: ContentReplace Behavior ::run [ RunTime:0.000591s ]
INFO: TokenBuild Behavior ::run [ RunTime:0.000551s ]
INFO: WriteHtmlCache Behavior ::run [ RunTime:0.000376s ]
INFO: ShowRuntime Behavior ::run [ RunTime:0.000642s ]
INFO: [ view_filter ] --END-- [ RunTime:0.002537s ]
INFO: [ view_end ] --START--
INFO: ShowPageTrace Behavior ::run [ RunTime:0.000683s ]
INFO: [ view_end ] --END-- [ RunTime:0.000803s ]

[ 2015-07-02T15:35:28+08:00 ] 127.0.0.1 /xx/std.php
INFO: [ app_begin ] --START--
INFO: ReadHtmlCache Behavior ::run [ RunTime:0.000833s ]
INFO: [ app_begin ] --END-- [ RunTime:0.000992s ]
SQL: SHOW COLUMNS FROM `tb_std` [ RunTime:0.002420s ]
ERR: 1146:Table 'db_xx.tb_std' doesn't exist
 [ SQL语句 ] : SHOW COLUMNS FROM `tb_std`
SQL: SELECT * FROM `tb_std` WHERE ( stdid=113 ) LIMIT 1   [ RunTime:0.000287s ]
ERR: 1146:Table 'db_xx.tb_std' doesn't exist
 [ SQL语句 ] : SELECT * FROM `tb_std` WHERE ( stdid=113 ) LIMIT 1  
SQL: SELECT * FROM `tb_std` WHERE ( stdid=113 ) LIMIT 1   [ RunTime:0.000266s ]
ERR: 1146:Table 'db_xx.tb_std' doesn't exist
 [ SQL语句 ] : SELECT * FROM `tb_std` WHERE ( stdid=113 ) LIMIT 1  
SQL: SELECT * FROM `tb_std` WHERE ( stdid=113 ) LIMIT 1   [ RunTime:0.000256s ]
ERR: 1146:Table 'db_xx.tb_std' doesn't exist
 [ SQL语句 ] : SELECT * FROM `tb_std` WHERE ( stdid=113 ) LIMIT 1  
NOTIC: [2] Missing argument 1 for KZMBAction::setkzmb(), called in C:\wamp\www\xx\std\Lib\Action\IndexAction.class.php on line 27 and defined C:\wamp\www\xx\std\Lib\KZMB\KZMBAction.class.php 第 3 行.
SQL: SHOW COLUMNS FROM `tb_stdbtn` [ RunTime:0.002948s ]
SQL: SELECT * FROM `tb_stdbtn` WHERE ( f_stdbtn_stdid=113 AND stdbtnnm='lft' ) LIMIT 1   [ RunTime:0.000419s ]
SQL: SELECT * FROM `tb_stdbtn` WHERE ( f_stdbtn_stdid=113 AND stdbtnnm='bs' ) LIMIT 1   [ RunTime:0.000378s ]
INFO: [ view_parse ] --START--
NOTIC: [8] Undefined variable: ntfstr C:\wamp\www\xx\std\Runtime\Cache\9c288f5594010517c700781ca130ef0a.php 第 61 行.
NOTIC: [8] Undefined variable: atcls C:\wamp\www\xx\std\Runtime\Cache\9c288f5594010517c700781ca130ef0a.php 第 173 行.
INFO: ParseTemplate Behavior ::run [ RunTime:0.013885s ]
INFO: [ view_parse ] --END-- [ RunTime:0.014022s ]
INFO: [ view_filter ] --START--
INFO: ContentReplace Behavior ::run [ RunTime:0.000658s ]
INFO: TokenBuild Behavior ::run [ RunTime:0.000669s ]
INFO: WriteHtmlCache Behavior ::run [ RunTime:0.000454s ]
INFO: ShowRuntime Behavior ::run [ RunTime:0.000707s ]
INFO: [ view_filter ] --END-- [ RunTime:0.002835s ]
INFO: [ view_end ] --START--
INFO: ShowPageTrace Behavior ::run [ RunTime:0.000758s ]
INFO: [ view_end ] --END-- [ RunTime:0.000891s ]

[ 2015-07-02T15:35:30+08:00 ] 127.0.0.1 /xx/std.php/Std/loginout
INFO: [ route_check ] --START--
INFO: CheckRoute Behavior ::run [ RunTime:0.000977s ]
INFO: [ route_check ] --END-- [ RunTime:0.001152s ]
INFO: [ app_begin ] --START--
INFO: ReadHtmlCache Behavior ::run [ RunTime:0.000753s ]
INFO: [ app_begin ] --END-- [ RunTime:0.000875s ]

[ 2015-07-02T15:35:31+08:00 ] 127.0.0.1 /xx/std.php
INFO: [ app_begin ] --START--
INFO: ReadHtmlCache Behavior ::run [ RunTime:0.000847s ]
INFO: [ app_begin ] --END-- [ RunTime:0.001053s ]
INFO: [ view_parse ] --START--
INFO: ParseTemplate Behavior ::run [ RunTime:0.018428s ]
INFO: [ view_parse ] --END-- [ RunTime:0.018588s ]
INFO: [ view_filter ] --START--
INFO: ContentReplace Behavior ::run [ RunTime:0.000552s ]
INFO: TokenBuild Behavior ::run [ RunTime:0.000532s ]
INFO: WriteHtmlCache Behavior ::run [ RunTime:0.000378s ]
INFO: ShowRuntime Behavior ::run [ RunTime:0.000638s ]
INFO: [ view_filter ] --END-- [ RunTime:0.002441s ]
INFO: [ view_end ] --START--
INFO: ShowPageTrace Behavior ::run [ RunTime:0.000718s ]
INFO: [ view_end ] --END-- [ RunTime:0.000870s ]

[ 2015-07-02T15:57:20+08:00 ] 127.0.0.1 /xx/std.php/Std/loginin
INFO: [ route_check ] --START--
INFO: CheckRoute Behavior ::run [ RunTime:0.001213s ]
INFO: [ route_check ] --END-- [ RunTime:0.001418s ]
INFO: [ app_begin ] --START--
INFO: ReadHtmlCache Behavior ::run [ RunTime:0.001292s ]
INFO: [ app_begin ] --END-- [ RunTime:0.001484s ]
SQL: SHOW COLUMNS FROM `tb_grd` [ RunTime:0.003199s ]
SQL: SELECT * FROM `tb_grd` ORDER BY grdnm DESC  [ RunTime:0.000412s ]
SQL: SHOW COLUMNS FROM `tb_2015_std` [ RunTime:0.004048s ]
SQL: SELECT * FROM `tb_2015_std` LEFT JOIN tb_grd ON f_std_grdid=grdid WHERE ( stdnm='富正飞' ) LIMIT 1   [ RunTime:0.001085s ]
SQL: SHOW COLUMNS FROM `tb_2014_std` [ RunTime:0.005224s ]
SQL: SELECT * FROM `tb_2014_std` LEFT JOIN tb_grd ON f_std_grdid=grdid WHERE ( stdnm='富正飞' ) LIMIT 1   [ RunTime:0.004644s ]
SQL: SHOW COLUMNS FROM `tb_2013_std` [ RunTime:0.004442s ]
SQL: SELECT * FROM `tb_2013_std` LEFT JOIN tb_grd ON f_std_grdid=grdid WHERE ( stdnm='富正飞' ) LIMIT 1   [ RunTime:0.001163s ]
SQL: SHOW COLUMNS FROM `tb_2012_std` [ RunTime:0.002603s ]
ERR: 1146:Table 'db_xx.tb_2012_std' doesn't exist
 [ SQL语句 ] : SHOW COLUMNS FROM `tb_2012_std`
SQL: SELECT * FROM `tb_2012_std` LEFT JOIN tb_grd ON f_std_grdid=grdid WHERE ( stdnm='富正飞' ) LIMIT 1   [ RunTime:0.000411s ]
ERR: 1146:Table 'db_xx.tb_2012_std' doesn't exist
 [ SQL语句 ] : SELECT * FROM `tb_2012_std` LEFT JOIN tb_grd ON f_std_grdid=grdid WHERE ( stdnm='富正飞' ) LIMIT 1  
SQL: SELECT * FROM `tb_2013_std` WHERE ( stdnm='富正飞' AND stdno='13005317105' ) LIMIT 1   [ RunTime:0.000999s ]
SQL: SELECT * FROM `tb_2013_std` WHERE ( stdnm='富正飞' AND stdno='13005317105' ) LIMIT 1   [ RunTime:0.000917s ]

[ 2015-07-02T15:57:20+08:00 ] 127.0.0.1 /xx/std.php
INFO: [ app_begin ] --START--
INFO: ReadHtmlCache Behavior ::run [ RunTime:0.000719s ]
INFO: [ app_begin ] --END-- [ RunTime:0.000882s ]
SQL: SHOW COLUMNS FROM `tb_grd` [ RunTime:0.002562s ]
SQL: SELECT * FROM `tb_grd` WHERE ( grdid=2 ) LIMIT 1   [ RunTime:0.046462s ]
SQL: SHOW COLUMNS FROM `tb_2013_std` [ RunTime:0.003656s ]
SQL: SELECT * FROM `tb_2013_std` WHERE ( stdid=113 ) LIMIT 1   [ RunTime:0.000580s ]
SQL: SELECT * FROM `tb_grd` WHERE ( grdid=2 ) LIMIT 1   [ RunTime:0.000275s ]
SQL: SELECT * FROM `tb_2013_std` WHERE ( stdid=113 ) LIMIT 1   [ RunTime:0.000371s ]
SQL: SHOW COLUMNS FROM `tb_std` [ RunTime:0.002422s ]
ERR: 1146:Table 'db_xx.tb_std' doesn't exist
 [ SQL语句 ] : SHOW COLUMNS FROM `tb_std`
SQL: SELECT * FROM `tb_std` WHERE ( stdid=113 ) LIMIT 1   [ RunTime:0.000321s ]
ERR: 1146:Table 'db_xx.tb_std' doesn't exist
 [ SQL语句 ] : SELECT * FROM `tb_std` WHERE ( stdid=113 ) LIMIT 1  
NOTIC: [2] Missing argument 1 for KZMBAction::setkzmb(), called in C:\wamp\www\xx\std\Lib\Action\IndexAction.class.php on line 27 and defined C:\wamp\www\xx\std\Lib\KZMB\KZMBAction.class.php 第 3 行.
SQL: SHOW COLUMNS FROM `tb_stdbtn` [ RunTime:0.002797s ]
SQL: SELECT * FROM `tb_stdbtn` WHERE ( f_stdbtn_stdid=113 AND stdbtnnm='lft' ) LIMIT 1   [ RunTime:0.000265s ]
SQL: SELECT * FROM `tb_stdbtn` WHERE ( f_stdbtn_stdid=113 AND stdbtnnm='bs' ) LIMIT 1   [ RunTime:0.000182s ]
INFO: [ view_parse ] --START--
NOTIC: [8] Undefined variable: ntfstr C:\wamp\www\xx\std\Runtime\Cache\9c288f5594010517c700781ca130ef0a.php 第 61 行.
NOTIC: [8] Undefined index: stdnn C:\wamp\www\xx\std\Runtime\Cache\9c288f5594010517c700781ca130ef0a.php 第 84 行.
NOTIC: [8] Undefined variable: atcls C:\wamp\www\xx\std\Runtime\Cache\9c288f5594010517c700781ca130ef0a.php 第 173 行.
INFO: ParseTemplate Behavior ::run [ RunTime:0.013959s ]
INFO: [ view_parse ] --END-- [ RunTime:0.014109s ]
INFO: [ view_filter ] --START--
INFO: ContentReplace Behavior ::run [ RunTime:0.000640s ]
INFO: TokenBuild Behavior ::run [ RunTime:0.000612s ]
INFO: WriteHtmlCache Behavior ::run [ RunTime:0.000455s ]
INFO: ShowRuntime Behavior ::run [ RunTime:0.000707s ]
INFO: [ view_filter ] --END-- [ RunTime:0.002754s ]
INFO: [ view_end ] --START--
INFO: ShowPageTrace Behavior ::run [ RunTime:0.000775s ]
INFO: [ view_end ] --END-- [ RunTime:0.000900s ]

[ 2015-07-02T15:57:38+08:00 ] 127.0.0.1 /xx/std.php
INFO: [ app_begin ] --START--
INFO: ReadHtmlCache Behavior ::run [ RunTime:0.000653s ]
INFO: [ app_begin ] --END-- [ RunTime:0.000795s ]
SQL: SHOW COLUMNS FROM `tb_grd` [ RunTime:0.002904s ]
SQL: SELECT * FROM `tb_grd` WHERE ( grdid=2 ) LIMIT 1   [ RunTime:0.000295s ]
SQL: SHOW COLUMNS FROM `tb_2013_std` [ RunTime:0.003838s ]
SQL: SELECT * FROM `tb_2013_std` WHERE ( stdid=113 ) LIMIT 1   [ RunTime:0.000625s ]
SQL: SELECT * FROM `tb_grd` WHERE ( grdid=2 ) LIMIT 1   [ RunTime:0.000319s ]
SQL: SELECT * FROM `tb_2013_std` WHERE ( stdid=113 ) LIMIT 1   [ RunTime:0.000433s ]
SQL: SHOW COLUMNS FROM `tb_std` [ RunTime:0.002499s ]
ERR: 1146:Table 'db_xx.tb_std' doesn't exist
 [ SQL语句 ] : SHOW COLUMNS FROM `tb_std`
SQL: SELECT * FROM `tb_std` WHERE ( stdid=113 ) LIMIT 1   [ RunTime:0.000407s ]
ERR: 1146:Table 'db_xx.tb_std' doesn't exist
 [ SQL语句 ] : SELECT * FROM `tb_std` WHERE ( stdid=113 ) LIMIT 1  
NOTIC: [2] Missing argument 1 for KZMBAction::setkzmb(), called in C:\wamp\www\xx\std\Lib\Action\IndexAction.class.php on line 27 and defined C:\wamp\www\xx\std\Lib\KZMB\KZMBAction.class.php 第 3 行.
SQL: SHOW COLUMNS FROM `tb_stdbtn` [ RunTime:0.002881s ]
SQL: SELECT * FROM `tb_stdbtn` WHERE ( f_stdbtn_stdid=113 AND stdbtnnm='lft' ) LIMIT 1   [ RunTime:0.000303s ]
SQL: SELECT * FROM `tb_stdbtn` WHERE ( f_stdbtn_stdid=113 AND stdbtnnm='bs' ) LIMIT 1   [ RunTime:0.000227s ]
INFO: [ view_parse ] --START--
NOTIC: [8] Undefined variable: ntfstr C:\wamp\www\xx\std\Runtime\Cache\9c288f5594010517c700781ca130ef0a.php 第 61 行.
NOTIC: [8] Undefined index: stdnn C:\wamp\www\xx\std\Runtime\Cache\9c288f5594010517c700781ca130ef0a.php 第 84 行.
NOTIC: [8] Undefined variable: atcls C:\wamp\www\xx\std\Runtime\Cache\9c288f5594010517c700781ca130ef0a.php 第 173 行.
INFO: ParseTemplate Behavior ::run [ RunTime:0.013866s ]
INFO: [ view_parse ] --END-- [ RunTime:0.014017s ]
INFO: [ view_filter ] --START--
INFO: ContentReplace Behavior ::run [ RunTime:0.000552s ]
INFO: TokenBuild Behavior ::run [ RunTime:0.000732s ]
INFO: WriteHtmlCache Behavior ::run [ RunTime:0.000572s ]
INFO: ShowRuntime Behavior ::run [ RunTime:0.000726s ]
INFO: [ view_filter ] --END-- [ RunTime:0.002998s ]
INFO: [ view_end ] --START--
INFO: ShowPageTrace Behavior ::run [ RunTime:0.000712s ]
INFO: [ view_end ] --END-- [ RunTime:0.000833s ]

[ 2015-07-02T16:11:55+08:00 ] 127.0.0.1 /xx/std.php
INFO: [ app_begin ] --START--
INFO: ReadHtmlCache Behavior ::run [ RunTime:0.000846s ]
INFO: [ app_begin ] --END-- [ RunTime:0.001004s ]
SQL: SHOW COLUMNS FROM `tb_grd` [ RunTime:0.043861s ]
SQL: SELECT * FROM `tb_grd` WHERE ( grdid=2 ) LIMIT 1   [ RunTime:0.000374s ]
SQL: SHOW COLUMNS FROM `tb_2013_std` [ RunTime:0.003748s ]
SQL: SELECT * FROM `tb_2013_std` WHERE ( stdid=113 ) LIMIT 1   [ RunTime:0.000576s ]
SQL: SELECT * FROM `tb_grd` WHERE ( grdid=2 ) LIMIT 1   [ RunTime:0.000231s ]
SQL: SELECT * FROM `tb_2013_std` WHERE ( stdid=113 ) LIMIT 1   [ RunTime:0.000344s ]
SQL: SHOW COLUMNS FROM `tb_std` [ RunTime:0.002381s ]
ERR: 1146:Table 'db_xx.tb_std' doesn't exist
 [ SQL语句 ] : SHOW COLUMNS FROM `tb_std`
SQL: SELECT * FROM `tb_std` WHERE ( stdid=113 ) LIMIT 1   [ RunTime:0.000286s ]
ERR: 1146:Table 'db_xx.tb_std' doesn't exist
 [ SQL语句 ] : SELECT * FROM `tb_std` WHERE ( stdid=113 ) LIMIT 1  
NOTIC: [2] Missing argument 1 for KZMBAction::setkzmb(), called in C:\wamp\www\xx\std\Lib\Action\IndexAction.class.php on line 27 and defined C:\wamp\www\xx\std\Lib\KZMB\KZMBAction.class.php 第 3 行.
SQL: SHOW COLUMNS FROM `tb_stdbtn` [ RunTime:0.003731s ]
SQL: SELECT * FROM `tb_stdbtn` WHERE ( f_stdbtn_stdid=113 AND stdbtnnm='lft' ) LIMIT 1   [ RunTime:0.000369s ]
SQL: SELECT * FROM `tb_stdbtn` WHERE ( f_stdbtn_stdid=113 AND stdbtnnm='bs' ) LIMIT 1   [ RunTime:0.000270s ]
INFO: [ view_parse ] --START--
NOTIC: [8] Undefined variable: ntfstr C:\wamp\www\xx\std\Runtime\Cache\9c288f5594010517c700781ca130ef0a.php 第 61 行.
NOTIC: [8] Undefined index: stdnn C:\wamp\www\xx\std\Runtime\Cache\9c288f5594010517c700781ca130ef0a.php 第 84 行.
NOTIC: [8] Undefined variable: atcls C:\wamp\www\xx\std\Runtime\Cache\9c288f5594010517c700781ca130ef0a.php 第 173 行.
INFO: ParseTemplate Behavior ::run [ RunTime:0.015802s ]
INFO: [ view_parse ] --END-- [ RunTime:0.015956s ]
INFO: [ view_filter ] --START--
INFO: ContentReplace Behavior ::run [ RunTime:0.000700s ]
INFO: TokenBuild Behavior ::run [ RunTime:0.000860s ]
INFO: WriteHtmlCache Behavior ::run [ RunTime:0.000513s ]
INFO: ShowRuntime Behavior ::run [ RunTime:0.000786s ]
INFO: [ view_filter ] --END-- [ RunTime:0.003244s ]
INFO: [ view_end ] --START--
INFO: ShowPageTrace Behavior ::run [ RunTime:0.000828s ]
INFO: [ view_end ] --END-- [ RunTime:0.000981s ]

[ 2015-07-02T16:11:56+08:00 ] 127.0.0.1 /xx/std.php/Stdbtn/update
INFO: [ route_check ] --START--
INFO: CheckRoute Behavior ::run [ RunTime:0.000925s ]
INFO: [ route_check ] --END-- [ RunTime:0.001096s ]
INFO: [ app_begin ] --START--
INFO: ReadHtmlCache Behavior ::run [ RunTime:0.000700s ]
INFO: [ app_begin ] --END-- [ RunTime:0.000805s ]
SQL: SHOW COLUMNS FROM `tb_stdbtn` [ RunTime:0.002836s ]
SQL: SELECT * FROM `tb_stdbtn` WHERE ( f_stdbtn_grdid=2 AND f_stdbtn_stdid=113 AND stdbtnnm='lft' ) LIMIT 1   [ RunTime:0.000282s ]
SQL: INSERT INTO `tb_stdbtn` (`f_stdbtn_grdid`,`f_stdbtn_stdid`,`stdbtnnm`,`stdbtnvl`) VALUES (2,113,'lft','none') [ RunTime:0.137401s ]

[ 2015-07-02T16:11:58+08:00 ] 127.0.0.1 /xx/std.php/Stdbtn/update
INFO: [ route_check ] --START--
INFO: CheckRoute Behavior ::run [ RunTime:0.001231s ]
INFO: [ route_check ] --END-- [ RunTime:0.001449s ]
INFO: [ app_begin ] --START--
INFO: ReadHtmlCache Behavior ::run [ RunTime:0.000814s ]
INFO: [ app_begin ] --END-- [ RunTime:0.000952s ]
SQL: SHOW COLUMNS FROM `tb_stdbtn` [ RunTime:0.002698s ]
SQL: SELECT * FROM `tb_stdbtn` WHERE ( f_stdbtn_grdid=2 AND f_stdbtn_stdid=113 AND stdbtnnm='lft' ) LIMIT 1   [ RunTime:0.000333s ]
SQL: SELECT * FROM `tb_stdbtn` WHERE ( f_stdbtn_grdid=2 AND f_stdbtn_stdid=113 AND stdbtnnm='lft' ) LIMIT 1   [ RunTime:0.000240s ]
SQL: UPDATE `tb_stdbtn` SET `stdbtnvl`='block' WHERE ( stdbtnid=1 ) [ RunTime:0.187390s ]

[ 2015-07-02T16:12:00+08:00 ] 127.0.0.1 /xx/std.php/Stdbtn/update
INFO: [ route_check ] --START--
INFO: CheckRoute Behavior ::run [ RunTime:0.000829s ]
INFO: [ route_check ] --END-- [ RunTime:0.000992s ]
INFO: [ app_begin ] --START--
INFO: ReadHtmlCache Behavior ::run [ RunTime:0.000680s ]
INFO: [ app_begin ] --END-- [ RunTime:0.000790s ]
SQL: SHOW COLUMNS FROM `tb_stdbtn` [ RunTime:0.002862s ]
SQL: SELECT * FROM `tb_stdbtn` WHERE ( f_stdbtn_grdid=2 AND f_stdbtn_stdid=113 AND stdbtnnm='bs' ) LIMIT 1   [ RunTime:0.000360s ]
SQL: INSERT INTO `tb_stdbtn` (`f_stdbtn_grdid`,`f_stdbtn_stdid`,`stdbtnnm`,`stdbtnvl`) VALUES (2,113,'bs','glyphicon glyphicon-triangle-bottom') [ RunTime:0.114056s ]

[ 2015-07-02T16:12:01+08:00 ] 127.0.0.1 /xx/std.php/Stdbtn/update
INFO: [ route_check ] --START--
INFO: CheckRoute Behavior ::run [ RunTime:0.000835s ]
INFO: [ route_check ] --END-- [ RunTime:0.000984s ]
INFO: [ app_begin ] --START--
INFO: ReadHtmlCache Behavior ::run [ RunTime:0.000645s ]
INFO: [ app_begin ] --END-- [ RunTime:0.000769s ]
SQL: SHOW COLUMNS FROM `tb_stdbtn` [ RunTime:0.002862s ]
SQL: SELECT * FROM `tb_stdbtn` WHERE ( f_stdbtn_grdid=2 AND f_stdbtn_stdid=113 AND stdbtnnm='bs' ) LIMIT 1   [ RunTime:0.000366s ]
SQL: SELECT * FROM `tb_stdbtn` WHERE ( f_stdbtn_grdid=2 AND f_stdbtn_stdid=113 AND stdbtnnm='bs' ) LIMIT 1   [ RunTime:0.000256s ]
SQL: UPDATE `tb_stdbtn` SET `stdbtnvl`='glyphicon glyphicon-triangle-top' WHERE ( stdbtnid=2 ) [ RunTime:0.130680s ]

[ 2015-07-02T16:19:22+08:00 ] 127.0.0.1 /xx/std.php/Stdbtn/update
INFO: [ route_check ] --START--
INFO: CheckRoute Behavior ::run [ RunTime:0.001584s ]
INFO: [ route_check ] --END-- [ RunTime:0.001828s ]
INFO: [ app_begin ] --START--
INFO: ReadHtmlCache Behavior ::run [ RunTime:0.000872s ]
INFO: [ app_begin ] --END-- [ RunTime:0.001019s ]
SQL: SHOW COLUMNS FROM `tb_stdbtn` [ RunTime:0.002968s ]
SQL: SELECT * FROM `tb_stdbtn` WHERE ( f_stdbtn_grdid=2 AND f_stdbtn_stdid=113 AND stdbtnnm='lft' ) LIMIT 1   [ RunTime:0.000396s ]
SQL: SELECT * FROM `tb_stdbtn` WHERE ( f_stdbtn_grdid=2 AND f_stdbtn_stdid=113 AND stdbtnnm='lft' ) LIMIT 1   [ RunTime:0.000374s ]
SQL: UPDATE `tb_stdbtn` SET `stdbtnvl`='none' WHERE ( stdbtnid=1 ) [ RunTime:0.155162s ]

[ 2015-07-02T16:19:24+08:00 ] 127.0.0.1 /xx/std.php/Stdbtn/update
INFO: [ route_check ] --START--
INFO: CheckRoute Behavior ::run [ RunTime:0.000867s ]
INFO: [ route_check ] --END-- [ RunTime:0.001023s ]
INFO: [ app_begin ] --START--
INFO: ReadHtmlCache Behavior ::run [ RunTime:0.000667s ]
INFO: [ app_begin ] --END-- [ RunTime:0.000774s ]
SQL: SHOW COLUMNS FROM `tb_stdbtn` [ RunTime:0.002892s ]
SQL: SELECT * FROM `tb_stdbtn` WHERE ( f_stdbtn_grdid=2 AND f_stdbtn_stdid=113 AND stdbtnnm='lft' ) LIMIT 1   [ RunTime:0.000407s ]
SQL: SELECT * FROM `tb_stdbtn` WHERE ( f_stdbtn_grdid=2 AND f_stdbtn_stdid=113 AND stdbtnnm='lft' ) LIMIT 1   [ RunTime:0.000298s ]
SQL: UPDATE `tb_stdbtn` SET `stdbtnvl`='block' WHERE ( stdbtnid=1 ) [ RunTime:0.107406s ]

[ 2015-07-02T20:01:42+08:00 ] 127.0.0.1 /xx/std.php
INFO: [ app_begin ] --START--
INFO: ReadHtmlCache Behavior ::run [ RunTime:0.013323s ]
INFO: [ app_begin ] --END-- [ RunTime:0.023647s ]
SQL: SHOW COLUMNS FROM `tb_grd` [ RunTime:0.071800s ]
SQL: SELECT * FROM `tb_grd` WHERE ( grdid=2 ) LIMIT 1   [ RunTime:0.000429s ]
SQL: SHOW COLUMNS FROM `tb_2013_std` [ RunTime:0.085488s ]
SQL: SELECT * FROM `tb_2013_std` WHERE ( stdid=113 ) LIMIT 1   [ RunTime:0.001007s ]
SQL: SELECT * FROM `tb_grd` WHERE ( grdid=2 ) LIMIT 1   [ RunTime:0.000260s ]
SQL: SELECT * FROM `tb_2013_std` WHERE ( stdid=113 ) LIMIT 1   [ RunTime:0.000364s ]
SQL: SHOW COLUMNS FROM `tb_std` [ RunTime:0.007076s ]
ERR: 1146:Table 'db_xx.tb_std' doesn't exist
 [ SQL语句 ] : SHOW COLUMNS FROM `tb_std`
SQL: SELECT * FROM `tb_std` WHERE ( stdid=113 ) LIMIT 1   [ RunTime:0.000307s ]
ERR: 1146:Table 'db_xx.tb_std' doesn't exist
 [ SQL语句 ] : SELECT * FROM `tb_std` WHERE ( stdid=113 ) LIMIT 1  
NOTIC: [2] Missing argument 1 for KZMBAction::setkzmb(), called in C:\wamp\www\xx\std\Lib\Action\IndexAction.class.php on line 27 and defined C:\wamp\www\xx\std\Lib\KZMB\KZMBAction.class.php 第 3 行.
SQL: SHOW COLUMNS FROM `tb_stdbtn` [ RunTime:0.045561s ]
SQL: SELECT * FROM `tb_stdbtn` WHERE ( f_stdbtn_stdid=113 AND stdbtnnm='lft' ) LIMIT 1   [ RunTime:0.000355s ]
SQL: SELECT * FROM `tb_stdbtn` WHERE ( f_stdbtn_stdid=113 AND stdbtnnm='lft' ) LIMIT 1   [ RunTime:0.000272s ]
SQL: SELECT * FROM `tb_stdbtn` WHERE ( f_stdbtn_stdid=113 AND stdbtnnm='bs' ) LIMIT 1   [ RunTime:0.000276s ]
SQL: SELECT * FROM `tb_stdbtn` WHERE ( f_stdbtn_stdid=113 AND stdbtnnm='bs' ) LIMIT 1   [ RunTime:0.000269s ]
INFO: [ view_parse ] --START--
NOTIC: [8] Undefined variable: ntfstr C:\wamp\www\xx\std\Runtime\Cache\9c288f5594010517c700781ca130ef0a.php 第 61 行.
NOTIC: [8] Undefined index: stdnn C:\wamp\www\xx\std\Runtime\Cache\9c288f5594010517c700781ca130ef0a.php 第 84 行.
NOTIC: [8] Undefined variable: atcls C:\wamp\www\xx\std\Runtime\Cache\9c288f5594010517c700781ca130ef0a.php 第 173 行.
INFO: ParseTemplate Behavior ::run [ RunTime:0.108699s ]
INFO: [ view_parse ] --END-- [ RunTime:0.108853s ]
INFO: [ view_filter ] --START--
INFO: ContentReplace Behavior ::run [ RunTime:0.005649s ]
INFO: TokenBuild Behavior ::run [ RunTime:0.009055s ]
INFO: WriteHtmlCache Behavior ::run [ RunTime:0.000689s ]
INFO: ShowRuntime Behavior ::run [ RunTime:0.010299s ]
INFO: [ view_filter ] --END-- [ RunTime:0.026058s ]
INFO: [ view_end ] --START--
INFO: ShowPageTrace Behavior ::run [ RunTime:0.006852s ]
INFO: [ view_end ] --END-- [ RunTime:0.007002s ]

[ 2015-07-02T20:01:51+08:00 ] 127.0.0.1 /xx/std.php/Cjzx/gtxpg/x/skxx
INFO: [ route_check ] --START--
INFO: CheckRoute Behavior ::run [ RunTime:0.032133s ]
INFO: [ route_check ] --END-- [ RunTime:0.032289s ]
INFO: [ app_begin ] --START--
INFO: ReadHtmlCache Behavior ::run [ RunTime:0.000774s ]
INFO: [ app_begin ] --END-- [ RunTime:0.000904s ]
ERR: 无法加载模块:Cjzx

[ 2015-07-02T20:15:28+08:00 ] 127.0.0.1 /xx/std.php
INFO: [ app_begin ] --START--
INFO: ReadHtmlCache Behavior ::run [ RunTime:0.001075s ]
INFO: [ app_begin ] --END-- [ RunTime:0.001272s ]
SQL: SHOW COLUMNS FROM `tb_grd` [ RunTime:0.002852s ]
SQL: SELECT * FROM `tb_grd` WHERE ( grdid=2 ) LIMIT 1   [ RunTime:0.000317s ]
SQL: SHOW COLUMNS FROM `tb_2013_std` [ RunTime:0.003670s ]
SQL: SELECT * FROM `tb_2013_std` WHERE ( stdid=113 ) LIMIT 1   [ RunTime:0.000551s ]
SQL: SELECT * FROM `tb_grd` WHERE ( grdid=2 ) LIMIT 1   [ RunTime:0.000249s ]
SQL: SELECT * FROM `tb_2013_std` WHERE ( stdid=113 ) LIMIT 1   [ RunTime:0.000335s ]
SQL: SHOW COLUMNS FROM `tb_std` [ RunTime:0.002387s ]
ERR: 1146:Table 'db_xx.tb_std' doesn't exist
 [ SQL语句 ] : SHOW COLUMNS FROM `tb_std`
SQL: SELECT * FROM `tb_std` WHERE ( stdid=113 ) LIMIT 1   [ RunTime:0.000317s ]
ERR: 1146:Table 'db_xx.tb_std' doesn't exist
 [ SQL语句 ] : SELECT * FROM `tb_std` WHERE ( stdid=113 ) LIMIT 1  
NOTIC: [2] Missing argument 1 for KZMBAction::setkzmb(), called in C:\wamp\www\xx\std\Lib\Action\IndexAction.class.php on line 27 and defined C:\wamp\www\xx\std\Lib\KZMB\KZMBAction.class.php 第 3 行.
SQL: SHOW COLUMNS FROM `tb_stdbtn` [ RunTime:0.002763s ]
SQL: SELECT * FROM `tb_stdbtn` WHERE ( f_stdbtn_stdid=113 AND stdbtnnm='lft' ) LIMIT 1   [ RunTime:0.000316s ]
SQL: SELECT * FROM `tb_stdbtn` WHERE ( f_stdbtn_stdid=113 AND stdbtnnm='lft' ) LIMIT 1   [ RunTime:0.000256s ]
SQL: SELECT * FROM `tb_stdbtn` WHERE ( f_stdbtn_stdid=113 AND stdbtnnm='bs' ) LIMIT 1   [ RunTime:0.000252s ]
SQL: SELECT * FROM `tb_stdbtn` WHERE ( f_stdbtn_stdid=113 AND stdbtnnm='bs' ) LIMIT 1   [ RunTime:0.000257s ]
INFO: [ view_parse ] --START--
NOTIC: [8] Undefined variable: ntfstr C:\wamp\www\xx\std\Runtime\Cache\9c288f5594010517c700781ca130ef0a.php 第 61 行.
NOTIC: [8] Undefined index: stdnn C:\wamp\www\xx\std\Runtime\Cache\9c288f5594010517c700781ca130ef0a.php 第 84 行.
INFO: ParseTemplate Behavior ::run [ RunTime:0.012271s ]
INFO: [ view_parse ] --END-- [ RunTime:0.012419s ]
INFO: [ view_filter ] --START--
INFO: ContentReplace Behavior ::run [ RunTime:0.000621s ]
INFO: TokenBuild Behavior ::run [ RunTime:0.000630s ]
INFO: WriteHtmlCache Behavior ::run [ RunTime:0.000599s ]
INFO: ShowRuntime Behavior ::run [ RunTime:0.000725s ]
INFO: [ view_filter ] --END-- [ RunTime:0.002963s ]
INFO: [ view_end ] --START--
INFO: ShowPageTrace Behavior ::run [ RunTime:0.001053s ]
INFO: [ view_end ] --END-- [ RunTime:0.001219s ]

[ 2015-07-02T20:23:16+08:00 ] 127.0.0.1 /xx/std.php
INFO: [ app_begin ] --START--
INFO: ReadHtmlCache Behavior ::run [ RunTime:0.000891s ]
INFO: [ app_begin ] --END-- [ RunTime:0.001057s ]
SQL: SHOW COLUMNS FROM `tb_grd` [ RunTime:0.002710s ]
SQL: SELECT * FROM `tb_grd` WHERE ( grdid=2 ) LIMIT 1   [ RunTime:0.000275s ]
SQL: SHOW COLUMNS FROM `tb_2013_std` [ RunTime:0.003748s ]
SQL: SELECT * FROM `tb_2013_std` WHERE ( stdid=113 ) LIMIT 1   [ RunTime:0.000588s ]
SQL: SELECT * FROM `tb_grd` WHERE ( grdid=2 ) LIMIT 1   [ RunTime:0.000210s ]
SQL: SELECT * FROM `tb_2013_std` WHERE ( stdid=113 ) LIMIT 1   [ RunTime:0.000401s ]
SQL: SHOW COLUMNS FROM `tb_std` [ RunTime:0.002656s ]
ERR: 1146:Table 'db_xx.tb_std' doesn't exist
 [ SQL语句 ] : SHOW COLUMNS FROM `tb_std`
SQL: SELECT * FROM `tb_std` WHERE ( stdid=113 ) LIMIT 1   [ RunTime:0.000404s ]
ERR: 1146:Table 'db_xx.tb_std' doesn't exist
 [ SQL语句 ] : SELECT * FROM `tb_std` WHERE ( stdid=113 ) LIMIT 1  
NOTIC: [2] Missing argument 1 for KZMBAction::setkzmb(), called in C:\wamp\www\xx\std\Lib\Action\IndexAction.class.php on line 27 and defined C:\wamp\www\xx\std\Lib\KZMB\KZMBAction.class.php 第 3 行.
SQL: SHOW COLUMNS FROM `tb_stdbtn` [ RunTime:0.002808s ]
SQL: SELECT * FROM `tb_stdbtn` WHERE ( f_stdbtn_stdid=113 AND stdbtnnm='lft' ) LIMIT 1   [ RunTime:0.000355s ]
SQL: SELECT * FROM `tb_stdbtn` WHERE ( f_stdbtn_stdid=113 AND stdbtnnm='lft' ) LIMIT 1   [ RunTime:0.000308s ]
SQL: SELECT * FROM `tb_stdbtn` WHERE ( f_stdbtn_stdid=113 AND stdbtnnm='bs' ) LIMIT 1   [ RunTime:0.000334s ]
SQL: SELECT * FROM `tb_stdbtn` WHERE ( f_stdbtn_stdid=113 AND stdbtnnm='bs' ) LIMIT 1   [ RunTime:0.000249s ]
INFO: [ view_parse ] --START--
NOTIC: [8] Undefined variable: ntfstr C:\wamp\www\xx\std\Runtime\Cache\9c288f5594010517c700781ca130ef0a.php 第 61 行.
NOTIC: [8] Undefined index: stdnn C:\wamp\www\xx\std\Runtime\Cache\9c288f5594010517c700781ca130ef0a.php 第 84 行.
INFO: ParseTemplate Behavior ::run [ RunTime:0.012301s ]
INFO: [ view_parse ] --END-- [ RunTime:0.012451s ]
INFO: [ view_filter ] --START--
INFO: ContentReplace Behavior ::run [ RunTime:0.000699s ]
INFO: TokenBuild Behavior ::run [ RunTime:0.000615s ]
INFO: WriteHtmlCache Behavior ::run [ RunTime:0.000502s ]
INFO: ShowRuntime Behavior ::run [ RunTime:0.000712s ]
INFO: [ view_filter ] --END-- [ RunTime:0.002879s ]
INFO: [ view_end ] --START--
INFO: ShowPageTrace Behavior ::run [ RunTime:0.000770s ]
INFO: [ view_end ] --END-- [ RunTime:0.000935s ]

[ 2015-07-02T20:23:35+08:00 ] 127.0.0.1 /xx/std.php
INFO: [ app_begin ] --START--
INFO: ReadHtmlCache Behavior ::run [ RunTime:0.000713s ]
INFO: [ app_begin ] --END-- [ RunTime:0.000866s ]
SQL: SHOW COLUMNS FROM `tb_grd` [ RunTime:0.026350s ]
SQL: SELECT * FROM `tb_grd` WHERE ( grdid=2 ) LIMIT 1   [ RunTime:0.000330s ]
SQL: SHOW COLUMNS FROM `tb_2013_std` [ RunTime:0.003732s ]
SQL: SELECT * FROM `tb_2013_std` WHERE ( stdid=113 ) LIMIT 1   [ RunTime:0.000531s ]
SQL: SELECT * FROM `tb_grd` WHERE ( grdid=2 ) LIMIT 1   [ RunTime:0.000246s ]
SQL: SELECT * FROM `tb_2013_std` WHERE ( stdid=113 ) LIMIT 1   [ RunTime:0.000352s ]
SQL: SHOW COLUMNS FROM `tb_std` [ RunTime:0.002457s ]
ERR: 1146:Table 'db_xx.tb_std' doesn't exist
 [ SQL语句 ] : SHOW COLUMNS FROM `tb_std`
SQL: SELECT * FROM `tb_std` WHERE ( stdid=113 ) LIMIT 1   [ RunTime:0.000312s ]
ERR: 1146:Table 'db_xx.tb_std' doesn't exist
 [ SQL语句 ] : SELECT * FROM `tb_std` WHERE ( stdid=113 ) LIMIT 1  
NOTIC: [2] Missing argument 1 for KZMBAction::setkzmb(), called in C:\wamp\www\xx\std\Lib\Action\IndexAction.class.php on line 27 and defined C:\wamp\www\xx\std\Lib\KZMB\KZMBAction.class.php 第 3 行.
SQL: SHOW COLUMNS FROM `tb_stdbtn` [ RunTime:0.002672s ]
SQL: SELECT * FROM `tb_stdbtn` WHERE ( f_stdbtn_stdid=113 AND stdbtnnm='lft' ) LIMIT 1   [ RunTime:0.000310s ]
SQL: SELECT * FROM `tb_stdbtn` WHERE ( f_stdbtn_stdid=113 AND stdbtnnm='lft' ) LIMIT 1   [ RunTime:0.000260s ]
SQL: SELECT * FROM `tb_stdbtn` WHERE ( f_stdbtn_stdid=113 AND stdbtnnm='bs' ) LIMIT 1   [ RunTime:0.000250s ]
SQL: SELECT * FROM `tb_stdbtn` WHERE ( f_stdbtn_stdid=113 AND stdbtnnm='bs' ) LIMIT 1   [ RunTime:0.000235s ]
INFO: [ view_parse ] --START--
NOTIC: [8] Undefined variable: ntfstr C:\wamp\www\xx\std\Runtime\Cache\9c288f5594010517c700781ca130ef0a.php 第 61 行.
NOTIC: [8] Undefined index: stdnn C:\wamp\www\xx\std\Runtime\Cache\9c288f5594010517c700781ca130ef0a.php 第 84 行.
INFO: ParseTemplate Behavior ::run [ RunTime:0.011497s ]
INFO: [ view_parse ] --END-- [ RunTime:0.011644s ]
INFO: [ view_filter ] --START--
INFO: ContentReplace Behavior ::run [ RunTime:0.000558s ]
INFO: TokenBuild Behavior ::run [ RunTime:0.000553s ]
INFO: WriteHtmlCache Behavior ::run [ RunTime:0.000380s ]
INFO: ShowRuntime Behavior ::run [ RunTime:0.000687s ]
INFO: [ view_filter ] --END-- [ RunTime:0.002550s ]
INFO: [ view_end ] --START--
INFO: ShowPageTrace Behavior ::run [ RunTime:0.000784s ]
INFO: [ view_end ] --END-- [ RunTime:0.000939s ]

[ 2015-07-02T20:23:54+08:00 ] 127.0.0.1 /xx/std.php
INFO: [ app_begin ] --START--
INFO: ReadHtmlCache Behavior ::run [ RunTime:0.000826s ]
INFO: [ app_begin ] --END-- [ RunTime:0.000974s ]
SQL: SHOW COLUMNS FROM `tb_grd` [ RunTime:0.021279s ]
SQL: SELECT * FROM `tb_grd` WHERE ( grdid=2 ) LIMIT 1   [ RunTime:0.000389s ]
SQL: SHOW COLUMNS FROM `tb_2013_std` [ RunTime:0.003888s ]
SQL: SELECT * FROM `tb_2013_std` WHERE ( stdid=113 ) LIMIT 1   [ RunTime:0.000588s ]
SQL: SELECT * FROM `tb_grd` WHERE ( grdid=2 ) LIMIT 1   [ RunTime:0.000230s ]
SQL: SELECT * FROM `tb_2013_std` WHERE ( stdid=113 ) LIMIT 1   [ RunTime:0.000362s ]
SQL: SHOW COLUMNS FROM `tb_std` [ RunTime:0.002345s ]
ERR: 1146:Table 'db_xx.tb_std' doesn't exist
 [ SQL语句 ] : SHOW COLUMNS FROM `tb_std`
SQL: SELECT * FROM `tb_std` WHERE ( stdid=113 ) LIMIT 1   [ RunTime:0.000298s ]
ERR: 1146:Table 'db_xx.tb_std' doesn't exist
 [ SQL语句 ] : SELECT * FROM `tb_std` WHERE ( stdid=113 ) LIMIT 1  
NOTIC: [2] Missing argument 1 for KZMBAction::setkzmb(), called in C:\wamp\www\xx\std\Lib\Action\IndexAction.class.php on line 27 and defined C:\wamp\www\xx\std\Lib\KZMB\KZMBAction.class.php 第 3 行.
SQL: SHOW COLUMNS FROM `tb_stdbtn` [ RunTime:0.012859s ]
SQL: SELECT * FROM `tb_stdbtn` WHERE ( f_stdbtn_stdid=113 AND stdbtnnm='lft' ) LIMIT 1   [ RunTime:0.000406s ]
SQL: SELECT * FROM `tb_stdbtn` WHERE ( f_stdbtn_stdid=113 AND stdbtnnm='lft' ) LIMIT 1   [ RunTime:0.000243s ]
SQL: SELECT * FROM `tb_stdbtn` WHERE ( f_stdbtn_stdid=113 AND stdbtnnm='bs' ) LIMIT 1   [ RunTime:0.000231s ]
SQL: SELECT * FROM `tb_stdbtn` WHERE ( f_stdbtn_stdid=113 AND stdbtnnm='bs' ) LIMIT 1   [ RunTime:0.000228s ]
INFO: [ view_parse ] --START--
NOTIC: [8] Undefined variable: ntfstr C:\wamp\www\xx\std\Runtime\Cache\9c288f5594010517c700781ca130ef0a.php 第 61 行.
NOTIC: [8] Undefined index: stdnn C:\wamp\www\xx\std\Runtime\Cache\9c288f5594010517c700781ca130ef0a.php 第 84 行.
INFO: ParseTemplate Behavior ::run [ RunTime:0.012567s ]
INFO: [ view_parse ] --END-- [ RunTime:0.012731s ]
INFO: [ view_filter ] --START--
INFO: ContentReplace Behavior ::run [ RunTime:0.000651s ]
INFO: TokenBuild Behavior ::run [ RunTime:0.000609s ]
INFO: WriteHtmlCache Behavior ::run [ RunTime:0.000457s ]
INFO: ShowRuntime Behavior ::run [ RunTime:0.000734s ]
INFO: [ view_filter ] --END-- [ RunTime:0.002792s ]
INFO: [ view_end ] --START--
INFO: ShowPageTrace Behavior ::run [ RunTime:0.000745s ]
INFO: [ view_end ] --END-- [ RunTime:0.000864s ]

[ 2015-07-02T20:24:03+08:00 ] 127.0.0.1 /xx/std.php
INFO: [ app_begin ] --START--
INFO: ReadHtmlCache Behavior ::run [ RunTime:0.000749s ]
INFO: [ app_begin ] --END-- [ RunTime:0.000900s ]
SQL: SHOW COLUMNS FROM `tb_grd` [ RunTime:0.008491s ]
SQL: SELECT * FROM `tb_grd` WHERE ( grdid=2 ) LIMIT 1   [ RunTime:0.000353s ]
SQL: SHOW COLUMNS FROM `tb_2013_std` [ RunTime:0.004137s ]
SQL: SELECT * FROM `tb_2013_std` WHERE ( stdid=113 ) LIMIT 1   [ RunTime:0.000570s ]
SQL: SELECT * FROM `tb_grd` WHERE ( grdid=2 ) LIMIT 1   [ RunTime:0.000274s ]
SQL: SELECT * FROM `tb_2013_std` WHERE ( stdid=113 ) LIMIT 1   [ RunTime:0.000400s ]
SQL: SHOW COLUMNS FROM `tb_std` [ RunTime:0.002466s ]
ERR: 1146:Table 'db_xx.tb_std' doesn't exist
 [ SQL语句 ] : SHOW COLUMNS FROM `tb_std`
SQL: SELECT * FROM `tb_std` WHERE ( stdid=113 ) LIMIT 1   [ RunTime:0.000774s ]
ERR: 1146:Table 'db_xx.tb_std' doesn't exist
 [ SQL语句 ] : SELECT * FROM `tb_std` WHERE ( stdid=113 ) LIMIT 1  
NOTIC: [2] Missing argument 1 for KZMBAction::setkzmb(), called in C:\wamp\www\xx\std\Lib\Action\IndexAction.class.php on line 27 and defined C:\wamp\www\xx\std\Lib\KZMB\KZMBAction.class.php 第 3 行.
SQL: SHOW COLUMNS FROM `tb_stdbtn` [ RunTime:0.002775s ]
SQL: SELECT * FROM `tb_stdbtn` WHERE ( f_stdbtn_stdid=113 AND stdbtnnm='lft' ) LIMIT 1   [ RunTime:0.000252s ]
SQL: SELECT * FROM `tb_stdbtn` WHERE ( f_stdbtn_stdid=113 AND stdbtnnm='lft' ) LIMIT 1   [ RunTime:0.000195s ]
SQL: SELECT * FROM `tb_stdbtn` WHERE ( f_stdbtn_stdid=113 AND stdbtnnm='bs' ) LIMIT 1   [ RunTime:0.000186s ]
SQL: SELECT * FROM `tb_stdbtn` WHERE ( f_stdbtn_stdid=113 AND stdbtnnm='bs' ) LIMIT 1   [ RunTime:0.000193s ]
INFO: [ view_parse ] --START--
NOTIC: [8] Undefined variable: ntfstr C:\wamp\www\xx\std\Runtime\Cache\9c288f5594010517c700781ca130ef0a.php 第 61 行.
NOTIC: [8] Undefined index: stdnn C:\wamp\www\xx\std\Runtime\Cache\9c288f5594010517c700781ca130ef0a.php 第 84 行.
INFO: ParseTemplate Behavior ::run [ RunTime:0.011471s ]
INFO: [ view_parse ] --END-- [ RunTime:0.011621s ]
INFO: [ view_filter ] --START--
INFO: ContentReplace Behavior ::run [ RunTime:0.000550s ]
INFO: TokenBuild Behavior ::run [ RunTime:0.000545s ]
INFO: WriteHtmlCache Behavior ::run [ RunTime:0.000374s ]
INFO: ShowRuntime Behavior ::run [ RunTime:0.000634s ]
INFO: [ view_filter ] --END-- [ RunTime:0.002446s ]
INFO: [ view_end ] --START--
INFO: ShowPageTrace Behavior ::run [ RunTime:0.000678s ]
INFO: [ view_end ] --END-- [ RunTime:0.000812s ]

[ 2015-07-02T20:24:11+08:00 ] 127.0.0.1 /xx/std.php
INFO: [ app_begin ] --START--
INFO: ReadHtmlCache Behavior ::run [ RunTime:0.000668s ]
INFO: [ app_begin ] --END-- [ RunTime:0.000813s ]
SQL: SHOW COLUMNS FROM `tb_grd` [ RunTime:0.025118s ]
SQL: SELECT * FROM `tb_grd` WHERE ( grdid=2 ) LIMIT 1   [ RunTime:0.000327s ]
SQL: SHOW COLUMNS FROM `tb_2013_std` [ RunTime:0.003939s ]
SQL: SELECT * FROM `tb_2013_std` WHERE ( stdid=113 ) LIMIT 1   [ RunTime:0.000569s ]
SQL: SELECT * FROM `tb_grd` WHERE ( grdid=2 ) LIMIT 1   [ RunTime:0.000245s ]
SQL: SELECT * FROM `tb_2013_std` WHERE ( stdid=113 ) LIMIT 1   [ RunTime:0.000388s ]
SQL: SHOW COLUMNS FROM `tb_std` [ RunTime:0.002295s ]
ERR: 1146:Table 'db_xx.tb_std' doesn't exist
 [ SQL语句 ] : SHOW COLUMNS FROM `tb_std`
SQL: SELECT * FROM `tb_std` WHERE ( stdid=113 ) LIMIT 1   [ RunTime:0.000293s ]
ERR: 1146:Table 'db_xx.tb_std' doesn't exist
 [ SQL语句 ] : SELECT * FROM `tb_std` WHERE ( stdid=113 ) LIMIT 1  
NOTIC: [2] Missing argument 1 for KZMBAction::setkzmb(), called in C:\wamp\www\xx\std\Lib\Action\IndexAction.class.php on line 27 and defined C:\wamp\www\xx\std\Lib\KZMB\KZMBAction.class.php 第 3 行.
SQL: SHOW COLUMNS FROM `tb_stdbtn` [ RunTime:0.002605s ]
SQL: SELECT * FROM `tb_stdbtn` WHERE ( f_stdbtn_stdid=113 AND stdbtnnm='lft' ) LIMIT 1   [ RunTime:0.000303s ]
SQL: SELECT * FROM `tb_stdbtn` WHERE ( f_stdbtn_stdid=113 AND stdbtnnm='lft' ) LIMIT 1   [ RunTime:0.000238s ]
SQL: SELECT * FROM `tb_stdbtn` WHERE ( f_stdbtn_stdid=113 AND stdbtnnm='bs' ) LIMIT 1   [ RunTime:0.000262s ]
SQL: SELECT * FROM `tb_stdbtn` WHERE ( f_stdbtn_stdid=113 AND stdbtnnm='bs' ) LIMIT 1   [ RunTime:0.000262s ]
INFO: [ view_parse ] --START--
NOTIC: [8] Undefined variable: ntfstr C:\wamp\www\xx\std\Runtime\Cache\9c288f5594010517c700781ca130ef0a.php 第 61 行.
NOTIC: [8] Undefined index: stdnn C:\wamp\www\xx\std\Runtime\Cache\9c288f5594010517c700781ca130ef0a.php 第 84 行.
INFO: ParseTemplate Behavior ::run [ RunTime:0.011697s ]
INFO: [ view_parse ] --END-- [ RunTime:0.011844s ]
INFO: [ view_filter ] --START--
INFO: ContentReplace Behavior ::run [ RunTime:0.000550s ]
INFO: TokenBuild Behavior ::run [ RunTime:0.000527s ]
INFO: WriteHtmlCache Behavior ::run [ RunTime:0.000375s ]
INFO: ShowRuntime Behavior ::run [ RunTime:0.000650s ]
INFO: [ view_filter ] --END-- [ RunTime:0.002436s ]
INFO: [ view_end ] --START--
INFO: ShowPageTrace Behavior ::run [ RunTime:0.000732s ]
INFO: [ view_end ] --END-- [ RunTime:0.000881s ]

[ 2015-07-02T20:24:53+08:00 ] 127.0.0.1 /xx/std.php
INFO: [ app_begin ] --START--
INFO: ReadHtmlCache Behavior ::run [ RunTime:0.000666s ]
INFO: [ app_begin ] --END-- [ RunTime:0.000819s ]
SQL: SHOW COLUMNS FROM `tb_grd` [ RunTime:0.002623s ]
SQL: SELECT * FROM `tb_grd` WHERE ( grdid=2 ) LIMIT 1   [ RunTime:0.000312s ]
SQL: SHOW COLUMNS FROM `tb_2013_std` [ RunTime:0.003530s ]
SQL: SELECT * FROM `tb_2013_std` WHERE ( stdid=113 ) LIMIT 1   [ RunTime:0.000492s ]
SQL: SELECT * FROM `tb_grd` WHERE ( grdid=2 ) LIMIT 1   [ RunTime:0.000231s ]
SQL: SELECT * FROM `tb_2013_std` WHERE ( stdid=113 ) LIMIT 1   [ RunTime:0.000351s ]
SQL: SHOW COLUMNS FROM `tb_std` [ RunTime:0.002399s ]
ERR: 1146:Table 'db_xx.tb_std' doesn't exist
 [ SQL语句 ] : SHOW COLUMNS FROM `tb_std`
SQL: SELECT * FROM `tb_std` WHERE ( stdid=113 ) LIMIT 1   [ RunTime:0.000300s ]
ERR: 1146:Table 'db_xx.tb_std' doesn't exist
 [ SQL语句 ] : SELECT * FROM `tb_std` WHERE ( stdid=113 ) LIMIT 1  
NOTIC: [2] Missing argument 1 for KZMBAction::setkzmb(), called in C:\wamp\www\xx\std\Lib\Action\IndexAction.class.php on line 27 and defined C:\wamp\www\xx\std\Lib\KZMB\KZMBAction.class.php 第 3 行.
SQL: SHOW COLUMNS FROM `tb_stdbtn` [ RunTime:0.002579s ]
SQL: SELECT * FROM `tb_stdbtn` WHERE ( f_stdbtn_stdid=113 AND stdbtnnm='lft' ) LIMIT 1   [ RunTime:0.000296s ]
SQL: SELECT * FROM `tb_stdbtn` WHERE ( f_stdbtn_stdid=113 AND stdbtnnm='lft' ) LIMIT 1   [ RunTime:0.000242s ]
SQL: SELECT * FROM `tb_stdbtn` WHERE ( f_stdbtn_stdid=113 AND stdbtnnm='bs' ) LIMIT 1   [ RunTime:0.000251s ]
SQL: SELECT * FROM `tb_stdbtn` WHERE ( f_stdbtn_stdid=113 AND stdbtnnm='bs' ) LIMIT 1   [ RunTime:0.000259s ]
INFO: [ view_parse ] --START--
NOTIC: [8] Undefined variable: ntfstr C:\wamp\www\xx\std\Runtime\Cache\9c288f5594010517c700781ca130ef0a.php 第 61 行.
NOTIC: [8] Undefined index: stdnn C:\wamp\www\xx\std\Runtime\Cache\9c288f5594010517c700781ca130ef0a.php 第 84 行.
NOTIC: [8] Undefined variable: stdo C:\wamp\www\xx\std\Runtime\Cache\9c288f5594010517c700781ca130ef0a.php 第 174 行.
INFO: ParseTemplate Behavior ::run [ RunTime:0.011769s ]
INFO: [ view_parse ] --END-- [ RunTime:0.011917s ]
INFO: [ view_filter ] --START--
INFO: ContentReplace Behavior ::run [ RunTime:0.000555s ]
INFO: TokenBuild Behavior ::run [ RunTime:0.000527s ]
INFO: WriteHtmlCache Behavior ::run [ RunTime:0.000377s ]
INFO: ShowRuntime Behavior ::run [ RunTime:0.000628s ]
INFO: [ view_filter ] --END-- [ RunTime:0.002419s ]
INFO: [ view_end ] --START--
INFO: ShowPageTrace Behavior ::run [ RunTime:0.000669s ]
INFO: [ view_end ] --END-- [ RunTime:0.000790s ]

[ 2015-07-02T20:24:59+08:00 ] 127.0.0.1 /xx/std.php
INFO: [ app_begin ] --START--
INFO: ReadHtmlCache Behavior ::run [ RunTime:0.000818s ]
INFO: [ app_begin ] --END-- [ RunTime:0.000959s ]
SQL: SHOW COLUMNS FROM `tb_grd` [ RunTime:0.002614s ]
SQL: SELECT * FROM `tb_grd` WHERE ( grdid=2 ) LIMIT 1   [ RunTime:0.000285s ]
SQL: SHOW COLUMNS FROM `tb_2013_std` [ RunTime:0.004199s ]
SQL: SELECT * FROM `tb_2013_std` WHERE ( stdid=113 ) LIMIT 1   [ RunTime:0.000643s ]
SQL: SELECT * FROM `tb_grd` WHERE ( grdid=2 ) LIMIT 1   [ RunTime:0.000298s ]
SQL: SELECT * FROM `tb_2013_std` WHERE ( stdid=113 ) LIMIT 1   [ RunTime:0.000392s ]
SQL: SHOW COLUMNS FROM `tb_std` [ RunTime:0.002509s ]
ERR: 1146:Table 'db_xx.tb_std' doesn't exist
 [ SQL语句 ] : SHOW COLUMNS FROM `tb_std`
SQL: SELECT * FROM `tb_std` WHERE ( stdid=113 ) LIMIT 1   [ RunTime:0.000299s ]
ERR: 1146:Table 'db_xx.tb_std' doesn't exist
 [ SQL语句 ] : SELECT * FROM `tb_std` WHERE ( stdid=113 ) LIMIT 1  
NOTIC: [2] Missing argument 1 for KZMBAction::setkzmb(), called in C:\wamp\www\xx\std\Lib\Action\IndexAction.class.php on line 27 and defined C:\wamp\www\xx\std\Lib\KZMB\KZMBAction.class.php 第 3 行.
SQL: SHOW COLUMNS FROM `tb_stdbtn` [ RunTime:0.002689s ]
SQL: SELECT * FROM `tb_stdbtn` WHERE ( f_stdbtn_stdid=113 AND stdbtnnm='lft' ) LIMIT 1   [ RunTime:0.000323s ]
SQL: SELECT * FROM `tb_stdbtn` WHERE ( f_stdbtn_stdid=113 AND stdbtnnm='lft' ) LIMIT 1   [ RunTime:0.000206s ]
SQL: SELECT * FROM `tb_stdbtn` WHERE ( f_stdbtn_stdid=113 AND stdbtnnm='bs' ) LIMIT 1   [ RunTime:0.000230s ]
SQL: SELECT * FROM `tb_stdbtn` WHERE ( f_stdbtn_stdid=113 AND stdbtnnm='bs' ) LIMIT 1   [ RunTime:0.000225s ]
INFO: [ view_parse ] --START--
NOTIC: [8] Undefined variable: ntfstr C:\wamp\www\xx\std\Runtime\Cache\9c288f5594010517c700781ca130ef0a.php 第 61 行.
NOTIC: [8] Undefined index: stdnn C:\wamp\www\xx\std\Runtime\Cache\9c288f5594010517c700781ca130ef0a.php 第 84 行.
INFO: ParseTemplate Behavior ::run [ RunTime:0.011884s ]
INFO: [ view_parse ] --END-- [ RunTime:0.012032s ]
INFO: [ view_filter ] --START--
INFO: ContentReplace Behavior ::run [ RunTime:0.000624s ]
INFO: TokenBuild Behavior ::run [ RunTime:0.000599s ]
INFO: WriteHtmlCache Behavior ::run [ RunTime:0.000450s ]
INFO: ShowRuntime Behavior ::run [ RunTime:0.000748s ]
INFO: [ view_filter ] --END-- [ RunTime:0.002764s ]
INFO: [ view_end ] --START--
INFO: ShowPageTrace Behavior ::run [ RunTime:0.000763s ]
INFO: [ view_end ] --END-- [ RunTime:0.000882s ]

[ 2015-07-02T20:30:20+08:00 ] 127.0.0.1 /xx/std.php
INFO: [ app_begin ] --START--
INFO: ReadHtmlCache Behavior ::run [ RunTime:0.001154s ]
INFO: [ app_begin ] --END-- [ RunTime:0.001347s ]
SQL: SHOW COLUMNS FROM `tb_grd` [ RunTime:0.002818s ]
SQL: SELECT * FROM `tb_grd` WHERE ( grdid=2 ) LIMIT 1   [ RunTime:0.000316s ]
SQL: SHOW COLUMNS FROM `tb_2013_std` [ RunTime:0.004085s ]
SQL: SELECT * FROM `tb_2013_std` WHERE ( stdid=113 ) LIMIT 1   [ RunTime:0.000594s ]
SQL: SELECT * FROM `tb_grd` WHERE ( grdid=2 ) LIMIT 1   [ RunTime:0.000307s ]
SQL: SHOW COLUMNS FROM `tb_xq` [ RunTime:0.091197s ]
SQL: SELECT * FROM `tb_xq` WHERE ( xqdq=1 ) LIMIT 1   [ RunTime:0.000342s ]
SQL: SELECT * FROM `tb_2013_std` inner join tb_2013_stdxqcls ON stdid=f_stdxqcls_stdid inner join tb_2013_stdxqmj ON stdid=f_stdxqmj_stdid LEFT JOIN tb_stt ON f_std_sttid=sttid LEFT JOIN tb_grd ON f_std_grdid=grdid LEFT JOIN tb_2013_mj ON f_stdxqmj_mjid=mjid LEFT JOIN tb_bxxs ON f_mj_bxxsid=bxxsid LEFT JOIN tb_cc ON f_mj_ccid=ccid LEFT JOIN tb_kl ON f_mj_klid=klid LEFT JOIN tb_xxxs ON f_mj_xxxsid=xxxsid LEFT JOIN tb_zsfw ON f_mj_zsfwid=zsfwid LEFT JOIN tb_xz ON f_mj_xzid=xzid LEFT JOIN tb_2013_cls ON f_stdxqcls_clsid=clsid LEFT JOIN tb_dm ON f_std_dmid=dmid LEFT JOIN tb_sex ON f_std_sexid=sexid LEFT JOIN tb_rc ON f_std_rcid=rcid LEFT JOIN tb_zzmm ON f_std_zzmmid=zzmmid LEFT JOIN tb_xl ON f_std_xlid=xlid LEFT JOIN tb_stat ON f_std_statid=statid LEFT JOIN tb_xq ON f_stdxqcls_xqid=xqid WHERE ( f_stdxqcls_xqid=2 AND f_stdxqmj_xqid=2 AND stdid=113 ) LIMIT 1   [ RunTime:0.464459s ]
SQL: SHOW COLUMNS FROM `tb_std` [ RunTime:0.002511s ]
ERR: 1146:Table 'db_xx.tb_std' doesn't exist
 [ SQL语句 ] : SHOW COLUMNS FROM `tb_std`
SQL: SELECT * FROM `tb_std` WHERE ( stdid=113 ) LIMIT 1   [ RunTime:0.000315s ]
ERR: 1146:Table 'db_xx.tb_std' doesn't exist
 [ SQL语句 ] : SELECT * FROM `tb_std` WHERE ( stdid=113 ) LIMIT 1  
NOTIC: [2] Missing argument 1 for KZMBAction::setkzmb(), called in C:\wamp\www\xx\std\Lib\Action\IndexAction.class.php on line 27 and defined C:\wamp\www\xx\std\Lib\KZMB\KZMBAction.class.php 第 3 行.
SQL: SHOW COLUMNS FROM `tb_stdbtn` [ RunTime:0.002588s ]
SQL: SELECT * FROM `tb_stdbtn` WHERE ( f_stdbtn_stdid=113 AND stdbtnnm='lft' ) LIMIT 1   [ RunTime:0.000305s ]
SQL: SELECT * FROM `tb_stdbtn` WHERE ( f_stdbtn_stdid=113 AND stdbtnnm='lft' ) LIMIT 1   [ RunTime:0.000250s ]
SQL: SELECT * FROM `tb_stdbtn` WHERE ( f_stdbtn_stdid=113 AND stdbtnnm='bs' ) LIMIT 1   [ RunTime:0.000249s ]
SQL: SELECT * FROM `tb_stdbtn` WHERE ( f_stdbtn_stdid=113 AND stdbtnnm='bs' ) LIMIT 1   [ RunTime:0.000247s ]
INFO: [ view_parse ] --START--
NOTIC: [8] Undefined variable: ntfstr C:\wamp\www\xx\std\Runtime\Cache\9c288f5594010517c700781ca130ef0a.php 第 61 行.
NOTIC: [8] Undefined index: stdnn C:\wamp\www\xx\std\Runtime\Cache\9c288f5594010517c700781ca130ef0a.php 第 84 行.
INFO: ParseTemplate Behavior ::run [ RunTime:0.012370s ]
INFO: [ view_parse ] --END-- [ RunTime:0.012505s ]
INFO: [ view_filter ] --START--
INFO: ContentReplace Behavior ::run [ RunTime:0.000644s ]
INFO: TokenBuild Behavior ::run [ RunTime:0.000639s ]
INFO: WriteHtmlCache Behavior ::run [ RunTime:0.000456s ]
INFO: ShowRuntime Behavior ::run [ RunTime:0.000749s ]
INFO: [ view_filter ] --END-- [ RunTime:0.002836s ]
INFO: [ view_end ] --START--
INFO: ShowPageTrace Behavior ::run [ RunTime:0.000794s ]
INFO: [ view_end ] --END-- [ RunTime:0.000918s ]

[ 2015-07-02T20:32:51+08:00 ] 127.0.0.1 /xx/std.php
INFO: [ app_begin ] --START--
INFO: ReadHtmlCache Behavior ::run [ RunTime:0.000837s ]
INFO: [ app_begin ] --END-- [ RunTime:0.000992s ]
SQL: SHOW COLUMNS FROM `tb_grd` [ RunTime:0.024750s ]
SQL: SELECT * FROM `tb_grd` WHERE ( grdid=2 ) LIMIT 1   [ RunTime:0.000279s ]
SQL: SHOW COLUMNS FROM `tb_2013_std` [ RunTime:0.003563s ]
SQL: SELECT * FROM `tb_2013_std` WHERE ( stdid=113 ) LIMIT 1   [ RunTime:0.000656s ]
SQL: SELECT * FROM `tb_grd` WHERE ( grdid=2 ) LIMIT 1   [ RunTime:0.000294s ]
SQL: SHOW COLUMNS FROM `tb_xq` [ RunTime:0.002695s ]
SQL: SELECT * FROM `tb_xq` WHERE ( xqdq=1 ) LIMIT 1   [ RunTime:0.000206s ]
SQL: SELECT * FROM `tb_2013_std` inner join tb_2013_stdxqcls ON stdid=f_stdxqcls_stdid inner join tb_2013_stdxqmj ON stdid=f_stdxqmj_stdid LEFT JOIN tb_stt ON f_std_sttid=sttid LEFT JOIN tb_grd ON f_std_grdid=grdid LEFT JOIN tb_2013_mj ON f_stdxqmj_mjid=mjid LEFT JOIN tb_bxxs ON f_mj_bxxsid=bxxsid LEFT JOIN tb_cc ON f_mj_ccid=ccid LEFT JOIN tb_kl ON f_mj_klid=klid LEFT JOIN tb_xxxs ON f_mj_xxxsid=xxxsid LEFT JOIN tb_zsfw ON f_mj_zsfwid=zsfwid LEFT JOIN tb_xz ON f_mj_xzid=xzid LEFT JOIN tb_2013_cls ON f_stdxqcls_clsid=clsid LEFT JOIN tb_dm ON f_std_dmid=dmid LEFT JOIN tb_sex ON f_std_sexid=sexid LEFT JOIN tb_rc ON f_std_rcid=rcid LEFT JOIN tb_zzmm ON f_std_zzmmid=zzmmid LEFT JOIN tb_xl ON f_std_xlid=xlid LEFT JOIN tb_stat ON f_std_statid=statid LEFT JOIN tb_xq ON f_stdxqcls_xqid=xqid WHERE ( f_stdxqcls_xqid=2 AND f_stdxqmj_xqid=2 AND stdid=113 ) LIMIT 1   [ RunTime:0.001027s ]
SQL: SHOW COLUMNS FROM `tb_std` [ RunTime:0.002557s ]
ERR: 1146:Table 'db_xx.tb_std' doesn't exist
 [ SQL语句 ] : SHOW COLUMNS FROM `tb_std`
SQL: SELECT * FROM `tb_std` WHERE ( stdid=113 ) LIMIT 1   [ RunTime:0.000381s ]
ERR: 1146:Table 'db_xx.tb_std' doesn't exist
 [ SQL语句 ] : SELECT * FROM `tb_std` WHERE ( stdid=113 ) LIMIT 1  
NOTIC: [2] Missing argument 1 for KZMBAction::setkzmb(), called in C:\wamp\www\xx\std\Lib\Action\IndexAction.class.php on line 27 and defined C:\wamp\www\xx\std\Lib\KZMB\KZMBAction.class.php 第 3 行.
SQL: SHOW COLUMNS FROM `tb_stdbtn` [ RunTime:0.002698s ]
SQL: SELECT * FROM `tb_stdbtn` WHERE ( f_stdbtn_stdid=113 AND stdbtnnm='lft' ) LIMIT 1   [ RunTime:0.000365s ]
SQL: SELECT * FROM `tb_stdbtn` WHERE ( f_stdbtn_stdid=113 AND stdbtnnm='lft' ) LIMIT 1   [ RunTime:0.000251s ]
SQL: SELECT * FROM `tb_stdbtn` WHERE ( f_stdbtn_stdid=113 AND stdbtnnm='bs' ) LIMIT 1   [ RunTime:0.000271s ]
SQL: SELECT * FROM `tb_stdbtn` WHERE ( f_stdbtn_stdid=113 AND stdbtnnm='bs' ) LIMIT 1   [ RunTime:0.000252s ]
INFO: [ view_parse ] --START--
NOTIC: [8] Undefined variable: ntfstr C:\wamp\www\xx\std\Runtime\Cache\9c288f5594010517c700781ca130ef0a.php 第 61 行.
NOTIC: [8] Undefined index: stdnn C:\wamp\www\xx\std\Runtime\Cache\9c288f5594010517c700781ca130ef0a.php 第 84 行.
INFO: ParseTemplate Behavior ::run [ RunTime:0.013257s ]
INFO: [ view_parse ] --END-- [ RunTime:0.013395s ]
INFO: [ view_filter ] --START--
INFO: ContentReplace Behavior ::run [ RunTime:0.000647s ]
INFO: TokenBuild Behavior ::run [ RunTime:0.000607s ]
INFO: WriteHtmlCache Behavior ::run [ RunTime:0.000449s ]
INFO: ShowRuntime Behavior ::run [ RunTime:0.000710s ]
INFO: [ view_filter ] --END-- [ RunTime:0.002756s ]
INFO: [ view_end ] --START--
INFO: ShowPageTrace Behavior ::run [ RunTime:0.000769s ]
INFO: [ view_end ] --END-- [ RunTime:0.000893s ]

[ 2015-07-02T20:33:07+08:00 ] 127.0.0.1 /xx/std.php
INFO: [ app_begin ] --START--
INFO: ReadHtmlCache Behavior ::run [ RunTime:0.000680s ]
INFO: [ app_begin ] --END-- [ RunTime:0.000856s ]
SQL: SHOW COLUMNS FROM `tb_grd` [ RunTime:0.002649s ]
SQL: SELECT * FROM `tb_grd` WHERE ( grdid=2 ) LIMIT 1   [ RunTime:0.000251s ]
SQL: SHOW COLUMNS FROM `tb_2013_std` [ RunTime:0.003432s ]
SQL: SELECT * FROM `tb_2013_std` WHERE ( stdid=113 ) LIMIT 1   [ RunTime:0.000583s ]
SQL: SELECT * FROM `tb_grd` WHERE ( grdid=2 ) LIMIT 1   [ RunTime:0.000305s ]
SQL: SHOW COLUMNS FROM `tb_xq` [ RunTime:0.002705s ]
SQL: SELECT * FROM `tb_xq` WHERE ( xqdq=1 ) LIMIT 1   [ RunTime:0.000262s ]
SQL: SELECT * FROM `tb_2013_std` inner join tb_2013_stdxqcls ON stdid=f_stdxqcls_stdid inner join tb_2013_stdxqmj ON stdid=f_stdxqmj_stdid LEFT JOIN tb_stt ON f_std_sttid=sttid LEFT JOIN tb_grd ON f_std_grdid=grdid LEFT JOIN tb_2013_mj ON f_stdxqmj_mjid=mjid LEFT JOIN tb_bxxs ON f_mj_bxxsid=bxxsid LEFT JOIN tb_cc ON f_mj_ccid=ccid LEFT JOIN tb_kl ON f_mj_klid=klid LEFT JOIN tb_xxxs ON f_mj_xxxsid=xxxsid LEFT JOIN tb_zsfw ON f_mj_zsfwid=zsfwid LEFT JOIN tb_xz ON f_mj_xzid=xzid LEFT JOIN tb_2013_cls ON f_stdxqcls_clsid=clsid LEFT JOIN tb_dm ON f_std_dmid=dmid LEFT JOIN tb_sex ON f_std_sexid=sexid LEFT JOIN tb_rc ON f_std_rcid=rcid LEFT JOIN tb_zzmm ON f_std_zzmmid=zzmmid LEFT JOIN tb_xl ON f_std_xlid=xlid LEFT JOIN tb_stat ON f_std_statid=statid LEFT JOIN tb_xq ON f_stdxqcls_xqid=xqid WHERE ( f_stdxqcls_xqid=2 AND f_stdxqmj_xqid=2 AND stdid=113 ) LIMIT 1   [ RunTime:0.001123s ]
SQL: SHOW COLUMNS FROM `tb_std` [ RunTime:0.002371s ]
ERR: 1146:Table 'db_xx.tb_std' doesn't exist
 [ SQL语句 ] : SHOW COLUMNS FROM `tb_std`
SQL: SELECT * FROM `tb_std` WHERE ( stdid=113 ) LIMIT 1   [ RunTime:0.000420s ]
ERR: 1146:Table 'db_xx.tb_std' doesn't exist
 [ SQL语句 ] : SELECT * FROM `tb_std` WHERE ( stdid=113 ) LIMIT 1  
NOTIC: [2] Missing argument 1 for KZMBAction::setkzmb(), called in C:\wamp\www\xx\std\Lib\Action\IndexAction.class.php on line 27 and defined C:\wamp\www\xx\std\Lib\KZMB\KZMBAction.class.php 第 3 行.
SQL: SHOW COLUMNS FROM `tb_stdbtn` [ RunTime:0.002845s ]
SQL: SELECT * FROM `tb_stdbtn` WHERE ( f_stdbtn_stdid=113 AND stdbtnnm='lft' ) LIMIT 1   [ RunTime:0.000332s ]
SQL: SELECT * FROM `tb_stdbtn` WHERE ( f_stdbtn_stdid=113 AND stdbtnnm='lft' ) LIMIT 1   [ RunTime:0.000288s ]
SQL: SELECT * FROM `tb_stdbtn` WHERE ( f_stdbtn_stdid=113 AND stdbtnnm='bs' ) LIMIT 1   [ RunTime:0.000257s ]
SQL: SELECT * FROM `tb_stdbtn` WHERE ( f_stdbtn_stdid=113 AND stdbtnnm='bs' ) LIMIT 1   [ RunTime:0.000249s ]
INFO: [ view_parse ] --START--
NOTIC: [8] Undefined variable: ntfstr C:\wamp\www\xx\std\Runtime\Cache\9c288f5594010517c700781ca130ef0a.php 第 61 行.
NOTIC: [8] Undefined index: stdnn C:\wamp\www\xx\std\Runtime\Cache\9c288f5594010517c700781ca130ef0a.php 第 84 行.
INFO: ParseTemplate Behavior ::run [ RunTime:0.012071s ]
INFO: [ view_parse ] --END-- [ RunTime:0.012243s ]
INFO: [ view_filter ] --START--
INFO: ContentReplace Behavior ::run [ RunTime:0.000569s ]
INFO: TokenBuild Behavior ::run [ RunTime:0.000566s ]
INFO: WriteHtmlCache Behavior ::run [ RunTime:0.000393s ]
INFO: ShowRuntime Behavior ::run [ RunTime:0.000657s ]
INFO: [ view_filter ] --END-- [ RunTime:0.002529s ]
INFO: [ view_end ] --START--
INFO: ShowPageTrace Behavior ::run [ RunTime:0.000702s ]
INFO: [ view_end ] --END-- [ RunTime:0.000824s ]

[ 2015-07-02T20:34:52+08:00 ] 127.0.0.1 /xx/std.php
INFO: [ app_begin ] --START--
INFO: ReadHtmlCache Behavior ::run [ RunTime:0.000816s ]
INFO: [ app_begin ] --END-- [ RunTime:0.000967s ]
SQL: SHOW COLUMNS FROM `tb_grd` [ RunTime:0.191909s ]
SQL: SELECT * FROM `tb_grd` WHERE ( grdid=2 ) LIMIT 1   [ RunTime:0.000380s ]
SQL: SHOW COLUMNS FROM `tb_2013_std` [ RunTime:0.004382s ]
SQL: SELECT * FROM `tb_2013_std` WHERE ( stdid=113 ) LIMIT 1   [ RunTime:0.000618s ]
SQL: SELECT * FROM `tb_grd` WHERE ( grdid=2 ) LIMIT 1   [ RunTime:0.000246s ]
SQL: SHOW COLUMNS FROM `tb_xq` [ RunTime:0.003154s ]
SQL: SELECT * FROM `tb_xq` WHERE ( xqdq=1 ) LIMIT 1   [ RunTime:0.000292s ]
SQL: SELECT * FROM `tb_2013_std` inner join tb_2013_stdxqcls ON stdid=f_stdxqcls_stdid inner join tb_2013_stdxqmj ON stdid=f_stdxqmj_stdid LEFT JOIN tb_stt ON f_std_sttid=sttid LEFT JOIN tb_grd ON f_std_grdid=grdid LEFT JOIN tb_2013_mj ON f_stdxqmj_mjid=mjid LEFT JOIN tb_bxxs ON f_mj_bxxsid=bxxsid LEFT JOIN tb_cc ON f_mj_ccid=ccid LEFT JOIN tb_kl ON f_mj_klid=klid LEFT JOIN tb_xxxs ON f_mj_xxxsid=xxxsid LEFT JOIN tb_zsfw ON f_mj_zsfwid=zsfwid LEFT JOIN tb_xz ON f_mj_xzid=xzid LEFT JOIN tb_2013_cls ON f_stdxqcls_clsid=clsid LEFT JOIN tb_dm ON f_std_dmid=dmid LEFT JOIN tb_sex ON f_std_sexid=sexid LEFT JOIN tb_rc ON f_std_rcid=rcid LEFT JOIN tb_zzmm ON f_std_zzmmid=zzmmid LEFT JOIN tb_xl ON f_std_xlid=xlid LEFT JOIN tb_stat ON f_std_statid=statid LEFT JOIN tb_xq ON f_stdxqcls_xqid=xqid WHERE ( f_stdxqcls_xqid=2 AND f_stdxqmj_xqid=2 AND stdid=113 ) LIMIT 1   [ RunTime:0.001107s ]
SQL: SHOW COLUMNS FROM `tb_std` [ RunTime:0.002996s ]
ERR: 1146:Table 'db_xx.tb_std' doesn't exist
 [ SQL语句 ] : SHOW COLUMNS FROM `tb_std`
SQL: SELECT * FROM `tb_std` WHERE ( stdid=113 ) LIMIT 1   [ RunTime:0.000331s ]
ERR: 1146:Table 'db_xx.tb_std' doesn't exist
 [ SQL语句 ] : SELECT * FROM `tb_std` WHERE ( stdid=113 ) LIMIT 1  
NOTIC: [2] Missing argument 1 for KZMBAction::setkzmb(), called in C:\wamp\www\xx\std\Lib\Action\IndexAction.class.php on line 27 and defined C:\wamp\www\xx\std\Lib\KZMB\KZMBAction.class.php 第 3 行.
SQL: SHOW COLUMNS FROM `tb_stdbtn` [ RunTime:0.003578s ]
SQL: SELECT * FROM `tb_stdbtn` WHERE ( f_stdbtn_stdid=113 AND stdbtnnm='lft' ) LIMIT 1   [ RunTime:0.000403s ]
SQL: SELECT * FROM `tb_stdbtn` WHERE ( f_stdbtn_stdid=113 AND stdbtnnm='lft' ) LIMIT 1   [ RunTime:0.000267s ]
SQL: SELECT * FROM `tb_stdbtn` WHERE ( f_stdbtn_stdid=113 AND stdbtnnm='bs' ) LIMIT 1   [ RunTime:0.000295s ]
SQL: SELECT * FROM `tb_stdbtn` WHERE ( f_stdbtn_stdid=113 AND stdbtnnm='bs' ) LIMIT 1   [ RunTime:0.000252s ]
INFO: [ view_parse ] --START--
NOTIC: [8] Undefined variable: ntfstr C:\wamp\www\xx\std\Runtime\Cache\9c288f5594010517c700781ca130ef0a.php 第 61 行.
NOTIC: [8] Undefined index: stdnn C:\wamp\www\xx\std\Runtime\Cache\9c288f5594010517c700781ca130ef0a.php 第 84 行.
INFO: ParseTemplate Behavior ::run [ RunTime:0.013022s ]
INFO: [ view_parse ] --END-- [ RunTime:0.013159s ]
INFO: [ view_filter ] --START--
INFO: ContentReplace Behavior ::run [ RunTime:0.000647s ]
INFO: TokenBuild Behavior ::run [ RunTime:0.000636s ]
INFO: WriteHtmlCache Behavior ::run [ RunTime:0.000509s ]
INFO: ShowRuntime Behavior ::run [ RunTime:0.000889s ]
INFO: [ view_filter ] --END-- [ RunTime:0.003070s ]
INFO: [ view_end ] --START--
INFO: ShowPageTrace Behavior ::run [ RunTime:0.000820s ]
INFO: [ view_end ] --END-- [ RunTime:0.000948s ]

[ 2015-07-02T20:35:02+08:00 ] 127.0.0.1 /xx/std.php
INFO: [ app_begin ] --START--
INFO: ReadHtmlCache Behavior ::run [ RunTime:0.000714s ]
INFO: [ app_begin ] --END-- [ RunTime:0.000858s ]
SQL: SHOW COLUMNS FROM `tb_grd` [ RunTime:0.032661s ]
SQL: SELECT * FROM `tb_grd` WHERE ( grdid=2 ) LIMIT 1   [ RunTime:0.000436s ]
SQL: SHOW COLUMNS FROM `tb_2013_std` [ RunTime:0.003842s ]
SQL: SELECT * FROM `tb_2013_std` WHERE ( stdid=113 ) LIMIT 1   [ RunTime:0.000645s ]
SQL: SELECT * FROM `tb_grd` WHERE ( grdid=2 ) LIMIT 1   [ RunTime:0.000306s ]
SQL: SHOW COLUMNS FROM `tb_xq` [ RunTime:0.002716s ]
SQL: SELECT * FROM `tb_xq` WHERE ( xqdq=1 ) LIMIT 1   [ RunTime:0.000213s ]
SQL: SELECT * FROM `tb_2013_std` inner join tb_2013_stdxqcls ON stdid=f_stdxqcls_stdid inner join tb_2013_stdxqmj ON stdid=f_stdxqmj_stdid LEFT JOIN tb_stt ON f_std_sttid=sttid LEFT JOIN tb_grd ON f_std_grdid=grdid LEFT JOIN tb_2013_mj ON f_stdxqmj_mjid=mjid LEFT JOIN tb_bxxs ON f_mj_bxxsid=bxxsid LEFT JOIN tb_cc ON f_mj_ccid=ccid LEFT JOIN tb_kl ON f_mj_klid=klid LEFT JOIN tb_xxxs ON f_mj_xxxsid=xxxsid LEFT JOIN tb_zsfw ON f_mj_zsfwid=zsfwid LEFT JOIN tb_xz ON f_mj_xzid=xzid LEFT JOIN tb_2013_cls ON f_stdxqcls_clsid=clsid LEFT JOIN tb_dm ON f_std_dmid=dmid LEFT JOIN tb_sex ON f_std_sexid=sexid LEFT JOIN tb_rc ON f_std_rcid=rcid LEFT JOIN tb_zzmm ON f_std_zzmmid=zzmmid LEFT JOIN tb_xl ON f_std_xlid=xlid LEFT JOIN tb_stat ON f_std_statid=statid LEFT JOIN tb_xq ON f_stdxqcls_xqid=xqid WHERE ( f_stdxqcls_xqid=2 AND f_stdxqmj_xqid=2 AND stdid=113 ) LIMIT 1   [ RunTime:0.001048s ]
SQL: SHOW COLUMNS FROM `tb_std` [ RunTime:0.003119s ]
ERR: 1146:Table 'db_xx.tb_std' doesn't exist
 [ SQL语句 ] : SHOW COLUMNS FROM `tb_std`
SQL: SELECT * FROM `tb_std` WHERE ( stdid=113 ) LIMIT 1   [ RunTime:0.000403s ]
ERR: 1146:Table 'db_xx.tb_std' doesn't exist
 [ SQL语句 ] : SELECT * FROM `tb_std` WHERE ( stdid=113 ) LIMIT 1  
NOTIC: [2] Missing argument 1 for KZMBAction::setkzmb(), called in C:\wamp\www\xx\std\Lib\Action\IndexAction.class.php on line 27 and defined C:\wamp\www\xx\std\Lib\KZMB\KZMBAction.class.php 第 3 行.
SQL: SHOW COLUMNS FROM `tb_stdbtn` [ RunTime:0.003336s ]
SQL: SELECT * FROM `tb_stdbtn` WHERE ( f_stdbtn_stdid=113 AND stdbtnnm='lft' ) LIMIT 1   [ RunTime:0.000320s ]
SQL: SELECT * FROM `tb_stdbtn` WHERE ( f_stdbtn_stdid=113 AND stdbtnnm='lft' ) LIMIT 1   [ RunTime:0.000253s ]
SQL: SELECT * FROM `tb_stdbtn` WHERE ( f_stdbtn_stdid=113 AND stdbtnnm='bs' ) LIMIT 1   [ RunTime:0.000259s ]
SQL: SELECT * FROM `tb_stdbtn` WHERE ( f_stdbtn_stdid=113 AND stdbtnnm='bs' ) LIMIT 1   [ RunTime:0.000260s ]
INFO: [ view_parse ] --START--
NOTIC: [8] Undefined variable: ntfstr C:\wamp\www\xx\std\Runtime\Cache\9c288f5594010517c700781ca130ef0a.php 第 61 行.
NOTIC: [8] Undefined index: stdnn C:\wamp\www\xx\std\Runtime\Cache\9c288f5594010517c700781ca130ef0a.php 第 84 行.
INFO: ParseTemplate Behavior ::run [ RunTime:0.013541s ]
INFO: [ view_parse ] --END-- [ RunTime:0.013675s ]
INFO: [ view_filter ] --START--
INFO: ContentReplace Behavior ::run [ RunTime:0.000555s ]
INFO: TokenBuild Behavior ::run [ RunTime:0.000528s ]
INFO: WriteHtmlCache Behavior ::run [ RunTime:0.000380s ]
INFO: ShowRuntime Behavior ::run [ RunTime:0.000641s ]
INFO: [ view_filter ] --END-- [ RunTime:0.002441s ]
INFO: [ view_end ] --START--
INFO: ShowPageTrace Behavior ::run [ RunTime:0.000720s ]
INFO: [ view_end ] --END-- [ RunTime:0.000843s ]

[ 2015-07-02T20:35:35+08:00 ] 127.0.0.1 /xx/std.php
INFO: [ app_begin ] --START--
INFO: ReadHtmlCache Behavior ::run [ RunTime:0.000718s ]
INFO: [ app_begin ] --END-- [ RunTime:0.000886s ]
SQL: SHOW COLUMNS FROM `tb_grd` [ RunTime:0.024086s ]
SQL: SELECT * FROM `tb_grd` WHERE ( grdid=2 ) LIMIT 1   [ RunTime:0.000362s ]
SQL: SHOW COLUMNS FROM `tb_2013_std` [ RunTime:0.004397s ]
SQL: SELECT * FROM `tb_2013_std` WHERE ( stdid=113 ) LIMIT 1   [ RunTime:0.000563s ]
SQL: SELECT * FROM `tb_grd` WHERE ( grdid=2 ) LIMIT 1   [ RunTime:0.000248s ]
SQL: SHOW COLUMNS FROM `tb_xq` [ RunTime:0.002794s ]
SQL: SELECT * FROM `tb_xq` WHERE ( xqdq=1 ) LIMIT 1   [ RunTime:0.000285s ]
SQL: SELECT * FROM `tb_2013_std` inner join tb_2013_stdxqcls ON stdid=f_stdxqcls_stdid inner join tb_2013_stdxqmj ON stdid=f_stdxqmj_stdid LEFT JOIN tb_stt ON f_std_sttid=sttid LEFT JOIN tb_grd ON f_std_grdid=grdid LEFT JOIN tb_2013_mj ON f_stdxqmj_mjid=mjid LEFT JOIN tb_bxxs ON f_mj_bxxsid=bxxsid LEFT JOIN tb_cc ON f_mj_ccid=ccid LEFT JOIN tb_kl ON f_mj_klid=klid LEFT JOIN tb_xxxs ON f_mj_xxxsid=xxxsid LEFT JOIN tb_zsfw ON f_mj_zsfwid=zsfwid LEFT JOIN tb_xz ON f_mj_xzid=xzid LEFT JOIN tb_2013_cls ON f_stdxqcls_clsid=clsid LEFT JOIN tb_dm ON f_std_dmid=dmid LEFT JOIN tb_sex ON f_std_sexid=sexid LEFT JOIN tb_rc ON f_std_rcid=rcid LEFT JOIN tb_zzmm ON f_std_zzmmid=zzmmid LEFT JOIN tb_xl ON f_std_xlid=xlid LEFT JOIN tb_stat ON f_std_statid=statid LEFT JOIN tb_xq ON f_stdxqcls_xqid=xqid WHERE ( f_stdxqcls_xqid=2 AND f_stdxqmj_xqid=2 AND stdid=113 ) LIMIT 1   [ RunTime:0.001085s ]
SQL: SHOW COLUMNS FROM `tb_std` [ RunTime:0.002333s ]
ERR: 1146:Table 'db_xx.tb_std' doesn't exist
 [ SQL语句 ] : SHOW COLUMNS FROM `tb_std`
SQL: SELECT * FROM `tb_std` WHERE ( stdid=113 ) LIMIT 1   [ RunTime:0.000284s ]
ERR: 1146:Table 'db_xx.tb_std' doesn't exist
 [ SQL语句 ] : SELECT * FROM `tb_std` WHERE ( stdid=113 ) LIMIT 1  
NOTIC: [2] Missing argument 1 for KZMBAction::setkzmb(), called in C:\wamp\www\xx\std\Lib\Action\IndexAction.class.php on line 27 and defined C:\wamp\www\xx\std\Lib\KZMB\KZMBAction.class.php 第 3 行.
SQL: SHOW COLUMNS FROM `tb_stdbtn` [ RunTime:0.002690s ]
SQL: SELECT * FROM `tb_stdbtn` WHERE ( f_stdbtn_stdid=113 AND stdbtnnm='lft' ) LIMIT 1   [ RunTime:0.000357s ]
SQL: SELECT * FROM `tb_stdbtn` WHERE ( f_stdbtn_stdid=113 AND stdbtnnm='lft' ) LIMIT 1   [ RunTime:0.000277s ]
SQL: SELECT * FROM `tb_stdbtn` WHERE ( f_stdbtn_stdid=113 AND stdbtnnm='bs' ) LIMIT 1   [ RunTime:0.000271s ]
SQL: SELECT * FROM `tb_stdbtn` WHERE ( f_stdbtn_stdid=113 AND stdbtnnm='bs' ) LIMIT 1   [ RunTime:0.000229s ]
INFO: [ view_parse ] --START--
NOTIC: [8] Undefined variable: ntfstr C:\wamp\www\xx\std\Runtime\Cache\9c288f5594010517c700781ca130ef0a.php 第 61 行.
NOTIC: [8] Undefined index: stdnn C:\wamp\www\xx\std\Runtime\Cache\9c288f5594010517c700781ca130ef0a.php 第 84 行.
INFO: ParseTemplate Behavior ::run [ RunTime:0.014014s ]
INFO: [ view_parse ] --END-- [ RunTime:0.014174s ]
INFO: [ view_filter ] --START--
INFO: ContentReplace Behavior ::run [ RunTime:0.000644s ]
INFO: TokenBuild Behavior ::run [ RunTime:0.000608s ]
INFO: WriteHtmlCache Behavior ::run [ RunTime:0.000382s ]
INFO: ShowRuntime Behavior ::run [ RunTime:0.000636s ]
INFO: [ view_filter ] --END-- [ RunTime:0.002615s ]
INFO: [ view_end ] --START--
INFO: ShowPageTrace Behavior ::run [ RunTime:0.000726s ]
INFO: [ view_end ] --END-- [ RunTime:0.000848s ]

[ 2015-07-02T20:36:01+08:00 ] 127.0.0.1 /xx/std.php
INFO: [ app_begin ] --START--
INFO: ReadHtmlCache Behavior ::run [ RunTime:0.000682s ]
INFO: [ app_begin ] --END-- [ RunTime:0.000839s ]
SQL: SHOW COLUMNS FROM `tb_grd` [ RunTime:0.017959s ]
SQL: SELECT * FROM `tb_grd` WHERE ( grdid=2 ) LIMIT 1   [ RunTime:0.000422s ]
SQL: SHOW COLUMNS FROM `tb_2013_std` [ RunTime:0.003939s ]
SQL: SELECT * FROM `tb_2013_std` WHERE ( stdid=113 ) LIMIT 1   [ RunTime:0.000649s ]
SQL: SELECT * FROM `tb_grd` WHERE ( grdid=2 ) LIMIT 1   [ RunTime:0.000286s ]
SQL: SHOW COLUMNS FROM `tb_xq` [ RunTime:0.002756s ]
SQL: SELECT * FROM `tb_xq` WHERE ( xqdq=1 ) LIMIT 1   [ RunTime:0.000316s ]
SQL: SELECT * FROM `tb_2013_std` inner join tb_2013_stdxqcls ON stdid=f_stdxqcls_stdid inner join tb_2013_stdxqmj ON stdid=f_stdxqmj_stdid LEFT JOIN tb_stt ON f_std_sttid=sttid LEFT JOIN tb_grd ON f_std_grdid=grdid LEFT JOIN tb_2013_mj ON f_stdxqmj_mjid=mjid LEFT JOIN tb_bxxs ON f_mj_bxxsid=bxxsid LEFT JOIN tb_cc ON f_mj_ccid=ccid LEFT JOIN tb_kl ON f_mj_klid=klid LEFT JOIN tb_xxxs ON f_mj_xxxsid=xxxsid LEFT JOIN tb_zsfw ON f_mj_zsfwid=zsfwid LEFT JOIN tb_xz ON f_mj_xzid=xzid LEFT JOIN tb_2013_cls ON f_stdxqcls_clsid=clsid LEFT JOIN tb_dm ON f_std_dmid=dmid LEFT JOIN tb_sex ON f_std_sexid=sexid LEFT JOIN tb_rc ON f_std_rcid=rcid LEFT JOIN tb_zzmm ON f_std_zzmmid=zzmmid LEFT JOIN tb_xl ON f_std_xlid=xlid LEFT JOIN tb_stat ON f_std_statid=statid LEFT JOIN tb_xq ON f_stdxqcls_xqid=xqid WHERE ( f_stdxqcls_xqid=2 AND f_stdxqmj_xqid=2 AND stdid=113 ) LIMIT 1   [ RunTime:0.001152s ]
SQL: SHOW COLUMNS FROM `tb_std` [ RunTime:0.002301s ]
ERR: 1146:Table 'db_xx.tb_std' doesn't exist
 [ SQL语句 ] : SHOW COLUMNS FROM `tb_std`
SQL: SELECT * FROM `tb_std` WHERE ( stdid=113 ) LIMIT 1   [ RunTime:0.000305s ]
ERR: 1146:Table 'db_xx.tb_std' doesn't exist
 [ SQL语句 ] : SELECT * FROM `tb_std` WHERE ( stdid=113 ) LIMIT 1  
NOTIC: [2] Missing argument 1 for KZMBAction::setkzmb(), called in C:\wamp\www\xx\std\Lib\Action\IndexAction.class.php on line 27 and defined C:\wamp\www\xx\std\Lib\KZMB\KZMBAction.class.php 第 3 行.
SQL: SHOW COLUMNS FROM `tb_stdbtn` [ RunTime:0.002540s ]
SQL: SELECT * FROM `tb_stdbtn` WHERE ( f_stdbtn_stdid=113 AND stdbtnnm='lft' ) LIMIT 1   [ RunTime:0.000256s ]
SQL: SELECT * FROM `tb_stdbtn` WHERE ( f_stdbtn_stdid=113 AND stdbtnnm='lft' ) LIMIT 1   [ RunTime:0.000220s ]
SQL: SELECT * FROM `tb_stdbtn` WHERE ( f_stdbtn_stdid=113 AND stdbtnnm='bs' ) LIMIT 1   [ RunTime:0.000216s ]
SQL: SELECT * FROM `tb_stdbtn` WHERE ( f_stdbtn_stdid=113 AND stdbtnnm='bs' ) LIMIT 1   [ RunTime:0.000307s ]
INFO: [ view_parse ] --START--
NOTIC: [8] Undefined variable: ntfstr C:\wamp\www\xx\std\Runtime\Cache\9c288f5594010517c700781ca130ef0a.php 第 61 行.
NOTIC: [8] Undefined index: stdnn C:\wamp\www\xx\std\Runtime\Cache\9c288f5594010517c700781ca130ef0a.php 第 84 行.
INFO: ParseTemplate Behavior ::run [ RunTime:0.012939s ]
INFO: [ view_parse ] --END-- [ RunTime:0.013122s ]
INFO: [ view_filter ] --START--
INFO: ContentReplace Behavior ::run [ RunTime:0.000563s ]
INFO: TokenBuild Behavior ::run [ RunTime:0.000548s ]
INFO: WriteHtmlCache Behavior ::run [ RunTime:0.000397s ]
INFO: ShowRuntime Behavior ::run [ RunTime:0.000642s ]
INFO: [ view_filter ] --END-- [ RunTime:0.002486s ]
INFO: [ view_end ] --START--
INFO: ShowPageTrace Behavior ::run [ RunTime:0.000710s ]
INFO: [ view_end ] --END-- [ RunTime:0.000836s ]

[ 2015-07-02T20:37:29+08:00 ] 127.0.0.1 /xx/std.php
INFO: [ app_begin ] --START--
INFO: ReadHtmlCache Behavior ::run [ RunTime:0.000813s ]
INFO: [ app_begin ] --END-- [ RunTime:0.000961s ]
SQL: SHOW COLUMNS FROM `tb_grd` [ RunTime:0.047620s ]
SQL: SELECT * FROM `tb_grd` WHERE ( grdid=2 ) LIMIT 1   [ RunTime:0.000420s ]
SQL: SHOW COLUMNS FROM `tb_2013_std` [ RunTime:0.003762s ]
SQL: SELECT * FROM `tb_2013_std` WHERE ( stdid=113 ) LIMIT 1   [ RunTime:0.000598s ]
SQL: SELECT * FROM `tb_grd` WHERE ( grdid=2 ) LIMIT 1   [ RunTime:0.000293s ]
SQL: SHOW COLUMNS FROM `tb_xq` [ RunTime:0.002617s ]
SQL: SELECT * FROM `tb_xq` WHERE ( xqdq=1 ) LIMIT 1   [ RunTime:0.000270s ]
SQL: SELECT * FROM `tb_2013_std` inner join tb_2013_stdxqcls ON stdid=f_stdxqcls_stdid inner join tb_2013_stdxqmj ON stdid=f_stdxqmj_stdid LEFT JOIN tb_stt ON f_std_sttid=sttid LEFT JOIN tb_grd ON f_std_grdid=grdid LEFT JOIN tb_2013_mj ON f_stdxqmj_mjid=mjid LEFT JOIN tb_bxxs ON f_mj_bxxsid=bxxsid LEFT JOIN tb_cc ON f_mj_ccid=ccid LEFT JOIN tb_kl ON f_mj_klid=klid LEFT JOIN tb_xxxs ON f_mj_xxxsid=xxxsid LEFT JOIN tb_zsfw ON f_mj_zsfwid=zsfwid LEFT JOIN tb_xz ON f_mj_xzid=xzid LEFT JOIN tb_2013_cls ON f_stdxqcls_clsid=clsid LEFT JOIN tb_dm ON f_std_dmid=dmid LEFT JOIN tb_sex ON f_std_sexid=sexid LEFT JOIN tb_rc ON f_std_rcid=rcid LEFT JOIN tb_zzmm ON f_std_zzmmid=zzmmid LEFT JOIN tb_xl ON f_std_xlid=xlid LEFT JOIN tb_stat ON f_std_statid=statid LEFT JOIN tb_xq ON f_stdxqcls_xqid=xqid WHERE ( f_stdxqcls_xqid=2 AND f_stdxqmj_xqid=2 AND stdid=113 ) LIMIT 1   [ RunTime:0.001065s ]
SQL: SHOW COLUMNS FROM `tb_std` [ RunTime:0.002407s ]
ERR: 1146:Table 'db_xx.tb_std' doesn't exist
 [ SQL语句 ] : SHOW COLUMNS FROM `tb_std`
SQL: SELECT * FROM `tb_std` WHERE ( stdid=113 ) LIMIT 1   [ RunTime:0.000348s ]
ERR: 1146:Table 'db_xx.tb_std' doesn't exist
 [ SQL语句 ] : SELECT * FROM `tb_std` WHERE ( stdid=113 ) LIMIT 1  
NOTIC: [2] Missing argument 1 for KZMBAction::setkzmb(), called in C:\wamp\www\xx\std\Lib\Action\IndexAction.class.php on line 27 and defined C:\wamp\www\xx\std\Lib\KZMB\KZMBAction.class.php 第 3 行.
SQL: SHOW COLUMNS FROM `tb_stdbtn` [ RunTime:0.002899s ]
SQL: SELECT * FROM `tb_stdbtn` WHERE ( f_stdbtn_stdid=113 AND stdbtnnm='lft' ) LIMIT 1   [ RunTime:0.000329s ]
SQL: SELECT * FROM `tb_stdbtn` WHERE ( f_stdbtn_stdid=113 AND stdbtnnm='lft' ) LIMIT 1   [ RunTime:0.000252s ]
SQL: SELECT * FROM `tb_stdbtn` WHERE ( f_stdbtn_stdid=113 AND stdbtnnm='bs' ) LIMIT 1   [ RunTime:0.000257s ]
SQL: SELECT * FROM `tb_stdbtn` WHERE ( f_stdbtn_stdid=113 AND stdbtnnm='bs' ) LIMIT 1   [ RunTime:0.000244s ]
INFO: [ view_parse ] --START--
NOTIC: [8] Undefined variable: ntfstr C:\wamp\www\xx\std\Runtime\Cache\9c288f5594010517c700781ca130ef0a.php 第 61 行.
NOTIC: [8] Undefined index: stdnn C:\wamp\www\xx\std\Runtime\Cache\9c288f5594010517c700781ca130ef0a.php 第 84 行.
INFO: ParseTemplate Behavior ::run [ RunTime:0.013260s ]
INFO: [ view_parse ] --END-- [ RunTime:0.013402s ]
INFO: [ view_filter ] --START--
INFO: ContentReplace Behavior ::run [ RunTime:0.000649s ]
INFO: TokenBuild Behavior ::run [ RunTime:0.000634s ]
INFO: WriteHtmlCache Behavior ::run [ RunTime:0.000457s ]
INFO: ShowRuntime Behavior ::run [ RunTime:0.000703s ]
INFO: [ view_filter ] --END-- [ RunTime:0.002786s ]
INFO: [ view_end ] --START--
INFO: ShowPageTrace Behavior ::run [ RunTime:0.000766s ]
INFO: [ view_end ] --END-- [ RunTime:0.000887s ]

