[ 2015-09-29T14:28:15+08:00 ] 66.249.79.222 /xx/std.php
INFO: [ app_begin ] --START--
INFO: ReadHtmlCache Behavior ::run [ RunTime:0.004323s ]
INFO: [ app_begin ] --END-- [ RunTime:0.004476s ]
INFO: [ view_parse ] --START--
INFO: ParseTemplate Behavior ::run [ RunTime:0.048287s ]
INFO: [ view_parse ] --END-- [ RunTime:0.048449s ]
INFO: [ view_filter ] --START--
INFO: ContentReplace Behavior ::run [ RunTime:0.004059s ]
INFO: TokenBuild Behavior ::run [ RunTime:0.003979s ]
INFO: WriteHtmlCache Behavior ::run [ RunTime:0.006889s ]
INFO: ShowRuntime Behavior ::run [ RunTime:0.007499s ]
INFO: [ view_filter ] --END-- [ RunTime:0.022749s ]
INFO: [ view_end ] --START--
INFO: ShowPageTrace Behavior ::run [ RunTime:0.007492s ]
INFO: [ view_end ] --END-- [ RunTime:0.007609s ]

[ 2015-09-29T15:36:28+08:00 ] 180.162.248.77 /xx/std.php
INFO: [ app_begin ] --START--
INFO: ReadHtmlCache Behavior ::run [ RunTime:0.008328s ]
INFO: [ app_begin ] --END-- [ RunTime:0.008598s ]
INFO: [ view_parse ] --START--
INFO: ParseTemplate Behavior ::run [ RunTime:0.056321s ]
INFO: [ view_parse ] --END-- [ RunTime:0.056513s ]
INFO: [ view_filter ] --START--
INFO: ContentReplace Behavior ::run [ RunTime:0.007376s ]
INFO: TokenBuild Behavior ::run [ RunTime:0.007074s ]
INFO: WriteHtmlCache Behavior ::run [ RunTime:0.007123s ]
INFO: ShowRuntime Behavior ::run [ RunTime:0.007213s ]
INFO: [ view_filter ] --END-- [ RunTime:0.029109s ]
INFO: [ view_end ] --START--
INFO: ShowPageTrace Behavior ::run [ RunTime:0.009451s ]
INFO: [ view_end ] --END-- [ RunTime:0.009593s ]

[ 2015-09-29T20:24:27+08:00 ] 68.180.228.176 /xx/std.php
INFO: [ app_begin ] --START--
INFO: ReadHtmlCache Behavior ::run [ RunTime:0.004304s ]
INFO: [ app_begin ] --END-- [ RunTime:0.004464s ]
INFO: [ view_parse ] --START--
INFO: ParseTemplate Behavior ::run [ RunTime:0.045776s ]
INFO: [ view_parse ] --END-- [ RunTime:0.045933s ]
INFO: [ view_filter ] --START--
INFO: ContentReplace Behavior ::run [ RunTime:0.004002s ]
INFO: TokenBuild Behavior ::run [ RunTime:0.003948s ]
INFO: WriteHtmlCache Behavior ::run [ RunTime:0.003872s ]
INFO: ShowRuntime Behavior ::run [ RunTime:0.007206s ]
INFO: [ view_filter ] --END-- [ RunTime:0.019349s ]
INFO: [ view_end ] --START--
INFO: ShowPageTrace Behavior ::run [ RunTime:0.007455s ]
INFO: [ view_end ] --END-- [ RunTime:0.007570s ]

[ 2015-09-29T23:37:45+08:00 ] 49.116.55.87 /xx/std.php
INFO: [ app_begin ] --START--
INFO: ReadHtmlCache Behavior ::run [ RunTime:0.004342s ]
INFO: [ app_begin ] --END-- [ RunTime:0.004496s ]
INFO: [ view_parse ] --START--
INFO: ParseTemplate Behavior ::run [ RunTime:0.044610s ]
INFO: [ view_parse ] --END-- [ RunTime:0.044767s ]
INFO: [ view_filter ] --START--
INFO: ContentReplace Behavior ::run [ RunTime:0.004792s ]
INFO: TokenBuild Behavior ::run [ RunTime:0.003997s ]
INFO: WriteHtmlCache Behavior ::run [ RunTime:0.003809s ]
INFO: ShowRuntime Behavior ::run [ RunTime:0.007547s ]
INFO: [ view_filter ] --END-- [ RunTime:0.020479s ]
INFO: [ view_end ] --START--
INFO: ShowPageTrace Behavior ::run [ RunTime:0.007590s ]
INFO: [ view_end ] --END-- [ RunTime:0.007723s ]

[ 2015-09-29T23:38:58+08:00 ] 49.116.55.87 /xx/std.php/Std/loginin
INFO: [ route_check ] --START--
INFO: CheckRoute Behavior ::run [ RunTime:0.007913s ]
INFO: [ route_check ] --END-- [ RunTime:0.008066s ]
INFO: [ app_begin ] --START--
INFO: ReadHtmlCache Behavior ::run [ RunTime:0.004344s ]
INFO: [ app_begin ] --END-- [ RunTime:0.004461s ]
SQL: SHOW COLUMNS FROM `tb_grd` [ RunTime:0.002789s ]
SQL: SELECT * FROM `tb_grd` ORDER BY grdnm DESC  [ RunTime:0.000584s ]
SQL: SHOW COLUMNS FROM `tb_2015_std` [ RunTime:0.003938s ]
SQL: SELECT * FROM `tb_2015_std` LEFT JOIN tb_grd ON f_std_grdid=grdid WHERE ( stdnm='刘美' ) LIMIT 1   [ RunTime:0.002224s ]
SQL: SHOW COLUMNS FROM `tb_2014_std` [ RunTime:0.003936s ]
SQL: SELECT * FROM `tb_2014_std` LEFT JOIN tb_grd ON f_std_grdid=grdid WHERE ( stdnm='刘美' ) LIMIT 1   [ RunTime:0.003776s ]
SQL: SHOW COLUMNS FROM `tb_2013_std` [ RunTime:0.004332s ]
SQL: SELECT * FROM `tb_2013_std` LEFT JOIN tb_grd ON f_std_grdid=grdid WHERE ( stdnm='刘美' ) LIMIT 1   [ RunTime:0.001916s ]
SQL: SHOW COLUMNS FROM `tb_2012_std` [ RunTime:0.002937s ]
ERR: 1146:Table 'db_xx.tb_2012_std' doesn't exist
 [ SQL语句 ] : SHOW COLUMNS FROM `tb_2012_std`
SQL: SELECT * FROM `tb_2012_std` LEFT JOIN tb_grd ON f_std_grdid=grdid WHERE ( stdnm='刘美' ) LIMIT 1   [ RunTime:0.000563s ]
ERR: 1146:Table 'db_xx.tb_2012_std' doesn't exist
 [ SQL语句 ] : SELECT * FROM `tb_2012_std` LEFT JOIN tb_grd ON f_std_grdid=grdid WHERE ( stdnm='刘美' ) LIMIT 1  

[ 2015-09-29T23:39:14+08:00 ] 49.116.55.87 /xx/std.php/Std/loginin
INFO: [ route_check ] --START--
INFO: CheckRoute Behavior ::run [ RunTime:0.006326s ]
INFO: [ route_check ] --END-- [ RunTime:0.006480s ]
INFO: [ app_begin ] --START--
INFO: ReadHtmlCache Behavior ::run [ RunTime:0.002677s ]
INFO: [ app_begin ] --END-- [ RunTime:0.002783s ]
SQL: SHOW COLUMNS FROM `tb_grd` [ RunTime:0.002301s ]
SQL: SELECT * FROM `tb_grd` ORDER BY grdnm DESC  [ RunTime:0.000591s ]
SQL: SHOW COLUMNS FROM `tb_2015_std` [ RunTime:0.003419s ]
SQL: SELECT * FROM `tb_2015_std` LEFT JOIN tb_grd ON f_std_grdid=grdid WHERE ( stdnm='刘艳' ) LIMIT 1   [ RunTime:0.002225s ]
SQL: SHOW COLUMNS FROM `tb_2014_std` [ RunTime:0.003426s ]
SQL: SELECT * FROM `tb_2014_std` LEFT JOIN tb_grd ON f_std_grdid=grdid WHERE ( stdnm='刘艳' ) LIMIT 1   [ RunTime:0.003760s ]
SQL: SHOW COLUMNS FROM `tb_2013_std` [ RunTime:0.003562s ]
SQL: SELECT * FROM `tb_2013_std` LEFT JOIN tb_grd ON f_std_grdid=grdid WHERE ( stdnm='刘艳' ) LIMIT 1   [ RunTime:0.001879s ]
SQL: SHOW COLUMNS FROM `tb_2012_std` [ RunTime:0.002958s ]
ERR: 1146:Table 'db_xx.tb_2012_std' doesn't exist
 [ SQL语句 ] : SHOW COLUMNS FROM `tb_2012_std`
SQL: SELECT * FROM `tb_2012_std` LEFT JOIN tb_grd ON f_std_grdid=grdid WHERE ( stdnm='刘艳' ) LIMIT 1   [ RunTime:0.000570s ]
ERR: 1146:Table 'db_xx.tb_2012_std' doesn't exist
 [ SQL语句 ] : SELECT * FROM `tb_2012_std` LEFT JOIN tb_grd ON f_std_grdid=grdid WHERE ( stdnm='刘艳' ) LIMIT 1  

[ 2015-09-29T23:39:16+08:00 ] 49.116.55.87 /xx/std.php/Std/loginin
INFO: [ route_check ] --START--
INFO: CheckRoute Behavior ::run [ RunTime:0.006328s ]
INFO: [ route_check ] --END-- [ RunTime:0.006483s ]
INFO: [ app_begin ] --START--
INFO: ReadHtmlCache Behavior ::run [ RunTime:0.002689s ]
INFO: [ app_begin ] --END-- [ RunTime:0.002799s ]
SQL: SHOW COLUMNS FROM `tb_grd` [ RunTime:0.002820s ]
SQL: SELECT * FROM `tb_grd` ORDER BY grdnm DESC  [ RunTime:0.000565s ]
SQL: SHOW COLUMNS FROM `tb_2015_std` [ RunTime:0.003758s ]
SQL: SELECT * FROM `tb_2015_std` LEFT JOIN tb_grd ON f_std_grdid=grdid WHERE ( stdnm='刘艳' ) LIMIT 1   [ RunTime:0.000206s ]
SQL: SHOW COLUMNS FROM `tb_2014_std` [ RunTime:0.003592s ]
SQL: SELECT * FROM `tb_2014_std` LEFT JOIN tb_grd ON f_std_grdid=grdid WHERE ( stdnm='刘艳' ) LIMIT 1   [ RunTime:0.000211s ]
SQL: SHOW COLUMNS FROM `tb_2013_std` [ RunTime:0.003755s ]
SQL: SELECT * FROM `tb_2013_std` LEFT JOIN tb_grd ON f_std_grdid=grdid WHERE ( stdnm='刘艳' ) LIMIT 1   [ RunTime:0.000219s ]
SQL: SHOW COLUMNS FROM `tb_2012_std` [ RunTime:0.032844s ]
ERR: 1146:Table 'db_xx.tb_2012_std' doesn't exist
 [ SQL语句 ] : SHOW COLUMNS FROM `tb_2012_std`
SQL: SELECT * FROM `tb_2012_std` LEFT JOIN tb_grd ON f_std_grdid=grdid WHERE ( stdnm='刘艳' ) LIMIT 1   [ RunTime:0.000600s ]
ERR: 1146:Table 'db_xx.tb_2012_std' doesn't exist
 [ SQL语句 ] : SELECT * FROM `tb_2012_std` LEFT JOIN tb_grd ON f_std_grdid=grdid WHERE ( stdnm='刘艳' ) LIMIT 1  

[ 2015-09-29T23:39:17+08:00 ] 49.116.55.87 /xx/std.php/Std/loginin
INFO: [ route_check ] --START--
INFO: CheckRoute Behavior ::run [ RunTime:0.006341s ]
INFO: [ route_check ] --END-- [ RunTime:0.006496s ]
INFO: [ app_begin ] --START--
INFO: ReadHtmlCache Behavior ::run [ RunTime:0.002725s ]
INFO: [ app_begin ] --END-- [ RunTime:0.002838s ]
SQL: SHOW COLUMNS FROM `tb_grd` [ RunTime:0.002999s ]
SQL: SELECT * FROM `tb_grd` ORDER BY grdnm DESC  [ RunTime:0.000171s ]
SQL: SHOW COLUMNS FROM `tb_2015_std` [ RunTime:0.003674s ]
SQL: SELECT * FROM `tb_2015_std` LEFT JOIN tb_grd ON f_std_grdid=grdid WHERE ( stdnm='刘艳' ) LIMIT 1   [ RunTime:0.000244s ]
SQL: SHOW COLUMNS FROM `tb_2014_std` [ RunTime:0.003558s ]
SQL: SELECT * FROM `tb_2014_std` LEFT JOIN tb_grd ON f_std_grdid=grdid WHERE ( stdnm='刘艳' ) LIMIT 1   [ RunTime:0.000202s ]
SQL: SHOW COLUMNS FROM `tb_2013_std` [ RunTime:0.003568s ]
SQL: SELECT * FROM `tb_2013_std` LEFT JOIN tb_grd ON f_std_grdid=grdid WHERE ( stdnm='刘艳' ) LIMIT 1   [ RunTime:0.000219s ]
SQL: SHOW COLUMNS FROM `tb_2012_std` [ RunTime:0.003099s ]
ERR: 1146:Table 'db_xx.tb_2012_std' doesn't exist
 [ SQL语句 ] : SHOW COLUMNS FROM `tb_2012_std`
SQL: SELECT * FROM `tb_2012_std` LEFT JOIN tb_grd ON f_std_grdid=grdid WHERE ( stdnm='刘艳' ) LIMIT 1   [ RunTime:0.000585s ]
ERR: 1146:Table 'db_xx.tb_2012_std' doesn't exist
 [ SQL语句 ] : SELECT * FROM `tb_2012_std` LEFT JOIN tb_grd ON f_std_grdid=grdid WHERE ( stdnm='刘艳' ) LIMIT 1  

[ 2015-09-29T23:39:17+08:00 ] 49.116.55.87 /xx/std.php/Std/loginin
INFO: [ route_check ] --START--
INFO: CheckRoute Behavior ::run [ RunTime:0.006330s ]
INFO: [ route_check ] --END-- [ RunTime:0.006480s ]
INFO: [ app_begin ] --START--
INFO: ReadHtmlCache Behavior ::run [ RunTime:0.003499s ]
INFO: [ app_begin ] --END-- [ RunTime:0.003620s ]
SQL: SHOW COLUMNS FROM `tb_grd` [ RunTime:0.002386s ]
SQL: SELECT * FROM `tb_grd` ORDER BY grdnm DESC  [ RunTime:0.001235s ]
SQL: SHOW COLUMNS FROM `tb_2015_std` [ RunTime:0.003810s ]
SQL: SELECT * FROM `tb_2015_std` LEFT JOIN tb_grd ON f_std_grdid=grdid WHERE ( stdnm='刘艳' ) LIMIT 1   [ RunTime:0.000231s ]
SQL: SHOW COLUMNS FROM `tb_2014_std` [ RunTime:0.003556s ]
SQL: SELECT * FROM `tb_2014_std` LEFT JOIN tb_grd ON f_std_grdid=grdid WHERE ( stdnm='刘艳' ) LIMIT 1   [ RunTime:0.000223s ]
SQL: SHOW COLUMNS FROM `tb_2013_std` [ RunTime:0.003597s ]
SQL: SELECT * FROM `tb_2013_std` LEFT JOIN tb_grd ON f_std_grdid=grdid WHERE ( stdnm='刘艳' ) LIMIT 1   [ RunTime:0.000252s ]
SQL: SHOW COLUMNS FROM `tb_2012_std` [ RunTime:0.003075s ]
ERR: 1146:Table 'db_xx.tb_2012_std' doesn't exist
 [ SQL语句 ] : SHOW COLUMNS FROM `tb_2012_std`
SQL: SELECT * FROM `tb_2012_std` LEFT JOIN tb_grd ON f_std_grdid=grdid WHERE ( stdnm='刘艳' ) LIMIT 1   [ RunTime:0.000582s ]
ERR: 1146:Table 'db_xx.tb_2012_std' doesn't exist
 [ SQL语句 ] : SELECT * FROM `tb_2012_std` LEFT JOIN tb_grd ON f_std_grdid=grdid WHERE ( stdnm='刘艳' ) LIMIT 1  

[ 2015-09-29T23:39:18+08:00 ] 49.116.55.87 /xx/std.php/Std/loginin
INFO: [ route_check ] --START--
INFO: CheckRoute Behavior ::run [ RunTime:0.006329s ]
INFO: [ route_check ] --END-- [ RunTime:0.006486s ]
INFO: [ app_begin ] --START--
INFO: ReadHtmlCache Behavior ::run [ RunTime:0.002715s ]
INFO: [ app_begin ] --END-- [ RunTime:0.002826s ]
SQL: SHOW COLUMNS FROM `tb_grd` [ RunTime:0.002748s ]
SQL: SELECT * FROM `tb_grd` ORDER BY grdnm DESC  [ RunTime:0.000554s ]
SQL: SHOW COLUMNS FROM `tb_2015_std` [ RunTime:0.003616s ]
SQL: SELECT * FROM `tb_2015_std` LEFT JOIN tb_grd ON f_std_grdid=grdid WHERE ( stdnm='刘艳' ) LIMIT 1   [ RunTime:0.000214s ]
SQL: SHOW COLUMNS FROM `tb_2014_std` [ RunTime:0.003536s ]
SQL: SELECT * FROM `tb_2014_std` LEFT JOIN tb_grd ON f_std_grdid=grdid WHERE ( stdnm='刘艳' ) LIMIT 1   [ RunTime:0.000205s ]
SQL: SHOW COLUMNS FROM `tb_2013_std` [ RunTime:0.003611s ]
SQL: SELECT * FROM `tb_2013_std` LEFT JOIN tb_grd ON f_std_grdid=grdid WHERE ( stdnm='刘艳' ) LIMIT 1   [ RunTime:0.000218s ]
SQL: SHOW COLUMNS FROM `tb_2012_std` [ RunTime:0.002918s ]
ERR: 1146:Table 'db_xx.tb_2012_std' doesn't exist
 [ SQL语句 ] : SHOW COLUMNS FROM `tb_2012_std`
SQL: SELECT * FROM `tb_2012_std` LEFT JOIN tb_grd ON f_std_grdid=grdid WHERE ( stdnm='刘艳' ) LIMIT 1   [ RunTime:0.000583s ]
ERR: 1146:Table 'db_xx.tb_2012_std' doesn't exist
 [ SQL语句 ] : SELECT * FROM `tb_2012_std` LEFT JOIN tb_grd ON f_std_grdid=grdid WHERE ( stdnm='刘艳' ) LIMIT 1  

[ 2015-09-29T23:39:18+08:00 ] 49.116.55.87 /xx/std.php/Std/loginin
INFO: [ route_check ] --START--
INFO: CheckRoute Behavior ::run [ RunTime:0.006322s ]
INFO: [ route_check ] --END-- [ RunTime:0.006476s ]
INFO: [ app_begin ] --START--
INFO: ReadHtmlCache Behavior ::run [ RunTime:0.002743s ]
INFO: [ app_begin ] --END-- [ RunTime:0.002853s ]
SQL: SHOW COLUMNS FROM `tb_grd` [ RunTime:0.002307s ]
SQL: SELECT * FROM `tb_grd` ORDER BY grdnm DESC  [ RunTime:0.000594s ]
SQL: SHOW COLUMNS FROM `tb_2015_std` [ RunTime:0.004121s ]
SQL: SELECT * FROM `tb_2015_std` LEFT JOIN tb_grd ON f_std_grdid=grdid WHERE ( stdnm='刘艳' ) LIMIT 1   [ RunTime:0.000238s ]
SQL: SHOW COLUMNS FROM `tb_2014_std` [ RunTime:0.003603s ]
SQL: SELECT * FROM `tb_2014_std` LEFT JOIN tb_grd ON f_std_grdid=grdid WHERE ( stdnm='刘艳' ) LIMIT 1   [ RunTime:0.000209s ]
SQL: SHOW COLUMNS FROM `tb_2013_std` [ RunTime:0.003569s ]
SQL: SELECT * FROM `tb_2013_std` LEFT JOIN tb_grd ON f_std_grdid=grdid WHERE ( stdnm='刘艳' ) LIMIT 1   [ RunTime:0.000228s ]
SQL: SHOW COLUMNS FROM `tb_2012_std` [ RunTime:0.002940s ]
ERR: 1146:Table 'db_xx.tb_2012_std' doesn't exist
 [ SQL语句 ] : SHOW COLUMNS FROM `tb_2012_std`
SQL: SELECT * FROM `tb_2012_std` LEFT JOIN tb_grd ON f_std_grdid=grdid WHERE ( stdnm='刘艳' ) LIMIT 1   [ RunTime:0.000581s ]
ERR: 1146:Table 'db_xx.tb_2012_std' doesn't exist
 [ SQL语句 ] : SELECT * FROM `tb_2012_std` LEFT JOIN tb_grd ON f_std_grdid=grdid WHERE ( stdnm='刘艳' ) LIMIT 1  

[ 2015-09-29T23:39:25+08:00 ] 49.116.55.87 /xx/std.php
INFO: [ app_begin ] --START--
INFO: ReadHtmlCache Behavior ::run [ RunTime:0.002713s ]
INFO: [ app_begin ] --END-- [ RunTime:0.002867s ]
INFO: [ view_parse ] --START--
INFO: ParseTemplate Behavior ::run [ RunTime:0.051462s ]
INFO: [ view_parse ] --END-- [ RunTime:0.051621s ]
INFO: [ view_filter ] --START--
INFO: ContentReplace Behavior ::run [ RunTime:0.004026s ]
INFO: TokenBuild Behavior ::run [ RunTime:0.004090s ]
INFO: WriteHtmlCache Behavior ::run [ RunTime:0.006890s ]
INFO: ShowRuntime Behavior ::run [ RunTime:0.007992s ]
INFO: [ view_filter ] --END-- [ RunTime:0.023333s ]
INFO: [ view_end ] --START--
INFO: ShowPageTrace Behavior ::run [ RunTime:0.007483s ]
INFO: [ view_end ] --END-- [ RunTime:0.007599s ]

[ 2015-09-29T23:39:55+08:00 ] 49.116.55.87 /xx/std.php/Std/loginin
INFO: [ route_check ] --START--
INFO: CheckRoute Behavior ::run [ RunTime:0.006927s ]
INFO: [ route_check ] --END-- [ RunTime:0.007087s ]
INFO: [ app_begin ] --START--
INFO: ReadHtmlCache Behavior ::run [ RunTime:0.002755s ]
INFO: [ app_begin ] --END-- [ RunTime:0.002863s ]
SQL: SHOW COLUMNS FROM `tb_grd` [ RunTime:0.002451s ]
SQL: SELECT * FROM `tb_grd` ORDER BY grdnm DESC  [ RunTime:0.001113s ]
SQL: SHOW COLUMNS FROM `tb_2015_std` [ RunTime:0.003604s ]
SQL: SELECT * FROM `tb_2015_std` LEFT JOIN tb_grd ON f_std_grdid=grdid WHERE ( stdnm='刘艳' ) LIMIT 1   [ RunTime:0.000218s ]
SQL: SHOW COLUMNS FROM `tb_2014_std` [ RunTime:0.003401s ]
SQL: SELECT * FROM `tb_2014_std` LEFT JOIN tb_grd ON f_std_grdid=grdid WHERE ( stdnm='刘艳' ) LIMIT 1   [ RunTime:0.000203s ]
SQL: SHOW COLUMNS FROM `tb_2013_std` [ RunTime:0.003498s ]
SQL: SELECT * FROM `tb_2013_std` LEFT JOIN tb_grd ON f_std_grdid=grdid WHERE ( stdnm='刘艳' ) LIMIT 1   [ RunTime:0.000207s ]
SQL: SHOW COLUMNS FROM `tb_2012_std` [ RunTime:0.002878s ]
ERR: 1146:Table 'db_xx.tb_2012_std' doesn't exist
 [ SQL语句 ] : SHOW COLUMNS FROM `tb_2012_std`
SQL: SELECT * FROM `tb_2012_std` LEFT JOIN tb_grd ON f_std_grdid=grdid WHERE ( stdnm='刘艳' ) LIMIT 1   [ RunTime:0.000578s ]
ERR: 1146:Table 'db_xx.tb_2012_std' doesn't exist
 [ SQL语句 ] : SELECT * FROM `tb_2012_std` LEFT JOIN tb_grd ON f_std_grdid=grdid WHERE ( stdnm='刘艳' ) LIMIT 1  

[ 2015-09-29T23:39:59+08:00 ] 49.116.55.87 /xx/std.php/Std/loginin
INFO: [ route_check ] --START--
INFO: CheckRoute Behavior ::run [ RunTime:0.006589s ]
INFO: [ route_check ] --END-- [ RunTime:0.006855s ]
INFO: [ app_begin ] --START--
INFO: ReadHtmlCache Behavior ::run [ RunTime:0.003233s ]
INFO: [ app_begin ] --END-- [ RunTime:0.003425s ]
SQL: SHOW COLUMNS FROM `tb_grd` [ RunTime:0.002323s ]
SQL: SELECT * FROM `tb_grd` ORDER BY grdnm DESC  [ RunTime:0.000527s ]
SQL: SHOW COLUMNS FROM `tb_2015_std` [ RunTime:0.003752s ]
SQL: SELECT * FROM `tb_2015_std` LEFT JOIN tb_grd ON f_std_grdid=grdid WHERE ( stdnm='刘艳' ) LIMIT 1   [ RunTime:0.000225s ]
SQL: SHOW COLUMNS FROM `tb_2014_std` [ RunTime:0.003544s ]
SQL: SELECT * FROM `tb_2014_std` LEFT JOIN tb_grd ON f_std_grdid=grdid WHERE ( stdnm='刘艳' ) LIMIT 1   [ RunTime:0.000204s ]
SQL: SHOW COLUMNS FROM `tb_2013_std` [ RunTime:0.003586s ]
SQL: SELECT * FROM `tb_2013_std` LEFT JOIN tb_grd ON f_std_grdid=grdid WHERE ( stdnm='刘艳' ) LIMIT 1   [ RunTime:0.000211s ]
SQL: SHOW COLUMNS FROM `tb_2012_std` [ RunTime:0.003021s ]
ERR: 1146:Table 'db_xx.tb_2012_std' doesn't exist
 [ SQL语句 ] : SHOW COLUMNS FROM `tb_2012_std`
SQL: SELECT * FROM `tb_2012_std` LEFT JOIN tb_grd ON f_std_grdid=grdid WHERE ( stdnm='刘艳' ) LIMIT 1   [ RunTime:0.000588s ]
ERR: 1146:Table 'db_xx.tb_2012_std' doesn't exist
 [ SQL语句 ] : SELECT * FROM `tb_2012_std` LEFT JOIN tb_grd ON f_std_grdid=grdid WHERE ( stdnm='刘艳' ) LIMIT 1  

[ 2015-09-29T23:40:00+08:00 ] 49.116.55.87 /xx/std.php/Std/loginin
INFO: [ route_check ] --START--
INFO: CheckRoute Behavior ::run [ RunTime:0.006349s ]
INFO: [ route_check ] --END-- [ RunTime:0.006505s ]
INFO: [ app_begin ] --START--
INFO: ReadHtmlCache Behavior ::run [ RunTime:0.002687s ]
INFO: [ app_begin ] --END-- [ RunTime:0.002795s ]
SQL: SHOW COLUMNS FROM `tb_grd` [ RunTime:0.004416s ]
SQL: SELECT * FROM `tb_grd` ORDER BY grdnm DESC  [ RunTime:0.000303s ]
SQL: SHOW COLUMNS FROM `tb_2015_std` [ RunTime:0.007240s ]
SQL: SELECT * FROM `tb_2015_std` LEFT JOIN tb_grd ON f_std_grdid=grdid WHERE ( stdnm='刘艳' ) LIMIT 1   [ RunTime:0.000517s ]
SQL: SHOW COLUMNS FROM `tb_2014_std` [ RunTime:0.004899s ]
SQL: SELECT * FROM `tb_2014_std` LEFT JOIN tb_grd ON f_std_grdid=grdid WHERE ( stdnm='刘艳' ) LIMIT 1   [ RunTime:0.000246s ]
SQL: SHOW COLUMNS FROM `tb_2013_std` [ RunTime:0.004836s ]
SQL: SELECT * FROM `tb_2013_std` LEFT JOIN tb_grd ON f_std_grdid=grdid WHERE ( stdnm='刘艳' ) LIMIT 1   [ RunTime:0.000224s ]
SQL: SHOW COLUMNS FROM `tb_2012_std` [ RunTime:0.003066s ]
ERR: 1146:Table 'db_xx.tb_2012_std' doesn't exist
 [ SQL语句 ] : SHOW COLUMNS FROM `tb_2012_std`
SQL: SELECT * FROM `tb_2012_std` LEFT JOIN tb_grd ON f_std_grdid=grdid WHERE ( stdnm='刘艳' ) LIMIT 1   [ RunTime:0.000583s ]
ERR: 1146:Table 'db_xx.tb_2012_std' doesn't exist
 [ SQL语句 ] : SELECT * FROM `tb_2012_std` LEFT JOIN tb_grd ON f_std_grdid=grdid WHERE ( stdnm='刘艳' ) LIMIT 1  

[ 2015-09-29T23:40:00+08:00 ] 49.116.55.87 /xx/std.php/Std/loginin
INFO: [ route_check ] --START--
INFO: CheckRoute Behavior ::run [ RunTime:0.006400s ]
INFO: [ route_check ] --END-- [ RunTime:0.006553s ]
INFO: [ app_begin ] --START--
INFO: ReadHtmlCache Behavior ::run [ RunTime:0.002736s ]
INFO: [ app_begin ] --END-- [ RunTime:0.002855s ]
SQL: SHOW COLUMNS FROM `tb_grd` [ RunTime:0.002370s ]
SQL: SELECT * FROM `tb_grd` ORDER BY grdnm DESC  [ RunTime:0.000571s ]
SQL: SHOW COLUMNS FROM `tb_2015_std` [ RunTime:0.003624s ]
SQL: SELECT * FROM `tb_2015_std` LEFT JOIN tb_grd ON f_std_grdid=grdid WHERE ( stdnm='刘艳' ) LIMIT 1   [ RunTime:0.000204s ]
SQL: SHOW COLUMNS FROM `tb_2014_std` [ RunTime:0.003567s ]
SQL: SELECT * FROM `tb_2014_std` LEFT JOIN tb_grd ON f_std_grdid=grdid WHERE ( stdnm='刘艳' ) LIMIT 1   [ RunTime:0.000208s ]
SQL: SHOW COLUMNS FROM `tb_2013_std` [ RunTime:0.003807s ]
SQL: SELECT * FROM `tb_2013_std` LEFT JOIN tb_grd ON f_std_grdid=grdid WHERE ( stdnm='刘艳' ) LIMIT 1   [ RunTime:0.000208s ]
SQL: SHOW COLUMNS FROM `tb_2012_std` [ RunTime:0.002943s ]
ERR: 1146:Table 'db_xx.tb_2012_std' doesn't exist
 [ SQL语句 ] : SHOW COLUMNS FROM `tb_2012_std`
SQL: SELECT * FROM `tb_2012_std` LEFT JOIN tb_grd ON f_std_grdid=grdid WHERE ( stdnm='刘艳' ) LIMIT 1   [ RunTime:0.000580s ]
ERR: 1146:Table 'db_xx.tb_2012_std' doesn't exist
 [ SQL语句 ] : SELECT * FROM `tb_2012_std` LEFT JOIN tb_grd ON f_std_grdid=grdid WHERE ( stdnm='刘艳' ) LIMIT 1  

[ 2015-09-29T23:40:03+08:00 ] 49.116.55.87 /xx/std.php/Std/loginin
INFO: [ route_check ] --START--
INFO: CheckRoute Behavior ::run [ RunTime:0.006305s ]
INFO: [ route_check ] --END-- [ RunTime:0.006458s ]
INFO: [ app_begin ] --START--
INFO: ReadHtmlCache Behavior ::run [ RunTime:0.002691s ]
INFO: [ app_begin ] --END-- [ RunTime:0.002802s ]
SQL: SHOW COLUMNS FROM `tb_grd` [ RunTime:0.002319s ]
SQL: SELECT * FROM `tb_grd` ORDER BY grdnm DESC  [ RunTime:0.000582s ]
SQL: SHOW COLUMNS FROM `tb_2015_std` [ RunTime:0.003400s ]
SQL: SELECT * FROM `tb_2015_std` LEFT JOIN tb_grd ON f_std_grdid=grdid WHERE ( stdnm='刘艳' ) LIMIT 1   [ RunTime:0.000215s ]
SQL: SHOW COLUMNS FROM `tb_2014_std` [ RunTime:0.003457s ]
SQL: SELECT * FROM `tb_2014_std` LEFT JOIN tb_grd ON f_std_grdid=grdid WHERE ( stdnm='刘艳' ) LIMIT 1   [ RunTime:0.000209s ]
SQL: SHOW COLUMNS FROM `tb_2013_std` [ RunTime:0.003546s ]
SQL: SELECT * FROM `tb_2013_std` LEFT JOIN tb_grd ON f_std_grdid=grdid WHERE ( stdnm='刘艳' ) LIMIT 1   [ RunTime:0.000210s ]
SQL: SHOW COLUMNS FROM `tb_2012_std` [ RunTime:0.002912s ]
ERR: 1146:Table 'db_xx.tb_2012_std' doesn't exist
 [ SQL语句 ] : SHOW COLUMNS FROM `tb_2012_std`
SQL: SELECT * FROM `tb_2012_std` LEFT JOIN tb_grd ON f_std_grdid=grdid WHERE ( stdnm='刘艳' ) LIMIT 1   [ RunTime:0.000582s ]
ERR: 1146:Table 'db_xx.tb_2012_std' doesn't exist
 [ SQL语句 ] : SELECT * FROM `tb_2012_std` LEFT JOIN tb_grd ON f_std_grdid=grdid WHERE ( stdnm='刘艳' ) LIMIT 1  

[ 2015-09-29T23:40:03+08:00 ] 49.116.55.87 /xx/std.php/Std/loginin
INFO: [ route_check ] --START--
INFO: CheckRoute Behavior ::run [ RunTime:0.006708s ]
INFO: [ route_check ] --END-- [ RunTime:0.006869s ]
INFO: [ app_begin ] --START--
INFO: ReadHtmlCache Behavior ::run [ RunTime:0.002716s ]
INFO: [ app_begin ] --END-- [ RunTime:0.002824s ]
SQL: SHOW COLUMNS FROM `tb_grd` [ RunTime:0.002306s ]
SQL: SELECT * FROM `tb_grd` ORDER BY grdnm DESC  [ RunTime:0.000593s ]
SQL: SHOW COLUMNS FROM `tb_2015_std` [ RunTime:0.003598s ]
SQL: SELECT * FROM `tb_2015_std` LEFT JOIN tb_grd ON f_std_grdid=grdid WHERE ( stdnm='刘艳' ) LIMIT 1   [ RunTime:0.000204s ]
SQL: SHOW COLUMNS FROM `tb_2014_std` [ RunTime:0.003549s ]
SQL: SELECT * FROM `tb_2014_std` LEFT JOIN tb_grd ON f_std_grdid=grdid WHERE ( stdnm='刘艳' ) LIMIT 1   [ RunTime:0.000207s ]
SQL: SHOW COLUMNS FROM `tb_2013_std` [ RunTime:0.003662s ]
SQL: SELECT * FROM `tb_2013_std` LEFT JOIN tb_grd ON f_std_grdid=grdid WHERE ( stdnm='刘艳' ) LIMIT 1   [ RunTime:0.000204s ]
SQL: SHOW COLUMNS FROM `tb_2012_std` [ RunTime:0.002910s ]
ERR: 1146:Table 'db_xx.tb_2012_std' doesn't exist
 [ SQL语句 ] : SHOW COLUMNS FROM `tb_2012_std`
SQL: SELECT * FROM `tb_2012_std` LEFT JOIN tb_grd ON f_std_grdid=grdid WHERE ( stdnm='刘艳' ) LIMIT 1   [ RunTime:0.000580s ]
ERR: 1146:Table 'db_xx.tb_2012_std' doesn't exist
 [ SQL语句 ] : SELECT * FROM `tb_2012_std` LEFT JOIN tb_grd ON f_std_grdid=grdid WHERE ( stdnm='刘艳' ) LIMIT 1  

[ 2015-09-29T23:40:04+08:00 ] 49.116.55.87 /xx/std.php/Std/loginin
INFO: [ route_check ] --START--
INFO: CheckRoute Behavior ::run [ RunTime:0.006326s ]
INFO: [ route_check ] --END-- [ RunTime:0.006477s ]
INFO: [ app_begin ] --START--
INFO: ReadHtmlCache Behavior ::run [ RunTime:0.003552s ]
INFO: [ app_begin ] --END-- [ RunTime:0.003672s ]
SQL: SHOW COLUMNS FROM `tb_grd` [ RunTime:0.014670s ]
SQL: SELECT * FROM `tb_grd` ORDER BY grdnm DESC  [ RunTime:0.000207s ]
SQL: SHOW COLUMNS FROM `tb_2015_std` [ RunTime:0.004130s ]
SQL: SELECT * FROM `tb_2015_std` LEFT JOIN tb_grd ON f_std_grdid=grdid WHERE ( stdnm='刘艳' ) LIMIT 1   [ RunTime:0.000206s ]
SQL: SHOW COLUMNS FROM `tb_2014_std` [ RunTime:0.003915s ]
SQL: SELECT * FROM `tb_2014_std` LEFT JOIN tb_grd ON f_std_grdid=grdid WHERE ( stdnm='刘艳' ) LIMIT 1   [ RunTime:0.001261s ]
SQL: SHOW COLUMNS FROM `tb_2013_std` [ RunTime:0.003609s ]
SQL: SELECT * FROM `tb_2013_std` LEFT JOIN tb_grd ON f_std_grdid=grdid WHERE ( stdnm='刘艳' ) LIMIT 1   [ RunTime:0.000237s ]
SQL: SHOW COLUMNS FROM `tb_2012_std` [ RunTime:0.003093s ]
ERR: 1146:Table 'db_xx.tb_2012_std' doesn't exist
 [ SQL语句 ] : SHOW COLUMNS FROM `tb_2012_std`
SQL: SELECT * FROM `tb_2012_std` LEFT JOIN tb_grd ON f_std_grdid=grdid WHERE ( stdnm='刘艳' ) LIMIT 1   [ RunTime:0.000589s ]
ERR: 1146:Table 'db_xx.tb_2012_std' doesn't exist
 [ SQL语句 ] : SELECT * FROM `tb_2012_std` LEFT JOIN tb_grd ON f_std_grdid=grdid WHERE ( stdnm='刘艳' ) LIMIT 1  

[ 2015-09-29T23:40:06+08:00 ] 49.116.55.87 /xx/std.php/Std/loginin
INFO: [ route_check ] --START--
INFO: CheckRoute Behavior ::run [ RunTime:0.006343s ]
INFO: [ route_check ] --END-- [ RunTime:0.006495s ]
INFO: [ app_begin ] --START--
INFO: ReadHtmlCache Behavior ::run [ RunTime:0.002682s ]
INFO: [ app_begin ] --END-- [ RunTime:0.002789s ]
SQL: SHOW COLUMNS FROM `tb_grd` [ RunTime:0.002313s ]
SQL: SELECT * FROM `tb_grd` ORDER BY grdnm DESC  [ RunTime:0.000598s ]
SQL: SHOW COLUMNS FROM `tb_2015_std` [ RunTime:0.003774s ]
SQL: SELECT * FROM `tb_2015_std` LEFT JOIN tb_grd ON f_std_grdid=grdid WHERE ( stdnm='刘艳' ) LIMIT 1   [ RunTime:0.000210s ]
SQL: SHOW COLUMNS FROM `tb_2014_std` [ RunTime:0.003581s ]
SQL: SELECT * FROM `tb_2014_std` LEFT JOIN tb_grd ON f_std_grdid=grdid WHERE ( stdnm='刘艳' ) LIMIT 1   [ RunTime:0.000207s ]
SQL: SHOW COLUMNS FROM `tb_2013_std` [ RunTime:0.003593s ]
SQL: SELECT * FROM `tb_2013_std` LEFT JOIN tb_grd ON f_std_grdid=grdid WHERE ( stdnm='刘艳' ) LIMIT 1   [ RunTime:0.000226s ]
SQL: SHOW COLUMNS FROM `tb_2012_std` [ RunTime:0.002922s ]
ERR: 1146:Table 'db_xx.tb_2012_std' doesn't exist
 [ SQL语句 ] : SHOW COLUMNS FROM `tb_2012_std`
SQL: SELECT * FROM `tb_2012_std` LEFT JOIN tb_grd ON f_std_grdid=grdid WHERE ( stdnm='刘艳' ) LIMIT 1   [ RunTime:0.000574s ]
ERR: 1146:Table 'db_xx.tb_2012_std' doesn't exist
 [ SQL语句 ] : SELECT * FROM `tb_2012_std` LEFT JOIN tb_grd ON f_std_grdid=grdid WHERE ( stdnm='刘艳' ) LIMIT 1  

[ 2015-09-29T23:41:15+08:00 ] 49.116.55.87 /xx/std.php/Std/loginin
INFO: [ route_check ] --START--
INFO: CheckRoute Behavior ::run [ RunTime:0.008029s ]
INFO: [ route_check ] --END-- [ RunTime:0.008183s ]
INFO: [ app_begin ] --START--
INFO: ReadHtmlCache Behavior ::run [ RunTime:0.004249s ]
INFO: [ app_begin ] --END-- [ RunTime:0.004357s ]
SQL: SHOW COLUMNS FROM `tb_grd` [ RunTime:0.002347s ]
SQL: SELECT * FROM `tb_grd` ORDER BY grdnm DESC  [ RunTime:0.000568s ]
SQL: SHOW COLUMNS FROM `tb_2015_std` [ RunTime:0.003446s ]
SQL: SELECT * FROM `tb_2015_std` LEFT JOIN tb_grd ON f_std_grdid=grdid WHERE ( stdnm='刘桃' ) LIMIT 1   [ RunTime:0.002229s ]
SQL: SHOW COLUMNS FROM `tb_2014_std` [ RunTime:0.003442s ]
SQL: SELECT * FROM `tb_2014_std` LEFT JOIN tb_grd ON f_std_grdid=grdid WHERE ( stdnm='刘桃' ) LIMIT 1   [ RunTime:0.003758s ]
SQL: SHOW COLUMNS FROM `tb_2013_std` [ RunTime:0.003674s ]
SQL: SELECT * FROM `tb_2013_std` LEFT JOIN tb_grd ON f_std_grdid=grdid WHERE ( stdnm='刘桃' ) LIMIT 1   [ RunTime:0.001879s ]
SQL: SHOW COLUMNS FROM `tb_2012_std` [ RunTime:0.002976s ]
ERR: 1146:Table 'db_xx.tb_2012_std' doesn't exist
 [ SQL语句 ] : SHOW COLUMNS FROM `tb_2012_std`
SQL: SELECT * FROM `tb_2012_std` LEFT JOIN tb_grd ON f_std_grdid=grdid WHERE ( stdnm='刘桃' ) LIMIT 1   [ RunTime:0.000561s ]
ERR: 1146:Table 'db_xx.tb_2012_std' doesn't exist
 [ SQL语句 ] : SELECT * FROM `tb_2012_std` LEFT JOIN tb_grd ON f_std_grdid=grdid WHERE ( stdnm='刘桃' ) LIMIT 1  

