[ 2015-09-15T04:07:24+08:00 ] 66.249.69.4 /xx/std.php
INFO: [ app_begin ] --START--
INFO: ReadHtmlCache Behavior ::run [ RunTime:0.007405s ]
INFO: [ app_begin ] --END-- [ RunTime:0.007561s ]
INFO: [ view_parse ] --START--
INFO: ParseTemplate Behavior ::run [ RunTime:0.058861s ]
INFO: [ view_parse ] --END-- [ RunTime:0.059031s ]
INFO: [ view_filter ] --START--
INFO: ContentReplace Behavior ::run [ RunTime:0.007119s ]
INFO: TokenBuild Behavior ::run [ RunTime:0.007297s ]
INFO: WriteHtmlCache Behavior ::run [ RunTime:0.006874s ]
INFO: ShowRuntime Behavior ::run [ RunTime:0.008133s ]
INFO: [ view_filter ] --END-- [ RunTime:0.029800s ]
INFO: [ view_end ] --START--
INFO: ShowPageTrace Behavior ::run [ RunTime:0.007530s ]
INFO: [ view_end ] --END-- [ RunTime:0.007653s ]

[ 2015-09-15T14:54:35+08:00 ] 122.233.202.8 /xx/std.php
INFO: [ app_begin ] --START--
INFO: ReadHtmlCache Behavior ::run [ RunTime:0.004303s ]
INFO: [ app_begin ] --END-- [ RunTime:0.004456s ]
INFO: [ view_parse ] --START--
INFO: ParseTemplate Behavior ::run [ RunTime:0.061271s ]
INFO: [ view_parse ] --END-- [ RunTime:0.061439s ]
INFO: [ view_filter ] --START--
INFO: ContentReplace Behavior ::run [ RunTime:0.007154s ]
INFO: TokenBuild Behavior ::run [ RunTime:0.007277s ]
INFO: WriteHtmlCache Behavior ::run [ RunTime:0.006862s ]
INFO: ShowRuntime Behavior ::run [ RunTime:0.008136s ]
INFO: [ view_filter ] --END-- [ RunTime:0.029762s ]
INFO: [ view_end ] --START--
INFO: ShowPageTrace Behavior ::run [ RunTime:0.007467s ]
INFO: [ view_end ] --END-- [ RunTime:0.007582s ]

[ 2015-09-15T14:54:58+08:00 ] 122.233.202.8 /xx/std.php/Std/loginin
INFO: [ route_check ] --START--
INFO: CheckRoute Behavior ::run [ RunTime:0.004855s ]
INFO: [ route_check ] --END-- [ RunTime:0.005008s ]
INFO: [ app_begin ] --START--
INFO: ReadHtmlCache Behavior ::run [ RunTime:0.004238s ]
INFO: [ app_begin ] --END-- [ RunTime:0.004347s ]
SQL: SHOW COLUMNS FROM `tb_grd` [ RunTime:0.002305s ]
SQL: SELECT * FROM `tb_grd` ORDER BY grdnm DESC  [ RunTime:0.000595s ]
SQL: SHOW COLUMNS FROM `tb_2015_std` [ RunTime:0.003563s ]
SQL: SELECT * FROM `tb_2015_std` LEFT JOIN tb_grd ON f_std_grdid=grdid WHERE ( stdnm='彭雅君' ) LIMIT 1   [ RunTime:0.002206s ]
SQL: SHOW COLUMNS FROM `tb_2014_std` [ RunTime:0.004336s ]
SQL: SELECT * FROM `tb_2014_std` LEFT JOIN tb_grd ON f_std_grdid=grdid WHERE ( stdnm='彭雅君' ) LIMIT 1   [ RunTime:0.004124s ]
SQL: SHOW COLUMNS FROM `tb_2013_std` [ RunTime:0.004189s ]
SQL: SELECT * FROM `tb_2013_std` LEFT JOIN tb_grd ON f_std_grdid=grdid WHERE ( stdnm='彭雅君' ) LIMIT 1   [ RunTime:0.001867s ]
SQL: SHOW COLUMNS FROM `tb_2012_std` [ RunTime:0.003203s ]
ERR: 1146:Table 'db_xx.tb_2012_std' doesn't exist
 [ SQL语句 ] : SHOW COLUMNS FROM `tb_2012_std`
SQL: SELECT * FROM `tb_2012_std` LEFT JOIN tb_grd ON f_std_grdid=grdid WHERE ( stdnm='彭雅君' ) LIMIT 1   [ RunTime:0.000575s ]
ERR: 1146:Table 'db_xx.tb_2012_std' doesn't exist
 [ SQL语句 ] : SELECT * FROM `tb_2012_std` LEFT JOIN tb_grd ON f_std_grdid=grdid WHERE ( stdnm='彭雅君' ) LIMIT 1  

[ 2015-09-15T14:55:04+08:00 ] 122.233.202.8 /xx/std.php/Std/loginin
INFO: [ route_check ] --START--
INFO: CheckRoute Behavior ::run [ RunTime:0.001624s ]
INFO: [ route_check ] --END-- [ RunTime:0.001776s ]
INFO: [ app_begin ] --START--
INFO: ReadHtmlCache Behavior ::run [ RunTime:0.001126s ]
INFO: [ app_begin ] --END-- [ RunTime:0.001234s ]
SQL: SHOW COLUMNS FROM `tb_grd` [ RunTime:0.002313s ]
SQL: SELECT * FROM `tb_grd` ORDER BY grdnm DESC  [ RunTime:0.000701s ]
SQL: SHOW COLUMNS FROM `tb_2015_std` [ RunTime:0.003854s ]
SQL: SELECT * FROM `tb_2015_std` LEFT JOIN tb_grd ON f_std_grdid=grdid WHERE ( stdnm='彭雅君' ) LIMIT 1   [ RunTime:0.001243s ]
SQL: SHOW COLUMNS FROM `tb_2014_std` [ RunTime:0.003756s ]
SQL: SELECT * FROM `tb_2014_std` LEFT JOIN tb_grd ON f_std_grdid=grdid WHERE ( stdnm='彭雅君' ) LIMIT 1   [ RunTime:0.001200s ]
SQL: SHOW COLUMNS FROM `tb_2013_std` [ RunTime:0.004164s ]
SQL: SELECT * FROM `tb_2013_std` LEFT JOIN tb_grd ON f_std_grdid=grdid WHERE ( stdnm='彭雅君' ) LIMIT 1   [ RunTime:0.001258s ]
SQL: SHOW COLUMNS FROM `tb_2012_std` [ RunTime:0.003149s ]
ERR: 1146:Table 'db_xx.tb_2012_std' doesn't exist
 [ SQL语句 ] : SHOW COLUMNS FROM `tb_2012_std`
SQL: SELECT * FROM `tb_2012_std` LEFT JOIN tb_grd ON f_std_grdid=grdid WHERE ( stdnm='彭雅君' ) LIMIT 1   [ RunTime:0.000647s ]
ERR: 1146:Table 'db_xx.tb_2012_std' doesn't exist
 [ SQL语句 ] : SELECT * FROM `tb_2012_std` LEFT JOIN tb_grd ON f_std_grdid=grdid WHERE ( stdnm='彭雅君' ) LIMIT 1  

[ 2015-09-15T14:55:04+08:00 ] 122.233.202.8 /xx/std.php/Std/loginin
INFO: [ route_check ] --START--
INFO: CheckRoute Behavior ::run [ RunTime:0.007854s ]
INFO: [ route_check ] --END-- [ RunTime:0.008009s ]
INFO: [ app_begin ] --START--
INFO: ReadHtmlCache Behavior ::run [ RunTime:0.004240s ]
INFO: [ app_begin ] --END-- [ RunTime:0.004350s ]
SQL: SHOW COLUMNS FROM `tb_grd` [ RunTime:0.002298s ]
SQL: SELECT * FROM `tb_grd` ORDER BY grdnm DESC  [ RunTime:0.000594s ]
SQL: SHOW COLUMNS FROM `tb_2015_std` [ RunTime:0.003606s ]
SQL: SELECT * FROM `tb_2015_std` LEFT JOIN tb_grd ON f_std_grdid=grdid WHERE ( stdnm='彭雅君' ) LIMIT 1   [ RunTime:0.000212s ]
SQL: SHOW COLUMNS FROM `tb_2014_std` [ RunTime:0.003770s ]
SQL: SELECT * FROM `tb_2014_std` LEFT JOIN tb_grd ON f_std_grdid=grdid WHERE ( stdnm='彭雅君' ) LIMIT 1   [ RunTime:0.000229s ]
SQL: SHOW COLUMNS FROM `tb_2013_std` [ RunTime:0.003581s ]
SQL: SELECT * FROM `tb_2013_std` LEFT JOIN tb_grd ON f_std_grdid=grdid WHERE ( stdnm='彭雅君' ) LIMIT 1   [ RunTime:0.000200s ]
SQL: SHOW COLUMNS FROM `tb_2012_std` [ RunTime:0.002914s ]
ERR: 1146:Table 'db_xx.tb_2012_std' doesn't exist
 [ SQL语句 ] : SHOW COLUMNS FROM `tb_2012_std`
SQL: SELECT * FROM `tb_2012_std` LEFT JOIN tb_grd ON f_std_grdid=grdid WHERE ( stdnm='彭雅君' ) LIMIT 1   [ RunTime:0.000572s ]
ERR: 1146:Table 'db_xx.tb_2012_std' doesn't exist
 [ SQL语句 ] : SELECT * FROM `tb_2012_std` LEFT JOIN tb_grd ON f_std_grdid=grdid WHERE ( stdnm='彭雅君' ) LIMIT 1  

[ 2015-09-15T14:55:07+08:00 ] 122.233.202.8 /xx/std.php/Std/loginin
INFO: [ route_check ] --START--
INFO: CheckRoute Behavior ::run [ RunTime:0.006310s ]
INFO: [ route_check ] --END-- [ RunTime:0.006464s ]
INFO: [ app_begin ] --START--
INFO: ReadHtmlCache Behavior ::run [ RunTime:0.002692s ]
INFO: [ app_begin ] --END-- [ RunTime:0.002801s ]
SQL: SHOW COLUMNS FROM `tb_grd` [ RunTime:0.002265s ]
SQL: SELECT * FROM `tb_grd` ORDER BY grdnm DESC  [ RunTime:0.000607s ]
SQL: SHOW COLUMNS FROM `tb_2015_std` [ RunTime:0.003610s ]
SQL: SELECT * FROM `tb_2015_std` LEFT JOIN tb_grd ON f_std_grdid=grdid WHERE ( stdnm='彭雅君' ) LIMIT 1   [ RunTime:0.000219s ]
SQL: SHOW COLUMNS FROM `tb_2014_std` [ RunTime:0.003843s ]
SQL: SELECT * FROM `tb_2014_std` LEFT JOIN tb_grd ON f_std_grdid=grdid WHERE ( stdnm='彭雅君' ) LIMIT 1   [ RunTime:0.000206s ]
SQL: SHOW COLUMNS FROM `tb_2013_std` [ RunTime:0.003588s ]
SQL: SELECT * FROM `tb_2013_std` LEFT JOIN tb_grd ON f_std_grdid=grdid WHERE ( stdnm='彭雅君' ) LIMIT 1   [ RunTime:0.000207s ]
SQL: SHOW COLUMNS FROM `tb_2012_std` [ RunTime:0.002932s ]
ERR: 1146:Table 'db_xx.tb_2012_std' doesn't exist
 [ SQL语句 ] : SHOW COLUMNS FROM `tb_2012_std`
SQL: SELECT * FROM `tb_2012_std` LEFT JOIN tb_grd ON f_std_grdid=grdid WHERE ( stdnm='彭雅君' ) LIMIT 1   [ RunTime:0.000577s ]
ERR: 1146:Table 'db_xx.tb_2012_std' doesn't exist
 [ SQL语句 ] : SELECT * FROM `tb_2012_std` LEFT JOIN tb_grd ON f_std_grdid=grdid WHERE ( stdnm='彭雅君' ) LIMIT 1  

[ 2015-09-15T14:55:09+08:00 ] 122.233.202.8 /xx/std.php/Std/loginin
INFO: [ route_check ] --START--
INFO: CheckRoute Behavior ::run [ RunTime:0.006566s ]
INFO: [ route_check ] --END-- [ RunTime:0.006728s ]
INFO: [ app_begin ] --START--
INFO: ReadHtmlCache Behavior ::run [ RunTime:0.002695s ]
INFO: [ app_begin ] --END-- [ RunTime:0.002805s ]
SQL: SHOW COLUMNS FROM `tb_grd` [ RunTime:0.002393s ]
SQL: SELECT * FROM `tb_grd` ORDER BY grdnm DESC  [ RunTime:0.000584s ]
SQL: SHOW COLUMNS FROM `tb_2015_std` [ RunTime:0.003792s ]
SQL: SELECT * FROM `tb_2015_std` LEFT JOIN tb_grd ON f_std_grdid=grdid WHERE ( stdnm='彭雅君' ) LIMIT 1   [ RunTime:0.001178s ]
SQL: SHOW COLUMNS FROM `tb_2014_std` [ RunTime:0.004512s ]
SQL: SELECT * FROM `tb_2014_std` LEFT JOIN tb_grd ON f_std_grdid=grdid WHERE ( stdnm='彭雅君' ) LIMIT 1   [ RunTime:0.001281s ]
SQL: SHOW COLUMNS FROM `tb_2013_std` [ RunTime:0.004772s ]
SQL: SELECT * FROM `tb_2013_std` LEFT JOIN tb_grd ON f_std_grdid=grdid WHERE ( stdnm='彭雅君' ) LIMIT 1   [ RunTime:0.000232s ]
SQL: SHOW COLUMNS FROM `tb_2012_std` [ RunTime:0.003125s ]
ERR: 1146:Table 'db_xx.tb_2012_std' doesn't exist
 [ SQL语句 ] : SHOW COLUMNS FROM `tb_2012_std`
SQL: SELECT * FROM `tb_2012_std` LEFT JOIN tb_grd ON f_std_grdid=grdid WHERE ( stdnm='彭雅君' ) LIMIT 1   [ RunTime:0.000624s ]
ERR: 1146:Table 'db_xx.tb_2012_std' doesn't exist
 [ SQL语句 ] : SELECT * FROM `tb_2012_std` LEFT JOIN tb_grd ON f_std_grdid=grdid WHERE ( stdnm='彭雅君' ) LIMIT 1  

[ 2015-09-15T14:55:10+08:00 ] 122.233.202.8 /xx/std.php/Std/loginin
INFO: [ route_check ] --START--
INFO: CheckRoute Behavior ::run [ RunTime:0.001723s ]
INFO: [ route_check ] --END-- [ RunTime:0.001868s ]
INFO: [ app_begin ] --START--
INFO: ReadHtmlCache Behavior ::run [ RunTime:0.001230s ]
INFO: [ app_begin ] --END-- [ RunTime:0.001377s ]
SQL: SHOW COLUMNS FROM `tb_grd` [ RunTime:0.003406s ]
SQL: SELECT * FROM `tb_grd` ORDER BY grdnm DESC  [ RunTime:0.000196s ]
SQL: SHOW COLUMNS FROM `tb_2015_std` [ RunTime:0.003815s ]
SQL: SELECT * FROM `tb_2015_std` LEFT JOIN tb_grd ON f_std_grdid=grdid WHERE ( stdnm='彭雅君' ) LIMIT 1   [ RunTime:0.000204s ]
SQL: SHOW COLUMNS FROM `tb_2014_std` [ RunTime:0.003767s ]
SQL: SELECT * FROM `tb_2014_std` LEFT JOIN tb_grd ON f_std_grdid=grdid WHERE ( stdnm='彭雅君' ) LIMIT 1   [ RunTime:0.000212s ]
SQL: SHOW COLUMNS FROM `tb_2013_std` [ RunTime:0.003581s ]
SQL: SELECT * FROM `tb_2013_std` LEFT JOIN tb_grd ON f_std_grdid=grdid WHERE ( stdnm='彭雅君' ) LIMIT 1   [ RunTime:0.000202s ]
SQL: SHOW COLUMNS FROM `tb_2012_std` [ RunTime:0.002905s ]
ERR: 1146:Table 'db_xx.tb_2012_std' doesn't exist
 [ SQL语句 ] : SHOW COLUMNS FROM `tb_2012_std`
SQL: SELECT * FROM `tb_2012_std` LEFT JOIN tb_grd ON f_std_grdid=grdid WHERE ( stdnm='彭雅君' ) LIMIT 1   [ RunTime:0.000577s ]
ERR: 1146:Table 'db_xx.tb_2012_std' doesn't exist
 [ SQL语句 ] : SELECT * FROM `tb_2012_std` LEFT JOIN tb_grd ON f_std_grdid=grdid WHERE ( stdnm='彭雅君' ) LIMIT 1  

[ 2015-09-15T15:05:42+08:00 ] 122.233.202.8 /xx/std.php
INFO: [ app_begin ] --START--
INFO: ReadHtmlCache Behavior ::run [ RunTime:0.004273s ]
INFO: [ app_begin ] --END-- [ RunTime:0.004427s ]
INFO: [ view_parse ] --START--
INFO: ParseTemplate Behavior ::run [ RunTime:0.047627s ]
INFO: [ view_parse ] --END-- [ RunTime:0.047787s ]
INFO: [ view_filter ] --START--
INFO: ContentReplace Behavior ::run [ RunTime:0.004055s ]
INFO: TokenBuild Behavior ::run [ RunTime:0.003948s ]
INFO: WriteHtmlCache Behavior ::run [ RunTime:0.003745s ]
INFO: ShowRuntime Behavior ::run [ RunTime:0.004216s ]
INFO: [ view_filter ] --END-- [ RunTime:0.016284s ]
INFO: [ view_end ] --START--
INFO: ShowPageTrace Behavior ::run [ RunTime:0.007448s ]
INFO: [ view_end ] --END-- [ RunTime:0.007564s ]

[ 2015-09-15T15:05:53+08:00 ] 122.233.202.8 /xx/std.php/Std/loginin
INFO: [ route_check ] --START--
INFO: CheckRoute Behavior ::run [ RunTime:0.004826s ]
INFO: [ route_check ] --END-- [ RunTime:0.004984s ]
INFO: [ app_begin ] --START--
INFO: ReadHtmlCache Behavior ::run [ RunTime:0.004338s ]
INFO: [ app_begin ] --END-- [ RunTime:0.004450s ]
SQL: SHOW COLUMNS FROM `tb_grd` [ RunTime:0.002287s ]
SQL: SELECT * FROM `tb_grd` ORDER BY grdnm DESC  [ RunTime:0.000620s ]
SQL: SHOW COLUMNS FROM `tb_2015_std` [ RunTime:0.003616s ]
SQL: SELECT * FROM `tb_2015_std` LEFT JOIN tb_grd ON f_std_grdid=grdid WHERE ( stdnm='彭雅君' ) LIMIT 1   [ RunTime:0.002236s ]
SQL: SHOW COLUMNS FROM `tb_2014_std` [ RunTime:0.003580s ]
SQL: SELECT * FROM `tb_2014_std` LEFT JOIN tb_grd ON f_std_grdid=grdid WHERE ( stdnm='彭雅君' ) LIMIT 1   [ RunTime:0.000215s ]
SQL: SHOW COLUMNS FROM `tb_2013_std` [ RunTime:0.003511s ]
SQL: SELECT * FROM `tb_2013_std` LEFT JOIN tb_grd ON f_std_grdid=grdid WHERE ( stdnm='彭雅君' ) LIMIT 1   [ RunTime:0.000203s ]
SQL: SHOW COLUMNS FROM `tb_2012_std` [ RunTime:0.003054s ]
ERR: 1146:Table 'db_xx.tb_2012_std' doesn't exist
 [ SQL语句 ] : SHOW COLUMNS FROM `tb_2012_std`
SQL: SELECT * FROM `tb_2012_std` LEFT JOIN tb_grd ON f_std_grdid=grdid WHERE ( stdnm='彭雅君' ) LIMIT 1   [ RunTime:0.000567s ]
ERR: 1146:Table 'db_xx.tb_2012_std' doesn't exist
 [ SQL语句 ] : SELECT * FROM `tb_2012_std` LEFT JOIN tb_grd ON f_std_grdid=grdid WHERE ( stdnm='彭雅君' ) LIMIT 1  
SQL: SELECT * FROM `tb_2015_std` WHERE ( stdnm='彭雅君' AND stdno='420521199603020042' AND f_std_statid=5 ) LIMIT 1   [ RunTime:0.002035s ]
SQL: SELECT * FROM `tb_2015_std` WHERE ( stdnm='彭雅君' AND stdidcd='420521199603020042' ) LIMIT 1   [ RunTime:0.002014s ]
SQL: SELECT * FROM `tb_2015_std` WHERE ( stdnm='彭雅君' AND stdidcd='420521199603020042' ) LIMIT 1   [ RunTime:0.000170s ]

[ 2015-09-15T15:05:53+08:00 ] 122.233.202.8 /xx/std.php
INFO: [ app_begin ] --START--
INFO: ReadHtmlCache Behavior ::run [ RunTime:0.001143s ]
INFO: [ app_begin ] --END-- [ RunTime:0.001295s ]
SQL: SHOW COLUMNS FROM `tb_grd` [ RunTime:0.002265s ]
SQL: SELECT * FROM `tb_grd` WHERE ( grdid=4 ) LIMIT 1   [ RunTime:0.000463s ]
SQL: SHOW COLUMNS FROM `tb_2015_std` [ RunTime:0.003631s ]
SQL: SELECT * FROM `tb_2015_std` WHERE ( stdid=363 ) LIMIT 1   [ RunTime:0.000474s ]
SQL: SELECT * FROM `tb_grd` WHERE ( grdid=4 ) LIMIT 1   [ RunTime:0.000130s ]
SQL: SHOW COLUMNS FROM `tb_xq` [ RunTime:0.002065s ]
SQL: SELECT * FROM `tb_xq` WHERE ( xqdq=1 ) LIMIT 1   [ RunTime:0.000606s ]
SQL: SELECT * FROM `tb_2015_std` inner join tb_2015_stdxqdm ON stdid=f_stdxqdm_stdid inner join tb_2015_stdxqcls ON stdid=f_stdxqcls_stdid inner join tb_2015_stdxqmj ON stdid=f_stdxqmj_stdid LEFT JOIN tb_stt ON f_std_sttid=sttid LEFT JOIN tb_grd ON f_std_grdid=grdid LEFT JOIN tb_2015_mj ON f_stdxqmj_mjid=mjid LEFT JOIN tb_bxxs ON f_mj_bxxsid=bxxsid LEFT JOIN tb_cc ON f_mj_ccid=ccid LEFT JOIN tb_kl ON f_mj_klid=klid LEFT JOIN tb_xxxs ON f_mj_xxxsid=xxxsid LEFT JOIN tb_zsfw ON f_mj_zsfwid=zsfwid LEFT JOIN tb_xz ON f_mj_xzid=xzid LEFT JOIN tb_2015_cls ON f_stdxqcls_clsid=clsid LEFT JOIN tb_dm ON f_stdxqdm_dmid=dmid LEFT JOIN tb_sex ON f_std_sexid=sexid LEFT JOIN tb_rc ON f_std_rcid=rcid LEFT JOIN tb_zzmm ON f_std_zzmmid=zzmmid LEFT JOIN tb_xl ON f_std_xlid=xlid LEFT JOIN tb_stat ON f_std_statid=statid LEFT JOIN tb_xq ON f_stdxqcls_xqid=xqid WHERE ( f_stdxqcls_xqid=3 AND f_stdxqmj_xqid=3 AND f_stdxqdm_xqid=3 AND stdid=363 ) LIMIT 1   [ RunTime:0.000279s ]
NOTIC: [2] Missing argument 1 for KZMBAction::setkzmb(), called in D:\Program Files\Apache Software Foundation\Apache2.2\htdocs\xx\std\Lib\Action\IndexAction.class.php on line 23 and defined D:\Program Files\Apache Software Foundation\Apache2.2\htdocs\xx\std\Lib\KZMB\KZMBAction.class.php 第 3 行.
SQL: SELECT * FROM `tb_grd` WHERE ( grdid=4 ) LIMIT 1   [ RunTime:0.000138s ]
SQL: SHOW COLUMNS FROM `tb_2015_stdbtn` [ RunTime:0.002854s ]
SQL: SELECT * FROM `tb_2015_stdbtn` WHERE ( f_stdbtn_stdid=363 AND stdbtnnm='lft' ) LIMIT 1   [ RunTime:0.000760s ]
SQL: SELECT * FROM `tb_2015_stdbtn` WHERE ( f_stdbtn_stdid=363 AND stdbtnnm='bs' ) LIMIT 1   [ RunTime:0.000236s ]
INFO: [ view_parse ] --START--
NOTIC: [8] Undefined variable: ntfstr D:\Program Files\Apache Software Foundation\Apache2.2\htdocs\xx\std\Runtime\Cache\9c288f5594010517c700781ca130ef0a.php 第 61 行.
NOTIC: [8] Undefined index:  stdnn D:\Program Files\Apache Software Foundation\Apache2.2\htdocs\xx\std\Runtime\Cache\9c288f5594010517c700781ca130ef0a.php 第 84 行.
NOTIC: [8] Undefined variable: cxcjcls D:\Program Files\Apache Software Foundation\Apache2.2\htdocs\xx\std\Runtime\Cache\9c288f5594010517c700781ca130ef0a.php 第 156 行.
INFO: ParseTemplate Behavior ::run [ RunTime:0.050811s ]
INFO: [ view_parse ] --END-- [ RunTime:0.050956s ]
INFO: [ view_filter ] --START--
INFO: ContentReplace Behavior ::run [ RunTime:0.004201s ]
INFO: TokenBuild Behavior ::run [ RunTime:0.003998s ]
INFO: WriteHtmlCache Behavior ::run [ RunTime:0.003758s ]
INFO: ShowRuntime Behavior ::run [ RunTime:0.007213s ]
INFO: [ view_filter ] --END-- [ RunTime:0.019492s ]
INFO: [ view_end ] --START--
INFO: ShowPageTrace Behavior ::run [ RunTime:0.007495s ]
INFO: [ view_end ] --END-- [ RunTime:0.007610s ]

[ 2015-09-15T15:06:02+08:00 ] 122.233.202.8 /xx/std.php/Cjzx/cxbxqcj
INFO: [ route_check ] --START--
INFO: CheckRoute Behavior ::run [ RunTime:0.001625s ]
INFO: [ route_check ] --END-- [ RunTime:0.001776s ]
INFO: [ app_begin ] --START--
INFO: ReadHtmlCache Behavior ::run [ RunTime:0.001116s ]
INFO: [ app_begin ] --END-- [ RunTime:0.001235s ]
SQL: SHOW COLUMNS FROM `tb_grd` [ RunTime:0.002322s ]
SQL: SELECT * FROM `tb_grd` WHERE ( grdid=4 ) LIMIT 1   [ RunTime:0.000403s ]
SQL: SHOW COLUMNS FROM `tb_2015_std` [ RunTime:0.003561s ]
SQL: SELECT * FROM `tb_2015_std` WHERE ( stdid=363 ) LIMIT 1   [ RunTime:0.000208s ]
SQL: SELECT * FROM `tb_grd` WHERE ( grdid=4 ) LIMIT 1   [ RunTime:0.000131s ]
SQL: SHOW COLUMNS FROM `tb_xq` [ RunTime:0.002067s ]
SQL: SELECT * FROM `tb_xq` WHERE ( xqdq=1 ) LIMIT 1   [ RunTime:0.000601s ]
SQL: SELECT * FROM `tb_2015_std` inner join tb_2015_stdxqdm ON stdid=f_stdxqdm_stdid inner join tb_2015_stdxqcls ON stdid=f_stdxqcls_stdid inner join tb_2015_stdxqmj ON stdid=f_stdxqmj_stdid LEFT JOIN tb_stt ON f_std_sttid=sttid LEFT JOIN tb_grd ON f_std_grdid=grdid LEFT JOIN tb_2015_mj ON f_stdxqmj_mjid=mjid LEFT JOIN tb_bxxs ON f_mj_bxxsid=bxxsid LEFT JOIN tb_cc ON f_mj_ccid=ccid LEFT JOIN tb_kl ON f_mj_klid=klid LEFT JOIN tb_xxxs ON f_mj_xxxsid=xxxsid LEFT JOIN tb_zsfw ON f_mj_zsfwid=zsfwid LEFT JOIN tb_xz ON f_mj_xzid=xzid LEFT JOIN tb_2015_cls ON f_stdxqcls_clsid=clsid LEFT JOIN tb_dm ON f_stdxqdm_dmid=dmid LEFT JOIN tb_sex ON f_std_sexid=sexid LEFT JOIN tb_rc ON f_std_rcid=rcid LEFT JOIN tb_zzmm ON f_std_zzmmid=zzmmid LEFT JOIN tb_xl ON f_std_xlid=xlid LEFT JOIN tb_stat ON f_std_statid=statid LEFT JOIN tb_xq ON f_stdxqcls_xqid=xqid WHERE ( f_stdxqcls_xqid=3 AND f_stdxqmj_xqid=3 AND f_stdxqdm_xqid=3 AND stdid=363 ) LIMIT 1   [ RunTime:0.000463s ]
NOTIC: [2] Missing argument 1 for KZMBAction::setkzmb(), called in D:\Program Files\Apache Software Foundation\Apache2.2\htdocs\xx\std\Lib\Action\CjzxAction.class.php on line 14 and defined D:\Program Files\Apache Software Foundation\Apache2.2\htdocs\xx\std\Lib\KZMB\KZMBAction.class.php 第 3 行.
SQL: SELECT * FROM `tb_grd` WHERE ( grdid=4 ) LIMIT 1   [ RunTime:0.000150s ]
SQL: SHOW COLUMNS FROM `tb_2015_stdbtn` [ RunTime:0.002262s ]
SQL: SELECT * FROM `tb_2015_stdbtn` WHERE ( f_stdbtn_stdid=363 AND stdbtnnm='lft' ) LIMIT 1   [ RunTime:0.000602s ]
SQL: SELECT * FROM `tb_2015_stdbtn` WHERE ( f_stdbtn_stdid=363 AND stdbtnnm='bs' ) LIMIT 1   [ RunTime:0.000132s ]
SQL: SELECT * FROM `tb_grd` WHERE ( grdid=4 ) LIMIT 1   [ RunTime:0.000121s ]
SQL: SELECT * FROM `tb_xq` WHERE ( xqdq=1 ) LIMIT 1   [ RunTime:0.000120s ]
SQL: SHOW COLUMNS FROM `tb_2015_cjzx` [ RunTime:0.002884s ]
ERR: 1146:Table 'db_xx.tb_2015_cjzx' doesn't exist
 [ SQL语句 ] : SHOW COLUMNS FROM `tb_2015_cjzx`
SQL: SELECT * FROM `tb_2015_cjzx` LEFT JOIN tb_2015_pk ON f_cjzx_pkid=pkid LEFT JOIN tb_2015_kc ON f_pk_kcid=kcid LEFT JOIN tb_tcr ON f_pk_tcrid=tcrid WHERE ( f_cjzx_grdid=4 AND f_cjzx_stdid=363 AND f_cjzx_xqid=3 ) ORDER BY pkzkkm ASC,kcnm ASC  [ RunTime:0.000589s ]
ERR: 1146:Table 'db_xx.tb_2015_cjzx' doesn't exist
 [ SQL语句 ] : SELECT * FROM `tb_2015_cjzx` LEFT JOIN tb_2015_pk ON f_cjzx_pkid=pkid LEFT JOIN tb_2015_kc ON f_pk_kcid=kcid LEFT JOIN tb_tcr ON f_pk_tcrid=tcrid WHERE ( f_cjzx_grdid=4 AND f_cjzx_stdid=363 AND f_cjzx_xqid=3 ) ORDER BY pkzkkm ASC,kcnm ASC 
NOTIC: [2] Invalid argument supplied for foreach() D:\Program Files\Apache Software Foundation\Apache2.2\htdocs\xx\std\Lib\Action\CjzxAction.class.php 第 33 行.
INFO: [ view_parse ] --START--
NOTIC: [8] Undefined variable: ntfstr D:\Program Files\Apache Software Foundation\Apache2.2\htdocs\xx\std\Runtime\Cache\68168f11e33e9bc593b86b7881014cb3.php 第 61 行.
NOTIC: [8] Undefined index:  stdnn D:\Program Files\Apache Software Foundation\Apache2.2\htdocs\xx\std\Runtime\Cache\68168f11e33e9bc593b86b7881014cb3.php 第 84 行.
NOTIC: [8] Undefined variable: cxcjcls D:\Program Files\Apache Software Foundation\Apache2.2\htdocs\xx\std\Runtime\Cache\68168f11e33e9bc593b86b7881014cb3.php 第 156 行.
INFO: ParseTemplate Behavior ::run [ RunTime:0.089695s ]
INFO: [ view_parse ] --END-- [ RunTime:0.089868s ]
INFO: [ view_filter ] --START--
INFO: ContentReplace Behavior ::run [ RunTime:0.002523s ]
INFO: TokenBuild Behavior ::run [ RunTime:0.000842s ]
INFO: WriteHtmlCache Behavior ::run [ RunTime:0.000626s ]
INFO: ShowRuntime Behavior ::run [ RunTime:0.007245s ]
INFO: [ view_filter ] --END-- [ RunTime:0.011549s ]
INFO: [ view_end ] --START--
INFO: ShowPageTrace Behavior ::run [ RunTime:0.007612s ]
INFO: [ view_end ] --END-- [ RunTime:0.007727s ]

[ 2015-09-15T15:12:49+08:00 ] 122.233.202.8 /xx/std.php
INFO: [ app_begin ] --START--
INFO: ReadHtmlCache Behavior ::run [ RunTime:0.008272s ]
INFO: [ app_begin ] --END-- [ RunTime:0.008541s ]
SQL: SHOW COLUMNS FROM `tb_grd` [ RunTime:0.002294s ]
SQL: SELECT * FROM `tb_grd` WHERE ( grdid=4 ) LIMIT 1   [ RunTime:0.000523s ]
SQL: SHOW COLUMNS FROM `tb_2015_std` [ RunTime:0.003612s ]
SQL: SELECT * FROM `tb_2015_std` WHERE ( stdid=363 ) LIMIT 1   [ RunTime:0.000463s ]
SQL: SELECT * FROM `tb_grd` WHERE ( grdid=4 ) LIMIT 1   [ RunTime:0.000128s ]
SQL: SHOW COLUMNS FROM `tb_xq` [ RunTime:0.002085s ]
SQL: SELECT * FROM `tb_xq` WHERE ( xqdq=1 ) LIMIT 1   [ RunTime:0.000591s ]
SQL: SELECT * FROM `tb_2015_std` inner join tb_2015_stdxqdm ON stdid=f_stdxqdm_stdid inner join tb_2015_stdxqcls ON stdid=f_stdxqcls_stdid inner join tb_2015_stdxqmj ON stdid=f_stdxqmj_stdid LEFT JOIN tb_stt ON f_std_sttid=sttid LEFT JOIN tb_grd ON f_std_grdid=grdid LEFT JOIN tb_2015_mj ON f_stdxqmj_mjid=mjid LEFT JOIN tb_bxxs ON f_mj_bxxsid=bxxsid LEFT JOIN tb_cc ON f_mj_ccid=ccid LEFT JOIN tb_kl ON f_mj_klid=klid LEFT JOIN tb_xxxs ON f_mj_xxxsid=xxxsid LEFT JOIN tb_zsfw ON f_mj_zsfwid=zsfwid LEFT JOIN tb_xz ON f_mj_xzid=xzid LEFT JOIN tb_2015_cls ON f_stdxqcls_clsid=clsid LEFT JOIN tb_dm ON f_stdxqdm_dmid=dmid LEFT JOIN tb_sex ON f_std_sexid=sexid LEFT JOIN tb_rc ON f_std_rcid=rcid LEFT JOIN tb_zzmm ON f_std_zzmmid=zzmmid LEFT JOIN tb_xl ON f_std_xlid=xlid LEFT JOIN tb_stat ON f_std_statid=statid LEFT JOIN tb_xq ON f_stdxqcls_xqid=xqid WHERE ( f_stdxqcls_xqid=3 AND f_stdxqmj_xqid=3 AND f_stdxqdm_xqid=3 AND stdid=363 ) LIMIT 1   [ RunTime:0.000290s ]
NOTIC: [2] Missing argument 1 for KZMBAction::setkzmb(), called in D:\Program Files\Apache Software Foundation\Apache2.2\htdocs\xx\std\Lib\Action\IndexAction.class.php on line 23 and defined D:\Program Files\Apache Software Foundation\Apache2.2\htdocs\xx\std\Lib\KZMB\KZMBAction.class.php 第 3 行.
SQL: SELECT * FROM `tb_grd` WHERE ( grdid=4 ) LIMIT 1   [ RunTime:0.000157s ]
SQL: SHOW COLUMNS FROM `tb_2015_stdbtn` [ RunTime:0.002231s ]
SQL: SELECT * FROM `tb_2015_stdbtn` WHERE ( f_stdbtn_stdid=363 AND stdbtnnm='lft' ) LIMIT 1   [ RunTime:0.000547s ]
SQL: SELECT * FROM `tb_2015_stdbtn` WHERE ( f_stdbtn_stdid=363 AND stdbtnnm='bs' ) LIMIT 1   [ RunTime:0.000130s ]
INFO: [ view_parse ] --START--
NOTIC: [8] Undefined variable: ntfstr D:\Program Files\Apache Software Foundation\Apache2.2\htdocs\xx\std\Runtime\Cache\9c288f5594010517c700781ca130ef0a.php 第 61 行.
NOTIC: [8] Undefined index:  stdnn D:\Program Files\Apache Software Foundation\Apache2.2\htdocs\xx\std\Runtime\Cache\9c288f5594010517c700781ca130ef0a.php 第 84 行.
NOTIC: [8] Undefined variable: cxcjcls D:\Program Files\Apache Software Foundation\Apache2.2\htdocs\xx\std\Runtime\Cache\9c288f5594010517c700781ca130ef0a.php 第 156 行.
INFO: ParseTemplate Behavior ::run [ RunTime:0.057797s ]
INFO: [ view_parse ] --END-- [ RunTime:0.057939s ]
INFO: [ view_filter ] --START--
INFO: ContentReplace Behavior ::run [ RunTime:0.007139s ]
INFO: TokenBuild Behavior ::run [ RunTime:0.007117s ]
INFO: WriteHtmlCache Behavior ::run [ RunTime:0.006864s ]
INFO: ShowRuntime Behavior ::run [ RunTime:0.007327s ]
INFO: [ view_filter ] --END-- [ RunTime:0.028761s ]
INFO: [ view_end ] --START--
INFO: ShowPageTrace Behavior ::run [ RunTime:0.007482s ]
INFO: [ view_end ] --END-- [ RunTime:0.007596s ]

[ 2015-09-15T15:12:52+08:00 ] 122.233.202.8 /xx/std.php/Stdbtn/update
INFO: [ route_check ] --START--
INFO: CheckRoute Behavior ::run [ RunTime:0.007950s ]
INFO: [ route_check ] --END-- [ RunTime:0.008108s ]
INFO: [ app_begin ] --START--
INFO: ReadHtmlCache Behavior ::run [ RunTime:0.007361s ]
INFO: [ app_begin ] --END-- [ RunTime:0.007470s ]
SQL: SHOW COLUMNS FROM `tb_grd` [ RunTime:0.002281s ]
SQL: SELECT * FROM `tb_grd` WHERE ( grdid=4 ) LIMIT 1   [ RunTime:0.000561s ]
SQL: SHOW COLUMNS FROM `tb_2015_stdbtn` [ RunTime:0.002157s ]
SQL: SELECT * FROM `tb_2015_stdbtn` WHERE ( f_stdbtn_grdid=4 AND f_stdbtn_stdid=363 AND stdbtnnm='lft' ) LIMIT 1   [ RunTime:0.001274s ]
SQL: INSERT INTO `tb_2015_stdbtn` (`f_stdbtn_grdid`,`f_stdbtn_stdid`,`stdbtnnm`,`stdbtnvl`) VALUES (4,363,'lft','none') [ RunTime:0.015799s ]

[ 2015-09-15T15:12:55+08:00 ] 122.233.202.8 /xx/std.php/Cjzx/cxlncj
INFO: [ route_check ] --START--
INFO: CheckRoute Behavior ::run [ RunTime:0.008058s ]
INFO: [ route_check ] --END-- [ RunTime:0.008213s ]
INFO: [ app_begin ] --START--
INFO: ReadHtmlCache Behavior ::run [ RunTime:0.007352s ]
INFO: [ app_begin ] --END-- [ RunTime:0.007478s ]
SQL: SHOW COLUMNS FROM `tb_grd` [ RunTime:0.002284s ]
SQL: SELECT * FROM `tb_grd` WHERE ( grdid=4 ) LIMIT 1   [ RunTime:0.000408s ]
SQL: SHOW COLUMNS FROM `tb_2015_std` [ RunTime:0.003606s ]
SQL: SELECT * FROM `tb_2015_std` WHERE ( stdid=363 ) LIMIT 1   [ RunTime:0.000220s ]
SQL: SELECT * FROM `tb_grd` WHERE ( grdid=4 ) LIMIT 1   [ RunTime:0.000131s ]
SQL: SHOW COLUMNS FROM `tb_xq` [ RunTime:0.002080s ]
SQL: SELECT * FROM `tb_xq` WHERE ( xqdq=1 ) LIMIT 1   [ RunTime:0.000534s ]
SQL: SELECT * FROM `tb_2015_std` inner join tb_2015_stdxqdm ON stdid=f_stdxqdm_stdid inner join tb_2015_stdxqcls ON stdid=f_stdxqcls_stdid inner join tb_2015_stdxqmj ON stdid=f_stdxqmj_stdid LEFT JOIN tb_stt ON f_std_sttid=sttid LEFT JOIN tb_grd ON f_std_grdid=grdid LEFT JOIN tb_2015_mj ON f_stdxqmj_mjid=mjid LEFT JOIN tb_bxxs ON f_mj_bxxsid=bxxsid LEFT JOIN tb_cc ON f_mj_ccid=ccid LEFT JOIN tb_kl ON f_mj_klid=klid LEFT JOIN tb_xxxs ON f_mj_xxxsid=xxxsid LEFT JOIN tb_zsfw ON f_mj_zsfwid=zsfwid LEFT JOIN tb_xz ON f_mj_xzid=xzid LEFT JOIN tb_2015_cls ON f_stdxqcls_clsid=clsid LEFT JOIN tb_dm ON f_stdxqdm_dmid=dmid LEFT JOIN tb_sex ON f_std_sexid=sexid LEFT JOIN tb_rc ON f_std_rcid=rcid LEFT JOIN tb_zzmm ON f_std_zzmmid=zzmmid LEFT JOIN tb_xl ON f_std_xlid=xlid LEFT JOIN tb_stat ON f_std_statid=statid LEFT JOIN tb_xq ON f_stdxqcls_xqid=xqid WHERE ( f_stdxqcls_xqid=3 AND f_stdxqmj_xqid=3 AND f_stdxqdm_xqid=3 AND stdid=363 ) LIMIT 1   [ RunTime:0.000288s ]
NOTIC: [2] Missing argument 1 for KZMBAction::setkzmb(), called in D:\Program Files\Apache Software Foundation\Apache2.2\htdocs\xx\std\Lib\Action\CjzxAction.class.php on line 53 and defined D:\Program Files\Apache Software Foundation\Apache2.2\htdocs\xx\std\Lib\KZMB\KZMBAction.class.php 第 3 行.
SQL: SELECT * FROM `tb_grd` WHERE ( grdid=4 ) LIMIT 1   [ RunTime:0.000137s ]
SQL: SHOW COLUMNS FROM `tb_2015_stdbtn` [ RunTime:0.004092s ]
SQL: SELECT * FROM `tb_2015_stdbtn` WHERE ( f_stdbtn_stdid=363 AND stdbtnnm='lft' ) LIMIT 1   [ RunTime:0.000465s ]
SQL: SELECT * FROM `tb_2015_stdbtn` WHERE ( f_stdbtn_stdid=363 AND stdbtnnm='lft' ) LIMIT 1   [ RunTime:0.000174s ]
SQL: SELECT * FROM `tb_2015_stdbtn` WHERE ( f_stdbtn_stdid=363 AND stdbtnnm='bs' ) LIMIT 1   [ RunTime:0.000463s ]
SQL: SELECT * FROM `tb_grd` WHERE ( grdid=4 ) LIMIT 1   [ RunTime:0.000208s ]
SQL: SHOW COLUMNS FROM `tb_2015_cjzx` [ RunTime:0.004054s ]
ERR: 1146:Table 'db_xx.tb_2015_cjzx' doesn't exist
 [ SQL语句 ] : SHOW COLUMNS FROM `tb_2015_cjzx`
SQL: SELECT * FROM `tb_2015_cjzx` LEFT JOIN tb_xq ON f_cjzx_xqid=xqid LEFT JOIN tb_2015_pk ON f_cjzx_pkid=pkid LEFT JOIN tb_2015_kc ON f_pk_kcid=kcid LEFT JOIN tb_tcr ON f_pk_tcrid=tcrid WHERE ( f_cjzx_grdid=4 AND f_cjzx_stdid=363 ) ORDER BY xqnm ASC,pkzkkm ASC,kcnm ASC  [ RunTime:0.001089s ]
ERR: 1146:Table 'db_xx.tb_2015_cjzx' doesn't exist
 [ SQL语句 ] : SELECT * FROM `tb_2015_cjzx` LEFT JOIN tb_xq ON f_cjzx_xqid=xqid LEFT JOIN tb_2015_pk ON f_cjzx_pkid=pkid LEFT JOIN tb_2015_kc ON f_pk_kcid=kcid LEFT JOIN tb_tcr ON f_pk_tcrid=tcrid WHERE ( f_cjzx_grdid=4 AND f_cjzx_stdid=363 ) ORDER BY xqnm ASC,pkzkkm ASC,kcnm ASC 
NOTIC: [2] Invalid argument supplied for foreach() D:\Program Files\Apache Software Foundation\Apache2.2\htdocs\xx\std\Lib\Action\CjzxAction.class.php 第 68 行.
INFO: [ view_parse ] --START--
NOTIC: [8] Undefined variable: ntfstr D:\Program Files\Apache Software Foundation\Apache2.2\htdocs\xx\std\Runtime\Cache\3c9201cb49d6fb696888bdc9b0f62315.php 第 61 行.
NOTIC: [8] Undefined index:  stdnn D:\Program Files\Apache Software Foundation\Apache2.2\htdocs\xx\std\Runtime\Cache\3c9201cb49d6fb696888bdc9b0f62315.php 第 84 行.
NOTIC: [8] Undefined variable: cxcjcls D:\Program Files\Apache Software Foundation\Apache2.2\htdocs\xx\std\Runtime\Cache\3c9201cb49d6fb696888bdc9b0f62315.php 第 156 行.
INFO: ParseTemplate Behavior ::run [ RunTime:0.075145s ]
INFO: [ view_parse ] --END-- [ RunTime:0.075395s ]
INFO: [ view_filter ] --START--
INFO: ContentReplace Behavior ::run [ RunTime:0.007174s ]
INFO: TokenBuild Behavior ::run [ RunTime:0.007060s ]
INFO: WriteHtmlCache Behavior ::run [ RunTime:0.006989s ]
INFO: ShowRuntime Behavior ::run [ RunTime:0.007181s ]
INFO: [ view_filter ] --END-- [ RunTime:0.028723s ]
INFO: [ view_end ] --START--
INFO: ShowPageTrace Behavior ::run [ RunTime:0.007782s ]
INFO: [ view_end ] --END-- [ RunTime:0.007907s ]

[ 2015-09-15T15:58:11+08:00 ] 68.180.228.176 /xx/std.php
INFO: [ app_begin ] --START--
INFO: ReadHtmlCache Behavior ::run [ RunTime:0.004284s ]
INFO: [ app_begin ] --END-- [ RunTime:0.004438s ]
INFO: [ view_parse ] --START--
INFO: ParseTemplate Behavior ::run [ RunTime:0.047280s ]
INFO: [ view_parse ] --END-- [ RunTime:0.047439s ]
INFO: [ view_filter ] --START--
INFO: ContentReplace Behavior ::run [ RunTime:0.004005s ]
INFO: TokenBuild Behavior ::run [ RunTime:0.003973s ]
INFO: WriteHtmlCache Behavior ::run [ RunTime:0.003786s ]
INFO: ShowRuntime Behavior ::run [ RunTime:0.007195s ]
INFO: [ view_filter ] --END-- [ RunTime:0.019278s ]
INFO: [ view_end ] --START--
INFO: ShowPageTrace Behavior ::run [ RunTime:0.007691s ]
INFO: [ view_end ] --END-- [ RunTime:0.007812s ]

[ 2015-09-15T17:14:40+08:00 ] 122.233.202.8 /xx/std.php
INFO: [ app_begin ] --START--
INFO: ReadHtmlCache Behavior ::run [ RunTime:0.004338s ]
INFO: [ app_begin ] --END-- [ RunTime:0.004493s ]
INFO: [ view_parse ] --START--
INFO: ParseTemplate Behavior ::run [ RunTime:0.047231s ]
INFO: [ view_parse ] --END-- [ RunTime:0.047402s ]
INFO: [ view_filter ] --START--
INFO: ContentReplace Behavior ::run [ RunTime:0.004052s ]
INFO: TokenBuild Behavior ::run [ RunTime:0.003985s ]
INFO: WriteHtmlCache Behavior ::run [ RunTime:0.003787s ]
INFO: ShowRuntime Behavior ::run [ RunTime:0.007704s ]
INFO: [ view_filter ] --END-- [ RunTime:0.019851s ]
INFO: [ view_end ] --START--
INFO: ShowPageTrace Behavior ::run [ RunTime:0.007520s ]
INFO: [ view_end ] --END-- [ RunTime:0.007636s ]

[ 2015-09-15T17:15:09+08:00 ] 122.233.202.8 /xx/std.php/Std/loginin
INFO: [ route_check ] --START--
INFO: CheckRoute Behavior ::run [ RunTime:0.004890s ]
INFO: [ route_check ] --END-- [ RunTime:0.005059s ]
INFO: [ app_begin ] --START--
INFO: ReadHtmlCache Behavior ::run [ RunTime:0.004243s ]
INFO: [ app_begin ] --END-- [ RunTime:0.004381s ]
SQL: SHOW COLUMNS FROM `tb_grd` [ RunTime:0.002764s ]
SQL: SELECT * FROM `tb_grd` ORDER BY grdnm DESC  [ RunTime:0.000523s ]
SQL: SHOW COLUMNS FROM `tb_2015_std` [ RunTime:0.004952s ]
SQL: SELECT * FROM `tb_2015_std` LEFT JOIN tb_grd ON f_std_grdid=grdid WHERE ( stdnm='彭雅君' ) LIMIT 1   [ RunTime:0.002820s ]
SQL: SHOW COLUMNS FROM `tb_2014_std` [ RunTime:0.004239s ]
SQL: SELECT * FROM `tb_2014_std` LEFT JOIN tb_grd ON f_std_grdid=grdid WHERE ( stdnm='彭雅君' ) LIMIT 1   [ RunTime:0.000217s ]
SQL: SHOW COLUMNS FROM `tb_2013_std` [ RunTime:0.004006s ]
SQL: SELECT * FROM `tb_2013_std` LEFT JOIN tb_grd ON f_std_grdid=grdid WHERE ( stdnm='彭雅君' ) LIMIT 1   [ RunTime:0.000270s ]
SQL: SHOW COLUMNS FROM `tb_2012_std` [ RunTime:0.003091s ]
ERR: 1146:Table 'db_xx.tb_2012_std' doesn't exist
 [ SQL语句 ] : SHOW COLUMNS FROM `tb_2012_std`
SQL: SELECT * FROM `tb_2012_std` LEFT JOIN tb_grd ON f_std_grdid=grdid WHERE ( stdnm='彭雅君' ) LIMIT 1   [ RunTime:0.000581s ]
ERR: 1146:Table 'db_xx.tb_2012_std' doesn't exist
 [ SQL语句 ] : SELECT * FROM `tb_2012_std` LEFT JOIN tb_grd ON f_std_grdid=grdid WHERE ( stdnm='彭雅君' ) LIMIT 1  
SQL: SELECT * FROM `tb_2015_std` WHERE ( stdnm='彭雅君' AND stdno='420521199603020042' AND f_std_statid=5 ) LIMIT 1   [ RunTime:0.002063s ]
SQL: SELECT * FROM `tb_2015_std` WHERE ( stdnm='彭雅君' AND stdidcd='420521199603020042' ) LIMIT 1   [ RunTime:0.002012s ]
SQL: SELECT * FROM `tb_2015_std` WHERE ( stdnm='彭雅君' AND stdidcd='420521199603020042' ) LIMIT 1   [ RunTime:0.000168s ]

[ 2015-09-15T17:15:09+08:00 ] 122.233.202.8 /xx/std.php
INFO: [ app_begin ] --START--
INFO: ReadHtmlCache Behavior ::run [ RunTime:0.001139s ]
INFO: [ app_begin ] --END-- [ RunTime:0.001290s ]
SQL: SHOW COLUMNS FROM `tb_grd` [ RunTime:0.002308s ]
SQL: SELECT * FROM `tb_grd` WHERE ( grdid=4 ) LIMIT 1   [ RunTime:0.000441s ]
SQL: SHOW COLUMNS FROM `tb_2015_std` [ RunTime:0.003631s ]
SQL: SELECT * FROM `tb_2015_std` WHERE ( stdid=363 ) LIMIT 1   [ RunTime:0.000453s ]
SQL: SELECT * FROM `tb_grd` WHERE ( grdid=4 ) LIMIT 1   [ RunTime:0.000127s ]
SQL: SHOW COLUMNS FROM `tb_xq` [ RunTime:0.002514s ]
SQL: SELECT * FROM `tb_xq` WHERE ( xqdq=1 ) LIMIT 1   [ RunTime:0.000831s ]
SQL: SELECT * FROM `tb_2015_std` inner join tb_2015_stdxqdm ON stdid=f_stdxqdm_stdid inner join tb_2015_stdxqcls ON stdid=f_stdxqcls_stdid inner join tb_2015_stdxqmj ON stdid=f_stdxqmj_stdid LEFT JOIN tb_stt ON f_std_sttid=sttid LEFT JOIN tb_grd ON f_std_grdid=grdid LEFT JOIN tb_2015_mj ON f_stdxqmj_mjid=mjid LEFT JOIN tb_bxxs ON f_mj_bxxsid=bxxsid LEFT JOIN tb_cc ON f_mj_ccid=ccid LEFT JOIN tb_kl ON f_mj_klid=klid LEFT JOIN tb_xxxs ON f_mj_xxxsid=xxxsid LEFT JOIN tb_zsfw ON f_mj_zsfwid=zsfwid LEFT JOIN tb_xz ON f_mj_xzid=xzid LEFT JOIN tb_2015_cls ON f_stdxqcls_clsid=clsid LEFT JOIN tb_dm ON f_stdxqdm_dmid=dmid LEFT JOIN tb_sex ON f_std_sexid=sexid LEFT JOIN tb_rc ON f_std_rcid=rcid LEFT JOIN tb_zzmm ON f_std_zzmmid=zzmmid LEFT JOIN tb_xl ON f_std_xlid=xlid LEFT JOIN tb_stat ON f_std_statid=statid LEFT JOIN tb_xq ON f_stdxqcls_xqid=xqid WHERE ( f_stdxqcls_xqid=3 AND f_stdxqmj_xqid=3 AND f_stdxqdm_xqid=3 AND stdid=363 ) LIMIT 1   [ RunTime:0.009014s ]
NOTIC: [2] Missing argument 1 for KZMBAction::setkzmb(), called in D:\Program Files\Apache Software Foundation\Apache2.2\htdocs\xx\std\Lib\Action\IndexAction.class.php on line 23 and defined D:\Program Files\Apache Software Foundation\Apache2.2\htdocs\xx\std\Lib\KZMB\KZMBAction.class.php 第 3 行.
SQL: SELECT * FROM `tb_grd` WHERE ( grdid=4 ) LIMIT 1   [ RunTime:0.000185s ]
SQL: SHOW COLUMNS FROM `tb_2015_stdbtn` [ RunTime:0.002825s ]
SQL: SELECT * FROM `tb_2015_stdbtn` WHERE ( f_stdbtn_stdid=363 AND stdbtnnm='lft' ) LIMIT 1   [ RunTime:0.000590s ]
SQL: SELECT * FROM `tb_2015_stdbtn` WHERE ( f_stdbtn_stdid=363 AND stdbtnnm='lft' ) LIMIT 1   [ RunTime:0.000132s ]
SQL: SELECT * FROM `tb_2015_stdbtn` WHERE ( f_stdbtn_stdid=363 AND stdbtnnm='bs' ) LIMIT 1   [ RunTime:0.000125s ]
INFO: [ view_parse ] --START--
NOTIC: [8] Undefined variable: ntfstr D:\Program Files\Apache Software Foundation\Apache2.2\htdocs\xx\std\Runtime\Cache\9c288f5594010517c700781ca130ef0a.php 第 61 行.
NOTIC: [8] Undefined index:  stdnn D:\Program Files\Apache Software Foundation\Apache2.2\htdocs\xx\std\Runtime\Cache\9c288f5594010517c700781ca130ef0a.php 第 84 行.
NOTIC: [8] Undefined variable: cxcjcls D:\Program Files\Apache Software Foundation\Apache2.2\htdocs\xx\std\Runtime\Cache\9c288f5594010517c700781ca130ef0a.php 第 156 行.
INFO: ParseTemplate Behavior ::run [ RunTime:0.069598s ]
INFO: [ view_parse ] --END-- [ RunTime:0.069744s ]
INFO: [ view_filter ] --START--
INFO: ContentReplace Behavior ::run [ RunTime:0.007170s ]
INFO: TokenBuild Behavior ::run [ RunTime:0.007235s ]
INFO: WriteHtmlCache Behavior ::run [ RunTime:0.006881s ]
INFO: ShowRuntime Behavior ::run [ RunTime:0.007231s ]
INFO: [ view_filter ] --END-- [ RunTime:0.028836s ]
INFO: [ view_end ] --START--
INFO: ShowPageTrace Behavior ::run [ RunTime:0.007789s ]
INFO: [ view_end ] --END-- [ RunTime:0.007906s ]

[ 2015-09-15T19:57:27+08:00 ] 10.50.10.149 /xx/std.php
INFO: [ app_begin ] --START--
INFO: ReadHtmlCache Behavior ::run [ RunTime:0.004283s ]
INFO: [ app_begin ] --END-- [ RunTime:0.004436s ]
INFO: [ view_parse ] --START--
INFO: ParseTemplate Behavior ::run [ RunTime:0.049116s ]
INFO: [ view_parse ] --END-- [ RunTime:0.049283s ]
INFO: [ view_filter ] --START--
INFO: ContentReplace Behavior ::run [ RunTime:0.007233s ]
INFO: TokenBuild Behavior ::run [ RunTime:0.003972s ]
INFO: WriteHtmlCache Behavior ::run [ RunTime:0.003763s ]
INFO: ShowRuntime Behavior ::run [ RunTime:0.007777s ]
INFO: [ view_filter ] --END-- [ RunTime:0.023070s ]
INFO: [ view_end ] --START--
INFO: ShowPageTrace Behavior ::run [ RunTime:0.007483s ]
INFO: [ view_end ] --END-- [ RunTime:0.007599s ]

