[ 2015-09-28T11:15:51+08:00 ] 66.249.79.222 /xx/std.php
INFO: [ app_begin ] --START--
INFO: ReadHtmlCache Behavior ::run [ RunTime:0.007549s ]
INFO: [ app_begin ] --END-- [ RunTime:0.007706s ]
INFO: [ view_parse ] --START--
INFO: ParseTemplate Behavior ::run [ RunTime:0.061243s ]
INFO: [ view_parse ] --END-- [ RunTime:0.061403s ]
INFO: [ view_filter ] --START--
INFO: ContentReplace Behavior ::run [ RunTime:0.007821s ]
INFO: TokenBuild Behavior ::run [ RunTime:0.007117s ]
INFO: WriteHtmlCache Behavior ::run [ RunTime:0.007286s ]
INFO: ShowRuntime Behavior ::run [ RunTime:0.007300s ]
INFO: [ view_filter ] --END-- [ RunTime:0.029860s ]
INFO: [ view_end ] --START--
INFO: ShowPageTrace Behavior ::run [ RunTime:0.024553s ]
INFO: [ view_end ] --END-- [ RunTime:0.024678s ]

[ 2015-09-28T23:00:28+08:00 ] 66.249.79.200 /xx/std.php
INFO: [ app_begin ] --START--
INFO: ReadHtmlCache Behavior ::run [ RunTime:0.004331s ]
INFO: [ app_begin ] --END-- [ RunTime:0.004482s ]
INFO: [ view_parse ] --START--
INFO: ParseTemplate Behavior ::run [ RunTime:0.048120s ]
INFO: [ view_parse ] --END-- [ RunTime:0.048286s ]
INFO: [ view_filter ] --START--
INFO: ContentReplace Behavior ::run [ RunTime:0.004053s ]
INFO: TokenBuild Behavior ::run [ RunTime:0.003991s ]
INFO: WriteHtmlCache Behavior ::run [ RunTime:0.006928s ]
INFO: ShowRuntime Behavior ::run [ RunTime:0.007262s ]
INFO: [ view_filter ] --END-- [ RunTime:0.022552s ]
INFO: [ view_end ] --START--
INFO: ShowPageTrace Behavior ::run [ RunTime:0.007554s ]
INFO: [ view_end ] --END-- [ RunTime:0.007671s ]

