[ 2015-09-08T01:53:23+08:00 ] 68.180.228.176 /xx/std.php
INFO: [ app_begin ] --START--
INFO: ReadHtmlCache Behavior ::run [ RunTime:0.008274s ]
INFO: [ app_begin ] --END-- [ RunTime:0.008417s ]
INFO: [ view_parse ] --START--
INFO: ParseTemplate Behavior ::run [ RunTime:0.064972s ]
INFO: [ view_parse ] --END-- [ RunTime:0.065126s ]
INFO: [ view_filter ] --START--
INFO: ContentReplace Behavior ::run [ RunTime:0.007947s ]
INFO: TokenBuild Behavior ::run [ RunTime:0.007547s ]
INFO: WriteHtmlCache Behavior ::run [ RunTime:0.007664s ]
INFO: ShowRuntime Behavior ::run [ RunTime:0.008230s ]
INFO: [ view_filter ] --END-- [ RunTime:0.031723s ]
INFO: [ view_end ] --START--
INFO: ShowPageTrace Behavior ::run [ RunTime:0.008420s ]
INFO: [ view_end ] --END-- [ RunTime:0.008545s ]

[ 2015-09-08T08:37:45+08:00 ] 10.50.10.149 /xx/std.php
INFO: [ app_begin ] --START--
INFO: ReadHtmlCache Behavior ::run [ RunTime:0.008006s ]
INFO: [ app_begin ] --END-- [ RunTime:0.008177s ]
INFO: [ view_parse ] --START--
INFO: ParseTemplate Behavior ::run [ RunTime:0.060302s ]
INFO: [ view_parse ] --END-- [ RunTime:0.060523s ]
INFO: [ view_filter ] --START--
INFO: ContentReplace Behavior ::run [ RunTime:0.007289s ]
INFO: TokenBuild Behavior ::run [ RunTime:0.007075s ]
INFO: WriteHtmlCache Behavior ::run [ RunTime:0.007274s ]
INFO: ShowRuntime Behavior ::run [ RunTime:0.007258s ]
INFO: [ view_filter ] --END-- [ RunTime:0.029237s ]
INFO: [ view_end ] --START--
INFO: ShowPageTrace Behavior ::run [ RunTime:0.007695s ]
INFO: [ view_end ] --END-- [ RunTime:0.007817s ]

[ 2015-09-08T08:37:58+08:00 ] 10.50.10.149 /xx/std.php/Std/loginin
INFO: [ route_check ] --START--
INFO: CheckRoute Behavior ::run [ RunTime:0.007874s ]
INFO: [ route_check ] --END-- [ RunTime:0.008029s ]
INFO: [ app_begin ] --START--
INFO: ReadHtmlCache Behavior ::run [ RunTime:0.007561s ]
INFO: [ app_begin ] --END-- [ RunTime:0.007676s ]
SQL: SHOW COLUMNS FROM `tb_grd` [ RunTime:0.002308s ]
SQL: SELECT * FROM `tb_grd` ORDER BY grdnm DESC  [ RunTime:0.000527s ]
SQL: SHOW COLUMNS FROM `tb_2015_std` [ RunTime:0.003482s ]
SQL: SELECT * FROM `tb_2015_std` LEFT JOIN tb_grd ON f_std_grdid=grdid WHERE ( stdnm='111111111' ) LIMIT 1   [ RunTime:0.002250s ]
SQL: SHOW COLUMNS FROM `tb_2014_std` [ RunTime:0.004231s ]
SQL: SELECT * FROM `tb_2014_std` LEFT JOIN tb_grd ON f_std_grdid=grdid WHERE ( stdnm='111111111' ) LIMIT 1   [ RunTime:0.003765s ]
SQL: SHOW COLUMNS FROM `tb_2013_std` [ RunTime:0.004603s ]
SQL: SELECT * FROM `tb_2013_std` LEFT JOIN tb_grd ON f_std_grdid=grdid WHERE ( stdnm='111111111' ) LIMIT 1   [ RunTime:0.001919s ]
SQL: SHOW COLUMNS FROM `tb_2012_std` [ RunTime:0.002937s ]
ERR: 1146:Table 'db_xx.tb_2012_std' doesn't exist
 [ SQL语句 ] : SHOW COLUMNS FROM `tb_2012_std`
SQL: SELECT * FROM `tb_2012_std` LEFT JOIN tb_grd ON f_std_grdid=grdid WHERE ( stdnm='111111111' ) LIMIT 1   [ RunTime:0.000544s ]
ERR: 1146:Table 'db_xx.tb_2012_std' doesn't exist
 [ SQL语句 ] : SELECT * FROM `tb_2012_std` LEFT JOIN tb_grd ON f_std_grdid=grdid WHERE ( stdnm='111111111' ) LIMIT 1  

[ 2015-09-08T10:01:46+08:00 ] 68.180.228.176 /xx/std.php
INFO: [ app_begin ] --START--
INFO: ReadHtmlCache Behavior ::run [ RunTime:0.001139s ]
INFO: [ app_begin ] --END-- [ RunTime:0.001292s ]
INFO: [ view_parse ] --START--
INFO: ParseTemplate Behavior ::run [ RunTime:0.048693s ]
INFO: [ view_parse ] --END-- [ RunTime:0.048853s ]
INFO: [ view_filter ] --START--
INFO: ContentReplace Behavior ::run [ RunTime:0.004013s ]
INFO: TokenBuild Behavior ::run [ RunTime:0.004002s ]
INFO: WriteHtmlCache Behavior ::run [ RunTime:0.003833s ]
INFO: ShowRuntime Behavior ::run [ RunTime:0.007201s ]
INFO: [ view_filter ] --END-- [ RunTime:0.019373s ]
INFO: [ view_end ] --START--
INFO: ShowPageTrace Behavior ::run [ RunTime:0.007811s ]
INFO: [ view_end ] --END-- [ RunTime:0.007933s ]

