[ 2015-10-14T02:09:36+08:00 ] 211.89.227.36 /xx/std.php
INFO: [ app_begin ] --START--
INFO: ReadHtmlCache Behavior ::run [ RunTime:0.002746s ]
INFO: [ app_begin ] --END-- [ RunTime:0.002904s ]
INFO: [ view_parse ] --START--
INFO: ParseTemplate Behavior ::run [ RunTime:0.051526s ]
INFO: [ view_parse ] --END-- [ RunTime:0.051687s ]
INFO: [ view_filter ] --START--
INFO: ContentReplace Behavior ::run [ RunTime:0.000872s ]
INFO: TokenBuild Behavior ::run [ RunTime:0.002413s ]
INFO: WriteHtmlCache Behavior ::run [ RunTime:0.007030s ]
INFO: ShowRuntime Behavior ::run [ RunTime:0.007198s ]
INFO: [ view_filter ] --END-- [ RunTime:0.017837s ]
INFO: [ view_end ] --START--
INFO: ShowPageTrace Behavior ::run [ RunTime:0.007589s ]
INFO: [ view_end ] --END-- [ RunTime:0.007707s ]

[ 2015-10-14T04:10:09+08:00 ] 66.249.74.38 /xx/std.php
INFO: [ app_begin ] --START--
INFO: ReadHtmlCache Behavior ::run [ RunTime:0.004347s ]
INFO: [ app_begin ] --END-- [ RunTime:0.004502s ]
INFO: [ view_parse ] --START--
INFO: ParseTemplate Behavior ::run [ RunTime:0.054209s ]
INFO: [ view_parse ] --END-- [ RunTime:0.054372s ]
INFO: [ view_filter ] --START--
INFO: ContentReplace Behavior ::run [ RunTime:0.004070s ]
INFO: TokenBuild Behavior ::run [ RunTime:0.003994s ]
INFO: WriteHtmlCache Behavior ::run [ RunTime:0.007333s ]
INFO: ShowRuntime Behavior ::run [ RunTime:0.007301s ]
INFO: [ view_filter ] --END-- [ RunTime:0.023028s ]
INFO: [ view_end ] --START--
INFO: ShowPageTrace Behavior ::run [ RunTime:0.007970s ]
INFO: [ view_end ] --END-- [ RunTime:0.008117s ]

