[ 2015-11-24T17:50:31+08:00 ] 203.208.60.170 /xx/std.php
INFO: [ app_begin ] --START--
INFO: ReadHtmlCache Behavior ::run [ RunTime:0.007424s ]
INFO: [ app_begin ] --END-- [ RunTime:0.007578s ]
INFO: [ view_parse ] --START--
INFO: ParseTemplate Behavior ::run [ RunTime:0.061420s ]
INFO: [ view_parse ] --END-- [ RunTime:0.061587s ]
INFO: [ view_filter ] --START--
INFO: ContentReplace Behavior ::run [ RunTime:0.007157s ]
INFO: TokenBuild Behavior ::run [ RunTime:0.007287s ]
INFO: WriteHtmlCache Behavior ::run [ RunTime:0.006907s ]
INFO: ShowRuntime Behavior ::run [ RunTime:0.007288s ]
INFO: [ view_filter ] --END-- [ RunTime:0.028962s ]
INFO: [ view_end ] --START--
INFO: ShowPageTrace Behavior ::run [ RunTime:0.007498s ]
INFO: [ view_end ] --END-- [ RunTime:0.007614s ]

[ 2015-11-24T18:32:53+08:00 ] 123.125.125.182 /xx/std.php
INFO: [ app_begin ] --START--
INFO: ReadHtmlCache Behavior ::run [ RunTime:0.007443s ]
INFO: [ app_begin ] --END-- [ RunTime:0.007598s ]
INFO: [ view_parse ] --START--
INFO: ParseTemplate Behavior ::run [ RunTime:0.061191s ]
INFO: [ view_parse ] --END-- [ RunTime:0.061352s ]
INFO: [ view_filter ] --START--
INFO: ContentReplace Behavior ::run [ RunTime:0.007153s ]
INFO: TokenBuild Behavior ::run [ RunTime:0.007328s ]
INFO: WriteHtmlCache Behavior ::run [ RunTime:0.003779s ]
INFO: ShowRuntime Behavior ::run [ RunTime:0.007607s ]
INFO: [ view_filter ] --END-- [ RunTime:0.026192s ]
INFO: [ view_end ] --START--
INFO: ShowPageTrace Behavior ::run [ RunTime:0.007495s ]
INFO: [ view_end ] --END-- [ RunTime:0.007610s ]

[ 2015-11-24T18:32:56+08:00 ] 106.120.188.76 /xx/std.php
INFO: [ app_begin ] --START--
INFO: ReadHtmlCache Behavior ::run [ RunTime:0.007794s ]
INFO: [ app_begin ] --END-- [ RunTime:0.007967s ]
INFO: [ view_parse ] --START--
INFO: ParseTemplate Behavior ::run [ RunTime:0.060326s ]
INFO: [ view_parse ] --END-- [ RunTime:0.060503s ]
INFO: [ view_filter ] --START--
INFO: ContentReplace Behavior ::run [ RunTime:0.007449s ]
INFO: TokenBuild Behavior ::run [ RunTime:0.008033s ]
INFO: WriteHtmlCache Behavior ::run [ RunTime:0.002231s ]
INFO: ShowRuntime Behavior ::run [ RunTime:0.008326s ]
INFO: [ view_filter ] --END-- [ RunTime:0.026414s ]
INFO: [ view_end ] --START--
INFO: ShowPageTrace Behavior ::run [ RunTime:0.007535s ]
INFO: [ view_end ] --END-- [ RunTime:0.007660s ]

[ 2015-11-24T20:22:22+08:00 ] 106.38.241.146 /xx/std.php
INFO: [ app_begin ] --START--
INFO: ReadHtmlCache Behavior ::run [ RunTime:0.007468s ]
INFO: [ app_begin ] --END-- [ RunTime:0.007624s ]
INFO: [ view_parse ] --START--
INFO: ParseTemplate Behavior ::run [ RunTime:0.061681s ]
INFO: [ view_parse ] --END-- [ RunTime:0.061850s ]
INFO: [ view_filter ] --START--
INFO: ContentReplace Behavior ::run [ RunTime:0.007195s ]
INFO: TokenBuild Behavior ::run [ RunTime:0.022870s ]
INFO: WriteHtmlCache Behavior ::run [ RunTime:0.003827s ]
INFO: ShowRuntime Behavior ::run [ RunTime:0.007253s ]
INFO: [ view_filter ] --END-- [ RunTime:0.041483s ]
INFO: [ view_end ] --START--
INFO: ShowPageTrace Behavior ::run [ RunTime:0.007743s ]
INFO: [ view_end ] --END-- [ RunTime:0.007866s ]

