[ 2015-10-06T17:26:00+08:00 ] 122.224.62.250 /xx/std.php
INFO: [ app_begin ] --START--
INFO: ReadHtmlCache Behavior ::run [ RunTime:0.004362s ]
INFO: [ app_begin ] --END-- [ RunTime:0.004518s ]
INFO: [ view_parse ] --START--
INFO: ParseTemplate Behavior ::run [ RunTime:0.047877s ]
INFO: [ view_parse ] --END-- [ RunTime:0.048255s ]
INFO: [ view_filter ] --START--
INFO: ContentReplace Behavior ::run [ RunTime:0.004063s ]
INFO: TokenBuild Behavior ::run [ RunTime:0.003995s ]
INFO: WriteHtmlCache Behavior ::run [ RunTime:0.003780s ]
INFO: ShowRuntime Behavior ::run [ RunTime:0.004203s ]
INFO: [ view_filter ] --END-- [ RunTime:0.016361s ]
INFO: [ view_end ] --START--
INFO: ShowPageTrace Behavior ::run [ RunTime:0.004402s ]
INFO: [ view_end ] --END-- [ RunTime:0.004518s ]

[ 2015-10-06T17:26:45+08:00 ] 122.224.62.250 /xx/std.php/Std/loginin
INFO: [ route_check ] --START--
INFO: CheckRoute Behavior ::run [ RunTime:0.008345s ]
INFO: [ route_check ] --END-- [ RunTime:0.008514s ]
INFO: [ app_begin ] --START--
INFO: ReadHtmlCache Behavior ::run [ RunTime:0.007793s ]
INFO: [ app_begin ] --END-- [ RunTime:0.007913s ]
SQL: SHOW COLUMNS FROM `tb_grd` [ RunTime:0.002793s ]
SQL: SELECT * FROM `tb_grd` ORDER BY grdnm DESC  [ RunTime:0.000589s ]
SQL: SHOW COLUMNS FROM `tb_2015_std` [ RunTime:0.003897s ]
SQL: SELECT * FROM `tb_2015_std` LEFT JOIN tb_grd ON f_std_grdid=grdid WHERE ( stdnm='刘学广' ) LIMIT 1   [ RunTime:0.002332s ]
SQL: SHOW COLUMNS FROM `tb_2014_std` [ RunTime:0.003944s ]
SQL: SELECT * FROM `tb_2014_std` LEFT JOIN tb_grd ON f_std_grdid=grdid WHERE ( stdnm='刘学广' ) LIMIT 1   [ RunTime:0.003797s ]
SQL: SHOW COLUMNS FROM `tb_2013_std` [ RunTime:0.004053s ]
SQL: SELECT * FROM `tb_2013_std` LEFT JOIN tb_grd ON f_std_grdid=grdid WHERE ( stdnm='刘学广' ) LIMIT 1   [ RunTime:0.001979s ]
SQL: SHOW COLUMNS FROM `tb_2012_std` [ RunTime:0.003009s ]
ERR: 1146:Table 'db_xx.tb_2012_std' doesn't exist
 [ SQL语句 ] : SHOW COLUMNS FROM `tb_2012_std`
SQL: SELECT * FROM `tb_2012_std` LEFT JOIN tb_grd ON f_std_grdid=grdid WHERE ( stdnm='刘学广' ) LIMIT 1   [ RunTime:0.000575s ]
ERR: 1146:Table 'db_xx.tb_2012_std' doesn't exist
 [ SQL语句 ] : SELECT * FROM `tb_2012_std` LEFT JOIN tb_grd ON f_std_grdid=grdid WHERE ( stdnm='刘学广' ) LIMIT 1  

[ 2015-10-06T17:27:08+08:00 ] 122.224.62.250 /xx/std.php/Std/loginin
INFO: [ route_check ] --START--
INFO: CheckRoute Behavior ::run [ RunTime:0.007873s ]
INFO: [ route_check ] --END-- [ RunTime:0.008035s ]
INFO: [ app_begin ] --START--
INFO: ReadHtmlCache Behavior ::run [ RunTime:0.007388s ]
INFO: [ app_begin ] --END-- [ RunTime:0.007503s ]
SQL: SHOW COLUMNS FROM `tb_grd` [ RunTime:0.002294s ]
SQL: SELECT * FROM `tb_grd` ORDER BY grdnm DESC  [ RunTime:0.000546s ]
SQL: SHOW COLUMNS FROM `tb_2015_std` [ RunTime:0.003930s ]
SQL: SELECT * FROM `tb_2015_std` LEFT JOIN tb_grd ON f_std_grdid=grdid WHERE ( stdnm='刘学广' ) LIMIT 1   [ RunTime:0.000543s ]
SQL: SHOW COLUMNS FROM `tb_2014_std` [ RunTime:0.003562s ]
SQL: SELECT * FROM `tb_2014_std` LEFT JOIN tb_grd ON f_std_grdid=grdid WHERE ( stdnm='刘学广' ) LIMIT 1   [ RunTime:0.000204s ]
SQL: SHOW COLUMNS FROM `tb_2013_std` [ RunTime:0.003516s ]
SQL: SELECT * FROM `tb_2013_std` LEFT JOIN tb_grd ON f_std_grdid=grdid WHERE ( stdnm='刘学广' ) LIMIT 1   [ RunTime:0.000199s ]
SQL: SHOW COLUMNS FROM `tb_2012_std` [ RunTime:0.002901s ]
ERR: 1146:Table 'db_xx.tb_2012_std' doesn't exist
 [ SQL语句 ] : SHOW COLUMNS FROM `tb_2012_std`
SQL: SELECT * FROM `tb_2012_std` LEFT JOIN tb_grd ON f_std_grdid=grdid WHERE ( stdnm='刘学广' ) LIMIT 1   [ RunTime:0.000608s ]
ERR: 1146:Table 'db_xx.tb_2012_std' doesn't exist
 [ SQL语句 ] : SELECT * FROM `tb_2012_std` LEFT JOIN tb_grd ON f_std_grdid=grdid WHERE ( stdnm='刘学广' ) LIMIT 1  

[ 2015-10-06T17:27:11+08:00 ] 122.224.62.250 /xx/std.php/Std/loginin
INFO: [ route_check ] --START--
INFO: CheckRoute Behavior ::run [ RunTime:0.007879s ]
INFO: [ route_check ] --END-- [ RunTime:0.008034s ]
INFO: [ app_begin ] --START--
INFO: ReadHtmlCache Behavior ::run [ RunTime:0.007495s ]
INFO: [ app_begin ] --END-- [ RunTime:0.007612s ]
SQL: SHOW COLUMNS FROM `tb_grd` [ RunTime:0.002299s ]
SQL: SELECT * FROM `tb_grd` ORDER BY grdnm DESC  [ RunTime:0.001190s ]
SQL: SHOW COLUMNS FROM `tb_2015_std` [ RunTime:0.003592s ]
SQL: SELECT * FROM `tb_2015_std` LEFT JOIN tb_grd ON f_std_grdid=grdid WHERE ( stdnm='刘学广' ) LIMIT 1   [ RunTime:0.000225s ]
SQL: SHOW COLUMNS FROM `tb_2014_std` [ RunTime:0.003552s ]
SQL: SELECT * FROM `tb_2014_std` LEFT JOIN tb_grd ON f_std_grdid=grdid WHERE ( stdnm='刘学广' ) LIMIT 1   [ RunTime:0.000211s ]
SQL: SHOW COLUMNS FROM `tb_2013_std` [ RunTime:0.003594s ]
SQL: SELECT * FROM `tb_2013_std` LEFT JOIN tb_grd ON f_std_grdid=grdid WHERE ( stdnm='刘学广' ) LIMIT 1   [ RunTime:0.000264s ]
SQL: SHOW COLUMNS FROM `tb_2012_std` [ RunTime:0.003913s ]
ERR: 1146:Table 'db_xx.tb_2012_std' doesn't exist
 [ SQL语句 ] : SHOW COLUMNS FROM `tb_2012_std`
SQL: SELECT * FROM `tb_2012_std` LEFT JOIN tb_grd ON f_std_grdid=grdid WHERE ( stdnm='刘学广' ) LIMIT 1   [ RunTime:0.001016s ]
ERR: 1146:Table 'db_xx.tb_2012_std' doesn't exist
 [ SQL语句 ] : SELECT * FROM `tb_2012_std` LEFT JOIN tb_grd ON f_std_grdid=grdid WHERE ( stdnm='刘学广' ) LIMIT 1  

[ 2015-10-06T17:27:15+08:00 ] 122.224.62.250 /xx/std.php/Std/loginin
INFO: [ route_check ] --START--
INFO: CheckRoute Behavior ::run [ RunTime:0.007863s ]
INFO: [ route_check ] --END-- [ RunTime:0.008020s ]
INFO: [ app_begin ] --START--
INFO: ReadHtmlCache Behavior ::run [ RunTime:0.007342s ]
INFO: [ app_begin ] --END-- [ RunTime:0.007454s ]
SQL: SHOW COLUMNS FROM `tb_grd` [ RunTime:0.002295s ]
SQL: SELECT * FROM `tb_grd` ORDER BY grdnm DESC  [ RunTime:0.000588s ]
SQL: SHOW COLUMNS FROM `tb_2015_std` [ RunTime:0.003400s ]
SQL: SELECT * FROM `tb_2015_std` LEFT JOIN tb_grd ON f_std_grdid=grdid WHERE ( stdnm='刘学广' ) LIMIT 1   [ RunTime:0.000214s ]
SQL: SHOW COLUMNS FROM `tb_2014_std` [ RunTime:0.003416s ]
SQL: SELECT * FROM `tb_2014_std` LEFT JOIN tb_grd ON f_std_grdid=grdid WHERE ( stdnm='刘学广' ) LIMIT 1   [ RunTime:0.000214s ]
SQL: SHOW COLUMNS FROM `tb_2013_std` [ RunTime:0.003517s ]
SQL: SELECT * FROM `tb_2013_std` LEFT JOIN tb_grd ON f_std_grdid=grdid WHERE ( stdnm='刘学广' ) LIMIT 1   [ RunTime:0.000198s ]
SQL: SHOW COLUMNS FROM `tb_2012_std` [ RunTime:0.002889s ]
ERR: 1146:Table 'db_xx.tb_2012_std' doesn't exist
 [ SQL语句 ] : SHOW COLUMNS FROM `tb_2012_std`
SQL: SELECT * FROM `tb_2012_std` LEFT JOIN tb_grd ON f_std_grdid=grdid WHERE ( stdnm='刘学广' ) LIMIT 1   [ RunTime:0.000598s ]
ERR: 1146:Table 'db_xx.tb_2012_std' doesn't exist
 [ SQL语句 ] : SELECT * FROM `tb_2012_std` LEFT JOIN tb_grd ON f_std_grdid=grdid WHERE ( stdnm='刘学广' ) LIMIT 1  

