[ 2015-10-17T04:41:39+08:00 ] 66.249.79.99 /xx/std.php
INFO: [ app_begin ] --START--
INFO: ReadHtmlCache Behavior ::run [ RunTime:0.007576s ]
INFO: [ app_begin ] --END-- [ RunTime:0.007733s ]
INFO: [ view_parse ] --START--
INFO: ParseTemplate Behavior ::run [ RunTime:0.057266s ]
INFO: [ view_parse ] --END-- [ RunTime:0.057433s ]
INFO: [ view_filter ] --START--
INFO: ContentReplace Behavior ::run [ RunTime:0.007174s ]
INFO: TokenBuild Behavior ::run [ RunTime:0.007408s ]
INFO: WriteHtmlCache Behavior ::run [ RunTime:0.006898s ]
INFO: ShowRuntime Behavior ::run [ RunTime:0.007702s ]
INFO: [ view_filter ] --END-- [ RunTime:0.029512s ]
INFO: [ view_end ] --START--
INFO: ShowPageTrace Behavior ::run [ RunTime:0.007484s ]
INFO: [ view_end ] --END-- [ RunTime:0.007600s ]

[ 2015-10-17T04:57:59+08:00 ] 66.249.79.103 /xx/std.php
INFO: [ app_begin ] --START--
INFO: ReadHtmlCache Behavior ::run [ RunTime:0.007866s ]
INFO: [ app_begin ] --END-- [ RunTime:0.008025s ]
INFO: [ view_parse ] --START--
INFO: ParseTemplate Behavior ::run [ RunTime:0.058988s ]
INFO: [ view_parse ] --END-- [ RunTime:0.059150s ]
INFO: [ view_filter ] --START--
INFO: ContentReplace Behavior ::run [ RunTime:0.007268s ]
INFO: TokenBuild Behavior ::run [ RunTime:0.007094s ]
INFO: WriteHtmlCache Behavior ::run [ RunTime:0.006946s ]
INFO: ShowRuntime Behavior ::run [ RunTime:0.008140s ]
INFO: [ view_filter ] --END-- [ RunTime:0.029788s ]
INFO: [ view_end ] --START--
INFO: ShowPageTrace Behavior ::run [ RunTime:0.007484s ]
INFO: [ view_end ] --END-- [ RunTime:0.007601s ]

[ 2015-10-17T12:49:13+08:00 ] 122.224.62.250 /xx/std.php
INFO: [ app_begin ] --START--
INFO: ReadHtmlCache Behavior ::run [ RunTime:0.007548s ]
INFO: [ app_begin ] --END-- [ RunTime:0.007704s ]
INFO: [ view_parse ] --START--
INFO: ParseTemplate Behavior ::run [ RunTime:0.060905s ]
INFO: [ view_parse ] --END-- [ RunTime:0.061063s ]
INFO: [ view_filter ] --START--
INFO: ContentReplace Behavior ::run [ RunTime:0.007185s ]
INFO: TokenBuild Behavior ::run [ RunTime:0.007084s ]
INFO: WriteHtmlCache Behavior ::run [ RunTime:0.007224s ]
INFO: ShowRuntime Behavior ::run [ RunTime:0.007213s ]
INFO: [ view_filter ] --END-- [ RunTime:0.029034s ]
INFO: [ view_end ] --START--
INFO: ShowPageTrace Behavior ::run [ RunTime:0.007553s ]
INFO: [ view_end ] --END-- [ RunTime:0.007670s ]

