[ 2015-11-01T18:21:59+08:00 ] 42.120.161.18 /xx/std.php
INFO: [ app_begin ] --START--
INFO: ReadHtmlCache Behavior ::run [ RunTime:0.008613s ]
INFO: [ app_begin ] --END-- [ RunTime:0.008780s ]
INFO: [ view_parse ] --START--
INFO: ParseTemplate Behavior ::run [ RunTime:0.063097s ]
INFO: [ view_parse ] --END-- [ RunTime:0.063267s ]
INFO: [ view_filter ] --START--
INFO: ContentReplace Behavior ::run [ RunTime:0.007373s ]
INFO: TokenBuild Behavior ::run [ RunTime:0.007039s ]
INFO: WriteHtmlCache Behavior ::run [ RunTime:0.006981s ]
INFO: ShowRuntime Behavior ::run [ RunTime:0.007201s ]
INFO: [ view_filter ] --END-- [ RunTime:0.028930s ]
INFO: [ view_end ] --START--
INFO: ShowPageTrace Behavior ::run [ RunTime:0.007775s ]
INFO: [ view_end ] --END-- [ RunTime:0.007907s ]

[ 2015-11-01T22:27:48+08:00 ] 115.238.38.98 /xx/std.php
INFO: [ app_begin ] --START--
INFO: ReadHtmlCache Behavior ::run [ RunTime:0.007524s ]
INFO: [ app_begin ] --END-- [ RunTime:0.007682s ]
INFO: [ view_parse ] --START--
INFO: ParseTemplate Behavior ::run [ RunTime:0.060355s ]
INFO: [ view_parse ] --END-- [ RunTime:0.060510s ]
INFO: [ view_filter ] --START--
INFO: ContentReplace Behavior ::run [ RunTime:0.007233s ]
INFO: TokenBuild Behavior ::run [ RunTime:0.007075s ]
INFO: WriteHtmlCache Behavior ::run [ RunTime:0.007354s ]
INFO: ShowRuntime Behavior ::run [ RunTime:0.007225s ]
INFO: [ view_filter ] --END-- [ RunTime:0.029220s ]
INFO: [ view_end ] --START--
INFO: ShowPageTrace Behavior ::run [ RunTime:0.007540s ]
INFO: [ view_end ] --END-- [ RunTime:0.007658s ]

[ 2015-11-01T22:28:23+08:00 ] 115.238.38.98 /xx/std.php/Std/loginin
INFO: [ route_check ] --START--
INFO: CheckRoute Behavior ::run [ RunTime:0.007855s ]
INFO: [ route_check ] --END-- [ RunTime:0.008005s ]
INFO: [ app_begin ] --START--
INFO: ReadHtmlCache Behavior ::run [ RunTime:0.007337s ]
INFO: [ app_begin ] --END-- [ RunTime:0.007450s ]
SQL: SHOW COLUMNS FROM `tb_grd` [ RunTime:0.002779s ]
SQL: SELECT * FROM `tb_grd` ORDER BY grdnm DESC  [ RunTime:0.000585s ]
SQL: SHOW COLUMNS FROM `tb_2015_std` [ RunTime:0.004052s ]
SQL: SELECT * FROM `tb_2015_std` LEFT JOIN tb_grd ON f_std_grdid=grdid WHERE ( stdnm='汪健炜' ) LIMIT 1   [ RunTime:0.002260s ]
SQL: SHOW COLUMNS FROM `tb_2014_std` [ RunTime:0.004050s ]
SQL: SELECT * FROM `tb_2014_std` LEFT JOIN tb_grd ON f_std_grdid=grdid WHERE ( stdnm='汪健炜' ) LIMIT 1   [ RunTime:0.003801s ]
SQL: SHOW COLUMNS FROM `tb_2013_std` [ RunTime:0.004309s ]
SQL: SELECT * FROM `tb_2013_std` LEFT JOIN tb_grd ON f_std_grdid=grdid WHERE ( stdnm='汪健炜' ) LIMIT 1   [ RunTime:0.001933s ]
SQL: SHOW COLUMNS FROM `tb_2012_std` [ RunTime:0.002904s ]
ERR: 1146:Table 'db_xx.tb_2012_std' doesn't exist
 [ SQL语句 ] : SHOW COLUMNS FROM `tb_2012_std`
SQL: SELECT * FROM `tb_2012_std` LEFT JOIN tb_grd ON f_std_grdid=grdid WHERE ( stdnm='汪健炜' ) LIMIT 1   [ RunTime:0.000542s ]
ERR: 1146:Table 'db_xx.tb_2012_std' doesn't exist
 [ SQL语句 ] : SELECT * FROM `tb_2012_std` LEFT JOIN tb_grd ON f_std_grdid=grdid WHERE ( stdnm='汪健炜' ) LIMIT 1  

[ 2015-11-01T22:28:51+08:00 ] 115.238.38.98 /xx/std.php/Std/loginin
INFO: [ route_check ] --START--
INFO: CheckRoute Behavior ::run [ RunTime:0.007849s ]
INFO: [ route_check ] --END-- [ RunTime:0.008000s ]
INFO: [ app_begin ] --START--
INFO: ReadHtmlCache Behavior ::run [ RunTime:0.007382s ]
INFO: [ app_begin ] --END-- [ RunTime:0.007496s ]
SQL: SHOW COLUMNS FROM `tb_grd` [ RunTime:0.002336s ]
SQL: SELECT * FROM `tb_grd` ORDER BY grdnm DESC  [ RunTime:0.000462s ]
SQL: SHOW COLUMNS FROM `tb_2015_std` [ RunTime:0.003550s ]
SQL: SELECT * FROM `tb_2015_std` LEFT JOIN tb_grd ON f_std_grdid=grdid WHERE ( stdnm='汪健炜' ) LIMIT 1   [ RunTime:0.000201s ]
SQL: SHOW COLUMNS FROM `tb_2014_std` [ RunTime:0.003483s ]
SQL: SELECT * FROM `tb_2014_std` LEFT JOIN tb_grd ON f_std_grdid=grdid WHERE ( stdnm='汪健炜' ) LIMIT 1   [ RunTime:0.000215s ]
SQL: SHOW COLUMNS FROM `tb_2013_std` [ RunTime:0.003575s ]
SQL: SELECT * FROM `tb_2013_std` LEFT JOIN tb_grd ON f_std_grdid=grdid WHERE ( stdnm='汪健炜' ) LIMIT 1   [ RunTime:0.000193s ]
SQL: SHOW COLUMNS FROM `tb_2012_std` [ RunTime:0.003031s ]
ERR: 1146:Table 'db_xx.tb_2012_std' doesn't exist
 [ SQL语句 ] : SHOW COLUMNS FROM `tb_2012_std`
SQL: SELECT * FROM `tb_2012_std` LEFT JOIN tb_grd ON f_std_grdid=grdid WHERE ( stdnm='汪健炜' ) LIMIT 1   [ RunTime:0.000572s ]
ERR: 1146:Table 'db_xx.tb_2012_std' doesn't exist
 [ SQL语句 ] : SELECT * FROM `tb_2012_std` LEFT JOIN tb_grd ON f_std_grdid=grdid WHERE ( stdnm='汪健炜' ) LIMIT 1  

[ 2015-11-01T22:28:52+08:00 ] 115.238.38.98 /xx/std.php/Std/loginin
INFO: [ route_check ] --START--
INFO: CheckRoute Behavior ::run [ RunTime:0.007843s ]
INFO: [ route_check ] --END-- [ RunTime:0.007994s ]
INFO: [ app_begin ] --START--
INFO: ReadHtmlCache Behavior ::run [ RunTime:0.007524s ]
INFO: [ app_begin ] --END-- [ RunTime:0.007637s ]
SQL: SHOW COLUMNS FROM `tb_grd` [ RunTime:0.002295s ]
SQL: SELECT * FROM `tb_grd` ORDER BY grdnm DESC  [ RunTime:0.000539s ]
SQL: SHOW COLUMNS FROM `tb_2015_std` [ RunTime:0.003603s ]
SQL: SELECT * FROM `tb_2015_std` LEFT JOIN tb_grd ON f_std_grdid=grdid WHERE ( stdnm='汪健炜' ) LIMIT 1   [ RunTime:0.000214s ]
SQL: SHOW COLUMNS FROM `tb_2014_std` [ RunTime:0.003892s ]
SQL: SELECT * FROM `tb_2014_std` LEFT JOIN tb_grd ON f_std_grdid=grdid WHERE ( stdnm='汪健炜' ) LIMIT 1   [ RunTime:0.000196s ]
SQL: SHOW COLUMNS FROM `tb_2013_std` [ RunTime:0.003572s ]
SQL: SELECT * FROM `tb_2013_std` LEFT JOIN tb_grd ON f_std_grdid=grdid WHERE ( stdnm='汪健炜' ) LIMIT 1   [ RunTime:0.000211s ]
SQL: SHOW COLUMNS FROM `tb_2012_std` [ RunTime:0.002885s ]
ERR: 1146:Table 'db_xx.tb_2012_std' doesn't exist
 [ SQL语句 ] : SHOW COLUMNS FROM `tb_2012_std`
SQL: SELECT * FROM `tb_2012_std` LEFT JOIN tb_grd ON f_std_grdid=grdid WHERE ( stdnm='汪健炜' ) LIMIT 1   [ RunTime:0.000558s ]
ERR: 1146:Table 'db_xx.tb_2012_std' doesn't exist
 [ SQL语句 ] : SELECT * FROM `tb_2012_std` LEFT JOIN tb_grd ON f_std_grdid=grdid WHERE ( stdnm='汪健炜' ) LIMIT 1  

[ 2015-11-01T22:28:56+08:00 ] 115.238.38.98 /xx/std.php/Std/loginin
INFO: [ route_check ] --START--
INFO: CheckRoute Behavior ::run [ RunTime:0.007851s ]
INFO: [ route_check ] --END-- [ RunTime:0.008004s ]
INFO: [ app_begin ] --START--
INFO: ReadHtmlCache Behavior ::run [ RunTime:0.007392s ]
INFO: [ app_begin ] --END-- [ RunTime:0.007511s ]
SQL: SHOW COLUMNS FROM `tb_grd` [ RunTime:0.002291s ]
SQL: SELECT * FROM `tb_grd` ORDER BY grdnm DESC  [ RunTime:0.000533s ]
SQL: SHOW COLUMNS FROM `tb_2015_std` [ RunTime:0.003629s ]
SQL: SELECT * FROM `tb_2015_std` LEFT JOIN tb_grd ON f_std_grdid=grdid WHERE ( stdnm='汪健炜' ) LIMIT 1   [ RunTime:0.000215s ]
SQL: SHOW COLUMNS FROM `tb_2014_std` [ RunTime:0.003561s ]
SQL: SELECT * FROM `tb_2014_std` LEFT JOIN tb_grd ON f_std_grdid=grdid WHERE ( stdnm='汪健炜' ) LIMIT 1   [ RunTime:0.000219s ]
SQL: SHOW COLUMNS FROM `tb_2013_std` [ RunTime:0.003644s ]
SQL: SELECT * FROM `tb_2013_std` LEFT JOIN tb_grd ON f_std_grdid=grdid WHERE ( stdnm='汪健炜' ) LIMIT 1   [ RunTime:0.000210s ]
SQL: SHOW COLUMNS FROM `tb_2012_std` [ RunTime:0.003102s ]
ERR: 1146:Table 'db_xx.tb_2012_std' doesn't exist
 [ SQL语句 ] : SHOW COLUMNS FROM `tb_2012_std`
SQL: SELECT * FROM `tb_2012_std` LEFT JOIN tb_grd ON f_std_grdid=grdid WHERE ( stdnm='汪健炜' ) LIMIT 1   [ RunTime:0.000571s ]
ERR: 1146:Table 'db_xx.tb_2012_std' doesn't exist
 [ SQL语句 ] : SELECT * FROM `tb_2012_std` LEFT JOIN tb_grd ON f_std_grdid=grdid WHERE ( stdnm='汪健炜' ) LIMIT 1  

