[ 2015-10-27T00:58:44+08:00 ] 218.108.42.114 /xx/std.php
INFO: [ app_begin ] --START--
INFO: ReadHtmlCache Behavior ::run [ RunTime:0.015654s ]
INFO: [ app_begin ] --END-- [ RunTime:0.015794s ]
INFO: [ view_parse ] --START--
INFO: ParseTemplate Behavior ::run [ RunTime:0.061977s ]
INFO: [ view_parse ] --END-- [ RunTime:0.062155s ]
INFO: [ view_filter ] --START--
INFO: ContentReplace Behavior ::run [ RunTime:0.007267s ]
INFO: TokenBuild Behavior ::run [ RunTime:0.007124s ]
INFO: WriteHtmlCache Behavior ::run [ RunTime:0.007038s ]
INFO: ShowRuntime Behavior ::run [ RunTime:0.007355s ]
INFO: [ view_filter ] --END-- [ RunTime:0.029108s ]
INFO: [ view_end ] --START--
INFO: ShowPageTrace Behavior ::run [ RunTime:0.007751s ]
INFO: [ view_end ] --END-- [ RunTime:0.007871s ]

[ 2015-10-27T09:47:00+08:00 ] 36.110.147.80 /xx/std.php
INFO: [ app_begin ] --START--
INFO: ReadHtmlCache Behavior ::run [ RunTime:0.007388s ]
INFO: [ app_begin ] --END-- [ RunTime:0.007541s ]
INFO: [ view_parse ] --START--
INFO: ParseTemplate Behavior ::run [ RunTime:0.060779s ]
INFO: [ view_parse ] --END-- [ RunTime:0.060934s ]
INFO: [ view_filter ] --START--
INFO: ContentReplace Behavior ::run [ RunTime:0.007156s ]
INFO: TokenBuild Behavior ::run [ RunTime:0.007051s ]
INFO: WriteHtmlCache Behavior ::run [ RunTime:0.007011s ]
INFO: ShowRuntime Behavior ::run [ RunTime:0.007201s ]
INFO: [ view_filter ] --END-- [ RunTime:0.028738s ]
INFO: [ view_end ] --START--
INFO: ShowPageTrace Behavior ::run [ RunTime:0.007519s ]
INFO: [ view_end ] --END-- [ RunTime:0.007633s ]

[ 2015-10-27T20:12:38+08:00 ] 66.249.79.101 /xx/std.php
INFO: [ app_begin ] --START--
INFO: ReadHtmlCache Behavior ::run [ RunTime:0.004683s ]
INFO: [ app_begin ] --END-- [ RunTime:0.004843s ]
INFO: [ view_parse ] --START--
INFO: ParseTemplate Behavior ::run [ RunTime:0.047976s ]
INFO: [ view_parse ] --END-- [ RunTime:0.048129s ]
INFO: [ view_filter ] --START--
INFO: ContentReplace Behavior ::run [ RunTime:0.007265s ]
INFO: TokenBuild Behavior ::run [ RunTime:0.007094s ]
INFO: WriteHtmlCache Behavior ::run [ RunTime:0.006925s ]
INFO: ShowRuntime Behavior ::run [ RunTime:0.007228s ]
INFO: [ view_filter ] --END-- [ RunTime:0.028831s ]
INFO: [ view_end ] --START--
INFO: ShowPageTrace Behavior ::run [ RunTime:0.008002s ]
INFO: [ view_end ] --END-- [ RunTime:0.008124s ]

