[ 2015-10-01T07:26:42+08:00 ] 66.249.79.186 /xx/std.php
INFO: [ app_begin ] --START--
INFO: ReadHtmlCache Behavior ::run [ RunTime:0.007606s ]
INFO: [ app_begin ] --END-- [ RunTime:0.007760s ]
INFO: [ view_parse ] --START--
INFO: ParseTemplate Behavior ::run [ RunTime:0.048077s ]
INFO: [ view_parse ] --END-- [ RunTime:0.048239s ]
INFO: [ view_filter ] --START--
INFO: ContentReplace Behavior ::run [ RunTime:0.004015s ]
INFO: TokenBuild Behavior ::run [ RunTime:0.003972s ]
INFO: WriteHtmlCache Behavior ::run [ RunTime:0.003822s ]
INFO: ShowRuntime Behavior ::run [ RunTime:0.004109s ]
INFO: [ view_filter ] --END-- [ RunTime:0.016234s ]
INFO: [ view_end ] --START--
INFO: ShowPageTrace Behavior ::run [ RunTime:0.007469s ]
INFO: [ view_end ] --END-- [ RunTime:0.007584s ]

[ 2015-10-01T08:16:55+08:00 ] 66.249.79.222 /xx/std.php
INFO: [ app_begin ] --START--
INFO: ReadHtmlCache Behavior ::run [ RunTime:0.007555s ]
INFO: [ app_begin ] --END-- [ RunTime:0.007711s ]
INFO: [ view_parse ] --START--
INFO: ParseTemplate Behavior ::run [ RunTime:0.061224s ]
INFO: [ view_parse ] --END-- [ RunTime:0.061383s ]
INFO: [ view_filter ] --START--
INFO: ContentReplace Behavior ::run [ RunTime:0.007254s ]
INFO: TokenBuild Behavior ::run [ RunTime:0.007054s ]
INFO: WriteHtmlCache Behavior ::run [ RunTime:0.006958s ]
INFO: ShowRuntime Behavior ::run [ RunTime:0.007205s ]
INFO: [ view_filter ] --END-- [ RunTime:0.028803s ]
INFO: [ view_end ] --START--
INFO: ShowPageTrace Behavior ::run [ RunTime:0.007543s ]
INFO: [ view_end ] --END-- [ RunTime:0.007660s ]

[ 2015-10-01T12:02:34+08:00 ] 66.249.79.193 /xx/std.php
INFO: [ app_begin ] --START--
INFO: ReadHtmlCache Behavior ::run [ RunTime:0.007452s ]
INFO: [ app_begin ] --END-- [ RunTime:0.007610s ]
INFO: [ view_parse ] --START--
INFO: ParseTemplate Behavior ::run [ RunTime:0.074756s ]
INFO: [ view_parse ] --END-- [ RunTime:0.074930s ]
INFO: [ view_filter ] --START--
INFO: ContentReplace Behavior ::run [ RunTime:0.007680s ]
INFO: TokenBuild Behavior ::run [ RunTime:0.007518s ]
INFO: WriteHtmlCache Behavior ::run [ RunTime:0.007331s ]
INFO: ShowRuntime Behavior ::run [ RunTime:0.012531s ]
INFO: [ view_filter ] --END-- [ RunTime:0.035454s ]
INFO: [ view_end ] --START--
INFO: ShowPageTrace Behavior ::run [ RunTime:0.008279s ]
INFO: [ view_end ] --END-- [ RunTime:0.008408s ]

