[ 2015-11-06T02:28:39+08:00 ] 66.249.69.3 /xx/std.php
INFO: [ app_begin ] --START--
INFO: ReadHtmlCache Behavior ::run [ RunTime:0.007557s ]
INFO: [ app_begin ] --END-- [ RunTime:0.007713s ]
INFO: [ view_parse ] --START--
INFO: ParseTemplate Behavior ::run [ RunTime:0.060550s ]
INFO: [ view_parse ] --END-- [ RunTime:0.060705s ]
INFO: [ view_filter ] --START--
INFO: ContentReplace Behavior ::run [ RunTime:0.007576s ]
INFO: TokenBuild Behavior ::run [ RunTime:0.007110s ]
INFO: WriteHtmlCache Behavior ::run [ RunTime:0.007086s ]
INFO: ShowRuntime Behavior ::run [ RunTime:0.007231s ]
INFO: [ view_filter ] --END-- [ RunTime:0.029337s ]
INFO: [ view_end ] --START--
INFO: ShowPageTrace Behavior ::run [ RunTime:0.007495s ]
INFO: [ view_end ] --END-- [ RunTime:0.007610s ]

[ 2015-11-06T08:31:01+08:00 ] 119.129.70.215 /xx/std.php
INFO: [ app_begin ] --START--
INFO: ReadHtmlCache Behavior ::run [ RunTime:0.007388s ]
INFO: [ app_begin ] --END-- [ RunTime:0.007545s ]
INFO: [ view_parse ] --START--
INFO: ParseTemplate Behavior ::run [ RunTime:0.062967s ]
INFO: [ view_parse ] --END-- [ RunTime:0.063125s ]
INFO: [ view_filter ] --START--
INFO: ContentReplace Behavior ::run [ RunTime:0.007149s ]
INFO: TokenBuild Behavior ::run [ RunTime:0.007198s ]
INFO: WriteHtmlCache Behavior ::run [ RunTime:0.006893s ]
INFO: ShowRuntime Behavior ::run [ RunTime:0.007268s ]
INFO: [ view_filter ] --END-- [ RunTime:0.028830s ]
INFO: [ view_end ] --START--
INFO: ShowPageTrace Behavior ::run [ RunTime:0.007470s ]
INFO: [ view_end ] --END-- [ RunTime:0.007587s ]

[ 2015-11-06T08:31:06+08:00 ] 119.129.70.215 /xx/std.php
INFO: [ app_begin ] --START--
INFO: ReadHtmlCache Behavior ::run [ RunTime:0.007384s ]
INFO: [ app_begin ] --END-- [ RunTime:0.007537s ]
INFO: [ view_parse ] --START--
INFO: ParseTemplate Behavior ::run [ RunTime:0.059032s ]
INFO: [ view_parse ] --END-- [ RunTime:0.059191s ]
INFO: [ view_filter ] --START--
INFO: ContentReplace Behavior ::run [ RunTime:0.007117s ]
INFO: TokenBuild Behavior ::run [ RunTime:0.007064s ]
INFO: WriteHtmlCache Behavior ::run [ RunTime:0.013937s ]
INFO: ShowRuntime Behavior ::run [ RunTime:0.007278s ]
INFO: [ view_filter ] --END-- [ RunTime:0.035756s ]
INFO: [ view_end ] --START--
INFO: ShowPageTrace Behavior ::run [ RunTime:0.007448s ]
INFO: [ view_end ] --END-- [ RunTime:0.007565s ]

[ 2015-11-06T08:31:59+08:00 ] 119.129.70.215 /xx/std.php/Std/loginin
INFO: [ route_check ] --START--
INFO: CheckRoute Behavior ::run [ RunTime:0.007894s ]
INFO: [ route_check ] --END-- [ RunTime:0.008049s ]
INFO: [ app_begin ] --START--
INFO: ReadHtmlCache Behavior ::run [ RunTime:0.007449s ]
INFO: [ app_begin ] --END-- [ RunTime:0.007559s ]
SQL: SHOW COLUMNS FROM `tb_grd` [ RunTime:0.003358s ]
SQL: SELECT * FROM `tb_grd` ORDER BY grdnm DESC  [ RunTime:0.001456s ]
SQL: SHOW COLUMNS FROM `tb_2015_std` [ RunTime:0.005147s ]
SQL: SELECT * FROM `tb_2015_std` LEFT JOIN tb_grd ON f_std_grdid=grdid WHERE ( stdnm='陈财财' ) LIMIT 1   [ RunTime:0.004469s ]
SQL: SHOW COLUMNS FROM `tb_2014_std` [ RunTime:0.005400s ]
SQL: SELECT * FROM `tb_2014_std` LEFT JOIN tb_grd ON f_std_grdid=grdid WHERE ( stdnm='陈财财' ) LIMIT 1   [ RunTime:0.005800s ]
SQL: SHOW COLUMNS FROM `tb_2013_std` [ RunTime:0.005546s ]
SQL: SELECT * FROM `tb_2013_std` LEFT JOIN tb_grd ON f_std_grdid=grdid WHERE ( stdnm='陈财财' ) LIMIT 1   [ RunTime:0.003593s ]
SQL: SHOW COLUMNS FROM `tb_2012_std` [ RunTime:0.003008s ]
ERR: 1146:Table 'db_xx.tb_2012_std' doesn't exist
 [ SQL语句 ] : SHOW COLUMNS FROM `tb_2012_std`
SQL: SELECT * FROM `tb_2012_std` LEFT JOIN tb_grd ON f_std_grdid=grdid WHERE ( stdnm='陈财财' ) LIMIT 1   [ RunTime:0.000565s ]
ERR: 1146:Table 'db_xx.tb_2012_std' doesn't exist
 [ SQL语句 ] : SELECT * FROM `tb_2012_std` LEFT JOIN tb_grd ON f_std_grdid=grdid WHERE ( stdnm='陈财财' ) LIMIT 1  

[ 2015-11-06T08:32:02+08:00 ] 119.129.70.215 /xx/std.php/Std/loginin
INFO: [ route_check ] --START--
INFO: CheckRoute Behavior ::run [ RunTime:0.007964s ]
INFO: [ route_check ] --END-- [ RunTime:0.008120s ]
INFO: [ app_begin ] --START--
INFO: ReadHtmlCache Behavior ::run [ RunTime:0.007436s ]
INFO: [ app_begin ] --END-- [ RunTime:0.007549s ]
SQL: SHOW COLUMNS FROM `tb_grd` [ RunTime:0.002291s ]
SQL: SELECT * FROM `tb_grd` ORDER BY grdnm DESC  [ RunTime:0.000531s ]
SQL: SHOW COLUMNS FROM `tb_2015_std` [ RunTime:0.003581s ]
SQL: SELECT * FROM `tb_2015_std` LEFT JOIN tb_grd ON f_std_grdid=grdid WHERE ( stdnm='陈财财' ) LIMIT 1   [ RunTime:0.000216s ]
SQL: SHOW COLUMNS FROM `tb_2014_std` [ RunTime:0.003579s ]
SQL: SELECT * FROM `tb_2014_std` LEFT JOIN tb_grd ON f_std_grdid=grdid WHERE ( stdnm='陈财财' ) LIMIT 1   [ RunTime:0.000329s ]
SQL: SHOW COLUMNS FROM `tb_2013_std` [ RunTime:0.003558s ]
SQL: SELECT * FROM `tb_2013_std` LEFT JOIN tb_grd ON f_std_grdid=grdid WHERE ( stdnm='陈财财' ) LIMIT 1   [ RunTime:0.000194s ]
SQL: SHOW COLUMNS FROM `tb_2012_std` [ RunTime:0.002872s ]
ERR: 1146:Table 'db_xx.tb_2012_std' doesn't exist
 [ SQL语句 ] : SHOW COLUMNS FROM `tb_2012_std`
SQL: SELECT * FROM `tb_2012_std` LEFT JOIN tb_grd ON f_std_grdid=grdid WHERE ( stdnm='陈财财' ) LIMIT 1   [ RunTime:0.000556s ]
ERR: 1146:Table 'db_xx.tb_2012_std' doesn't exist
 [ SQL语句 ] : SELECT * FROM `tb_2012_std` LEFT JOIN tb_grd ON f_std_grdid=grdid WHERE ( stdnm='陈财财' ) LIMIT 1  

[ 2015-11-06T08:32:48+08:00 ] 119.129.70.215 /xx/std.php/Std/loginin
INFO: [ route_check ] --START--
INFO: CheckRoute Behavior ::run [ RunTime:0.014732s ]
INFO: [ route_check ] --END-- [ RunTime:0.014912s ]
INFO: [ app_begin ] --START--
INFO: ReadHtmlCache Behavior ::run [ RunTime:0.007411s ]
INFO: [ app_begin ] --END-- [ RunTime:0.007537s ]
SQL: SHOW COLUMNS FROM `tb_grd` [ RunTime:0.002293s ]
SQL: SELECT * FROM `tb_grd` ORDER BY grdnm DESC  [ RunTime:0.000608s ]
SQL: SHOW COLUMNS FROM `tb_2015_std` [ RunTime:0.003542s ]
SQL: SELECT * FROM `tb_2015_std` LEFT JOIN tb_grd ON f_std_grdid=grdid WHERE ( stdnm='陈财财' ) LIMIT 1   [ RunTime:0.000202s ]
SQL: SHOW COLUMNS FROM `tb_2014_std` [ RunTime:0.003462s ]
SQL: SELECT * FROM `tb_2014_std` LEFT JOIN tb_grd ON f_std_grdid=grdid WHERE ( stdnm='陈财财' ) LIMIT 1   [ RunTime:0.000207s ]
SQL: SHOW COLUMNS FROM `tb_2013_std` [ RunTime:0.003769s ]
SQL: SELECT * FROM `tb_2013_std` LEFT JOIN tb_grd ON f_std_grdid=grdid WHERE ( stdnm='陈财财' ) LIMIT 1   [ RunTime:0.000203s ]
SQL: SHOW COLUMNS FROM `tb_2012_std` [ RunTime:0.002960s ]
ERR: 1146:Table 'db_xx.tb_2012_std' doesn't exist
 [ SQL语句 ] : SHOW COLUMNS FROM `tb_2012_std`
SQL: SELECT * FROM `tb_2012_std` LEFT JOIN tb_grd ON f_std_grdid=grdid WHERE ( stdnm='陈财财' ) LIMIT 1   [ RunTime:0.000564s ]
ERR: 1146:Table 'db_xx.tb_2012_std' doesn't exist
 [ SQL语句 ] : SELECT * FROM `tb_2012_std` LEFT JOIN tb_grd ON f_std_grdid=grdid WHERE ( stdnm='陈财财' ) LIMIT 1  

[ 2015-11-06T08:32:55+08:00 ] 119.129.70.215 /xx/std.php/Std/loginin
INFO: [ route_check ] --START--
INFO: CheckRoute Behavior ::run [ RunTime:0.008021s ]
INFO: [ route_check ] --END-- [ RunTime:0.008178s ]
INFO: [ app_begin ] --START--
INFO: ReadHtmlCache Behavior ::run [ RunTime:0.007349s ]
INFO: [ app_begin ] --END-- [ RunTime:0.007458s ]
SQL: SHOW COLUMNS FROM `tb_grd` [ RunTime:0.002299s ]
SQL: SELECT * FROM `tb_grd` ORDER BY grdnm DESC  [ RunTime:0.000587s ]
SQL: SHOW COLUMNS FROM `tb_2015_std` [ RunTime:0.003615s ]
SQL: SELECT * FROM `tb_2015_std` LEFT JOIN tb_grd ON f_std_grdid=grdid WHERE ( stdnm='陈财财' ) LIMIT 1   [ RunTime:0.000216s ]
SQL: SHOW COLUMNS FROM `tb_2014_std` [ RunTime:0.003546s ]
SQL: SELECT * FROM `tb_2014_std` LEFT JOIN tb_grd ON f_std_grdid=grdid WHERE ( stdnm='陈财财' ) LIMIT 1   [ RunTime:0.000215s ]
SQL: SHOW COLUMNS FROM `tb_2013_std` [ RunTime:0.003568s ]
SQL: SELECT * FROM `tb_2013_std` LEFT JOIN tb_grd ON f_std_grdid=grdid WHERE ( stdnm='陈财财' ) LIMIT 1   [ RunTime:0.000201s ]
SQL: SHOW COLUMNS FROM `tb_2012_std` [ RunTime:0.002866s ]
ERR: 1146:Table 'db_xx.tb_2012_std' doesn't exist
 [ SQL语句 ] : SHOW COLUMNS FROM `tb_2012_std`
SQL: SELECT * FROM `tb_2012_std` LEFT JOIN tb_grd ON f_std_grdid=grdid WHERE ( stdnm='陈财财' ) LIMIT 1   [ RunTime:0.000563s ]
ERR: 1146:Table 'db_xx.tb_2012_std' doesn't exist
 [ SQL语句 ] : SELECT * FROM `tb_2012_std` LEFT JOIN tb_grd ON f_std_grdid=grdid WHERE ( stdnm='陈财财' ) LIMIT 1  

[ 2015-11-06T08:35:47+08:00 ] 119.129.70.215 /xx/std.php/Std/loginin
INFO: [ route_check ] --START--
INFO: CheckRoute Behavior ::run [ RunTime:0.007879s ]
INFO: [ route_check ] --END-- [ RunTime:0.008036s ]
INFO: [ app_begin ] --START--
INFO: ReadHtmlCache Behavior ::run [ RunTime:0.007343s ]
INFO: [ app_begin ] --END-- [ RunTime:0.007454s ]
SQL: SHOW COLUMNS FROM `tb_grd` [ RunTime:0.002319s ]
SQL: SELECT * FROM `tb_grd` ORDER BY grdnm DESC  [ RunTime:0.000588s ]
SQL: SHOW COLUMNS FROM `tb_2015_std` [ RunTime:0.003520s ]
SQL: SELECT * FROM `tb_2015_std` LEFT JOIN tb_grd ON f_std_grdid=grdid WHERE ( stdnm='陈才才' ) LIMIT 1   [ RunTime:0.002244s ]
SQL: SHOW COLUMNS FROM `tb_2014_std` [ RunTime:0.003551s ]
SQL: SELECT * FROM `tb_2014_std` LEFT JOIN tb_grd ON f_std_grdid=grdid WHERE ( stdnm='陈才才' ) LIMIT 1   [ RunTime:0.003818s ]
SQL: SHOW COLUMNS FROM `tb_2013_std` [ RunTime:0.003637s ]
SQL: SELECT * FROM `tb_2013_std` LEFT JOIN tb_grd ON f_std_grdid=grdid WHERE ( stdnm='陈才才' ) LIMIT 1   [ RunTime:0.001930s ]
SQL: SHOW COLUMNS FROM `tb_2012_std` [ RunTime:0.002946s ]
ERR: 1146:Table 'db_xx.tb_2012_std' doesn't exist
 [ SQL语句 ] : SHOW COLUMNS FROM `tb_2012_std`
SQL: SELECT * FROM `tb_2012_std` LEFT JOIN tb_grd ON f_std_grdid=grdid WHERE ( stdnm='陈才才' ) LIMIT 1   [ RunTime:0.000546s ]
ERR: 1146:Table 'db_xx.tb_2012_std' doesn't exist
 [ SQL语句 ] : SELECT * FROM `tb_2012_std` LEFT JOIN tb_grd ON f_std_grdid=grdid WHERE ( stdnm='陈才才' ) LIMIT 1  

[ 2015-11-06T08:35:57+08:00 ] 119.129.70.215 /xx/std.php/Std/loginin
INFO: [ route_check ] --START--
INFO: CheckRoute Behavior ::run [ RunTime:0.007836s ]
INFO: [ route_check ] --END-- [ RunTime:0.007986s ]
INFO: [ app_begin ] --START--
INFO: ReadHtmlCache Behavior ::run [ RunTime:0.007338s ]
INFO: [ app_begin ] --END-- [ RunTime:0.007449s ]
SQL: SHOW COLUMNS FROM `tb_grd` [ RunTime:0.002321s ]
SQL: SELECT * FROM `tb_grd` ORDER BY grdnm DESC  [ RunTime:0.000530s ]
SQL: SHOW COLUMNS FROM `tb_2015_std` [ RunTime:0.003526s ]
SQL: SELECT * FROM `tb_2015_std` LEFT JOIN tb_grd ON f_std_grdid=grdid WHERE ( stdnm='陈才才' ) LIMIT 1   [ RunTime:0.000216s ]
SQL: SHOW COLUMNS FROM `tb_2014_std` [ RunTime:0.003459s ]
SQL: SELECT * FROM `tb_2014_std` LEFT JOIN tb_grd ON f_std_grdid=grdid WHERE ( stdnm='陈才才' ) LIMIT 1   [ RunTime:0.000210s ]
SQL: SHOW COLUMNS FROM `tb_2013_std` [ RunTime:0.003553s ]
SQL: SELECT * FROM `tb_2013_std` LEFT JOIN tb_grd ON f_std_grdid=grdid WHERE ( stdnm='陈才才' ) LIMIT 1   [ RunTime:0.000198s ]
SQL: SHOW COLUMNS FROM `tb_2012_std` [ RunTime:0.002922s ]
ERR: 1146:Table 'db_xx.tb_2012_std' doesn't exist
 [ SQL语句 ] : SHOW COLUMNS FROM `tb_2012_std`
SQL: SELECT * FROM `tb_2012_std` LEFT JOIN tb_grd ON f_std_grdid=grdid WHERE ( stdnm='陈才才' ) LIMIT 1   [ RunTime:0.000568s ]
ERR: 1146:Table 'db_xx.tb_2012_std' doesn't exist
 [ SQL语句 ] : SELECT * FROM `tb_2012_std` LEFT JOIN tb_grd ON f_std_grdid=grdid WHERE ( stdnm='陈才才' ) LIMIT 1  

[ 2015-11-06T08:36:51+08:00 ] 119.129.70.215 /xx/std.php/Std/loginin
INFO: [ route_check ] --START--
INFO: CheckRoute Behavior ::run [ RunTime:0.008917s ]
INFO: [ route_check ] --END-- [ RunTime:0.009087s ]
INFO: [ app_begin ] --START--
INFO: ReadHtmlCache Behavior ::run [ RunTime:0.007395s ]
INFO: [ app_begin ] --END-- [ RunTime:0.007520s ]
SQL: SHOW COLUMNS FROM `tb_grd` [ RunTime:0.002304s ]
SQL: SELECT * FROM `tb_grd` ORDER BY grdnm DESC  [ RunTime:0.000528s ]
SQL: SHOW COLUMNS FROM `tb_2015_std` [ RunTime:0.003502s ]
SQL: SELECT * FROM `tb_2015_std` LEFT JOIN tb_grd ON f_std_grdid=grdid WHERE ( stdnm='陈孝强' ) LIMIT 1   [ RunTime:0.002226s ]
SQL: SHOW COLUMNS FROM `tb_2014_std` [ RunTime:0.003546s ]
SQL: SELECT * FROM `tb_2014_std` LEFT JOIN tb_grd ON f_std_grdid=grdid WHERE ( stdnm='陈孝强' ) LIMIT 1   [ RunTime:0.003907s ]
SQL: SHOW COLUMNS FROM `tb_2013_std` [ RunTime:0.003718s ]
SQL: SELECT * FROM `tb_2013_std` LEFT JOIN tb_grd ON f_std_grdid=grdid WHERE ( stdnm='陈孝强' ) LIMIT 1   [ RunTime:0.001896s ]
SQL: SHOW COLUMNS FROM `tb_2012_std` [ RunTime:0.002893s ]
ERR: 1146:Table 'db_xx.tb_2012_std' doesn't exist
 [ SQL语句 ] : SHOW COLUMNS FROM `tb_2012_std`
SQL: SELECT * FROM `tb_2012_std` LEFT JOIN tb_grd ON f_std_grdid=grdid WHERE ( stdnm='陈孝强' ) LIMIT 1   [ RunTime:0.000542s ]
ERR: 1146:Table 'db_xx.tb_2012_std' doesn't exist
 [ SQL语句 ] : SELECT * FROM `tb_2012_std` LEFT JOIN tb_grd ON f_std_grdid=grdid WHERE ( stdnm='陈孝强' ) LIMIT 1  

[ 2015-11-06T08:37:06+08:00 ] 119.129.70.215 /xx/std.php/Std/loginin
INFO: [ route_check ] --START--
INFO: CheckRoute Behavior ::run [ RunTime:0.008010s ]
INFO: [ route_check ] --END-- [ RunTime:0.008168s ]
INFO: [ app_begin ] --START--
INFO: ReadHtmlCache Behavior ::run [ RunTime:0.007355s ]
INFO: [ app_begin ] --END-- [ RunTime:0.007464s ]
SQL: SHOW COLUMNS FROM `tb_grd` [ RunTime:0.002293s ]
SQL: SELECT * FROM `tb_grd` ORDER BY grdnm DESC  [ RunTime:0.000523s ]
SQL: SHOW COLUMNS FROM `tb_2015_std` [ RunTime:0.003477s ]
SQL: SELECT * FROM `tb_2015_std` LEFT JOIN tb_grd ON f_std_grdid=grdid WHERE ( stdnm='陈财财' ) LIMIT 1   [ RunTime:0.000209s ]
SQL: SHOW COLUMNS FROM `tb_2014_std` [ RunTime:0.003441s ]
SQL: SELECT * FROM `tb_2014_std` LEFT JOIN tb_grd ON f_std_grdid=grdid WHERE ( stdnm='陈财财' ) LIMIT 1   [ RunTime:0.000214s ]
SQL: SHOW COLUMNS FROM `tb_2013_std` [ RunTime:0.004162s ]
SQL: SELECT * FROM `tb_2013_std` LEFT JOIN tb_grd ON f_std_grdid=grdid WHERE ( stdnm='陈财财' ) LIMIT 1   [ RunTime:0.000225s ]
SQL: SHOW COLUMNS FROM `tb_2012_std` [ RunTime:0.002932s ]
ERR: 1146:Table 'db_xx.tb_2012_std' doesn't exist
 [ SQL语句 ] : SHOW COLUMNS FROM `tb_2012_std`
SQL: SELECT * FROM `tb_2012_std` LEFT JOIN tb_grd ON f_std_grdid=grdid WHERE ( stdnm='陈财财' ) LIMIT 1   [ RunTime:0.000562s ]
ERR: 1146:Table 'db_xx.tb_2012_std' doesn't exist
 [ SQL语句 ] : SELECT * FROM `tb_2012_std` LEFT JOIN tb_grd ON f_std_grdid=grdid WHERE ( stdnm='陈财财' ) LIMIT 1  

[ 2015-11-06T08:43:39+08:00 ] 119.129.70.215 /xx/std.php/Std/loginin
INFO: [ route_check ] --START--
INFO: CheckRoute Behavior ::run [ RunTime:0.007925s ]
INFO: [ route_check ] --END-- [ RunTime:0.008082s ]
INFO: [ app_begin ] --START--
INFO: ReadHtmlCache Behavior ::run [ RunTime:0.007506s ]
INFO: [ app_begin ] --END-- [ RunTime:0.007617s ]
SQL: SHOW COLUMNS FROM `tb_grd` [ RunTime:0.002303s ]
SQL: SELECT * FROM `tb_grd` ORDER BY grdnm DESC  [ RunTime:0.000587s ]
SQL: SHOW COLUMNS FROM `tb_2015_std` [ RunTime:0.003538s ]
SQL: SELECT * FROM `tb_2015_std` LEFT JOIN tb_grd ON f_std_grdid=grdid WHERE ( stdnm='陈财财' ) LIMIT 1   [ RunTime:0.000212s ]
SQL: SHOW COLUMNS FROM `tb_2014_std` [ RunTime:0.003460s ]
SQL: SELECT * FROM `tb_2014_std` LEFT JOIN tb_grd ON f_std_grdid=grdid WHERE ( stdnm='陈财财' ) LIMIT 1   [ RunTime:0.000396s ]
SQL: SHOW COLUMNS FROM `tb_2013_std` [ RunTime:0.003727s ]
SQL: SELECT * FROM `tb_2013_std` LEFT JOIN tb_grd ON f_std_grdid=grdid WHERE ( stdnm='陈财财' ) LIMIT 1   [ RunTime:0.000196s ]
SQL: SHOW COLUMNS FROM `tb_2012_std` [ RunTime:0.002893s ]
ERR: 1146:Table 'db_xx.tb_2012_std' doesn't exist
 [ SQL语句 ] : SHOW COLUMNS FROM `tb_2012_std`
SQL: SELECT * FROM `tb_2012_std` LEFT JOIN tb_grd ON f_std_grdid=grdid WHERE ( stdnm='陈财财' ) LIMIT 1   [ RunTime:0.000560s ]
ERR: 1146:Table 'db_xx.tb_2012_std' doesn't exist
 [ SQL语句 ] : SELECT * FROM `tb_2012_std` LEFT JOIN tb_grd ON f_std_grdid=grdid WHERE ( stdnm='陈财财' ) LIMIT 1  

[ 2015-11-06T16:40:19+08:00 ] 207.46.13.166 /xx/std.php
INFO: [ app_begin ] --START--
INFO: ReadHtmlCache Behavior ::run [ RunTime:0.007461s ]
INFO: [ app_begin ] --END-- [ RunTime:0.007615s ]
INFO: [ view_parse ] --START--
INFO: ParseTemplate Behavior ::run [ RunTime:0.050960s ]
INFO: [ view_parse ] --END-- [ RunTime:0.051116s ]
INFO: [ view_filter ] --START--
INFO: ContentReplace Behavior ::run [ RunTime:0.007134s ]
INFO: TokenBuild Behavior ::run [ RunTime:0.007171s ]
INFO: WriteHtmlCache Behavior ::run [ RunTime:0.006882s ]
INFO: ShowRuntime Behavior ::run [ RunTime:0.004116s ]
INFO: [ view_filter ] --END-- [ RunTime:0.025620s ]
INFO: [ view_end ] --START--
INFO: ShowPageTrace Behavior ::run [ RunTime:0.007886s ]
INFO: [ view_end ] --END-- [ RunTime:0.008010s ]

