[ 2015-11-21T00:25:27+08:00 ] 119.188.91.54 /xx/std.php
INFO: [ app_begin ] --START--
INFO: ReadHtmlCache Behavior ::run [ RunTime:0.007843s ]
INFO: [ app_begin ] --END-- [ RunTime:0.007999s ]
INFO: [ view_parse ] --START--
INFO: ParseTemplate Behavior ::run [ RunTime:0.062393s ]
INFO: [ view_parse ] --END-- [ RunTime:0.062552s ]
INFO: [ view_filter ] --START--
INFO: ContentReplace Behavior ::run [ RunTime:0.009929s ]
INFO: TokenBuild Behavior ::run [ RunTime:0.009495s ]
INFO: WriteHtmlCache Behavior ::run [ RunTime:0.007138s ]
INFO: ShowRuntime Behavior ::run [ RunTime:0.007439s ]
INFO: [ view_filter ] --END-- [ RunTime:0.034519s ]
INFO: [ view_end ] --START--
INFO: ShowPageTrace Behavior ::run [ RunTime:0.007909s ]
INFO: [ view_end ] --END-- [ RunTime:0.008031s ]

[ 2015-11-21T07:49:06+08:00 ] 42.62.37.183 /xx/std.php
INFO: [ app_begin ] --START--
INFO: ReadHtmlCache Behavior ::run [ RunTime:0.007686s ]
INFO: [ app_begin ] --END-- [ RunTime:0.007840s ]
INFO: [ view_parse ] --START--
INFO: ParseTemplate Behavior ::run [ RunTime:0.062752s ]
INFO: [ view_parse ] --END-- [ RunTime:0.062916s ]
INFO: [ view_filter ] --START--
INFO: ContentReplace Behavior ::run [ RunTime:0.007483s ]
INFO: TokenBuild Behavior ::run [ RunTime:0.007300s ]
INFO: WriteHtmlCache Behavior ::run [ RunTime:0.007163s ]
INFO: ShowRuntime Behavior ::run [ RunTime:0.007448s ]
INFO: [ view_filter ] --END-- [ RunTime:0.029719s ]
INFO: [ view_end ] --START--
INFO: ShowPageTrace Behavior ::run [ RunTime:0.007702s ]
INFO: [ view_end ] --END-- [ RunTime:0.007951s ]

