[ 2015-11-13T13:56:28+08:00 ] 172.27.89.85 /xx/std.php
INFO: [ app_begin ] --START--
INFO: ReadHtmlCache Behavior ::run [ RunTime:0.007500s ]
INFO: [ app_begin ] --END-- [ RunTime:0.007654s ]
SQL: SHOW COLUMNS FROM `tb_grd` [ RunTime:0.002675s ]
SQL: SELECT * FROM `tb_grd` WHERE ( grdid=3 ) LIMIT 1   [ RunTime:0.000475s ]
SQL: SHOW COLUMNS FROM `tb_2014_std` [ RunTime:0.004590s ]
SQL: SELECT * FROM `tb_2014_std` WHERE ( stdid=653 ) LIMIT 1   [ RunTime:0.000458s ]
SQL: SELECT * FROM `tb_grd` WHERE ( grdid=3 ) LIMIT 1   [ RunTime:0.000131s ]
SQL: SHOW COLUMNS FROM `tb_xq` [ RunTime:0.002518s ]
SQL: SELECT * FROM `tb_xq` WHERE ( xqdq=1 ) LIMIT 1   [ RunTime:0.000560s ]
SQL: SELECT * FROM `tb_2014_std` inner join tb_2014_stdxqdm ON stdid=f_stdxqdm_stdid inner join tb_2014_stdxqcls ON stdid=f_stdxqcls_stdid inner join tb_2014_stdxqmj ON stdid=f_stdxqmj_stdid LEFT JOIN tb_stt ON f_std_sttid=sttid LEFT JOIN tb_grd ON f_std_grdid=grdid LEFT JOIN tb_2014_mj ON f_stdxqmj_mjid=mjid LEFT JOIN tb_bxxs ON f_mj_bxxsid=bxxsid LEFT JOIN tb_cc ON f_mj_ccid=ccid LEFT JOIN tb_kl ON f_mj_klid=klid LEFT JOIN tb_xxxs ON f_mj_xxxsid=xxxsid LEFT JOIN tb_zsfw ON f_mj_zsfwid=zsfwid LEFT JOIN tb_xz ON f_mj_xzid=xzid LEFT JOIN tb_2014_cls ON f_stdxqcls_clsid=clsid LEFT JOIN tb_dm ON f_stdxqdm_dmid=dmid LEFT JOIN tb_sex ON f_std_sexid=sexid LEFT JOIN tb_rc ON f_std_rcid=rcid LEFT JOIN tb_zzmm ON f_std_zzmmid=zzmmid LEFT JOIN tb_xl ON f_std_xlid=xlid LEFT JOIN tb_stat ON f_std_statid=statid LEFT JOIN tb_xq ON f_stdxqcls_xqid=xqid WHERE ( f_stdxqcls_xqid=3 AND f_stdxqmj_xqid=3 AND f_stdxqdm_xqid=3 AND stdid=653 ) LIMIT 1   [ RunTime:0.010859s ]
NOTIC: [2] Missing argument 1 for KZMBAction::setkzmb(), called in D:\Program Files\Apache Software Foundation\Apache2.2\htdocs\xx\std\Lib\Action\IndexAction.class.php on line 23 and defined D:\Program Files\Apache Software Foundation\Apache2.2\htdocs\xx\std\Lib\KZMB\KZMBAction.class.php 第 3 行.
SQL: SELECT * FROM `tb_grd` WHERE ( grdid=3 ) LIMIT 1   [ RunTime:0.000156s ]
SQL: SHOW COLUMNS FROM `tb_2014_stdbtn` [ RunTime:0.003194s ]
SQL: SELECT * FROM `tb_2014_stdbtn` WHERE ( f_stdbtn_stdid=653 AND stdbtnnm='lft' ) LIMIT 1   [ RunTime:0.000188s ]
SQL: SELECT * FROM `tb_2014_stdbtn` WHERE ( f_stdbtn_stdid=653 AND stdbtnnm='bs' ) LIMIT 1   [ RunTime:0.000128s ]
INFO: [ view_parse ] --START--
NOTIC: [8] Undefined variable: ntfstr D:\Program Files\Apache Software Foundation\Apache2.2\htdocs\xx\std\Runtime\Cache\9c288f5594010517c700781ca130ef0a.php 第 61 行.
NOTIC: [8] Undefined index:  stdnn D:\Program Files\Apache Software Foundation\Apache2.2\htdocs\xx\std\Runtime\Cache\9c288f5594010517c700781ca130ef0a.php 第 84 行.
NOTIC: [8] Undefined variable: cxcjcls D:\Program Files\Apache Software Foundation\Apache2.2\htdocs\xx\std\Runtime\Cache\9c288f5594010517c700781ca130ef0a.php 第 156 行.
INFO: ParseTemplate Behavior ::run [ RunTime:0.060930s ]
INFO: [ view_parse ] --END-- [ RunTime:0.061074s ]
INFO: [ view_filter ] --START--
INFO: ContentReplace Behavior ::run [ RunTime:0.007125s ]
INFO: TokenBuild Behavior ::run [ RunTime:0.007210s ]
INFO: WriteHtmlCache Behavior ::run [ RunTime:0.006848s ]
INFO: ShowRuntime Behavior ::run [ RunTime:0.008299s ]
INFO: [ view_filter ] --END-- [ RunTime:0.029811s ]
INFO: [ view_end ] --START--
INFO: ShowPageTrace Behavior ::run [ RunTime:0.007498s ]
INFO: [ view_end ] --END-- [ RunTime:0.007611s ]

[ 2015-11-13T13:56:31+08:00 ] 172.27.89.85 /xx/std.php/Cjzx/cxbxqcj
INFO: [ route_check ] --START--
INFO: CheckRoute Behavior ::run [ RunTime:0.007858s ]
INFO: [ route_check ] --END-- [ RunTime:0.008011s ]
INFO: [ app_begin ] --START--
INFO: ReadHtmlCache Behavior ::run [ RunTime:0.007354s ]
INFO: [ app_begin ] --END-- [ RunTime:0.007476s ]
SQL: SHOW COLUMNS FROM `tb_grd` [ RunTime:0.002377s ]
SQL: SELECT * FROM `tb_grd` WHERE ( grdid=3 ) LIMIT 1   [ RunTime:0.000433s ]
SQL: SHOW COLUMNS FROM `tb_2014_std` [ RunTime:0.003620s ]
SQL: SELECT * FROM `tb_2014_std` WHERE ( stdid=653 ) LIMIT 1   [ RunTime:0.000212s ]
SQL: SELECT * FROM `tb_grd` WHERE ( grdid=3 ) LIMIT 1   [ RunTime:0.000134s ]
SQL: SHOW COLUMNS FROM `tb_xq` [ RunTime:0.002044s ]
SQL: SELECT * FROM `tb_xq` WHERE ( xqdq=1 ) LIMIT 1   [ RunTime:0.000633s ]
SQL: SELECT * FROM `tb_2014_std` inner join tb_2014_stdxqdm ON stdid=f_stdxqdm_stdid inner join tb_2014_stdxqcls ON stdid=f_stdxqcls_stdid inner join tb_2014_stdxqmj ON stdid=f_stdxqmj_stdid LEFT JOIN tb_stt ON f_std_sttid=sttid LEFT JOIN tb_grd ON f_std_grdid=grdid LEFT JOIN tb_2014_mj ON f_stdxqmj_mjid=mjid LEFT JOIN tb_bxxs ON f_mj_bxxsid=bxxsid LEFT JOIN tb_cc ON f_mj_ccid=ccid LEFT JOIN tb_kl ON f_mj_klid=klid LEFT JOIN tb_xxxs ON f_mj_xxxsid=xxxsid LEFT JOIN tb_zsfw ON f_mj_zsfwid=zsfwid LEFT JOIN tb_xz ON f_mj_xzid=xzid LEFT JOIN tb_2014_cls ON f_stdxqcls_clsid=clsid LEFT JOIN tb_dm ON f_stdxqdm_dmid=dmid LEFT JOIN tb_sex ON f_std_sexid=sexid LEFT JOIN tb_rc ON f_std_rcid=rcid LEFT JOIN tb_zzmm ON f_std_zzmmid=zzmmid LEFT JOIN tb_xl ON f_std_xlid=xlid LEFT JOIN tb_stat ON f_std_statid=statid LEFT JOIN tb_xq ON f_stdxqcls_xqid=xqid WHERE ( f_stdxqcls_xqid=3 AND f_stdxqmj_xqid=3 AND f_stdxqdm_xqid=3 AND stdid=653 ) LIMIT 1   [ RunTime:0.000327s ]
NOTIC: [2] Missing argument 1 for KZMBAction::setkzmb(), called in D:\Program Files\Apache Software Foundation\Apache2.2\htdocs\xx\std\Lib\Action\CjzxAction.class.php on line 14 and defined D:\Program Files\Apache Software Foundation\Apache2.2\htdocs\xx\std\Lib\KZMB\KZMBAction.class.php 第 3 行.
SQL: SELECT * FROM `tb_grd` WHERE ( grdid=3 ) LIMIT 1   [ RunTime:0.000148s ]
SQL: SHOW COLUMNS FROM `tb_2014_stdbtn` [ RunTime:0.002283s ]
SQL: SELECT * FROM `tb_2014_stdbtn` WHERE ( f_stdbtn_stdid=653 AND stdbtnnm='lft' ) LIMIT 1   [ RunTime:0.000596s ]
SQL: SELECT * FROM `tb_2014_stdbtn` WHERE ( f_stdbtn_stdid=653 AND stdbtnnm='bs' ) LIMIT 1   [ RunTime:0.000131s ]
SQL: SELECT * FROM `tb_grd` WHERE ( grdid=3 ) LIMIT 1   [ RunTime:0.000122s ]
SQL: SELECT * FROM `tb_xq` WHERE ( xqdq=1 ) LIMIT 1   [ RunTime:0.000121s ]
SQL: SHOW COLUMNS FROM `tb_2014_cjzx` [ RunTime:0.003093s ]
SQL: SELECT * FROM `tb_2014_cjzx` LEFT JOIN tb_2014_pk ON f_cjzx_pkid=pkid LEFT JOIN tb_2014_kc ON f_pk_kcid=kcid LEFT JOIN tb_tcr ON f_pk_tcrid=tcrid WHERE ( f_cjzx_grdid=3 AND f_cjzx_stdid=653 AND f_cjzx_xqid=3 ) ORDER BY pkzkkm ASC,kcnm ASC  [ RunTime:0.010169s ]
NOTIC: [2] Invalid argument supplied for foreach() D:\Program Files\Apache Software Foundation\Apache2.2\htdocs\xx\std\Lib\Action\CjzxAction.class.php 第 33 行.
INFO: [ view_parse ] --START--
NOTIC: [8] Undefined variable: ntfstr D:\Program Files\Apache Software Foundation\Apache2.2\htdocs\xx\std\Runtime\Cache\68168f11e33e9bc593b86b7881014cb3.php 第 61 行.
NOTIC: [8] Undefined index:  stdnn D:\Program Files\Apache Software Foundation\Apache2.2\htdocs\xx\std\Runtime\Cache\68168f11e33e9bc593b86b7881014cb3.php 第 84 行.
NOTIC: [8] Undefined variable: cxcjcls D:\Program Files\Apache Software Foundation\Apache2.2\htdocs\xx\std\Runtime\Cache\68168f11e33e9bc593b86b7881014cb3.php 第 156 行.
INFO: ParseTemplate Behavior ::run [ RunTime:0.068053s ]
INFO: [ view_parse ] --END-- [ RunTime:0.068245s ]
INFO: [ view_filter ] --START--
INFO: ContentReplace Behavior ::run [ RunTime:0.008176s ]
INFO: TokenBuild Behavior ::run [ RunTime:0.008338s ]
INFO: WriteHtmlCache Behavior ::run [ RunTime:0.007699s ]
INFO: ShowRuntime Behavior ::run [ RunTime:0.007444s ]
INFO: [ view_filter ] --END-- [ RunTime:0.032180s ]
INFO: [ view_end ] --START--
INFO: ShowPageTrace Behavior ::run [ RunTime:0.007457s ]
INFO: [ view_end ] --END-- [ RunTime:0.007571s ]

[ 2015-11-13T13:56:35+08:00 ] 172.27.89.85 /xx/std.php/Cjzx/cxcj
INFO: [ route_check ] --START--
INFO: CheckRoute Behavior ::run [ RunTime:0.007891s ]
INFO: [ route_check ] --END-- [ RunTime:0.008045s ]
INFO: [ app_begin ] --START--
INFO: ReadHtmlCache Behavior ::run [ RunTime:0.007717s ]
INFO: [ app_begin ] --END-- [ RunTime:0.007847s ]
SQL: SHOW COLUMNS FROM `tb_grd` [ RunTime:0.002561s ]
SQL: SELECT * FROM `tb_grd` WHERE ( grdid=3 ) LIMIT 1   [ RunTime:0.000385s ]
SQL: SHOW COLUMNS FROM `tb_2014_std` [ RunTime:0.003730s ]
SQL: SELECT * FROM `tb_2014_std` WHERE ( stdid=653 ) LIMIT 1   [ RunTime:0.000218s ]
SQL: SELECT * FROM `tb_grd` WHERE ( grdid=3 ) LIMIT 1   [ RunTime:0.000135s ]
SQL: SHOW COLUMNS FROM `tb_xq` [ RunTime:0.002069s ]
SQL: SELECT * FROM `tb_xq` WHERE ( xqdq=1 ) LIMIT 1   [ RunTime:0.000596s ]
SQL: SELECT * FROM `tb_2014_std` inner join tb_2014_stdxqdm ON stdid=f_stdxqdm_stdid inner join tb_2014_stdxqcls ON stdid=f_stdxqcls_stdid inner join tb_2014_stdxqmj ON stdid=f_stdxqmj_stdid LEFT JOIN tb_stt ON f_std_sttid=sttid LEFT JOIN tb_grd ON f_std_grdid=grdid LEFT JOIN tb_2014_mj ON f_stdxqmj_mjid=mjid LEFT JOIN tb_bxxs ON f_mj_bxxsid=bxxsid LEFT JOIN tb_cc ON f_mj_ccid=ccid LEFT JOIN tb_kl ON f_mj_klid=klid LEFT JOIN tb_xxxs ON f_mj_xxxsid=xxxsid LEFT JOIN tb_zsfw ON f_mj_zsfwid=zsfwid LEFT JOIN tb_xz ON f_mj_xzid=xzid LEFT JOIN tb_2014_cls ON f_stdxqcls_clsid=clsid LEFT JOIN tb_dm ON f_stdxqdm_dmid=dmid LEFT JOIN tb_sex ON f_std_sexid=sexid LEFT JOIN tb_rc ON f_std_rcid=rcid LEFT JOIN tb_zzmm ON f_std_zzmmid=zzmmid LEFT JOIN tb_xl ON f_std_xlid=xlid LEFT JOIN tb_stat ON f_std_statid=statid LEFT JOIN tb_xq ON f_stdxqcls_xqid=xqid WHERE ( f_stdxqcls_xqid=3 AND f_stdxqmj_xqid=3 AND f_stdxqdm_xqid=3 AND stdid=653 ) LIMIT 1   [ RunTime:0.000274s ]
NOTIC: [2] Missing argument 1 for KZMBAction::setkzmb(), called in D:\Program Files\Apache Software Foundation\Apache2.2\htdocs\xx\std\Lib\Action\CjzxAction.class.php on line 89 and defined D:\Program Files\Apache Software Foundation\Apache2.2\htdocs\xx\std\Lib\KZMB\KZMBAction.class.php 第 3 行.
SQL: SELECT * FROM `tb_grd` WHERE ( grdid=3 ) LIMIT 1   [ RunTime:0.000140s ]
SQL: SHOW COLUMNS FROM `tb_2014_stdbtn` [ RunTime:0.002219s ]
SQL: SELECT * FROM `tb_2014_stdbtn` WHERE ( f_stdbtn_stdid=653 AND stdbtnnm='lft' ) LIMIT 1   [ RunTime:0.000570s ]
SQL: SELECT * FROM `tb_2014_stdbtn` WHERE ( f_stdbtn_stdid=653 AND stdbtnnm='bs' ) LIMIT 1   [ RunTime:0.000130s ]
NOTIC: [8] Undefined index:  xqid D:\Program Files\Apache Software Foundation\Apache2.2\htdocs\xx\std\Lib\Action\CjzxAction.class.php 第 93 行.
SQL: SELECT * FROM `tb_grd` WHERE ( grdid=3 ) LIMIT 1   [ RunTime:0.000123s ]
SQL: SHOW COLUMNS FROM `tb_2014_cjzx` [ RunTime:0.002609s ]
SQL: SELECT * FROM `tb_2014_cjzx` LEFT JOIN tb_xq ON f_cjzx_xqid=xqid LEFT JOIN tb_2014_pk ON f_cjzx_pkid=pkid LEFT JOIN tb_2014_kc ON f_pk_kcid=kcid LEFT JOIN tb_tcr ON f_pk_tcrid=tcrid WHERE ( f_cjzx_grdid=3 AND f_cjzx_stdid=653 ) ORDER BY xqnm ASC,pkzkkm ASC,kcnm ASC  [ RunTime:0.012328s ]
SQL: SELECT * FROM `tb_2014_std` WHERE ( stdid=653 ) LIMIT 1   [ RunTime:0.000268s ]
SQL: SELECT * FROM `tb_grd` WHERE ( grdid=3 ) LIMIT 1   [ RunTime:0.000351s ]
SQL: SHOW COLUMNS FROM `tb_2014_sttintxq` [ RunTime:0.005054s ]
SQL: SELECT * FROM `tb_2014_sttintxq` WHERE ( f_sttintxq_sttid=1 ) LIMIT 1   [ RunTime:0.000364s ]
SQL: SELECT * FROM `tb_xq` WHERE ( xqid>=1 ) ORDER BY xqid ASC LIMIT 0,10   [ RunTime:0.000154s ]
INFO: [ view_parse ] --START--
NOTIC: [8] Undefined variable: ntfstr D:\Program Files\Apache Software Foundation\Apache2.2\htdocs\xx\std\Runtime\Cache\924147b57af07085cf626e76a0a40509.php 第 61 行.
NOTIC: [8] Undefined index:  stdnn D:\Program Files\Apache Software Foundation\Apache2.2\htdocs\xx\std\Runtime\Cache\924147b57af07085cf626e76a0a40509.php 第 84 行.
INFO: ParseTemplate Behavior ::run [ RunTime:0.070136s ]
INFO: [ view_parse ] --END-- [ RunTime:0.070298s ]
INFO: [ view_filter ] --START--
INFO: ContentReplace Behavior ::run [ RunTime:0.007161s ]
INFO: TokenBuild Behavior ::run [ RunTime:0.007195s ]
INFO: WriteHtmlCache Behavior ::run [ RunTime:0.006841s ]
INFO: ShowRuntime Behavior ::run [ RunTime:0.007685s ]
INFO: [ view_filter ] --END-- [ RunTime:0.029206s ]
INFO: [ view_end ] --START--
INFO: ShowPageTrace Behavior ::run [ RunTime:0.007506s ]
INFO: [ view_end ] --END-- [ RunTime:0.007620s ]

[ 2015-11-13T13:56:58+08:00 ] 172.27.89.85 /xx/std.php/Std/gtxpg/x/center
INFO: [ route_check ] --START--
INFO: CheckRoute Behavior ::run [ RunTime:0.008023s ]
INFO: [ route_check ] --END-- [ RunTime:0.008177s ]
INFO: [ app_begin ] --START--
INFO: ReadHtmlCache Behavior ::run [ RunTime:0.011217s ]
INFO: [ app_begin ] --END-- [ RunTime:0.011379s ]
SQL: SHOW COLUMNS FROM `tb_grd` [ RunTime:0.002318s ]
SQL: SELECT * FROM `tb_grd` WHERE ( grdid=3 ) LIMIT 1   [ RunTime:0.000422s ]
SQL: SHOW COLUMNS FROM `tb_2014_std` [ RunTime:0.003705s ]
SQL: SELECT * FROM `tb_2014_std` WHERE ( stdid=653 ) LIMIT 1   [ RunTime:0.000206s ]
SQL: SELECT * FROM `tb_grd` WHERE ( grdid=3 ) LIMIT 1   [ RunTime:0.000132s ]
SQL: SHOW COLUMNS FROM `tb_xq` [ RunTime:0.002041s ]
SQL: SELECT * FROM `tb_xq` WHERE ( xqdq=1 ) LIMIT 1   [ RunTime:0.000601s ]
SQL: SELECT * FROM `tb_2014_std` inner join tb_2014_stdxqdm ON stdid=f_stdxqdm_stdid inner join tb_2014_stdxqcls ON stdid=f_stdxqcls_stdid inner join tb_2014_stdxqmj ON stdid=f_stdxqmj_stdid LEFT JOIN tb_stt ON f_std_sttid=sttid LEFT JOIN tb_grd ON f_std_grdid=grdid LEFT JOIN tb_2014_mj ON f_stdxqmj_mjid=mjid LEFT JOIN tb_bxxs ON f_mj_bxxsid=bxxsid LEFT JOIN tb_cc ON f_mj_ccid=ccid LEFT JOIN tb_kl ON f_mj_klid=klid LEFT JOIN tb_xxxs ON f_mj_xxxsid=xxxsid LEFT JOIN tb_zsfw ON f_mj_zsfwid=zsfwid LEFT JOIN tb_xz ON f_mj_xzid=xzid LEFT JOIN tb_2014_cls ON f_stdxqcls_clsid=clsid LEFT JOIN tb_dm ON f_stdxqdm_dmid=dmid LEFT JOIN tb_sex ON f_std_sexid=sexid LEFT JOIN tb_rc ON f_std_rcid=rcid LEFT JOIN tb_zzmm ON f_std_zzmmid=zzmmid LEFT JOIN tb_xl ON f_std_xlid=xlid LEFT JOIN tb_stat ON f_std_statid=statid LEFT JOIN tb_xq ON f_stdxqcls_xqid=xqid WHERE ( f_stdxqcls_xqid=3 AND f_stdxqmj_xqid=3 AND f_stdxqdm_xqid=3 AND stdid=653 ) LIMIT 1   [ RunTime:0.000276s ]
SQL: SHOW COLUMNS FROM `tb_md` [ RunTime:0.002653s ]
SQL: SELECT * FROM `tb_md` WHERE ( mdmk='Std' ) LIMIT 1   [ RunTime:0.000538s ]
SQL: SELECT * FROM `tb_grd` WHERE ( grdid=3 ) LIMIT 1   [ RunTime:0.000140s ]
SQL: SHOW COLUMNS FROM `tb_2014_stdbtn` [ RunTime:0.002199s ]
SQL: SELECT * FROM `tb_2014_stdbtn` WHERE ( f_stdbtn_stdid=653 AND stdbtnnm='lft' ) LIMIT 1   [ RunTime:0.000554s ]
SQL: SELECT * FROM `tb_2014_stdbtn` WHERE ( f_stdbtn_stdid=653 AND stdbtnnm='bs' ) LIMIT 1   [ RunTime:0.000130s ]
SQL: SELECT * FROM `tb_grd` WHERE ( grdid=3 ) LIMIT 1   [ RunTime:0.000123s ]
SQL: SELECT * FROM `tb_xq` WHERE ( xqdq=1 ) LIMIT 1   [ RunTime:0.000390s ]
SQL: SELECT * FROM `tb_2014_std` inner join tb_2014_stdxqdm ON stdid=f_stdxqdm_stdid inner join tb_2014_stdxqcls ON stdid=f_stdxqcls_stdid inner join tb_2014_stdxqmj ON stdid=f_stdxqmj_stdid LEFT JOIN tb_stt ON f_std_sttid=sttid LEFT JOIN tb_grd ON f_std_grdid=grdid LEFT JOIN tb_2014_mj ON f_stdxqmj_mjid=mjid LEFT JOIN tb_bxxs ON f_mj_bxxsid=bxxsid LEFT JOIN tb_cc ON f_mj_ccid=ccid LEFT JOIN tb_kl ON f_mj_klid=klid LEFT JOIN tb_xxxs ON f_mj_xxxsid=xxxsid LEFT JOIN tb_zsfw ON f_mj_zsfwid=zsfwid LEFT JOIN tb_xz ON f_mj_xzid=xzid LEFT JOIN tb_2014_cls ON f_stdxqcls_clsid=clsid LEFT JOIN tb_dm ON f_stdxqdm_dmid=dmid LEFT JOIN tb_sex ON f_std_sexid=sexid LEFT JOIN tb_rc ON f_std_rcid=rcid LEFT JOIN tb_zzmm ON f_std_zzmmid=zzmmid LEFT JOIN tb_xl ON f_std_xlid=xlid LEFT JOIN tb_stat ON f_std_statid=statid LEFT JOIN tb_xq ON f_stdxqcls_xqid=xqid WHERE ( f_stdxqcls_xqid=3 AND f_stdxqmj_xqid=3 AND f_stdxqdm_xqid=3 AND stdid=653 ) LIMIT 1   [ RunTime:0.000277s ]
INFO: [ view_parse ] --START--
NOTIC: [8] Undefined variable: ntfstr D:\Program Files\Apache Software Foundation\Apache2.2\htdocs\xx\std\Runtime\Cache\80f681079685a8daa1e51012fde199f4.php 第 61 行.
NOTIC: [8] Undefined index:  stdnn D:\Program Files\Apache Software Foundation\Apache2.2\htdocs\xx\std\Runtime\Cache\80f681079685a8daa1e51012fde199f4.php 第 84 行.
NOTIC: [8] Undefined variable: cxcjcls D:\Program Files\Apache Software Foundation\Apache2.2\htdocs\xx\std\Runtime\Cache\80f681079685a8daa1e51012fde199f4.php 第 157 行.
NOTIC: [8] Undefined variable: ifrcmd D:\Program Files\Apache Software Foundation\Apache2.2\htdocs\xx\std\Runtime\Cache\80f681079685a8daa1e51012fde199f4.php 第 279 行.
INFO: ParseTemplate Behavior ::run [ RunTime:0.074328s ]
INFO: [ view_parse ] --END-- [ RunTime:0.074473s ]
INFO: [ view_filter ] --START--
INFO: ContentReplace Behavior ::run [ RunTime:0.007192s ]
INFO: TokenBuild Behavior ::run [ RunTime:0.007067s ]
INFO: WriteHtmlCache Behavior ::run [ RunTime:0.006955s ]
INFO: ShowRuntime Behavior ::run [ RunTime:0.007199s ]
INFO: [ view_filter ] --END-- [ RunTime:0.028736s ]
INFO: [ view_end ] --START--
INFO: ShowPageTrace Behavior ::run [ RunTime:0.007733s ]
INFO: [ view_end ] --END-- [ RunTime:0.007851s ]

[ 2015-11-13T13:57:52+08:00 ] 172.27.89.85 /xx/std.php/Tcrbtn/update
INFO: [ route_check ] --START--
INFO: CheckRoute Behavior ::run [ RunTime:0.008625s ]
INFO: [ route_check ] --END-- [ RunTime:0.008798s ]
INFO: [ app_begin ] --START--
INFO: ReadHtmlCache Behavior ::run [ RunTime:0.007511s ]
INFO: [ app_begin ] --END-- [ RunTime:0.007625s ]
ERR: 无法加载模块:Tcrbtn

[ 2015-11-13T13:57:55+08:00 ] 172.27.89.85 /xx/std.php/Tcrbtn/update
INFO: [ route_check ] --START--
INFO: CheckRoute Behavior ::run [ RunTime:0.008570s ]
INFO: [ route_check ] --END-- [ RunTime:0.008738s ]
INFO: [ app_begin ] --START--
INFO: ReadHtmlCache Behavior ::run [ RunTime:0.007691s ]
INFO: [ app_begin ] --END-- [ RunTime:0.007814s ]
ERR: 无法加载模块:Tcrbtn

[ 2015-11-13T13:57:58+08:00 ] 172.27.89.85 /xx/std.php/Tcrbtn/update
INFO: [ route_check ] --START--
INFO: CheckRoute Behavior ::run [ RunTime:0.007985s ]
INFO: [ route_check ] --END-- [ RunTime:0.008146s ]
INFO: [ app_begin ] --START--
INFO: ReadHtmlCache Behavior ::run [ RunTime:0.007405s ]
INFO: [ app_begin ] --END-- [ RunTime:0.007516s ]
ERR: 无法加载模块:Tcrbtn

[ 2015-11-13T13:57:58+08:00 ] 172.27.89.85 /xx/std.php/Tcrbtn/update
INFO: [ route_check ] --START--
INFO: CheckRoute Behavior ::run [ RunTime:0.008788s ]
INFO: [ route_check ] --END-- [ RunTime:0.008961s ]
INFO: [ app_begin ] --START--
INFO: ReadHtmlCache Behavior ::run [ RunTime:0.008788s ]
INFO: [ app_begin ] --END-- [ RunTime:0.009004s ]
ERR: 无法加载模块:Tcrbtn

[ 2015-11-13T13:57:59+08:00 ] 172.27.89.85 /xx/std.php/Cjzx/cxcj
INFO: [ route_check ] --START--
INFO: CheckRoute Behavior ::run [ RunTime:0.008241s ]
INFO: [ route_check ] --END-- [ RunTime:0.008399s ]
INFO: [ app_begin ] --START--
INFO: ReadHtmlCache Behavior ::run [ RunTime:0.007414s ]
INFO: [ app_begin ] --END-- [ RunTime:0.007537s ]
SQL: SHOW COLUMNS FROM `tb_grd` [ RunTime:0.002664s ]
SQL: SELECT * FROM `tb_grd` WHERE ( grdid=3 ) LIMIT 1   [ RunTime:0.000363s ]
SQL: SHOW COLUMNS FROM `tb_2014_std` [ RunTime:0.003668s ]
SQL: SELECT * FROM `tb_2014_std` WHERE ( stdid=653 ) LIMIT 1   [ RunTime:0.000207s ]
SQL: SELECT * FROM `tb_grd` WHERE ( grdid=3 ) LIMIT 1   [ RunTime:0.000132s ]
SQL: SHOW COLUMNS FROM `tb_xq` [ RunTime:0.002071s ]
SQL: SELECT * FROM `tb_xq` WHERE ( xqdq=1 ) LIMIT 1   [ RunTime:0.000592s ]
SQL: SELECT * FROM `tb_2014_std` inner join tb_2014_stdxqdm ON stdid=f_stdxqdm_stdid inner join tb_2014_stdxqcls ON stdid=f_stdxqcls_stdid inner join tb_2014_stdxqmj ON stdid=f_stdxqmj_stdid LEFT JOIN tb_stt ON f_std_sttid=sttid LEFT JOIN tb_grd ON f_std_grdid=grdid LEFT JOIN tb_2014_mj ON f_stdxqmj_mjid=mjid LEFT JOIN tb_bxxs ON f_mj_bxxsid=bxxsid LEFT JOIN tb_cc ON f_mj_ccid=ccid LEFT JOIN tb_kl ON f_mj_klid=klid LEFT JOIN tb_xxxs ON f_mj_xxxsid=xxxsid LEFT JOIN tb_zsfw ON f_mj_zsfwid=zsfwid LEFT JOIN tb_xz ON f_mj_xzid=xzid LEFT JOIN tb_2014_cls ON f_stdxqcls_clsid=clsid LEFT JOIN tb_dm ON f_stdxqdm_dmid=dmid LEFT JOIN tb_sex ON f_std_sexid=sexid LEFT JOIN tb_rc ON f_std_rcid=rcid LEFT JOIN tb_zzmm ON f_std_zzmmid=zzmmid LEFT JOIN tb_xl ON f_std_xlid=xlid LEFT JOIN tb_stat ON f_std_statid=statid LEFT JOIN tb_xq ON f_stdxqcls_xqid=xqid WHERE ( f_stdxqcls_xqid=3 AND f_stdxqmj_xqid=3 AND f_stdxqdm_xqid=3 AND stdid=653 ) LIMIT 1   [ RunTime:0.000276s ]
NOTIC: [2] Missing argument 1 for KZMBAction::setkzmb(), called in D:\Program Files\Apache Software Foundation\Apache2.2\htdocs\xx\std\Lib\Action\CjzxAction.class.php on line 89 and defined D:\Program Files\Apache Software Foundation\Apache2.2\htdocs\xx\std\Lib\KZMB\KZMBAction.class.php 第 3 行.
SQL: SELECT * FROM `tb_grd` WHERE ( grdid=3 ) LIMIT 1   [ RunTime:0.000155s ]
SQL: SHOW COLUMNS FROM `tb_2014_stdbtn` [ RunTime:0.002254s ]
SQL: SELECT * FROM `tb_2014_stdbtn` WHERE ( f_stdbtn_stdid=653 AND stdbtnnm='lft' ) LIMIT 1   [ RunTime:0.000572s ]
SQL: SELECT * FROM `tb_2014_stdbtn` WHERE ( f_stdbtn_stdid=653 AND stdbtnnm='bs' ) LIMIT 1   [ RunTime:0.000131s ]
NOTIC: [8] Undefined index:  xqid D:\Program Files\Apache Software Foundation\Apache2.2\htdocs\xx\std\Lib\Action\CjzxAction.class.php 第 93 行.
SQL: SELECT * FROM `tb_grd` WHERE ( grdid=3 ) LIMIT 1   [ RunTime:0.000122s ]
SQL: SHOW COLUMNS FROM `tb_2014_cjzx` [ RunTime:0.002610s ]
SQL: SELECT * FROM `tb_2014_cjzx` LEFT JOIN tb_xq ON f_cjzx_xqid=xqid LEFT JOIN tb_2014_pk ON f_cjzx_pkid=pkid LEFT JOIN tb_2014_kc ON f_pk_kcid=kcid LEFT JOIN tb_tcr ON f_pk_tcrid=tcrid WHERE ( f_cjzx_grdid=3 AND f_cjzx_stdid=653 ) ORDER BY xqnm ASC,pkzkkm ASC,kcnm ASC  [ RunTime:0.000530s ]
SQL: SELECT * FROM `tb_2014_std` WHERE ( stdid=653 ) LIMIT 1   [ RunTime:0.000175s ]
SQL: SELECT * FROM `tb_grd` WHERE ( grdid=3 ) LIMIT 1   [ RunTime:0.000164s ]
SQL: SHOW COLUMNS FROM `tb_2014_sttintxq` [ RunTime:0.002267s ]
SQL: SELECT * FROM `tb_2014_sttintxq` WHERE ( f_sttintxq_sttid=1 ) LIMIT 1   [ RunTime:0.000539s ]
SQL: SELECT * FROM `tb_xq` WHERE ( xqid>=1 ) ORDER BY xqid ASC LIMIT 0,10   [ RunTime:0.000131s ]
INFO: [ view_parse ] --START--
NOTIC: [8] Undefined variable: ntfstr D:\Program Files\Apache Software Foundation\Apache2.2\htdocs\xx\std\Runtime\Cache\924147b57af07085cf626e76a0a40509.php 第 61 行.
NOTIC: [8] Undefined index:  stdnn D:\Program Files\Apache Software Foundation\Apache2.2\htdocs\xx\std\Runtime\Cache\924147b57af07085cf626e76a0a40509.php 第 84 行.
INFO: ParseTemplate Behavior ::run [ RunTime:0.069929s ]
INFO: [ view_parse ] --END-- [ RunTime:0.070072s ]
INFO: [ view_filter ] --START--
INFO: ContentReplace Behavior ::run [ RunTime:0.007158s ]
INFO: TokenBuild Behavior ::run [ RunTime:0.007350s ]
INFO: WriteHtmlCache Behavior ::run [ RunTime:0.006857s ]
INFO: ShowRuntime Behavior ::run [ RunTime:0.007380s ]
INFO: [ view_filter ] --END-- [ RunTime:0.029066s ]
INFO: [ view_end ] --START--
INFO: ShowPageTrace Behavior ::run [ RunTime:0.007432s ]
INFO: [ view_end ] --END-- [ RunTime:0.007546s ]

