[ 2015-11-25T17:58:44+08:00 ] 203.208.60.173 /xx/std.php
INFO: [ app_begin ] --START--
INFO: ReadHtmlCache Behavior ::run [ RunTime:0.007425s ]
INFO: [ app_begin ] --END-- [ RunTime:0.007579s ]
INFO: [ view_parse ] --START--
INFO: ParseTemplate Behavior ::run [ RunTime:0.061573s ]
INFO: [ view_parse ] --END-- [ RunTime:0.061740s ]
INFO: [ view_filter ] --START--
INFO: ContentReplace Behavior ::run [ RunTime:0.007167s ]
INFO: TokenBuild Behavior ::run [ RunTime:0.007146s ]
INFO: WriteHtmlCache Behavior ::run [ RunTime:0.006886s ]
INFO: ShowRuntime Behavior ::run [ RunTime:0.007350s ]
INFO: [ view_filter ] --END-- [ RunTime:0.028869s ]
INFO: [ view_end ] --START--
INFO: ShowPageTrace Behavior ::run [ RunTime:0.007483s ]
INFO: [ view_end ] --END-- [ RunTime:0.007599s ]

[ 2015-11-25T19:14:08+08:00 ] 42.156.137.46 /xx/std.php
INFO: [ app_begin ] --START--
INFO: ReadHtmlCache Behavior ::run [ RunTime:0.007415s ]
INFO: [ app_begin ] --END-- [ RunTime:0.007569s ]
INFO: [ view_parse ] --START--
INFO: ParseTemplate Behavior ::run [ RunTime:0.060600s ]
INFO: [ view_parse ] --END-- [ RunTime:0.060765s ]
INFO: [ view_filter ] --START--
INFO: ContentReplace Behavior ::run [ RunTime:0.007169s ]
INFO: TokenBuild Behavior ::run [ RunTime:0.007121s ]
INFO: WriteHtmlCache Behavior ::run [ RunTime:0.006904s ]
INFO: ShowRuntime Behavior ::run [ RunTime:0.007392s ]
INFO: [ view_filter ] --END-- [ RunTime:0.029026s ]
INFO: [ view_end ] --START--
INFO: ShowPageTrace Behavior ::run [ RunTime:0.007464s ]
INFO: [ view_end ] --END-- [ RunTime:0.007580s ]

