[ 2015-10-26T06:58:26+08:00 ] 66.249.79.99 /xx/std.php
INFO: [ app_begin ] --START--
INFO: ReadHtmlCache Behavior ::run [ RunTime:0.007739s ]
INFO: [ app_begin ] --END-- [ RunTime:0.007895s ]
INFO: [ view_parse ] --START--
INFO: ParseTemplate Behavior ::run [ RunTime:0.054038s ]
INFO: [ view_parse ] --END-- [ RunTime:0.054193s ]
INFO: [ view_filter ] --START--
INFO: ContentReplace Behavior ::run [ RunTime:0.004192s ]
INFO: TokenBuild Behavior ::run [ RunTime:0.003994s ]
INFO: WriteHtmlCache Behavior ::run [ RunTime:0.006901s ]
INFO: ShowRuntime Behavior ::run [ RunTime:0.007510s ]
INFO: [ view_filter ] --END-- [ RunTime:0.022919s ]
INFO: [ view_end ] --START--
INFO: ShowPageTrace Behavior ::run [ RunTime:0.007496s ]
INFO: [ view_end ] --END-- [ RunTime:0.007613s ]

[ 2015-10-26T07:33:34+08:00 ] 66.249.74.38 /xx/std.php
INFO: [ app_begin ] --START--
INFO: ReadHtmlCache Behavior ::run [ RunTime:0.007517s ]
INFO: [ app_begin ] --END-- [ RunTime:0.007672s ]
INFO: [ view_parse ] --START--
INFO: ParseTemplate Behavior ::run [ RunTime:0.053294s ]
INFO: [ view_parse ] --END-- [ RunTime:0.053449s ]
INFO: [ view_filter ] --START--
INFO: ContentReplace Behavior ::run [ RunTime:0.004023s ]
INFO: TokenBuild Behavior ::run [ RunTime:0.004776s ]
INFO: WriteHtmlCache Behavior ::run [ RunTime:0.006913s ]
INFO: ShowRuntime Behavior ::run [ RunTime:0.007327s ]
INFO: [ view_filter ] --END-- [ RunTime:0.023371s ]
INFO: [ view_end ] --START--
INFO: ShowPageTrace Behavior ::run [ RunTime:0.007476s ]
INFO: [ view_end ] --END-- [ RunTime:0.007592s ]

