[ 2015-10-16T15:21:47+08:00 ] 172.27.90.67 /xx/std.php
INFO: [ app_begin ] --START--
INFO: ReadHtmlCache Behavior ::run [ RunTime:0.007431s ]
INFO: [ app_begin ] --END-- [ RunTime:0.007584s ]
INFO: [ view_parse ] --START--
INFO: ParseTemplate Behavior ::run [ RunTime:0.054669s ]
INFO: [ view_parse ] --END-- [ RunTime:0.054826s ]
INFO: [ view_filter ] --START--
INFO: ContentReplace Behavior ::run [ RunTime:0.007137s ]
INFO: TokenBuild Behavior ::run [ RunTime:0.007129s ]
INFO: WriteHtmlCache Behavior ::run [ RunTime:0.006880s ]
INFO: ShowRuntime Behavior ::run [ RunTime:0.007398s ]
INFO: [ view_filter ] --END-- [ RunTime:0.028863s ]
INFO: [ view_end ] --START--
INFO: ShowPageTrace Behavior ::run [ RunTime:0.007465s ]
INFO: [ view_end ] --END-- [ RunTime:0.007580s ]

[ 2015-10-16T15:22:05+08:00 ] 172.27.90.67 /xx/std.php/Std/loginin
INFO: [ route_check ] --START--
INFO: CheckRoute Behavior ::run [ RunTime:0.004995s ]
INFO: [ route_check ] --END-- [ RunTime:0.005151s ]
INFO: [ app_begin ] --START--
INFO: ReadHtmlCache Behavior ::run [ RunTime:0.004243s ]
INFO: [ app_begin ] --END-- [ RunTime:0.004352s ]
SQL: SHOW COLUMNS FROM `tb_grd` [ RunTime:0.002328s ]
SQL: SELECT * FROM `tb_grd` ORDER BY grdnm DESC  [ RunTime:0.000567s ]
SQL: SHOW COLUMNS FROM `tb_2015_std` [ RunTime:0.003427s ]
SQL: SELECT * FROM `tb_2015_std` LEFT JOIN tb_grd ON f_std_grdid=grdid WHERE ( stdnm='孙艺芷' ) LIMIT 1   [ RunTime:0.002259s ]
SQL: SHOW COLUMNS FROM `tb_2014_std` [ RunTime:0.003865s ]
SQL: SELECT * FROM `tb_2014_std` LEFT JOIN tb_grd ON f_std_grdid=grdid WHERE ( stdnm='孙艺芷' ) LIMIT 1   [ RunTime:0.003523s ]
SQL: SHOW COLUMNS FROM `tb_2013_std` [ RunTime:0.004042s ]
SQL: SELECT * FROM `tb_2013_std` LEFT JOIN tb_grd ON f_std_grdid=grdid WHERE ( stdnm='孙艺芷' ) LIMIT 1   [ RunTime:0.001916s ]
SQL: SHOW COLUMNS FROM `tb_2012_std` [ RunTime:0.002891s ]
ERR: 1146:Table 'db_xx.tb_2012_std' doesn't exist
 [ SQL语句 ] : SHOW COLUMNS FROM `tb_2012_std`
SQL: SELECT * FROM `tb_2012_std` LEFT JOIN tb_grd ON f_std_grdid=grdid WHERE ( stdnm='孙艺芷' ) LIMIT 1   [ RunTime:0.000538s ]
ERR: 1146:Table 'db_xx.tb_2012_std' doesn't exist
 [ SQL语句 ] : SELECT * FROM `tb_2012_std` LEFT JOIN tb_grd ON f_std_grdid=grdid WHERE ( stdnm='孙艺芷' ) LIMIT 1  
SQL: SELECT * FROM `tb_2014_std` WHERE ( stdnm='孙艺芷' AND stdno='14004340224' AND f_std_statid=5 ) LIMIT 1   [ RunTime:0.003438s ]
SQL: SELECT * FROM `tb_2014_std` WHERE ( stdnm='孙艺芷' AND stdno='14004340224' ) LIMIT 1   [ RunTime:0.003376s ]

[ 2015-10-16T15:22:05+08:00 ] 172.27.90.67 /xx/std.php
INFO: [ app_begin ] --START--
INFO: ReadHtmlCache Behavior ::run [ RunTime:0.001172s ]
INFO: [ app_begin ] --END-- [ RunTime:0.001330s ]
SQL: SHOW COLUMNS FROM `tb_grd` [ RunTime:0.002283s ]
SQL: SELECT * FROM `tb_grd` WHERE ( grdid=3 ) LIMIT 1   [ RunTime:0.000456s ]
SQL: SHOW COLUMNS FROM `tb_2014_std` [ RunTime:0.003560s ]
SQL: SELECT * FROM `tb_2014_std` WHERE ( stdid=653 ) LIMIT 1   [ RunTime:0.000448s ]
SQL: SELECT * FROM `tb_grd` WHERE ( grdid=3 ) LIMIT 1   [ RunTime:0.000130s ]
SQL: SHOW COLUMNS FROM `tb_xq` [ RunTime:0.002173s ]
SQL: SELECT * FROM `tb_xq` WHERE ( xqdq=1 ) LIMIT 1   [ RunTime:0.000597s ]
SQL: SELECT * FROM `tb_2014_std` inner join tb_2014_stdxqdm ON stdid=f_stdxqdm_stdid inner join tb_2014_stdxqcls ON stdid=f_stdxqcls_stdid inner join tb_2014_stdxqmj ON stdid=f_stdxqmj_stdid LEFT JOIN tb_stt ON f_std_sttid=sttid LEFT JOIN tb_grd ON f_std_grdid=grdid LEFT JOIN tb_2014_mj ON f_stdxqmj_mjid=mjid LEFT JOIN tb_bxxs ON f_mj_bxxsid=bxxsid LEFT JOIN tb_cc ON f_mj_ccid=ccid LEFT JOIN tb_kl ON f_mj_klid=klid LEFT JOIN tb_xxxs ON f_mj_xxxsid=xxxsid LEFT JOIN tb_zsfw ON f_mj_zsfwid=zsfwid LEFT JOIN tb_xz ON f_mj_xzid=xzid LEFT JOIN tb_2014_cls ON f_stdxqcls_clsid=clsid LEFT JOIN tb_dm ON f_stdxqdm_dmid=dmid LEFT JOIN tb_sex ON f_std_sexid=sexid LEFT JOIN tb_rc ON f_std_rcid=rcid LEFT JOIN tb_zzmm ON f_std_zzmmid=zzmmid LEFT JOIN tb_xl ON f_std_xlid=xlid LEFT JOIN tb_stat ON f_std_statid=statid LEFT JOIN tb_xq ON f_stdxqcls_xqid=xqid WHERE ( f_stdxqcls_xqid=3 AND f_stdxqmj_xqid=3 AND f_stdxqdm_xqid=3 AND stdid=653 ) LIMIT 1   [ RunTime:0.006014s ]
NOTIC: [2] Missing argument 1 for KZMBAction::setkzmb(), called in D:\Program Files\Apache Software Foundation\Apache2.2\htdocs\xx\std\Lib\Action\IndexAction.class.php on line 23 and defined D:\Program Files\Apache Software Foundation\Apache2.2\htdocs\xx\std\Lib\KZMB\KZMBAction.class.php 第 3 行.
SQL: SELECT * FROM `tb_grd` WHERE ( grdid=3 ) LIMIT 1   [ RunTime:0.000194s ]
SQL: SHOW COLUMNS FROM `tb_2014_stdbtn` [ RunTime:0.002762s ]
SQL: SELECT * FROM `tb_2014_stdbtn` WHERE ( f_stdbtn_stdid=653 AND stdbtnnm='lft' ) LIMIT 1   [ RunTime:0.000780s ]
SQL: SELECT * FROM `tb_2014_stdbtn` WHERE ( f_stdbtn_stdid=653 AND stdbtnnm='bs' ) LIMIT 1   [ RunTime:0.000235s ]
INFO: [ view_parse ] --START--
NOTIC: [8] Undefined variable: ntfstr D:\Program Files\Apache Software Foundation\Apache2.2\htdocs\xx\std\Runtime\Cache\9c288f5594010517c700781ca130ef0a.php 第 61 行.
NOTIC: [8] Undefined index:  stdnn D:\Program Files\Apache Software Foundation\Apache2.2\htdocs\xx\std\Runtime\Cache\9c288f5594010517c700781ca130ef0a.php 第 84 行.
NOTIC: [8] Undefined variable: cxcjcls D:\Program Files\Apache Software Foundation\Apache2.2\htdocs\xx\std\Runtime\Cache\9c288f5594010517c700781ca130ef0a.php 第 156 行.
INFO: ParseTemplate Behavior ::run [ RunTime:0.050462s ]
INFO: [ view_parse ] --END-- [ RunTime:0.050599s ]
INFO: [ view_filter ] --START--
INFO: ContentReplace Behavior ::run [ RunTime:0.007396s ]
INFO: TokenBuild Behavior ::run [ RunTime:0.007047s ]
INFO: WriteHtmlCache Behavior ::run [ RunTime:0.006955s ]
INFO: ShowRuntime Behavior ::run [ RunTime:0.007198s ]
INFO: [ view_filter ] --END-- [ RunTime:0.028919s ]
INFO: [ view_end ] --START--
INFO: ShowPageTrace Behavior ::run [ RunTime:0.007628s ]
INFO: [ view_end ] --END-- [ RunTime:0.007744s ]

[ 2015-10-16T15:22:09+08:00 ] 172.27.90.67 /xx/std.php/Cjzx/cxbxqcj
INFO: [ route_check ] --START--
INFO: CheckRoute Behavior ::run [ RunTime:0.001747s ]
INFO: [ route_check ] --END-- [ RunTime:0.001900s ]
INFO: [ app_begin ] --START--
INFO: ReadHtmlCache Behavior ::run [ RunTime:0.001121s ]
INFO: [ app_begin ] --END-- [ RunTime:0.001241s ]
SQL: SHOW COLUMNS FROM `tb_grd` [ RunTime:0.002702s ]
SQL: SELECT * FROM `tb_grd` WHERE ( grdid=3 ) LIMIT 1   [ RunTime:0.000400s ]
SQL: SHOW COLUMNS FROM `tb_2014_std` [ RunTime:0.003753s ]
SQL: SELECT * FROM `tb_2014_std` WHERE ( stdid=653 ) LIMIT 1   [ RunTime:0.000229s ]
SQL: SELECT * FROM `tb_grd` WHERE ( grdid=3 ) LIMIT 1   [ RunTime:0.000132s ]
SQL: SHOW COLUMNS FROM `tb_xq` [ RunTime:0.002073s ]
SQL: SELECT * FROM `tb_xq` WHERE ( xqdq=1 ) LIMIT 1   [ RunTime:0.000536s ]
SQL: SELECT * FROM `tb_2014_std` inner join tb_2014_stdxqdm ON stdid=f_stdxqdm_stdid inner join tb_2014_stdxqcls ON stdid=f_stdxqcls_stdid inner join tb_2014_stdxqmj ON stdid=f_stdxqmj_stdid LEFT JOIN tb_stt ON f_std_sttid=sttid LEFT JOIN tb_grd ON f_std_grdid=grdid LEFT JOIN tb_2014_mj ON f_stdxqmj_mjid=mjid LEFT JOIN tb_bxxs ON f_mj_bxxsid=bxxsid LEFT JOIN tb_cc ON f_mj_ccid=ccid LEFT JOIN tb_kl ON f_mj_klid=klid LEFT JOIN tb_xxxs ON f_mj_xxxsid=xxxsid LEFT JOIN tb_zsfw ON f_mj_zsfwid=zsfwid LEFT JOIN tb_xz ON f_mj_xzid=xzid LEFT JOIN tb_2014_cls ON f_stdxqcls_clsid=clsid LEFT JOIN tb_dm ON f_stdxqdm_dmid=dmid LEFT JOIN tb_sex ON f_std_sexid=sexid LEFT JOIN tb_rc ON f_std_rcid=rcid LEFT JOIN tb_zzmm ON f_std_zzmmid=zzmmid LEFT JOIN tb_xl ON f_std_xlid=xlid LEFT JOIN tb_stat ON f_std_statid=statid LEFT JOIN tb_xq ON f_stdxqcls_xqid=xqid WHERE ( f_stdxqcls_xqid=3 AND f_stdxqmj_xqid=3 AND f_stdxqdm_xqid=3 AND stdid=653 ) LIMIT 1   [ RunTime:0.000274s ]
NOTIC: [2] Missing argument 1 for KZMBAction::setkzmb(), called in D:\Program Files\Apache Software Foundation\Apache2.2\htdocs\xx\std\Lib\Action\CjzxAction.class.php on line 14 and defined D:\Program Files\Apache Software Foundation\Apache2.2\htdocs\xx\std\Lib\KZMB\KZMBAction.class.php 第 3 行.
SQL: SELECT * FROM `tb_grd` WHERE ( grdid=3 ) LIMIT 1   [ RunTime:0.000170s ]
SQL: SHOW COLUMNS FROM `tb_2014_stdbtn` [ RunTime:0.019578s ]
SQL: SELECT * FROM `tb_2014_stdbtn` WHERE ( f_stdbtn_stdid=653 AND stdbtnnm='lft' ) LIMIT 1   [ RunTime:0.000458s ]
SQL: SELECT * FROM `tb_2014_stdbtn` WHERE ( f_stdbtn_stdid=653 AND stdbtnnm='bs' ) LIMIT 1   [ RunTime:0.000131s ]
SQL: SELECT * FROM `tb_grd` WHERE ( grdid=3 ) LIMIT 1   [ RunTime:0.000122s ]
SQL: SELECT * FROM `tb_xq` WHERE ( xqdq=1 ) LIMIT 1   [ RunTime:0.000121s ]
SQL: SHOW COLUMNS FROM `tb_2014_cjzx` [ RunTime:0.003088s ]
SQL: SELECT * FROM `tb_2014_cjzx` LEFT JOIN tb_2014_pk ON f_cjzx_pkid=pkid LEFT JOIN tb_2014_kc ON f_pk_kcid=kcid LEFT JOIN tb_tcr ON f_pk_tcrid=tcrid WHERE ( f_cjzx_grdid=3 AND f_cjzx_stdid=653 AND f_cjzx_xqid=3 ) ORDER BY pkzkkm ASC,kcnm ASC  [ RunTime:0.010075s ]
NOTIC: [2] Invalid argument supplied for foreach() D:\Program Files\Apache Software Foundation\Apache2.2\htdocs\xx\std\Lib\Action\CjzxAction.class.php 第 33 行.
INFO: [ view_parse ] --START--
NOTIC: [8] Undefined variable: ntfstr D:\Program Files\Apache Software Foundation\Apache2.2\htdocs\xx\std\Runtime\Cache\68168f11e33e9bc593b86b7881014cb3.php 第 61 行.
NOTIC: [8] Undefined index:  stdnn D:\Program Files\Apache Software Foundation\Apache2.2\htdocs\xx\std\Runtime\Cache\68168f11e33e9bc593b86b7881014cb3.php 第 84 行.
NOTIC: [8] Undefined variable: cxcjcls D:\Program Files\Apache Software Foundation\Apache2.2\htdocs\xx\std\Runtime\Cache\68168f11e33e9bc593b86b7881014cb3.php 第 156 行.
INFO: ParseTemplate Behavior ::run [ RunTime:0.039902s ]
INFO: [ view_parse ] --END-- [ RunTime:0.040064s ]
INFO: [ view_filter ] --START--
INFO: ContentReplace Behavior ::run [ RunTime:0.007130s ]
INFO: TokenBuild Behavior ::run [ RunTime:0.007607s ]
INFO: WriteHtmlCache Behavior ::run [ RunTime:0.006869s ]
INFO: ShowRuntime Behavior ::run [ RunTime:0.007222s ]
INFO: [ view_filter ] --END-- [ RunTime:0.029157s ]
INFO: [ view_end ] --START--
INFO: ShowPageTrace Behavior ::run [ RunTime:0.007438s ]
INFO: [ view_end ] --END-- [ RunTime:0.007550s ]

[ 2015-10-16T15:22:16+08:00 ] 172.27.90.67 /xx/std.php/Cjzx/cxcj
INFO: [ route_check ] --START--
INFO: CheckRoute Behavior ::run [ RunTime:0.001632s ]
INFO: [ route_check ] --END-- [ RunTime:0.001783s ]
INFO: [ app_begin ] --START--
INFO: ReadHtmlCache Behavior ::run [ RunTime:0.001113s ]
INFO: [ app_begin ] --END-- [ RunTime:0.001232s ]
SQL: SHOW COLUMNS FROM `tb_grd` [ RunTime:0.002297s ]
SQL: SELECT * FROM `tb_grd` WHERE ( grdid=3 ) LIMIT 1   [ RunTime:0.000471s ]
SQL: SHOW COLUMNS FROM `tb_2014_std` [ RunTime:0.003519s ]
SQL: SELECT * FROM `tb_2014_std` WHERE ( stdid=653 ) LIMIT 1   [ RunTime:0.000438s ]
SQL: SELECT * FROM `tb_grd` WHERE ( grdid=3 ) LIMIT 1   [ RunTime:0.000169s ]
SQL: SHOW COLUMNS FROM `tb_xq` [ RunTime:0.002198s ]
SQL: SELECT * FROM `tb_xq` WHERE ( xqdq=1 ) LIMIT 1   [ RunTime:0.000545s ]
SQL: SELECT * FROM `tb_2014_std` inner join tb_2014_stdxqdm ON stdid=f_stdxqdm_stdid inner join tb_2014_stdxqcls ON stdid=f_stdxqcls_stdid inner join tb_2014_stdxqmj ON stdid=f_stdxqmj_stdid LEFT JOIN tb_stt ON f_std_sttid=sttid LEFT JOIN tb_grd ON f_std_grdid=grdid LEFT JOIN tb_2014_mj ON f_stdxqmj_mjid=mjid LEFT JOIN tb_bxxs ON f_mj_bxxsid=bxxsid LEFT JOIN tb_cc ON f_mj_ccid=ccid LEFT JOIN tb_kl ON f_mj_klid=klid LEFT JOIN tb_xxxs ON f_mj_xxxsid=xxxsid LEFT JOIN tb_zsfw ON f_mj_zsfwid=zsfwid LEFT JOIN tb_xz ON f_mj_xzid=xzid LEFT JOIN tb_2014_cls ON f_stdxqcls_clsid=clsid LEFT JOIN tb_dm ON f_stdxqdm_dmid=dmid LEFT JOIN tb_sex ON f_std_sexid=sexid LEFT JOIN tb_rc ON f_std_rcid=rcid LEFT JOIN tb_zzmm ON f_std_zzmmid=zzmmid LEFT JOIN tb_xl ON f_std_xlid=xlid LEFT JOIN tb_stat ON f_std_statid=statid LEFT JOIN tb_xq ON f_stdxqcls_xqid=xqid WHERE ( f_stdxqcls_xqid=3 AND f_stdxqmj_xqid=3 AND f_stdxqdm_xqid=3 AND stdid=653 ) LIMIT 1   [ RunTime:0.000276s ]
NOTIC: [2] Missing argument 1 for KZMBAction::setkzmb(), called in D:\Program Files\Apache Software Foundation\Apache2.2\htdocs\xx\std\Lib\Action\CjzxAction.class.php on line 89 and defined D:\Program Files\Apache Software Foundation\Apache2.2\htdocs\xx\std\Lib\KZMB\KZMBAction.class.php 第 3 行.
SQL: SELECT * FROM `tb_grd` WHERE ( grdid=3 ) LIMIT 1   [ RunTime:0.000139s ]
SQL: SHOW COLUMNS FROM `tb_2014_stdbtn` [ RunTime:0.003700s ]
SQL: SELECT * FROM `tb_2014_stdbtn` WHERE ( f_stdbtn_stdid=653 AND stdbtnnm='lft' ) LIMIT 1   [ RunTime:0.000165s ]
SQL: SELECT * FROM `tb_2014_stdbtn` WHERE ( f_stdbtn_stdid=653 AND stdbtnnm='bs' ) LIMIT 1   [ RunTime:0.000126s ]
NOTIC: [8] Undefined index:  xqid D:\Program Files\Apache Software Foundation\Apache2.2\htdocs\xx\std\Lib\Action\CjzxAction.class.php 第 93 行.
SQL: SELECT * FROM `tb_grd` WHERE ( grdid=3 ) LIMIT 1   [ RunTime:0.000124s ]
SQL: SHOW COLUMNS FROM `tb_2014_cjzx` [ RunTime:0.002705s ]
SQL: SELECT * FROM `tb_2014_cjzx` LEFT JOIN tb_xq ON f_cjzx_xqid=xqid LEFT JOIN tb_2014_pk ON f_cjzx_pkid=pkid LEFT JOIN tb_2014_kc ON f_pk_kcid=kcid LEFT JOIN tb_tcr ON f_pk_tcrid=tcrid WHERE ( f_cjzx_grdid=3 AND f_cjzx_stdid=653 ) ORDER BY xqnm ASC,pkzkkm ASC,kcnm ASC  [ RunTime:0.010113s ]
SQL: SELECT * FROM `tb_2014_std` WHERE ( stdid=653 ) LIMIT 1   [ RunTime:0.000205s ]
SQL: SELECT * FROM `tb_grd` WHERE ( grdid=3 ) LIMIT 1   [ RunTime:0.000145s ]
SQL: SHOW COLUMNS FROM `tb_2014_sttintxq` [ RunTime:0.002682s ]
SQL: SELECT * FROM `tb_2014_sttintxq` WHERE ( f_sttintxq_sttid=1 ) LIMIT 1   [ RunTime:0.000594s ]
SQL: SELECT * FROM `tb_xq` WHERE ( xqid>=1 ) ORDER BY xqid ASC LIMIT 0,10   [ RunTime:0.000133s ]
INFO: [ view_parse ] --START--
NOTIC: [8] Undefined variable: ntfstr D:\Program Files\Apache Software Foundation\Apache2.2\htdocs\xx\std\Runtime\Cache\924147b57af07085cf626e76a0a40509.php 第 61 行.
NOTIC: [8] Undefined index:  stdnn D:\Program Files\Apache Software Foundation\Apache2.2\htdocs\xx\std\Runtime\Cache\924147b57af07085cf626e76a0a40509.php 第 84 行.
INFO: ParseTemplate Behavior ::run [ RunTime:0.046007s ]
INFO: [ view_parse ] --END-- [ RunTime:0.046155s ]
INFO: [ view_filter ] --START--
INFO: ContentReplace Behavior ::run [ RunTime:0.007211s ]
INFO: TokenBuild Behavior ::run [ RunTime:0.007232s ]
INFO: WriteHtmlCache Behavior ::run [ RunTime:0.006909s ]
INFO: ShowRuntime Behavior ::run [ RunTime:0.007190s ]
INFO: [ view_filter ] --END-- [ RunTime:0.028864s ]
INFO: [ view_end ] --START--
INFO: ShowPageTrace Behavior ::run [ RunTime:0.008334s ]
INFO: [ view_end ] --END-- [ RunTime:0.008463s ]

[ 2015-10-16T15:22:46+08:00 ] 172.27.90.67 /xx/std.php/Std/loginout
INFO: [ route_check ] --START--
INFO: CheckRoute Behavior ::run [ RunTime:0.001641s ]
INFO: [ route_check ] --END-- [ RunTime:0.001794s ]
INFO: [ app_begin ] --START--
INFO: ReadHtmlCache Behavior ::run [ RunTime:0.001106s ]
INFO: [ app_begin ] --END-- [ RunTime:0.001213s ]

[ 2015-10-16T15:22:47+08:00 ] 172.27.90.67 /xx/std.php
INFO: [ app_begin ] --START--
INFO: ReadHtmlCache Behavior ::run [ RunTime:0.001151s ]
INFO: [ app_begin ] --END-- [ RunTime:0.001303s ]
INFO: [ view_parse ] --START--
INFO: ParseTemplate Behavior ::run [ RunTime:0.036188s ]
INFO: [ view_parse ] --END-- [ RunTime:0.036342s ]
INFO: [ view_filter ] --START--
INFO: ContentReplace Behavior ::run [ RunTime:0.007099s ]
INFO: TokenBuild Behavior ::run [ RunTime:0.007067s ]
INFO: WriteHtmlCache Behavior ::run [ RunTime:0.006846s ]
INFO: ShowRuntime Behavior ::run [ RunTime:0.008894s ]
INFO: [ view_filter ] --END-- [ RunTime:0.030278s ]
INFO: [ view_end ] --START--
INFO: ShowPageTrace Behavior ::run [ RunTime:0.008814s ]
INFO: [ view_end ] --END-- [ RunTime:0.008990s ]

[ 2015-10-16T15:23:01+08:00 ] 172.27.90.67 /xx/std.php/Std/loginin
INFO: [ route_check ] --START--
INFO: CheckRoute Behavior ::run [ RunTime:0.008219s ]
INFO: [ route_check ] --END-- [ RunTime:0.008384s ]
INFO: [ app_begin ] --START--
INFO: ReadHtmlCache Behavior ::run [ RunTime:0.004479s ]
INFO: [ app_begin ] --END-- [ RunTime:0.004595s ]
SQL: SHOW COLUMNS FROM `tb_grd` [ RunTime:0.002362s ]
SQL: SELECT * FROM `tb_grd` ORDER BY grdnm DESC  [ RunTime:0.000512s ]
SQL: SHOW COLUMNS FROM `tb_2015_std` [ RunTime:0.003526s ]
SQL: SELECT * FROM `tb_2015_std` LEFT JOIN tb_grd ON f_std_grdid=grdid WHERE ( stdnm='周汝萍' ) LIMIT 1   [ RunTime:0.002254s ]
SQL: SHOW COLUMNS FROM `tb_2014_std` [ RunTime:0.003608s ]
SQL: SELECT * FROM `tb_2014_std` LEFT JOIN tb_grd ON f_std_grdid=grdid WHERE ( stdnm='周汝萍' ) LIMIT 1   [ RunTime:0.006233s ]
SQL: SHOW COLUMNS FROM `tb_2013_std` [ RunTime:0.004767s ]
SQL: SELECT * FROM `tb_2013_std` LEFT JOIN tb_grd ON f_std_grdid=grdid WHERE ( stdnm='周汝萍' ) LIMIT 1   [ RunTime:0.002054s ]
SQL: SHOW COLUMNS FROM `tb_2012_std` [ RunTime:0.003398s ]
ERR: 1146:Table 'db_xx.tb_2012_std' doesn't exist
 [ SQL语句 ] : SHOW COLUMNS FROM `tb_2012_std`
SQL: SELECT * FROM `tb_2012_std` LEFT JOIN tb_grd ON f_std_grdid=grdid WHERE ( stdnm='周汝萍' ) LIMIT 1   [ RunTime:0.000581s ]
ERR: 1146:Table 'db_xx.tb_2012_std' doesn't exist
 [ SQL语句 ] : SELECT * FROM `tb_2012_std` LEFT JOIN tb_grd ON f_std_grdid=grdid WHERE ( stdnm='周汝萍' ) LIMIT 1  
SQL: SELECT * FROM `tb_2014_std` WHERE ( stdnm='周汝萍' AND stdno='14004340233' AND f_std_statid=5 ) LIMIT 1   [ RunTime:0.003564s ]
SQL: SELECT * FROM `tb_2014_std` WHERE ( stdnm='周汝萍' AND stdno='14004340233' ) LIMIT 1   [ RunTime:0.003458s ]

[ 2015-10-16T15:23:01+08:00 ] 172.27.90.67 /xx/std.php
INFO: [ app_begin ] --START--
INFO: ReadHtmlCache Behavior ::run [ RunTime:0.002716s ]
INFO: [ app_begin ] --END-- [ RunTime:0.002866s ]
SQL: SHOW COLUMNS FROM `tb_grd` [ RunTime:0.002513s ]
SQL: SELECT * FROM `tb_grd` WHERE ( grdid=3 ) LIMIT 1   [ RunTime:0.000393s ]
SQL: SHOW COLUMNS FROM `tb_2014_std` [ RunTime:0.003717s ]
SQL: SELECT * FROM `tb_2014_std` WHERE ( stdid=672 ) LIMIT 1   [ RunTime:0.000759s ]
SQL: SELECT * FROM `tb_grd` WHERE ( grdid=3 ) LIMIT 1   [ RunTime:0.000133s ]
SQL: SHOW COLUMNS FROM `tb_xq` [ RunTime:0.002161s ]
SQL: SELECT * FROM `tb_xq` WHERE ( xqdq=1 ) LIMIT 1   [ RunTime:0.000586s ]
SQL: SELECT * FROM `tb_2014_std` inner join tb_2014_stdxqdm ON stdid=f_stdxqdm_stdid inner join tb_2014_stdxqcls ON stdid=f_stdxqcls_stdid inner join tb_2014_stdxqmj ON stdid=f_stdxqmj_stdid LEFT JOIN tb_stt ON f_std_sttid=sttid LEFT JOIN tb_grd ON f_std_grdid=grdid LEFT JOIN tb_2014_mj ON f_stdxqmj_mjid=mjid LEFT JOIN tb_bxxs ON f_mj_bxxsid=bxxsid LEFT JOIN tb_cc ON f_mj_ccid=ccid LEFT JOIN tb_kl ON f_mj_klid=klid LEFT JOIN tb_xxxs ON f_mj_xxxsid=xxxsid LEFT JOIN tb_zsfw ON f_mj_zsfwid=zsfwid LEFT JOIN tb_xz ON f_mj_xzid=xzid LEFT JOIN tb_2014_cls ON f_stdxqcls_clsid=clsid LEFT JOIN tb_dm ON f_stdxqdm_dmid=dmid LEFT JOIN tb_sex ON f_std_sexid=sexid LEFT JOIN tb_rc ON f_std_rcid=rcid LEFT JOIN tb_zzmm ON f_std_zzmmid=zzmmid LEFT JOIN tb_xl ON f_std_xlid=xlid LEFT JOIN tb_stat ON f_std_statid=statid LEFT JOIN tb_xq ON f_stdxqcls_xqid=xqid WHERE ( f_stdxqcls_xqid=3 AND f_stdxqmj_xqid=3 AND f_stdxqdm_xqid=3 AND stdid=672 ) LIMIT 1   [ RunTime:0.004048s ]
NOTIC: [2] Missing argument 1 for KZMBAction::setkzmb(), called in D:\Program Files\Apache Software Foundation\Apache2.2\htdocs\xx\std\Lib\Action\IndexAction.class.php on line 23 and defined D:\Program Files\Apache Software Foundation\Apache2.2\htdocs\xx\std\Lib\KZMB\KZMBAction.class.php 第 3 行.
SQL: SELECT * FROM `tb_grd` WHERE ( grdid=3 ) LIMIT 1   [ RunTime:0.000163s ]
SQL: SHOW COLUMNS FROM `tb_2014_stdbtn` [ RunTime:0.002335s ]
SQL: SELECT * FROM `tb_2014_stdbtn` WHERE ( f_stdbtn_stdid=672 AND stdbtnnm='lft' ) LIMIT 1   [ RunTime:0.000723s ]
SQL: SELECT * FROM `tb_2014_stdbtn` WHERE ( f_stdbtn_stdid=672 AND stdbtnnm='bs' ) LIMIT 1   [ RunTime:0.000231s ]
INFO: [ view_parse ] --START--
NOTIC: [8] Undefined variable: ntfstr D:\Program Files\Apache Software Foundation\Apache2.2\htdocs\xx\std\Runtime\Cache\9c288f5594010517c700781ca130ef0a.php 第 61 行.
NOTIC: [8] Undefined index:  stdnn D:\Program Files\Apache Software Foundation\Apache2.2\htdocs\xx\std\Runtime\Cache\9c288f5594010517c700781ca130ef0a.php 第 84 行.
NOTIC: [8] Undefined variable: cxcjcls D:\Program Files\Apache Software Foundation\Apache2.2\htdocs\xx\std\Runtime\Cache\9c288f5594010517c700781ca130ef0a.php 第 156 行.
INFO: ParseTemplate Behavior ::run [ RunTime:0.059251s ]
INFO: [ view_parse ] --END-- [ RunTime:0.059401s ]
INFO: [ view_filter ] --START--
INFO: ContentReplace Behavior ::run [ RunTime:0.004029s ]
INFO: TokenBuild Behavior ::run [ RunTime:0.003964s ]
INFO: WriteHtmlCache Behavior ::run [ RunTime:0.006916s ]
INFO: ShowRuntime Behavior ::run [ RunTime:0.007218s ]
INFO: [ view_filter ] --END-- [ RunTime:0.022441s ]
INFO: [ view_end ] --START--
INFO: ShowPageTrace Behavior ::run [ RunTime:0.007923s ]
INFO: [ view_end ] --END-- [ RunTime:0.008043s ]

[ 2015-10-16T15:23:04+08:00 ] 172.27.90.67 /xx/std.php/Cjzx/cxlncj
INFO: [ route_check ] --START--
INFO: CheckRoute Behavior ::run [ RunTime:0.008109s ]
INFO: [ route_check ] --END-- [ RunTime:0.008270s ]
INFO: [ app_begin ] --START--
INFO: ReadHtmlCache Behavior ::run [ RunTime:0.008090s ]
INFO: [ app_begin ] --END-- [ RunTime:0.008231s ]
SQL: SHOW COLUMNS FROM `tb_grd` [ RunTime:0.002287s ]
SQL: SELECT * FROM `tb_grd` WHERE ( grdid=3 ) LIMIT 1   [ RunTime:0.000452s ]
SQL: SHOW COLUMNS FROM `tb_2014_std` [ RunTime:0.003661s ]
SQL: SELECT * FROM `tb_2014_std` WHERE ( stdid=672 ) LIMIT 1   [ RunTime:0.000215s ]
SQL: SELECT * FROM `tb_grd` WHERE ( grdid=3 ) LIMIT 1   [ RunTime:0.000133s ]
SQL: SHOW COLUMNS FROM `tb_xq` [ RunTime:0.002054s ]
SQL: SELECT * FROM `tb_xq` WHERE ( xqdq=1 ) LIMIT 1   [ RunTime:0.000601s ]
SQL: SELECT * FROM `tb_2014_std` inner join tb_2014_stdxqdm ON stdid=f_stdxqdm_stdid inner join tb_2014_stdxqcls ON stdid=f_stdxqcls_stdid inner join tb_2014_stdxqmj ON stdid=f_stdxqmj_stdid LEFT JOIN tb_stt ON f_std_sttid=sttid LEFT JOIN tb_grd ON f_std_grdid=grdid LEFT JOIN tb_2014_mj ON f_stdxqmj_mjid=mjid LEFT JOIN tb_bxxs ON f_mj_bxxsid=bxxsid LEFT JOIN tb_cc ON f_mj_ccid=ccid LEFT JOIN tb_kl ON f_mj_klid=klid LEFT JOIN tb_xxxs ON f_mj_xxxsid=xxxsid LEFT JOIN tb_zsfw ON f_mj_zsfwid=zsfwid LEFT JOIN tb_xz ON f_mj_xzid=xzid LEFT JOIN tb_2014_cls ON f_stdxqcls_clsid=clsid LEFT JOIN tb_dm ON f_stdxqdm_dmid=dmid LEFT JOIN tb_sex ON f_std_sexid=sexid LEFT JOIN tb_rc ON f_std_rcid=rcid LEFT JOIN tb_zzmm ON f_std_zzmmid=zzmmid LEFT JOIN tb_xl ON f_std_xlid=xlid LEFT JOIN tb_stat ON f_std_statid=statid LEFT JOIN tb_xq ON f_stdxqcls_xqid=xqid WHERE ( f_stdxqcls_xqid=3 AND f_stdxqmj_xqid=3 AND f_stdxqdm_xqid=3 AND stdid=672 ) LIMIT 1   [ RunTime:0.000275s ]
NOTIC: [2] Missing argument 1 for KZMBAction::setkzmb(), called in D:\Program Files\Apache Software Foundation\Apache2.2\htdocs\xx\std\Lib\Action\CjzxAction.class.php on line 53 and defined D:\Program Files\Apache Software Foundation\Apache2.2\htdocs\xx\std\Lib\KZMB\KZMBAction.class.php 第 3 行.
SQL: SELECT * FROM `tb_grd` WHERE ( grdid=3 ) LIMIT 1   [ RunTime:0.000166s ]
SQL: SHOW COLUMNS FROM `tb_2014_stdbtn` [ RunTime:0.002251s ]
SQL: SELECT * FROM `tb_2014_stdbtn` WHERE ( f_stdbtn_stdid=672 AND stdbtnnm='lft' ) LIMIT 1   [ RunTime:0.000599s ]
SQL: SELECT * FROM `tb_2014_stdbtn` WHERE ( f_stdbtn_stdid=672 AND stdbtnnm='bs' ) LIMIT 1   [ RunTime:0.000131s ]
SQL: SELECT * FROM `tb_grd` WHERE ( grdid=3 ) LIMIT 1   [ RunTime:0.000122s ]
SQL: SHOW COLUMNS FROM `tb_2014_cjzx` [ RunTime:0.002658s ]
SQL: SELECT * FROM `tb_2014_cjzx` LEFT JOIN tb_xq ON f_cjzx_xqid=xqid LEFT JOIN tb_2014_pk ON f_cjzx_pkid=pkid LEFT JOIN tb_2014_kc ON f_pk_kcid=kcid LEFT JOIN tb_tcr ON f_pk_tcrid=tcrid WHERE ( f_cjzx_grdid=3 AND f_cjzx_stdid=672 ) ORDER BY xqnm ASC,pkzkkm ASC,kcnm ASC  [ RunTime:0.009898s ]
NOTIC: [8] Undefined offset:  0 D:\Program Files\Apache Software Foundation\Apache2.2\htdocs\xx\std\Lib\Action\CjzxAction.class.php 第 69 行.
NOTIC: [8] Undefined offset:  0 D:\Program Files\Apache Software Foundation\Apache2.2\htdocs\xx\std\Lib\Action\CjzxAction.class.php 第 69 行.
NOTIC: [8] Undefined offset:  0 D:\Program Files\Apache Software Foundation\Apache2.2\htdocs\xx\std\Lib\Action\CjzxAction.class.php 第 69 行.
NOTIC: [8] Undefined offset:  0 D:\Program Files\Apache Software Foundation\Apache2.2\htdocs\xx\std\Lib\Action\CjzxAction.class.php 第 69 行.
NOTIC: [8] Undefined offset:  0 D:\Program Files\Apache Software Foundation\Apache2.2\htdocs\xx\std\Lib\Action\CjzxAction.class.php 第 69 行.
NOTIC: [8] Undefined offset:  0 D:\Program Files\Apache Software Foundation\Apache2.2\htdocs\xx\std\Lib\Action\CjzxAction.class.php 第 69 行.
NOTIC: [8] Undefined offset:  0 D:\Program Files\Apache Software Foundation\Apache2.2\htdocs\xx\std\Lib\Action\CjzxAction.class.php 第 69 行.
NOTIC: [8] Undefined offset:  0 D:\Program Files\Apache Software Foundation\Apache2.2\htdocs\xx\std\Lib\Action\CjzxAction.class.php 第 69 行.
NOTIC: [8] Undefined offset:  0 D:\Program Files\Apache Software Foundation\Apache2.2\htdocs\xx\std\Lib\Action\CjzxAction.class.php 第 69 行.
INFO: [ view_parse ] --START--
NOTIC: [8] Undefined variable: ntfstr D:\Program Files\Apache Software Foundation\Apache2.2\htdocs\xx\std\Runtime\Cache\3c9201cb49d6fb696888bdc9b0f62315.php 第 61 行.
NOTIC: [8] Undefined index:  stdnn D:\Program Files\Apache Software Foundation\Apache2.2\htdocs\xx\std\Runtime\Cache\3c9201cb49d6fb696888bdc9b0f62315.php 第 84 行.
NOTIC: [8] Undefined variable: cxcjcls D:\Program Files\Apache Software Foundation\Apache2.2\htdocs\xx\std\Runtime\Cache\3c9201cb49d6fb696888bdc9b0f62315.php 第 156 行.
INFO: ParseTemplate Behavior ::run [ RunTime:0.067259s ]
INFO: [ view_parse ] --END-- [ RunTime:0.067401s ]
INFO: [ view_filter ] --START--
INFO: ContentReplace Behavior ::run [ RunTime:0.007158s ]
INFO: TokenBuild Behavior ::run [ RunTime:0.007646s ]
INFO: WriteHtmlCache Behavior ::run [ RunTime:0.006915s ]
INFO: ShowRuntime Behavior ::run [ RunTime:0.007202s ]
INFO: [ view_filter ] --END-- [ RunTime:0.029247s ]
INFO: [ view_end ] --START--
INFO: ShowPageTrace Behavior ::run [ RunTime:0.007597s ]
INFO: [ view_end ] --END-- [ RunTime:0.007711s ]

[ 2015-10-16T15:23:30+08:00 ] 172.27.90.67 /xx/std.php/Std/loginout
INFO: [ route_check ] --START--
INFO: CheckRoute Behavior ::run [ RunTime:0.006348s ]
INFO: [ route_check ] --END-- [ RunTime:0.006504s ]
INFO: [ app_begin ] --START--
INFO: ReadHtmlCache Behavior ::run [ RunTime:0.002699s ]
INFO: [ app_begin ] --END-- [ RunTime:0.002811s ]

[ 2015-10-16T15:23:32+08:00 ] 172.27.90.67 /xx/std.php
INFO: [ app_begin ] --START--
INFO: ReadHtmlCache Behavior ::run [ RunTime:0.002712s ]
INFO: [ app_begin ] --END-- [ RunTime:0.002861s ]
INFO: [ view_parse ] --START--
INFO: ParseTemplate Behavior ::run [ RunTime:0.050545s ]
INFO: [ view_parse ] --END-- [ RunTime:0.050705s ]
INFO: [ view_filter ] --START--
INFO: ContentReplace Behavior ::run [ RunTime:0.000871s ]
INFO: TokenBuild Behavior ::run [ RunTime:0.002409s ]
INFO: WriteHtmlCache Behavior ::run [ RunTime:0.006898s ]
INFO: ShowRuntime Behavior ::run [ RunTime:0.007231s ]
INFO: [ view_filter ] --END-- [ RunTime:0.017725s ]
INFO: [ view_end ] --START--
INFO: ShowPageTrace Behavior ::run [ RunTime:0.007636s ]
INFO: [ view_end ] --END-- [ RunTime:0.007754s ]

[ 2015-10-16T15:23:50+08:00 ] 172.27.90.67 /xx/std.php/Std/loginin
INFO: [ route_check ] --START--
INFO: CheckRoute Behavior ::run [ RunTime:0.007453s ]
INFO: [ route_check ] --END-- [ RunTime:0.007614s ]
INFO: [ app_begin ] --START--
INFO: ReadHtmlCache Behavior ::run [ RunTime:0.002705s ]
INFO: [ app_begin ] --END-- [ RunTime:0.002814s ]
SQL: SHOW COLUMNS FROM `tb_grd` [ RunTime:0.002331s ]
SQL: SELECT * FROM `tb_grd` ORDER BY grdnm DESC  [ RunTime:0.000585s ]
SQL: SHOW COLUMNS FROM `tb_2015_std` [ RunTime:0.003511s ]
SQL: SELECT * FROM `tb_2015_std` LEFT JOIN tb_grd ON f_std_grdid=grdid WHERE ( stdnm='孙艺芷' ) LIMIT 1   [ RunTime:0.000205s ]
SQL: SHOW COLUMNS FROM `tb_2014_std` [ RunTime:0.003491s ]
SQL: SELECT * FROM `tb_2014_std` LEFT JOIN tb_grd ON f_std_grdid=grdid WHERE ( stdnm='孙艺芷' ) LIMIT 1   [ RunTime:0.000236s ]
SQL: SHOW COLUMNS FROM `tb_2013_std` [ RunTime:0.003742s ]
SQL: SELECT * FROM `tb_2013_std` LEFT JOIN tb_grd ON f_std_grdid=grdid WHERE ( stdnm='孙艺芷' ) LIMIT 1   [ RunTime:0.000202s ]
SQL: SHOW COLUMNS FROM `tb_2012_std` [ RunTime:0.002868s ]
ERR: 1146:Table 'db_xx.tb_2012_std' doesn't exist
 [ SQL语句 ] : SHOW COLUMNS FROM `tb_2012_std`
SQL: SELECT * FROM `tb_2012_std` LEFT JOIN tb_grd ON f_std_grdid=grdid WHERE ( stdnm='孙艺芷' ) LIMIT 1   [ RunTime:0.000562s ]
ERR: 1146:Table 'db_xx.tb_2012_std' doesn't exist
 [ SQL语句 ] : SELECT * FROM `tb_2012_std` LEFT JOIN tb_grd ON f_std_grdid=grdid WHERE ( stdnm='孙艺芷' ) LIMIT 1  
SQL: SELECT * FROM `tb_2014_std` WHERE ( stdnm='孙艺芷' AND stdno='14004340224' AND f_std_statid=5 ) LIMIT 1   [ RunTime:0.000173s ]
SQL: SELECT * FROM `tb_2014_std` WHERE ( stdnm='孙艺芷' AND stdno='14004340224' ) LIMIT 1   [ RunTime:0.000164s ]

[ 2015-10-16T15:23:51+08:00 ] 172.27.90.67 /xx/std.php
INFO: [ app_begin ] --START--
INFO: ReadHtmlCache Behavior ::run [ RunTime:0.002720s ]
INFO: [ app_begin ] --END-- [ RunTime:0.002871s ]
SQL: SHOW COLUMNS FROM `tb_grd` [ RunTime:0.002298s ]
SQL: SELECT * FROM `tb_grd` WHERE ( grdid=3 ) LIMIT 1   [ RunTime:0.000454s ]
SQL: SHOW COLUMNS FROM `tb_2014_std` [ RunTime:0.003756s ]
SQL: SELECT * FROM `tb_2014_std` WHERE ( stdid=653 ) LIMIT 1   [ RunTime:0.000279s ]
SQL: SELECT * FROM `tb_grd` WHERE ( grdid=3 ) LIMIT 1   [ RunTime:0.000135s ]
SQL: SHOW COLUMNS FROM `tb_xq` [ RunTime:0.002104s ]
SQL: SELECT * FROM `tb_xq` WHERE ( xqdq=1 ) LIMIT 1   [ RunTime:0.000556s ]
SQL: SELECT * FROM `tb_2014_std` inner join tb_2014_stdxqdm ON stdid=f_stdxqdm_stdid inner join tb_2014_stdxqcls ON stdid=f_stdxqcls_stdid inner join tb_2014_stdxqmj ON stdid=f_stdxqmj_stdid LEFT JOIN tb_stt ON f_std_sttid=sttid LEFT JOIN tb_grd ON f_std_grdid=grdid LEFT JOIN tb_2014_mj ON f_stdxqmj_mjid=mjid LEFT JOIN tb_bxxs ON f_mj_bxxsid=bxxsid LEFT JOIN tb_cc ON f_mj_ccid=ccid LEFT JOIN tb_kl ON f_mj_klid=klid LEFT JOIN tb_xxxs ON f_mj_xxxsid=xxxsid LEFT JOIN tb_zsfw ON f_mj_zsfwid=zsfwid LEFT JOIN tb_xz ON f_mj_xzid=xzid LEFT JOIN tb_2014_cls ON f_stdxqcls_clsid=clsid LEFT JOIN tb_dm ON f_stdxqdm_dmid=dmid LEFT JOIN tb_sex ON f_std_sexid=sexid LEFT JOIN tb_rc ON f_std_rcid=rcid LEFT JOIN tb_zzmm ON f_std_zzmmid=zzmmid LEFT JOIN tb_xl ON f_std_xlid=xlid LEFT JOIN tb_stat ON f_std_statid=statid LEFT JOIN tb_xq ON f_stdxqcls_xqid=xqid WHERE ( f_stdxqcls_xqid=3 AND f_stdxqmj_xqid=3 AND f_stdxqdm_xqid=3 AND stdid=653 ) LIMIT 1   [ RunTime:0.000274s ]
NOTIC: [2] Missing argument 1 for KZMBAction::setkzmb(), called in D:\Program Files\Apache Software Foundation\Apache2.2\htdocs\xx\std\Lib\Action\IndexAction.class.php on line 23 and defined D:\Program Files\Apache Software Foundation\Apache2.2\htdocs\xx\std\Lib\KZMB\KZMBAction.class.php 第 3 行.
SQL: SELECT * FROM `tb_grd` WHERE ( grdid=3 ) LIMIT 1   [ RunTime:0.000139s ]
SQL: SHOW COLUMNS FROM `tb_2014_stdbtn` [ RunTime:0.002197s ]
SQL: SELECT * FROM `tb_2014_stdbtn` WHERE ( f_stdbtn_stdid=653 AND stdbtnnm='lft' ) LIMIT 1   [ RunTime:0.000584s ]
SQL: SELECT * FROM `tb_2014_stdbtn` WHERE ( f_stdbtn_stdid=653 AND stdbtnnm='bs' ) LIMIT 1   [ RunTime:0.000131s ]
INFO: [ view_parse ] --START--
NOTIC: [8] Undefined variable: ntfstr D:\Program Files\Apache Software Foundation\Apache2.2\htdocs\xx\std\Runtime\Cache\9c288f5594010517c700781ca130ef0a.php 第 61 行.
NOTIC: [8] Undefined index:  stdnn D:\Program Files\Apache Software Foundation\Apache2.2\htdocs\xx\std\Runtime\Cache\9c288f5594010517c700781ca130ef0a.php 第 84 行.
NOTIC: [8] Undefined variable: cxcjcls D:\Program Files\Apache Software Foundation\Apache2.2\htdocs\xx\std\Runtime\Cache\9c288f5594010517c700781ca130ef0a.php 第 156 行.
INFO: ParseTemplate Behavior ::run [ RunTime:0.050853s ]
INFO: [ view_parse ] --END-- [ RunTime:0.050998s ]
INFO: [ view_filter ] --START--
INFO: ContentReplace Behavior ::run [ RunTime:0.000878s ]
INFO: TokenBuild Behavior ::run [ RunTime:0.002414s ]
INFO: WriteHtmlCache Behavior ::run [ RunTime:0.006923s ]
INFO: ShowRuntime Behavior ::run [ RunTime:0.007228s ]
INFO: [ view_filter ] --END-- [ RunTime:0.017758s ]
INFO: [ view_end ] --START--
INFO: ShowPageTrace Behavior ::run [ RunTime:0.007537s ]
INFO: [ view_end ] --END-- [ RunTime:0.007649s ]

[ 2015-10-16T15:24:36+08:00 ] 172.27.90.67 /xx/std.php/Cjzx/cxlncj
INFO: [ route_check ] --START--
INFO: CheckRoute Behavior ::run [ RunTime:0.006570s ]
INFO: [ route_check ] --END-- [ RunTime:0.006728s ]
INFO: [ app_begin ] --START--
INFO: ReadHtmlCache Behavior ::run [ RunTime:0.002685s ]
INFO: [ app_begin ] --END-- [ RunTime:0.002804s ]
SQL: SHOW COLUMNS FROM `tb_grd` [ RunTime:0.002318s ]
SQL: SELECT * FROM `tb_grd` WHERE ( grdid=3 ) LIMIT 1   [ RunTime:0.000456s ]
SQL: SHOW COLUMNS FROM `tb_2014_std` [ RunTime:0.003554s ]
SQL: SELECT * FROM `tb_2014_std` WHERE ( stdid=653 ) LIMIT 1   [ RunTime:0.000205s ]
SQL: SELECT * FROM `tb_grd` WHERE ( grdid=3 ) LIMIT 1   [ RunTime:0.000129s ]
SQL: SHOW COLUMNS FROM `tb_xq` [ RunTime:0.002078s ]
SQL: SELECT * FROM `tb_xq` WHERE ( xqdq=1 ) LIMIT 1   [ RunTime:0.000526s ]
SQL: SELECT * FROM `tb_2014_std` inner join tb_2014_stdxqdm ON stdid=f_stdxqdm_stdid inner join tb_2014_stdxqcls ON stdid=f_stdxqcls_stdid inner join tb_2014_stdxqmj ON stdid=f_stdxqmj_stdid LEFT JOIN tb_stt ON f_std_sttid=sttid LEFT JOIN tb_grd ON f_std_grdid=grdid LEFT JOIN tb_2014_mj ON f_stdxqmj_mjid=mjid LEFT JOIN tb_bxxs ON f_mj_bxxsid=bxxsid LEFT JOIN tb_cc ON f_mj_ccid=ccid LEFT JOIN tb_kl ON f_mj_klid=klid LEFT JOIN tb_xxxs ON f_mj_xxxsid=xxxsid LEFT JOIN tb_zsfw ON f_mj_zsfwid=zsfwid LEFT JOIN tb_xz ON f_mj_xzid=xzid LEFT JOIN tb_2014_cls ON f_stdxqcls_clsid=clsid LEFT JOIN tb_dm ON f_stdxqdm_dmid=dmid LEFT JOIN tb_sex ON f_std_sexid=sexid LEFT JOIN tb_rc ON f_std_rcid=rcid LEFT JOIN tb_zzmm ON f_std_zzmmid=zzmmid LEFT JOIN tb_xl ON f_std_xlid=xlid LEFT JOIN tb_stat ON f_std_statid=statid LEFT JOIN tb_xq ON f_stdxqcls_xqid=xqid WHERE ( f_stdxqcls_xqid=3 AND f_stdxqmj_xqid=3 AND f_stdxqdm_xqid=3 AND stdid=653 ) LIMIT 1   [ RunTime:0.000274s ]
NOTIC: [2] Missing argument 1 for KZMBAction::setkzmb(), called in D:\Program Files\Apache Software Foundation\Apache2.2\htdocs\xx\std\Lib\Action\CjzxAction.class.php on line 53 and defined D:\Program Files\Apache Software Foundation\Apache2.2\htdocs\xx\std\Lib\KZMB\KZMBAction.class.php 第 3 行.
SQL: SELECT * FROM `tb_grd` WHERE ( grdid=3 ) LIMIT 1   [ RunTime:0.000203s ]
SQL: SHOW COLUMNS FROM `tb_2014_stdbtn` [ RunTime:0.003333s ]
SQL: SELECT * FROM `tb_2014_stdbtn` WHERE ( f_stdbtn_stdid=653 AND stdbtnnm='lft' ) LIMIT 1   [ RunTime:0.000228s ]
SQL: SELECT * FROM `tb_2014_stdbtn` WHERE ( f_stdbtn_stdid=653 AND stdbtnnm='bs' ) LIMIT 1   [ RunTime:0.000166s ]
SQL: SELECT * FROM `tb_grd` WHERE ( grdid=3 ) LIMIT 1   [ RunTime:0.000149s ]
SQL: SHOW COLUMNS FROM `tb_2014_cjzx` [ RunTime:0.002719s ]
SQL: SELECT * FROM `tb_2014_cjzx` LEFT JOIN tb_xq ON f_cjzx_xqid=xqid LEFT JOIN tb_2014_pk ON f_cjzx_pkid=pkid LEFT JOIN tb_2014_kc ON f_pk_kcid=kcid LEFT JOIN tb_tcr ON f_pk_tcrid=tcrid WHERE ( f_cjzx_grdid=3 AND f_cjzx_stdid=653 ) ORDER BY xqnm ASC,pkzkkm ASC,kcnm ASC  [ RunTime:0.000443s ]
NOTIC: [8] Undefined offset:  0 D:\Program Files\Apache Software Foundation\Apache2.2\htdocs\xx\std\Lib\Action\CjzxAction.class.php 第 69 行.
NOTIC: [8] Undefined offset:  0 D:\Program Files\Apache Software Foundation\Apache2.2\htdocs\xx\std\Lib\Action\CjzxAction.class.php 第 69 行.
NOTIC: [8] Undefined offset:  0 D:\Program Files\Apache Software Foundation\Apache2.2\htdocs\xx\std\Lib\Action\CjzxAction.class.php 第 69 行.
NOTIC: [8] Undefined offset:  0 D:\Program Files\Apache Software Foundation\Apache2.2\htdocs\xx\std\Lib\Action\CjzxAction.class.php 第 69 行.
NOTIC: [8] Undefined offset:  0 D:\Program Files\Apache Software Foundation\Apache2.2\htdocs\xx\std\Lib\Action\CjzxAction.class.php 第 69 行.
NOTIC: [8] Undefined offset:  0 D:\Program Files\Apache Software Foundation\Apache2.2\htdocs\xx\std\Lib\Action\CjzxAction.class.php 第 69 行.
NOTIC: [8] Undefined offset:  0 D:\Program Files\Apache Software Foundation\Apache2.2\htdocs\xx\std\Lib\Action\CjzxAction.class.php 第 69 行.
NOTIC: [8] Undefined offset:  0 D:\Program Files\Apache Software Foundation\Apache2.2\htdocs\xx\std\Lib\Action\CjzxAction.class.php 第 69 行.
NOTIC: [8] Undefined offset:  0 D:\Program Files\Apache Software Foundation\Apache2.2\htdocs\xx\std\Lib\Action\CjzxAction.class.php 第 69 行.
INFO: [ view_parse ] --START--
NOTIC: [8] Undefined variable: ntfstr D:\Program Files\Apache Software Foundation\Apache2.2\htdocs\xx\std\Runtime\Cache\3c9201cb49d6fb696888bdc9b0f62315.php 第 61 行.
NOTIC: [8] Undefined index:  stdnn D:\Program Files\Apache Software Foundation\Apache2.2\htdocs\xx\std\Runtime\Cache\3c9201cb49d6fb696888bdc9b0f62315.php 第 84 行.
NOTIC: [8] Undefined variable: cxcjcls D:\Program Files\Apache Software Foundation\Apache2.2\htdocs\xx\std\Runtime\Cache\3c9201cb49d6fb696888bdc9b0f62315.php 第 156 行.
INFO: ParseTemplate Behavior ::run [ RunTime:0.058506s ]
INFO: [ view_parse ] --END-- [ RunTime:0.058648s ]
INFO: [ view_filter ] --START--
INFO: ContentReplace Behavior ::run [ RunTime:0.000901s ]
INFO: TokenBuild Behavior ::run [ RunTime:0.002426s ]
INFO: WriteHtmlCache Behavior ::run [ RunTime:0.007155s ]
INFO: ShowRuntime Behavior ::run [ RunTime:0.007227s ]
INFO: [ view_filter ] --END-- [ RunTime:0.018029s ]
INFO: [ view_end ] --START--
INFO: ShowPageTrace Behavior ::run [ RunTime:0.007691s ]
INFO: [ view_end ] --END-- [ RunTime:0.007808s ]

[ 2015-10-16T18:22:24+08:00 ] 42.156.136.110 /xx/std.php
INFO: [ app_begin ] --START--
INFO: ReadHtmlCache Behavior ::run [ RunTime:0.007362s ]
INFO: [ app_begin ] --END-- [ RunTime:0.007819s ]
INFO: [ view_parse ] --START--
INFO: ParseTemplate Behavior ::run [ RunTime:0.060173s ]
INFO: [ view_parse ] --END-- [ RunTime:0.060330s ]
INFO: [ view_filter ] --START--
INFO: ContentReplace Behavior ::run [ RunTime:0.007447s ]
INFO: TokenBuild Behavior ::run [ RunTime:0.007060s ]
INFO: WriteHtmlCache Behavior ::run [ RunTime:0.006853s ]
INFO: ShowRuntime Behavior ::run [ RunTime:0.007172s ]
INFO: [ view_filter ] --END-- [ RunTime:0.028861s ]
INFO: [ view_end ] --START--
INFO: ShowPageTrace Behavior ::run [ RunTime:0.007443s ]
INFO: [ view_end ] --END-- [ RunTime:0.007558s ]

