[ 2015-11-18T19:26:48+08:00 ] 211.96.170.132 /xx/std.php
INFO: [ app_begin ] --START--
INFO: ReadHtmlCache Behavior ::run [ RunTime:0.007452s ]
INFO: [ app_begin ] --END-- [ RunTime:0.007607s ]
INFO: [ view_parse ] --START--
INFO: ParseTemplate Behavior ::run [ RunTime:0.060971s ]
INFO: [ view_parse ] --END-- [ RunTime:0.061135s ]
INFO: [ view_filter ] --START--
INFO: ContentReplace Behavior ::run [ RunTime:0.007162s ]
INFO: TokenBuild Behavior ::run [ RunTime:0.007291s ]
INFO: WriteHtmlCache Behavior ::run [ RunTime:0.006904s ]
INFO: ShowRuntime Behavior ::run [ RunTime:0.007269s ]
INFO: [ view_filter ] --END-- [ RunTime:0.028946s ]
INFO: [ view_end ] --START--
INFO: ShowPageTrace Behavior ::run [ RunTime:0.007477s ]
INFO: [ view_end ] --END-- [ RunTime:0.007592s ]

[ 2015-11-18T19:33:02+08:00 ] 180.153.214.198 /xx/std.php
INFO: [ app_begin ] --START--
INFO: ReadHtmlCache Behavior ::run [ RunTime:0.007424s ]
INFO: [ app_begin ] --END-- [ RunTime:0.007582s ]
INFO: [ view_parse ] --START--
INFO: ParseTemplate Behavior ::run [ RunTime:0.060408s ]
INFO: [ view_parse ] --END-- [ RunTime:0.060565s ]
INFO: [ view_filter ] --START--
INFO: ContentReplace Behavior ::run [ RunTime:0.007117s ]
INFO: TokenBuild Behavior ::run [ RunTime:0.007125s ]
INFO: WriteHtmlCache Behavior ::run [ RunTime:0.003778s ]
INFO: ShowRuntime Behavior ::run [ RunTime:0.007197s ]
INFO: [ view_filter ] --END-- [ RunTime:0.025533s ]
INFO: [ view_end ] --START--
INFO: ShowPageTrace Behavior ::run [ RunTime:0.007935s ]
INFO: [ view_end ] --END-- [ RunTime:0.008054s ]

