[ 2015-10-31T05:04:16+08:00 ] 66.249.64.179 /xx/std.php
INFO: [ app_begin ] --START--
INFO: ReadHtmlCache Behavior ::run [ RunTime:0.007529s ]
INFO: [ app_begin ] --END-- [ RunTime:0.007683s ]
INFO: [ view_parse ] --START--
INFO: ParseTemplate Behavior ::run [ RunTime:0.061169s ]
INFO: [ view_parse ] --END-- [ RunTime:0.061325s ]
INFO: [ view_filter ] --START--
INFO: ContentReplace Behavior ::run [ RunTime:0.007641s ]
INFO: TokenBuild Behavior ::run [ RunTime:0.007037s ]
INFO: WriteHtmlCache Behavior ::run [ RunTime:0.008723s ]
INFO: ShowRuntime Behavior ::run [ RunTime:0.007203s ]
INFO: [ view_filter ] --END-- [ RunTime:0.030940s ]
INFO: [ view_end ] --START--
INFO: ShowPageTrace Behavior ::run [ RunTime:0.007662s ]
INFO: [ view_end ] --END-- [ RunTime:0.007779s ]

[ 2015-10-31T05:23:12+08:00 ] 66.249.64.189 /xx/std.php
INFO: [ app_begin ] --START--
INFO: ReadHtmlCache Behavior ::run [ RunTime:0.004295s ]
INFO: [ app_begin ] --END-- [ RunTime:0.004450s ]
INFO: [ view_parse ] --START--
INFO: ParseTemplate Behavior ::run [ RunTime:0.047001s ]
INFO: [ view_parse ] --END-- [ RunTime:0.047154s ]
INFO: [ view_filter ] --START--
INFO: ContentReplace Behavior ::run [ RunTime:0.007107s ]
INFO: TokenBuild Behavior ::run [ RunTime:0.007829s ]
INFO: WriteHtmlCache Behavior ::run [ RunTime:0.006879s ]
INFO: ShowRuntime Behavior ::run [ RunTime:0.008579s ]
INFO: [ view_filter ] --END-- [ RunTime:0.030792s ]
INFO: [ view_end ] --START--
INFO: ShowPageTrace Behavior ::run [ RunTime:0.008573s ]
INFO: [ view_end ] --END-- [ RunTime:0.008756s ]

[ 2015-10-31T15:34:25+08:00 ] 124.112.163.9 /xx/std.php
INFO: [ app_begin ] --START--
INFO: ReadHtmlCache Behavior ::run [ RunTime:0.007363s ]
INFO: [ app_begin ] --END-- [ RunTime:0.007514s ]
INFO: [ view_parse ] --START--
INFO: ParseTemplate Behavior ::run [ RunTime:0.060307s ]
INFO: [ view_parse ] --END-- [ RunTime:0.060461s ]
INFO: [ view_filter ] --START--
INFO: ContentReplace Behavior ::run [ RunTime:0.007078s ]
INFO: TokenBuild Behavior ::run [ RunTime:0.015365s ]
INFO: WriteHtmlCache Behavior ::run [ RunTime:0.006866s ]
INFO: ShowRuntime Behavior ::run [ RunTime:0.007211s ]
INFO: [ view_filter ] --END-- [ RunTime:0.036878s ]
INFO: [ view_end ] --START--
INFO: ShowPageTrace Behavior ::run [ RunTime:0.008372s ]
INFO: [ view_end ] --END-- [ RunTime:0.008500s ]

[ 2015-10-31T23:36:12+08:00 ] 106.39.248.33 /xx/std.php
INFO: [ app_begin ] --START--
INFO: ReadHtmlCache Behavior ::run [ RunTime:0.004328s ]
INFO: [ app_begin ] --END-- [ RunTime:0.004481s ]
INFO: [ view_parse ] --START--
INFO: ParseTemplate Behavior ::run [ RunTime:0.048216s ]
INFO: [ view_parse ] --END-- [ RunTime:0.048374s ]
INFO: [ view_filter ] --START--
INFO: ContentReplace Behavior ::run [ RunTime:0.007172s ]
INFO: TokenBuild Behavior ::run [ RunTime:0.007151s ]
INFO: WriteHtmlCache Behavior ::run [ RunTime:0.006910s ]
INFO: ShowRuntime Behavior ::run [ RunTime:0.007209s ]
INFO: [ view_filter ] --END-- [ RunTime:0.028760s ]
INFO: [ view_end ] --START--
INFO: ShowPageTrace Behavior ::run [ RunTime:0.007506s ]
INFO: [ view_end ] --END-- [ RunTime:0.007624s ]

[ 2015-10-31T23:36:39+08:00 ] 106.39.248.33 /xx/std.php/Std/loginin
INFO: [ route_check ] --START--
INFO: CheckRoute Behavior ::run [ RunTime:0.004919s ]
INFO: [ route_check ] --END-- [ RunTime:0.005075s ]
INFO: [ app_begin ] --START--
INFO: ReadHtmlCache Behavior ::run [ RunTime:0.001119s ]
INFO: [ app_begin ] --END-- [ RunTime:0.001225s ]
SQL: SHOW COLUMNS FROM `tb_grd` [ RunTime:0.002867s ]
SQL: SELECT * FROM `tb_grd` ORDER BY grdnm DESC  [ RunTime:0.000484s ]
SQL: SHOW COLUMNS FROM `tb_2015_std` [ RunTime:0.003996s ]
SQL: SELECT * FROM `tb_2015_std` LEFT JOIN tb_grd ON f_std_grdid=grdid WHERE ( stdnm='许鹏杰' ) LIMIT 1   [ RunTime:0.002252s ]
SQL: SHOW COLUMNS FROM `tb_2014_std` [ RunTime:0.004038s ]
SQL: SELECT * FROM `tb_2014_std` LEFT JOIN tb_grd ON f_std_grdid=grdid WHERE ( stdnm='许鹏杰' ) LIMIT 1   [ RunTime:0.004106s ]
SQL: SHOW COLUMNS FROM `tb_2013_std` [ RunTime:0.004209s ]
SQL: SELECT * FROM `tb_2013_std` LEFT JOIN tb_grd ON f_std_grdid=grdid WHERE ( stdnm='许鹏杰' ) LIMIT 1   [ RunTime:0.001903s ]
SQL: SHOW COLUMNS FROM `tb_2012_std` [ RunTime:0.002936s ]
ERR: 1146:Table 'db_xx.tb_2012_std' doesn't exist
 [ SQL语句 ] : SHOW COLUMNS FROM `tb_2012_std`
SQL: SELECT * FROM `tb_2012_std` LEFT JOIN tb_grd ON f_std_grdid=grdid WHERE ( stdnm='许鹏杰' ) LIMIT 1   [ RunTime:0.000543s ]
ERR: 1146:Table 'db_xx.tb_2012_std' doesn't exist
 [ SQL语句 ] : SELECT * FROM `tb_2012_std` LEFT JOIN tb_grd ON f_std_grdid=grdid WHERE ( stdnm='许鹏杰' ) LIMIT 1  

[ 2015-10-31T23:36:41+08:00 ] 106.39.248.33 /xx/std.php/Std/loginin
INFO: [ route_check ] --START--
INFO: CheckRoute Behavior ::run [ RunTime:0.003369s ]
INFO: [ route_check ] --END-- [ RunTime:0.003520s ]
INFO: [ app_begin ] --START--
INFO: ReadHtmlCache Behavior ::run [ RunTime:0.001109s ]
INFO: [ app_begin ] --END-- [ RunTime:0.001216s ]
SQL: SHOW COLUMNS FROM `tb_grd` [ RunTime:0.002283s ]
SQL: SELECT * FROM `tb_grd` ORDER BY grdnm DESC  [ RunTime:0.000602s ]
SQL: SHOW COLUMNS FROM `tb_2015_std` [ RunTime:0.003606s ]
SQL: SELECT * FROM `tb_2015_std` LEFT JOIN tb_grd ON f_std_grdid=grdid WHERE ( stdnm='许鹏杰' ) LIMIT 1   [ RunTime:0.000213s ]
SQL: SHOW COLUMNS FROM `tb_2014_std` [ RunTime:0.003619s ]
SQL: SELECT * FROM `tb_2014_std` LEFT JOIN tb_grd ON f_std_grdid=grdid WHERE ( stdnm='许鹏杰' ) LIMIT 1   [ RunTime:0.000218s ]
SQL: SHOW COLUMNS FROM `tb_2013_std` [ RunTime:0.003597s ]
SQL: SELECT * FROM `tb_2013_std` LEFT JOIN tb_grd ON f_std_grdid=grdid WHERE ( stdnm='许鹏杰' ) LIMIT 1   [ RunTime:0.000226s ]
SQL: SHOW COLUMNS FROM `tb_2012_std` [ RunTime:0.002870s ]
ERR: 1146:Table 'db_xx.tb_2012_std' doesn't exist
 [ SQL语句 ] : SHOW COLUMNS FROM `tb_2012_std`
SQL: SELECT * FROM `tb_2012_std` LEFT JOIN tb_grd ON f_std_grdid=grdid WHERE ( stdnm='许鹏杰' ) LIMIT 1   [ RunTime:0.000568s ]
ERR: 1146:Table 'db_xx.tb_2012_std' doesn't exist
 [ SQL语句 ] : SELECT * FROM `tb_2012_std` LEFT JOIN tb_grd ON f_std_grdid=grdid WHERE ( stdnm='许鹏杰' ) LIMIT 1  

[ 2015-10-31T23:36:52+08:00 ] 106.39.248.33 /xx/std.php/Std/loginin
INFO: [ route_check ] --START--
INFO: CheckRoute Behavior ::run [ RunTime:0.003188s ]
INFO: [ route_check ] --END-- [ RunTime:0.003340s ]
INFO: [ app_begin ] --START--
INFO: ReadHtmlCache Behavior ::run [ RunTime:0.001107s ]
INFO: [ app_begin ] --END-- [ RunTime:0.001214s ]
SQL: SHOW COLUMNS FROM `tb_grd` [ RunTime:0.002279s ]
SQL: SELECT * FROM `tb_grd` ORDER BY grdnm DESC  [ RunTime:0.000715s ]
SQL: SHOW COLUMNS FROM `tb_2015_std` [ RunTime:0.003553s ]
SQL: SELECT * FROM `tb_2015_std` LEFT JOIN tb_grd ON f_std_grdid=grdid WHERE ( stdnm='许鹏杰' ) LIMIT 1   [ RunTime:0.000215s ]
SQL: SHOW COLUMNS FROM `tb_2014_std` [ RunTime:0.003473s ]
SQL: SELECT * FROM `tb_2014_std` LEFT JOIN tb_grd ON f_std_grdid=grdid WHERE ( stdnm='许鹏杰' ) LIMIT 1   [ RunTime:0.000212s ]
SQL: SHOW COLUMNS FROM `tb_2013_std` [ RunTime:0.003584s ]
SQL: SELECT * FROM `tb_2013_std` LEFT JOIN tb_grd ON f_std_grdid=grdid WHERE ( stdnm='许鹏杰' ) LIMIT 1   [ RunTime:0.000207s ]
SQL: SHOW COLUMNS FROM `tb_2012_std` [ RunTime:0.002924s ]
ERR: 1146:Table 'db_xx.tb_2012_std' doesn't exist
 [ SQL语句 ] : SHOW COLUMNS FROM `tb_2012_std`
SQL: SELECT * FROM `tb_2012_std` LEFT JOIN tb_grd ON f_std_grdid=grdid WHERE ( stdnm='许鹏杰' ) LIMIT 1   [ RunTime:0.000560s ]
ERR: 1146:Table 'db_xx.tb_2012_std' doesn't exist
 [ SQL语句 ] : SELECT * FROM `tb_2012_std` LEFT JOIN tb_grd ON f_std_grdid=grdid WHERE ( stdnm='许鹏杰' ) LIMIT 1  

[ 2015-10-31T23:36:54+08:00 ] 106.39.248.33 /xx/std.php/Std/loginin
INFO: [ route_check ] --START--
INFO: CheckRoute Behavior ::run [ RunTime:0.003191s ]
INFO: [ route_check ] --END-- [ RunTime:0.003344s ]
INFO: [ app_begin ] --START--
INFO: ReadHtmlCache Behavior ::run [ RunTime:0.001116s ]
INFO: [ app_begin ] --END-- [ RunTime:0.001222s ]
SQL: SHOW COLUMNS FROM `tb_grd` [ RunTime:0.002254s ]
SQL: SELECT * FROM `tb_grd` ORDER BY grdnm DESC  [ RunTime:0.000540s ]
SQL: SHOW COLUMNS FROM `tb_2015_std` [ RunTime:0.003605s ]
SQL: SELECT * FROM `tb_2015_std` LEFT JOIN tb_grd ON f_std_grdid=grdid WHERE ( stdnm='许鹏杰' ) LIMIT 1   [ RunTime:0.000214s ]
SQL: SHOW COLUMNS FROM `tb_2014_std` [ RunTime:0.003587s ]
SQL: SELECT * FROM `tb_2014_std` LEFT JOIN tb_grd ON f_std_grdid=grdid WHERE ( stdnm='许鹏杰' ) LIMIT 1   [ RunTime:0.000206s ]
SQL: SHOW COLUMNS FROM `tb_2013_std` [ RunTime:0.003583s ]
SQL: SELECT * FROM `tb_2013_std` LEFT JOIN tb_grd ON f_std_grdid=grdid WHERE ( stdnm='许鹏杰' ) LIMIT 1   [ RunTime:0.000228s ]
SQL: SHOW COLUMNS FROM `tb_2012_std` [ RunTime:0.002882s ]
ERR: 1146:Table 'db_xx.tb_2012_std' doesn't exist
 [ SQL语句 ] : SHOW COLUMNS FROM `tb_2012_std`
SQL: SELECT * FROM `tb_2012_std` LEFT JOIN tb_grd ON f_std_grdid=grdid WHERE ( stdnm='许鹏杰' ) LIMIT 1   [ RunTime:0.000571s ]
ERR: 1146:Table 'db_xx.tb_2012_std' doesn't exist
 [ SQL语句 ] : SELECT * FROM `tb_2012_std` LEFT JOIN tb_grd ON f_std_grdid=grdid WHERE ( stdnm='许鹏杰' ) LIMIT 1  

[ 2015-10-31T23:36:55+08:00 ] 106.39.248.33 /xx/std.php/Std/loginin
INFO: [ route_check ] --START--
INFO: CheckRoute Behavior ::run [ RunTime:0.003208s ]
INFO: [ route_check ] --END-- [ RunTime:0.003363s ]
INFO: [ app_begin ] --START--
INFO: ReadHtmlCache Behavior ::run [ RunTime:0.001106s ]
INFO: [ app_begin ] --END-- [ RunTime:0.001213s ]
SQL: SHOW COLUMNS FROM `tb_grd` [ RunTime:0.002271s ]
SQL: SELECT * FROM `tb_grd` ORDER BY grdnm DESC  [ RunTime:0.000536s ]
SQL: SHOW COLUMNS FROM `tb_2015_std` [ RunTime:0.003592s ]
SQL: SELECT * FROM `tb_2015_std` LEFT JOIN tb_grd ON f_std_grdid=grdid WHERE ( stdnm='许鹏杰' ) LIMIT 1   [ RunTime:0.000213s ]
SQL: SHOW COLUMNS FROM `tb_2014_std` [ RunTime:0.003607s ]
SQL: SELECT * FROM `tb_2014_std` LEFT JOIN tb_grd ON f_std_grdid=grdid WHERE ( stdnm='许鹏杰' ) LIMIT 1   [ RunTime:0.000222s ]
SQL: SHOW COLUMNS FROM `tb_2013_std` [ RunTime:0.003590s ]
SQL: SELECT * FROM `tb_2013_std` LEFT JOIN tb_grd ON f_std_grdid=grdid WHERE ( stdnm='许鹏杰' ) LIMIT 1   [ RunTime:0.000210s ]
SQL: SHOW COLUMNS FROM `tb_2012_std` [ RunTime:0.002857s ]
ERR: 1146:Table 'db_xx.tb_2012_std' doesn't exist
 [ SQL语句 ] : SHOW COLUMNS FROM `tb_2012_std`
SQL: SELECT * FROM `tb_2012_std` LEFT JOIN tb_grd ON f_std_grdid=grdid WHERE ( stdnm='许鹏杰' ) LIMIT 1   [ RunTime:0.000564s ]
ERR: 1146:Table 'db_xx.tb_2012_std' doesn't exist
 [ SQL语句 ] : SELECT * FROM `tb_2012_std` LEFT JOIN tb_grd ON f_std_grdid=grdid WHERE ( stdnm='许鹏杰' ) LIMIT 1  

[ 2015-10-31T23:36:55+08:00 ] 106.39.248.33 /xx/std.php/Std/loginin
INFO: [ route_check ] --START--
INFO: CheckRoute Behavior ::run [ RunTime:0.003287s ]
INFO: [ route_check ] --END-- [ RunTime:0.003437s ]
INFO: [ app_begin ] --START--
INFO: ReadHtmlCache Behavior ::run [ RunTime:0.001633s ]
INFO: [ app_begin ] --END-- [ RunTime:0.001748s ]
SQL: SHOW COLUMNS FROM `tb_grd` [ RunTime:0.002288s ]
SQL: SELECT * FROM `tb_grd` ORDER BY grdnm DESC  [ RunTime:0.000538s ]
SQL: SHOW COLUMNS FROM `tb_2015_std` [ RunTime:0.003602s ]
SQL: SELECT * FROM `tb_2015_std` LEFT JOIN tb_grd ON f_std_grdid=grdid WHERE ( stdnm='许鹏杰' ) LIMIT 1   [ RunTime:0.000219s ]
SQL: SHOW COLUMNS FROM `tb_2014_std` [ RunTime:0.003603s ]
SQL: SELECT * FROM `tb_2014_std` LEFT JOIN tb_grd ON f_std_grdid=grdid WHERE ( stdnm='许鹏杰' ) LIMIT 1   [ RunTime:0.000202s ]
SQL: SHOW COLUMNS FROM `tb_2013_std` [ RunTime:0.003598s ]
SQL: SELECT * FROM `tb_2013_std` LEFT JOIN tb_grd ON f_std_grdid=grdid WHERE ( stdnm='许鹏杰' ) LIMIT 1   [ RunTime:0.000221s ]
SQL: SHOW COLUMNS FROM `tb_2012_std` [ RunTime:0.002883s ]
ERR: 1146:Table 'db_xx.tb_2012_std' doesn't exist
 [ SQL语句 ] : SHOW COLUMNS FROM `tb_2012_std`
SQL: SELECT * FROM `tb_2012_std` LEFT JOIN tb_grd ON f_std_grdid=grdid WHERE ( stdnm='许鹏杰' ) LIMIT 1   [ RunTime:0.000559s ]
ERR: 1146:Table 'db_xx.tb_2012_std' doesn't exist
 [ SQL语句 ] : SELECT * FROM `tb_2012_std` LEFT JOIN tb_grd ON f_std_grdid=grdid WHERE ( stdnm='许鹏杰' ) LIMIT 1  

[ 2015-10-31T23:36:56+08:00 ] 106.39.248.33 /xx/std.php/Std/loginin
INFO: [ route_check ] --START--
INFO: CheckRoute Behavior ::run [ RunTime:0.007864s ]
INFO: [ route_check ] --END-- [ RunTime:0.008017s ]
INFO: [ app_begin ] --START--
INFO: ReadHtmlCache Behavior ::run [ RunTime:0.007347s ]
INFO: [ app_begin ] --END-- [ RunTime:0.007458s ]
SQL: SHOW COLUMNS FROM `tb_grd` [ RunTime:0.002496s ]
SQL: SELECT * FROM `tb_grd` ORDER BY grdnm DESC  [ RunTime:0.000558s ]
SQL: SHOW COLUMNS FROM `tb_2015_std` [ RunTime:0.003717s ]
SQL: SELECT * FROM `tb_2015_std` LEFT JOIN tb_grd ON f_std_grdid=grdid WHERE ( stdnm='许鹏杰' ) LIMIT 1   [ RunTime:0.000199s ]
SQL: SHOW COLUMNS FROM `tb_2014_std` [ RunTime:0.003668s ]
SQL: SELECT * FROM `tb_2014_std` LEFT JOIN tb_grd ON f_std_grdid=grdid WHERE ( stdnm='许鹏杰' ) LIMIT 1   [ RunTime:0.000191s ]
SQL: SHOW COLUMNS FROM `tb_2013_std` [ RunTime:0.003916s ]
SQL: SELECT * FROM `tb_2013_std` LEFT JOIN tb_grd ON f_std_grdid=grdid WHERE ( stdnm='许鹏杰' ) LIMIT 1   [ RunTime:0.000196s ]
SQL: SHOW COLUMNS FROM `tb_2012_std` [ RunTime:0.003620s ]
ERR: 1146:Table 'db_xx.tb_2012_std' doesn't exist
 [ SQL语句 ] : SHOW COLUMNS FROM `tb_2012_std`
SQL: SELECT * FROM `tb_2012_std` LEFT JOIN tb_grd ON f_std_grdid=grdid WHERE ( stdnm='许鹏杰' ) LIMIT 1   [ RunTime:0.000619s ]
ERR: 1146:Table 'db_xx.tb_2012_std' doesn't exist
 [ SQL语句 ] : SELECT * FROM `tb_2012_std` LEFT JOIN tb_grd ON f_std_grdid=grdid WHERE ( stdnm='许鹏杰' ) LIMIT 1  

[ 2015-10-31T23:36:56+08:00 ] 106.39.248.33 /xx/std.php/Std/loginin
INFO: [ route_check ] --START--
INFO: CheckRoute Behavior ::run [ RunTime:0.003180s ]
INFO: [ route_check ] --END-- [ RunTime:0.003331s ]
INFO: [ app_begin ] --START--
INFO: ReadHtmlCache Behavior ::run [ RunTime:0.001111s ]
INFO: [ app_begin ] --END-- [ RunTime:0.001219s ]
SQL: SHOW COLUMNS FROM `tb_grd` [ RunTime:0.002769s ]
SQL: SELECT * FROM `tb_grd` ORDER BY grdnm DESC  [ RunTime:0.000611s ]
SQL: SHOW COLUMNS FROM `tb_2015_std` [ RunTime:0.003642s ]
SQL: SELECT * FROM `tb_2015_std` LEFT JOIN tb_grd ON f_std_grdid=grdid WHERE ( stdnm='许鹏杰' ) LIMIT 1   [ RunTime:0.000211s ]
SQL: SHOW COLUMNS FROM `tb_2014_std` [ RunTime:0.003638s ]
SQL: SELECT * FROM `tb_2014_std` LEFT JOIN tb_grd ON f_std_grdid=grdid WHERE ( stdnm='许鹏杰' ) LIMIT 1   [ RunTime:0.000205s ]
SQL: SHOW COLUMNS FROM `tb_2013_std` [ RunTime:0.003868s ]
SQL: SELECT * FROM `tb_2013_std` LEFT JOIN tb_grd ON f_std_grdid=grdid WHERE ( stdnm='许鹏杰' ) LIMIT 1   [ RunTime:0.000227s ]
SQL: SHOW COLUMNS FROM `tb_2012_std` [ RunTime:0.002896s ]
ERR: 1146:Table 'db_xx.tb_2012_std' doesn't exist
 [ SQL语句 ] : SHOW COLUMNS FROM `tb_2012_std`
SQL: SELECT * FROM `tb_2012_std` LEFT JOIN tb_grd ON f_std_grdid=grdid WHERE ( stdnm='许鹏杰' ) LIMIT 1   [ RunTime:0.000563s ]
ERR: 1146:Table 'db_xx.tb_2012_std' doesn't exist
 [ SQL语句 ] : SELECT * FROM `tb_2012_std` LEFT JOIN tb_grd ON f_std_grdid=grdid WHERE ( stdnm='许鹏杰' ) LIMIT 1  

[ 2015-10-31T23:37:02+08:00 ] 106.39.248.33 /xx/std.php/Std/loginin
INFO: [ route_check ] --START--
INFO: CheckRoute Behavior ::run [ RunTime:0.007998s ]
INFO: [ route_check ] --END-- [ RunTime:0.008152s ]
INFO: [ app_begin ] --START--
INFO: ReadHtmlCache Behavior ::run [ RunTime:0.014913s ]
INFO: [ app_begin ] --END-- [ RunTime:0.015058s ]
SQL: SHOW COLUMNS FROM `tb_grd` [ RunTime:0.002261s ]
SQL: SELECT * FROM `tb_grd` ORDER BY grdnm DESC  [ RunTime:0.000626s ]
SQL: SHOW COLUMNS FROM `tb_2015_std` [ RunTime:0.003546s ]
SQL: SELECT * FROM `tb_2015_std` LEFT JOIN tb_grd ON f_std_grdid=grdid WHERE ( stdnm='许鹏杰' ) LIMIT 1   [ RunTime:0.000214s ]
SQL: SHOW COLUMNS FROM `tb_2014_std` [ RunTime:0.003482s ]
SQL: SELECT * FROM `tb_2014_std` LEFT JOIN tb_grd ON f_std_grdid=grdid WHERE ( stdnm='许鹏杰' ) LIMIT 1   [ RunTime:0.000208s ]
SQL: SHOW COLUMNS FROM `tb_2013_std` [ RunTime:0.003584s ]
SQL: SELECT * FROM `tb_2013_std` LEFT JOIN tb_grd ON f_std_grdid=grdid WHERE ( stdnm='许鹏杰' ) LIMIT 1   [ RunTime:0.000196s ]
SQL: SHOW COLUMNS FROM `tb_2012_std` [ RunTime:0.002920s ]
ERR: 1146:Table 'db_xx.tb_2012_std' doesn't exist
 [ SQL语句 ] : SHOW COLUMNS FROM `tb_2012_std`
SQL: SELECT * FROM `tb_2012_std` LEFT JOIN tb_grd ON f_std_grdid=grdid WHERE ( stdnm='许鹏杰' ) LIMIT 1   [ RunTime:0.000561s ]
ERR: 1146:Table 'db_xx.tb_2012_std' doesn't exist
 [ SQL语句 ] : SELECT * FROM `tb_2012_std` LEFT JOIN tb_grd ON f_std_grdid=grdid WHERE ( stdnm='许鹏杰' ) LIMIT 1  

[ 2015-10-31T23:37:03+08:00 ] 106.39.248.33 /xx/std.php/Std/loginin
INFO: [ route_check ] --START--
INFO: CheckRoute Behavior ::run [ RunTime:0.008469s ]
INFO: [ route_check ] --END-- [ RunTime:0.008635s ]
INFO: [ app_begin ] --START--
INFO: ReadHtmlCache Behavior ::run [ RunTime:0.007370s ]
INFO: [ app_begin ] --END-- [ RunTime:0.007478s ]
SQL: SHOW COLUMNS FROM `tb_grd` [ RunTime:0.002292s ]
SQL: SELECT * FROM `tb_grd` ORDER BY grdnm DESC  [ RunTime:0.000599s ]
SQL: SHOW COLUMNS FROM `tb_2015_std` [ RunTime:0.003615s ]
SQL: SELECT * FROM `tb_2015_std` LEFT JOIN tb_grd ON f_std_grdid=grdid WHERE ( stdnm='许鹏杰' ) LIMIT 1   [ RunTime:0.000215s ]
SQL: SHOW COLUMNS FROM `tb_2014_std` [ RunTime:0.003644s ]
SQL: SELECT * FROM `tb_2014_std` LEFT JOIN tb_grd ON f_std_grdid=grdid WHERE ( stdnm='许鹏杰' ) LIMIT 1   [ RunTime:0.000217s ]
SQL: SHOW COLUMNS FROM `tb_2013_std` [ RunTime:0.003616s ]
SQL: SELECT * FROM `tb_2013_std` LEFT JOIN tb_grd ON f_std_grdid=grdid WHERE ( stdnm='许鹏杰' ) LIMIT 1   [ RunTime:0.000208s ]
SQL: SHOW COLUMNS FROM `tb_2012_std` [ RunTime:0.002868s ]
ERR: 1146:Table 'db_xx.tb_2012_std' doesn't exist
 [ SQL语句 ] : SHOW COLUMNS FROM `tb_2012_std`
SQL: SELECT * FROM `tb_2012_std` LEFT JOIN tb_grd ON f_std_grdid=grdid WHERE ( stdnm='许鹏杰' ) LIMIT 1   [ RunTime:0.000558s ]
ERR: 1146:Table 'db_xx.tb_2012_std' doesn't exist
 [ SQL语句 ] : SELECT * FROM `tb_2012_std` LEFT JOIN tb_grd ON f_std_grdid=grdid WHERE ( stdnm='许鹏杰' ) LIMIT 1  

