[ 2015-10-07T06:49:47+08:00 ] 157.55.39.40 /xx/std.php
INFO: [ app_begin ] --START--
INFO: ReadHtmlCache Behavior ::run [ RunTime:0.007463s ]
INFO: [ app_begin ] --END-- [ RunTime:0.007628s ]
INFO: [ view_parse ] --START--
INFO: ParseTemplate Behavior ::run [ RunTime:0.072334s ]
INFO: [ view_parse ] --END-- [ RunTime:0.072511s ]
INFO: [ view_filter ] --START--
INFO: ContentReplace Behavior ::run [ RunTime:0.007193s ]
INFO: TokenBuild Behavior ::run [ RunTime:0.007078s ]
INFO: WriteHtmlCache Behavior ::run [ RunTime:0.007428s ]
INFO: ShowRuntime Behavior ::run [ RunTime:0.007262s ]
INFO: [ view_filter ] --END-- [ RunTime:0.029296s ]
INFO: [ view_end ] --START--
INFO: ShowPageTrace Behavior ::run [ RunTime:0.007578s ]
INFO: [ view_end ] --END-- [ RunTime:0.007698s ]

[ 2015-10-07T09:32:33+08:00 ] 66.249.67.112 /xx/std.php
INFO: [ app_begin ] --START--
INFO: ReadHtmlCache Behavior ::run [ RunTime:0.007424s ]
INFO: [ app_begin ] --END-- [ RunTime:0.007574s ]
INFO: [ view_parse ] --START--
INFO: ParseTemplate Behavior ::run [ RunTime:0.055113s ]
INFO: [ view_parse ] --END-- [ RunTime:0.055269s ]
INFO: [ view_filter ] --START--
INFO: ContentReplace Behavior ::run [ RunTime:0.007121s ]
INFO: TokenBuild Behavior ::run [ RunTime:0.004012s ]
INFO: WriteHtmlCache Behavior ::run [ RunTime:0.006863s ]
INFO: ShowRuntime Behavior ::run [ RunTime:0.007404s ]
INFO: [ view_filter ] --END-- [ RunTime:0.025721s ]
INFO: [ view_end ] --START--
INFO: ShowPageTrace Behavior ::run [ RunTime:0.007450s ]
INFO: [ view_end ] --END-- [ RunTime:0.007566s ]

[ 2015-10-07T10:28:46+08:00 ] 66.249.67.118 /xx/std.php
INFO: [ app_begin ] --START--
INFO: ReadHtmlCache Behavior ::run [ RunTime:0.007491s ]
INFO: [ app_begin ] --END-- [ RunTime:0.007647s ]
INFO: [ view_parse ] --START--
INFO: ParseTemplate Behavior ::run [ RunTime:0.057982s ]
INFO: [ view_parse ] --END-- [ RunTime:0.058139s ]
INFO: [ view_filter ] --START--
INFO: ContentReplace Behavior ::run [ RunTime:0.007153s ]
INFO: TokenBuild Behavior ::run [ RunTime:0.007245s ]
INFO: WriteHtmlCache Behavior ::run [ RunTime:0.006895s ]
INFO: ShowRuntime Behavior ::run [ RunTime:0.007277s ]
INFO: [ view_filter ] --END-- [ RunTime:0.028891s ]
INFO: [ view_end ] --START--
INFO: ShowPageTrace Behavior ::run [ RunTime:0.007470s ]
INFO: [ view_end ] --END-- [ RunTime:0.007586s ]

[ 2015-10-07T23:37:29+08:00 ] 66.249.79.101 /xx/std.php
INFO: [ app_begin ] --START--
INFO: ReadHtmlCache Behavior ::run [ RunTime:0.007471s ]
INFO: [ app_begin ] --END-- [ RunTime:0.007630s ]
INFO: [ view_parse ] --START--
INFO: ParseTemplate Behavior ::run [ RunTime:0.059429s ]
INFO: [ view_parse ] --END-- [ RunTime:0.059600s ]
INFO: [ view_filter ] --START--
INFO: ContentReplace Behavior ::run [ RunTime:0.007180s ]
INFO: TokenBuild Behavior ::run [ RunTime:0.007458s ]
INFO: WriteHtmlCache Behavior ::run [ RunTime:0.006896s ]
INFO: ShowRuntime Behavior ::run [ RunTime:0.007267s ]
INFO: [ view_filter ] --END-- [ RunTime:0.029154s ]
INFO: [ view_end ] --START--
INFO: ShowPageTrace Behavior ::run [ RunTime:0.007530s ]
INFO: [ view_end ] --END-- [ RunTime:0.007647s ]

