[ 2015-10-23T11:11:56+08:00 ] 123.126.113.16 /xx/std.php
INFO: [ app_begin ] --START--
INFO: ReadHtmlCache Behavior ::run [ RunTime:0.007415s ]
INFO: [ app_begin ] --END-- [ RunTime:0.007569s ]
INFO: [ view_parse ] --START--
INFO: ParseTemplate Behavior ::run [ RunTime:0.056373s ]
INFO: [ view_parse ] --END-- [ RunTime:0.056604s ]
INFO: [ view_filter ] --START--
INFO: ContentReplace Behavior ::run [ RunTime:0.004861s ]
INFO: TokenBuild Behavior ::run [ RunTime:0.004488s ]
INFO: WriteHtmlCache Behavior ::run [ RunTime:0.007771s ]
INFO: ShowRuntime Behavior ::run [ RunTime:0.007510s ]
INFO: [ view_filter ] --END-- [ RunTime:0.025123s ]
INFO: [ view_end ] --START--
INFO: ShowPageTrace Behavior ::run [ RunTime:0.007526s ]
INFO: [ view_end ] --END-- [ RunTime:0.007641s ]

[ 2015-10-23T13:23:58+08:00 ] 123.125.160.217 /xx/std.php
INFO: [ app_begin ] --START--
INFO: ReadHtmlCache Behavior ::run [ RunTime:0.004348s ]
INFO: [ app_begin ] --END-- [ RunTime:0.004508s ]
INFO: [ view_parse ] --START--
INFO: ParseTemplate Behavior ::run [ RunTime:0.046237s ]
INFO: [ view_parse ] --END-- [ RunTime:0.046393s ]
INFO: [ view_filter ] --START--
INFO: ContentReplace Behavior ::run [ RunTime:0.007542s ]
INFO: TokenBuild Behavior ::run [ RunTime:0.007131s ]
INFO: WriteHtmlCache Behavior ::run [ RunTime:0.007020s ]
INFO: ShowRuntime Behavior ::run [ RunTime:0.007264s ]
INFO: [ view_filter ] --END-- [ RunTime:0.029281s ]
INFO: [ view_end ] --START--
INFO: ShowPageTrace Behavior ::run [ RunTime:0.008035s ]
INFO: [ view_end ] --END-- [ RunTime:0.008162s ]

[ 2015-10-23T13:25:20+08:00 ] 123.125.160.217 /xx/std.php/Std/loginin
INFO: [ route_check ] --START--
INFO: CheckRoute Behavior ::run [ RunTime:0.004839s ]
INFO: [ route_check ] --END-- [ RunTime:0.004991s ]
INFO: [ app_begin ] --START--
INFO: ReadHtmlCache Behavior ::run [ RunTime:0.001151s ]
INFO: [ app_begin ] --END-- [ RunTime:0.001279s ]
SQL: SHOW COLUMNS FROM `tb_grd` [ RunTime:0.002788s ]
SQL: SELECT * FROM `tb_grd` ORDER BY grdnm DESC  [ RunTime:0.000578s ]
NOTIC: [8] Undefined index:  stdnm D:\Program Files\Apache Software Foundation\Apache2.2\htdocs\xx\std\Lib\Action\StdAction.class.php 第 14 行.
NOTIC: [8] Undefined index:  allnm D:\Program Files\Apache Software Foundation\Apache2.2\htdocs\xx\std\Lib\Action\StdAction.class.php 第 15 行.
NOTIC: [8] Undefined index:  rmb D:\Program Files\Apache Software Foundation\Apache2.2\htdocs\xx\std\Lib\Action\StdAction.class.php 第 16 行.
SQL: SHOW COLUMNS FROM `tb_2015_std` [ RunTime:0.004111s ]
SQL: SELECT * FROM `tb_2015_std` LEFT JOIN tb_grd ON f_std_grdid=grdid WHERE ( stdnm='' ) LIMIT 1   [ RunTime:0.002356s ]
SQL: SHOW COLUMNS FROM `tb_2014_std` [ RunTime:0.004255s ]
SQL: SELECT * FROM `tb_2014_std` LEFT JOIN tb_grd ON f_std_grdid=grdid WHERE ( stdnm='' ) LIMIT 1   [ RunTime:0.003767s ]
SQL: SHOW COLUMNS FROM `tb_2013_std` [ RunTime:0.004122s ]
SQL: SELECT * FROM `tb_2013_std` LEFT JOIN tb_grd ON f_std_grdid=grdid WHERE ( stdnm='' ) LIMIT 1   [ RunTime:0.003294s ]
SQL: SHOW COLUMNS FROM `tb_2012_std` [ RunTime:0.003696s ]
ERR: 1146:Table 'db_xx.tb_2012_std' doesn't exist
 [ SQL语句 ] : SHOW COLUMNS FROM `tb_2012_std`
SQL: SELECT * FROM `tb_2012_std` LEFT JOIN tb_grd ON f_std_grdid=grdid WHERE ( stdnm='' ) LIMIT 1   [ RunTime:0.001047s ]
ERR: 1146:Table 'db_xx.tb_2012_std' doesn't exist
 [ SQL语句 ] : SELECT * FROM `tb_2012_std` LEFT JOIN tb_grd ON f_std_grdid=grdid WHERE ( stdnm='' ) LIMIT 1  

[ 2015-10-23T13:28:18+08:00 ] 123.125.160.217 /xx/std.php/Std/loginin
INFO: [ route_check ] --START--
INFO: CheckRoute Behavior ::run [ RunTime:0.007887s ]
INFO: [ route_check ] --END-- [ RunTime:0.008040s ]
INFO: [ app_begin ] --START--
INFO: ReadHtmlCache Behavior ::run [ RunTime:0.007383s ]
INFO: [ app_begin ] --END-- [ RunTime:0.007507s ]
SQL: SHOW COLUMNS FROM `tb_grd` [ RunTime:0.002330s ]
SQL: SELECT * FROM `tb_grd` ORDER BY grdnm DESC  [ RunTime:0.000541s ]
NOTIC: [8] Undefined index:  stdnm D:\Program Files\Apache Software Foundation\Apache2.2\htdocs\xx\std\Lib\Action\StdAction.class.php 第 14 行.
NOTIC: [8] Undefined index:  allnm D:\Program Files\Apache Software Foundation\Apache2.2\htdocs\xx\std\Lib\Action\StdAction.class.php 第 15 行.
NOTIC: [8] Undefined index:  rmb D:\Program Files\Apache Software Foundation\Apache2.2\htdocs\xx\std\Lib\Action\StdAction.class.php 第 16 行.
SQL: SHOW COLUMNS FROM `tb_2015_std` [ RunTime:0.003731s ]
SQL: SELECT * FROM `tb_2015_std` LEFT JOIN tb_grd ON f_std_grdid=grdid WHERE ( stdnm='' ) LIMIT 1   [ RunTime:0.000199s ]
SQL: SHOW COLUMNS FROM `tb_2014_std` [ RunTime:0.003633s ]
SQL: SELECT * FROM `tb_2014_std` LEFT JOIN tb_grd ON f_std_grdid=grdid WHERE ( stdnm='' ) LIMIT 1   [ RunTime:0.000200s ]
SQL: SHOW COLUMNS FROM `tb_2013_std` [ RunTime:0.003639s ]
SQL: SELECT * FROM `tb_2013_std` LEFT JOIN tb_grd ON f_std_grdid=grdid WHERE ( stdnm='' ) LIMIT 1   [ RunTime:0.000188s ]
SQL: SHOW COLUMNS FROM `tb_2012_std` [ RunTime:0.002990s ]
ERR: 1146:Table 'db_xx.tb_2012_std' doesn't exist
 [ SQL语句 ] : SHOW COLUMNS FROM `tb_2012_std`
SQL: SELECT * FROM `tb_2012_std` LEFT JOIN tb_grd ON f_std_grdid=grdid WHERE ( stdnm='' ) LIMIT 1   [ RunTime:0.000596s ]
ERR: 1146:Table 'db_xx.tb_2012_std' doesn't exist
 [ SQL语句 ] : SELECT * FROM `tb_2012_std` LEFT JOIN tb_grd ON f_std_grdid=grdid WHERE ( stdnm='' ) LIMIT 1  

[ 2015-10-23T13:32:05+08:00 ] 123.125.160.217 /xx/std.php/Std/loginin
INFO: [ route_check ] --START--
INFO: CheckRoute Behavior ::run [ RunTime:0.007919s ]
INFO: [ route_check ] --END-- [ RunTime:0.008076s ]
INFO: [ app_begin ] --START--
INFO: ReadHtmlCache Behavior ::run [ RunTime:0.008541s ]
INFO: [ app_begin ] --END-- [ RunTime:0.008732s ]
SQL: SHOW COLUMNS FROM `tb_grd` [ RunTime:0.002309s ]
SQL: SELECT * FROM `tb_grd` ORDER BY grdnm DESC  [ RunTime:0.000596s ]
NOTIC: [8] Undefined index:  stdnm D:\Program Files\Apache Software Foundation\Apache2.2\htdocs\xx\std\Lib\Action\StdAction.class.php 第 14 行.
NOTIC: [8] Undefined index:  allnm D:\Program Files\Apache Software Foundation\Apache2.2\htdocs\xx\std\Lib\Action\StdAction.class.php 第 15 行.
NOTIC: [8] Undefined index:  rmb D:\Program Files\Apache Software Foundation\Apache2.2\htdocs\xx\std\Lib\Action\StdAction.class.php 第 16 行.
SQL: SHOW COLUMNS FROM `tb_2015_std` [ RunTime:0.003648s ]
SQL: SELECT * FROM `tb_2015_std` LEFT JOIN tb_grd ON f_std_grdid=grdid WHERE ( stdnm='' ) LIMIT 1   [ RunTime:0.000219s ]
SQL: SHOW COLUMNS FROM `tb_2014_std` [ RunTime:0.003751s ]
SQL: SELECT * FROM `tb_2014_std` LEFT JOIN tb_grd ON f_std_grdid=grdid WHERE ( stdnm='' ) LIMIT 1   [ RunTime:0.000205s ]
SQL: SHOW COLUMNS FROM `tb_2013_std` [ RunTime:0.003648s ]
SQL: SELECT * FROM `tb_2013_std` LEFT JOIN tb_grd ON f_std_grdid=grdid WHERE ( stdnm='' ) LIMIT 1   [ RunTime:0.000207s ]
SQL: SHOW COLUMNS FROM `tb_2012_std` [ RunTime:0.002907s ]
ERR: 1146:Table 'db_xx.tb_2012_std' doesn't exist
 [ SQL语句 ] : SHOW COLUMNS FROM `tb_2012_std`
SQL: SELECT * FROM `tb_2012_std` LEFT JOIN tb_grd ON f_std_grdid=grdid WHERE ( stdnm='' ) LIMIT 1   [ RunTime:0.000594s ]
ERR: 1146:Table 'db_xx.tb_2012_std' doesn't exist
 [ SQL语句 ] : SELECT * FROM `tb_2012_std` LEFT JOIN tb_grd ON f_std_grdid=grdid WHERE ( stdnm='' ) LIMIT 1  

[ 2015-10-23T13:55:33+08:00 ] 123.125.160.217 /xx/std.php?%22%20onmousemove='alert(42873)'wb=%22
INFO: [ app_begin ] --START--
INFO: ReadHtmlCache Behavior ::run [ RunTime:0.001136s ]
INFO: [ app_begin ] --END-- [ RunTime:0.001284s ]
INFO: [ view_parse ] --START--
INFO: ParseTemplate Behavior ::run [ RunTime:0.044595s ]
INFO: [ view_parse ] --END-- [ RunTime:0.044750s ]
INFO: [ view_filter ] --START--
INFO: ContentReplace Behavior ::run [ RunTime:0.007226s ]
INFO: TokenBuild Behavior ::run [ RunTime:0.007077s ]
INFO: WriteHtmlCache Behavior ::run [ RunTime:0.007047s ]
INFO: ShowRuntime Behavior ::run [ RunTime:0.007215s ]
INFO: [ view_filter ] --END-- [ RunTime:0.028886s ]
INFO: [ view_end ] --START--
INFO: ShowPageTrace Behavior ::run [ RunTime:0.007543s ]
INFO: [ view_end ] --END-- [ RunTime:0.007660s ]

[ 2015-10-23T13:55:41+08:00 ] 123.125.160.217 /xx/std.php?xss_test%3Cscript%3Eprompt(42873);%3C/script%3E
INFO: [ app_begin ] --START--
INFO: ReadHtmlCache Behavior ::run [ RunTime:0.007866s ]
INFO: [ app_begin ] --END-- [ RunTime:0.008102s ]
INFO: [ view_parse ] --START--
INFO: ParseTemplate Behavior ::run [ RunTime:0.060988s ]
INFO: [ view_parse ] --END-- [ RunTime:0.061189s ]
INFO: [ view_filter ] --START--
INFO: ContentReplace Behavior ::run [ RunTime:0.007139s ]
INFO: TokenBuild Behavior ::run [ RunTime:0.007191s ]
INFO: WriteHtmlCache Behavior ::run [ RunTime:0.006897s ]
INFO: ShowRuntime Behavior ::run [ RunTime:0.007662s ]
INFO: [ view_filter ] --END-- [ RunTime:0.029215s ]
INFO: [ view_end ] --START--
INFO: ShowPageTrace Behavior ::run [ RunTime:0.007477s ]
INFO: [ view_end ] --END-- [ RunTime:0.007592s ]

[ 2015-10-23T13:55:43+08:00 ] 0.0.0.0 /xx/std.php
INFO: [ app_begin ] --START--
INFO: ReadHtmlCache Behavior ::run [ RunTime:0.007650s ]
INFO: [ app_begin ] --END-- [ RunTime:0.007805s ]
INFO: [ view_parse ] --START--
INFO: ParseTemplate Behavior ::run [ RunTime:0.058012s ]
INFO: [ view_parse ] --END-- [ RunTime:0.058242s ]
INFO: [ view_filter ] --START--
INFO: ContentReplace Behavior ::run [ RunTime:0.008104s ]
INFO: TokenBuild Behavior ::run [ RunTime:0.007935s ]
INFO: WriteHtmlCache Behavior ::run [ RunTime:0.007041s ]
INFO: ShowRuntime Behavior ::run [ RunTime:0.007232s ]
INFO: [ view_filter ] --END-- [ RunTime:0.030733s ]
INFO: [ view_end ] --START--
INFO: ShowPageTrace Behavior ::run [ RunTime:0.007856s ]
INFO: [ view_end ] --END-- [ RunTime:0.007979s ]

[ 2015-10-23T13:55:45+08:00 ] 123.125.160.217 /xx/std.php?redirect:%25%7B23.5*2.35%7D
INFO: [ app_begin ] --START--
INFO: ReadHtmlCache Behavior ::run [ RunTime:0.007530s ]
INFO: [ app_begin ] --END-- [ RunTime:0.007684s ]
INFO: [ view_parse ] --START--
INFO: ParseTemplate Behavior ::run [ RunTime:0.055778s ]
INFO: [ view_parse ] --END-- [ RunTime:0.055936s ]
INFO: [ view_filter ] --START--
INFO: ContentReplace Behavior ::run [ RunTime:0.007227s ]
INFO: TokenBuild Behavior ::run [ RunTime:0.007088s ]
INFO: WriteHtmlCache Behavior ::run [ RunTime:0.007216s ]
INFO: ShowRuntime Behavior ::run [ RunTime:0.007239s ]
INFO: [ view_filter ] --END-- [ RunTime:0.029094s ]
INFO: [ view_end ] --START--
INFO: ShowPageTrace Behavior ::run [ RunTime:0.007632s ]
INFO: [ view_end ] --END-- [ RunTime:0.007749s ]

[ 2015-10-23T14:54:27+08:00 ] 182.118.33.6 /xx/std.php
INFO: [ app_begin ] --START--
INFO: ReadHtmlCache Behavior ::run [ RunTime:0.004638s ]
INFO: [ app_begin ] --END-- [ RunTime:0.004796s ]
INFO: [ view_parse ] --START--
INFO: ParseTemplate Behavior ::run [ RunTime:0.044146s ]
INFO: [ view_parse ] --END-- [ RunTime:0.044295s ]
INFO: [ view_filter ] --START--
INFO: ContentReplace Behavior ::run [ RunTime:0.007277s ]
INFO: TokenBuild Behavior ::run [ RunTime:0.007060s ]
INFO: WriteHtmlCache Behavior ::run [ RunTime:0.007238s ]
INFO: ShowRuntime Behavior ::run [ RunTime:0.007207s ]
INFO: [ view_filter ] --END-- [ RunTime:0.029108s ]
INFO: [ view_end ] --START--
INFO: ShowPageTrace Behavior ::run [ RunTime:0.007581s ]
INFO: [ view_end ] --END-- [ RunTime:0.007696s ]

[ 2015-10-23T14:57:10+08:00 ] 182.118.33.6 /xx/std.php/Std/loginin
INFO: [ route_check ] --START--
INFO: CheckRoute Behavior ::run [ RunTime:0.007926s ]
INFO: [ route_check ] --END-- [ RunTime:0.008088s ]
INFO: [ app_begin ] --START--
INFO: ReadHtmlCache Behavior ::run [ RunTime:0.007356s ]
INFO: [ app_begin ] --END-- [ RunTime:0.007477s ]
SQL: SHOW COLUMNS FROM `tb_grd` [ RunTime:0.002308s ]
SQL: SELECT * FROM `tb_grd` ORDER BY grdnm DESC  [ RunTime:0.000573s ]
NOTIC: [8] Undefined index:  stdnm D:\Program Files\Apache Software Foundation\Apache2.2\htdocs\xx\std\Lib\Action\StdAction.class.php 第 14 行.
NOTIC: [8] Undefined index:  allnm D:\Program Files\Apache Software Foundation\Apache2.2\htdocs\xx\std\Lib\Action\StdAction.class.php 第 15 行.
NOTIC: [8] Undefined index:  rmb D:\Program Files\Apache Software Foundation\Apache2.2\htdocs\xx\std\Lib\Action\StdAction.class.php 第 16 行.
SQL: SHOW COLUMNS FROM `tb_2015_std` [ RunTime:0.003966s ]
SQL: SELECT * FROM `tb_2015_std` LEFT JOIN tb_grd ON f_std_grdid=grdid WHERE ( stdnm='' ) LIMIT 1   [ RunTime:0.000218s ]
SQL: SHOW COLUMNS FROM `tb_2014_std` [ RunTime:0.003784s ]
SQL: SELECT * FROM `tb_2014_std` LEFT JOIN tb_grd ON f_std_grdid=grdid WHERE ( stdnm='' ) LIMIT 1   [ RunTime:0.000482s ]
SQL: SHOW COLUMNS FROM `tb_2013_std` [ RunTime:0.004038s ]
SQL: SELECT * FROM `tb_2013_std` LEFT JOIN tb_grd ON f_std_grdid=grdid WHERE ( stdnm='' ) LIMIT 1   [ RunTime:0.000212s ]
SQL: SHOW COLUMNS FROM `tb_2012_std` [ RunTime:0.002857s ]
ERR: 1146:Table 'db_xx.tb_2012_std' doesn't exist
 [ SQL语句 ] : SHOW COLUMNS FROM `tb_2012_std`
SQL: SELECT * FROM `tb_2012_std` LEFT JOIN tb_grd ON f_std_grdid=grdid WHERE ( stdnm='' ) LIMIT 1   [ RunTime:0.000591s ]
ERR: 1146:Table 'db_xx.tb_2012_std' doesn't exist
 [ SQL语句 ] : SELECT * FROM `tb_2012_std` LEFT JOIN tb_grd ON f_std_grdid=grdid WHERE ( stdnm='' ) LIMIT 1  

[ 2015-10-23T15:00:52+08:00 ] 182.118.33.6 /xx/std.php/Std/loginin
INFO: [ route_check ] --START--
INFO: CheckRoute Behavior ::run [ RunTime:0.007949s ]
INFO: [ route_check ] --END-- [ RunTime:0.008113s ]
INFO: [ app_begin ] --START--
INFO: ReadHtmlCache Behavior ::run [ RunTime:0.007396s ]
INFO: [ app_begin ] --END-- [ RunTime:0.007524s ]
SQL: SHOW COLUMNS FROM `tb_grd` [ RunTime:0.002296s ]
SQL: SELECT * FROM `tb_grd` ORDER BY grdnm DESC  [ RunTime:0.000588s ]
NOTIC: [8] Undefined index:  stdnm D:\Program Files\Apache Software Foundation\Apache2.2\htdocs\xx\std\Lib\Action\StdAction.class.php 第 14 行.
NOTIC: [8] Undefined index:  allnm D:\Program Files\Apache Software Foundation\Apache2.2\htdocs\xx\std\Lib\Action\StdAction.class.php 第 15 行.
NOTIC: [8] Undefined index:  rmb D:\Program Files\Apache Software Foundation\Apache2.2\htdocs\xx\std\Lib\Action\StdAction.class.php 第 16 行.
SQL: SHOW COLUMNS FROM `tb_2015_std` [ RunTime:0.003508s ]
SQL: SELECT * FROM `tb_2015_std` LEFT JOIN tb_grd ON f_std_grdid=grdid WHERE ( stdnm='' ) LIMIT 1   [ RunTime:0.000205s ]
SQL: SHOW COLUMNS FROM `tb_2014_std` [ RunTime:0.003521s ]
SQL: SELECT * FROM `tb_2014_std` LEFT JOIN tb_grd ON f_std_grdid=grdid WHERE ( stdnm='' ) LIMIT 1   [ RunTime:0.000208s ]
SQL: SHOW COLUMNS FROM `tb_2013_std` [ RunTime:0.003471s ]
SQL: SELECT * FROM `tb_2013_std` LEFT JOIN tb_grd ON f_std_grdid=grdid WHERE ( stdnm='' ) LIMIT 1   [ RunTime:0.000226s ]
SQL: SHOW COLUMNS FROM `tb_2012_std` [ RunTime:0.002888s ]
ERR: 1146:Table 'db_xx.tb_2012_std' doesn't exist
 [ SQL语句 ] : SHOW COLUMNS FROM `tb_2012_std`
SQL: SELECT * FROM `tb_2012_std` LEFT JOIN tb_grd ON f_std_grdid=grdid WHERE ( stdnm='' ) LIMIT 1   [ RunTime:0.000589s ]
ERR: 1146:Table 'db_xx.tb_2012_std' doesn't exist
 [ SQL语句 ] : SELECT * FROM `tb_2012_std` LEFT JOIN tb_grd ON f_std_grdid=grdid WHERE ( stdnm='' ) LIMIT 1  

[ 2015-10-23T15:03:50+08:00 ] 182.118.33.6 /xx/std.php/Std/loginin
INFO: [ route_check ] --START--
INFO: CheckRoute Behavior ::run [ RunTime:0.007885s ]
INFO: [ route_check ] --END-- [ RunTime:0.008041s ]
INFO: [ app_begin ] --START--
INFO: ReadHtmlCache Behavior ::run [ RunTime:0.006738s ]
INFO: [ app_begin ] --END-- [ RunTime:0.006911s ]
SQL: SHOW COLUMNS FROM `tb_grd` [ RunTime:0.002291s ]
SQL: SELECT * FROM `tb_grd` ORDER BY grdnm DESC  [ RunTime:0.000579s ]
NOTIC: [8] Undefined index:  stdnm D:\Program Files\Apache Software Foundation\Apache2.2\htdocs\xx\std\Lib\Action\StdAction.class.php 第 14 行.
NOTIC: [8] Undefined index:  allnm D:\Program Files\Apache Software Foundation\Apache2.2\htdocs\xx\std\Lib\Action\StdAction.class.php 第 15 行.
NOTIC: [8] Undefined index:  rmb D:\Program Files\Apache Software Foundation\Apache2.2\htdocs\xx\std\Lib\Action\StdAction.class.php 第 16 行.
SQL: SHOW COLUMNS FROM `tb_2015_std` [ RunTime:0.003636s ]
SQL: SELECT * FROM `tb_2015_std` LEFT JOIN tb_grd ON f_std_grdid=grdid WHERE ( stdnm='' ) LIMIT 1   [ RunTime:0.000215s ]
SQL: SHOW COLUMNS FROM `tb_2014_std` [ RunTime:0.003626s ]
SQL: SELECT * FROM `tb_2014_std` LEFT JOIN tb_grd ON f_std_grdid=grdid WHERE ( stdnm='' ) LIMIT 1   [ RunTime:0.000202s ]
SQL: SHOW COLUMNS FROM `tb_2013_std` [ RunTime:0.003635s ]
SQL: SELECT * FROM `tb_2013_std` LEFT JOIN tb_grd ON f_std_grdid=grdid WHERE ( stdnm='' ) LIMIT 1   [ RunTime:0.000220s ]
SQL: SHOW COLUMNS FROM `tb_2012_std` [ RunTime:0.002856s ]
ERR: 1146:Table 'db_xx.tb_2012_std' doesn't exist
 [ SQL语句 ] : SHOW COLUMNS FROM `tb_2012_std`
SQL: SELECT * FROM `tb_2012_std` LEFT JOIN tb_grd ON f_std_grdid=grdid WHERE ( stdnm='' ) LIMIT 1   [ RunTime:0.000570s ]
ERR: 1146:Table 'db_xx.tb_2012_std' doesn't exist
 [ SQL语句 ] : SELECT * FROM `tb_2012_std` LEFT JOIN tb_grd ON f_std_grdid=grdid WHERE ( stdnm='' ) LIMIT 1  

[ 2015-10-23T15:27:51+08:00 ] 182.118.33.6 /xx/std.php?%22%20onmousemove='alert(42873)'wb=%22
INFO: [ app_begin ] --START--
INFO: ReadHtmlCache Behavior ::run [ RunTime:0.008005s ]
INFO: [ app_begin ] --END-- [ RunTime:0.008184s ]
INFO: [ view_parse ] --START--
INFO: ParseTemplate Behavior ::run [ RunTime:0.059759s ]
INFO: [ view_parse ] --END-- [ RunTime:0.059932s ]
INFO: [ view_filter ] --START--
INFO: ContentReplace Behavior ::run [ RunTime:0.007238s ]
INFO: TokenBuild Behavior ::run [ RunTime:0.008668s ]
INFO: WriteHtmlCache Behavior ::run [ RunTime:0.007009s ]
INFO: ShowRuntime Behavior ::run [ RunTime:0.007727s ]
INFO: [ view_filter ] --END-- [ RunTime:0.031012s ]
INFO: [ view_end ] --START--
INFO: ShowPageTrace Behavior ::run [ RunTime:0.007533s ]
INFO: [ view_end ] --END-- [ RunTime:0.007651s ]

[ 2015-10-23T15:27:54+08:00 ] 182.118.33.6 /xx/std.php?xss_test%3Cscript%3Eprompt(42873);%3C/script%3E
INFO: [ app_begin ] --START--
INFO: ReadHtmlCache Behavior ::run [ RunTime:0.019940s ]
INFO: [ app_begin ] --END-- [ RunTime:0.020129s ]
INFO: [ view_parse ] --START--
INFO: ParseTemplate Behavior ::run [ RunTime:0.066622s ]
INFO: [ view_parse ] --END-- [ RunTime:0.066813s ]
INFO: [ view_filter ] --START--
INFO: ContentReplace Behavior ::run [ RunTime:0.007265s ]
INFO: TokenBuild Behavior ::run [ RunTime:0.008008s ]
INFO: WriteHtmlCache Behavior ::run [ RunTime:0.007661s ]
INFO: ShowRuntime Behavior ::run [ RunTime:0.008346s ]
INFO: [ view_filter ] --END-- [ RunTime:0.031628s ]
INFO: [ view_end ] --START--
INFO: ShowPageTrace Behavior ::run [ RunTime:0.008744s ]
INFO: [ view_end ] --END-- [ RunTime:0.008887s ]

[ 2015-10-23T15:28:00+08:00 ] 0.0.0.0 /xx/std.php
INFO: [ app_begin ] --START--
INFO: ReadHtmlCache Behavior ::run [ RunTime:0.008024s ]
INFO: [ app_begin ] --END-- [ RunTime:0.008184s ]
INFO: [ view_parse ] --START--
INFO: ParseTemplate Behavior ::run [ RunTime:0.055555s ]
INFO: [ view_parse ] --END-- [ RunTime:0.055708s ]
INFO: [ view_filter ] --START--
INFO: ContentReplace Behavior ::run [ RunTime:0.007167s ]
INFO: TokenBuild Behavior ::run [ RunTime:0.007081s ]
INFO: WriteHtmlCache Behavior ::run [ RunTime:0.006878s ]
INFO: ShowRuntime Behavior ::run [ RunTime:0.007829s ]
INFO: [ view_filter ] --END-- [ RunTime:0.029280s ]
INFO: [ view_end ] --START--
INFO: ShowPageTrace Behavior ::run [ RunTime:0.007492s ]
INFO: [ view_end ] --END-- [ RunTime:0.007607s ]

[ 2015-10-23T15:28:05+08:00 ] 182.118.33.6 /xx/std.php?redirect:%25%7B23.5*2.35%7D
INFO: [ app_begin ] --START--
INFO: ReadHtmlCache Behavior ::run [ RunTime:0.007564s ]
INFO: [ app_begin ] --END-- [ RunTime:0.007716s ]
INFO: [ view_parse ] --START--
INFO: ParseTemplate Behavior ::run [ RunTime:0.060893s ]
INFO: [ view_parse ] --END-- [ RunTime:0.061047s ]
INFO: [ view_filter ] --START--
INFO: ContentReplace Behavior ::run [ RunTime:0.007440s ]
INFO: TokenBuild Behavior ::run [ RunTime:0.007094s ]
INFO: WriteHtmlCache Behavior ::run [ RunTime:0.007088s ]
INFO: ShowRuntime Behavior ::run [ RunTime:0.007237s ]
INFO: [ view_filter ] --END-- [ RunTime:0.029182s ]
INFO: [ view_end ] --START--
INFO: ShowPageTrace Behavior ::run [ RunTime:0.007660s ]
INFO: [ view_end ] --END-- [ RunTime:0.007776s ]

[ 2015-10-23T23:34:18+08:00 ] 182.118.20.224 /xx/std.php
INFO: [ app_begin ] --START--
INFO: ReadHtmlCache Behavior ::run [ RunTime:0.008202s ]
INFO: [ app_begin ] --END-- [ RunTime:0.008368s ]
INFO: [ view_parse ] --START--
INFO: ParseTemplate Behavior ::run [ RunTime:0.060720s ]
INFO: [ view_parse ] --END-- [ RunTime:0.060873s ]
INFO: [ view_filter ] --START--
INFO: ContentReplace Behavior ::run [ RunTime:0.007433s ]
INFO: TokenBuild Behavior ::run [ RunTime:0.007150s ]
INFO: WriteHtmlCache Behavior ::run [ RunTime:0.006955s ]
INFO: ShowRuntime Behavior ::run [ RunTime:0.007287s ]
INFO: [ view_filter ] --END-- [ RunTime:0.029148s ]
INFO: [ view_end ] --START--
INFO: ShowPageTrace Behavior ::run [ RunTime:0.008460s ]
INFO: [ view_end ] --END-- [ RunTime:0.008590s ]

