[ 2015-11-05T06:27:35+08:00 ] 66.249.69.19 /xx/std.php
INFO: [ app_begin ] --START--
INFO: ReadHtmlCache Behavior ::run [ RunTime:0.007427s ]
INFO: [ app_begin ] --END-- [ RunTime:0.007583s ]
INFO: [ view_parse ] --START--
INFO: ParseTemplate Behavior ::run [ RunTime:0.060520s ]
INFO: [ view_parse ] --END-- [ RunTime:0.060675s ]
INFO: [ view_filter ] --START--
INFO: ContentReplace Behavior ::run [ RunTime:0.007128s ]
INFO: TokenBuild Behavior ::run [ RunTime:0.007437s ]
INFO: WriteHtmlCache Behavior ::run [ RunTime:0.006915s ]
INFO: ShowRuntime Behavior ::run [ RunTime:0.007261s ]
INFO: [ view_filter ] --END-- [ RunTime:0.029068s ]
INFO: [ view_end ] --START--
INFO: ShowPageTrace Behavior ::run [ RunTime:0.007494s ]
INFO: [ view_end ] --END-- [ RunTime:0.007611s ]

[ 2015-11-05T21:16:27+08:00 ] 123.126.113.20 /xx/std.php
INFO: [ app_begin ] --START--
INFO: ReadHtmlCache Behavior ::run [ RunTime:0.007454s ]
INFO: [ app_begin ] --END-- [ RunTime:0.007608s ]
INFO: [ view_parse ] --START--
INFO: ParseTemplate Behavior ::run [ RunTime:0.069029s ]
INFO: [ view_parse ] --END-- [ RunTime:0.069211s ]
INFO: [ view_filter ] --START--
INFO: ContentReplace Behavior ::run [ RunTime:0.007509s ]
INFO: TokenBuild Behavior ::run [ RunTime:0.007123s ]
INFO: WriteHtmlCache Behavior ::run [ RunTime:0.007129s ]
INFO: ShowRuntime Behavior ::run [ RunTime:0.007265s ]
INFO: [ view_filter ] --END-- [ RunTime:0.029358s ]
INFO: [ view_end ] --START--
INFO: ShowPageTrace Behavior ::run [ RunTime:0.007591s ]
INFO: [ view_end ] --END-- [ RunTime:0.007708s ]

