[ 2015-12-06T12:04:39+08:00 ] 188.143.232.43 /xx/std.php
INFO: [ app_begin ] --START--
INFO: ReadHtmlCache Behavior ::run [ RunTime:0.007543s ]
INFO: [ app_begin ] --END-- [ RunTime:0.007705s ]
INFO: [ view_parse ] --START--
INFO: ParseTemplate Behavior ::run [ RunTime:0.065775s ]
INFO: [ view_parse ] --END-- [ RunTime:0.065941s ]
INFO: [ view_filter ] --START--
INFO: ContentReplace Behavior ::run [ RunTime:0.007372s ]
INFO: TokenBuild Behavior ::run [ RunTime:0.007226s ]
INFO: WriteHtmlCache Behavior ::run [ RunTime:0.006980s ]
INFO: ShowRuntime Behavior ::run [ RunTime:0.007469s ]
INFO: [ view_filter ] --END-- [ RunTime:0.029379s ]
INFO: [ view_end ] --START--
INFO: ShowPageTrace Behavior ::run [ RunTime:0.007582s ]
INFO: [ view_end ] --END-- [ RunTime:0.007699s ]

[ 2015-12-06T14:18:55+08:00 ] 42.62.37.183 /xx/std.php
INFO: [ app_begin ] --START--
INFO: ReadHtmlCache Behavior ::run [ RunTime:0.007514s ]
INFO: [ app_begin ] --END-- [ RunTime:0.007668s ]
INFO: [ view_parse ] --START--
INFO: ParseTemplate Behavior ::run [ RunTime:0.061230s ]
INFO: [ view_parse ] --END-- [ RunTime:0.061392s ]
INFO: [ view_filter ] --START--
INFO: ContentReplace Behavior ::run [ RunTime:0.007399s ]
INFO: TokenBuild Behavior ::run [ RunTime:0.007292s ]
INFO: WriteHtmlCache Behavior ::run [ RunTime:0.004036s ]
INFO: ShowRuntime Behavior ::run [ RunTime:0.007276s ]
INFO: [ view_filter ] --END-- [ RunTime:0.026340s ]
INFO: [ view_end ] --START--
INFO: ShowPageTrace Behavior ::run [ RunTime:0.007554s ]
INFO: [ view_end ] --END-- [ RunTime:0.007669s ]

[ 2015-12-06T14:18:55+08:00 ] 42.62.37.183 /xx/std.php
INFO: [ app_begin ] --START--
INFO: ReadHtmlCache Behavior ::run [ RunTime:0.007438s ]
INFO: [ app_begin ] --END-- [ RunTime:0.007595s ]
INFO: [ view_parse ] --START--
INFO: ParseTemplate Behavior ::run [ RunTime:0.057962s ]
INFO: [ view_parse ] --END-- [ RunTime:0.058130s ]
INFO: [ view_filter ] --START--
INFO: ContentReplace Behavior ::run [ RunTime:0.007188s ]
INFO: TokenBuild Behavior ::run [ RunTime:0.007298s ]
INFO: WriteHtmlCache Behavior ::run [ RunTime:0.007118s ]
INFO: ShowRuntime Behavior ::run [ RunTime:0.007237s ]
INFO: [ view_filter ] --END-- [ RunTime:0.029180s ]
INFO: [ view_end ] --START--
INFO: ShowPageTrace Behavior ::run [ RunTime:0.007729s ]
INFO: [ view_end ] --END-- [ RunTime:0.007852s ]

[ 2015-12-06T22:54:39+08:00 ] 111.197.179.86 /xx/std.php
INFO: [ app_begin ] --START--
INFO: ReadHtmlCache Behavior ::run [ RunTime:0.007423s ]
INFO: [ app_begin ] --END-- [ RunTime:0.007583s ]
INFO: [ view_parse ] --START--
INFO: ParseTemplate Behavior ::run [ RunTime:0.057915s ]
INFO: [ view_parse ] --END-- [ RunTime:0.058074s ]
INFO: [ view_filter ] --START--
INFO: ContentReplace Behavior ::run [ RunTime:0.007350s ]
INFO: TokenBuild Behavior ::run [ RunTime:0.007205s ]
INFO: WriteHtmlCache Behavior ::run [ RunTime:0.006946s ]
INFO: ShowRuntime Behavior ::run [ RunTime:0.007411s ]
INFO: [ view_filter ] --END-- [ RunTime:0.029243s ]
INFO: [ view_end ] --START--
INFO: ShowPageTrace Behavior ::run [ RunTime:0.007566s ]
INFO: [ view_end ] --END-- [ RunTime:0.007684s ]

