[ 2015-09-05T13:38:08+08:00 ] 68.180.228.176 /xx/zsptwap.php/Atc/query/bdid/15
INFO: [ route_check ] --START--
INFO: CheckRoute Behavior ::run [ RunTime:0.008128s ]
INFO: [ route_check ] --END-- [ RunTime:0.008281s ]
INFO: [ app_begin ] --START--
INFO: ReadHtmlCache Behavior ::run [ RunTime:0.004379s ]
INFO: [ app_begin ] --END-- [ RunTime:0.004502s ]
SQL: SHOW COLUMNS FROM `tb_zssz` [ RunTime:0.002527s ]
SQL: SELECT * FROM `tb_zssz` LIMIT 1   [ RunTime:0.000518s ]
SQL: SHOW COLUMNS FROM `tb_grd` [ RunTime:0.002065s ]
SQL: SELECT * FROM `tb_grd` WHERE ( grdid=4 ) LIMIT 1   [ RunTime:0.000547s ]
SQL: SHOW COLUMNS FROM `tb_2015_std` [ RunTime:0.003563s ]
SQL: SELECT * FROM `tb_2015_std` WHERE ( stdid= ) LIMIT 1   [ RunTime:0.000196s ]
ERR: 1064:You have an error in your SQL syntax; check the manual that corresponds to your MySQL server version for the right syntax to use near ') LIMIT 1' at line 1
 [ SQL语句 ] : SELECT * FROM `tb_2015_std` WHERE ( stdid= ) LIMIT 1  
SQL: SHOW COLUMNS FROM `tb_atc` [ RunTime:0.005475s ]
SQL: SHOW COLUMNS FROM `tb_bd` [ RunTime:0.003861s ]
NOTIC: [8] Undefined index:  atcanc D:\Program Files\Apache Software Foundation\Apache2.2\htdocs\xx\zsptwap\Lib\Action\AtcAction.class.php 第 122 行.
NOTIC: [8] Undefined index:  atcdnmc D:\Program Files\Apache Software Foundation\Apache2.2\htdocs\xx\zsptwap\Lib\Action\AtcAction.class.php 第 130 行.
NOTIC: [8] Undefined index:  atckw D:\Program Files\Apache Software Foundation\Apache2.2\htdocs\xx\zsptwap\Lib\Action\AtcAction.class.php 第 138 行.
SQL: SELECT * FROM `tb_bd` WHERE ( bdid=15 ) LIMIT 1   [ RunTime:0.000185s ]
SQL: SELECT * FROM `tb_bd` ORDER BY bdodr ASC  [ RunTime:0.000160s ]
SQL: SELECT * FROM `tb_bd` WHERE ( bdpid=15 ) ORDER BY bdodr ASC  [ RunTime:0.000404s ]
SQL: SELECT * FROM `tb_bd` WHERE ( bdpid=0 ) ORDER BY bdodr ASC  [ RunTime:0.000164s ]
SQL: SELECT `atcid`,`atctpc`,`atcmdftm`,`atctp`,`atccv`,`atczn`,`atctc`,`atccnt` FROM `tb_atc` WHERE ( atcps=1 AND atcvw=1 AND atcnw=0 AND (f_atc_bdid=15) ) ORDER BY atctp DESC,atcmdftm DESC LIMIT 0,10   [ RunTime:0.000376s ]
SQL: SHOW COLUMNS FROM `tb_cstmcmt` [ RunTime:0.002786s ]
SQL: SELECT COUNT(*) AS tp_count FROM `tb_cstmcmt` WHERE ( f_cstmcmt_atcid=20 ) LIMIT 1   [ RunTime:0.000513s ]
SQL: SELECT `atcid`,`atctpc`,`atcmdftm`,`atctp`,`atccv` FROM `tb_atc` WHERE ( atcps=1 AND atcvw=1 AND atcnw=0 AND (f_atc_bdid=15) ) ORDER BY atctp DESC,atcmdftm DESC LIMIT 10,1   [ RunTime:0.000335s ]
INFO: [ view_parse ] --START--
NOTIC: [8] Undefined index:  actvcls D:\Program Files\Apache Software Foundation\Apache2.2\htdocs\xx\zsptwap\Runtime\Cache\c31be9c2b88d6bec0856920cbdfb6caf.php 第 71 行.
NOTIC: [8] Undefined index:  actvcls D:\Program Files\Apache Software Foundation\Apache2.2\htdocs\xx\zsptwap\Runtime\Cache\c31be9c2b88d6bec0856920cbdfb6caf.php 第 71 行.
NOTIC: [8] Undefined index:  actvcls D:\Program Files\Apache Software Foundation\Apache2.2\htdocs\xx\zsptwap\Runtime\Cache\c31be9c2b88d6bec0856920cbdfb6caf.php 第 71 行.
NOTIC: [8] Undefined index:  actvcls D:\Program Files\Apache Software Foundation\Apache2.2\htdocs\xx\zsptwap\Runtime\Cache\c31be9c2b88d6bec0856920cbdfb6caf.php 第 71 行.
NOTIC: [8] Undefined index:  actvcls D:\Program Files\Apache Software Foundation\Apache2.2\htdocs\xx\zsptwap\Runtime\Cache\c31be9c2b88d6bec0856920cbdfb6caf.php 第 71 行.
NOTIC: [8] Undefined index:  actvcls D:\Program Files\Apache Software Foundation\Apache2.2\htdocs\xx\zsptwap\Runtime\Cache\c31be9c2b88d6bec0856920cbdfb6caf.php 第 71 行.
NOTIC: [8] Undefined index:  actvcls D:\Program Files\Apache Software Foundation\Apache2.2\htdocs\xx\zsptwap\Runtime\Cache\c31be9c2b88d6bec0856920cbdfb6caf.php 第 71 行.
NOTIC: [8] Undefined index:  actvcls D:\Program Files\Apache Software Foundation\Apache2.2\htdocs\xx\zsptwap\Runtime\Cache\c31be9c2b88d6bec0856920cbdfb6caf.php 第 71 行.
NOTIC: [8] Undefined variable: wxusross D:\Program Files\Apache Software Foundation\Apache2.2\htdocs\xx\zsptwap\Runtime\Cache\c31be9c2b88d6bec0856920cbdfb6caf.php 第 168 行.
INFO: ParseTemplate Behavior ::run [ RunTime:0.075270s ]
INFO: [ view_parse ] --END-- [ RunTime:0.075436s ]
INFO: [ view_filter ] --START--
INFO: ContentReplace Behavior ::run [ RunTime:0.004569s ]
INFO: TokenBuild Behavior ::run [ RunTime:0.004131s ]
INFO: WriteHtmlCache Behavior ::run [ RunTime:0.007070s ]
INFO: ShowRuntime Behavior ::run [ RunTime:0.007468s ]
INFO: [ view_filter ] --END-- [ RunTime:0.023556s ]
INFO: [ view_end ] --START--
INFO: ShowPageTrace Behavior ::run [ RunTime:0.007680s ]
INFO: [ view_end ] --END-- [ RunTime:0.007792s ]

