[ 2015-09-06T09:29:23+08:00 ] 112.17.239.111 /xx/zsptwap.php
INFO: [ app_begin ] --START--
INFO: ReadHtmlCache Behavior ::run [ RunTime:0.007615s ]
INFO: [ app_begin ] --END-- [ RunTime:0.007771s ]
SQL: SHOW COLUMNS FROM `tb_zssz` [ RunTime:0.003061s ]
SQL: SELECT * FROM `tb_zssz` LIMIT 1   [ RunTime:0.000409s ]
SQL: SHOW COLUMNS FROM `tb_grd` [ RunTime:0.002068s ]
SQL: SELECT * FROM `tb_grd` WHERE ( grdid=4 ) LIMIT 1   [ RunTime:0.000565s ]
SQL: SHOW COLUMNS FROM `tb_2015_std` [ RunTime:0.003801s ]
SQL: SELECT * FROM `tb_2015_std` WHERE ( stdid= ) LIMIT 1   [ RunTime:0.000195s ]
ERR: 1064:You have an error in your SQL syntax; check the manual that corresponds to your MySQL server version for the right syntax to use near ') LIMIT 1' at line 1
 [ SQL语句 ] : SELECT * FROM `tb_2015_std` WHERE ( stdid= ) LIMIT 1  
SQL: SHOW COLUMNS FROM `tb_atc` [ RunTime:0.003417s ]
SQL: SELECT * FROM `tb_atc` LEFT JOIN tb_bd ON f_atc_bdid=bdid WHERE ( atcps=1 AND atcvw=1 AND atczs=1 ) ORDER BY atctp DESC,atcmdftm DESC LIMIT 0,10   [ RunTime:0.000577s ]
INFO: [ view_parse ] --START--
NOTIC: [8] Undefined index:  atcstyle D:\Program Files\Apache Software Foundation\Apache2.2\htdocs\xx\zsptwap\Runtime\Cache\63c9a5657c8ac6a347716cbeadc80c3c.php 第 70 行.
NOTIC: [8] Undefined index:  atcflag D:\Program Files\Apache Software Foundation\Apache2.2\htdocs\xx\zsptwap\Runtime\Cache\63c9a5657c8ac6a347716cbeadc80c3c.php 第 70 行.
NOTIC: [8] Undefined variable: wxusross D:\Program Files\Apache Software Foundation\Apache2.2\htdocs\xx\zsptwap\Runtime\Cache\63c9a5657c8ac6a347716cbeadc80c3c.php 第 118 行.
INFO: ParseTemplate Behavior ::run [ RunTime:0.071305s ]
INFO: [ view_parse ] --END-- [ RunTime:0.071468s ]
INFO: [ view_filter ] --START--
INFO: ContentReplace Behavior ::run [ RunTime:0.007364s ]
INFO: TokenBuild Behavior ::run [ RunTime:0.008283s ]
INFO: WriteHtmlCache Behavior ::run [ RunTime:0.008227s ]
INFO: ShowRuntime Behavior ::run [ RunTime:0.008496s ]
INFO: [ view_filter ] --END-- [ RunTime:0.032909s ]
INFO: [ view_end ] --START--
INFO: ShowPageTrace Behavior ::run [ RunTime:0.008728s ]
INFO: [ view_end ] --END-- [ RunTime:0.008891s ]

[ 2015-09-06T09:29:50+08:00 ] 112.17.239.111 /xx/zsptwap.php/Std/gtxpg/x/updt/stdid/0
INFO: [ route_check ] --START--
INFO: CheckRoute Behavior ::run [ RunTime:0.008081s ]
INFO: [ route_check ] --END-- [ RunTime:0.008238s ]
INFO: [ app_begin ] --START--
INFO: ReadHtmlCache Behavior ::run [ RunTime:0.007600s ]
INFO: [ app_begin ] --END-- [ RunTime:0.007730s ]
SQL: SHOW COLUMNS FROM `tb_zssz` [ RunTime:0.003443s ]
SQL: SELECT * FROM `tb_zssz` LIMIT 1   [ RunTime:0.000485s ]
SQL: SHOW COLUMNS FROM `tb_grd` [ RunTime:0.002107s ]
SQL: SELECT * FROM `tb_grd` WHERE ( grdid=4 ) LIMIT 1   [ RunTime:0.000557s ]
SQL: SHOW COLUMNS FROM `tb_2015_std` [ RunTime:0.003554s ]
SQL: SELECT * FROM `tb_2015_std` WHERE ( stdid= ) LIMIT 1   [ RunTime:0.000183s ]
ERR: 1064:You have an error in your SQL syntax; check the manual that corresponds to your MySQL server version for the right syntax to use near ') LIMIT 1' at line 1
 [ SQL语句 ] : SELECT * FROM `tb_2015_std` WHERE ( stdid= ) LIMIT 1  
SQL: SELECT * FROM `tb_zssz` LIMIT 1   [ RunTime:0.000165s ]
SQL: SELECT * FROM `tb_grd` WHERE ( grdid=4 ) LIMIT 1   [ RunTime:0.000123s ]
SQL: SHOW COLUMNS FROM `tb_2015_cls` [ RunTime:0.002428s ]
SQL: SELECT * FROM `tb_2015_cls` LEFT JOIN tb_stt ON f_cls_sttid=sttid WHERE ( 1=1 AND f_cls_sttid=1 AND f_cls_grdid=4 ) ORDER BY clsnm ASC  [ RunTime:0.000509s ]
SQL: SHOW COLUMNS FROM `tb_2015_mj` [ RunTime:0.002547s ]
SQL: SELECT * FROM `tb_2015_mj`  [ RunTime:0.000525s ]
SQL: SELECT * FROM `tb_2015_mj` LEFT JOIN tb_bxxs ON f_mj_bxxsid=bxxsid LEFT JOIN tb_kl ON f_mj_klid=klid WHERE ( 1=1 AND mjbbzs=1 AND mjsttu LIKE '%-1-%' AND (1=2 OR f_mj_bxxsid=4) AND f_mj_grdid=4 ) ORDER BY f_mj_bxxsid ASC,mjdm ASC  [ RunTime:0.000159s ]
SQL: SHOW COLUMNS FROM `tb_bxxs` [ RunTime:0.002039s ]
SQL: SELECT * FROM `tb_bxxs` WHERE ( 1=1 AND (1=2 OR bxxsid=4) )  [ RunTime:0.000573s ]
SQL: SHOW COLUMNS FROM `tb_sex` [ RunTime:0.002140s ]
SQL: SELECT * FROM `tb_sex`  [ RunTime:0.000567s ]
SQL: SHOW COLUMNS FROM `tb_rc` [ RunTime:0.002041s ]
SQL: SELECT * FROM `tb_rc`  [ RunTime:0.000608s ]
SQL: SHOW COLUMNS FROM `tb_zzmm` [ RunTime:0.002030s ]
SQL: SELECT * FROM `tb_zzmm`  [ RunTime:0.000589s ]
SQL: SHOW COLUMNS FROM `tb_xl` [ RunTime:0.002001s ]
SQL: SELECT * FROM `tb_xl`  [ RunTime:0.000600s ]
SQL: SHOW COLUMNS FROM `tb_dm` [ RunTime:0.002012s ]
SQL: SELECT * FROM `tb_dm`  [ RunTime:0.000581s ]
SQL: SHOW COLUMNS FROM `tb_stat` [ RunTime:0.002557s ]
SQL: SELECT * FROM `tb_stat`  [ RunTime:0.000526s ]
NOTIC: [8] Undefined index:  stdrcmdnm D:\Program Files\Apache Software Foundation\Apache2.2\htdocs\xx\zsptwap\Lib\Action\StdAction.class.php 第 352 行.
NOTIC: [8] Undefined index:  stdrcmdcp D:\Program Files\Apache Software Foundation\Apache2.2\htdocs\xx\zsptwap\Lib\Action\StdAction.class.php 第 352 行.
INFO: [ view_parse ] --START--
NOTIC: [8] Undefined index:  f_mj_bxxsid D:\Program Files\Apache Software Foundation\Apache2.2\htdocs\xx\zsptwap\Runtime\Cache\3275c18b7eeff35324e25ceee3bbed92.php 第 76 行.
NOTIC: [8] Undefined index:  f_stdxqmj_mjid D:\Program Files\Apache Software Foundation\Apache2.2\htdocs\xx\zsptwap\Runtime\Cache\3275c18b7eeff35324e25ceee3bbed92.php 第 89 行.
NOTIC: [8] Undefined index:  stdnm D:\Program Files\Apache Software Foundation\Apache2.2\htdocs\xx\zsptwap\Runtime\Cache\3275c18b7eeff35324e25ceee3bbed92.php 第 99 行.
NOTIC: [8] Undefined index:  f_std_sexid D:\Program Files\Apache Software Foundation\Apache2.2\htdocs\xx\zsptwap\Runtime\Cache\3275c18b7eeff35324e25ceee3bbed92.php 第 109 行.
NOTIC: [8] Undefined index:  f_std_rcid D:\Program Files\Apache Software Foundation\Apache2.2\htdocs\xx\zsptwap\Runtime\Cache\3275c18b7eeff35324e25ceee3bbed92.php 第 119 行.
NOTIC: [8] Undefined index:  stdcp D:\Program Files\Apache Software Foundation\Apache2.2\htdocs\xx\zsptwap\Runtime\Cache\3275c18b7eeff35324e25ceee3bbed92.php 第 140 行.
NOTIC: [8] Undefined index:  stdidcd D:\Program Files\Apache Software Foundation\Apache2.2\htdocs\xx\zsptwap\Runtime\Cache\3275c18b7eeff35324e25ceee3bbed92.php 第 147 行.
NOTIC: [8] Undefined index:  stdrlta D:\Program Files\Apache Software Foundation\Apache2.2\htdocs\xx\zsptwap\Runtime\Cache\3275c18b7eeff35324e25ceee3bbed92.php 第 154 行.
NOTIC: [8] Undefined index:  stdrltanm D:\Program Files\Apache Software Foundation\Apache2.2\htdocs\xx\zsptwap\Runtime\Cache\3275c18b7eeff35324e25ceee3bbed92.php 第 160 行.
NOTIC: [8] Undefined index:  stdrltacp D:\Program Files\Apache Software Foundation\Apache2.2\htdocs\xx\zsptwap\Runtime\Cache\3275c18b7eeff35324e25ceee3bbed92.php 第 167 行.
NOTIC: [8] Undefined index:  stdrcmdnm D:\Program Files\Apache Software Foundation\Apache2.2\htdocs\xx\zsptwap\Runtime\Cache\3275c18b7eeff35324e25ceee3bbed92.php 第 185 行.
NOTIC: [8] Undefined variable: wxusross D:\Program Files\Apache Software Foundation\Apache2.2\htdocs\xx\zsptwap\Runtime\Cache\3275c18b7eeff35324e25ceee3bbed92.php 第 239 行.
INFO: ParseTemplate Behavior ::run [ RunTime:0.089574s ]
INFO: [ view_parse ] --END-- [ RunTime:0.089719s ]
INFO: [ view_filter ] --START--
INFO: ContentReplace Behavior ::run [ RunTime:0.007464s ]
INFO: TokenBuild Behavior ::run [ RunTime:0.007461s ]
INFO: WriteHtmlCache Behavior ::run [ RunTime:0.007070s ]
INFO: ShowRuntime Behavior ::run [ RunTime:0.007453s ]
INFO: [ view_filter ] --END-- [ RunTime:0.029771s ]
INFO: [ view_end ] --START--
INFO: ShowPageTrace Behavior ::run [ RunTime:0.007650s ]
INFO: [ view_end ] --END-- [ RunTime:0.007764s ]

[ 2015-09-06T22:52:15+08:00 ] 183.35.4.131 /xx/zsptwap.php
INFO: [ app_begin ] --START--
INFO: ReadHtmlCache Behavior ::run [ RunTime:0.010803s ]
INFO: [ app_begin ] --END-- [ RunTime:0.010987s ]
SQL: SHOW COLUMNS FROM `tb_zssz` [ RunTime:0.003205s ]
SQL: SELECT * FROM `tb_zssz` LIMIT 1   [ RunTime:0.000507s ]
SQL: SHOW COLUMNS FROM `tb_grd` [ RunTime:0.002499s ]
SQL: SELECT * FROM `tb_grd` WHERE ( grdid=4 ) LIMIT 1   [ RunTime:0.000584s ]
SQL: SHOW COLUMNS FROM `tb_2015_std` [ RunTime:0.004006s ]
SQL: SELECT * FROM `tb_2015_std` WHERE ( stdid= ) LIMIT 1   [ RunTime:0.000181s ]
ERR: 1064:You have an error in your SQL syntax; check the manual that corresponds to your MySQL server version for the right syntax to use near ') LIMIT 1' at line 1
 [ SQL语句 ] : SELECT * FROM `tb_2015_std` WHERE ( stdid= ) LIMIT 1  
SQL: SHOW COLUMNS FROM `tb_atc` [ RunTime:0.003540s ]
SQL: SELECT * FROM `tb_atc` LEFT JOIN tb_bd ON f_atc_bdid=bdid WHERE ( atcps=1 AND atcvw=1 AND atczs=1 ) ORDER BY atctp DESC,atcmdftm DESC LIMIT 0,10   [ RunTime:0.000644s ]
INFO: [ view_parse ] --START--
NOTIC: [8] Undefined index:  atcstyle D:\Program Files\Apache Software Foundation\Apache2.2\htdocs\xx\zsptwap\Runtime\Cache\63c9a5657c8ac6a347716cbeadc80c3c.php 第 70 行.
NOTIC: [8] Undefined index:  atcflag D:\Program Files\Apache Software Foundation\Apache2.2\htdocs\xx\zsptwap\Runtime\Cache\63c9a5657c8ac6a347716cbeadc80c3c.php 第 70 行.
NOTIC: [8] Undefined variable: wxusross D:\Program Files\Apache Software Foundation\Apache2.2\htdocs\xx\zsptwap\Runtime\Cache\63c9a5657c8ac6a347716cbeadc80c3c.php 第 118 行.
INFO: ParseTemplate Behavior ::run [ RunTime:0.081787s ]
INFO: [ view_parse ] --END-- [ RunTime:0.081952s ]
INFO: [ view_filter ] --START--
INFO: ContentReplace Behavior ::run [ RunTime:0.007625s ]
INFO: TokenBuild Behavior ::run [ RunTime:0.007110s ]
INFO: WriteHtmlCache Behavior ::run [ RunTime:0.007097s ]
INFO: ShowRuntime Behavior ::run [ RunTime:0.007231s ]
INFO: [ view_filter ] --END-- [ RunTime:0.029391s ]
INFO: [ view_end ] --START--
INFO: ShowPageTrace Behavior ::run [ RunTime:0.007549s ]
INFO: [ view_end ] --END-- [ RunTime:0.007665s ]

[ 2015-09-06T22:52:21+08:00 ] 183.35.4.131 /xx/zsptwap.php/Std/gtxpg/x/updt/stdid/0
INFO: [ route_check ] --START--
INFO: CheckRoute Behavior ::run [ RunTime:0.008033s ]
INFO: [ route_check ] --END-- [ RunTime:0.008189s ]
INFO: [ app_begin ] --START--
INFO: ReadHtmlCache Behavior ::run [ RunTime:0.007969s ]
INFO: [ app_begin ] --END-- [ RunTime:0.008107s ]
SQL: SHOW COLUMNS FROM `tb_zssz` [ RunTime:0.002719s ]
SQL: SELECT * FROM `tb_zssz` LIMIT 1   [ RunTime:0.000428s ]
SQL: SHOW COLUMNS FROM `tb_grd` [ RunTime:0.002088s ]
SQL: SELECT * FROM `tb_grd` WHERE ( grdid=4 ) LIMIT 1   [ RunTime:0.000559s ]
SQL: SHOW COLUMNS FROM `tb_2015_std` [ RunTime:0.003489s ]
SQL: SELECT * FROM `tb_2015_std` WHERE ( stdid= ) LIMIT 1   [ RunTime:0.000190s ]
ERR: 1064:You have an error in your SQL syntax; check the manual that corresponds to your MySQL server version for the right syntax to use near ') LIMIT 1' at line 1
 [ SQL语句 ] : SELECT * FROM `tb_2015_std` WHERE ( stdid= ) LIMIT 1  
SQL: SELECT * FROM `tb_zssz` LIMIT 1   [ RunTime:0.000185s ]
SQL: SELECT * FROM `tb_grd` WHERE ( grdid=4 ) LIMIT 1   [ RunTime:0.000128s ]
SQL: SHOW COLUMNS FROM `tb_2015_cls` [ RunTime:0.002829s ]
SQL: SELECT * FROM `tb_2015_cls` LEFT JOIN tb_stt ON f_cls_sttid=sttid WHERE ( 1=1 AND f_cls_sttid=1 AND f_cls_grdid=4 ) ORDER BY clsnm ASC  [ RunTime:0.000507s ]
SQL: SHOW COLUMNS FROM `tb_2015_mj` [ RunTime:0.003005s ]
SQL: SELECT * FROM `tb_2015_mj`  [ RunTime:0.000516s ]
SQL: SELECT * FROM `tb_2015_mj` LEFT JOIN tb_bxxs ON f_mj_bxxsid=bxxsid LEFT JOIN tb_kl ON f_mj_klid=klid WHERE ( 1=1 AND mjbbzs=1 AND mjsttu LIKE '%-1-%' AND (1=2 OR f_mj_bxxsid=4) AND f_mj_grdid=4 ) ORDER BY f_mj_bxxsid ASC,mjdm ASC  [ RunTime:0.000161s ]
SQL: SHOW COLUMNS FROM `tb_bxxs` [ RunTime:0.002475s ]
SQL: SELECT * FROM `tb_bxxs` WHERE ( 1=1 AND (1=2 OR bxxsid=4) )  [ RunTime:0.000568s ]
SQL: SHOW COLUMNS FROM `tb_sex` [ RunTime:0.003555s ]
SQL: SELECT * FROM `tb_sex`  [ RunTime:0.001585s ]
SQL: SHOW COLUMNS FROM `tb_rc` [ RunTime:0.002690s ]
SQL: SELECT * FROM `tb_rc`  [ RunTime:0.000567s ]
SQL: SHOW COLUMNS FROM `tb_zzmm` [ RunTime:0.002475s ]
SQL: SELECT * FROM `tb_zzmm`  [ RunTime:0.000584s ]
SQL: SHOW COLUMNS FROM `tb_xl` [ RunTime:0.002421s ]
SQL: SELECT * FROM `tb_xl`  [ RunTime:0.000938s ]
SQL: SHOW COLUMNS FROM `tb_dm` [ RunTime:0.002499s ]
SQL: SELECT * FROM `tb_dm`  [ RunTime:0.000593s ]
SQL: SHOW COLUMNS FROM `tb_stat` [ RunTime:0.002592s ]
SQL: SELECT * FROM `tb_stat`  [ RunTime:0.000543s ]
NOTIC: [8] Undefined index:  stdrcmdnm D:\Program Files\Apache Software Foundation\Apache2.2\htdocs\xx\zsptwap\Lib\Action\StdAction.class.php 第 352 行.
NOTIC: [8] Undefined index:  stdrcmdcp D:\Program Files\Apache Software Foundation\Apache2.2\htdocs\xx\zsptwap\Lib\Action\StdAction.class.php 第 352 行.
INFO: [ view_parse ] --START--
NOTIC: [8] Undefined index:  f_mj_bxxsid D:\Program Files\Apache Software Foundation\Apache2.2\htdocs\xx\zsptwap\Runtime\Cache\3275c18b7eeff35324e25ceee3bbed92.php 第 76 行.
NOTIC: [8] Undefined index:  f_stdxqmj_mjid D:\Program Files\Apache Software Foundation\Apache2.2\htdocs\xx\zsptwap\Runtime\Cache\3275c18b7eeff35324e25ceee3bbed92.php 第 89 行.
NOTIC: [8] Undefined index:  stdnm D:\Program Files\Apache Software Foundation\Apache2.2\htdocs\xx\zsptwap\Runtime\Cache\3275c18b7eeff35324e25ceee3bbed92.php 第 99 行.
NOTIC: [8] Undefined index:  f_std_sexid D:\Program Files\Apache Software Foundation\Apache2.2\htdocs\xx\zsptwap\Runtime\Cache\3275c18b7eeff35324e25ceee3bbed92.php 第 109 行.
NOTIC: [8] Undefined index:  f_std_rcid D:\Program Files\Apache Software Foundation\Apache2.2\htdocs\xx\zsptwap\Runtime\Cache\3275c18b7eeff35324e25ceee3bbed92.php 第 119 行.
NOTIC: [8] Undefined index:  stdcp D:\Program Files\Apache Software Foundation\Apache2.2\htdocs\xx\zsptwap\Runtime\Cache\3275c18b7eeff35324e25ceee3bbed92.php 第 140 行.
NOTIC: [8] Undefined index:  stdidcd D:\Program Files\Apache Software Foundation\Apache2.2\htdocs\xx\zsptwap\Runtime\Cache\3275c18b7eeff35324e25ceee3bbed92.php 第 147 行.
NOTIC: [8] Undefined index:  stdrlta D:\Program Files\Apache Software Foundation\Apache2.2\htdocs\xx\zsptwap\Runtime\Cache\3275c18b7eeff35324e25ceee3bbed92.php 第 154 行.
NOTIC: [8] Undefined index:  stdrltanm D:\Program Files\Apache Software Foundation\Apache2.2\htdocs\xx\zsptwap\Runtime\Cache\3275c18b7eeff35324e25ceee3bbed92.php 第 160 行.
NOTIC: [8] Undefined index:  stdrltacp D:\Program Files\Apache Software Foundation\Apache2.2\htdocs\xx\zsptwap\Runtime\Cache\3275c18b7eeff35324e25ceee3bbed92.php 第 167 行.
NOTIC: [8] Undefined index:  stdrcmdnm D:\Program Files\Apache Software Foundation\Apache2.2\htdocs\xx\zsptwap\Runtime\Cache\3275c18b7eeff35324e25ceee3bbed92.php 第 185 行.
NOTIC: [8] Undefined variable: wxusross D:\Program Files\Apache Software Foundation\Apache2.2\htdocs\xx\zsptwap\Runtime\Cache\3275c18b7eeff35324e25ceee3bbed92.php 第 239 行.
INFO: ParseTemplate Behavior ::run [ RunTime:0.076667s ]
INFO: [ view_parse ] --END-- [ RunTime:0.076811s ]
INFO: [ view_filter ] --START--
INFO: ContentReplace Behavior ::run [ RunTime:0.007978s ]
INFO: TokenBuild Behavior ::run [ RunTime:0.007110s ]
INFO: WriteHtmlCache Behavior ::run [ RunTime:0.006884s ]
INFO: ShowRuntime Behavior ::run [ RunTime:0.007243s ]
INFO: [ view_filter ] --END-- [ RunTime:0.029550s ]
INFO: [ view_end ] --START--
INFO: ShowPageTrace Behavior ::run [ RunTime:0.007719s ]
INFO: [ view_end ] --END-- [ RunTime:0.007837s ]

