[ 2015-09-04T14:08:04+08:00 ] 68.180.228.176 /xx/zsptwap.php
INFO: [ app_begin ] --START--
INFO: ReadHtmlCache Behavior ::run [ RunTime:0.007662s ]
INFO: [ app_begin ] --END-- [ RunTime:0.007817s ]
SQL: SHOW COLUMNS FROM `tb_zssz` [ RunTime:0.002454s ]
SQL: SELECT * FROM `tb_zssz` LIMIT 1   [ RunTime:0.000538s ]
SQL: SHOW COLUMNS FROM `tb_grd` [ RunTime:0.002060s ]
SQL: SELECT * FROM `tb_grd` WHERE ( grdid=4 ) LIMIT 1   [ RunTime:0.000566s ]
SQL: SHOW COLUMNS FROM `tb_2015_std` [ RunTime:0.003462s ]
SQL: SELECT * FROM `tb_2015_std` WHERE ( stdid= ) LIMIT 1   [ RunTime:0.000216s ]
ERR: 1064:You have an error in your SQL syntax; check the manual that corresponds to your MySQL server version for the right syntax to use near ') LIMIT 1' at line 1
 [ SQL语句 ] : SELECT * FROM `tb_2015_std` WHERE ( stdid= ) LIMIT 1  
SQL: SHOW COLUMNS FROM `tb_atc` [ RunTime:0.005030s ]
SQL: SELECT * FROM `tb_atc` LEFT JOIN tb_bd ON f_atc_bdid=bdid WHERE ( atcps=1 AND atcvw=1 AND atczs=1 ) ORDER BY atctp DESC,atcmdftm DESC LIMIT 0,10   [ RunTime:0.000527s ]
INFO: [ view_parse ] --START--
NOTIC: [8] Undefined index:  atcstyle D:\Program Files\Apache Software Foundation\Apache2.2\htdocs\xx\zsptwap\Runtime\Cache\63c9a5657c8ac6a347716cbeadc80c3c.php 第 70 行.
NOTIC: [8] Undefined index:  atcflag D:\Program Files\Apache Software Foundation\Apache2.2\htdocs\xx\zsptwap\Runtime\Cache\63c9a5657c8ac6a347716cbeadc80c3c.php 第 70 行.
NOTIC: [8] Undefined variable: wxusross D:\Program Files\Apache Software Foundation\Apache2.2\htdocs\xx\zsptwap\Runtime\Cache\63c9a5657c8ac6a347716cbeadc80c3c.php 第 118 行.
INFO: ParseTemplate Behavior ::run [ RunTime:0.072611s ]
INFO: [ view_parse ] --END-- [ RunTime:0.072866s ]
INFO: [ view_filter ] --START--
INFO: ContentReplace Behavior ::run [ RunTime:0.007395s ]
INFO: TokenBuild Behavior ::run [ RunTime:0.007309s ]
INFO: WriteHtmlCache Behavior ::run [ RunTime:0.007080s ]
INFO: ShowRuntime Behavior ::run [ RunTime:0.007772s ]
INFO: [ view_filter ] --END-- [ RunTime:0.029876s ]
INFO: [ view_end ] --START--
INFO: ShowPageTrace Behavior ::run [ RunTime:0.007689s ]
INFO: [ view_end ] --END-- [ RunTime:0.007803s ]

[ 2015-09-04T22:36:13+08:00 ] 122.239.141.70 /xx/zsptwap.php
INFO: [ app_begin ] --START--
INFO: ReadHtmlCache Behavior ::run [ RunTime:0.009231s ]
INFO: [ app_begin ] --END-- [ RunTime:0.009424s ]
SQL: SHOW COLUMNS FROM `tb_zssz` [ RunTime:0.003028s ]
SQL: SELECT * FROM `tb_zssz` LIMIT 1   [ RunTime:0.000526s ]
SQL: SHOW COLUMNS FROM `tb_grd` [ RunTime:0.002477s ]
SQL: SELECT * FROM `tb_grd` WHERE ( grdid=4 ) LIMIT 1   [ RunTime:0.000565s ]
SQL: SHOW COLUMNS FROM `tb_2015_std` [ RunTime:0.004012s ]
SQL: SELECT * FROM `tb_2015_std` WHERE ( stdid= ) LIMIT 1   [ RunTime:0.000228s ]
ERR: 1064:You have an error in your SQL syntax; check the manual that corresponds to your MySQL server version for the right syntax to use near ') LIMIT 1' at line 1
 [ SQL语句 ] : SELECT * FROM `tb_2015_std` WHERE ( stdid= ) LIMIT 1  
SQL: SHOW COLUMNS FROM `tb_atc` [ RunTime:0.003504s ]
SQL: SELECT * FROM `tb_atc` LEFT JOIN tb_bd ON f_atc_bdid=bdid WHERE ( atcps=1 AND atcvw=1 AND atczs=1 ) ORDER BY atctp DESC,atcmdftm DESC LIMIT 0,10   [ RunTime:0.000529s ]
INFO: [ view_parse ] --START--
NOTIC: [8] Undefined index:  atcstyle D:\Program Files\Apache Software Foundation\Apache2.2\htdocs\xx\zsptwap\Runtime\Cache\63c9a5657c8ac6a347716cbeadc80c3c.php 第 70 行.
NOTIC: [8] Undefined index:  atcflag D:\Program Files\Apache Software Foundation\Apache2.2\htdocs\xx\zsptwap\Runtime\Cache\63c9a5657c8ac6a347716cbeadc80c3c.php 第 70 行.
NOTIC: [8] Undefined variable: wxusross D:\Program Files\Apache Software Foundation\Apache2.2\htdocs\xx\zsptwap\Runtime\Cache\63c9a5657c8ac6a347716cbeadc80c3c.php 第 118 行.
INFO: ParseTemplate Behavior ::run [ RunTime:0.078766s ]
INFO: [ view_parse ] --END-- [ RunTime:0.078932s ]
INFO: [ view_filter ] --START--
INFO: ContentReplace Behavior ::run [ RunTime:0.007577s ]
INFO: TokenBuild Behavior ::run [ RunTime:0.008801s ]
INFO: WriteHtmlCache Behavior ::run [ RunTime:0.007354s ]
INFO: ShowRuntime Behavior ::run [ RunTime:0.007443s ]
INFO: [ view_filter ] --END-- [ RunTime:0.031523s ]
INFO: [ view_end ] --START--
INFO: ShowPageTrace Behavior ::run [ RunTime:0.008028s ]
INFO: [ view_end ] --END-- [ RunTime:0.008155s ]

[ 2015-09-04T22:36:17+08:00 ] 122.239.141.70 /xx/zsptwap.php/Atc/view/atcid/20
INFO: [ route_check ] --START--
INFO: CheckRoute Behavior ::run [ RunTime:0.012118s ]
INFO: [ route_check ] --END-- [ RunTime:0.012287s ]
INFO: [ app_begin ] --START--
INFO: ReadHtmlCache Behavior ::run [ RunTime:0.004417s ]
INFO: [ app_begin ] --END-- [ RunTime:0.004546s ]
SQL: SHOW COLUMNS FROM `tb_zssz` [ RunTime:0.002506s ]
SQL: SELECT * FROM `tb_zssz` LIMIT 1   [ RunTime:0.000524s ]
SQL: SHOW COLUMNS FROM `tb_grd` [ RunTime:0.002033s ]
SQL: SELECT * FROM `tb_grd` WHERE ( grdid=4 ) LIMIT 1   [ RunTime:0.000742s ]
SQL: SHOW COLUMNS FROM `tb_2015_std` [ RunTime:0.003627s ]
SQL: SELECT * FROM `tb_2015_std` WHERE ( stdid= ) LIMIT 1   [ RunTime:0.000189s ]
ERR: 1064:You have an error in your SQL syntax; check the manual that corresponds to your MySQL server version for the right syntax to use near ') LIMIT 1' at line 1
 [ SQL语句 ] : SELECT * FROM `tb_2015_std` WHERE ( stdid= ) LIMIT 1  
SQL: SHOW COLUMNS FROM `tb_atc` [ RunTime:0.003012s ]
SQL: SELECT * FROM `tb_atc` LEFT JOIN tb_bd ON f_atc_bdid=bdid WHERE ( atcid=20 ) LIMIT 1   [ RunTime:0.001712s ]
SQL: SHOW COLUMNS FROM `tb_bd` [ RunTime:0.002229s ]
SQL: SELECT * FROM `tb_bd` ORDER BY bdodr ASC  [ RunTime:0.000554s ]
SQL: SELECT * FROM `tb_bd` WHERE ( bdid=15 ) LIMIT 1   [ RunTime:0.000130s ]
SQL: SELECT * FROM `tb_bd` WHERE ( bdpid=0 ) ORDER BY bdodr ASC  [ RunTime:0.000161s ]
SQL: UPDATE `tb_atc` SET `atccnt`=320 WHERE ( atcid=20 ) [ RunTime:0.023081s ]
NOTIC: [8] Undefined variable: alt D:\Program Files\Apache Software Foundation\Apache2.2\htdocs\xx\zsptwap\Lib\Action\AtcAction.class.php 第 67 行.
SQL: SHOW COLUMNS FROM `tb_sys` [ RunTime:0.002839s ]
SQL: SELECT * FROM `tb_sys` LIMIT 1   [ RunTime:0.000473s ]
INFO: [ view_parse ] --START--
NOTIC: [8] Undefined variable: wxusross D:\Program Files\Apache Software Foundation\Apache2.2\htdocs\xx\zsptwap\Runtime\Cache\02fafcbe42b282f8510b74ffa14f39eb.php 第 120 行.
INFO: ParseTemplate Behavior ::run [ RunTime:0.059527s ]
INFO: [ view_parse ] --END-- [ RunTime:0.059690s ]
INFO: [ view_filter ] --START--
INFO: ContentReplace Behavior ::run [ RunTime:0.004555s ]
INFO: TokenBuild Behavior ::run [ RunTime:0.004460s ]
INFO: WriteHtmlCache Behavior ::run [ RunTime:0.003920s ]
INFO: ShowRuntime Behavior ::run [ RunTime:0.007632s ]
INFO: [ view_filter ] --END-- [ RunTime:0.020906s ]
INFO: [ view_end ] --START--
INFO: ShowPageTrace Behavior ::run [ RunTime:0.008336s ]
INFO: [ view_end ] --END-- [ RunTime:0.008466s ]

[ 2015-09-04T22:49:43+08:00 ] 101.226.65.108 /xx/zsptwap.php
INFO: [ app_begin ] --START--
INFO: ReadHtmlCache Behavior ::run [ RunTime:0.007641s ]
INFO: [ app_begin ] --END-- [ RunTime:0.007799s ]
SQL: SHOW COLUMNS FROM `tb_zssz` [ RunTime:0.002965s ]
SQL: SELECT * FROM `tb_zssz` LIMIT 1   [ RunTime:0.000516s ]
SQL: SHOW COLUMNS FROM `tb_grd` [ RunTime:0.002443s ]
SQL: SELECT * FROM `tb_grd` WHERE ( grdid=4 ) LIMIT 1   [ RunTime:0.000560s ]
SQL: SHOW COLUMNS FROM `tb_2015_std` [ RunTime:0.004256s ]
SQL: SELECT * FROM `tb_2015_std` WHERE ( stdid= ) LIMIT 1   [ RunTime:0.000223s ]
ERR: 1064:You have an error in your SQL syntax; check the manual that corresponds to your MySQL server version for the right syntax to use near ') LIMIT 1' at line 1
 [ SQL语句 ] : SELECT * FROM `tb_2015_std` WHERE ( stdid= ) LIMIT 1  
SQL: SHOW COLUMNS FROM `tb_atc` [ RunTime:0.003525s ]
SQL: SELECT * FROM `tb_atc` LEFT JOIN tb_bd ON f_atc_bdid=bdid WHERE ( atcps=1 AND atcvw=1 AND atczs=1 ) ORDER BY atctp DESC,atcmdftm DESC LIMIT 0,10   [ RunTime:0.001717s ]
INFO: [ view_parse ] --START--
NOTIC: [8] Undefined index:  atcstyle D:\Program Files\Apache Software Foundation\Apache2.2\htdocs\xx\zsptwap\Runtime\Cache\63c9a5657c8ac6a347716cbeadc80c3c.php 第 70 行.
NOTIC: [8] Undefined index:  atcflag D:\Program Files\Apache Software Foundation\Apache2.2\htdocs\xx\zsptwap\Runtime\Cache\63c9a5657c8ac6a347716cbeadc80c3c.php 第 70 行.
NOTIC: [8] Undefined variable: wxusross D:\Program Files\Apache Software Foundation\Apache2.2\htdocs\xx\zsptwap\Runtime\Cache\63c9a5657c8ac6a347716cbeadc80c3c.php 第 118 行.
INFO: ParseTemplate Behavior ::run [ RunTime:0.072407s ]
INFO: [ view_parse ] --END-- [ RunTime:0.072573s ]
INFO: [ view_filter ] --START--
INFO: ContentReplace Behavior ::run [ RunTime:0.007923s ]
INFO: TokenBuild Behavior ::run [ RunTime:0.007346s ]
INFO: WriteHtmlCache Behavior ::run [ RunTime:0.007097s ]
INFO: ShowRuntime Behavior ::run [ RunTime:0.007517s ]
INFO: [ view_filter ] --END-- [ RunTime:0.030215s ]
INFO: [ view_end ] --START--
INFO: ShowPageTrace Behavior ::run [ RunTime:0.007825s ]
INFO: [ view_end ] --END-- [ RunTime:0.007942s ]

[ 2015-09-04T22:49:51+08:00 ] 180.153.206.34 /xx/zsptwap.php/Atc/view/atcid/20
INFO: [ route_check ] --START--
INFO: CheckRoute Behavior ::run [ RunTime:0.008190s ]
INFO: [ route_check ] --END-- [ RunTime:0.008352s ]
INFO: [ app_begin ] --START--
INFO: ReadHtmlCache Behavior ::run [ RunTime:0.008177s ]
INFO: [ app_begin ] --END-- [ RunTime:0.008304s ]
SQL: SHOW COLUMNS FROM `tb_zssz` [ RunTime:0.002556s ]
SQL: SELECT * FROM `tb_zssz` LIMIT 1   [ RunTime:0.000507s ]
SQL: SHOW COLUMNS FROM `tb_grd` [ RunTime:0.002056s ]
SQL: SELECT * FROM `tb_grd` WHERE ( grdid=4 ) LIMIT 1   [ RunTime:0.000563s ]
SQL: SHOW COLUMNS FROM `tb_2015_std` [ RunTime:0.003530s ]
SQL: SELECT * FROM `tb_2015_std` WHERE ( stdid= ) LIMIT 1   [ RunTime:0.000189s ]
ERR: 1064:You have an error in your SQL syntax; check the manual that corresponds to your MySQL server version for the right syntax to use near ') LIMIT 1' at line 1
 [ SQL语句 ] : SELECT * FROM `tb_2015_std` WHERE ( stdid= ) LIMIT 1  
SQL: SHOW COLUMNS FROM `tb_atc` [ RunTime:0.003284s ]
SQL: SELECT * FROM `tb_atc` LEFT JOIN tb_bd ON f_atc_bdid=bdid WHERE ( atcid=20 ) LIMIT 1   [ RunTime:0.001393s ]
SQL: SHOW COLUMNS FROM `tb_bd` [ RunTime:0.002290s ]
SQL: SELECT * FROM `tb_bd` ORDER BY bdodr ASC  [ RunTime:0.000609s ]
SQL: SELECT * FROM `tb_bd` WHERE ( bdid=15 ) LIMIT 1   [ RunTime:0.000132s ]
SQL: SELECT * FROM `tb_bd` WHERE ( bdpid=0 ) ORDER BY bdodr ASC  [ RunTime:0.000127s ]
SQL: UPDATE `tb_atc` SET `atccnt`=321 WHERE ( atcid=20 ) [ RunTime:0.013022s ]
NOTIC: [8] Undefined variable: alt D:\Program Files\Apache Software Foundation\Apache2.2\htdocs\xx\zsptwap\Lib\Action\AtcAction.class.php 第 67 行.
SQL: SHOW COLUMNS FROM `tb_sys` [ RunTime:0.002577s ]
SQL: SELECT * FROM `tb_sys` LIMIT 1   [ RunTime:0.000571s ]
INFO: [ view_parse ] --START--
NOTIC: [8] Undefined variable: wxusross D:\Program Files\Apache Software Foundation\Apache2.2\htdocs\xx\zsptwap\Runtime\Cache\02fafcbe42b282f8510b74ffa14f39eb.php 第 120 行.
INFO: ParseTemplate Behavior ::run [ RunTime:0.066557s ]
INFO: [ view_parse ] --END-- [ RunTime:0.066713s ]
INFO: [ view_filter ] --START--
INFO: ContentReplace Behavior ::run [ RunTime:0.007748s ]
INFO: TokenBuild Behavior ::run [ RunTime:0.007808s ]
INFO: WriteHtmlCache Behavior ::run [ RunTime:0.007203s ]
INFO: ShowRuntime Behavior ::run [ RunTime:0.007568s ]
INFO: [ view_filter ] --END-- [ RunTime:0.030669s ]
INFO: [ view_end ] --START--
INFO: ShowPageTrace Behavior ::run [ RunTime:0.007735s ]
INFO: [ view_end ] --END-- [ RunTime:0.007869s ]

