[ 2015-11-09T02:15:53+08:00 ] 66.249.65.61 /xx/zsptwap.php/Atc/view/atcid/20
INFO: [ route_check ] --START--
INFO: CheckRoute Behavior ::run [ RunTime:0.007979s ]
INFO: [ route_check ] --END-- [ RunTime:0.008137s ]
INFO: [ app_begin ] --START--
INFO: ReadHtmlCache Behavior ::run [ RunTime:0.007393s ]
INFO: [ app_begin ] --END-- [ RunTime:0.007513s ]
SQL: SHOW COLUMNS FROM `tb_zssz` [ RunTime:0.003036s ]
SQL: SELECT * FROM `tb_zssz` LIMIT 1   [ RunTime:0.000477s ]
SQL: SHOW COLUMNS FROM `tb_grd` [ RunTime:0.002437s ]
SQL: SELECT * FROM `tb_grd` WHERE ( grdid=4 ) LIMIT 1   [ RunTime:0.000564s ]
SQL: SHOW COLUMNS FROM `tb_2015_std` [ RunTime:0.003879s ]
SQL: SELECT * FROM `tb_2015_std` WHERE ( stdid= ) LIMIT 1   [ RunTime:0.000393s ]
ERR: 1064:You have an error in your SQL syntax; check the manual that corresponds to your MySQL server version for the right syntax to use near ') LIMIT 1' at line 1
 [ SQL语句 ] : SELECT * FROM `tb_2015_std` WHERE ( stdid= ) LIMIT 1  
SQL: SHOW COLUMNS FROM `tb_atc` [ RunTime:0.003388s ]
SQL: SELECT * FROM `tb_atc` LEFT JOIN tb_bd ON f_atc_bdid=bdid WHERE ( atcid=20 ) LIMIT 1   [ RunTime:0.001691s ]
SQL: SHOW COLUMNS FROM `tb_bd` [ RunTime:0.002314s ]
SQL: SELECT * FROM `tb_bd` ORDER BY bdodr ASC  [ RunTime:0.000435s ]
SQL: SELECT * FROM `tb_bd` WHERE ( bdid=15 ) LIMIT 1   [ RunTime:0.000130s ]
SQL: SELECT * FROM `tb_bd` WHERE ( bdpid=0 ) ORDER BY bdodr ASC  [ RunTime:0.000128s ]
SQL: UPDATE `tb_atc` SET `atccnt`=394 WHERE ( atcid=20 ) [ RunTime:0.013355s ]
NOTIC: [8] Undefined variable: alt D:\Program Files\Apache Software Foundation\Apache2.2\htdocs\xx\zsptwap\Lib\Action\AtcAction.class.php 第 67 行.
SQL: SHOW COLUMNS FROM `tb_sys` [ RunTime:0.002571s ]
SQL: SELECT * FROM `tb_sys` LIMIT 1   [ RunTime:0.000556s ]
INFO: [ view_parse ] --START--
NOTIC: [8] Undefined variable: wxusross D:\Program Files\Apache Software Foundation\Apache2.2\htdocs\xx\zsptwap\Runtime\Cache\02fafcbe42b282f8510b74ffa14f39eb.php 第 120 行.
INFO: ParseTemplate Behavior ::run [ RunTime:0.065672s ]
INFO: [ view_parse ] --END-- [ RunTime:0.065830s ]
INFO: [ view_filter ] --START--
INFO: ContentReplace Behavior ::run [ RunTime:0.007935s ]
INFO: TokenBuild Behavior ::run [ RunTime:0.007158s ]
INFO: WriteHtmlCache Behavior ::run [ RunTime:0.006914s ]
INFO: ShowRuntime Behavior ::run [ RunTime:0.007365s ]
INFO: [ view_filter ] --END-- [ RunTime:0.029700s ]
INFO: [ view_end ] --START--
INFO: ShowPageTrace Behavior ::run [ RunTime:0.007829s ]
INFO: [ view_end ] --END-- [ RunTime:0.007950s ]

[ 2015-11-09T02:16:45+08:00 ] 66.249.65.58 /xx/zsptwap.php/Atc/query/atcanc/1
INFO: [ route_check ] --START--
INFO: CheckRoute Behavior ::run [ RunTime:0.007922s ]
INFO: [ route_check ] --END-- [ RunTime:0.008077s ]
INFO: [ app_begin ] --START--
INFO: ReadHtmlCache Behavior ::run [ RunTime:0.007431s ]
INFO: [ app_begin ] --END-- [ RunTime:0.007551s ]
SQL: SHOW COLUMNS FROM `tb_zssz` [ RunTime:0.002564s ]
SQL: SELECT * FROM `tb_zssz` LIMIT 1   [ RunTime:0.000527s ]
SQL: SHOW COLUMNS FROM `tb_grd` [ RunTime:0.002031s ]
SQL: SELECT * FROM `tb_grd` WHERE ( grdid=4 ) LIMIT 1   [ RunTime:0.000560s ]
SQL: SHOW COLUMNS FROM `tb_2015_std` [ RunTime:0.003445s ]
SQL: SELECT * FROM `tb_2015_std` WHERE ( stdid= ) LIMIT 1   [ RunTime:0.000188s ]
ERR: 1064:You have an error in your SQL syntax; check the manual that corresponds to your MySQL server version for the right syntax to use near ') LIMIT 1' at line 1
 [ SQL语句 ] : SELECT * FROM `tb_2015_std` WHERE ( stdid= ) LIMIT 1  
SQL: SHOW COLUMNS FROM `tb_atc` [ RunTime:0.003007s ]
SQL: SHOW COLUMNS FROM `tb_bd` [ RunTime:0.002471s ]
SQL: SELECT * FROM `tb_bd` WHERE ( bdpid=0 ) ORDER BY bdodr ASC  [ RunTime:0.000451s ]
SQL: SELECT `atcid`,`atctpc`,`atcmdftm`,`atctp`,`atccv`,`atczn`,`atctc`,`atccnt` FROM `tb_atc` WHERE ( atcps=1 AND atcvw=1 AND atcnw=0 AND (atcanc=1) ) ORDER BY atctp DESC,atcmdftm DESC LIMIT 0,10   [ RunTime:0.000430s ]
SQL: SHOW COLUMNS FROM `tb_cstmcmt` [ RunTime:0.002709s ]
SQL: SELECT COUNT(*) AS tp_count FROM `tb_cstmcmt` WHERE ( f_cstmcmt_atcid=20 ) LIMIT 1   [ RunTime:0.000948s ]
SQL: SELECT `atcid`,`atctpc`,`atcmdftm`,`atctp`,`atccv` FROM `tb_atc` WHERE ( atcps=1 AND atcvw=1 AND atcnw=0 AND (atcanc=1) ) ORDER BY atctp DESC,atcmdftm DESC LIMIT 10,1   [ RunTime:0.000460s ]
INFO: [ view_parse ] --START--
NOTIC: [8] Undefined index:  actvcls D:\Program Files\Apache Software Foundation\Apache2.2\htdocs\xx\zsptwap\Runtime\Cache\c31be9c2b88d6bec0856920cbdfb6caf.php 第 71 行.
NOTIC: [8] Undefined index:  actvcls D:\Program Files\Apache Software Foundation\Apache2.2\htdocs\xx\zsptwap\Runtime\Cache\c31be9c2b88d6bec0856920cbdfb6caf.php 第 71 行.
NOTIC: [8] Undefined index:  actvcls D:\Program Files\Apache Software Foundation\Apache2.2\htdocs\xx\zsptwap\Runtime\Cache\c31be9c2b88d6bec0856920cbdfb6caf.php 第 71 行.
NOTIC: [8] Undefined index:  actvcls D:\Program Files\Apache Software Foundation\Apache2.2\htdocs\xx\zsptwap\Runtime\Cache\c31be9c2b88d6bec0856920cbdfb6caf.php 第 71 行.
NOTIC: [8] Undefined index:  actvcls D:\Program Files\Apache Software Foundation\Apache2.2\htdocs\xx\zsptwap\Runtime\Cache\c31be9c2b88d6bec0856920cbdfb6caf.php 第 71 行.
NOTIC: [8] Undefined index:  actvcls D:\Program Files\Apache Software Foundation\Apache2.2\htdocs\xx\zsptwap\Runtime\Cache\c31be9c2b88d6bec0856920cbdfb6caf.php 第 71 行.
NOTIC: [8] Undefined index:  actvcls D:\Program Files\Apache Software Foundation\Apache2.2\htdocs\xx\zsptwap\Runtime\Cache\c31be9c2b88d6bec0856920cbdfb6caf.php 第 71 行.
NOTIC: [8] Undefined index:  actvcls D:\Program Files\Apache Software Foundation\Apache2.2\htdocs\xx\zsptwap\Runtime\Cache\c31be9c2b88d6bec0856920cbdfb6caf.php 第 71 行.
NOTIC: [8] Undefined variable: wxusross D:\Program Files\Apache Software Foundation\Apache2.2\htdocs\xx\zsptwap\Runtime\Cache\c31be9c2b88d6bec0856920cbdfb6caf.php 第 168 行.
INFO: ParseTemplate Behavior ::run [ RunTime:0.084033s ]
INFO: [ view_parse ] --END-- [ RunTime:0.084202s ]
INFO: [ view_filter ] --START--
INFO: ContentReplace Behavior ::run [ RunTime:0.007686s ]
INFO: TokenBuild Behavior ::run [ RunTime:0.007079s ]
INFO: WriteHtmlCache Behavior ::run [ RunTime:0.007341s ]
INFO: ShowRuntime Behavior ::run [ RunTime:0.007998s ]
INFO: [ view_filter ] --END-- [ RunTime:0.030517s ]
INFO: [ view_end ] --START--
INFO: ShowPageTrace Behavior ::run [ RunTime:0.008446s ]
INFO: [ view_end ] --END-- [ RunTime:0.008624s ]

[ 2015-11-09T02:20:59+08:00 ] 66.249.65.64 /xx/zsptwap.php/Atc/zan
INFO: [ route_check ] --START--
INFO: CheckRoute Behavior ::run [ RunTime:0.007869s ]
INFO: [ route_check ] --END-- [ RunTime:0.008021s ]
INFO: [ app_begin ] --START--
INFO: ReadHtmlCache Behavior ::run [ RunTime:0.007349s ]
INFO: [ app_begin ] --END-- [ RunTime:0.007469s ]
SQL: SHOW COLUMNS FROM `tb_atc` [ RunTime:0.003105s ]
NOTIC: [8] Undefined index:  atcid D:\Program Files\Apache Software Foundation\Apache2.2\htdocs\xx\zsptwap\Lib\Action\AtcAction.class.php 第 255 行.
SQL: SELECT * FROM `tb_atc` WHERE ( atcid= ) LIMIT 1   [ RunTime:0.000214s ]
ERR: 1064:You have an error in your SQL syntax; check the manual that corresponds to your MySQL server version for the right syntax to use near ') LIMIT 1' at line 1
 [ SQL语句 ] : SELECT * FROM `tb_atc` WHERE ( atcid= ) LIMIT 1  

[ 2015-11-09T08:00:02+08:00 ] 66.249.65.58 /xx/zsptwap.php/Atc/clct
INFO: [ route_check ] --START--
INFO: CheckRoute Behavior ::run [ RunTime:0.004876s ]
INFO: [ route_check ] --END-- [ RunTime:0.005033s ]
INFO: [ app_begin ] --START--
INFO: ReadHtmlCache Behavior ::run [ RunTime:0.007473s ]
INFO: [ app_begin ] --END-- [ RunTime:0.007598s ]
SQL: SHOW COLUMNS FROM `tb_atc` [ RunTime:0.003631s ]
SQL: SHOW COLUMNS FROM `tb_cstmatcclct` [ RunTime:0.002788s ]
NOTIC: [8] Undefined index:  atcid D:\Program Files\Apache Software Foundation\Apache2.2\htdocs\xx\zsptwap\Lib\Action\AtcAction.class.php 第 316 行.

[ 2015-11-09T08:00:26+08:00 ] 66.249.65.61 /xx/zsptwap.php/Atc/tucao
INFO: [ route_check ] --START--
INFO: CheckRoute Behavior ::run [ RunTime:0.007893s ]
INFO: [ route_check ] --END-- [ RunTime:0.008051s ]
INFO: [ app_begin ] --START--
INFO: ReadHtmlCache Behavior ::run [ RunTime:0.007491s ]
INFO: [ app_begin ] --END-- [ RunTime:0.007617s ]
SQL: SHOW COLUMNS FROM `tb_atc` [ RunTime:0.003069s ]
NOTIC: [8] Undefined index:  atcid D:\Program Files\Apache Software Foundation\Apache2.2\htdocs\xx\zsptwap\Lib\Action\AtcAction.class.php 第 284 行.
SQL: SELECT * FROM `tb_atc` WHERE ( atcid= ) LIMIT 1   [ RunTime:0.000227s ]
ERR: 1064:You have an error in your SQL syntax; check the manual that corresponds to your MySQL server version for the right syntax to use near ') LIMIT 1' at line 1
 [ SQL语句 ] : SELECT * FROM `tb_atc` WHERE ( atcid= ) LIMIT 1  

[ 2015-11-09T08:00:42+08:00 ] 66.249.65.58 /xx/zsptwap.php/Atc/query/atckw/
INFO: [ route_check ] --START--
INFO: CheckRoute Behavior ::run [ RunTime:0.008060s ]
INFO: [ route_check ] --END-- [ RunTime:0.008217s ]
INFO: [ app_begin ] --START--
INFO: ReadHtmlCache Behavior ::run [ RunTime:0.007340s ]
INFO: [ app_begin ] --END-- [ RunTime:0.007460s ]
SQL: SHOW COLUMNS FROM `tb_zssz` [ RunTime:0.003003s ]
SQL: SELECT * FROM `tb_zssz` LIMIT 1   [ RunTime:0.000453s ]
SQL: SHOW COLUMNS FROM `tb_grd` [ RunTime:0.002439s ]
SQL: SELECT * FROM `tb_grd` WHERE ( grdid=4 ) LIMIT 1   [ RunTime:0.000561s ]
SQL: SHOW COLUMNS FROM `tb_2015_std` [ RunTime:0.004368s ]
SQL: SELECT * FROM `tb_2015_std` WHERE ( stdid= ) LIMIT 1   [ RunTime:0.000188s ]
ERR: 1064:You have an error in your SQL syntax; check the manual that corresponds to your MySQL server version for the right syntax to use near ') LIMIT 1' at line 1
 [ SQL语句 ] : SELECT * FROM `tb_2015_std` WHERE ( stdid= ) LIMIT 1  
SQL: SHOW COLUMNS FROM `tb_atc` [ RunTime:0.002881s ]
SQL: SHOW COLUMNS FROM `tb_bd` [ RunTime:0.002947s ]
NOTIC: [8] Undefined index:  atcanc D:\Program Files\Apache Software Foundation\Apache2.2\htdocs\xx\zsptwap\Lib\Action\AtcAction.class.php 第 122 行.
NOTIC: [8] Undefined index:  atcdnmc D:\Program Files\Apache Software Foundation\Apache2.2\htdocs\xx\zsptwap\Lib\Action\AtcAction.class.php 第 130 行.
NOTIC: [8] Undefined index:  atckw D:\Program Files\Apache Software Foundation\Apache2.2\htdocs\xx\zsptwap\Lib\Action\AtcAction.class.php 第 138 行.
NOTIC: [8] Undefined index:  bdid D:\Program Files\Apache Software Foundation\Apache2.2\htdocs\xx\zsptwap\Lib\Action\AtcAction.class.php 第 155 行.
SQL: SELECT * FROM `tb_bd` WHERE ( bdpid=0 ) ORDER BY bdodr ASC  [ RunTime:0.000337s ]
NOTIC: [8] Undefined variable: csm D:\Program Files\Apache Software Foundation\Apache2.2\htdocs\xx\zsptwap\Lib\Action\AtcAction.class.php 第 188 行.
NOTIC: [8] Undefined variable: csz D:\Program Files\Apache Software Foundation\Apache2.2\htdocs\xx\zsptwap\Lib\Action\AtcAction.class.php 第 188 行.
SQL: SELECT `atcid`,`atctpc`,`atcmdftm`,`atctp`,`atccv`,`atczn`,`atctc`,`atccnt` FROM `tb_atc` WHERE ( atcps=1 AND atcvw=1 AND atcnw=0 AND (1=1) ) ORDER BY atctp DESC,atcmdftm DESC LIMIT 0,10   [ RunTime:0.000415s ]
SQL: SHOW COLUMNS FROM `tb_cstmcmt` [ RunTime:0.002736s ]
SQL: SELECT COUNT(*) AS tp_count FROM `tb_cstmcmt` WHERE ( f_cstmcmt_atcid=20 ) LIMIT 1   [ RunTime:0.000450s ]
SQL: SELECT `atcid`,`atctpc`,`atcmdftm`,`atctp`,`atccv` FROM `tb_atc` WHERE ( atcps=1 AND atcvw=1 AND atcnw=0 AND (1=1) ) ORDER BY atctp DESC,atcmdftm DESC LIMIT 10,1   [ RunTime:0.000328s ]
INFO: [ view_parse ] --START--
NOTIC: [8] Undefined index:  actvcls D:\Program Files\Apache Software Foundation\Apache2.2\htdocs\xx\zsptwap\Runtime\Cache\c31be9c2b88d6bec0856920cbdfb6caf.php 第 71 行.
NOTIC: [8] Undefined index:  actvcls D:\Program Files\Apache Software Foundation\Apache2.2\htdocs\xx\zsptwap\Runtime\Cache\c31be9c2b88d6bec0856920cbdfb6caf.php 第 71 行.
NOTIC: [8] Undefined index:  actvcls D:\Program Files\Apache Software Foundation\Apache2.2\htdocs\xx\zsptwap\Runtime\Cache\c31be9c2b88d6bec0856920cbdfb6caf.php 第 71 行.
NOTIC: [8] Undefined index:  actvcls D:\Program Files\Apache Software Foundation\Apache2.2\htdocs\xx\zsptwap\Runtime\Cache\c31be9c2b88d6bec0856920cbdfb6caf.php 第 71 行.
NOTIC: [8] Undefined index:  actvcls D:\Program Files\Apache Software Foundation\Apache2.2\htdocs\xx\zsptwap\Runtime\Cache\c31be9c2b88d6bec0856920cbdfb6caf.php 第 71 行.
NOTIC: [8] Undefined index:  actvcls D:\Program Files\Apache Software Foundation\Apache2.2\htdocs\xx\zsptwap\Runtime\Cache\c31be9c2b88d6bec0856920cbdfb6caf.php 第 71 行.
NOTIC: [8] Undefined index:  actvcls D:\Program Files\Apache Software Foundation\Apache2.2\htdocs\xx\zsptwap\Runtime\Cache\c31be9c2b88d6bec0856920cbdfb6caf.php 第 71 行.
NOTIC: [8] Undefined index:  actvcls D:\Program Files\Apache Software Foundation\Apache2.2\htdocs\xx\zsptwap\Runtime\Cache\c31be9c2b88d6bec0856920cbdfb6caf.php 第 71 行.
NOTIC: [8] Undefined variable: wxusross D:\Program Files\Apache Software Foundation\Apache2.2\htdocs\xx\zsptwap\Runtime\Cache\c31be9c2b88d6bec0856920cbdfb6caf.php 第 168 行.
INFO: ParseTemplate Behavior ::run [ RunTime:0.068499s ]
INFO: [ view_parse ] --END-- [ RunTime:0.068658s ]
INFO: [ view_filter ] --START--
INFO: ContentReplace Behavior ::run [ RunTime:0.007861s ]
INFO: TokenBuild Behavior ::run [ RunTime:0.007116s ]
INFO: WriteHtmlCache Behavior ::run [ RunTime:0.006932s ]
INFO: ShowRuntime Behavior ::run [ RunTime:0.007227s ]
INFO: [ view_filter ] --END-- [ RunTime:0.029463s ]
INFO: [ view_end ] --START--
INFO: ShowPageTrace Behavior ::run [ RunTime:0.007695s ]
INFO: [ view_end ] --END-- [ RunTime:0.007811s ]

[ 2015-11-09T08:03:26+08:00 ] 66.249.65.61 /xx/zsptwap.php/Atc/appendatc//
INFO: [ route_check ] --START--
INFO: CheckRoute Behavior ::run [ RunTime:0.007960s ]
INFO: [ route_check ] --END-- [ RunTime:0.008119s ]
INFO: [ app_begin ] --START--
INFO: ReadHtmlCache Behavior ::run [ RunTime:0.007386s ]
INFO: [ app_begin ] --END-- [ RunTime:0.007509s ]
NOTIC: [8] Undefined index:  pg D:\Program Files\Apache Software Foundation\Apache2.2\htdocs\xx\zsptwap\Lib\Action\AtcAction.class.php 第 537 行.
SQL: SHOW COLUMNS FROM `tb_atc` [ RunTime:0.003214s ]
SQL: SHOW COLUMNS FROM `tb_bd` [ RunTime:0.002530s ]
NOTIC: [8] Undefined index:  atcanc D:\Program Files\Apache Software Foundation\Apache2.2\htdocs\xx\zsptwap\Lib\Action\AtcAction.class.php 第 548 行.
NOTIC: [8] Undefined index:  atcdnmc D:\Program Files\Apache Software Foundation\Apache2.2\htdocs\xx\zsptwap\Lib\Action\AtcAction.class.php 第 553 行.
NOTIC: [8] Undefined index:  atckw D:\Program Files\Apache Software Foundation\Apache2.2\htdocs\xx\zsptwap\Lib\Action\AtcAction.class.php 第 558 行.
NOTIC: [8] Undefined index:  bdid D:\Program Files\Apache Software Foundation\Apache2.2\htdocs\xx\zsptwap\Lib\Action\AtcAction.class.php 第 573 行.
SQL: SELECT `atcid`,`atctpc`,`atcmdftm`,`atctp`,`atccv`,`atczn`,`atctc`,`atccnt` FROM `tb_atc` WHERE ( atcps=1 AND atcvw=1 AND atcnw=0 AND (1=1) ) ORDER BY atctp DESC,atcmdftm DESC LIMIT 0,10   [ RunTime:0.000287s ]
SQL: SHOW COLUMNS FROM `tb_cstmcmt` [ RunTime:0.002295s ]
SQL: SELECT COUNT(*) AS tp_count FROM `tb_cstmcmt` WHERE ( f_cstmcmt_atcid=20 ) LIMIT 1   [ RunTime:0.000482s ]
SQL: SELECT * FROM `tb_atc` WHERE ( atcps=1 AND atcvw=1 AND atcnw=0 AND (1=1) ) ORDER BY atctp DESC,atcmdftm DESC LIMIT 10,1   [ RunTime:0.000469s ]
NOTIC: [8] Undefined variable: htmltxt D:\Program Files\Apache Software Foundation\Apache2.2\htdocs\xx\zsptwap\Lib\Action\AtcAction.class.php 第 635 行.

[ 2015-11-09T22:37:54+08:00 ] 66.249.67.233 /xx/zsptwap.php/Atc/appendatc/atcanc/1
INFO: [ route_check ] --START--
INFO: CheckRoute Behavior ::run [ RunTime:0.008007s ]
INFO: [ route_check ] --END-- [ RunTime:0.008165s ]
INFO: [ app_begin ] --START--
INFO: ReadHtmlCache Behavior ::run [ RunTime:0.007354s ]
INFO: [ app_begin ] --END-- [ RunTime:0.007475s ]
NOTIC: [8] Undefined index:  pg D:\Program Files\Apache Software Foundation\Apache2.2\htdocs\xx\zsptwap\Lib\Action\AtcAction.class.php 第 537 行.
SQL: SHOW COLUMNS FROM `tb_atc` [ RunTime:0.003729s ]
SQL: SHOW COLUMNS FROM `tb_bd` [ RunTime:0.003019s ]
SQL: SELECT `atcid`,`atctpc`,`atcmdftm`,`atctp`,`atccv`,`atczn`,`atctc`,`atccnt` FROM `tb_atc` WHERE ( atcps=1 AND atcvw=1 AND atcnw=0 AND (atcanc=1) ) ORDER BY atctp DESC,atcmdftm DESC LIMIT 0,10   [ RunTime:0.000743s ]
SQL: SHOW COLUMNS FROM `tb_cstmcmt` [ RunTime:0.002660s ]
SQL: SELECT COUNT(*) AS tp_count FROM `tb_cstmcmt` WHERE ( f_cstmcmt_atcid=20 ) LIMIT 1   [ RunTime:0.000456s ]
SQL: SELECT * FROM `tb_atc` WHERE ( atcps=1 AND atcvw=1 AND atcnw=0 AND (atcanc=1) ) ORDER BY atctp DESC,atcmdftm DESC LIMIT 10,1   [ RunTime:0.000442s ]
NOTIC: [8] Undefined variable: htmltxt D:\Program Files\Apache Software Foundation\Apache2.2\htdocs\xx\zsptwap\Lib\Action\AtcAction.class.php 第 635 行.

