[ 2015-10-07T07:16:41+08:00 ] 68.180.228.176 /xx/zsptwap.php/Atc/query/bdid/19
INFO: [ route_check ] --START--
INFO: CheckRoute Behavior ::run [ RunTime:0.007901s ]
INFO: [ route_check ] --END-- [ RunTime:0.008058s ]
INFO: [ app_begin ] --START--
INFO: ReadHtmlCache Behavior ::run [ RunTime:0.004242s ]
INFO: [ app_begin ] --END-- [ RunTime:0.004363s ]
SQL: SHOW COLUMNS FROM `tb_zssz` [ RunTime:0.002925s ]
SQL: SELECT * FROM `tb_zssz` LIMIT 1   [ RunTime:0.000599s ]
SQL: SHOW COLUMNS FROM `tb_grd` [ RunTime:0.002464s ]
SQL: SELECT * FROM `tb_grd` WHERE ( grdid=4 ) LIMIT 1   [ RunTime:0.000550s ]
SQL: SHOW COLUMNS FROM `tb_2015_std` [ RunTime:0.003815s ]
SQL: SELECT * FROM `tb_2015_std` WHERE ( stdid= ) LIMIT 1   [ RunTime:0.000173s ]
ERR: 1064:You have an error in your SQL syntax; check the manual that corresponds to your MySQL server version for the right syntax to use near ') LIMIT 1' at line 1
 [ SQL语句 ] : SELECT * FROM `tb_2015_std` WHERE ( stdid= ) LIMIT 1  
SQL: SHOW COLUMNS FROM `tb_atc` [ RunTime:0.003386s ]
SQL: SHOW COLUMNS FROM `tb_bd` [ RunTime:0.002943s ]
NOTIC: [8] Undefined index:  atcanc D:\Program Files\Apache Software Foundation\Apache2.2\htdocs\xx\zsptwap\Lib\Action\AtcAction.class.php 第 122 行.
NOTIC: [8] Undefined index:  atcdnmc D:\Program Files\Apache Software Foundation\Apache2.2\htdocs\xx\zsptwap\Lib\Action\AtcAction.class.php 第 130 行.
NOTIC: [8] Undefined index:  atckw D:\Program Files\Apache Software Foundation\Apache2.2\htdocs\xx\zsptwap\Lib\Action\AtcAction.class.php 第 138 行.
SQL: SELECT * FROM `tb_bd` WHERE ( bdid=19 ) LIMIT 1   [ RunTime:0.000374s ]
SQL: SELECT * FROM `tb_bd` ORDER BY bdodr ASC  [ RunTime:0.000136s ]
SQL: SELECT * FROM `tb_bd` WHERE ( bdpid=19 ) ORDER BY bdodr ASC  [ RunTime:0.000354s ]
SQL: SELECT * FROM `tb_bd` WHERE ( bdpid=0 ) ORDER BY bdodr ASC  [ RunTime:0.000130s ]
SQL: SELECT `atcid`,`atctpc`,`atcmdftm`,`atctp`,`atccv`,`atczn`,`atctc`,`atccnt` FROM `tb_atc` WHERE ( atcps=1 AND atcvw=1 AND atcnw=0 AND (f_atc_bdid=19) ) ORDER BY atctp DESC,atcmdftm DESC LIMIT 0,10   [ RunTime:0.000304s ]
SQL: SELECT `atcid`,`atctpc`,`atcmdftm`,`atctp`,`atccv` FROM `tb_atc` WHERE ( atcps=1 AND atcvw=1 AND atcnw=0 AND (f_atc_bdid=19) ) ORDER BY atctp DESC,atcmdftm DESC LIMIT 10,1   [ RunTime:0.000263s ]
INFO: [ view_parse ] --START--
NOTIC: [8] Undefined index:  actvcls D:\Program Files\Apache Software Foundation\Apache2.2\htdocs\xx\zsptwap\Runtime\Cache\c31be9c2b88d6bec0856920cbdfb6caf.php 第 71 行.
NOTIC: [8] Undefined index:  actvcls D:\Program Files\Apache Software Foundation\Apache2.2\htdocs\xx\zsptwap\Runtime\Cache\c31be9c2b88d6bec0856920cbdfb6caf.php 第 71 行.
NOTIC: [8] Undefined index:  actvcls D:\Program Files\Apache Software Foundation\Apache2.2\htdocs\xx\zsptwap\Runtime\Cache\c31be9c2b88d6bec0856920cbdfb6caf.php 第 71 行.
NOTIC: [8] Undefined index:  actvcls D:\Program Files\Apache Software Foundation\Apache2.2\htdocs\xx\zsptwap\Runtime\Cache\c31be9c2b88d6bec0856920cbdfb6caf.php 第 71 行.
NOTIC: [8] Undefined index:  actvcls D:\Program Files\Apache Software Foundation\Apache2.2\htdocs\xx\zsptwap\Runtime\Cache\c31be9c2b88d6bec0856920cbdfb6caf.php 第 71 行.
NOTIC: [8] Undefined index:  actvcls D:\Program Files\Apache Software Foundation\Apache2.2\htdocs\xx\zsptwap\Runtime\Cache\c31be9c2b88d6bec0856920cbdfb6caf.php 第 71 行.
NOTIC: [8] Undefined index:  actvcls D:\Program Files\Apache Software Foundation\Apache2.2\htdocs\xx\zsptwap\Runtime\Cache\c31be9c2b88d6bec0856920cbdfb6caf.php 第 71 行.
NOTIC: [8] Undefined index:  actvcls D:\Program Files\Apache Software Foundation\Apache2.2\htdocs\xx\zsptwap\Runtime\Cache\c31be9c2b88d6bec0856920cbdfb6caf.php 第 71 行.
NOTIC: [8] Undefined variable: wxusross D:\Program Files\Apache Software Foundation\Apache2.2\htdocs\xx\zsptwap\Runtime\Cache\c31be9c2b88d6bec0856920cbdfb6caf.php 第 168 行.
INFO: ParseTemplate Behavior ::run [ RunTime:0.058992s ]
INFO: [ view_parse ] --END-- [ RunTime:0.059157s ]
INFO: [ view_filter ] --START--
INFO: ContentReplace Behavior ::run [ RunTime:0.004053s ]
INFO: TokenBuild Behavior ::run [ RunTime:0.003975s ]
INFO: WriteHtmlCache Behavior ::run [ RunTime:0.004739s ]
INFO: ShowRuntime Behavior ::run [ RunTime:0.004163s ]
INFO: [ view_filter ] --END-- [ RunTime:0.017269s ]
INFO: [ view_end ] --START--
INFO: ShowPageTrace Behavior ::run [ RunTime:0.004351s ]
INFO: [ view_end ] --END-- [ RunTime:0.004464s ]

[ 2015-10-07T11:22:12+08:00 ] 68.180.228.176 /xx/zsptwap.php/Atc/query/bdid/22
INFO: [ route_check ] --START--
INFO: CheckRoute Behavior ::run [ RunTime:0.007887s ]
INFO: [ route_check ] --END-- [ RunTime:0.008041s ]
INFO: [ app_begin ] --START--
INFO: ReadHtmlCache Behavior ::run [ RunTime:0.007379s ]
INFO: [ app_begin ] --END-- [ RunTime:0.007505s ]
SQL: SHOW COLUMNS FROM `tb_zssz` [ RunTime:0.002942s ]
SQL: SELECT * FROM `tb_zssz` LIMIT 1   [ RunTime:0.000464s ]
SQL: SHOW COLUMNS FROM `tb_grd` [ RunTime:0.002402s ]
SQL: SELECT * FROM `tb_grd` WHERE ( grdid=4 ) LIMIT 1   [ RunTime:0.000567s ]
SQL: SHOW COLUMNS FROM `tb_2015_std` [ RunTime:0.003785s ]
SQL: SELECT * FROM `tb_2015_std` WHERE ( stdid= ) LIMIT 1   [ RunTime:0.000189s ]
ERR: 1064:You have an error in your SQL syntax; check the manual that corresponds to your MySQL server version for the right syntax to use near ') LIMIT 1' at line 1
 [ SQL语句 ] : SELECT * FROM `tb_2015_std` WHERE ( stdid= ) LIMIT 1  
SQL: SHOW COLUMNS FROM `tb_atc` [ RunTime:0.003307s ]
SQL: SHOW COLUMNS FROM `tb_bd` [ RunTime:0.003068s ]
NOTIC: [8] Undefined index:  atcanc D:\Program Files\Apache Software Foundation\Apache2.2\htdocs\xx\zsptwap\Lib\Action\AtcAction.class.php 第 122 行.
NOTIC: [8] Undefined index:  atcdnmc D:\Program Files\Apache Software Foundation\Apache2.2\htdocs\xx\zsptwap\Lib\Action\AtcAction.class.php 第 130 行.
NOTIC: [8] Undefined index:  atckw D:\Program Files\Apache Software Foundation\Apache2.2\htdocs\xx\zsptwap\Lib\Action\AtcAction.class.php 第 138 行.
SQL: SELECT * FROM `tb_bd` WHERE ( bdid=22 ) LIMIT 1   [ RunTime:0.000403s ]
SQL: SELECT * FROM `tb_bd` ORDER BY bdodr ASC  [ RunTime:0.000133s ]
SQL: SELECT * FROM `tb_bd` WHERE ( bdpid=22 ) ORDER BY bdodr ASC  [ RunTime:0.000346s ]
SQL: SELECT * FROM `tb_bd` WHERE ( bdpid=0 ) ORDER BY bdodr ASC  [ RunTime:0.000132s ]
SQL: SELECT `atcid`,`atctpc`,`atcmdftm`,`atctp`,`atccv`,`atczn`,`atctc`,`atccnt` FROM `tb_atc` WHERE ( atcps=1 AND atcvw=1 AND atcnw=0 AND (f_atc_bdid=22) ) ORDER BY atctp DESC,atcmdftm DESC LIMIT 0,10   [ RunTime:0.000313s ]
SQL: SELECT `atcid`,`atctpc`,`atcmdftm`,`atctp`,`atccv` FROM `tb_atc` WHERE ( atcps=1 AND atcvw=1 AND atcnw=0 AND (f_atc_bdid=22) ) ORDER BY atctp DESC,atcmdftm DESC LIMIT 10,1   [ RunTime:0.000260s ]
INFO: [ view_parse ] --START--
NOTIC: [8] Undefined index:  actvcls D:\Program Files\Apache Software Foundation\Apache2.2\htdocs\xx\zsptwap\Runtime\Cache\c31be9c2b88d6bec0856920cbdfb6caf.php 第 71 行.
NOTIC: [8] Undefined index:  actvcls D:\Program Files\Apache Software Foundation\Apache2.2\htdocs\xx\zsptwap\Runtime\Cache\c31be9c2b88d6bec0856920cbdfb6caf.php 第 71 行.
NOTIC: [8] Undefined index:  actvcls D:\Program Files\Apache Software Foundation\Apache2.2\htdocs\xx\zsptwap\Runtime\Cache\c31be9c2b88d6bec0856920cbdfb6caf.php 第 71 行.
NOTIC: [8] Undefined index:  actvcls D:\Program Files\Apache Software Foundation\Apache2.2\htdocs\xx\zsptwap\Runtime\Cache\c31be9c2b88d6bec0856920cbdfb6caf.php 第 71 行.
NOTIC: [8] Undefined index:  actvcls D:\Program Files\Apache Software Foundation\Apache2.2\htdocs\xx\zsptwap\Runtime\Cache\c31be9c2b88d6bec0856920cbdfb6caf.php 第 71 行.
NOTIC: [8] Undefined index:  actvcls D:\Program Files\Apache Software Foundation\Apache2.2\htdocs\xx\zsptwap\Runtime\Cache\c31be9c2b88d6bec0856920cbdfb6caf.php 第 71 行.
NOTIC: [8] Undefined index:  actvcls D:\Program Files\Apache Software Foundation\Apache2.2\htdocs\xx\zsptwap\Runtime\Cache\c31be9c2b88d6bec0856920cbdfb6caf.php 第 71 行.
NOTIC: [8] Undefined index:  actvcls D:\Program Files\Apache Software Foundation\Apache2.2\htdocs\xx\zsptwap\Runtime\Cache\c31be9c2b88d6bec0856920cbdfb6caf.php 第 71 行.
NOTIC: [8] Undefined variable: wxusross D:\Program Files\Apache Software Foundation\Apache2.2\htdocs\xx\zsptwap\Runtime\Cache\c31be9c2b88d6bec0856920cbdfb6caf.php 第 168 行.
INFO: ParseTemplate Behavior ::run [ RunTime:0.062197s ]
INFO: [ view_parse ] --END-- [ RunTime:0.062361s ]
INFO: [ view_filter ] --START--
INFO: ContentReplace Behavior ::run [ RunTime:0.004052s ]
INFO: TokenBuild Behavior ::run [ RunTime:0.004679s ]
INFO: WriteHtmlCache Behavior ::run [ RunTime:0.007110s ]
INFO: ShowRuntime Behavior ::run [ RunTime:0.004104s ]
INFO: [ view_filter ] --END-- [ RunTime:0.020273s ]
INFO: [ view_end ] --START--
INFO: ShowPageTrace Behavior ::run [ RunTime:0.007983s ]
INFO: [ view_end ] --END-- [ RunTime:0.008106s ]

