[ 2015-11-05T12:35:11+08:00 ] 112.17.246.149 /xx/zsptwap.php
INFO: [ app_begin ] --START--
INFO: ReadHtmlCache Behavior ::run [ RunTime:0.007369s ]
INFO: [ app_begin ] --END-- [ RunTime:0.007523s ]
SQL: SHOW COLUMNS FROM `tb_zssz` [ RunTime:0.002996s ]
SQL: SELECT * FROM `tb_zssz` LIMIT 1   [ RunTime:0.000518s ]
SQL: SHOW COLUMNS FROM `tb_grd` [ RunTime:0.002442s ]
SQL: SELECT * FROM `tb_grd` WHERE ( grdid=4 ) LIMIT 1   [ RunTime:0.001152s ]
SQL: SHOW COLUMNS FROM `tb_2015_std` [ RunTime:0.004074s ]
SQL: SELECT * FROM `tb_2015_std` WHERE ( stdid= ) LIMIT 1   [ RunTime:0.000201s ]
ERR: 1064:You have an error in your SQL syntax; check the manual that corresponds to your MySQL server version for the right syntax to use near ') LIMIT 1' at line 1
 [ SQL语句 ] : SELECT * FROM `tb_2015_std` WHERE ( stdid= ) LIMIT 1  
SQL: SHOW COLUMNS FROM `tb_atc` [ RunTime:0.003309s ]
SQL: SELECT * FROM `tb_atc` LEFT JOIN tb_bd ON f_atc_bdid=bdid WHERE ( atcps=1 AND atcvw=1 AND atczs=1 ) ORDER BY atctp DESC,atcmdftm DESC LIMIT 0,10   [ RunTime:0.001924s ]
INFO: [ view_parse ] --START--
NOTIC: [8] Undefined index:  atcstyle D:\Program Files\Apache Software Foundation\Apache2.2\htdocs\xx\zsptwap\Runtime\Cache\63c9a5657c8ac6a347716cbeadc80c3c.php 第 70 行.
NOTIC: [8] Undefined index:  atcflag D:\Program Files\Apache Software Foundation\Apache2.2\htdocs\xx\zsptwap\Runtime\Cache\63c9a5657c8ac6a347716cbeadc80c3c.php 第 70 行.
NOTIC: [8] Undefined variable: wxusross D:\Program Files\Apache Software Foundation\Apache2.2\htdocs\xx\zsptwap\Runtime\Cache\63c9a5657c8ac6a347716cbeadc80c3c.php 第 118 行.
INFO: ParseTemplate Behavior ::run [ RunTime:0.064587s ]
INFO: [ view_parse ] --END-- [ RunTime:0.064750s ]
INFO: [ view_filter ] --START--
INFO: ContentReplace Behavior ::run [ RunTime:0.007125s ]
INFO: TokenBuild Behavior ::run [ RunTime:0.007491s ]
INFO: WriteHtmlCache Behavior ::run [ RunTime:0.006866s ]
INFO: ShowRuntime Behavior ::run [ RunTime:0.007216s ]
INFO: [ view_filter ] --END-- [ RunTime:0.029022s ]
INFO: [ view_end ] --START--
INFO: ShowPageTrace Behavior ::run [ RunTime:0.007557s ]
INFO: [ view_end ] --END-- [ RunTime:0.007674s ]

