[ 2015-11-13T06:09:25+08:00 ] 66.249.74.68 /xx/zsptwap.php/Atc/appendatc/bdid/15
INFO: [ route_check ] --START--
INFO: CheckRoute Behavior ::run [ RunTime:0.007935s ]
INFO: [ route_check ] --END-- [ RunTime:0.008090s ]
INFO: [ app_begin ] --START--
INFO: ReadHtmlCache Behavior ::run [ RunTime:0.007417s ]
INFO: [ app_begin ] --END-- [ RunTime:0.007550s ]
NOTIC: [8] Undefined index:  pg D:\Program Files\Apache Software Foundation\Apache2.2\htdocs\xx\zsptwap\Lib\Action\AtcAction.class.php 第 537 行.
SQL: SHOW COLUMNS FROM `tb_atc` [ RunTime:0.003607s ]
SQL: SHOW COLUMNS FROM `tb_bd` [ RunTime:0.002861s ]
NOTIC: [8] Undefined index:  atcanc D:\Program Files\Apache Software Foundation\Apache2.2\htdocs\xx\zsptwap\Lib\Action\AtcAction.class.php 第 548 行.
NOTIC: [8] Undefined index:  atcdnmc D:\Program Files\Apache Software Foundation\Apache2.2\htdocs\xx\zsptwap\Lib\Action\AtcAction.class.php 第 553 行.
NOTIC: [8] Undefined index:  atckw D:\Program Files\Apache Software Foundation\Apache2.2\htdocs\xx\zsptwap\Lib\Action\AtcAction.class.php 第 558 行.
SQL: SELECT * FROM `tb_bd` WHERE ( bdid=15 ) LIMIT 1   [ RunTime:0.000318s ]
SQL: SELECT * FROM `tb_bd` ORDER BY bdodr ASC  [ RunTime:0.000138s ]
SQL: SELECT `atcid`,`atctpc`,`atcmdftm`,`atctp`,`atccv`,`atczn`,`atctc`,`atccnt` FROM `tb_atc` WHERE ( atcps=1 AND atcvw=1 AND atcnw=0 AND (f_atc_bdid=15) ) ORDER BY atctp DESC,atcmdftm DESC LIMIT 0,10   [ RunTime:0.000451s ]
SQL: SHOW COLUMNS FROM `tb_cstmcmt` [ RunTime:0.002755s ]
SQL: SELECT COUNT(*) AS tp_count FROM `tb_cstmcmt` WHERE ( f_cstmcmt_atcid=20 ) LIMIT 1   [ RunTime:0.000464s ]
SQL: SELECT * FROM `tb_atc` WHERE ( atcps=1 AND atcvw=1 AND atcnw=0 AND (f_atc_bdid=15) ) ORDER BY atctp DESC,atcmdftm DESC LIMIT 10,1   [ RunTime:0.000417s ]
NOTIC: [8] Undefined variable: htmltxt D:\Program Files\Apache Software Foundation\Apache2.2\htdocs\xx\zsptwap\Lib\Action\AtcAction.class.php 第 635 行.

[ 2015-11-13T18:10:45+08:00 ] 117.23.134.37 /xx/zsptwap.php
INFO: [ app_begin ] --START--
INFO: ReadHtmlCache Behavior ::run [ RunTime:0.007471s ]
INFO: [ app_begin ] --END-- [ RunTime:0.007628s ]
SQL: SHOW COLUMNS FROM `tb_zssz` [ RunTime:0.002994s ]
SQL: SELECT * FROM `tb_zssz` LIMIT 1   [ RunTime:0.000528s ]
SQL: SHOW COLUMNS FROM `tb_grd` [ RunTime:0.002486s ]
SQL: SELECT * FROM `tb_grd` WHERE ( grdid=4 ) LIMIT 1   [ RunTime:0.000561s ]
SQL: SHOW COLUMNS FROM `tb_2015_std` [ RunTime:0.004069s ]
SQL: SELECT * FROM `tb_2015_std` WHERE ( stdid= ) LIMIT 1   [ RunTime:0.000175s ]
ERR: 1064:You have an error in your SQL syntax; check the manual that corresponds to your MySQL server version for the right syntax to use near ') LIMIT 1' at line 1
 [ SQL语句 ] : SELECT * FROM `tb_2015_std` WHERE ( stdid= ) LIMIT 1  
SQL: SHOW COLUMNS FROM `tb_atc` [ RunTime:0.003532s ]
SQL: SELECT * FROM `tb_atc` LEFT JOIN tb_bd ON f_atc_bdid=bdid WHERE ( atcps=1 AND atcvw=1 AND atczs=1 ) ORDER BY atctp DESC,atcmdftm DESC LIMIT 0,10   [ RunTime:0.001799s ]
INFO: [ view_parse ] --START--
NOTIC: [8] Undefined index:  atcstyle D:\Program Files\Apache Software Foundation\Apache2.2\htdocs\xx\zsptwap\Runtime\Cache\63c9a5657c8ac6a347716cbeadc80c3c.php 第 70 行.
NOTIC: [8] Undefined index:  atcflag D:\Program Files\Apache Software Foundation\Apache2.2\htdocs\xx\zsptwap\Runtime\Cache\63c9a5657c8ac6a347716cbeadc80c3c.php 第 70 行.
NOTIC: [8] Undefined variable: wxusross D:\Program Files\Apache Software Foundation\Apache2.2\htdocs\xx\zsptwap\Runtime\Cache\63c9a5657c8ac6a347716cbeadc80c3c.php 第 118 行.
INFO: ParseTemplate Behavior ::run [ RunTime:0.067149s ]
INFO: [ view_parse ] --END-- [ RunTime:0.067314s ]
INFO: [ view_filter ] --START--
INFO: ContentReplace Behavior ::run [ RunTime:0.007137s ]
INFO: TokenBuild Behavior ::run [ RunTime:0.007183s ]
INFO: WriteHtmlCache Behavior ::run [ RunTime:0.006877s ]
INFO: ShowRuntime Behavior ::run [ RunTime:0.007666s ]
INFO: [ view_filter ] --END-- [ RunTime:0.029188s ]
INFO: [ view_end ] --START--
INFO: ShowPageTrace Behavior ::run [ RunTime:0.007521s ]
INFO: [ view_end ] --END-- [ RunTime:0.007637s ]

[ 2015-11-13T18:10:54+08:00 ] 117.23.134.37 /xx/zsptwap.php/Std/gtxpg/x/updt/stdid/0
INFO: [ route_check ] --START--
INFO: CheckRoute Behavior ::run [ RunTime:0.007903s ]
INFO: [ route_check ] --END-- [ RunTime:0.008053s ]
INFO: [ app_begin ] --START--
INFO: ReadHtmlCache Behavior ::run [ RunTime:0.007374s ]
INFO: [ app_begin ] --END-- [ RunTime:0.007504s ]
SQL: SHOW COLUMNS FROM `tb_zssz` [ RunTime:0.002509s ]
SQL: SELECT * FROM `tb_zssz` LIMIT 1   [ RunTime:0.000463s ]
SQL: SHOW COLUMNS FROM `tb_grd` [ RunTime:0.002006s ]
SQL: SELECT * FROM `tb_grd` WHERE ( grdid=4 ) LIMIT 1   [ RunTime:0.000660s ]
SQL: SHOW COLUMNS FROM `tb_2015_std` [ RunTime:0.003609s ]
SQL: SELECT * FROM `tb_2015_std` WHERE ( stdid= ) LIMIT 1   [ RunTime:0.000193s ]
ERR: 1064:You have an error in your SQL syntax; check the manual that corresponds to your MySQL server version for the right syntax to use near ') LIMIT 1' at line 1
 [ SQL语句 ] : SELECT * FROM `tb_2015_std` WHERE ( stdid= ) LIMIT 1  
SQL: SELECT * FROM `tb_zssz` LIMIT 1   [ RunTime:0.000172s ]
SQL: SELECT * FROM `tb_grd` WHERE ( grdid=4 ) LIMIT 1   [ RunTime:0.000122s ]
SQL: SHOW COLUMNS FROM `tb_2015_cls` [ RunTime:0.007650s ]
SQL: SELECT * FROM `tb_2015_cls` LEFT JOIN tb_stt ON f_cls_sttid=sttid WHERE ( 1=1 AND f_cls_sttid=1 AND f_cls_grdid=4 ) ORDER BY clsnm ASC  [ RunTime:0.004245s ]
SQL: SHOW COLUMNS FROM `tb_2015_mj` [ RunTime:0.003180s ]
SQL: SELECT * FROM `tb_2015_mj`  [ RunTime:0.000466s ]
SQL: SELECT * FROM `tb_2015_mj` LEFT JOIN tb_bxxs ON f_mj_bxxsid=bxxsid LEFT JOIN tb_kl ON f_mj_klid=klid WHERE ( 1=1 AND mjbbzs=1 AND mjsttu LIKE '%-1-%' AND (1=2 OR f_mj_bxxsid=4) AND f_mj_grdid=4 ) ORDER BY f_mj_bxxsid ASC,mjdm ASC  [ RunTime:0.000201s ]
SQL: SHOW COLUMNS FROM `tb_bxxs` [ RunTime:0.002631s ]
SQL: SELECT * FROM `tb_bxxs` WHERE ( 1=1 AND (1=2 OR bxxsid=4) )  [ RunTime:0.000559s ]
SQL: SHOW COLUMNS FROM `tb_sex` [ RunTime:0.002394s ]
SQL: SELECT * FROM `tb_sex`  [ RunTime:0.000585s ]
SQL: SHOW COLUMNS FROM `tb_rc` [ RunTime:0.002360s ]
SQL: SELECT * FROM `tb_rc`  [ RunTime:0.000624s ]
SQL: SHOW COLUMNS FROM `tb_zzmm` [ RunTime:0.002386s ]
SQL: SELECT * FROM `tb_zzmm`  [ RunTime:0.000590s ]
SQL: SHOW COLUMNS FROM `tb_xl` [ RunTime:0.002729s ]
SQL: SELECT * FROM `tb_xl`  [ RunTime:0.000561s ]
SQL: SHOW COLUMNS FROM `tb_dm` [ RunTime:0.002384s ]
SQL: SELECT * FROM `tb_dm`  [ RunTime:0.000585s ]
SQL: SHOW COLUMNS FROM `tb_stat` [ RunTime:0.002516s ]
SQL: SELECT * FROM `tb_stat`  [ RunTime:0.000547s ]
NOTIC: [8] Undefined index:  stdrcmdnm D:\Program Files\Apache Software Foundation\Apache2.2\htdocs\xx\zsptwap\Lib\Action\StdAction.class.php 第 352 行.
NOTIC: [8] Undefined index:  stdrcmdcp D:\Program Files\Apache Software Foundation\Apache2.2\htdocs\xx\zsptwap\Lib\Action\StdAction.class.php 第 352 行.
INFO: [ view_parse ] --START--
NOTIC: [8] Undefined index:  f_mj_bxxsid D:\Program Files\Apache Software Foundation\Apache2.2\htdocs\xx\zsptwap\Runtime\Cache\3275c18b7eeff35324e25ceee3bbed92.php 第 76 行.
NOTIC: [8] Undefined index:  f_stdxqmj_mjid D:\Program Files\Apache Software Foundation\Apache2.2\htdocs\xx\zsptwap\Runtime\Cache\3275c18b7eeff35324e25ceee3bbed92.php 第 89 行.
NOTIC: [8] Undefined index:  stdnm D:\Program Files\Apache Software Foundation\Apache2.2\htdocs\xx\zsptwap\Runtime\Cache\3275c18b7eeff35324e25ceee3bbed92.php 第 99 行.
NOTIC: [8] Undefined index:  f_std_sexid D:\Program Files\Apache Software Foundation\Apache2.2\htdocs\xx\zsptwap\Runtime\Cache\3275c18b7eeff35324e25ceee3bbed92.php 第 109 行.
NOTIC: [8] Undefined index:  f_std_rcid D:\Program Files\Apache Software Foundation\Apache2.2\htdocs\xx\zsptwap\Runtime\Cache\3275c18b7eeff35324e25ceee3bbed92.php 第 119 行.
NOTIC: [8] Undefined index:  stdcp D:\Program Files\Apache Software Foundation\Apache2.2\htdocs\xx\zsptwap\Runtime\Cache\3275c18b7eeff35324e25ceee3bbed92.php 第 140 行.
NOTIC: [8] Undefined index:  stdidcd D:\Program Files\Apache Software Foundation\Apache2.2\htdocs\xx\zsptwap\Runtime\Cache\3275c18b7eeff35324e25ceee3bbed92.php 第 147 行.
NOTIC: [8] Undefined index:  stdrlta D:\Program Files\Apache Software Foundation\Apache2.2\htdocs\xx\zsptwap\Runtime\Cache\3275c18b7eeff35324e25ceee3bbed92.php 第 154 行.
NOTIC: [8] Undefined index:  stdrltanm D:\Program Files\Apache Software Foundation\Apache2.2\htdocs\xx\zsptwap\Runtime\Cache\3275c18b7eeff35324e25ceee3bbed92.php 第 160 行.
NOTIC: [8] Undefined index:  stdrltacp D:\Program Files\Apache Software Foundation\Apache2.2\htdocs\xx\zsptwap\Runtime\Cache\3275c18b7eeff35324e25ceee3bbed92.php 第 167 行.
NOTIC: [8] Undefined index:  stdrcmdnm D:\Program Files\Apache Software Foundation\Apache2.2\htdocs\xx\zsptwap\Runtime\Cache\3275c18b7eeff35324e25ceee3bbed92.php 第 185 行.
NOTIC: [8] Undefined variable: wxusross D:\Program Files\Apache Software Foundation\Apache2.2\htdocs\xx\zsptwap\Runtime\Cache\3275c18b7eeff35324e25ceee3bbed92.php 第 239 行.
INFO: ParseTemplate Behavior ::run [ RunTime:0.078094s ]
INFO: [ view_parse ] --END-- [ RunTime:0.078233s ]
INFO: [ view_filter ] --START--
INFO: ContentReplace Behavior ::run [ RunTime:0.007735s ]
INFO: TokenBuild Behavior ::run [ RunTime:0.007085s ]
INFO: WriteHtmlCache Behavior ::run [ RunTime:0.007035s ]
INFO: ShowRuntime Behavior ::run [ RunTime:0.007228s ]
INFO: [ view_filter ] --END-- [ RunTime:0.029410s ]
INFO: [ view_end ] --START--
INFO: ShowPageTrace Behavior ::run [ RunTime:0.007563s ]
INFO: [ view_end ] --END-- [ RunTime:0.007677s ]

