[ 2015-11-20T17:21:18+08:00 ] 211.140.143.126 /xx/zsptwap.php
INFO: [ app_begin ] --START--
INFO: ReadHtmlCache Behavior ::run [ RunTime:0.007735s ]
INFO: [ app_begin ] --END-- [ RunTime:0.007891s ]
SQL: SHOW COLUMNS FROM `tb_zssz` [ RunTime:0.015055s ]
SQL: SELECT * FROM `tb_zssz` LIMIT 1   [ RunTime:0.000517s ]
SQL: SHOW COLUMNS FROM `tb_grd` [ RunTime:0.021992s ]
SQL: SELECT * FROM `tb_grd` WHERE ( grdid=4 ) LIMIT 1   [ RunTime:0.000579s ]
SQL: SHOW COLUMNS FROM `tb_2015_std` [ RunTime:0.032375s ]
SQL: SELECT * FROM `tb_2015_std` WHERE ( stdid= ) LIMIT 1   [ RunTime:0.000203s ]
ERR: 1064:You have an error in your SQL syntax; check the manual that corresponds to your MySQL server version for the right syntax to use near ') LIMIT 1' at line 1
 [ SQL语句 ] : SELECT * FROM `tb_2015_std` WHERE ( stdid= ) LIMIT 1  
SQL: SHOW COLUMNS FROM `tb_atc` [ RunTime:0.003575s ]
SQL: SELECT * FROM `tb_atc` LEFT JOIN tb_bd ON f_atc_bdid=bdid WHERE ( atcps=1 AND atcvw=1 AND atczs=1 ) ORDER BY atctp DESC,atcmdftm DESC LIMIT 0,10   [ RunTime:0.001825s ]
INFO: [ view_parse ] --START--
NOTIC: [8] Undefined index:  atcstyle D:\Program Files\Apache Software Foundation\Apache2.2\htdocs\xx\zsptwap\Runtime\Cache\63c9a5657c8ac6a347716cbeadc80c3c.php 第 70 行.
NOTIC: [8] Undefined index:  atcflag D:\Program Files\Apache Software Foundation\Apache2.2\htdocs\xx\zsptwap\Runtime\Cache\63c9a5657c8ac6a347716cbeadc80c3c.php 第 70 行.
NOTIC: [8] Undefined variable: wxusross D:\Program Files\Apache Software Foundation\Apache2.2\htdocs\xx\zsptwap\Runtime\Cache\63c9a5657c8ac6a347716cbeadc80c3c.php 第 118 行.
INFO: ParseTemplate Behavior ::run [ RunTime:0.080364s ]
INFO: [ view_parse ] --END-- [ RunTime:0.080528s ]
INFO: [ view_filter ] --START--
INFO: ContentReplace Behavior ::run [ RunTime:0.007423s ]
INFO: TokenBuild Behavior ::run [ RunTime:0.007303s ]
INFO: WriteHtmlCache Behavior ::run [ RunTime:0.007223s ]
INFO: ShowRuntime Behavior ::run [ RunTime:0.007497s ]
INFO: [ view_filter ] --END-- [ RunTime:0.029772s ]
INFO: [ view_end ] --START--
INFO: ShowPageTrace Behavior ::run [ RunTime:0.007769s ]
INFO: [ view_end ] --END-- [ RunTime:0.007883s ]

[ 2015-11-20T17:21:23+08:00 ] 211.140.143.126 /xx/zsptwap.php/Std/gtxpg/x/updt/stdid/0
INFO: [ route_check ] --START--
INFO: CheckRoute Behavior ::run [ RunTime:0.008199s ]
INFO: [ route_check ] --END-- [ RunTime:0.008362s ]
INFO: [ app_begin ] --START--
INFO: ReadHtmlCache Behavior ::run [ RunTime:0.007606s ]
INFO: [ app_begin ] --END-- [ RunTime:0.007727s ]
SQL: SHOW COLUMNS FROM `tb_zssz` [ RunTime:0.002513s ]
SQL: SELECT * FROM `tb_zssz` LIMIT 1   [ RunTime:0.000501s ]
SQL: SHOW COLUMNS FROM `tb_grd` [ RunTime:0.002041s ]
SQL: SELECT * FROM `tb_grd` WHERE ( grdid=4 ) LIMIT 1   [ RunTime:0.000587s ]
SQL: SHOW COLUMNS FROM `tb_2015_std` [ RunTime:0.003430s ]
SQL: SELECT * FROM `tb_2015_std` WHERE ( stdid= ) LIMIT 1   [ RunTime:0.000188s ]
ERR: 1064:You have an error in your SQL syntax; check the manual that corresponds to your MySQL server version for the right syntax to use near ') LIMIT 1' at line 1
 [ SQL语句 ] : SELECT * FROM `tb_2015_std` WHERE ( stdid= ) LIMIT 1  
SQL: SELECT * FROM `tb_zssz` LIMIT 1   [ RunTime:0.000159s ]
SQL: SELECT * FROM `tb_grd` WHERE ( grdid=4 ) LIMIT 1   [ RunTime:0.000126s ]
SQL: SHOW COLUMNS FROM `tb_2015_cls` [ RunTime:0.019370s ]
SQL: SELECT * FROM `tb_2015_cls` LEFT JOIN tb_stt ON f_cls_sttid=sttid WHERE ( 1=1 AND f_cls_sttid=1 AND f_cls_grdid=4 ) ORDER BY clsnm ASC  [ RunTime:0.000447s ]
SQL: SHOW COLUMNS FROM `tb_2015_mj` [ RunTime:0.019246s ]
SQL: SELECT * FROM `tb_2015_mj`  [ RunTime:0.000523s ]
SQL: SELECT * FROM `tb_2015_mj` LEFT JOIN tb_bxxs ON f_mj_bxxsid=bxxsid LEFT JOIN tb_kl ON f_mj_klid=klid WHERE ( 1=1 AND mjbbzs=1 AND mjsttu LIKE '%-1-%' AND (1=2 OR f_mj_bxxsid=4) AND f_mj_grdid=4 ) ORDER BY f_mj_bxxsid ASC,mjdm ASC  [ RunTime:0.000166s ]
SQL: SHOW COLUMNS FROM `tb_bxxs` [ RunTime:0.011540s ]
SQL: SELECT * FROM `tb_bxxs` WHERE ( 1=1 AND (1=2 OR bxxsid=4) )  [ RunTime:0.000551s ]
SQL: SHOW COLUMNS FROM `tb_sex` [ RunTime:0.015996s ]
SQL: SELECT * FROM `tb_sex`  [ RunTime:0.000590s ]
SQL: SHOW COLUMNS FROM `tb_rc` [ RunTime:0.009661s ]
SQL: SELECT * FROM `tb_rc`  [ RunTime:0.000678s ]
SQL: SHOW COLUMNS FROM `tb_zzmm` [ RunTime:0.010795s ]
SQL: SELECT * FROM `tb_zzmm`  [ RunTime:0.000494s ]
SQL: SHOW COLUMNS FROM `tb_xl` [ RunTime:0.020000s ]
SQL: SELECT * FROM `tb_xl`  [ RunTime:0.000558s ]
SQL: SHOW COLUMNS FROM `tb_dm` [ RunTime:0.002915s ]
SQL: SELECT * FROM `tb_dm`  [ RunTime:0.000549s ]
SQL: SHOW COLUMNS FROM `tb_stat` [ RunTime:0.010658s ]
SQL: SELECT * FROM `tb_stat`  [ RunTime:0.000457s ]
NOTIC: [8] Undefined index:  stdrcmdnm D:\Program Files\Apache Software Foundation\Apache2.2\htdocs\xx\zsptwap\Lib\Action\StdAction.class.php 第 352 行.
NOTIC: [8] Undefined index:  stdrcmdcp D:\Program Files\Apache Software Foundation\Apache2.2\htdocs\xx\zsptwap\Lib\Action\StdAction.class.php 第 352 行.
INFO: [ view_parse ] --START--
NOTIC: [8] Undefined index:  f_mj_bxxsid D:\Program Files\Apache Software Foundation\Apache2.2\htdocs\xx\zsptwap\Runtime\Cache\3275c18b7eeff35324e25ceee3bbed92.php 第 76 行.
NOTIC: [8] Undefined index:  f_stdxqmj_mjid D:\Program Files\Apache Software Foundation\Apache2.2\htdocs\xx\zsptwap\Runtime\Cache\3275c18b7eeff35324e25ceee3bbed92.php 第 89 行.
NOTIC: [8] Undefined index:  stdnm D:\Program Files\Apache Software Foundation\Apache2.2\htdocs\xx\zsptwap\Runtime\Cache\3275c18b7eeff35324e25ceee3bbed92.php 第 99 行.
NOTIC: [8] Undefined index:  f_std_sexid D:\Program Files\Apache Software Foundation\Apache2.2\htdocs\xx\zsptwap\Runtime\Cache\3275c18b7eeff35324e25ceee3bbed92.php 第 109 行.
NOTIC: [8] Undefined index:  f_std_rcid D:\Program Files\Apache Software Foundation\Apache2.2\htdocs\xx\zsptwap\Runtime\Cache\3275c18b7eeff35324e25ceee3bbed92.php 第 119 行.
NOTIC: [8] Undefined index:  stdcp D:\Program Files\Apache Software Foundation\Apache2.2\htdocs\xx\zsptwap\Runtime\Cache\3275c18b7eeff35324e25ceee3bbed92.php 第 140 行.
NOTIC: [8] Undefined index:  stdidcd D:\Program Files\Apache Software Foundation\Apache2.2\htdocs\xx\zsptwap\Runtime\Cache\3275c18b7eeff35324e25ceee3bbed92.php 第 147 行.
NOTIC: [8] Undefined index:  stdrlta D:\Program Files\Apache Software Foundation\Apache2.2\htdocs\xx\zsptwap\Runtime\Cache\3275c18b7eeff35324e25ceee3bbed92.php 第 154 行.
NOTIC: [8] Undefined index:  stdrltanm D:\Program Files\Apache Software Foundation\Apache2.2\htdocs\xx\zsptwap\Runtime\Cache\3275c18b7eeff35324e25ceee3bbed92.php 第 160 行.
NOTIC: [8] Undefined index:  stdrltacp D:\Program Files\Apache Software Foundation\Apache2.2\htdocs\xx\zsptwap\Runtime\Cache\3275c18b7eeff35324e25ceee3bbed92.php 第 167 行.
NOTIC: [8] Undefined index:  stdrcmdnm D:\Program Files\Apache Software Foundation\Apache2.2\htdocs\xx\zsptwap\Runtime\Cache\3275c18b7eeff35324e25ceee3bbed92.php 第 185 行.
NOTIC: [8] Undefined variable: wxusross D:\Program Files\Apache Software Foundation\Apache2.2\htdocs\xx\zsptwap\Runtime\Cache\3275c18b7eeff35324e25ceee3bbed92.php 第 239 行.
INFO: ParseTemplate Behavior ::run [ RunTime:0.083121s ]
INFO: [ view_parse ] --END-- [ RunTime:0.083275s ]
INFO: [ view_filter ] --START--
INFO: ContentReplace Behavior ::run [ RunTime:0.007934s ]
INFO: TokenBuild Behavior ::run [ RunTime:0.007308s ]
INFO: WriteHtmlCache Behavior ::run [ RunTime:0.007476s ]
INFO: ShowRuntime Behavior ::run [ RunTime:0.007474s ]
INFO: [ view_filter ] --END-- [ RunTime:0.030526s ]
INFO: [ view_end ] --START--
INFO: ShowPageTrace Behavior ::run [ RunTime:0.007885s ]
INFO: [ view_end ] --END-- [ RunTime:0.008006s ]

[ 2015-11-20T17:26:30+08:00 ] 180.153.206.22 /xx/zsptwap.php
INFO: [ app_begin ] --START--
INFO: ReadHtmlCache Behavior ::run [ RunTime:0.007611s ]
INFO: [ app_begin ] --END-- [ RunTime:0.007764s ]
SQL: SHOW COLUMNS FROM `tb_zssz` [ RunTime:0.003003s ]
SQL: SELECT * FROM `tb_zssz` LIMIT 1   [ RunTime:0.000382s ]
SQL: SHOW COLUMNS FROM `tb_grd` [ RunTime:0.002491s ]
SQL: SELECT * FROM `tb_grd` WHERE ( grdid=4 ) LIMIT 1   [ RunTime:0.000480s ]
SQL: SHOW COLUMNS FROM `tb_2015_std` [ RunTime:0.003944s ]
SQL: SELECT * FROM `tb_2015_std` WHERE ( stdid= ) LIMIT 1   [ RunTime:0.000197s ]
ERR: 1064:You have an error in your SQL syntax; check the manual that corresponds to your MySQL server version for the right syntax to use near ') LIMIT 1' at line 1
 [ SQL语句 ] : SELECT * FROM `tb_2015_std` WHERE ( stdid= ) LIMIT 1  
SQL: SHOW COLUMNS FROM `tb_atc` [ RunTime:0.003224s ]
SQL: SELECT * FROM `tb_atc` LEFT JOIN tb_bd ON f_atc_bdid=bdid WHERE ( atcps=1 AND atcvw=1 AND atczs=1 ) ORDER BY atctp DESC,atcmdftm DESC LIMIT 0,10   [ RunTime:0.000665s ]
INFO: [ view_parse ] --START--
NOTIC: [8] Undefined index:  atcstyle D:\Program Files\Apache Software Foundation\Apache2.2\htdocs\xx\zsptwap\Runtime\Cache\63c9a5657c8ac6a347716cbeadc80c3c.php 第 70 行.
NOTIC: [8] Undefined index:  atcflag D:\Program Files\Apache Software Foundation\Apache2.2\htdocs\xx\zsptwap\Runtime\Cache\63c9a5657c8ac6a347716cbeadc80c3c.php 第 70 行.
NOTIC: [8] Undefined variable: wxusross D:\Program Files\Apache Software Foundation\Apache2.2\htdocs\xx\zsptwap\Runtime\Cache\63c9a5657c8ac6a347716cbeadc80c3c.php 第 118 行.
INFO: ParseTemplate Behavior ::run [ RunTime:0.069650s ]
INFO: [ view_parse ] --END-- [ RunTime:0.069817s ]
INFO: [ view_filter ] --START--
INFO: ContentReplace Behavior ::run [ RunTime:0.007372s ]
INFO: TokenBuild Behavior ::run [ RunTime:0.007353s ]
INFO: WriteHtmlCache Behavior ::run [ RunTime:0.003887s ]
INFO: ShowRuntime Behavior ::run [ RunTime:0.007417s ]
INFO: [ view_filter ] --END-- [ RunTime:0.026350s ]
INFO: [ view_end ] --START--
INFO: ShowPageTrace Behavior ::run [ RunTime:0.007741s ]
INFO: [ view_end ] --END-- [ RunTime:0.007854s ]

