[ 2015-11-30T09:53:31+08:00 ] 183.129.134.114 /xx/zsptwap.php
INFO: [ app_begin ] --START--
INFO: ReadHtmlCache Behavior ::run [ RunTime:0.007384s ]
INFO: [ app_begin ] --END-- [ RunTime:0.007540s ]
SQL: SHOW COLUMNS FROM `tb_zssz` [ RunTime:0.028021s ]
SQL: SELECT * FROM `tb_zssz` LIMIT 1   [ RunTime:0.000540s ]
SQL: SHOW COLUMNS FROM `tb_grd` [ RunTime:0.015396s ]
SQL: SELECT * FROM `tb_grd` WHERE ( grdid=4 ) LIMIT 1   [ RunTime:0.000158s ]
SQL: SHOW COLUMNS FROM `tb_2015_std` [ RunTime:0.031519s ]
SQL: SELECT * FROM `tb_2015_std` WHERE ( stdid= ) LIMIT 1   [ RunTime:0.000201s ]
ERR: 1064:You have an error in your SQL syntax; check the manual that corresponds to your MySQL server version for the right syntax to use near ') LIMIT 1' at line 1
 [ SQL语句 ] : SELECT * FROM `tb_2015_std` WHERE ( stdid= ) LIMIT 1  
SQL: SHOW COLUMNS FROM `tb_atc` [ RunTime:0.013408s ]
SQL: SELECT * FROM `tb_atc` LEFT JOIN tb_bd ON f_atc_bdid=bdid WHERE ( atcps=1 AND atcvw=1 AND atczs=1 ) ORDER BY atctp DESC,atcmdftm DESC LIMIT 0,10   [ RunTime:0.000682s ]
INFO: [ view_parse ] --START--
NOTIC: [8] Undefined index:  atcstyle D:\Program Files\Apache Software Foundation\Apache2.2\htdocs\xx\zsptwap\Runtime\Cache\63c9a5657c8ac6a347716cbeadc80c3c.php 第 70 行.
NOTIC: [8] Undefined index:  atcflag D:\Program Files\Apache Software Foundation\Apache2.2\htdocs\xx\zsptwap\Runtime\Cache\63c9a5657c8ac6a347716cbeadc80c3c.php 第 70 行.
NOTIC: [8] Undefined variable: wxusross D:\Program Files\Apache Software Foundation\Apache2.2\htdocs\xx\zsptwap\Runtime\Cache\63c9a5657c8ac6a347716cbeadc80c3c.php 第 118 行.
INFO: ParseTemplate Behavior ::run [ RunTime:0.077126s ]
INFO: [ view_parse ] --END-- [ RunTime:0.077291s ]
INFO: [ view_filter ] --START--
INFO: ContentReplace Behavior ::run [ RunTime:0.007617s ]
INFO: TokenBuild Behavior ::run [ RunTime:0.007071s ]
INFO: WriteHtmlCache Behavior ::run [ RunTime:0.003754s ]
INFO: ShowRuntime Behavior ::run [ RunTime:0.007348s ]
INFO: [ view_filter ] --END-- [ RunTime:0.026112s ]
INFO: [ view_end ] --START--
INFO: ShowPageTrace Behavior ::run [ RunTime:0.007465s ]
INFO: [ view_end ] --END-- [ RunTime:0.007580s ]

[ 2015-11-30T09:53:39+08:00 ] 183.129.134.114 /xx/zsptwap.php/Std/gtxpg/x/updt/stdid/0
INFO: [ route_check ] --START--
INFO: CheckRoute Behavior ::run [ RunTime:0.014413s ]
INFO: [ route_check ] --END-- [ RunTime:0.014569s ]
INFO: [ app_begin ] --START--
INFO: ReadHtmlCache Behavior ::run [ RunTime:0.007424s ]
INFO: [ app_begin ] --END-- [ RunTime:0.007557s ]
SQL: SHOW COLUMNS FROM `tb_zssz` [ RunTime:0.002484s ]
SQL: SELECT * FROM `tb_zssz` LIMIT 1   [ RunTime:0.000524s ]
SQL: SHOW COLUMNS FROM `tb_grd` [ RunTime:0.002038s ]
SQL: SELECT * FROM `tb_grd` WHERE ( grdid=4 ) LIMIT 1   [ RunTime:0.000594s ]
SQL: SHOW COLUMNS FROM `tb_2015_std` [ RunTime:0.003355s ]
SQL: SELECT * FROM `tb_2015_std` WHERE ( stdid= ) LIMIT 1   [ RunTime:0.000192s ]
ERR: 1064:You have an error in your SQL syntax; check the manual that corresponds to your MySQL server version for the right syntax to use near ') LIMIT 1' at line 1
 [ SQL语句 ] : SELECT * FROM `tb_2015_std` WHERE ( stdid= ) LIMIT 1  
SQL: SELECT * FROM `tb_zssz` LIMIT 1   [ RunTime:0.000154s ]
SQL: SELECT * FROM `tb_grd` WHERE ( grdid=4 ) LIMIT 1   [ RunTime:0.000122s ]
SQL: SHOW COLUMNS FROM `tb_2015_cls` [ RunTime:0.006189s ]
SQL: SELECT * FROM `tb_2015_cls` LEFT JOIN tb_stt ON f_cls_sttid=sttid WHERE ( 1=1 AND f_cls_sttid=1 AND f_cls_grdid=4 ) ORDER BY clsnm ASC  [ RunTime:0.000861s ]
SQL: SHOW COLUMNS FROM `tb_2015_mj` [ RunTime:0.013197s ]
SQL: SELECT * FROM `tb_2015_mj`  [ RunTime:0.000506s ]
SQL: SELECT * FROM `tb_2015_mj` LEFT JOIN tb_bxxs ON f_mj_bxxsid=bxxsid LEFT JOIN tb_kl ON f_mj_klid=klid WHERE ( 1=1 AND mjbbzs=1 AND mjsttu LIKE '%-1-%' AND (1=2 OR f_mj_bxxsid=4) AND f_mj_grdid=4 ) ORDER BY f_mj_bxxsid ASC,mjdm ASC  [ RunTime:0.000165s ]
SQL: SHOW COLUMNS FROM `tb_bxxs` [ RunTime:0.005511s ]
SQL: SELECT * FROM `tb_bxxs` WHERE ( 1=1 AND (1=2 OR bxxsid=4) )  [ RunTime:0.000628s ]
SQL: SHOW COLUMNS FROM `tb_sex` [ RunTime:0.016066s ]
SQL: SELECT * FROM `tb_sex`  [ RunTime:0.000585s ]
SQL: SHOW COLUMNS FROM `tb_rc` [ RunTime:0.009552s ]
SQL: SELECT * FROM `tb_rc`  [ RunTime:0.000606s ]
SQL: SHOW COLUMNS FROM `tb_zzmm` [ RunTime:0.002736s ]
SQL: SELECT * FROM `tb_zzmm`  [ RunTime:0.000584s ]
SQL: SHOW COLUMNS FROM `tb_xl` [ RunTime:0.010140s ]
SQL: SELECT * FROM `tb_xl`  [ RunTime:0.000588s ]
SQL: SHOW COLUMNS FROM `tb_dm` [ RunTime:0.002725s ]
SQL: SELECT * FROM `tb_dm`  [ RunTime:0.000589s ]
SQL: SHOW COLUMNS FROM `tb_stat` [ RunTime:0.010962s ]
SQL: SELECT * FROM `tb_stat`  [ RunTime:0.000532s ]
NOTIC: [8] Undefined index:  stdrcmdnm D:\Program Files\Apache Software Foundation\Apache2.2\htdocs\xx\zsptwap\Lib\Action\StdAction.class.php 第 352 行.
NOTIC: [8] Undefined index:  stdrcmdcp D:\Program Files\Apache Software Foundation\Apache2.2\htdocs\xx\zsptwap\Lib\Action\StdAction.class.php 第 352 行.
INFO: [ view_parse ] --START--
NOTIC: [8] Undefined index:  f_mj_bxxsid D:\Program Files\Apache Software Foundation\Apache2.2\htdocs\xx\zsptwap\Runtime\Cache\3275c18b7eeff35324e25ceee3bbed92.php 第 76 行.
NOTIC: [8] Undefined index:  f_stdxqmj_mjid D:\Program Files\Apache Software Foundation\Apache2.2\htdocs\xx\zsptwap\Runtime\Cache\3275c18b7eeff35324e25ceee3bbed92.php 第 89 行.
NOTIC: [8] Undefined index:  stdnm D:\Program Files\Apache Software Foundation\Apache2.2\htdocs\xx\zsptwap\Runtime\Cache\3275c18b7eeff35324e25ceee3bbed92.php 第 99 行.
NOTIC: [8] Undefined index:  f_std_sexid D:\Program Files\Apache Software Foundation\Apache2.2\htdocs\xx\zsptwap\Runtime\Cache\3275c18b7eeff35324e25ceee3bbed92.php 第 109 行.
NOTIC: [8] Undefined index:  f_std_rcid D:\Program Files\Apache Software Foundation\Apache2.2\htdocs\xx\zsptwap\Runtime\Cache\3275c18b7eeff35324e25ceee3bbed92.php 第 119 行.
NOTIC: [8] Undefined index:  stdcp D:\Program Files\Apache Software Foundation\Apache2.2\htdocs\xx\zsptwap\Runtime\Cache\3275c18b7eeff35324e25ceee3bbed92.php 第 140 行.
NOTIC: [8] Undefined index:  stdidcd D:\Program Files\Apache Software Foundation\Apache2.2\htdocs\xx\zsptwap\Runtime\Cache\3275c18b7eeff35324e25ceee3bbed92.php 第 147 行.
NOTIC: [8] Undefined index:  stdrlta D:\Program Files\Apache Software Foundation\Apache2.2\htdocs\xx\zsptwap\Runtime\Cache\3275c18b7eeff35324e25ceee3bbed92.php 第 154 行.
NOTIC: [8] Undefined index:  stdrltanm D:\Program Files\Apache Software Foundation\Apache2.2\htdocs\xx\zsptwap\Runtime\Cache\3275c18b7eeff35324e25ceee3bbed92.php 第 160 行.
NOTIC: [8] Undefined index:  stdrltacp D:\Program Files\Apache Software Foundation\Apache2.2\htdocs\xx\zsptwap\Runtime\Cache\3275c18b7eeff35324e25ceee3bbed92.php 第 167 行.
NOTIC: [8] Undefined index:  stdrcmdnm D:\Program Files\Apache Software Foundation\Apache2.2\htdocs\xx\zsptwap\Runtime\Cache\3275c18b7eeff35324e25ceee3bbed92.php 第 185 行.
NOTIC: [8] Undefined variable: wxusross D:\Program Files\Apache Software Foundation\Apache2.2\htdocs\xx\zsptwap\Runtime\Cache\3275c18b7eeff35324e25ceee3bbed92.php 第 239 行.
INFO: ParseTemplate Behavior ::run [ RunTime:0.080249s ]
INFO: [ view_parse ] --END-- [ RunTime:0.080391s ]
INFO: [ view_filter ] --START--
INFO: ContentReplace Behavior ::run [ RunTime:0.007426s ]
INFO: TokenBuild Behavior ::run [ RunTime:0.007065s ]
INFO: WriteHtmlCache Behavior ::run [ RunTime:0.002201s ]
INFO: ShowRuntime Behavior ::run [ RunTime:0.011237s ]
INFO: [ view_filter ] --END-- [ RunTime:0.028280s ]
INFO: [ view_end ] --START--
INFO: ShowPageTrace Behavior ::run [ RunTime:0.007530s ]
INFO: [ view_end ] --END-- [ RunTime:0.007649s ]

[ 2015-11-30T09:54:00+08:00 ] 122.224.163.226 /xx/zsptwap.php
INFO: [ app_begin ] --START--
INFO: ReadHtmlCache Behavior ::run [ RunTime:0.007487s ]
INFO: [ app_begin ] --END-- [ RunTime:0.007643s ]
SQL: SHOW COLUMNS FROM `tb_zssz` [ RunTime:0.002755s ]
SQL: SELECT * FROM `tb_zssz` LIMIT 1   [ RunTime:0.000526s ]
SQL: SHOW COLUMNS FROM `tb_grd` [ RunTime:0.002020s ]
SQL: SELECT * FROM `tb_grd` WHERE ( grdid=4 ) LIMIT 1   [ RunTime:0.000626s ]
SQL: SHOW COLUMNS FROM `tb_2015_std` [ RunTime:0.003340s ]
SQL: SELECT * FROM `tb_2015_std` WHERE ( stdid= ) LIMIT 1   [ RunTime:0.000196s ]
ERR: 1064:You have an error in your SQL syntax; check the manual that corresponds to your MySQL server version for the right syntax to use near ') LIMIT 1' at line 1
 [ SQL语句 ] : SELECT * FROM `tb_2015_std` WHERE ( stdid= ) LIMIT 1  
SQL: SHOW COLUMNS FROM `tb_atc` [ RunTime:0.002789s ]
SQL: SELECT * FROM `tb_atc` LEFT JOIN tb_bd ON f_atc_bdid=bdid WHERE ( atcps=1 AND atcvw=1 AND atczs=1 ) ORDER BY atctp DESC,atcmdftm DESC LIMIT 0,10   [ RunTime:0.000546s ]
INFO: [ view_parse ] --START--
NOTIC: [8] Undefined index:  atcstyle D:\Program Files\Apache Software Foundation\Apache2.2\htdocs\xx\zsptwap\Runtime\Cache\63c9a5657c8ac6a347716cbeadc80c3c.php 第 70 行.
NOTIC: [8] Undefined index:  atcflag D:\Program Files\Apache Software Foundation\Apache2.2\htdocs\xx\zsptwap\Runtime\Cache\63c9a5657c8ac6a347716cbeadc80c3c.php 第 70 行.
NOTIC: [8] Undefined variable: wxusross D:\Program Files\Apache Software Foundation\Apache2.2\htdocs\xx\zsptwap\Runtime\Cache\63c9a5657c8ac6a347716cbeadc80c3c.php 第 118 行.
INFO: ParseTemplate Behavior ::run [ RunTime:0.068251s ]
INFO: [ view_parse ] --END-- [ RunTime:0.068424s ]
INFO: [ view_filter ] --START--
INFO: ContentReplace Behavior ::run [ RunTime:0.007135s ]
INFO: TokenBuild Behavior ::run [ RunTime:0.007054s ]
INFO: WriteHtmlCache Behavior ::run [ RunTime:0.002184s ]
INFO: ShowRuntime Behavior ::run [ RunTime:0.007195s ]
INFO: [ view_filter ] --END-- [ RunTime:0.023880s ]
INFO: [ view_end ] --START--
INFO: ShowPageTrace Behavior ::run [ RunTime:0.007540s ]
INFO: [ view_end ] --END-- [ RunTime:0.007653s ]

[ 2015-11-30T13:03:30+08:00 ] 112.17.241.183 /xx/zsptwap.php
INFO: [ app_begin ] --START--
INFO: ReadHtmlCache Behavior ::run [ RunTime:0.004364s ]
INFO: [ app_begin ] --END-- [ RunTime:0.004523s ]
SQL: SHOW COLUMNS FROM `tb_zssz` [ RunTime:0.002977s ]
SQL: SELECT * FROM `tb_zssz` LIMIT 1   [ RunTime:0.000513s ]
SQL: SHOW COLUMNS FROM `tb_grd` [ RunTime:0.002559s ]
SQL: SELECT * FROM `tb_grd` WHERE ( grdid=4 ) LIMIT 1   [ RunTime:0.000692s ]
SQL: SHOW COLUMNS FROM `tb_2015_std` [ RunTime:0.003951s ]
SQL: SELECT * FROM `tb_2015_std` WHERE ( stdid= ) LIMIT 1   [ RunTime:0.000183s ]
ERR: 1064:You have an error in your SQL syntax; check the manual that corresponds to your MySQL server version for the right syntax to use near ') LIMIT 1' at line 1
 [ SQL语句 ] : SELECT * FROM `tb_2015_std` WHERE ( stdid= ) LIMIT 1  
SQL: SHOW COLUMNS FROM `tb_atc` [ RunTime:0.003467s ]
SQL: SELECT * FROM `tb_atc` LEFT JOIN tb_bd ON f_atc_bdid=bdid WHERE ( atcps=1 AND atcvw=1 AND atczs=1 ) ORDER BY atctp DESC,atcmdftm DESC LIMIT 0,10   [ RunTime:0.000548s ]
INFO: [ view_parse ] --START--
NOTIC: [8] Undefined index:  atcstyle D:\Program Files\Apache Software Foundation\Apache2.2\htdocs\xx\zsptwap\Runtime\Cache\63c9a5657c8ac6a347716cbeadc80c3c.php 第 70 行.
NOTIC: [8] Undefined index:  atcflag D:\Program Files\Apache Software Foundation\Apache2.2\htdocs\xx\zsptwap\Runtime\Cache\63c9a5657c8ac6a347716cbeadc80c3c.php 第 70 行.
NOTIC: [8] Undefined variable: wxusross D:\Program Files\Apache Software Foundation\Apache2.2\htdocs\xx\zsptwap\Runtime\Cache\63c9a5657c8ac6a347716cbeadc80c3c.php 第 118 行.
INFO: ParseTemplate Behavior ::run [ RunTime:0.063182s ]
INFO: [ view_parse ] --END-- [ RunTime:0.063369s ]
INFO: [ view_filter ] --START--
INFO: ContentReplace Behavior ::run [ RunTime:0.007463s ]
INFO: TokenBuild Behavior ::run [ RunTime:0.007182s ]
INFO: WriteHtmlCache Behavior ::run [ RunTime:0.007147s ]
INFO: ShowRuntime Behavior ::run [ RunTime:0.007401s ]
INFO: [ view_filter ] --END-- [ RunTime:0.029530s ]
INFO: [ view_end ] --START--
INFO: ShowPageTrace Behavior ::run [ RunTime:0.007547s ]
INFO: [ view_end ] --END-- [ RunTime:0.007665s ]

[ 2015-11-30T13:06:37+08:00 ] 112.17.241.183 /xx/zsptwap.php/Std/gtxpg/x/updt/stdid/0
INFO: [ route_check ] --START--
INFO: CheckRoute Behavior ::run [ RunTime:0.005018s ]
INFO: [ route_check ] --END-- [ RunTime:0.005179s ]
INFO: [ app_begin ] --START--
INFO: ReadHtmlCache Behavior ::run [ RunTime:0.004335s ]
INFO: [ app_begin ] --END-- [ RunTime:0.004460s ]
SQL: SHOW COLUMNS FROM `tb_zssz` [ RunTime:0.002560s ]
SQL: SELECT * FROM `tb_zssz` LIMIT 1   [ RunTime:0.000510s ]
SQL: SHOW COLUMNS FROM `tb_grd` [ RunTime:0.002189s ]
SQL: SELECT * FROM `tb_grd` WHERE ( grdid=4 ) LIMIT 1   [ RunTime:0.000596s ]
SQL: SHOW COLUMNS FROM `tb_2015_std` [ RunTime:0.003428s ]
SQL: SELECT * FROM `tb_2015_std` WHERE ( stdid= ) LIMIT 1   [ RunTime:0.000203s ]
ERR: 1064:You have an error in your SQL syntax; check the manual that corresponds to your MySQL server version for the right syntax to use near ') LIMIT 1' at line 1
 [ SQL语句 ] : SELECT * FROM `tb_2015_std` WHERE ( stdid= ) LIMIT 1  
SQL: SELECT * FROM `tb_zssz` LIMIT 1   [ RunTime:0.000176s ]
SQL: SELECT * FROM `tb_grd` WHERE ( grdid=4 ) LIMIT 1   [ RunTime:0.000125s ]
SQL: SHOW COLUMNS FROM `tb_2015_cls` [ RunTime:0.002784s ]
SQL: SELECT * FROM `tb_2015_cls` LEFT JOIN tb_stt ON f_cls_sttid=sttid WHERE ( 1=1 AND f_cls_sttid=1 AND f_cls_grdid=4 ) ORDER BY clsnm ASC  [ RunTime:0.000607s ]
SQL: SHOW COLUMNS FROM `tb_2015_mj` [ RunTime:0.002906s ]
SQL: SELECT * FROM `tb_2015_mj`  [ RunTime:0.000553s ]
SQL: SELECT * FROM `tb_2015_mj` LEFT JOIN tb_bxxs ON f_mj_bxxsid=bxxsid LEFT JOIN tb_kl ON f_mj_klid=klid WHERE ( 1=1 AND mjbbzs=1 AND mjsttu LIKE '%-1-%' AND (1=2 OR f_mj_bxxsid=4) AND f_mj_grdid=4 ) ORDER BY f_mj_bxxsid ASC,mjdm ASC  [ RunTime:0.000167s ]
SQL: SHOW COLUMNS FROM `tb_bxxs` [ RunTime:0.002446s ]
SQL: SELECT * FROM `tb_bxxs` WHERE ( 1=1 AND (1=2 OR bxxsid=4) )  [ RunTime:0.000629s ]
SQL: SHOW COLUMNS FROM `tb_sex` [ RunTime:0.002392s ]
SQL: SELECT * FROM `tb_sex`  [ RunTime:0.000609s ]
SQL: SHOW COLUMNS FROM `tb_rc` [ RunTime:0.002419s ]
SQL: SELECT * FROM `tb_rc`  [ RunTime:0.000646s ]
SQL: SHOW COLUMNS FROM `tb_zzmm` [ RunTime:0.002426s ]
SQL: SELECT * FROM `tb_zzmm`  [ RunTime:0.000605s ]
SQL: SHOW COLUMNS FROM `tb_xl` [ RunTime:0.002386s ]
SQL: SELECT * FROM `tb_xl`  [ RunTime:0.000627s ]
SQL: SHOW COLUMNS FROM `tb_dm` [ RunTime:0.002437s ]
SQL: SELECT * FROM `tb_dm`  [ RunTime:0.000691s ]
SQL: SHOW COLUMNS FROM `tb_stat` [ RunTime:0.002541s ]
SQL: SELECT * FROM `tb_stat`  [ RunTime:0.000588s ]
NOTIC: [8] Undefined index:  stdrcmdnm D:\Program Files\Apache Software Foundation\Apache2.2\htdocs\xx\zsptwap\Lib\Action\StdAction.class.php 第 352 行.
NOTIC: [8] Undefined index:  stdrcmdcp D:\Program Files\Apache Software Foundation\Apache2.2\htdocs\xx\zsptwap\Lib\Action\StdAction.class.php 第 352 行.
INFO: [ view_parse ] --START--
NOTIC: [8] Undefined index:  f_mj_bxxsid D:\Program Files\Apache Software Foundation\Apache2.2\htdocs\xx\zsptwap\Runtime\Cache\3275c18b7eeff35324e25ceee3bbed92.php 第 76 行.
NOTIC: [8] Undefined index:  f_stdxqmj_mjid D:\Program Files\Apache Software Foundation\Apache2.2\htdocs\xx\zsptwap\Runtime\Cache\3275c18b7eeff35324e25ceee3bbed92.php 第 89 行.
NOTIC: [8] Undefined index:  stdnm D:\Program Files\Apache Software Foundation\Apache2.2\htdocs\xx\zsptwap\Runtime\Cache\3275c18b7eeff35324e25ceee3bbed92.php 第 99 行.
NOTIC: [8] Undefined index:  f_std_sexid D:\Program Files\Apache Software Foundation\Apache2.2\htdocs\xx\zsptwap\Runtime\Cache\3275c18b7eeff35324e25ceee3bbed92.php 第 109 行.
NOTIC: [8] Undefined index:  f_std_rcid D:\Program Files\Apache Software Foundation\Apache2.2\htdocs\xx\zsptwap\Runtime\Cache\3275c18b7eeff35324e25ceee3bbed92.php 第 119 行.
NOTIC: [8] Undefined index:  stdcp D:\Program Files\Apache Software Foundation\Apache2.2\htdocs\xx\zsptwap\Runtime\Cache\3275c18b7eeff35324e25ceee3bbed92.php 第 140 行.
NOTIC: [8] Undefined index:  stdidcd D:\Program Files\Apache Software Foundation\Apache2.2\htdocs\xx\zsptwap\Runtime\Cache\3275c18b7eeff35324e25ceee3bbed92.php 第 147 行.
NOTIC: [8] Undefined index:  stdrlta D:\Program Files\Apache Software Foundation\Apache2.2\htdocs\xx\zsptwap\Runtime\Cache\3275c18b7eeff35324e25ceee3bbed92.php 第 154 行.
NOTIC: [8] Undefined index:  stdrltanm D:\Program Files\Apache Software Foundation\Apache2.2\htdocs\xx\zsptwap\Runtime\Cache\3275c18b7eeff35324e25ceee3bbed92.php 第 160 行.
NOTIC: [8] Undefined index:  stdrltacp D:\Program Files\Apache Software Foundation\Apache2.2\htdocs\xx\zsptwap\Runtime\Cache\3275c18b7eeff35324e25ceee3bbed92.php 第 167 行.
NOTIC: [8] Undefined index:  stdrcmdnm D:\Program Files\Apache Software Foundation\Apache2.2\htdocs\xx\zsptwap\Runtime\Cache\3275c18b7eeff35324e25ceee3bbed92.php 第 185 行.
NOTIC: [8] Undefined variable: wxusross D:\Program Files\Apache Software Foundation\Apache2.2\htdocs\xx\zsptwap\Runtime\Cache\3275c18b7eeff35324e25ceee3bbed92.php 第 239 行.
INFO: ParseTemplate Behavior ::run [ RunTime:0.070560s ]
INFO: [ view_parse ] --END-- [ RunTime:0.070706s ]
INFO: [ view_filter ] --START--
INFO: ContentReplace Behavior ::run [ RunTime:0.004161s ]
INFO: TokenBuild Behavior ::run [ RunTime:0.003999s ]
INFO: WriteHtmlCache Behavior ::run [ RunTime:0.003804s ]
INFO: ShowRuntime Behavior ::run [ RunTime:0.007318s ]
INFO: [ view_filter ] --END-- [ RunTime:0.019603s ]
INFO: [ view_end ] --START--
INFO: ShowPageTrace Behavior ::run [ RunTime:0.004446s ]
INFO: [ view_end ] --END-- [ RunTime:0.004560s ]

[ 2015-11-30T13:06:50+08:00 ] 112.17.241.183 /xx/zsptwap.php
INFO: [ app_begin ] --START--
INFO: ReadHtmlCache Behavior ::run [ RunTime:0.004806s ]
INFO: [ app_begin ] --END-- [ RunTime:0.004998s ]
SQL: SHOW COLUMNS FROM `tb_zssz` [ RunTime:0.002730s ]
SQL: SELECT * FROM `tb_zssz` LIMIT 1   [ RunTime:0.016123s ]
SQL: SHOW COLUMNS FROM `tb_grd` [ RunTime:0.002312s ]
SQL: SELECT * FROM `tb_grd` WHERE ( grdid=4 ) LIMIT 1   [ RunTime:0.000509s ]
SQL: SHOW COLUMNS FROM `tb_2015_std` [ RunTime:0.003571s ]
SQL: SELECT * FROM `tb_2015_std` WHERE ( stdid= ) LIMIT 1   [ RunTime:0.000195s ]
ERR: 1064:You have an error in your SQL syntax; check the manual that corresponds to your MySQL server version for the right syntax to use near ') LIMIT 1' at line 1
 [ SQL语句 ] : SELECT * FROM `tb_2015_std` WHERE ( stdid= ) LIMIT 1  
SQL: SHOW COLUMNS FROM `tb_atc` [ RunTime:0.004152s ]
SQL: SELECT * FROM `tb_atc` LEFT JOIN tb_bd ON f_atc_bdid=bdid WHERE ( atcps=1 AND atcvw=1 AND atczs=1 ) ORDER BY atctp DESC,atcmdftm DESC LIMIT 0,10   [ RunTime:0.000428s ]
INFO: [ view_parse ] --START--
NOTIC: [8] Undefined index:  atcstyle D:\Program Files\Apache Software Foundation\Apache2.2\htdocs\xx\zsptwap\Runtime\Cache\63c9a5657c8ac6a347716cbeadc80c3c.php 第 70 行.
NOTIC: [8] Undefined index:  atcflag D:\Program Files\Apache Software Foundation\Apache2.2\htdocs\xx\zsptwap\Runtime\Cache\63c9a5657c8ac6a347716cbeadc80c3c.php 第 70 行.
NOTIC: [8] Undefined variable: wxusross D:\Program Files\Apache Software Foundation\Apache2.2\htdocs\xx\zsptwap\Runtime\Cache\63c9a5657c8ac6a347716cbeadc80c3c.php 第 118 行.
INFO: ParseTemplate Behavior ::run [ RunTime:0.061384s ]
INFO: [ view_parse ] --END-- [ RunTime:0.061560s ]
INFO: [ view_filter ] --START--
INFO: ContentReplace Behavior ::run [ RunTime:0.007486s ]
INFO: TokenBuild Behavior ::run [ RunTime:0.007145s ]
INFO: WriteHtmlCache Behavior ::run [ RunTime:0.006984s ]
INFO: ShowRuntime Behavior ::run [ RunTime:0.007482s ]
INFO: [ view_filter ] --END-- [ RunTime:0.029448s ]
INFO: [ view_end ] --START--
INFO: ShowPageTrace Behavior ::run [ RunTime:0.007633s ]
INFO: [ view_end ] --END-- [ RunTime:0.007758s ]

[ 2015-11-30T13:07:05+08:00 ] 112.17.241.183 /xx/zsptwap.php
INFO: [ app_begin ] --START--
INFO: ReadHtmlCache Behavior ::run [ RunTime:0.001156s ]
INFO: [ app_begin ] --END-- [ RunTime:0.001313s ]
SQL: SHOW COLUMNS FROM `tb_zssz` [ RunTime:0.002487s ]
SQL: SELECT * FROM `tb_zssz` LIMIT 1   [ RunTime:0.000539s ]
SQL: SHOW COLUMNS FROM `tb_grd` [ RunTime:0.003542s ]
SQL: SELECT * FROM `tb_grd` WHERE ( grdid=4 ) LIMIT 1   [ RunTime:0.000536s ]
SQL: SHOW COLUMNS FROM `tb_2015_std` [ RunTime:0.003431s ]
SQL: SELECT * FROM `tb_2015_std` WHERE ( stdid= ) LIMIT 1   [ RunTime:0.000206s ]
ERR: 1064:You have an error in your SQL syntax; check the manual that corresponds to your MySQL server version for the right syntax to use near ') LIMIT 1' at line 1
 [ SQL语句 ] : SELECT * FROM `tb_2015_std` WHERE ( stdid= ) LIMIT 1  
SQL: SHOW COLUMNS FROM `tb_atc` [ RunTime:0.002891s ]
SQL: SELECT * FROM `tb_atc` LEFT JOIN tb_bd ON f_atc_bdid=bdid WHERE ( atcps=1 AND atcvw=1 AND atczs=1 ) ORDER BY atctp DESC,atcmdftm DESC LIMIT 0,10   [ RunTime:0.000615s ]
INFO: [ view_parse ] --START--
NOTIC: [8] Undefined index:  atcstyle D:\Program Files\Apache Software Foundation\Apache2.2\htdocs\xx\zsptwap\Runtime\Cache\63c9a5657c8ac6a347716cbeadc80c3c.php 第 70 行.
NOTIC: [8] Undefined index:  atcflag D:\Program Files\Apache Software Foundation\Apache2.2\htdocs\xx\zsptwap\Runtime\Cache\63c9a5657c8ac6a347716cbeadc80c3c.php 第 70 行.
NOTIC: [8] Undefined variable: wxusross D:\Program Files\Apache Software Foundation\Apache2.2\htdocs\xx\zsptwap\Runtime\Cache\63c9a5657c8ac6a347716cbeadc80c3c.php 第 118 行.
INFO: ParseTemplate Behavior ::run [ RunTime:0.049780s ]
INFO: [ view_parse ] --END-- [ RunTime:0.049950s ]
INFO: [ view_filter ] --START--
INFO: ContentReplace Behavior ::run [ RunTime:0.000902s ]
INFO: TokenBuild Behavior ::run [ RunTime:0.000850s ]
INFO: WriteHtmlCache Behavior ::run [ RunTime:0.002250s ]
INFO: ShowRuntime Behavior ::run [ RunTime:0.005664s ]
INFO: [ view_filter ] --END-- [ RunTime:0.009979s ]
INFO: [ view_end ] --START--
INFO: ShowPageTrace Behavior ::run [ RunTime:0.002846s ]
INFO: [ view_end ] --END-- [ RunTime:0.002964s ]

