[ 2015-12-06T22:54:45+08:00 ] 111.197.179.86 /xx/zsptwap.php
INFO: [ app_begin ] --START--
INFO: ReadHtmlCache Behavior ::run [ RunTime:0.010394s ]
INFO: [ app_begin ] --END-- [ RunTime:0.010595s ]
SQL: SHOW COLUMNS FROM `tb_zssz` [ RunTime:0.003374s ]
SQL: SELECT * FROM `tb_zssz` LIMIT 1   [ RunTime:0.000322s ]
SQL: SHOW COLUMNS FROM `tb_grd` [ RunTime:0.002633s ]
SQL: SELECT * FROM `tb_grd` WHERE ( grdid=4 ) LIMIT 1   [ RunTime:0.000602s ]
SQL: SHOW COLUMNS FROM `tb_2015_std` [ RunTime:0.003967s ]
SQL: SELECT * FROM `tb_2015_std` WHERE ( stdid= ) LIMIT 1   [ RunTime:0.000186s ]
ERR: 1064:You have an error in your SQL syntax; check the manual that corresponds to your MySQL server version for the right syntax to use near ') LIMIT 1' at line 1
 [ SQL语句 ] : SELECT * FROM `tb_2015_std` WHERE ( stdid= ) LIMIT 1  
SQL: SHOW COLUMNS FROM `tb_atc` [ RunTime:0.003286s ]
SQL: SELECT * FROM `tb_atc` LEFT JOIN tb_bd ON f_atc_bdid=bdid WHERE ( atcps=1 AND atcvw=1 AND atczs=1 ) ORDER BY atctp DESC,atcmdftm DESC LIMIT 0,10   [ RunTime:0.000667s ]
INFO: [ view_parse ] --START--
NOTIC: [8] Undefined index:  atcstyle D:\Program Files\Apache Software Foundation\Apache2.2\htdocs\xx\zsptwap\Runtime\Cache\63c9a5657c8ac6a347716cbeadc80c3c.php 第 70 行.
NOTIC: [8] Undefined index:  atcflag D:\Program Files\Apache Software Foundation\Apache2.2\htdocs\xx\zsptwap\Runtime\Cache\63c9a5657c8ac6a347716cbeadc80c3c.php 第 70 行.
NOTIC: [8] Undefined variable: wxusross D:\Program Files\Apache Software Foundation\Apache2.2\htdocs\xx\zsptwap\Runtime\Cache\63c9a5657c8ac6a347716cbeadc80c3c.php 第 118 行.
INFO: ParseTemplate Behavior ::run [ RunTime:0.068254s ]
INFO: [ view_parse ] --END-- [ RunTime:0.068421s ]
INFO: [ view_filter ] --START--
INFO: ContentReplace Behavior ::run [ RunTime:0.007295s ]
INFO: TokenBuild Behavior ::run [ RunTime:0.007191s ]
INFO: WriteHtmlCache Behavior ::run [ RunTime:0.002220s ]
INFO: ShowRuntime Behavior ::run [ RunTime:0.007331s ]
INFO: [ view_filter ] --END-- [ RunTime:0.024357s ]
INFO: [ view_end ] --START--
INFO: ShowPageTrace Behavior ::run [ RunTime:0.007584s ]
INFO: [ view_end ] --END-- [ RunTime:0.007710s ]

