[ 2015-10-14T09:36:05+08:00 ] 183.31.142.41 /xx/zsptwap.php
INFO: [ app_begin ] --START--
INFO: ReadHtmlCache Behavior ::run [ RunTime:0.007432s ]
INFO: [ app_begin ] --END-- [ RunTime:0.007589s ]
SQL: SHOW COLUMNS FROM `tb_zssz` [ RunTime:0.003344s ]
SQL: SELECT * FROM `tb_zssz` LIMIT 1   [ RunTime:0.000485s ]
SQL: SHOW COLUMNS FROM `tb_grd` [ RunTime:0.002511s ]
SQL: SELECT * FROM `tb_grd` WHERE ( grdid=4 ) LIMIT 1   [ RunTime:0.000547s ]
SQL: SHOW COLUMNS FROM `tb_2015_std` [ RunTime:0.003948s ]
SQL: SELECT * FROM `tb_2015_std` WHERE ( stdid= ) LIMIT 1   [ RunTime:0.000190s ]
ERR: 1064:You have an error in your SQL syntax; check the manual that corresponds to your MySQL server version for the right syntax to use near ') LIMIT 1' at line 1
 [ SQL语句 ] : SELECT * FROM `tb_2015_std` WHERE ( stdid= ) LIMIT 1  
SQL: SHOW COLUMNS FROM `tb_atc` [ RunTime:0.003681s ]
SQL: SELECT * FROM `tb_atc` LEFT JOIN tb_bd ON f_atc_bdid=bdid WHERE ( atcps=1 AND atcvw=1 AND atczs=1 ) ORDER BY atctp DESC,atcmdftm DESC LIMIT 0,10   [ RunTime:0.000527s ]
INFO: [ view_parse ] --START--
NOTIC: [8] Undefined index:  atcstyle D:\Program Files\Apache Software Foundation\Apache2.2\htdocs\xx\zsptwap\Runtime\Cache\63c9a5657c8ac6a347716cbeadc80c3c.php 第 70 行.
NOTIC: [8] Undefined index:  atcflag D:\Program Files\Apache Software Foundation\Apache2.2\htdocs\xx\zsptwap\Runtime\Cache\63c9a5657c8ac6a347716cbeadc80c3c.php 第 70 行.
NOTIC: [8] Undefined variable: wxusross D:\Program Files\Apache Software Foundation\Apache2.2\htdocs\xx\zsptwap\Runtime\Cache\63c9a5657c8ac6a347716cbeadc80c3c.php 第 118 行.
INFO: ParseTemplate Behavior ::run [ RunTime:0.067829s ]
INFO: [ view_parse ] --END-- [ RunTime:0.067991s ]
INFO: [ view_filter ] --START--
INFO: ContentReplace Behavior ::run [ RunTime:0.007391s ]
INFO: TokenBuild Behavior ::run [ RunTime:0.007078s ]
INFO: WriteHtmlCache Behavior ::run [ RunTime:0.007016s ]
INFO: ShowRuntime Behavior ::run [ RunTime:0.007213s ]
INFO: [ view_filter ] --END-- [ RunTime:0.029017s ]
INFO: [ view_end ] --START--
INFO: ShowPageTrace Behavior ::run [ RunTime:0.007812s ]
INFO: [ view_end ] --END-- [ RunTime:0.007927s ]

[ 2015-10-14T09:36:18+08:00 ] 183.31.142.41 /xx/zsptwap.php/Atc/view/atcid/20
INFO: [ route_check ] --START--
INFO: CheckRoute Behavior ::run [ RunTime:0.007923s ]
INFO: [ route_check ] --END-- [ RunTime:0.008077s ]
INFO: [ app_begin ] --START--
INFO: ReadHtmlCache Behavior ::run [ RunTime:0.007342s ]
INFO: [ app_begin ] --END-- [ RunTime:0.007465s ]
SQL: SHOW COLUMNS FROM `tb_zssz` [ RunTime:0.002515s ]
SQL: SELECT * FROM `tb_zssz` LIMIT 1   [ RunTime:0.000505s ]
SQL: SHOW COLUMNS FROM `tb_grd` [ RunTime:0.002041s ]
SQL: SELECT * FROM `tb_grd` WHERE ( grdid=4 ) LIMIT 1   [ RunTime:0.000493s ]
SQL: SHOW COLUMNS FROM `tb_2015_std` [ RunTime:0.003541s ]
SQL: SELECT * FROM `tb_2015_std` WHERE ( stdid= ) LIMIT 1   [ RunTime:0.000192s ]
ERR: 1064:You have an error in your SQL syntax; check the manual that corresponds to your MySQL server version for the right syntax to use near ') LIMIT 1' at line 1
 [ SQL语句 ] : SELECT * FROM `tb_2015_std` WHERE ( stdid= ) LIMIT 1  
SQL: SHOW COLUMNS FROM `tb_atc` [ RunTime:0.002892s ]
SQL: SELECT * FROM `tb_atc` LEFT JOIN tb_bd ON f_atc_bdid=bdid WHERE ( atcid=20 ) LIMIT 1   [ RunTime:0.001843s ]
SQL: SHOW COLUMNS FROM `tb_bd` [ RunTime:0.002219s ]
SQL: SELECT * FROM `tb_bd` ORDER BY bdodr ASC  [ RunTime:0.000547s ]
SQL: SELECT * FROM `tb_bd` WHERE ( bdid=15 ) LIMIT 1   [ RunTime:0.000132s ]
SQL: SELECT * FROM `tb_bd` WHERE ( bdpid=0 ) ORDER BY bdodr ASC  [ RunTime:0.000140s ]
SQL: UPDATE `tb_atc` SET `atccnt`=369 WHERE ( atcid=20 ) [ RunTime:0.021331s ]
NOTIC: [8] Undefined variable: alt D:\Program Files\Apache Software Foundation\Apache2.2\htdocs\xx\zsptwap\Lib\Action\AtcAction.class.php 第 67 行.
SQL: SHOW COLUMNS FROM `tb_sys` [ RunTime:0.002677s ]
SQL: SELECT * FROM `tb_sys` LIMIT 1   [ RunTime:0.000603s ]
INFO: [ view_parse ] --START--
NOTIC: [8] Undefined variable: wxusross D:\Program Files\Apache Software Foundation\Apache2.2\htdocs\xx\zsptwap\Runtime\Cache\02fafcbe42b282f8510b74ffa14f39eb.php 第 120 行.
INFO: ParseTemplate Behavior ::run [ RunTime:0.064858s ]
INFO: [ view_parse ] --END-- [ RunTime:0.065011s ]
INFO: [ view_filter ] --START--
INFO: ContentReplace Behavior ::run [ RunTime:0.007674s ]
INFO: TokenBuild Behavior ::run [ RunTime:0.007116s ]
INFO: WriteHtmlCache Behavior ::run [ RunTime:0.006934s ]
INFO: ShowRuntime Behavior ::run [ RunTime:0.007604s ]
INFO: [ view_filter ] --END-- [ RunTime:0.029655s ]
INFO: [ view_end ] --START--
INFO: ShowPageTrace Behavior ::run [ RunTime:0.007527s ]
INFO: [ view_end ] --END-- [ RunTime:0.008033s ]

