[ 2015-12-02T22:36:39+08:00 ] 112.17.235.12 /xx/zsptwap.php
INFO: [ app_begin ] --START--
INFO: ReadHtmlCache Behavior ::run [ RunTime:0.007600s ]
INFO: [ app_begin ] --END-- [ RunTime:0.007777s ]
SQL: SHOW COLUMNS FROM `tb_zssz` [ RunTime:0.003058s ]
SQL: SELECT * FROM `tb_zssz` LIMIT 1   [ RunTime:0.000592s ]
SQL: SHOW COLUMNS FROM `tb_grd` [ RunTime:0.002704s ]
SQL: SELECT * FROM `tb_grd` WHERE ( grdid=4 ) LIMIT 1   [ RunTime:0.000546s ]
SQL: SHOW COLUMNS FROM `tb_2015_std` [ RunTime:0.004066s ]
SQL: SELECT * FROM `tb_2015_std` WHERE ( stdid= ) LIMIT 1   [ RunTime:0.000201s ]
ERR: 1064:You have an error in your SQL syntax; check the manual that corresponds to your MySQL server version for the right syntax to use near ') LIMIT 1' at line 1
 [ SQL语句 ] : SELECT * FROM `tb_2015_std` WHERE ( stdid= ) LIMIT 1  
SQL: SHOW COLUMNS FROM `tb_atc` [ RunTime:0.003378s ]
SQL: SELECT * FROM `tb_atc` LEFT JOIN tb_bd ON f_atc_bdid=bdid WHERE ( atcps=1 AND atcvw=1 AND atczs=1 ) ORDER BY atctp DESC,atcmdftm DESC LIMIT 0,10   [ RunTime:0.001712s ]
INFO: [ view_parse ] --START--
NOTIC: [8] Undefined index:  atcstyle D:\Program Files\Apache Software Foundation\Apache2.2\htdocs\xx\zsptwap\Runtime\Cache\63c9a5657c8ac6a347716cbeadc80c3c.php 第 70 行.
NOTIC: [8] Undefined index:  atcflag D:\Program Files\Apache Software Foundation\Apache2.2\htdocs\xx\zsptwap\Runtime\Cache\63c9a5657c8ac6a347716cbeadc80c3c.php 第 70 行.
NOTIC: [8] Undefined variable: wxusross D:\Program Files\Apache Software Foundation\Apache2.2\htdocs\xx\zsptwap\Runtime\Cache\63c9a5657c8ac6a347716cbeadc80c3c.php 第 118 行.
INFO: ParseTemplate Behavior ::run [ RunTime:0.058517s ]
INFO: [ view_parse ] --END-- [ RunTime:0.058684s ]
INFO: [ view_filter ] --START--
INFO: ContentReplace Behavior ::run [ RunTime:0.004145s ]
INFO: TokenBuild Behavior ::run [ RunTime:0.007300s ]
INFO: WriteHtmlCache Behavior ::run [ RunTime:0.007106s ]
INFO: ShowRuntime Behavior ::run [ RunTime:0.007241s ]
INFO: [ view_filter ] --END-- [ RunTime:0.026114s ]
INFO: [ view_end ] --START--
INFO: ShowPageTrace Behavior ::run [ RunTime:0.004543s ]
INFO: [ view_end ] --END-- [ RunTime:0.004660s ]

