[ 2015-11-11T06:56:44+08:00 ] 66.249.74.68 /xx/zsptwap.php/Atc/query/bdid/20
INFO: [ route_check ] --START--
INFO: CheckRoute Behavior ::run [ RunTime:0.008126s ]
INFO: [ route_check ] --END-- [ RunTime:0.008291s ]
INFO: [ app_begin ] --START--
INFO: ReadHtmlCache Behavior ::run [ RunTime:0.007808s ]
INFO: [ app_begin ] --END-- [ RunTime:0.007938s ]
SQL: SHOW COLUMNS FROM `tb_zssz` [ RunTime:0.002988s ]
SQL: SELECT * FROM `tb_zssz` LIMIT 1   [ RunTime:0.000433s ]
SQL: SHOW COLUMNS FROM `tb_grd` [ RunTime:0.002505s ]
SQL: SELECT * FROM `tb_grd` WHERE ( grdid=4 ) LIMIT 1   [ RunTime:0.000552s ]
SQL: SHOW COLUMNS FROM `tb_2015_std` [ RunTime:0.004062s ]
SQL: SELECT * FROM `tb_2015_std` WHERE ( stdid= ) LIMIT 1   [ RunTime:0.000192s ]
ERR: 1064:You have an error in your SQL syntax; check the manual that corresponds to your MySQL server version for the right syntax to use near ') LIMIT 1' at line 1
 [ SQL语句 ] : SELECT * FROM `tb_2015_std` WHERE ( stdid= ) LIMIT 1  
SQL: SHOW COLUMNS FROM `tb_atc` [ RunTime:0.003452s ]
SQL: SHOW COLUMNS FROM `tb_bd` [ RunTime:0.002965s ]
NOTIC: [8] Undefined index:  atcanc D:\Program Files\Apache Software Foundation\Apache2.2\htdocs\xx\zsptwap\Lib\Action\AtcAction.class.php 第 122 行.
NOTIC: [8] Undefined index:  atcdnmc D:\Program Files\Apache Software Foundation\Apache2.2\htdocs\xx\zsptwap\Lib\Action\AtcAction.class.php 第 130 行.
NOTIC: [8] Undefined index:  atckw D:\Program Files\Apache Software Foundation\Apache2.2\htdocs\xx\zsptwap\Lib\Action\AtcAction.class.php 第 138 行.
SQL: SELECT * FROM `tb_bd` WHERE ( bdid=20 ) LIMIT 1   [ RunTime:0.000321s ]
SQL: SELECT * FROM `tb_bd` ORDER BY bdodr ASC  [ RunTime:0.000137s ]
SQL: SELECT * FROM `tb_bd` WHERE ( bdpid=20 ) ORDER BY bdodr ASC  [ RunTime:0.000124s ]
SQL: SELECT * FROM `tb_bd` WHERE ( bdpid=0 ) ORDER BY bdodr ASC  [ RunTime:0.000126s ]
SQL: SELECT `atcid`,`atctpc`,`atcmdftm`,`atctp`,`atccv`,`atczn`,`atctc`,`atccnt` FROM `tb_atc` WHERE ( atcps=1 AND atcvw=1 AND atcnw=0 AND (f_atc_bdid=20) ) ORDER BY atctp DESC,atcmdftm DESC LIMIT 0,10   [ RunTime:0.000407s ]
SQL: SELECT `atcid`,`atctpc`,`atcmdftm`,`atctp`,`atccv` FROM `tb_atc` WHERE ( atcps=1 AND atcvw=1 AND atcnw=0 AND (f_atc_bdid=20) ) ORDER BY atctp DESC,atcmdftm DESC LIMIT 10,1   [ RunTime:0.000271s ]
INFO: [ view_parse ] --START--
NOTIC: [8] Undefined index:  actvcls D:\Program Files\Apache Software Foundation\Apache2.2\htdocs\xx\zsptwap\Runtime\Cache\c31be9c2b88d6bec0856920cbdfb6caf.php 第 71 行.
NOTIC: [8] Undefined index:  actvcls D:\Program Files\Apache Software Foundation\Apache2.2\htdocs\xx\zsptwap\Runtime\Cache\c31be9c2b88d6bec0856920cbdfb6caf.php 第 71 行.
NOTIC: [8] Undefined index:  actvcls D:\Program Files\Apache Software Foundation\Apache2.2\htdocs\xx\zsptwap\Runtime\Cache\c31be9c2b88d6bec0856920cbdfb6caf.php 第 71 行.
NOTIC: [8] Undefined index:  actvcls D:\Program Files\Apache Software Foundation\Apache2.2\htdocs\xx\zsptwap\Runtime\Cache\c31be9c2b88d6bec0856920cbdfb6caf.php 第 71 行.
NOTIC: [8] Undefined index:  actvcls D:\Program Files\Apache Software Foundation\Apache2.2\htdocs\xx\zsptwap\Runtime\Cache\c31be9c2b88d6bec0856920cbdfb6caf.php 第 71 行.
NOTIC: [8] Undefined index:  actvcls D:\Program Files\Apache Software Foundation\Apache2.2\htdocs\xx\zsptwap\Runtime\Cache\c31be9c2b88d6bec0856920cbdfb6caf.php 第 71 行.
NOTIC: [8] Undefined index:  actvcls D:\Program Files\Apache Software Foundation\Apache2.2\htdocs\xx\zsptwap\Runtime\Cache\c31be9c2b88d6bec0856920cbdfb6caf.php 第 71 行.
NOTIC: [8] Undefined index:  actvcls D:\Program Files\Apache Software Foundation\Apache2.2\htdocs\xx\zsptwap\Runtime\Cache\c31be9c2b88d6bec0856920cbdfb6caf.php 第 71 行.
NOTIC: [8] Undefined variable: wxusross D:\Program Files\Apache Software Foundation\Apache2.2\htdocs\xx\zsptwap\Runtime\Cache\c31be9c2b88d6bec0856920cbdfb6caf.php 第 168 行.
INFO: ParseTemplate Behavior ::run [ RunTime:0.075505s ]
INFO: [ view_parse ] --END-- [ RunTime:0.075666s ]
INFO: [ view_filter ] --START--
INFO: ContentReplace Behavior ::run [ RunTime:0.007192s ]
INFO: TokenBuild Behavior ::run [ RunTime:0.007370s ]
INFO: WriteHtmlCache Behavior ::run [ RunTime:0.006889s ]
INFO: ShowRuntime Behavior ::run [ RunTime:0.007710s ]
INFO: [ view_filter ] --END-- [ RunTime:0.029485s ]
INFO: [ view_end ] --START--
INFO: ShowPageTrace Behavior ::run [ RunTime:0.007475s ]
INFO: [ view_end ] --END-- [ RunTime:0.007588s ]

[ 2015-11-11T07:04:03+08:00 ] 66.249.79.103 /xx/zsptwap.php/Atc/query/bdid/22
INFO: [ route_check ] --START--
INFO: CheckRoute Behavior ::run [ RunTime:0.007893s ]
INFO: [ route_check ] --END-- [ RunTime:0.008051s ]
INFO: [ app_begin ] --START--
INFO: ReadHtmlCache Behavior ::run [ RunTime:0.007420s ]
INFO: [ app_begin ] --END-- [ RunTime:0.007542s ]
SQL: SHOW COLUMNS FROM `tb_zssz` [ RunTime:0.003618s ]
SQL: SELECT * FROM `tb_zssz` LIMIT 1   [ RunTime:0.002342s ]
SQL: SHOW COLUMNS FROM `tb_grd` [ RunTime:0.003351s ]
SQL: SELECT * FROM `tb_grd` WHERE ( grdid=4 ) LIMIT 1   [ RunTime:0.000498s ]
SQL: SHOW COLUMNS FROM `tb_2015_std` [ RunTime:0.003606s ]
SQL: SELECT * FROM `tb_2015_std` WHERE ( stdid= ) LIMIT 1   [ RunTime:0.000193s ]
ERR: 1064:You have an error in your SQL syntax; check the manual that corresponds to your MySQL server version for the right syntax to use near ') LIMIT 1' at line 1
 [ SQL语句 ] : SELECT * FROM `tb_2015_std` WHERE ( stdid= ) LIMIT 1  
SQL: SHOW COLUMNS FROM `tb_atc` [ RunTime:0.003157s ]
SQL: SHOW COLUMNS FROM `tb_bd` [ RunTime:0.002480s ]
NOTIC: [8] Undefined index:  atcanc D:\Program Files\Apache Software Foundation\Apache2.2\htdocs\xx\zsptwap\Lib\Action\AtcAction.class.php 第 122 行.
NOTIC: [8] Undefined index:  atcdnmc D:\Program Files\Apache Software Foundation\Apache2.2\htdocs\xx\zsptwap\Lib\Action\AtcAction.class.php 第 130 行.
NOTIC: [8] Undefined index:  atckw D:\Program Files\Apache Software Foundation\Apache2.2\htdocs\xx\zsptwap\Lib\Action\AtcAction.class.php 第 138 行.
SQL: SELECT * FROM `tb_bd` WHERE ( bdid=22 ) LIMIT 1   [ RunTime:0.000391s ]
SQL: SELECT * FROM `tb_bd` ORDER BY bdodr ASC  [ RunTime:0.000132s ]
SQL: SELECT * FROM `tb_bd` WHERE ( bdpid=22 ) ORDER BY bdodr ASC  [ RunTime:0.000123s ]
SQL: SELECT * FROM `tb_bd` WHERE ( bdpid=0 ) ORDER BY bdodr ASC  [ RunTime:0.000125s ]
SQL: SELECT `atcid`,`atctpc`,`atcmdftm`,`atctp`,`atccv`,`atczn`,`atctc`,`atccnt` FROM `tb_atc` WHERE ( atcps=1 AND atcvw=1 AND atcnw=0 AND (f_atc_bdid=22) ) ORDER BY atctp DESC,atcmdftm DESC LIMIT 0,10   [ RunTime:0.000415s ]
SQL: SELECT `atcid`,`atctpc`,`atcmdftm`,`atctp`,`atccv` FROM `tb_atc` WHERE ( atcps=1 AND atcvw=1 AND atcnw=0 AND (f_atc_bdid=22) ) ORDER BY atctp DESC,atcmdftm DESC LIMIT 10,1   [ RunTime:0.000270s ]
INFO: [ view_parse ] --START--
NOTIC: [8] Undefined index:  actvcls D:\Program Files\Apache Software Foundation\Apache2.2\htdocs\xx\zsptwap\Runtime\Cache\c31be9c2b88d6bec0856920cbdfb6caf.php 第 71 行.
NOTIC: [8] Undefined index:  actvcls D:\Program Files\Apache Software Foundation\Apache2.2\htdocs\xx\zsptwap\Runtime\Cache\c31be9c2b88d6bec0856920cbdfb6caf.php 第 71 行.
NOTIC: [8] Undefined index:  actvcls D:\Program Files\Apache Software Foundation\Apache2.2\htdocs\xx\zsptwap\Runtime\Cache\c31be9c2b88d6bec0856920cbdfb6caf.php 第 71 行.
NOTIC: [8] Undefined index:  actvcls D:\Program Files\Apache Software Foundation\Apache2.2\htdocs\xx\zsptwap\Runtime\Cache\c31be9c2b88d6bec0856920cbdfb6caf.php 第 71 行.
NOTIC: [8] Undefined index:  actvcls D:\Program Files\Apache Software Foundation\Apache2.2\htdocs\xx\zsptwap\Runtime\Cache\c31be9c2b88d6bec0856920cbdfb6caf.php 第 71 行.
NOTIC: [8] Undefined index:  actvcls D:\Program Files\Apache Software Foundation\Apache2.2\htdocs\xx\zsptwap\Runtime\Cache\c31be9c2b88d6bec0856920cbdfb6caf.php 第 71 行.
NOTIC: [8] Undefined index:  actvcls D:\Program Files\Apache Software Foundation\Apache2.2\htdocs\xx\zsptwap\Runtime\Cache\c31be9c2b88d6bec0856920cbdfb6caf.php 第 71 行.
NOTIC: [8] Undefined index:  actvcls D:\Program Files\Apache Software Foundation\Apache2.2\htdocs\xx\zsptwap\Runtime\Cache\c31be9c2b88d6bec0856920cbdfb6caf.php 第 71 行.
NOTIC: [8] Undefined variable: wxusross D:\Program Files\Apache Software Foundation\Apache2.2\htdocs\xx\zsptwap\Runtime\Cache\c31be9c2b88d6bec0856920cbdfb6caf.php 第 168 行.
INFO: ParseTemplate Behavior ::run [ RunTime:0.075124s ]
INFO: [ view_parse ] --END-- [ RunTime:0.075288s ]
INFO: [ view_filter ] --START--
INFO: ContentReplace Behavior ::run [ RunTime:0.007471s ]
INFO: TokenBuild Behavior ::run [ RunTime:0.007096s ]
INFO: WriteHtmlCache Behavior ::run [ RunTime:0.006854s ]
INFO: ShowRuntime Behavior ::run [ RunTime:0.008055s ]
INFO: [ view_filter ] --END-- [ RunTime:0.029802s ]
INFO: [ view_end ] --START--
INFO: ShowPageTrace Behavior ::run [ RunTime:0.007501s ]
INFO: [ view_end ] --END-- [ RunTime:0.007614s ]

[ 2015-11-11T07:07:49+08:00 ] 66.249.74.70 /xx/zsptwap.php/Atc/query/bdid/18
INFO: [ route_check ] --START--
INFO: CheckRoute Behavior ::run [ RunTime:0.007851s ]
INFO: [ route_check ] --END-- [ RunTime:0.008007s ]
INFO: [ app_begin ] --START--
INFO: ReadHtmlCache Behavior ::run [ RunTime:0.007353s ]
INFO: [ app_begin ] --END-- [ RunTime:0.007477s ]
SQL: SHOW COLUMNS FROM `tb_zssz` [ RunTime:0.002558s ]
SQL: SELECT * FROM `tb_zssz` LIMIT 1   [ RunTime:0.000511s ]
SQL: SHOW COLUMNS FROM `tb_grd` [ RunTime:0.002049s ]
SQL: SELECT * FROM `tb_grd` WHERE ( grdid=4 ) LIMIT 1   [ RunTime:0.000550s ]
SQL: SHOW COLUMNS FROM `tb_2015_std` [ RunTime:0.003578s ]
SQL: SELECT * FROM `tb_2015_std` WHERE ( stdid= ) LIMIT 1   [ RunTime:0.000241s ]
ERR: 1064:You have an error in your SQL syntax; check the manual that corresponds to your MySQL server version for the right syntax to use near ') LIMIT 1' at line 1
 [ SQL语句 ] : SELECT * FROM `tb_2015_std` WHERE ( stdid= ) LIMIT 1  
SQL: SHOW COLUMNS FROM `tb_atc` [ RunTime:0.002999s ]
SQL: SHOW COLUMNS FROM `tb_bd` [ RunTime:0.002486s ]
NOTIC: [8] Undefined index:  atcanc D:\Program Files\Apache Software Foundation\Apache2.2\htdocs\xx\zsptwap\Lib\Action\AtcAction.class.php 第 122 行.
NOTIC: [8] Undefined index:  atcdnmc D:\Program Files\Apache Software Foundation\Apache2.2\htdocs\xx\zsptwap\Lib\Action\AtcAction.class.php 第 130 行.
NOTIC: [8] Undefined index:  atckw D:\Program Files\Apache Software Foundation\Apache2.2\htdocs\xx\zsptwap\Lib\Action\AtcAction.class.php 第 138 行.
SQL: SELECT * FROM `tb_bd` WHERE ( bdid=18 ) LIMIT 1   [ RunTime:0.000356s ]
SQL: SELECT * FROM `tb_bd` ORDER BY bdodr ASC  [ RunTime:0.000137s ]
SQL: SELECT * FROM `tb_bd` WHERE ( bdpid=18 ) ORDER BY bdodr ASC  [ RunTime:0.000127s ]
SQL: SELECT * FROM `tb_bd` WHERE ( bdpid=0 ) ORDER BY bdodr ASC  [ RunTime:0.000125s ]
SQL: SELECT `atcid`,`atctpc`,`atcmdftm`,`atctp`,`atccv`,`atczn`,`atctc`,`atccnt` FROM `tb_atc` WHERE ( atcps=1 AND atcvw=1 AND atcnw=0 AND (f_atc_bdid=18) ) ORDER BY atctp DESC,atcmdftm DESC LIMIT 0,10   [ RunTime:0.000396s ]
SQL: SELECT `atcid`,`atctpc`,`atcmdftm`,`atctp`,`atccv` FROM `tb_atc` WHERE ( atcps=1 AND atcvw=1 AND atcnw=0 AND (f_atc_bdid=18) ) ORDER BY atctp DESC,atcmdftm DESC LIMIT 10,1   [ RunTime:0.000273s ]
INFO: [ view_parse ] --START--
NOTIC: [8] Undefined index:  actvcls D:\Program Files\Apache Software Foundation\Apache2.2\htdocs\xx\zsptwap\Runtime\Cache\c31be9c2b88d6bec0856920cbdfb6caf.php 第 71 行.
NOTIC: [8] Undefined index:  actvcls D:\Program Files\Apache Software Foundation\Apache2.2\htdocs\xx\zsptwap\Runtime\Cache\c31be9c2b88d6bec0856920cbdfb6caf.php 第 71 行.
NOTIC: [8] Undefined index:  actvcls D:\Program Files\Apache Software Foundation\Apache2.2\htdocs\xx\zsptwap\Runtime\Cache\c31be9c2b88d6bec0856920cbdfb6caf.php 第 71 行.
NOTIC: [8] Undefined index:  actvcls D:\Program Files\Apache Software Foundation\Apache2.2\htdocs\xx\zsptwap\Runtime\Cache\c31be9c2b88d6bec0856920cbdfb6caf.php 第 71 行.
NOTIC: [8] Undefined index:  actvcls D:\Program Files\Apache Software Foundation\Apache2.2\htdocs\xx\zsptwap\Runtime\Cache\c31be9c2b88d6bec0856920cbdfb6caf.php 第 71 行.
NOTIC: [8] Undefined index:  actvcls D:\Program Files\Apache Software Foundation\Apache2.2\htdocs\xx\zsptwap\Runtime\Cache\c31be9c2b88d6bec0856920cbdfb6caf.php 第 71 行.
NOTIC: [8] Undefined index:  actvcls D:\Program Files\Apache Software Foundation\Apache2.2\htdocs\xx\zsptwap\Runtime\Cache\c31be9c2b88d6bec0856920cbdfb6caf.php 第 71 行.
NOTIC: [8] Undefined index:  actvcls D:\Program Files\Apache Software Foundation\Apache2.2\htdocs\xx\zsptwap\Runtime\Cache\c31be9c2b88d6bec0856920cbdfb6caf.php 第 71 行.
NOTIC: [8] Undefined variable: wxusross D:\Program Files\Apache Software Foundation\Apache2.2\htdocs\xx\zsptwap\Runtime\Cache\c31be9c2b88d6bec0856920cbdfb6caf.php 第 168 行.
INFO: ParseTemplate Behavior ::run [ RunTime:0.075183s ]
INFO: [ view_parse ] --END-- [ RunTime:0.075347s ]
INFO: [ view_filter ] --START--
INFO: ContentReplace Behavior ::run [ RunTime:0.007510s ]
INFO: TokenBuild Behavior ::run [ RunTime:0.007055s ]
INFO: WriteHtmlCache Behavior ::run [ RunTime:0.011590s ]
INFO: ShowRuntime Behavior ::run [ RunTime:0.007606s ]
INFO: [ view_filter ] --END-- [ RunTime:0.034150s ]
INFO: [ view_end ] --START--
INFO: ShowPageTrace Behavior ::run [ RunTime:0.007497s ]
INFO: [ view_end ] --END-- [ RunTime:0.007614s ]

