[ 2015-11-10T13:22:12+08:00 ] 66.249.65.64 /xx/zsptwap.php/Atc/query/bdid/15
INFO: [ route_check ] --START--
INFO: CheckRoute Behavior ::run [ RunTime:0.008027s ]
INFO: [ route_check ] --END-- [ RunTime:0.008185s ]
INFO: [ app_begin ] --START--
INFO: ReadHtmlCache Behavior ::run [ RunTime:0.008515s ]
INFO: [ app_begin ] --END-- [ RunTime:0.008788s ]
SQL: SHOW COLUMNS FROM `tb_zssz` [ RunTime:0.003001s ]
SQL: SELECT * FROM `tb_zssz` LIMIT 1   [ RunTime:0.000498s ]
SQL: SHOW COLUMNS FROM `tb_grd` [ RunTime:0.002421s ]
SQL: SELECT * FROM `tb_grd` WHERE ( grdid=4 ) LIMIT 1   [ RunTime:0.000554s ]
SQL: SHOW COLUMNS FROM `tb_2015_std` [ RunTime:0.003946s ]
SQL: SELECT * FROM `tb_2015_std` WHERE ( stdid= ) LIMIT 1   [ RunTime:0.000204s ]
ERR: 1064:You have an error in your SQL syntax; check the manual that corresponds to your MySQL server version for the right syntax to use near ') LIMIT 1' at line 1
 [ SQL语句 ] : SELECT * FROM `tb_2015_std` WHERE ( stdid= ) LIMIT 1  
SQL: SHOW COLUMNS FROM `tb_atc` [ RunTime:0.003371s ]
SQL: SHOW COLUMNS FROM `tb_bd` [ RunTime:0.002872s ]
NOTIC: [8] Undefined index:  atcanc D:\Program Files\Apache Software Foundation\Apache2.2\htdocs\xx\zsptwap\Lib\Action\AtcAction.class.php 第 122 行.
NOTIC: [8] Undefined index:  atcdnmc D:\Program Files\Apache Software Foundation\Apache2.2\htdocs\xx\zsptwap\Lib\Action\AtcAction.class.php 第 130 行.
NOTIC: [8] Undefined index:  atckw D:\Program Files\Apache Software Foundation\Apache2.2\htdocs\xx\zsptwap\Lib\Action\AtcAction.class.php 第 138 行.
SQL: SELECT * FROM `tb_bd` WHERE ( bdid=15 ) LIMIT 1   [ RunTime:0.000396s ]
SQL: SELECT * FROM `tb_bd` ORDER BY bdodr ASC  [ RunTime:0.000133s ]
SQL: SELECT * FROM `tb_bd` WHERE ( bdpid=15 ) ORDER BY bdodr ASC  [ RunTime:0.000125s ]
SQL: SELECT * FROM `tb_bd` WHERE ( bdpid=0 ) ORDER BY bdodr ASC  [ RunTime:0.000127s ]
SQL: SELECT `atcid`,`atctpc`,`atcmdftm`,`atctp`,`atccv`,`atczn`,`atctc`,`atccnt` FROM `tb_atc` WHERE ( atcps=1 AND atcvw=1 AND atcnw=0 AND (f_atc_bdid=15) ) ORDER BY atctp DESC,atcmdftm DESC LIMIT 0,10   [ RunTime:0.000415s ]
SQL: SHOW COLUMNS FROM `tb_cstmcmt` [ RunTime:0.002639s ]
SQL: SELECT COUNT(*) AS tp_count FROM `tb_cstmcmt` WHERE ( f_cstmcmt_atcid=20 ) LIMIT 1   [ RunTime:0.000468s ]
SQL: SELECT `atcid`,`atctpc`,`atcmdftm`,`atctp`,`atccv` FROM `tb_atc` WHERE ( atcps=1 AND atcvw=1 AND atcnw=0 AND (f_atc_bdid=15) ) ORDER BY atctp DESC,atcmdftm DESC LIMIT 10,1   [ RunTime:0.000469s ]
INFO: [ view_parse ] --START--
NOTIC: [8] Undefined index:  actvcls D:\Program Files\Apache Software Foundation\Apache2.2\htdocs\xx\zsptwap\Runtime\Cache\c31be9c2b88d6bec0856920cbdfb6caf.php 第 71 行.
NOTIC: [8] Undefined index:  actvcls D:\Program Files\Apache Software Foundation\Apache2.2\htdocs\xx\zsptwap\Runtime\Cache\c31be9c2b88d6bec0856920cbdfb6caf.php 第 71 行.
NOTIC: [8] Undefined index:  actvcls D:\Program Files\Apache Software Foundation\Apache2.2\htdocs\xx\zsptwap\Runtime\Cache\c31be9c2b88d6bec0856920cbdfb6caf.php 第 71 行.
NOTIC: [8] Undefined index:  actvcls D:\Program Files\Apache Software Foundation\Apache2.2\htdocs\xx\zsptwap\Runtime\Cache\c31be9c2b88d6bec0856920cbdfb6caf.php 第 71 行.
NOTIC: [8] Undefined index:  actvcls D:\Program Files\Apache Software Foundation\Apache2.2\htdocs\xx\zsptwap\Runtime\Cache\c31be9c2b88d6bec0856920cbdfb6caf.php 第 71 行.
NOTIC: [8] Undefined index:  actvcls D:\Program Files\Apache Software Foundation\Apache2.2\htdocs\xx\zsptwap\Runtime\Cache\c31be9c2b88d6bec0856920cbdfb6caf.php 第 71 行.
NOTIC: [8] Undefined index:  actvcls D:\Program Files\Apache Software Foundation\Apache2.2\htdocs\xx\zsptwap\Runtime\Cache\c31be9c2b88d6bec0856920cbdfb6caf.php 第 71 行.
NOTIC: [8] Undefined index:  actvcls D:\Program Files\Apache Software Foundation\Apache2.2\htdocs\xx\zsptwap\Runtime\Cache\c31be9c2b88d6bec0856920cbdfb6caf.php 第 71 行.
NOTIC: [8] Undefined variable: wxusross D:\Program Files\Apache Software Foundation\Apache2.2\htdocs\xx\zsptwap\Runtime\Cache\c31be9c2b88d6bec0856920cbdfb6caf.php 第 168 行.
INFO: ParseTemplate Behavior ::run [ RunTime:0.073389s ]
INFO: [ view_parse ] --END-- [ RunTime:0.073557s ]
INFO: [ view_filter ] --START--
INFO: ContentReplace Behavior ::run [ RunTime:0.007847s ]
INFO: TokenBuild Behavior ::run [ RunTime:0.007109s ]
INFO: WriteHtmlCache Behavior ::run [ RunTime:0.006908s ]
INFO: ShowRuntime Behavior ::run [ RunTime:0.007231s ]
INFO: [ view_filter ] --END-- [ RunTime:0.029430s ]
INFO: [ view_end ] --START--
INFO: ShowPageTrace Behavior ::run [ RunTime:0.007540s ]
INFO: [ view_end ] --END-- [ RunTime:0.007656s ]

[ 2015-11-10T14:50:08+08:00 ] 68.180.228.176 /xx/zsptwap.php/Atc/query/bdid/21
INFO: [ route_check ] --START--
INFO: CheckRoute Behavior ::run [ RunTime:0.007873s ]
INFO: [ route_check ] --END-- [ RunTime:0.008036s ]
INFO: [ app_begin ] --START--
INFO: ReadHtmlCache Behavior ::run [ RunTime:0.007533s ]
INFO: [ app_begin ] --END-- [ RunTime:0.007658s ]
SQL: SHOW COLUMNS FROM `tb_zssz` [ RunTime:0.002514s ]
SQL: SELECT * FROM `tb_zssz` LIMIT 1   [ RunTime:0.000519s ]
SQL: SHOW COLUMNS FROM `tb_grd` [ RunTime:0.002039s ]
SQL: SELECT * FROM `tb_grd` WHERE ( grdid=4 ) LIMIT 1   [ RunTime:0.000556s ]
SQL: SHOW COLUMNS FROM `tb_2015_std` [ RunTime:0.003571s ]
SQL: SELECT * FROM `tb_2015_std` WHERE ( stdid= ) LIMIT 1   [ RunTime:0.000188s ]
ERR: 1064:You have an error in your SQL syntax; check the manual that corresponds to your MySQL server version for the right syntax to use near ') LIMIT 1' at line 1
 [ SQL语句 ] : SELECT * FROM `tb_2015_std` WHERE ( stdid= ) LIMIT 1  
SQL: SHOW COLUMNS FROM `tb_atc` [ RunTime:0.003646s ]
SQL: SHOW COLUMNS FROM `tb_bd` [ RunTime:0.002225s ]
NOTIC: [8] Undefined index:  atcanc D:\Program Files\Apache Software Foundation\Apache2.2\htdocs\xx\zsptwap\Lib\Action\AtcAction.class.php 第 122 行.
NOTIC: [8] Undefined index:  atcdnmc D:\Program Files\Apache Software Foundation\Apache2.2\htdocs\xx\zsptwap\Lib\Action\AtcAction.class.php 第 130 行.
NOTIC: [8] Undefined index:  atckw D:\Program Files\Apache Software Foundation\Apache2.2\htdocs\xx\zsptwap\Lib\Action\AtcAction.class.php 第 138 行.
SQL: SELECT * FROM `tb_bd` WHERE ( bdid=21 ) LIMIT 1   [ RunTime:0.000391s ]
SQL: SELECT * FROM `tb_bd` ORDER BY bdodr ASC  [ RunTime:0.000132s ]
SQL: SELECT * FROM `tb_bd` WHERE ( bdpid=21 ) ORDER BY bdodr ASC  [ RunTime:0.000123s ]
SQL: SELECT * FROM `tb_bd` WHERE ( bdpid=0 ) ORDER BY bdodr ASC  [ RunTime:0.000126s ]
SQL: SELECT `atcid`,`atctpc`,`atcmdftm`,`atctp`,`atccv`,`atczn`,`atctc`,`atccnt` FROM `tb_atc` WHERE ( atcps=1 AND atcvw=1 AND atcnw=0 AND (f_atc_bdid=21) ) ORDER BY atctp DESC,atcmdftm DESC LIMIT 0,10   [ RunTime:0.000406s ]
SQL: SELECT `atcid`,`atctpc`,`atcmdftm`,`atctp`,`atccv` FROM `tb_atc` WHERE ( atcps=1 AND atcvw=1 AND atcnw=0 AND (f_atc_bdid=21) ) ORDER BY atctp DESC,atcmdftm DESC LIMIT 10,1   [ RunTime:0.000280s ]
INFO: [ view_parse ] --START--
NOTIC: [8] Undefined index:  actvcls D:\Program Files\Apache Software Foundation\Apache2.2\htdocs\xx\zsptwap\Runtime\Cache\c31be9c2b88d6bec0856920cbdfb6caf.php 第 71 行.
NOTIC: [8] Undefined index:  actvcls D:\Program Files\Apache Software Foundation\Apache2.2\htdocs\xx\zsptwap\Runtime\Cache\c31be9c2b88d6bec0856920cbdfb6caf.php 第 71 行.
NOTIC: [8] Undefined index:  actvcls D:\Program Files\Apache Software Foundation\Apache2.2\htdocs\xx\zsptwap\Runtime\Cache\c31be9c2b88d6bec0856920cbdfb6caf.php 第 71 行.
NOTIC: [8] Undefined index:  actvcls D:\Program Files\Apache Software Foundation\Apache2.2\htdocs\xx\zsptwap\Runtime\Cache\c31be9c2b88d6bec0856920cbdfb6caf.php 第 71 行.
NOTIC: [8] Undefined index:  actvcls D:\Program Files\Apache Software Foundation\Apache2.2\htdocs\xx\zsptwap\Runtime\Cache\c31be9c2b88d6bec0856920cbdfb6caf.php 第 71 行.
NOTIC: [8] Undefined index:  actvcls D:\Program Files\Apache Software Foundation\Apache2.2\htdocs\xx\zsptwap\Runtime\Cache\c31be9c2b88d6bec0856920cbdfb6caf.php 第 71 行.
NOTIC: [8] Undefined index:  actvcls D:\Program Files\Apache Software Foundation\Apache2.2\htdocs\xx\zsptwap\Runtime\Cache\c31be9c2b88d6bec0856920cbdfb6caf.php 第 71 行.
NOTIC: [8] Undefined index:  actvcls D:\Program Files\Apache Software Foundation\Apache2.2\htdocs\xx\zsptwap\Runtime\Cache\c31be9c2b88d6bec0856920cbdfb6caf.php 第 71 行.
NOTIC: [8] Undefined variable: wxusross D:\Program Files\Apache Software Foundation\Apache2.2\htdocs\xx\zsptwap\Runtime\Cache\c31be9c2b88d6bec0856920cbdfb6caf.php 第 168 行.
INFO: ParseTemplate Behavior ::run [ RunTime:0.075718s ]
INFO: [ view_parse ] --END-- [ RunTime:0.075883s ]
INFO: [ view_filter ] --START--
INFO: ContentReplace Behavior ::run [ RunTime:0.007288s ]
INFO: TokenBuild Behavior ::run [ RunTime:0.007113s ]
INFO: WriteHtmlCache Behavior ::run [ RunTime:0.006855s ]
INFO: ShowRuntime Behavior ::run [ RunTime:0.007328s ]
INFO: [ view_filter ] --END-- [ RunTime:0.028902s ]
INFO: [ view_end ] --START--
INFO: ShowPageTrace Behavior ::run [ RunTime:0.007423s ]
INFO: [ view_end ] --END-- [ RunTime:0.007534s ]

[ 2015-11-10T20:36:13+08:00 ] 66.249.65.58 /xx/zsptwap.php/Atc/query/bdid/16
INFO: [ route_check ] --START--
INFO: CheckRoute Behavior ::run [ RunTime:0.008157s ]
INFO: [ route_check ] --END-- [ RunTime:0.008325s ]
INFO: [ app_begin ] --START--
INFO: ReadHtmlCache Behavior ::run [ RunTime:0.007901s ]
INFO: [ app_begin ] --END-- [ RunTime:0.008036s ]
SQL: SHOW COLUMNS FROM `tb_zssz` [ RunTime:0.002983s ]
SQL: SELECT * FROM `tb_zssz` LIMIT 1   [ RunTime:0.000536s ]
SQL: SHOW COLUMNS FROM `tb_grd` [ RunTime:0.002771s ]
SQL: SELECT * FROM `tb_grd` WHERE ( grdid=4 ) LIMIT 1   [ RunTime:0.000544s ]
SQL: SHOW COLUMNS FROM `tb_2015_std` [ RunTime:0.004103s ]
SQL: SELECT * FROM `tb_2015_std` WHERE ( stdid= ) LIMIT 1   [ RunTime:0.000190s ]
ERR: 1064:You have an error in your SQL syntax; check the manual that corresponds to your MySQL server version for the right syntax to use near ') LIMIT 1' at line 1
 [ SQL语句 ] : SELECT * FROM `tb_2015_std` WHERE ( stdid= ) LIMIT 1  
SQL: SHOW COLUMNS FROM `tb_atc` [ RunTime:0.003403s ]
SQL: SHOW COLUMNS FROM `tb_bd` [ RunTime:0.002926s ]
NOTIC: [8] Undefined index:  atcanc D:\Program Files\Apache Software Foundation\Apache2.2\htdocs\xx\zsptwap\Lib\Action\AtcAction.class.php 第 122 行.
NOTIC: [8] Undefined index:  atcdnmc D:\Program Files\Apache Software Foundation\Apache2.2\htdocs\xx\zsptwap\Lib\Action\AtcAction.class.php 第 130 行.
NOTIC: [8] Undefined index:  atckw D:\Program Files\Apache Software Foundation\Apache2.2\htdocs\xx\zsptwap\Lib\Action\AtcAction.class.php 第 138 行.
SQL: SELECT * FROM `tb_bd` WHERE ( bdid=16 ) LIMIT 1   [ RunTime:0.000432s ]
SQL: SELECT * FROM `tb_bd` ORDER BY bdodr ASC  [ RunTime:0.000141s ]
SQL: SELECT * FROM `tb_bd` WHERE ( bdpid=16 ) ORDER BY bdodr ASC  [ RunTime:0.000125s ]
SQL: SELECT * FROM `tb_bd` WHERE ( bdpid=0 ) ORDER BY bdodr ASC  [ RunTime:0.000126s ]
SQL: SELECT `atcid`,`atctpc`,`atcmdftm`,`atctp`,`atccv`,`atczn`,`atctc`,`atccnt` FROM `tb_atc` WHERE ( atcps=1 AND atcvw=1 AND atcnw=0 AND (f_atc_bdid=16) ) ORDER BY atctp DESC,atcmdftm DESC LIMIT 0,10   [ RunTime:0.000406s ]
SQL: SELECT `atcid`,`atctpc`,`atcmdftm`,`atctp`,`atccv` FROM `tb_atc` WHERE ( atcps=1 AND atcvw=1 AND atcnw=0 AND (f_atc_bdid=16) ) ORDER BY atctp DESC,atcmdftm DESC LIMIT 10,1   [ RunTime:0.000273s ]
INFO: [ view_parse ] --START--
NOTIC: [8] Undefined index:  actvcls D:\Program Files\Apache Software Foundation\Apache2.2\htdocs\xx\zsptwap\Runtime\Cache\c31be9c2b88d6bec0856920cbdfb6caf.php 第 71 行.
NOTIC: [8] Undefined index:  actvcls D:\Program Files\Apache Software Foundation\Apache2.2\htdocs\xx\zsptwap\Runtime\Cache\c31be9c2b88d6bec0856920cbdfb6caf.php 第 71 行.
NOTIC: [8] Undefined index:  actvcls D:\Program Files\Apache Software Foundation\Apache2.2\htdocs\xx\zsptwap\Runtime\Cache\c31be9c2b88d6bec0856920cbdfb6caf.php 第 71 行.
NOTIC: [8] Undefined index:  actvcls D:\Program Files\Apache Software Foundation\Apache2.2\htdocs\xx\zsptwap\Runtime\Cache\c31be9c2b88d6bec0856920cbdfb6caf.php 第 71 行.
NOTIC: [8] Undefined index:  actvcls D:\Program Files\Apache Software Foundation\Apache2.2\htdocs\xx\zsptwap\Runtime\Cache\c31be9c2b88d6bec0856920cbdfb6caf.php 第 71 行.
NOTIC: [8] Undefined index:  actvcls D:\Program Files\Apache Software Foundation\Apache2.2\htdocs\xx\zsptwap\Runtime\Cache\c31be9c2b88d6bec0856920cbdfb6caf.php 第 71 行.
NOTIC: [8] Undefined index:  actvcls D:\Program Files\Apache Software Foundation\Apache2.2\htdocs\xx\zsptwap\Runtime\Cache\c31be9c2b88d6bec0856920cbdfb6caf.php 第 71 行.
NOTIC: [8] Undefined index:  actvcls D:\Program Files\Apache Software Foundation\Apache2.2\htdocs\xx\zsptwap\Runtime\Cache\c31be9c2b88d6bec0856920cbdfb6caf.php 第 71 行.
NOTIC: [8] Undefined variable: wxusross D:\Program Files\Apache Software Foundation\Apache2.2\htdocs\xx\zsptwap\Runtime\Cache\c31be9c2b88d6bec0856920cbdfb6caf.php 第 168 行.
INFO: ParseTemplate Behavior ::run [ RunTime:0.075702s ]
INFO: [ view_parse ] --END-- [ RunTime:0.075867s ]
INFO: [ view_filter ] --START--
INFO: ContentReplace Behavior ::run [ RunTime:0.007193s ]
INFO: TokenBuild Behavior ::run [ RunTime:0.007129s ]
INFO: WriteHtmlCache Behavior ::run [ RunTime:0.006874s ]
INFO: ShowRuntime Behavior ::run [ RunTime:0.007258s ]
INFO: [ view_filter ] --END-- [ RunTime:0.028768s ]
INFO: [ view_end ] --START--
INFO: ShowPageTrace Behavior ::run [ RunTime:0.007458s ]
INFO: [ view_end ] --END-- [ RunTime:0.007570s ]

[ 2015-11-10T20:39:42+08:00 ] 66.249.65.58 /xx/zsptwap.php/Atc/query/bdid/21
INFO: [ route_check ] --START--
INFO: CheckRoute Behavior ::run [ RunTime:0.007861s ]
INFO: [ route_check ] --END-- [ RunTime:0.008014s ]
INFO: [ app_begin ] --START--
INFO: ReadHtmlCache Behavior ::run [ RunTime:0.007357s ]
INFO: [ app_begin ] --END-- [ RunTime:0.007483s ]
SQL: SHOW COLUMNS FROM `tb_zssz` [ RunTime:0.002501s ]
SQL: SELECT * FROM `tb_zssz` LIMIT 1   [ RunTime:0.000515s ]
SQL: SHOW COLUMNS FROM `tb_grd` [ RunTime:0.002031s ]
SQL: SELECT * FROM `tb_grd` WHERE ( grdid=4 ) LIMIT 1   [ RunTime:0.000559s ]
SQL: SHOW COLUMNS FROM `tb_2015_std` [ RunTime:0.003580s ]
SQL: SELECT * FROM `tb_2015_std` WHERE ( stdid= ) LIMIT 1   [ RunTime:0.000189s ]
ERR: 1064:You have an error in your SQL syntax; check the manual that corresponds to your MySQL server version for the right syntax to use near ') LIMIT 1' at line 1
 [ SQL语句 ] : SELECT * FROM `tb_2015_std` WHERE ( stdid= ) LIMIT 1  
SQL: SHOW COLUMNS FROM `tb_atc` [ RunTime:0.002946s ]
SQL: SHOW COLUMNS FROM `tb_bd` [ RunTime:0.002543s ]
NOTIC: [8] Undefined index:  atcanc D:\Program Files\Apache Software Foundation\Apache2.2\htdocs\xx\zsptwap\Lib\Action\AtcAction.class.php 第 122 行.
NOTIC: [8] Undefined index:  atcdnmc D:\Program Files\Apache Software Foundation\Apache2.2\htdocs\xx\zsptwap\Lib\Action\AtcAction.class.php 第 130 行.
NOTIC: [8] Undefined index:  atckw D:\Program Files\Apache Software Foundation\Apache2.2\htdocs\xx\zsptwap\Lib\Action\AtcAction.class.php 第 138 行.
SQL: SELECT * FROM `tb_bd` WHERE ( bdid=21 ) LIMIT 1   [ RunTime:0.000390s ]
SQL: SELECT * FROM `tb_bd` ORDER BY bdodr ASC  [ RunTime:0.000131s ]
SQL: SELECT * FROM `tb_bd` WHERE ( bdpid=21 ) ORDER BY bdodr ASC  [ RunTime:0.000123s ]
SQL: SELECT * FROM `tb_bd` WHERE ( bdpid=0 ) ORDER BY bdodr ASC  [ RunTime:0.000126s ]
SQL: SELECT `atcid`,`atctpc`,`atcmdftm`,`atctp`,`atccv`,`atczn`,`atctc`,`atccnt` FROM `tb_atc` WHERE ( atcps=1 AND atcvw=1 AND atcnw=0 AND (f_atc_bdid=21) ) ORDER BY atctp DESC,atcmdftm DESC LIMIT 0,10   [ RunTime:0.000401s ]
SQL: SELECT `atcid`,`atctpc`,`atcmdftm`,`atctp`,`atccv` FROM `tb_atc` WHERE ( atcps=1 AND atcvw=1 AND atcnw=0 AND (f_atc_bdid=21) ) ORDER BY atctp DESC,atcmdftm DESC LIMIT 10,1   [ RunTime:0.000272s ]
INFO: [ view_parse ] --START--
NOTIC: [8] Undefined index:  actvcls D:\Program Files\Apache Software Foundation\Apache2.2\htdocs\xx\zsptwap\Runtime\Cache\c31be9c2b88d6bec0856920cbdfb6caf.php 第 71 行.
NOTIC: [8] Undefined index:  actvcls D:\Program Files\Apache Software Foundation\Apache2.2\htdocs\xx\zsptwap\Runtime\Cache\c31be9c2b88d6bec0856920cbdfb6caf.php 第 71 行.
NOTIC: [8] Undefined index:  actvcls D:\Program Files\Apache Software Foundation\Apache2.2\htdocs\xx\zsptwap\Runtime\Cache\c31be9c2b88d6bec0856920cbdfb6caf.php 第 71 行.
NOTIC: [8] Undefined index:  actvcls D:\Program Files\Apache Software Foundation\Apache2.2\htdocs\xx\zsptwap\Runtime\Cache\c31be9c2b88d6bec0856920cbdfb6caf.php 第 71 行.
NOTIC: [8] Undefined index:  actvcls D:\Program Files\Apache Software Foundation\Apache2.2\htdocs\xx\zsptwap\Runtime\Cache\c31be9c2b88d6bec0856920cbdfb6caf.php 第 71 行.
NOTIC: [8] Undefined index:  actvcls D:\Program Files\Apache Software Foundation\Apache2.2\htdocs\xx\zsptwap\Runtime\Cache\c31be9c2b88d6bec0856920cbdfb6caf.php 第 71 行.
NOTIC: [8] Undefined index:  actvcls D:\Program Files\Apache Software Foundation\Apache2.2\htdocs\xx\zsptwap\Runtime\Cache\c31be9c2b88d6bec0856920cbdfb6caf.php 第 71 行.
NOTIC: [8] Undefined index:  actvcls D:\Program Files\Apache Software Foundation\Apache2.2\htdocs\xx\zsptwap\Runtime\Cache\c31be9c2b88d6bec0856920cbdfb6caf.php 第 71 行.
NOTIC: [8] Undefined variable: wxusross D:\Program Files\Apache Software Foundation\Apache2.2\htdocs\xx\zsptwap\Runtime\Cache\c31be9c2b88d6bec0856920cbdfb6caf.php 第 168 行.
INFO: ParseTemplate Behavior ::run [ RunTime:0.076112s ]
INFO: [ view_parse ] --END-- [ RunTime:0.076276s ]
INFO: [ view_filter ] --START--
INFO: ContentReplace Behavior ::run [ RunTime:0.007722s ]
INFO: TokenBuild Behavior ::run [ RunTime:0.007889s ]
INFO: WriteHtmlCache Behavior ::run [ RunTime:0.008176s ]
INFO: ShowRuntime Behavior ::run [ RunTime:0.008097s ]
INFO: [ view_filter ] --END-- [ RunTime:0.032417s ]
INFO: [ view_end ] --START--
INFO: ShowPageTrace Behavior ::run [ RunTime:0.008427s ]
INFO: [ view_end ] --END-- [ RunTime:0.008557s ]

[ 2015-11-10T20:43:29+08:00 ] 66.249.65.58 /xx/zsptwap.php/Atc/query/bdid/17
INFO: [ route_check ] --START--
INFO: CheckRoute Behavior ::run [ RunTime:0.007865s ]
INFO: [ route_check ] --END-- [ RunTime:0.008019s ]
INFO: [ app_begin ] --START--
INFO: ReadHtmlCache Behavior ::run [ RunTime:0.007367s ]
INFO: [ app_begin ] --END-- [ RunTime:0.007499s ]
SQL: SHOW COLUMNS FROM `tb_zssz` [ RunTime:0.002511s ]
SQL: SELECT * FROM `tb_zssz` LIMIT 1   [ RunTime:0.000521s ]
SQL: SHOW COLUMNS FROM `tb_grd` [ RunTime:0.002037s ]
SQL: SELECT * FROM `tb_grd` WHERE ( grdid=4 ) LIMIT 1   [ RunTime:0.000555s ]
SQL: SHOW COLUMNS FROM `tb_2015_std` [ RunTime:0.003588s ]
SQL: SELECT * FROM `tb_2015_std` WHERE ( stdid= ) LIMIT 1   [ RunTime:0.000203s ]
ERR: 1064:You have an error in your SQL syntax; check the manual that corresponds to your MySQL server version for the right syntax to use near ') LIMIT 1' at line 1
 [ SQL语句 ] : SELECT * FROM `tb_2015_std` WHERE ( stdid= ) LIMIT 1  
SQL: SHOW COLUMNS FROM `tb_atc` [ RunTime:0.003280s ]
SQL: SHOW COLUMNS FROM `tb_bd` [ RunTime:0.002804s ]
NOTIC: [8] Undefined index:  atcanc D:\Program Files\Apache Software Foundation\Apache2.2\htdocs\xx\zsptwap\Lib\Action\AtcAction.class.php 第 122 行.
NOTIC: [8] Undefined index:  atcdnmc D:\Program Files\Apache Software Foundation\Apache2.2\htdocs\xx\zsptwap\Lib\Action\AtcAction.class.php 第 130 行.
NOTIC: [8] Undefined index:  atckw D:\Program Files\Apache Software Foundation\Apache2.2\htdocs\xx\zsptwap\Lib\Action\AtcAction.class.php 第 138 行.
SQL: SELECT * FROM `tb_bd` WHERE ( bdid=17 ) LIMIT 1   [ RunTime:0.000384s ]
SQL: SELECT * FROM `tb_bd` ORDER BY bdodr ASC  [ RunTime:0.000134s ]
SQL: SELECT * FROM `tb_bd` WHERE ( bdpid=17 ) ORDER BY bdodr ASC  [ RunTime:0.000124s ]
SQL: SELECT * FROM `tb_bd` WHERE ( bdpid=0 ) ORDER BY bdodr ASC  [ RunTime:0.000126s ]
SQL: SELECT `atcid`,`atctpc`,`atcmdftm`,`atctp`,`atccv`,`atczn`,`atctc`,`atccnt` FROM `tb_atc` WHERE ( atcps=1 AND atcvw=1 AND atcnw=0 AND (f_atc_bdid=17) ) ORDER BY atctp DESC,atcmdftm DESC LIMIT 0,10   [ RunTime:0.000417s ]
SQL: SELECT `atcid`,`atctpc`,`atcmdftm`,`atctp`,`atccv` FROM `tb_atc` WHERE ( atcps=1 AND atcvw=1 AND atcnw=0 AND (f_atc_bdid=17) ) ORDER BY atctp DESC,atcmdftm DESC LIMIT 10,1   [ RunTime:0.000284s ]
INFO: [ view_parse ] --START--
NOTIC: [8] Undefined index:  actvcls D:\Program Files\Apache Software Foundation\Apache2.2\htdocs\xx\zsptwap\Runtime\Cache\c31be9c2b88d6bec0856920cbdfb6caf.php 第 71 行.
NOTIC: [8] Undefined index:  actvcls D:\Program Files\Apache Software Foundation\Apache2.2\htdocs\xx\zsptwap\Runtime\Cache\c31be9c2b88d6bec0856920cbdfb6caf.php 第 71 行.
NOTIC: [8] Undefined index:  actvcls D:\Program Files\Apache Software Foundation\Apache2.2\htdocs\xx\zsptwap\Runtime\Cache\c31be9c2b88d6bec0856920cbdfb6caf.php 第 71 行.
NOTIC: [8] Undefined index:  actvcls D:\Program Files\Apache Software Foundation\Apache2.2\htdocs\xx\zsptwap\Runtime\Cache\c31be9c2b88d6bec0856920cbdfb6caf.php 第 71 行.
NOTIC: [8] Undefined index:  actvcls D:\Program Files\Apache Software Foundation\Apache2.2\htdocs\xx\zsptwap\Runtime\Cache\c31be9c2b88d6bec0856920cbdfb6caf.php 第 71 行.
NOTIC: [8] Undefined index:  actvcls D:\Program Files\Apache Software Foundation\Apache2.2\htdocs\xx\zsptwap\Runtime\Cache\c31be9c2b88d6bec0856920cbdfb6caf.php 第 71 行.
NOTIC: [8] Undefined index:  actvcls D:\Program Files\Apache Software Foundation\Apache2.2\htdocs\xx\zsptwap\Runtime\Cache\c31be9c2b88d6bec0856920cbdfb6caf.php 第 71 行.
NOTIC: [8] Undefined index:  actvcls D:\Program Files\Apache Software Foundation\Apache2.2\htdocs\xx\zsptwap\Runtime\Cache\c31be9c2b88d6bec0856920cbdfb6caf.php 第 71 行.
NOTIC: [8] Undefined variable: wxusross D:\Program Files\Apache Software Foundation\Apache2.2\htdocs\xx\zsptwap\Runtime\Cache\c31be9c2b88d6bec0856920cbdfb6caf.php 第 168 行.
INFO: ParseTemplate Behavior ::run [ RunTime:0.075224s ]
INFO: [ view_parse ] --END-- [ RunTime:0.075389s ]
INFO: [ view_filter ] --START--
INFO: ContentReplace Behavior ::run [ RunTime:0.007141s ]
INFO: TokenBuild Behavior ::run [ RunTime:0.007498s ]
INFO: WriteHtmlCache Behavior ::run [ RunTime:0.006918s ]
INFO: ShowRuntime Behavior ::run [ RunTime:0.007437s ]
INFO: [ view_filter ] --END-- [ RunTime:0.029314s ]
INFO: [ view_end ] --START--
INFO: ShowPageTrace Behavior ::run [ RunTime:0.007450s ]
INFO: [ view_end ] --END-- [ RunTime:0.007563s ]

[ 2015-11-10T20:51:45+08:00 ] 66.249.65.58 /xx/zsptwap.php/Atc/query/bdid/19
INFO: [ route_check ] --START--
INFO: CheckRoute Behavior ::run [ RunTime:0.007924s ]
INFO: [ route_check ] --END-- [ RunTime:0.008083s ]
INFO: [ app_begin ] --START--
INFO: ReadHtmlCache Behavior ::run [ RunTime:0.007340s ]
INFO: [ app_begin ] --END-- [ RunTime:0.007462s ]
SQL: SHOW COLUMNS FROM `tb_zssz` [ RunTime:0.002962s ]
SQL: SELECT * FROM `tb_zssz` LIMIT 1   [ RunTime:0.000511s ]
SQL: SHOW COLUMNS FROM `tb_grd` [ RunTime:0.002428s ]
SQL: SELECT * FROM `tb_grd` WHERE ( grdid=4 ) LIMIT 1   [ RunTime:0.000547s ]
SQL: SHOW COLUMNS FROM `tb_2015_std` [ RunTime:0.006498s ]
SQL: SELECT * FROM `tb_2015_std` WHERE ( stdid= ) LIMIT 1   [ RunTime:0.005781s ]
ERR: 1064:You have an error in your SQL syntax; check the manual that corresponds to your MySQL server version for the right syntax to use near ') LIMIT 1' at line 1
 [ SQL语句 ] : SELECT * FROM `tb_2015_std` WHERE ( stdid= ) LIMIT 1  
SQL: SHOW COLUMNS FROM `tb_atc` [ RunTime:0.003649s ]
SQL: SHOW COLUMNS FROM `tb_bd` [ RunTime:0.003059s ]
NOTIC: [8] Undefined index:  atcanc D:\Program Files\Apache Software Foundation\Apache2.2\htdocs\xx\zsptwap\Lib\Action\AtcAction.class.php 第 122 行.
NOTIC: [8] Undefined index:  atcdnmc D:\Program Files\Apache Software Foundation\Apache2.2\htdocs\xx\zsptwap\Lib\Action\AtcAction.class.php 第 130 行.
NOTIC: [8] Undefined index:  atckw D:\Program Files\Apache Software Foundation\Apache2.2\htdocs\xx\zsptwap\Lib\Action\AtcAction.class.php 第 138 行.
SQL: SELECT * FROM `tb_bd` WHERE ( bdid=19 ) LIMIT 1   [ RunTime:0.000406s ]
SQL: SELECT * FROM `tb_bd` ORDER BY bdodr ASC  [ RunTime:0.000137s ]
SQL: SELECT * FROM `tb_bd` WHERE ( bdpid=19 ) ORDER BY bdodr ASC  [ RunTime:0.000124s ]
SQL: SELECT * FROM `tb_bd` WHERE ( bdpid=0 ) ORDER BY bdodr ASC  [ RunTime:0.000126s ]
SQL: SELECT `atcid`,`atctpc`,`atcmdftm`,`atctp`,`atccv`,`atczn`,`atctc`,`atccnt` FROM `tb_atc` WHERE ( atcps=1 AND atcvw=1 AND atcnw=0 AND (f_atc_bdid=19) ) ORDER BY atctp DESC,atcmdftm DESC LIMIT 0,10   [ RunTime:0.000422s ]
SQL: SELECT `atcid`,`atctpc`,`atcmdftm`,`atctp`,`atccv` FROM `tb_atc` WHERE ( atcps=1 AND atcvw=1 AND atcnw=0 AND (f_atc_bdid=19) ) ORDER BY atctp DESC,atcmdftm DESC LIMIT 10,1   [ RunTime:0.000278s ]
INFO: [ view_parse ] --START--
NOTIC: [8] Undefined index:  actvcls D:\Program Files\Apache Software Foundation\Apache2.2\htdocs\xx\zsptwap\Runtime\Cache\c31be9c2b88d6bec0856920cbdfb6caf.php 第 71 行.
NOTIC: [8] Undefined index:  actvcls D:\Program Files\Apache Software Foundation\Apache2.2\htdocs\xx\zsptwap\Runtime\Cache\c31be9c2b88d6bec0856920cbdfb6caf.php 第 71 行.
NOTIC: [8] Undefined index:  actvcls D:\Program Files\Apache Software Foundation\Apache2.2\htdocs\xx\zsptwap\Runtime\Cache\c31be9c2b88d6bec0856920cbdfb6caf.php 第 71 行.
NOTIC: [8] Undefined index:  actvcls D:\Program Files\Apache Software Foundation\Apache2.2\htdocs\xx\zsptwap\Runtime\Cache\c31be9c2b88d6bec0856920cbdfb6caf.php 第 71 行.
NOTIC: [8] Undefined index:  actvcls D:\Program Files\Apache Software Foundation\Apache2.2\htdocs\xx\zsptwap\Runtime\Cache\c31be9c2b88d6bec0856920cbdfb6caf.php 第 71 行.
NOTIC: [8] Undefined index:  actvcls D:\Program Files\Apache Software Foundation\Apache2.2\htdocs\xx\zsptwap\Runtime\Cache\c31be9c2b88d6bec0856920cbdfb6caf.php 第 71 行.
NOTIC: [8] Undefined index:  actvcls D:\Program Files\Apache Software Foundation\Apache2.2\htdocs\xx\zsptwap\Runtime\Cache\c31be9c2b88d6bec0856920cbdfb6caf.php 第 71 行.
NOTIC: [8] Undefined index:  actvcls D:\Program Files\Apache Software Foundation\Apache2.2\htdocs\xx\zsptwap\Runtime\Cache\c31be9c2b88d6bec0856920cbdfb6caf.php 第 71 行.
NOTIC: [8] Undefined variable: wxusross D:\Program Files\Apache Software Foundation\Apache2.2\htdocs\xx\zsptwap\Runtime\Cache\c31be9c2b88d6bec0856920cbdfb6caf.php 第 168 行.
INFO: ParseTemplate Behavior ::run [ RunTime:0.072379s ]
INFO: [ view_parse ] --END-- [ RunTime:0.072545s ]
INFO: [ view_filter ] --START--
INFO: ContentReplace Behavior ::run [ RunTime:0.007158s ]
INFO: TokenBuild Behavior ::run [ RunTime:0.007164s ]
INFO: WriteHtmlCache Behavior ::run [ RunTime:0.006838s ]
INFO: ShowRuntime Behavior ::run [ RunTime:0.007234s ]
INFO: [ view_filter ] --END-- [ RunTime:0.028708s ]
INFO: [ view_end ] --START--
INFO: ShowPageTrace Behavior ::run [ RunTime:0.007414s ]
INFO: [ view_end ] --END-- [ RunTime:0.007526s ]

