[ 2014-10-20T19:13:58+08:00 ] 127.0.0.1 /base/admin.php/
INFO: [ route_check ] --START--
INFO: CheckRoute Behavior ::run [ RunTime:0.001242s ]
INFO: [ route_check ] --END-- [ RunTime:0.001353s ]
INFO: [ app_begin ] --START--
INFO: ReadHtmlCache Behavior ::run [ RunTime:0.000690s ]
INFO: [ app_begin ] --END-- [ RunTime:0.000753s ]
SQL: SHOW COLUMNS FROM `tb_u` [ RunTime:0.030504s ]
SQL: SELECT * FROM `tb_u` WHERE ( uid=1 ) LIMIT 1   [ RunTime:0.000938s ]
SQL: SELECT * FROM `tb_u` WHERE ( uid=1 ) LIMIT 1   [ RunTime:0.000246s ]
SQL: SHOW COLUMNS FROM `tb_athmd` [ RunTime:0.027430s ]
SQL: SELECT * FROM `tb_athmd` LEFT JOIN tb_md ON f_mdid=mdid WHERE ( f_athid=1 AND q='y' )  [ RunTime:0.006942s ]
INFO: [ view_parse ] --START--
INFO: ParseTemplate Behavior ::run [ RunTime:0.071909s ]
INFO: [ view_parse ] --END-- [ RunTime:0.072084s ]
INFO: [ view_filter ] --START--
INFO: ContentReplace Behavior ::run [ RunTime:0.000546s ]
INFO: TokenBuild Behavior ::run [ RunTime:0.000500s ]
INFO: WriteHtmlCache Behavior ::run [ RunTime:0.000410s ]
INFO: ShowRuntime Behavior ::run [ RunTime:0.000515s ]
INFO: [ view_filter ] --END-- [ RunTime:0.002132s ]
INFO: [ view_end ] --START--
INFO: ShowPageTrace Behavior ::run [ RunTime:0.000726s ]
INFO: [ view_end ] --END-- [ RunTime:0.000784s ]

[ 2014-10-20T19:14:01+08:00 ] 127.0.0.1 /base/admin.php/U/gtxpg/x/center
INFO: [ route_check ] --START--
INFO: CheckRoute Behavior ::run [ RunTime:0.001629s ]
INFO: [ route_check ] --END-- [ RunTime:0.001771s ]
INFO: [ app_begin ] --START--
INFO: ReadHtmlCache Behavior ::run [ RunTime:0.001070s ]
INFO: [ app_begin ] --END-- [ RunTime:0.001153s ]
SQL: SHOW COLUMNS FROM `tb_u` [ RunTime:0.003751s ]
SQL: SELECT * FROM `tb_u` WHERE ( uid=1 ) LIMIT 1   [ RunTime:0.001123s ]
SQL: SELECT * FROM `tb_u` LEFT JOIN tb_ath ON f_athid=athid WHERE ( uid=1 ) LIMIT 1   [ RunTime:0.015781s ]
INFO: [ view_parse ] --START--
INFO: ParseTemplate Behavior ::run [ RunTime:0.033351s ]
INFO: [ view_parse ] --END-- [ RunTime:0.033445s ]
INFO: [ view_filter ] --START--
INFO: ContentReplace Behavior ::run [ RunTime:0.000550s ]
INFO: TokenBuild Behavior ::run [ RunTime:0.000497s ]
INFO: WriteHtmlCache Behavior ::run [ RunTime:0.000409s ]
INFO: ShowRuntime Behavior ::run [ RunTime:0.000516s ]
INFO: [ view_filter ] --END-- [ RunTime:0.002134s ]
INFO: [ view_end ] --START--
INFO: ShowPageTrace Behavior ::run [ RunTime:0.000728s ]
INFO: [ view_end ] --END-- [ RunTime:0.000786s ]

[ 2014-10-20T19:14:07+08:00 ] 127.0.0.1 /base/admin.php/U/query
INFO: [ route_check ] --START--
INFO: CheckRoute Behavior ::run [ RunTime:0.000902s ]
INFO: [ route_check ] --END-- [ RunTime:0.000992s ]
INFO: [ app_begin ] --START--
INFO: ReadHtmlCache Behavior ::run [ RunTime:0.000671s ]
INFO: [ app_begin ] --END-- [ RunTime:0.000734s ]
SQL: SHOW COLUMNS FROM `tb_u` [ RunTime:0.002078s ]
SQL: SELECT * FROM `tb_u` WHERE ( uid=1 ) LIMIT 1   [ RunTime:0.000780s ]
SQL: SHOW COLUMNS FROM `tb_md` [ RunTime:0.001929s ]
SQL: SELECT * FROM `tb_md` WHERE ( mdmk='U' ) LIMIT 1   [ RunTime:0.001075s ]
SQL: SELECT * FROM `tb_u` WHERE ( uid=1 ) LIMIT 1   [ RunTime:0.000403s ]
SQL: SHOW COLUMNS FROM `tb_athmd` [ RunTime:0.002247s ]
SQL: SELECT * FROM `tb_athmd` WHERE ( f_athid=1 AND f_mdid=2 ) LIMIT 1   [ RunTime:0.000933s ]
NOTIC: [8] Undefined index: NBsqlstc C:\AppServ\www\base\admin\Lib\NB\NBAction.class.php Á¨¨ 49 Ë°å.
NOTIC: [8] Undefined index: NBsqlstc C:\AppServ\www\base\admin\Lib\NB\NBAction.class.php Á¨¨ 49 Ë°å.
NOTIC: [8] Undefined index: fld C:\AppServ\www\base\admin\Lib\NB\NBAction.class.php Á¨¨ 133 Ë°å.
NOTIC: [8] Undefined index: fld C:\AppServ\www\base\admin\Lib\NB\NBAction.class.php Á¨¨ 135 Ë°å.
NOTIC: [8] Undefined index: cdt C:\AppServ\www\base\admin\Lib\NB\NBAction.class.php Á¨¨ 138 Ë°å.
NOTIC: [8] Undefined index: cdt C:\AppServ\www\base\admin\Lib\NB\NBAction.class.php Á¨¨ 140 Ë°å.
NOTIC: [8] Undefined index: spccdt C:\AppServ\www\base\admin\Lib\NB\NBAction.class.php Á¨¨ 143 Ë°å.
NOTIC: [8] Undefined index: spccdt C:\AppServ\www\base\admin\Lib\NB\NBAction.class.php Á¨¨ 145 Ë°å.
NOTIC: [8] Undefined index: odr C:\AppServ\www\base\admin\Lib\NB\NBAction.class.php Á¨¨ 148 Ë°å.
NOTIC: [8] Undefined index: odr C:\AppServ\www\base\admin\Lib\NB\NBAction.class.php Á¨¨ 150 Ë°å.
NOTIC: [8] Undefined index: lmt C:\AppServ\www\base\admin\Lib\NB\NBAction.class.php Á¨¨ 153 Ë°å.
NOTIC: [8] Undefined index: lmt C:\AppServ\www\base\admin\Lib\NB\NBAction.class.php Á¨¨ 155 Ë°å.
NOTIC: [8] Undefined variable: odrpcd C:\AppServ\www\base\admin\Lib\NB\NBAction.class.php Á¨¨ 33 Ë°å.
SQL: SELECT `uid`,`unm`,`athnm`,`uaddtm`,`umdftm` FROM `tb_u` LEFT JOIN tb_ath ON f_athid=athid WHERE ( 1=1 ) ORDER BY uaddtm DESC  [ RunTime:0.011427s ]
NOTIC: [8] Undefined variable: sqlstc C:\AppServ\www\base\admin\Lib\NB\NBAction.class.php Á¨¨ 195 Ë°å.
SQL: SELECT `uid`,`unm`,`athnm`,`uaddtm`,`umdftm` FROM `tb_u` LEFT JOIN tb_ath ON f_athid=athid WHERE ( 1=1 ) ORDER BY uaddtm DESC LIMIT 0,20   [ RunTime:0.000763s ]
NOTIC: [8] Undefined variable: sqlstc C:\AppServ\www\base\admin\Lib\NB\NBAction.class.php Á¨¨ 253 Ë°å.
SQL: SHOW COLUMNS FROM `tb_ath` [ RunTime:0.002640s ]
SQL: SELECT * FROM `tb_ath`  [ RunTime:0.000908s ]
INFO: [ view_parse ] --START--
INFO: ParseTemplate Behavior ::run [ RunTime:0.017525s ]
INFO: [ view_parse ] --END-- [ RunTime:0.017668s ]
INFO: [ view_filter ] --START--
INFO: ContentReplace Behavior ::run [ RunTime:0.001289s ]
INFO: TokenBuild Behavior ::run [ RunTime:0.001006s ]
INFO: WriteHtmlCache Behavior ::run [ RunTime:0.000820s ]
INFO: ShowRuntime Behavior ::run [ RunTime:0.001036s ]
INFO: [ view_filter ] --END-- [ RunTime:0.004475s ]
INFO: [ view_end ] --START--
INFO: ShowPageTrace Behavior ::run [ RunTime:0.000973s ]
INFO: [ view_end ] --END-- [ RunTime:0.001066s ]

[ 2014-10-20T19:14:09+08:00 ] 127.0.0.1 /base/admin.php/U/gtxpg/x/updt/uid/51
INFO: [ route_check ] --START--
INFO: CheckRoute Behavior ::run [ RunTime:0.000902s ]
INFO: [ route_check ] --END-- [ RunTime:0.000992s ]
INFO: [ app_begin ] --START--
INFO: ReadHtmlCache Behavior ::run [ RunTime:0.000669s ]
INFO: [ app_begin ] --END-- [ RunTime:0.000732s ]
SQL: SHOW COLUMNS FROM `tb_u` [ RunTime:0.002322s ]
SQL: SELECT * FROM `tb_u` WHERE ( uid=1 ) LIMIT 1   [ RunTime:0.002055s ]
SQL: SHOW COLUMNS FROM `tb_md` [ RunTime:0.002067s ]
SQL: SELECT * FROM `tb_md` WHERE ( mdmk='U' ) LIMIT 1   [ RunTime:0.000930s ]
SQL: SELECT * FROM `tb_u` WHERE ( uid=1 ) LIMIT 1   [ RunTime:0.000352s ]
SQL: SHOW COLUMNS FROM `tb_athmd` [ RunTime:0.002107s ]
SQL: SELECT * FROM `tb_athmd` WHERE ( f_athid=1 AND f_mdid=2 ) LIMIT 1   [ RunTime:0.000908s ]
SQL: SELECT * FROM `tb_u` LEFT JOIN tb_ath ON f_athid=athid WHERE ( uid=51 ) LIMIT 1   [ RunTime:0.000415s ]
SQL: SHOW COLUMNS FROM `tb_ath` [ RunTime:0.001896s ]
SQL: SELECT * FROM `tb_ath`  [ RunTime:0.000909s ]
INFO: [ view_parse ] --START--
INFO: ParseTemplate Behavior ::run [ RunTime:0.011329s ]
INFO: [ view_parse ] --END-- [ RunTime:0.011412s ]
INFO: [ view_filter ] --START--
INFO: ContentReplace Behavior ::run [ RunTime:0.000535s ]
INFO: TokenBuild Behavior ::run [ RunTime:0.000492s ]
INFO: WriteHtmlCache Behavior ::run [ RunTime:0.000408s ]
INFO: ShowRuntime Behavior ::run [ RunTime:0.000507s ]
INFO: [ view_filter ] --END-- [ RunTime:0.002106s ]
INFO: [ view_end ] --START--
INFO: ShowPageTrace Behavior ::run [ RunTime:0.000730s ]
INFO: [ view_end ] --END-- [ RunTime:0.000787s ]

[ 2014-10-20T19:14:13+08:00 ] 127.0.0.1 /base/admin.php/FileUpload/upload?folder=%2Fbase%2Fadmin%2Ephp%2FU%2Fgtxpg%2Fx%2Fupdt%2F%2E%2E%2Fuploads&c=files&fileext=%2A%2Ejpg%3B%2A%2Egif%3B%2A%2Epng%3B%2A%2Ebmp%3B%2A%2Ejpeg%3B%2A%2EJPG%3B%2A%2EGIF%3B%2A%2EPNG%3B%2A%2EBMP%3B%2A%2EJPEG
INFO: [ route_check ] --START--
INFO: CheckRoute Behavior ::run [ RunTime:0.001923s ]
INFO: [ route_check ] --END-- [ RunTime:0.002103s ]
INFO: [ app_begin ] --START--
INFO: ReadHtmlCache Behavior ::run [ RunTime:0.001227s ]
INFO: [ app_begin ] --END-- [ RunTime:0.001348s ]

[ 2014-10-20T19:14:14+08:00 ] 127.0.0.1 /base/admin.php/U/update
INFO: [ route_check ] --START--
INFO: CheckRoute Behavior ::run [ RunTime:0.001028s ]
INFO: [ route_check ] --END-- [ RunTime:0.001144s ]
INFO: [ app_begin ] --START--
INFO: ReadHtmlCache Behavior ::run [ RunTime:0.000735s ]
INFO: [ app_begin ] --END-- [ RunTime:0.000795s ]
SQL: SHOW COLUMNS FROM `tb_u` [ RunTime:0.002136s ]
SQL: SELECT * FROM `tb_u` WHERE ( uid=51 ) LIMIT 1   [ RunTime:0.000835s ]
SQL: SELECT * FROM `tb_u` WHERE ( unm='ÈÉë‰ºäÂÅ•' AND unm <>'ÈÉë‰ºäÂÅ•' ) LIMIT 1   [ RunTime:0.060145s ]
SQL: UPDATE `tb_u` SET `unm`='ÈÉë‰ºäÂÅ\•',`upw`='111',`upt`='/base/Uploads/m_5444ee84e76c2.jpg',`f_athid`=0,`umdftm`='2014-10-20 19:14:14' WHERE ( uid=51 ) [ RunTime:0.045455s ]

[ 2014-10-20T19:14:16+08:00 ] 127.0.0.1 /base/admin.php/U/query
INFO: [ route_check ] --START--
INFO: CheckRoute Behavior ::run [ RunTime:0.000900s ]
INFO: [ route_check ] --END-- [ RunTime:0.000992s ]
INFO: [ app_begin ] --START--
INFO: ReadHtmlCache Behavior ::run [ RunTime:0.001514s ]
INFO: [ app_begin ] --END-- [ RunTime:0.001665s ]
SQL: SHOW COLUMNS FROM `tb_u` [ RunTime:0.004090s ]
SQL: SELECT * FROM `tb_u` WHERE ( uid=1 ) LIMIT 1   [ RunTime:0.001782s ]
SQL: SHOW COLUMNS FROM `tb_md` [ RunTime:0.002644s ]
SQL: SELECT * FROM `tb_md` WHERE ( mdmk='U' ) LIMIT 1   [ RunTime:0.001110s ]
SQL: SELECT * FROM `tb_u` WHERE ( uid=1 ) LIMIT 1   [ RunTime:0.000365s ]
SQL: SHOW COLUMNS FROM `tb_athmd` [ RunTime:0.002178s ]
SQL: SELECT * FROM `tb_athmd` WHERE ( f_athid=1 AND f_mdid=2 ) LIMIT 1   [ RunTime:0.000933s ]
NOTIC: [8] Undefined index: NBsqlstc C:\AppServ\www\base\admin\Lib\NB\NBAction.class.php Á¨¨ 49 Ë°å.
NOTIC: [8] Undefined index: NBsqlstc C:\AppServ\www\base\admin\Lib\NB\NBAction.class.php Á¨¨ 49 Ë°å.
NOTIC: [8] Undefined index: fld C:\AppServ\www\base\admin\Lib\NB\NBAction.class.php Á¨¨ 133 Ë°å.
NOTIC: [8] Undefined index: fld C:\AppServ\www\base\admin\Lib\NB\NBAction.class.php Á¨¨ 135 Ë°å.
NOTIC: [8] Undefined index: cdt C:\AppServ\www\base\admin\Lib\NB\NBAction.class.php Á¨¨ 138 Ë°å.
NOTIC: [8] Undefined index: cdt C:\AppServ\www\base\admin\Lib\NB\NBAction.class.php Á¨¨ 140 Ë°å.
NOTIC: [8] Undefined index: spccdt C:\AppServ\www\base\admin\Lib\NB\NBAction.class.php Á¨¨ 143 Ë°å.
NOTIC: [8] Undefined index: spccdt C:\AppServ\www\base\admin\Lib\NB\NBAction.class.php Á¨¨ 145 Ë°å.
NOTIC: [8] Undefined index: odr C:\AppServ\www\base\admin\Lib\NB\NBAction.class.php Á¨¨ 148 Ë°å.
NOTIC: [8] Undefined index: odr C:\AppServ\www\base\admin\Lib\NB\NBAction.class.php Á¨¨ 150 Ë°å.
NOTIC: [8] Undefined index: lmt C:\AppServ\www\base\admin\Lib\NB\NBAction.class.php Á¨¨ 153 Ë°å.
NOTIC: [8] Undefined index: lmt C:\AppServ\www\base\admin\Lib\NB\NBAction.class.php Á¨¨ 155 Ë°å.
NOTIC: [8] Undefined variable: odrpcd C:\AppServ\www\base\admin\Lib\NB\NBAction.class.php Á¨¨ 33 Ë°å.
SQL: SELECT `uid`,`unm`,`athnm`,`uaddtm`,`umdftm` FROM `tb_u` LEFT JOIN tb_ath ON f_athid=athid WHERE ( 1=1 ) ORDER BY uaddtm DESC  [ RunTime:0.000523s ]
NOTIC: [8] Undefined variable: sqlstc C:\AppServ\www\base\admin\Lib\NB\NBAction.class.php Á¨¨ 195 Ë°å.
SQL: SELECT `uid`,`unm`,`athnm`,`uaddtm`,`umdftm` FROM `tb_u` LEFT JOIN tb_ath ON f_athid=athid WHERE ( 1=1 ) ORDER BY uaddtm DESC LIMIT 0,20   [ RunTime:0.000457s ]
NOTIC: [8] Undefined variable: sqlstc C:\AppServ\www\base\admin\Lib\NB\NBAction.class.php Á¨¨ 253 Ë°å.
SQL: SHOW COLUMNS FROM `tb_ath` [ RunTime:0.001994s ]
SQL: SELECT * FROM `tb_ath`  [ RunTime:0.001336s ]
INFO: [ view_parse ] --START--
INFO: ParseTemplate Behavior ::run [ RunTime:0.014173s ]
INFO: [ view_parse ] --END-- [ RunTime:0.014262s ]
INFO: [ view_filter ] --START--
INFO: ContentReplace Behavior ::run [ RunTime:0.000718s ]
INFO: TokenBuild Behavior ::run [ RunTime:0.000619s ]
INFO: WriteHtmlCache Behavior ::run [ RunTime:0.000550s ]
INFO: ShowRuntime Behavior ::run [ RunTime:0.000553s ]
INFO: [ view_filter ] --END-- [ RunTime:0.002665s ]
INFO: [ view_end ] --START--
INFO: ShowPageTrace Behavior ::run [ RunTime:0.000942s ]
INFO: [ view_end ] --END-- [ RunTime:0.001015s ]

[ 2014-10-20T19:14:18+08:00 ] 127.0.0.1 /base/admin.php/U/gtxpg/x/vw/uid/51
INFO: [ route_check ] --START--
INFO: CheckRoute Behavior ::run [ RunTime:0.000960s ]
INFO: [ route_check ] --END-- [ RunTime:0.001063s ]
INFO: [ app_begin ] --START--
INFO: ReadHtmlCache Behavior ::run [ RunTime:0.000726s ]
INFO: [ app_begin ] --END-- [ RunTime:0.000795s ]
SQL: SHOW COLUMNS FROM `tb_u` [ RunTime:0.002164s ]
SQL: SELECT * FROM `tb_u` WHERE ( uid=1 ) LIMIT 1   [ RunTime:0.002467s ]
SQL: SHOW COLUMNS FROM `tb_md` [ RunTime:0.002207s ]
SQL: SELECT * FROM `tb_md` WHERE ( mdmk='U' ) LIMIT 1   [ RunTime:0.001423s ]
SQL: SELECT * FROM `tb_u` WHERE ( uid=1 ) LIMIT 1   [ RunTime:0.000223s ]
SQL: SHOW COLUMNS FROM `tb_athmd` [ RunTime:0.002950s ]
SQL: SELECT * FROM `tb_athmd` WHERE ( f_athid=1 AND f_mdid=2 ) LIMIT 1   [ RunTime:0.000830s ]
SQL: SELECT * FROM `tb_u` LEFT JOIN tb_ath ON f_athid=athid WHERE ( uid=51 ) LIMIT 1   [ RunTime:0.000278s ]
INFO: [ view_parse ] --START--
INFO: ParseTemplate Behavior ::run [ RunTime:0.052765s ]
INFO: [ view_parse ] --END-- [ RunTime:0.052885s ]
INFO: [ view_filter ] --START--
INFO: ContentReplace Behavior ::run [ RunTime:0.001135s ]
INFO: TokenBuild Behavior ::run [ RunTime:0.000748s ]
INFO: WriteHtmlCache Behavior ::run [ RunTime:0.000621s ]
INFO: ShowRuntime Behavior ::run [ RunTime:0.000529s ]
INFO: [ view_filter ] --END-- [ RunTime:0.003274s ]
INFO: [ view_end ] --START--
INFO: ShowPageTrace Behavior ::run [ RunTime:0.000733s ]
INFO: [ view_end ] --END-- [ RunTime:0.000792s ]

