[ 2014-10-18T22:22:23+08:00 ] 127.0.0.1 /base/admin.php/
INFO: [ route_check ] --START--
INFO: CheckRoute Behavior ::run [ RunTime:0.001126s ]
INFO: [ route_check ] --END-- [ RunTime:0.001238s ]
INFO: [ app_begin ] --START--
INFO: ReadHtmlCache Behavior ::run [ RunTime:0.000744s ]
INFO: [ app_begin ] --END-- [ RunTime:0.000807s ]
INFO: [ view_parse ] --START--
INFO: ParseTemplate Behavior ::run [ RunTime:0.008144s ]
INFO: [ view_parse ] --END-- [ RunTime:0.008222s ]
INFO: [ view_filter ] --START--
INFO: ContentReplace Behavior ::run [ RunTime:0.000558s ]
INFO: TokenBuild Behavior ::run [ RunTime:0.000567s ]
INFO: WriteHtmlCache Behavior ::run [ RunTime:0.000647s ]
INFO: ShowRuntime Behavior ::run [ RunTime:0.001057s ]
INFO: [ view_filter ] --END-- [ RunTime:0.003037s ]
INFO: [ view_end ] --START--
INFO: ShowPageTrace Behavior ::run [ RunTime:0.000907s ]
INFO: [ view_end ] --END-- [ RunTime:0.000978s ]

[ 2014-10-18T22:22:28+08:00 ] 127.0.0.1 /base/admin.php/U/loginin
INFO: [ route_check ] --START--
INFO: CheckRoute Behavior ::run [ RunTime:0.000947s ]
INFO: [ route_check ] --END-- [ RunTime:0.001037s ]
INFO: [ app_begin ] --START--
INFO: ReadHtmlCache Behavior ::run [ RunTime:0.000716s ]
INFO: [ app_begin ] --END-- [ RunTime:0.000768s ]
SQL: SHOW COLUMNS FROM `tb_u` [ RunTime:0.049722s ]
SQL: SELECT * FROM `tb_u` WHERE ( unm='admin' ) LIMIT 1   [ RunTime:0.000724s ]
SQL: SELECT * FROM `tb_u` WHERE ( unm='admin' AND upw='111' ) LIMIT 1   [ RunTime:0.000270s ]
SQL: SELECT * FROM `tb_u` WHERE ( unm='admin' AND upw='111' ) LIMIT 1   [ RunTime:0.000229s ]

[ 2014-10-18T22:22:28+08:00 ] 127.0.0.1 /base/admin.php
INFO: [ app_begin ] --START--
INFO: ReadHtmlCache Behavior ::run [ RunTime:0.000794s ]
INFO: [ app_begin ] --END-- [ RunTime:0.000893s ]
SQL: SHOW COLUMNS FROM `tb_u` [ RunTime:0.002278s ]
SQL: SELECT * FROM `tb_u` WHERE ( uid=1 ) LIMIT 1   [ RunTime:0.000590s ]
SQL: SELECT * FROM `tb_u` WHERE ( uid=1 ) LIMIT 1   [ RunTime:0.000180s ]
SQL: SHOW COLUMNS FROM `tb_athmd` [ RunTime:0.025765s ]
SQL: SELECT * FROM `tb_athmd` LEFT JOIN tb_md ON f_mdid=mdid WHERE ( f_athid=1 AND q='y' )  [ RunTime:0.006564s ]
INFO: [ view_parse ] --START--
INFO: ParseTemplate Behavior ::run [ RunTime:0.009901s ]
INFO: [ view_parse ] --END-- [ RunTime:0.009995s ]
INFO: [ view_filter ] --START--
INFO: ContentReplace Behavior ::run [ RunTime:0.000571s ]
INFO: TokenBuild Behavior ::run [ RunTime:0.000571s ]
INFO: WriteHtmlCache Behavior ::run [ RunTime:0.000456s ]
INFO: ShowRuntime Behavior ::run [ RunTime:0.000664s ]
INFO: [ view_filter ] --END-- [ RunTime:0.002455s ]
INFO: [ view_end ] --START--
INFO: ShowPageTrace Behavior ::run [ RunTime:0.000771s ]
INFO: [ view_end ] --END-- [ RunTime:0.000828s ]

[ 2014-10-18T22:22:31+08:00 ] 127.0.0.1 /base/admin.php/Atc/query
INFO: [ route_check ] --START--
INFO: CheckRoute Behavior ::run [ RunTime:0.001584s ]
INFO: [ route_check ] --END-- [ RunTime:0.001736s ]
INFO: [ app_begin ] --START--
INFO: ReadHtmlCache Behavior ::run [ RunTime:0.000770s ]
INFO: [ app_begin ] --END-- [ RunTime:0.000833s ]
SQL: SHOW COLUMNS FROM `tb_u` [ RunTime:0.001770s ]
SQL: SELECT * FROM `tb_u` WHERE ( uid=1 ) LIMIT 1   [ RunTime:0.000453s ]
SQL: SHOW COLUMNS FROM `tb_md` [ RunTime:0.001702s ]
SQL: SELECT * FROM `tb_md` WHERE ( mdmk='Atc' ) LIMIT 1   [ RunTime:0.000654s ]
SQL: SELECT * FROM `tb_u` WHERE ( uid=1 ) LIMIT 1   [ RunTime:0.000289s ]
SQL: SHOW COLUMNS FROM `tb_athmd` [ RunTime:0.001702s ]
SQL: SELECT * FROM `tb_athmd` WHERE ( f_athid=1 AND f_mdid=6 ) LIMIT 1   [ RunTime:0.000667s ]
SQL: SHOW COLUMNS FROM `tb_atc` [ RunTime:0.054570s ]
NOTIC: [8] Undefined index: NBsqlstc C:\AppServ\www\base\admin\Lib\NB\NBAction.class.php 第 49 行.
NOTIC: [8] Undefined index: NBsqlstc C:\AppServ\www\base\admin\Lib\NB\NBAction.class.php 第 49 行.
NOTIC: [8] Undefined index: fld C:\AppServ\www\base\admin\Lib\NB\NBAction.class.php 第 133 行.
NOTIC: [8] Undefined index: fld C:\AppServ\www\base\admin\Lib\NB\NBAction.class.php 第 135 行.
NOTIC: [8] Undefined index: cdt C:\AppServ\www\base\admin\Lib\NB\NBAction.class.php 第 138 行.
NOTIC: [8] Undefined index: cdt C:\AppServ\www\base\admin\Lib\NB\NBAction.class.php 第 140 行.
NOTIC: [8] Undefined index: spccdt C:\AppServ\www\base\admin\Lib\NB\NBAction.class.php 第 143 行.
NOTIC: [8] Undefined index: spccdt C:\AppServ\www\base\admin\Lib\NB\NBAction.class.php 第 145 行.
NOTIC: [8] Undefined index: odr C:\AppServ\www\base\admin\Lib\NB\NBAction.class.php 第 148 行.
NOTIC: [8] Undefined index: odr C:\AppServ\www\base\admin\Lib\NB\NBAction.class.php 第 150 行.
NOTIC: [8] Undefined index: lmt C:\AppServ\www\base\admin\Lib\NB\NBAction.class.php 第 153 行.
NOTIC: [8] Undefined index: lmt C:\AppServ\www\base\admin\Lib\NB\NBAction.class.php 第 155 行.
NOTIC: [8] Undefined variable: odrpcd C:\AppServ\www\base\admin\Lib\NB\NBAction.class.php 第 35 行.
SQL: SELECT `atcid`,`bdnm`,`atctpc`,`atcath`,`atcaddtm`,`atcmdftm`,`atctp`,`atcps`,`atcanc`,`atcdnmc`,`atccnt` FROM `tb_atc` LEFT JOIN tb_bd ON f_bdid=bdid WHERE ( 1=1 ) ORDER BY atctp DESC,atcmdftm DESC  [ RunTime:0.022132s ]
NOTIC: [8] Undefined variable: sqlstc C:\AppServ\www\base\admin\Lib\NB\NBAction.class.php 第 195 行.
SQL: SELECT `atcid`,`bdnm`,`atctpc`,`atcath`,`atcaddtm`,`atcmdftm`,`atctp`,`atcps`,`atcanc`,`atcdnmc`,`atccnt` FROM `tb_atc` LEFT JOIN tb_bd ON f_bdid=bdid WHERE ( 1=1 ) ORDER BY atctp DESC,atcmdftm DESC LIMIT 0,20   [ RunTime:0.000461s ]
NOTIC: [8] Undefined variable: sqlstc C:\AppServ\www\base\admin\Lib\NB\NBAction.class.php 第 253 行.
SQL: SHOW COLUMNS FROM `tb_bd` [ RunTime:0.001988s ]
SQL: SELECT * FROM `tb_bd`  [ RunTime:0.000719s ]
SQL: SELECT * FROM `tb_bd` ORDER BY bdodr ASC  [ RunTime:0.000368s ]
INFO: [ view_parse ] --START--
INFO: ParseTemplate Behavior ::run [ RunTime:0.013588s ]
INFO: [ view_parse ] --END-- [ RunTime:0.013680s ]
INFO: [ view_filter ] --START--
INFO: ContentReplace Behavior ::run [ RunTime:0.000678s ]
INFO: TokenBuild Behavior ::run [ RunTime:0.000571s ]
INFO: WriteHtmlCache Behavior ::run [ RunTime:0.000461s ]
INFO: ShowRuntime Behavior ::run [ RunTime:0.000652s ]
INFO: [ view_filter ] --END-- [ RunTime:0.002540s ]
INFO: [ view_end ] --START--
INFO: ShowPageTrace Behavior ::run [ RunTime:0.001175s ]
INFO: [ view_end ] --END-- [ RunTime:0.001272s ]

[ 2014-10-18T22:22:33+08:00 ] 127.0.0.1 /base/admin.php/Atc/gtxpg/x/vw/atcid/1
INFO: [ route_check ] --START--
INFO: CheckRoute Behavior ::run [ RunTime:0.001048s ]
INFO: [ route_check ] --END-- [ RunTime:0.001155s ]
INFO: [ app_begin ] --START--
INFO: ReadHtmlCache Behavior ::run [ RunTime:0.001135s ]
INFO: [ app_begin ] --END-- [ RunTime:0.001240s ]
SQL: SHOW COLUMNS FROM `tb_u` [ RunTime:0.002154s ]
SQL: SELECT * FROM `tb_u` WHERE ( uid=1 ) LIMIT 1   [ RunTime:0.000568s ]
SQL: SHOW COLUMNS FROM `tb_md` [ RunTime:0.001687s ]
SQL: SELECT * FROM `tb_md` WHERE ( mdmk='Atc' ) LIMIT 1   [ RunTime:0.000468s ]
SQL: SELECT * FROM `tb_u` WHERE ( uid=1 ) LIMIT 1   [ RunTime:0.000265s ]
SQL: SHOW COLUMNS FROM `tb_athmd` [ RunTime:0.001683s ]
SQL: SELECT * FROM `tb_athmd` WHERE ( f_athid=1 AND f_mdid=6 ) LIMIT 1   [ RunTime:0.000453s ]
SQL: SHOW COLUMNS FROM `tb_atc` [ RunTime:0.001704s ]
SQL: SELECT * FROM `tb_atc` LEFT JOIN tb_bd ON f_bdid=bdid WHERE ( atcid=1 ) LIMIT 1   [ RunTime:0.000540s ]
SQL: SHOW COLUMNS FROM `tb_bd` [ RunTime:0.001766s ]
SQL: SELECT * FROM `tb_bd` ORDER BY bdodr ASC  [ RunTime:0.000641s ]
INFO: [ view_parse ] --START--
INFO: ParseTemplate Behavior ::run [ RunTime:0.010240s ]
INFO: [ view_parse ] --END-- [ RunTime:0.010359s ]
INFO: [ view_filter ] --START--
INFO: ContentReplace Behavior ::run [ RunTime:0.000545s ]
INFO: TokenBuild Behavior ::run [ RunTime:0.000575s ]
INFO: WriteHtmlCache Behavior ::run [ RunTime:0.000462s ]
INFO: ShowRuntime Behavior ::run [ RunTime:0.000646s ]
INFO: [ view_filter ] --END-- [ RunTime:0.002413s ]
INFO: [ view_end ] --START--
INFO: ShowPageTrace Behavior ::run [ RunTime:0.000786s ]
INFO: [ view_end ] --END-- [ RunTime:0.000852s ]

[ 2014-10-18T22:22:38+08:00 ] 127.0.0.1 /base/admin.php/Atc/gtxpg/x/updt/atcid/1
INFO: [ route_check ] --START--
INFO: CheckRoute Behavior ::run [ RunTime:0.000992s ]
INFO: [ route_check ] --END-- [ RunTime:0.001113s ]
INFO: [ app_begin ] --START--
INFO: ReadHtmlCache Behavior ::run [ RunTime:0.000767s ]
INFO: [ app_begin ] --END-- [ RunTime:0.000836s ]
SQL: SHOW COLUMNS FROM `tb_u` [ RunTime:0.001910s ]
SQL: SELECT * FROM `tb_u` WHERE ( uid=1 ) LIMIT 1   [ RunTime:0.000467s ]
SQL: SHOW COLUMNS FROM `tb_md` [ RunTime:0.001762s ]
SQL: SELECT * FROM `tb_md` WHERE ( mdmk='Atc' ) LIMIT 1   [ RunTime:0.000428s ]
SQL: SELECT * FROM `tb_u` WHERE ( uid=1 ) LIMIT 1   [ RunTime:0.000156s ]
SQL: SHOW COLUMNS FROM `tb_athmd` [ RunTime:0.001979s ]
SQL: SELECT * FROM `tb_athmd` WHERE ( f_athid=1 AND f_mdid=6 ) LIMIT 1   [ RunTime:0.000500s ]
SQL: SHOW COLUMNS FROM `tb_bd` [ RunTime:0.001789s ]
SQL: SELECT * FROM `tb_bd` ORDER BY bdodr ASC  [ RunTime:0.000445s ]
SQL: SHOW COLUMNS FROM `tb_atc` [ RunTime:0.001969s ]
SQL: SELECT * FROM `tb_atc` LEFT JOIN tb_bd ON f_bdid=bdid WHERE ( atcid=1 ) LIMIT 1   [ RunTime:0.000432s ]
SQL: SELECT * FROM `tb_bd`  [ RunTime:0.000169s ]
INFO: [ view_parse ] --START--
INFO: ParseTemplate Behavior ::run [ RunTime:0.011112s ]
INFO: [ view_parse ] --END-- [ RunTime:0.011238s ]
INFO: [ view_filter ] --START--
INFO: ContentReplace Behavior ::run [ RunTime:0.000585s ]
INFO: TokenBuild Behavior ::run [ RunTime:0.000575s ]
INFO: WriteHtmlCache Behavior ::run [ RunTime:0.000465s ]
INFO: ShowRuntime Behavior ::run [ RunTime:0.000657s ]
INFO: [ view_filter ] --END-- [ RunTime:0.002499s ]
INFO: [ view_end ] --START--
INFO: ShowPageTrace Behavior ::run [ RunTime:0.000773s ]
INFO: [ view_end ] --END-- [ RunTime:0.000834s ]

[ 2014-10-18T22:24:29+08:00 ] 127.0.0.1 /base/admin.php
INFO: [ app_begin ] --START--
INFO: ReadHtmlCache Behavior ::run [ RunTime:0.001027s ]
INFO: [ app_begin ] --END-- [ RunTime:0.001117s ]
SQL: SHOW COLUMNS FROM `tb_u` [ RunTime:0.061198s ]
SQL: SELECT * FROM `tb_u` WHERE ( uid=1 ) LIMIT 1   [ RunTime:0.000593s ]
SQL: SELECT * FROM `tb_u` WHERE ( uid=1 ) LIMIT 1   [ RunTime:0.000171s ]
SQL: SHOW COLUMNS FROM `tb_athmd` [ RunTime:0.001717s ]
SQL: SELECT * FROM `tb_athmd` LEFT JOIN tb_md ON f_mdid=mdid WHERE ( f_athid=1 AND q='y' )  [ RunTime:0.000498s ]
INFO: [ view_parse ] --START--
INFO: ParseTemplate Behavior ::run [ RunTime:0.010139s ]
INFO: [ view_parse ] --END-- [ RunTime:0.010240s ]
INFO: [ view_filter ] --START--
INFO: ContentReplace Behavior ::run [ RunTime:0.000892s ]
INFO: TokenBuild Behavior ::run [ RunTime:0.000704s ]
INFO: WriteHtmlCache Behavior ::run [ RunTime:0.000404s ]
INFO: ShowRuntime Behavior ::run [ RunTime:0.000756s ]
INFO: [ view_filter ] --END-- [ RunTime:0.003019s ]
INFO: [ view_end ] --START--
INFO: ShowPageTrace Behavior ::run [ RunTime:0.000877s ]
INFO: [ view_end ] --END-- [ RunTime:0.000935s ]

[ 2014-10-18T22:24:31+08:00 ] 127.0.0.1 /base/admin.php/Ath/query
INFO: [ route_check ] --START--
INFO: CheckRoute Behavior ::run [ RunTime:0.001066s ]
INFO: [ route_check ] --END-- [ RunTime:0.001197s ]
INFO: [ app_begin ] --START--
INFO: ReadHtmlCache Behavior ::run [ RunTime:0.000722s ]
INFO: [ app_begin ] --END-- [ RunTime:0.000785s ]
SQL: SHOW COLUMNS FROM `tb_u` [ RunTime:0.001786s ]
SQL: SELECT * FROM `tb_u` WHERE ( uid=1 ) LIMIT 1   [ RunTime:0.000379s ]
SQL: SHOW COLUMNS FROM `tb_md` [ RunTime:0.001624s ]
SQL: SELECT * FROM `tb_md` WHERE ( mdmk='Ath' ) LIMIT 1   [ RunTime:0.000655s ]
SQL: SELECT * FROM `tb_u` WHERE ( uid=1 ) LIMIT 1   [ RunTime:0.000189s ]
SQL: SHOW COLUMNS FROM `tb_athmd` [ RunTime:0.002428s ]
SQL: SELECT * FROM `tb_athmd` WHERE ( f_athid=1 AND f_mdid=3 ) LIMIT 1   [ RunTime:0.000555s ]
SQL: SHOW COLUMNS FROM `tb_ath` [ RunTime:0.072733s ]
NOTIC: [8] Undefined index: NBsqlstc C:\AppServ\www\base\admin\Lib\NB\NBAction.class.php 第 49 行.
NOTIC: [8] Undefined index: NBsqlstc C:\AppServ\www\base\admin\Lib\NB\NBAction.class.php 第 49 行.
NOTIC: [8] Undefined index: fld C:\AppServ\www\base\admin\Lib\NB\NBAction.class.php 第 133 行.
NOTIC: [8] Undefined index: fld C:\AppServ\www\base\admin\Lib\NB\NBAction.class.php 第 135 行.
NOTIC: [8] Undefined index: cdt C:\AppServ\www\base\admin\Lib\NB\NBAction.class.php 第 138 行.
NOTIC: [8] Undefined index: cdt C:\AppServ\www\base\admin\Lib\NB\NBAction.class.php 第 140 行.
NOTIC: [8] Undefined index: spccdt C:\AppServ\www\base\admin\Lib\NB\NBAction.class.php 第 143 行.
NOTIC: [8] Undefined index: spccdt C:\AppServ\www\base\admin\Lib\NB\NBAction.class.php 第 145 行.
NOTIC: [8] Undefined index: odr C:\AppServ\www\base\admin\Lib\NB\NBAction.class.php 第 148 行.
NOTIC: [8] Undefined index: odr C:\AppServ\www\base\admin\Lib\NB\NBAction.class.php 第 150 行.
NOTIC: [8] Undefined index: lmt C:\AppServ\www\base\admin\Lib\NB\NBAction.class.php 第 153 行.
NOTIC: [8] Undefined index: lmt C:\AppServ\www\base\admin\Lib\NB\NBAction.class.php 第 155 行.
NOTIC: [8] Undefined variable: odrpcd C:\AppServ\www\base\admin\Lib\NB\NBAction.class.php 第 33 行.
SQL: SELECT `athid`,`athnm` FROM `tb_ath` WHERE ( 1=1 ) ORDER BY athid ASC  [ RunTime:0.000354s ]
NOTIC: [8] Undefined variable: sqlstc C:\AppServ\www\base\admin\Lib\NB\NBAction.class.php 第 195 行.
SQL: SELECT `athid`,`athnm` FROM `tb_ath` WHERE ( 1=1 ) ORDER BY athid ASC LIMIT 0,20   [ RunTime:0.000319s ]
NOTIC: [8] Undefined variable: sqlstc C:\AppServ\www\base\admin\Lib\NB\NBAction.class.php 第 253 行.
INFO: [ view_parse ] --START--
INFO: ParseTemplate Behavior ::run [ RunTime:0.010860s ]
INFO: [ view_parse ] --END-- [ RunTime:0.010960s ]
INFO: [ view_filter ] --START--
INFO: ContentReplace Behavior ::run [ RunTime:0.000585s ]
INFO: TokenBuild Behavior ::run [ RunTime:0.000568s ]
INFO: WriteHtmlCache Behavior ::run [ RunTime:0.000394s ]
INFO: ShowRuntime Behavior ::run [ RunTime:0.000649s ]
INFO: [ view_filter ] --END-- [ RunTime:0.002359s ]
INFO: [ view_end ] --START--
INFO: ShowPageTrace Behavior ::run [ RunTime:0.000765s ]
INFO: [ view_end ] --END-- [ RunTime:0.000823s ]

[ 2014-10-18T22:24:33+08:00 ] 127.0.0.1 /base/admin.php/Ath/gtxpg/x/vw/athid/1
INFO: [ route_check ] --START--
INFO: CheckRoute Behavior ::run [ RunTime:0.000964s ]
INFO: [ route_check ] --END-- [ RunTime:0.001058s ]
INFO: [ app_begin ] --START--
INFO: ReadHtmlCache Behavior ::run [ RunTime:0.000718s ]
INFO: [ app_begin ] --END-- [ RunTime:0.000781s ]
SQL: SHOW COLUMNS FROM `tb_u` [ RunTime:0.001851s ]
SQL: SELECT * FROM `tb_u` WHERE ( uid=1 ) LIMIT 1   [ RunTime:0.000415s ]
SQL: SHOW COLUMNS FROM `tb_md` [ RunTime:0.001508s ]
SQL: SELECT * FROM `tb_md` WHERE ( mdmk='Ath' ) LIMIT 1   [ RunTime:0.000536s ]
SQL: SELECT * FROM `tb_u` WHERE ( uid=1 ) LIMIT 1   [ RunTime:0.000214s ]
SQL: SHOW COLUMNS FROM `tb_athmd` [ RunTime:0.002203s ]
SQL: SELECT * FROM `tb_athmd` WHERE ( f_athid=1 AND f_mdid=3 ) LIMIT 1   [ RunTime:0.000513s ]
SQL: SHOW COLUMNS FROM `tb_ath` [ RunTime:0.001570s ]
SQL: SELECT * FROM `tb_ath` WHERE ( athid=1 ) LIMIT 1   [ RunTime:0.000535s ]
INFO: [ view_parse ] --START--
INFO: ParseTemplate Behavior ::run [ RunTime:0.010768s ]
INFO: [ view_parse ] --END-- [ RunTime:0.010885s ]
INFO: [ view_filter ] --START--
INFO: ContentReplace Behavior ::run [ RunTime:0.000914s ]
INFO: TokenBuild Behavior ::run [ RunTime:0.000695s ]
INFO: WriteHtmlCache Behavior ::run [ RunTime:0.000371s ]
INFO: ShowRuntime Behavior ::run [ RunTime:0.000654s ]
INFO: [ view_filter ] --END-- [ RunTime:0.002836s ]
INFO: [ view_end ] --START--
INFO: ShowPageTrace Behavior ::run [ RunTime:0.000777s ]
INFO: [ view_end ] --END-- [ RunTime:0.000835s ]

[ 2014-10-18T22:24:34+08:00 ] 127.0.0.1 /base/admin.php/Ath/gtxpg/x/updt/athid/1
INFO: [ route_check ] --START--
INFO: CheckRoute Behavior ::run [ RunTime:0.000970s ]
INFO: [ route_check ] --END-- [ RunTime:0.001065s ]
INFO: [ app_begin ] --START--
INFO: ReadHtmlCache Behavior ::run [ RunTime:0.000737s ]
INFO: [ app_begin ] --END-- [ RunTime:0.000799s ]
SQL: SHOW COLUMNS FROM `tb_u` [ RunTime:0.001764s ]
SQL: SELECT * FROM `tb_u` WHERE ( uid=1 ) LIMIT 1   [ RunTime:0.000394s ]
SQL: SHOW COLUMNS FROM `tb_md` [ RunTime:0.001503s ]
SQL: SELECT * FROM `tb_md` WHERE ( mdmk='Ath' ) LIMIT 1   [ RunTime:0.000472s ]
SQL: SELECT * FROM `tb_u` WHERE ( uid=1 ) LIMIT 1   [ RunTime:0.000134s ]
SQL: SHOW COLUMNS FROM `tb_athmd` [ RunTime:0.001683s ]
SQL: SELECT * FROM `tb_athmd` WHERE ( f_athid=1 AND f_mdid=3 ) LIMIT 1   [ RunTime:0.000509s ]
SQL: SHOW COLUMNS FROM `tb_ath` [ RunTime:0.001466s ]
SQL: SELECT * FROM `tb_ath` WHERE ( athid=1 ) LIMIT 1   [ RunTime:0.000680s ]
INFO: [ view_parse ] --START--
INFO: ParseTemplate Behavior ::run [ RunTime:0.009675s ]
INFO: [ view_parse ] --END-- [ RunTime:0.009768s ]
INFO: [ view_filter ] --START--
INFO: ContentReplace Behavior ::run [ RunTime:0.000587s ]
INFO: TokenBuild Behavior ::run [ RunTime:0.000582s ]
INFO: WriteHtmlCache Behavior ::run [ RunTime:0.000374s ]
INFO: ShowRuntime Behavior ::run [ RunTime:0.000647s ]
INFO: [ view_filter ] --END-- [ RunTime:0.002357s ]
INFO: [ view_end ] --START--
INFO: ShowPageTrace Behavior ::run [ RunTime:0.000781s ]
INFO: [ view_end ] --END-- [ RunTime:0.000840s ]

[ 2014-10-18T22:26:45+08:00 ] 127.0.0.1 /base/admin.php
INFO: [ app_begin ] --START--
INFO: ReadHtmlCache Behavior ::run [ RunTime:0.000827s ]
INFO: [ app_begin ] --END-- [ RunTime:0.000913s ]
SQL: SHOW COLUMNS FROM `tb_u` [ RunTime:0.002078s ]
SQL: SELECT * FROM `tb_u` WHERE ( uid=1 ) LIMIT 1   [ RunTime:0.000409s ]
SQL: SELECT * FROM `tb_u` WHERE ( uid=1 ) LIMIT 1   [ RunTime:0.000134s ]
SQL: SHOW COLUMNS FROM `tb_athmd` [ RunTime:0.001692s ]
SQL: SELECT * FROM `tb_athmd` LEFT JOIN tb_md ON f_mdid=mdid WHERE ( f_athid=1 AND q='y' )  [ RunTime:0.000431s ]
INFO: [ view_parse ] --START--
INFO: ParseTemplate Behavior ::run [ RunTime:0.010155s ]
INFO: [ view_parse ] --END-- [ RunTime:0.010267s ]
INFO: [ view_filter ] --START--
INFO: ContentReplace Behavior ::run [ RunTime:0.000586s ]
INFO: TokenBuild Behavior ::run [ RunTime:0.000596s ]
INFO: WriteHtmlCache Behavior ::run [ RunTime:0.000400s ]
INFO: ShowRuntime Behavior ::run [ RunTime:0.000654s ]
INFO: [ view_filter ] --END-- [ RunTime:0.002431s ]
INFO: [ view_end ] --START--
INFO: ShowPageTrace Behavior ::run [ RunTime:0.000763s ]
INFO: [ view_end ] --END-- [ RunTime:0.000820s ]

[ 2014-10-18T22:26:46+08:00 ] 127.0.0.1 /base/admin.php/Athmd/query
INFO: [ route_check ] --START--
INFO: CheckRoute Behavior ::run [ RunTime:0.001185s ]
INFO: [ route_check ] --END-- [ RunTime:0.001296s ]
INFO: [ app_begin ] --START--
INFO: ReadHtmlCache Behavior ::run [ RunTime:0.000739s ]
INFO: [ app_begin ] --END-- [ RunTime:0.000802s ]
SQL: SHOW COLUMNS FROM `tb_u` [ RunTime:0.001783s ]
SQL: SELECT * FROM `tb_u` WHERE ( uid=1 ) LIMIT 1   [ RunTime:0.000369s ]
SQL: SHOW COLUMNS FROM `tb_md` [ RunTime:0.002192s ]
SQL: SELECT * FROM `tb_md` WHERE ( mdmk='Athmd' ) LIMIT 1   [ RunTime:0.000460s ]
SQL: SELECT * FROM `tb_u` WHERE ( uid=1 ) LIMIT 1   [ RunTime:0.000227s ]
SQL: SHOW COLUMNS FROM `tb_athmd` [ RunTime:0.001977s ]
SQL: SELECT * FROM `tb_athmd` WHERE ( f_athid=1 AND f_mdid=4 ) LIMIT 1   [ RunTime:0.000483s ]
NOTIC: [8] Undefined index: NBsqlstc C:\AppServ\www\base\admin\Lib\NB\NBAction.class.php 第 49 行.
NOTIC: [8] Undefined index: NBsqlstc C:\AppServ\www\base\admin\Lib\NB\NBAction.class.php 第 49 行.
NOTIC: [8] Undefined index: fld C:\AppServ\www\base\admin\Lib\NB\NBAction.class.php 第 133 行.
NOTIC: [8] Undefined index: fld C:\AppServ\www\base\admin\Lib\NB\NBAction.class.php 第 135 行.
NOTIC: [8] Undefined index: cdt C:\AppServ\www\base\admin\Lib\NB\NBAction.class.php 第 138 行.
NOTIC: [8] Undefined index: cdt C:\AppServ\www\base\admin\Lib\NB\NBAction.class.php 第 140 行.
NOTIC: [8] Undefined index: spccdt C:\AppServ\www\base\admin\Lib\NB\NBAction.class.php 第 143 行.
NOTIC: [8] Undefined index: spccdt C:\AppServ\www\base\admin\Lib\NB\NBAction.class.php 第 145 行.
NOTIC: [8] Undefined index: odr C:\AppServ\www\base\admin\Lib\NB\NBAction.class.php 第 148 行.
NOTIC: [8] Undefined index: odr C:\AppServ\www\base\admin\Lib\NB\NBAction.class.php 第 150 行.
NOTIC: [8] Undefined index: lmt C:\AppServ\www\base\admin\Lib\NB\NBAction.class.php 第 153 行.
NOTIC: [8] Undefined index: lmt C:\AppServ\www\base\admin\Lib\NB\NBAction.class.php 第 155 行.
NOTIC: [8] Undefined variable: odrpcd C:\AppServ\www\base\admin\Lib\NB\NBAction.class.php 第 33 行.
SQL: SELECT `athmdid`,`athnm`,`mdnm`,`q`,`v`,`u`,`d` FROM `tb_athmd` LEFT JOIN tb_ath ON f_athid=athid LEFT JOIN tb_md ON f_mdid=mdid WHERE ( 1=1 ) ORDER BY athnm ASC  [ RunTime:0.000433s ]
NOTIC: [8] Undefined variable: sqlstc C:\AppServ\www\base\admin\Lib\NB\NBAction.class.php 第 195 行.
SQL: SELECT `athmdid`,`athnm`,`mdnm`,`q`,`v`,`u`,`d` FROM `tb_athmd` LEFT JOIN tb_ath ON f_athid=athid LEFT JOIN tb_md ON f_mdid=mdid WHERE ( 1=1 ) ORDER BY athnm ASC LIMIT 0,20   [ RunTime:0.000354s ]
NOTIC: [8] Undefined variable: sqlstc C:\AppServ\www\base\admin\Lib\NB\NBAction.class.php 第 253 行.
SQL: SHOW COLUMNS FROM `tb_ath` [ RunTime:0.001664s ]
SQL: SELECT * FROM `tb_ath`  [ RunTime:0.000651s ]
SQL: SELECT * FROM `tb_md`  [ RunTime:0.000246s ]
INFO: [ view_parse ] --START--
INFO: ParseTemplate Behavior ::run [ RunTime:0.014293s ]
INFO: [ view_parse ] --END-- [ RunTime:0.014376s ]
INFO: [ view_filter ] --START--
INFO: ContentReplace Behavior ::run [ RunTime:0.000686s ]
INFO: TokenBuild Behavior ::run [ RunTime:0.000586s ]
INFO: WriteHtmlCache Behavior ::run [ RunTime:0.000367s ]
INFO: ShowRuntime Behavior ::run [ RunTime:0.000658s ]
INFO: [ view_filter ] --END-- [ RunTime:0.002471s ]
INFO: [ view_end ] --START--
INFO: ShowPageTrace Behavior ::run [ RunTime:0.001162s ]
INFO: [ view_end ] --END-- [ RunTime:0.001256s ]

[ 2014-10-18T22:26:49+08:00 ] 127.0.0.1 /base/admin.php/Athmd/gtxpg/x/vw/athmdid/11
INFO: [ route_check ] --START--
INFO: CheckRoute Behavior ::run [ RunTime:0.000954s ]
INFO: [ route_check ] --END-- [ RunTime:0.001049s ]
INFO: [ app_begin ] --START--
INFO: ReadHtmlCache Behavior ::run [ RunTime:0.000751s ]
INFO: [ app_begin ] --END-- [ RunTime:0.000830s ]
SQL: SHOW COLUMNS FROM `tb_u` [ RunTime:0.001868s ]
SQL: SELECT * FROM `tb_u` WHERE ( uid=1 ) LIMIT 1   [ RunTime:0.000430s ]
SQL: SHOW COLUMNS FROM `tb_md` [ RunTime:0.001469s ]
SQL: SELECT * FROM `tb_md` WHERE ( mdmk='Athmd' ) LIMIT 1   [ RunTime:0.000492s ]
SQL: SELECT * FROM `tb_u` WHERE ( uid=1 ) LIMIT 1   [ RunTime:0.000130s ]
SQL: SHOW COLUMNS FROM `tb_athmd` [ RunTime:0.001781s ]
SQL: SELECT * FROM `tb_athmd` WHERE ( f_athid=1 AND f_mdid=4 ) LIMIT 1   [ RunTime:0.000433s ]
SQL: SELECT * FROM `tb_athmd` LEFT JOIN tb_ath ON f_athid=athid LEFT JOIN tb_md ON f_mdid=mdid WHERE ( athmdid=11 ) LIMIT 1   [ RunTime:0.000308s ]
INFO: [ view_parse ] --START--
INFO: ParseTemplate Behavior ::run [ RunTime:0.009918s ]
INFO: [ view_parse ] --END-- [ RunTime:0.010002s ]
INFO: [ view_filter ] --START--
INFO: ContentReplace Behavior ::run [ RunTime:0.000539s ]
INFO: TokenBuild Behavior ::run [ RunTime:0.000716s ]
INFO: WriteHtmlCache Behavior ::run [ RunTime:0.000407s ]
INFO: ShowRuntime Behavior ::run [ RunTime:0.000650s ]
INFO: [ view_filter ] --END-- [ RunTime:0.002482s ]
INFO: [ view_end ] --START--
INFO: ShowPageTrace Behavior ::run [ RunTime:0.000774s ]
INFO: [ view_end ] --END-- [ RunTime:0.000831s ]

[ 2014-10-18T22:26:52+08:00 ] 127.0.0.1 /base/admin.php/Athmd/gtxpg/x/updt/athmdid/11
INFO: [ route_check ] --START--
INFO: CheckRoute Behavior ::run [ RunTime:0.000955s ]
INFO: [ route_check ] --END-- [ RunTime:0.001052s ]
INFO: [ app_begin ] --START--
INFO: ReadHtmlCache Behavior ::run [ RunTime:0.000726s ]
INFO: [ app_begin ] --END-- [ RunTime:0.000789s ]
SQL: SHOW COLUMNS FROM `tb_u` [ RunTime:0.001786s ]
SQL: SELECT * FROM `tb_u` WHERE ( uid=1 ) LIMIT 1   [ RunTime:0.000398s ]
SQL: SHOW COLUMNS FROM `tb_md` [ RunTime:0.001511s ]
SQL: SELECT * FROM `tb_md` WHERE ( mdmk='Athmd' ) LIMIT 1   [ RunTime:0.000461s ]
SQL: SELECT * FROM `tb_u` WHERE ( uid=1 ) LIMIT 1   [ RunTime:0.000130s ]
SQL: SHOW COLUMNS FROM `tb_athmd` [ RunTime:0.001656s ]
SQL: SELECT * FROM `tb_athmd` WHERE ( f_athid=1 AND f_mdid=4 ) LIMIT 1   [ RunTime:0.000479s ]
SQL: SELECT * FROM `tb_athmd` LEFT JOIN tb_ath ON f_athid=athid LEFT JOIN tb_md ON f_mdid=mdid WHERE ( athmdid=11 ) LIMIT 1   [ RunTime:0.000123s ]
SQL: SHOW COLUMNS FROM `tb_ath` [ RunTime:0.001585s ]
SQL: SELECT * FROM `tb_ath`  [ RunTime:0.000458s ]
SQL: SELECT * FROM `tb_md`  [ RunTime:0.000189s ]
INFO: [ view_parse ] --START--
INFO: ParseTemplate Behavior ::run [ RunTime:0.011847s ]
INFO: [ view_parse ] --END-- [ RunTime:0.011938s ]
INFO: [ view_filter ] --START--
INFO: ContentReplace Behavior ::run [ RunTime:0.000544s ]
INFO: TokenBuild Behavior ::run [ RunTime:0.000560s ]
INFO: WriteHtmlCache Behavior ::run [ RunTime:0.000364s ]
INFO: ShowRuntime Behavior ::run [ RunTime:0.000663s ]
INFO: [ view_filter ] --END-- [ RunTime:0.002293s ]
INFO: [ view_end ] --START--
INFO: ShowPageTrace Behavior ::run [ RunTime:0.000802s ]
INFO: [ view_end ] --END-- [ RunTime:0.000862s ]

[ 2014-10-18T22:28:28+08:00 ] 127.0.0.1 /base/admin.php
INFO: [ app_begin ] --START--
INFO: ReadHtmlCache Behavior ::run [ RunTime:0.000753s ]
INFO: [ app_begin ] --END-- [ RunTime:0.000845s ]
SQL: SHOW COLUMNS FROM `tb_u` [ RunTime:0.052137s ]
SQL: SELECT * FROM `tb_u` WHERE ( uid=1 ) LIMIT 1   [ RunTime:0.000316s ]
SQL: SELECT * FROM `tb_u` WHERE ( uid=1 ) LIMIT 1   [ RunTime:0.000233s ]
SQL: SHOW COLUMNS FROM `tb_athmd` [ RunTime:0.001905s ]
SQL: SELECT * FROM `tb_athmd` LEFT JOIN tb_md ON f_mdid=mdid WHERE ( f_athid=1 AND q='y' )  [ RunTime:0.000522s ]
INFO: [ view_parse ] --START--
INFO: ParseTemplate Behavior ::run [ RunTime:0.010049s ]
INFO: [ view_parse ] --END-- [ RunTime:0.010142s ]
INFO: [ view_filter ] --START--
INFO: ContentReplace Behavior ::run [ RunTime:0.000540s ]
INFO: TokenBuild Behavior ::run [ RunTime:0.000777s ]
INFO: WriteHtmlCache Behavior ::run [ RunTime:0.000655s ]
INFO: ShowRuntime Behavior ::run [ RunTime:0.001020s ]
INFO: [ view_filter ] --END-- [ RunTime:0.003290s ]
INFO: [ view_end ] --START--
INFO: ShowPageTrace Behavior ::run [ RunTime:0.000834s ]
INFO: [ view_end ] --END-- [ RunTime:0.000894s ]

[ 2014-10-18T22:28:32+08:00 ] 127.0.0.1 /base/admin.php/Md/query
INFO: [ route_check ] --START--
INFO: CheckRoute Behavior ::run [ RunTime:0.001108s ]
INFO: [ route_check ] --END-- [ RunTime:0.001226s ]
INFO: [ app_begin ] --START--
INFO: ReadHtmlCache Behavior ::run [ RunTime:0.000756s ]
INFO: [ app_begin ] --END-- [ RunTime:0.000823s ]
SQL: SHOW COLUMNS FROM `tb_u` [ RunTime:0.001750s ]
SQL: SELECT * FROM `tb_u` WHERE ( uid=1 ) LIMIT 1   [ RunTime:0.000477s ]
SQL: SHOW COLUMNS FROM `tb_md` [ RunTime:0.001527s ]
SQL: SELECT * FROM `tb_md` WHERE ( mdmk='Md' ) LIMIT 1   [ RunTime:0.000560s ]
SQL: SELECT * FROM `tb_u` WHERE ( uid=1 ) LIMIT 1   [ RunTime:0.000195s ]
SQL: SHOW COLUMNS FROM `tb_athmd` [ RunTime:0.001641s ]
SQL: SELECT * FROM `tb_athmd` WHERE ( f_athid=1 AND f_mdid=1 ) LIMIT 1   [ RunTime:0.000553s ]
NOTIC: [8] Undefined index: NBsqlstc C:\AppServ\www\base\admin\Lib\NB\NBAction.class.php 第 49 行.
NOTIC: [8] Undefined index: NBsqlstc C:\AppServ\www\base\admin\Lib\NB\NBAction.class.php 第 49 行.
NOTIC: [8] Undefined index: fld C:\AppServ\www\base\admin\Lib\NB\NBAction.class.php 第 133 行.
NOTIC: [8] Undefined index: fld C:\AppServ\www\base\admin\Lib\NB\NBAction.class.php 第 135 行.
NOTIC: [8] Undefined index: cdt C:\AppServ\www\base\admin\Lib\NB\NBAction.class.php 第 138 行.
NOTIC: [8] Undefined index: cdt C:\AppServ\www\base\admin\Lib\NB\NBAction.class.php 第 140 行.
NOTIC: [8] Undefined index: spccdt C:\AppServ\www\base\admin\Lib\NB\NBAction.class.php 第 143 行.
NOTIC: [8] Undefined index: spccdt C:\AppServ\www\base\admin\Lib\NB\NBAction.class.php 第 145 行.
NOTIC: [8] Undefined index: odr C:\AppServ\www\base\admin\Lib\NB\NBAction.class.php 第 148 行.
NOTIC: [8] Undefined index: odr C:\AppServ\www\base\admin\Lib\NB\NBAction.class.php 第 150 行.
NOTIC: [8] Undefined index: lmt C:\AppServ\www\base\admin\Lib\NB\NBAction.class.php 第 153 行.
NOTIC: [8] Undefined index: lmt C:\AppServ\www\base\admin\Lib\NB\NBAction.class.php 第 155 行.
NOTIC: [8] Undefined variable: odrpcd C:\AppServ\www\base\admin\Lib\NB\NBAction.class.php 第 33 行.
SQL: SELECT `mdid`,`mdmk`,`mdnm` FROM `tb_md` WHERE ( 1=1 ) ORDER BY mdid ASC  [ RunTime:0.000311s ]
NOTIC: [8] Undefined variable: sqlstc C:\AppServ\www\base\admin\Lib\NB\NBAction.class.php 第 195 行.
SQL: SELECT `mdid`,`mdmk`,`mdnm` FROM `tb_md` WHERE ( 1=1 ) ORDER BY mdid ASC LIMIT 0,20   [ RunTime:0.000328s ]
NOTIC: [8] Undefined variable: sqlstc C:\AppServ\www\base\admin\Lib\NB\NBAction.class.php 第 253 行.
INFO: [ view_parse ] --START--
INFO: ParseTemplate Behavior ::run [ RunTime:0.010990s ]
INFO: [ view_parse ] --END-- [ RunTime:0.011072s ]
INFO: [ view_filter ] --START--
INFO: ContentReplace Behavior ::run [ RunTime:0.000573s ]
INFO: TokenBuild Behavior ::run [ RunTime:0.000563s ]
INFO: WriteHtmlCache Behavior ::run [ RunTime:0.000378s ]
INFO: ShowRuntime Behavior ::run [ RunTime:0.000645s ]
INFO: [ view_filter ] --END-- [ RunTime:0.002323s ]
INFO: [ view_end ] --START--
INFO: ShowPageTrace Behavior ::run [ RunTime:0.000759s ]
INFO: [ view_end ] --END-- [ RunTime:0.000817s ]

[ 2014-10-18T22:28:35+08:00 ] 127.0.0.1 /base/admin.php/Bd/query
INFO: [ route_check ] --START--
INFO: CheckRoute Behavior ::run [ RunTime:0.001481s ]
INFO: [ route_check ] --END-- [ RunTime:0.001640s ]
INFO: [ app_begin ] --START--
INFO: ReadHtmlCache Behavior ::run [ RunTime:0.001007s ]
INFO: [ app_begin ] --END-- [ RunTime:0.001104s ]
SQL: SHOW COLUMNS FROM `tb_u` [ RunTime:0.001794s ]
SQL: SELECT * FROM `tb_u` WHERE ( uid=1 ) LIMIT 1   [ RunTime:0.000376s ]
SQL: SHOW COLUMNS FROM `tb_md` [ RunTime:0.001512s ]
SQL: SELECT * FROM `tb_md` WHERE ( mdmk='Bd' ) LIMIT 1   [ RunTime:0.000588s ]
SQL: SELECT * FROM `tb_u` WHERE ( uid=1 ) LIMIT 1   [ RunTime:0.000192s ]
SQL: SHOW COLUMNS FROM `tb_athmd` [ RunTime:0.001710s ]
SQL: SELECT * FROM `tb_athmd` WHERE ( f_athid=1 AND f_mdid=5 ) LIMIT 1   [ RunTime:0.000569s ]
SQL: SHOW COLUMNS FROM `tb_bd` [ RunTime:0.001644s ]
SQL: SELECT * FROM `tb_bd` ORDER BY bdodr ASC  [ RunTime:0.000590s ]
INFO: [ view_parse ] --START--
INFO: ParseTemplate Behavior ::run [ RunTime:0.009430s ]
INFO: [ view_parse ] --END-- [ RunTime:0.009513s ]
INFO: [ view_filter ] --START--
INFO: ContentReplace Behavior ::run [ RunTime:0.000550s ]
INFO: TokenBuild Behavior ::run [ RunTime:0.000562s ]
INFO: WriteHtmlCache Behavior ::run [ RunTime:0.000371s ]
INFO: ShowRuntime Behavior ::run [ RunTime:0.000644s ]
INFO: [ view_filter ] --END-- [ RunTime:0.002289s ]
INFO: [ view_end ] --START--
INFO: ShowPageTrace Behavior ::run [ RunTime:0.000785s ]
INFO: [ view_end ] --END-- [ RunTime:0.000842s ]

[ 2014-10-18T22:28:42+08:00 ] 127.0.0.1 /base/admin.php/Bd/gtxpg/x/edit
INFO: [ route_check ] --START--
INFO: CheckRoute Behavior ::run [ RunTime:0.001107s ]
INFO: [ route_check ] --END-- [ RunTime:0.001221s ]
INFO: [ app_begin ] --START--
INFO: ReadHtmlCache Behavior ::run [ RunTime:0.000758s ]
INFO: [ app_begin ] --END-- [ RunTime:0.000825s ]
SQL: SHOW COLUMNS FROM `tb_u` [ RunTime:0.002028s ]
SQL: SELECT * FROM `tb_u` WHERE ( uid=1 ) LIMIT 1   [ RunTime:0.000481s ]
SQL: SHOW COLUMNS FROM `tb_md` [ RunTime:0.001662s ]
SQL: SELECT * FROM `tb_md` WHERE ( mdmk='Bd' ) LIMIT 1   [ RunTime:0.000420s ]
SQL: SELECT * FROM `tb_u` WHERE ( uid=1 ) LIMIT 1   [ RunTime:0.000226s ]
SQL: SHOW COLUMNS FROM `tb_athmd` [ RunTime:0.001707s ]
SQL: SELECT * FROM `tb_athmd` WHERE ( f_athid=1 AND f_mdid=5 ) LIMIT 1   [ RunTime:0.000510s ]
SQL: SHOW COLUMNS FROM `tb_bd` [ RunTime:0.001636s ]
SQL: SELECT * FROM `tb_bd` ORDER BY bdodr ASC  [ RunTime:0.000429s ]
INFO: [ view_parse ] --START--
INFO: ParseTemplate Behavior ::run [ RunTime:0.011109s ]
INFO: [ view_parse ] --END-- [ RunTime:0.011196s ]
INFO: [ view_filter ] --START--
INFO: ContentReplace Behavior ::run [ RunTime:0.000604s ]
INFO: TokenBuild Behavior ::run [ RunTime:0.000578s ]
INFO: WriteHtmlCache Behavior ::run [ RunTime:0.000365s ]
INFO: ShowRuntime Behavior ::run [ RunTime:0.000666s ]
INFO: [ view_filter ] --END-- [ RunTime:0.002375s ]
INFO: [ view_end ] --START--
INFO: ShowPageTrace Behavior ::run [ RunTime:0.001157s ]
INFO: [ view_end ] --END-- [ RunTime:0.001247s ]

[ 2014-10-18T22:28:44+08:00 ] 127.0.0.1 /base/admin.php/Bd/gtxpg/x/updt/id/5
INFO: [ route_check ] --START--
INFO: CheckRoute Behavior ::run [ RunTime:0.000961s ]
INFO: [ route_check ] --END-- [ RunTime:0.001052s ]
INFO: [ app_begin ] --START--
INFO: ReadHtmlCache Behavior ::run [ RunTime:0.000709s ]
INFO: [ app_begin ] --END-- [ RunTime:0.000771s ]
SQL: SHOW COLUMNS FROM `tb_u` [ RunTime:0.001790s ]
SQL: SELECT * FROM `tb_u` WHERE ( uid=1 ) LIMIT 1   [ RunTime:0.000421s ]
SQL: SHOW COLUMNS FROM `tb_md` [ RunTime:0.001481s ]
SQL: SELECT * FROM `tb_md` WHERE ( mdmk='Bd' ) LIMIT 1   [ RunTime:0.000455s ]
SQL: SELECT * FROM `tb_u` WHERE ( uid=1 ) LIMIT 1   [ RunTime:0.000134s ]
SQL: SHOW COLUMNS FROM `tb_athmd` [ RunTime:0.001621s ]
SQL: SELECT * FROM `tb_athmd` WHERE ( f_athid=1 AND f_mdid=5 ) LIMIT 1   [ RunTime:0.000431s ]
SQL: SHOW COLUMNS FROM `tb_bd` [ RunTime:0.001531s ]
SQL: SELECT * FROM `tb_bd` WHERE ( bdid=5 ) LIMIT 1   [ RunTime:0.000529s ]
INFO: [ view_parse ] --START--
INFO: ParseTemplate Behavior ::run [ RunTime:0.009159s ]
INFO: [ view_parse ] --END-- [ RunTime:0.009247s ]
INFO: [ view_filter ] --START--
INFO: ContentReplace Behavior ::run [ RunTime:0.000533s ]
INFO: TokenBuild Behavior ::run [ RunTime:0.000578s ]
INFO: WriteHtmlCache Behavior ::run [ RunTime:0.000364s ]
INFO: ShowRuntime Behavior ::run [ RunTime:0.000652s ]
INFO: [ view_filter ] --END-- [ RunTime:0.002290s ]
INFO: [ view_end ] --START--
INFO: ShowPageTrace Behavior ::run [ RunTime:0.000771s ]
INFO: [ view_end ] --END-- [ RunTime:0.000828s ]

[ 2014-10-18T22:32:27+08:00 ] 127.0.0.1 /base/admin.php/Md/query
INFO: [ route_check ] --START--
INFO: CheckRoute Behavior ::run [ RunTime:0.001058s ]
INFO: [ route_check ] --END-- [ RunTime:0.001148s ]
INFO: [ app_begin ] --START--
INFO: ReadHtmlCache Behavior ::run [ RunTime:0.000765s ]
INFO: [ app_begin ] --END-- [ RunTime:0.000827s ]
SQL: SHOW COLUMNS FROM `tb_u` [ RunTime:0.050009s ]
SQL: SELECT * FROM `tb_u` WHERE ( uid=1 ) LIMIT 1   [ RunTime:0.000451s ]
SQL: SHOW COLUMNS FROM `tb_md` [ RunTime:0.001566s ]
SQL: SELECT * FROM `tb_md` WHERE ( mdmk='Md' ) LIMIT 1   [ RunTime:0.000474s ]
SQL: SELECT * FROM `tb_u` WHERE ( uid=1 ) LIMIT 1   [ RunTime:0.000152s ]
SQL: SHOW COLUMNS FROM `tb_athmd` [ RunTime:0.001759s ]
SQL: SELECT * FROM `tb_athmd` WHERE ( f_athid=1 AND f_mdid=1 ) LIMIT 1   [ RunTime:0.000465s ]
NOTIC: [8] Undefined index: NBsqlstc C:\AppServ\www\base\admin\Lib\NB\NBAction.class.php 第 49 行.
NOTIC: [8] Undefined index: NBsqlstc C:\AppServ\www\base\admin\Lib\NB\NBAction.class.php 第 49 行.
NOTIC: [8] Undefined index: fld C:\AppServ\www\base\admin\Lib\NB\NBAction.class.php 第 133 行.
NOTIC: [8] Undefined index: fld C:\AppServ\www\base\admin\Lib\NB\NBAction.class.php 第 135 行.
NOTIC: [8] Undefined index: cdt C:\AppServ\www\base\admin\Lib\NB\NBAction.class.php 第 138 行.
NOTIC: [8] Undefined index: cdt C:\AppServ\www\base\admin\Lib\NB\NBAction.class.php 第 140 行.
NOTIC: [8] Undefined index: spccdt C:\AppServ\www\base\admin\Lib\NB\NBAction.class.php 第 143 行.
NOTIC: [8] Undefined index: spccdt C:\AppServ\www\base\admin\Lib\NB\NBAction.class.php 第 145 行.
NOTIC: [8] Undefined index: odr C:\AppServ\www\base\admin\Lib\NB\NBAction.class.php 第 148 行.
NOTIC: [8] Undefined index: odr C:\AppServ\www\base\admin\Lib\NB\NBAction.class.php 第 150 行.
NOTIC: [8] Undefined index: lmt C:\AppServ\www\base\admin\Lib\NB\NBAction.class.php 第 153 行.
NOTIC: [8] Undefined index: lmt C:\AppServ\www\base\admin\Lib\NB\NBAction.class.php 第 155 行.
NOTIC: [8] Undefined variable: odrpcd C:\AppServ\www\base\admin\Lib\NB\NBAction.class.php 第 33 行.
SQL: SELECT `mdid`,`mdmk`,`mdnm` FROM `tb_md` WHERE ( 1=1 ) ORDER BY mdid ASC  [ RunTime:0.000171s ]
NOTIC: [8] Undefined variable: sqlstc C:\AppServ\www\base\admin\Lib\NB\NBAction.class.php 第 195 行.
SQL: SELECT `mdid`,`mdmk`,`mdnm` FROM `tb_md` WHERE ( 1=1 ) ORDER BY mdid ASC LIMIT 0,20   [ RunTime:0.000226s ]
NOTIC: [8] Undefined variable: sqlstc C:\AppServ\www\base\admin\Lib\NB\NBAction.class.php 第 253 行.
INFO: [ view_parse ] --START--
INFO: ParseTemplate Behavior ::run [ RunTime:0.010740s ]
INFO: [ view_parse ] --END-- [ RunTime:0.010818s ]
INFO: [ view_filter ] --START--
INFO: ContentReplace Behavior ::run [ RunTime:0.000599s ]
INFO: TokenBuild Behavior ::run [ RunTime:0.000567s ]
INFO: WriteHtmlCache Behavior ::run [ RunTime:0.000437s ]
INFO: ShowRuntime Behavior ::run [ RunTime:0.000663s ]
INFO: [ view_filter ] --END-- [ RunTime:0.002446s ]
INFO: [ view_end ] --START--
INFO: ShowPageTrace Behavior ::run [ RunTime:0.000766s ]
INFO: [ view_end ] --END-- [ RunTime:0.000827s ]

[ 2014-10-18T22:32:28+08:00 ] 127.0.0.1 /base/admin.php/Md/gtxpg/x/vw/mdid/6
INFO: [ route_check ] --START--
INFO: CheckRoute Behavior ::run [ RunTime:0.000992s ]
INFO: [ route_check ] --END-- [ RunTime:0.001089s ]
INFO: [ app_begin ] --START--
INFO: ReadHtmlCache Behavior ::run [ RunTime:0.000738s ]
INFO: [ app_begin ] --END-- [ RunTime:0.000801s ]
SQL: SHOW COLUMNS FROM `tb_u` [ RunTime:0.001817s ]
SQL: SELECT * FROM `tb_u` WHERE ( uid=1 ) LIMIT 1   [ RunTime:0.000537s ]
SQL: SHOW COLUMNS FROM `tb_md` [ RunTime:0.001559s ]
SQL: SELECT * FROM `tb_md` WHERE ( mdmk='Md' ) LIMIT 1   [ RunTime:0.000462s ]
SQL: SELECT * FROM `tb_u` WHERE ( uid=1 ) LIMIT 1   [ RunTime:0.000146s ]
SQL: SHOW COLUMNS FROM `tb_athmd` [ RunTime:0.001996s ]
SQL: SELECT * FROM `tb_athmd` WHERE ( f_athid=1 AND f_mdid=1 ) LIMIT 1   [ RunTime:0.000520s ]
SQL: SELECT * FROM `tb_md` WHERE ( mdid=6 ) LIMIT 1   [ RunTime:0.000317s ]
INFO: [ view_parse ] --START--
INFO: ParseTemplate Behavior ::run [ RunTime:0.009164s ]
INFO: [ view_parse ] --END-- [ RunTime:0.009245s ]
INFO: [ view_filter ] --START--
INFO: ContentReplace Behavior ::run [ RunTime:0.000534s ]
INFO: TokenBuild Behavior ::run [ RunTime:0.000534s ]
INFO: WriteHtmlCache Behavior ::run [ RunTime:0.000365s ]
INFO: ShowRuntime Behavior ::run [ RunTime:0.000641s ]
INFO: [ view_filter ] --END-- [ RunTime:0.002233s ]
INFO: [ view_end ] --START--
INFO: ShowPageTrace Behavior ::run [ RunTime:0.000765s ]
INFO: [ view_end ] --END-- [ RunTime:0.000823s ]

[ 2014-10-18T22:32:30+08:00 ] 127.0.0.1 /base/admin.php/Md/gtxpg/x/updt/mdid/6
INFO: [ route_check ] --START--
INFO: CheckRoute Behavior ::run [ RunTime:0.000969s ]
INFO: [ route_check ] --END-- [ RunTime:0.001074s ]
INFO: [ app_begin ] --START--
INFO: ReadHtmlCache Behavior ::run [ RunTime:0.000720s ]
INFO: [ app_begin ] --END-- [ RunTime:0.000781s ]
SQL: SHOW COLUMNS FROM `tb_u` [ RunTime:0.001784s ]
SQL: SELECT * FROM `tb_u` WHERE ( uid=1 ) LIMIT 1   [ RunTime:0.000408s ]
SQL: SHOW COLUMNS FROM `tb_md` [ RunTime:0.001475s ]
SQL: SELECT * FROM `tb_md` WHERE ( mdmk='Md' ) LIMIT 1   [ RunTime:0.000510s ]
SQL: SELECT * FROM `tb_u` WHERE ( uid=1 ) LIMIT 1   [ RunTime:0.000139s ]
SQL: SHOW COLUMNS FROM `tb_athmd` [ RunTime:0.001614s ]
SQL: SELECT * FROM `tb_athmd` WHERE ( f_athid=1 AND f_mdid=1 ) LIMIT 1   [ RunTime:0.000629s ]
SQL: SELECT * FROM `tb_md` WHERE ( mdid=6 ) LIMIT 1   [ RunTime:0.000128s ]
INFO: [ view_parse ] --START--
INFO: ParseTemplate Behavior ::run [ RunTime:0.009359s ]
INFO: [ view_parse ] --END-- [ RunTime:0.009442s ]
INFO: [ view_filter ] --START--
INFO: ContentReplace Behavior ::run [ RunTime:0.000534s ]
INFO: TokenBuild Behavior ::run [ RunTime:0.000546s ]
INFO: WriteHtmlCache Behavior ::run [ RunTime:0.000367s ]
INFO: ShowRuntime Behavior ::run [ RunTime:0.000647s ]
INFO: [ view_filter ] --END-- [ RunTime:0.002254s ]
INFO: [ view_end ] --START--
INFO: ShowPageTrace Behavior ::run [ RunTime:0.000772s ]
INFO: [ view_end ] --END-- [ RunTime:0.000829s ]

[ 2014-10-18T22:36:33+08:00 ] 127.0.0.1 /base/admin.php/U/query
INFO: [ route_check ] --START--
INFO: CheckRoute Behavior ::run [ RunTime:0.001083s ]
INFO: [ route_check ] --END-- [ RunTime:0.001185s ]
INFO: [ app_begin ] --START--
INFO: ReadHtmlCache Behavior ::run [ RunTime:0.000675s ]
INFO: [ app_begin ] --END-- [ RunTime:0.000738s ]
SQL: SHOW COLUMNS FROM `tb_u` [ RunTime:0.001969s ]
SQL: SELECT * FROM `tb_u` WHERE ( uid=1 ) LIMIT 1   [ RunTime:0.000440s ]
SQL: SHOW COLUMNS FROM `tb_md` [ RunTime:0.001550s ]
SQL: SELECT * FROM `tb_md` WHERE ( mdmk='U' ) LIMIT 1   [ RunTime:0.000619s ]
SQL: SELECT * FROM `tb_u` WHERE ( uid=1 ) LIMIT 1   [ RunTime:0.000283s ]
SQL: SHOW COLUMNS FROM `tb_athmd` [ RunTime:0.001737s ]
SQL: SELECT * FROM `tb_athmd` WHERE ( f_athid=1 AND f_mdid=2 ) LIMIT 1   [ RunTime:0.001125s ]
NOTIC: [8] Undefined index: NBsqlstc C:\AppServ\www\base\admin\Lib\NB\NBAction.class.php 第 49 行.
NOTIC: [8] Undefined index: NBsqlstc C:\AppServ\www\base\admin\Lib\NB\NBAction.class.php 第 49 行.
NOTIC: [8] Undefined index: fld C:\AppServ\www\base\admin\Lib\NB\NBAction.class.php 第 133 行.
NOTIC: [8] Undefined index: fld C:\AppServ\www\base\admin\Lib\NB\NBAction.class.php 第 135 行.
NOTIC: [8] Undefined index: cdt C:\AppServ\www\base\admin\Lib\NB\NBAction.class.php 第 138 行.
NOTIC: [8] Undefined index: cdt C:\AppServ\www\base\admin\Lib\NB\NBAction.class.php 第 140 行.
NOTIC: [8] Undefined index: spccdt C:\AppServ\www\base\admin\Lib\NB\NBAction.class.php 第 143 行.
NOTIC: [8] Undefined index: spccdt C:\AppServ\www\base\admin\Lib\NB\NBAction.class.php 第 145 行.
NOTIC: [8] Undefined index: odr C:\AppServ\www\base\admin\Lib\NB\NBAction.class.php 第 148 行.
NOTIC: [8] Undefined index: odr C:\AppServ\www\base\admin\Lib\NB\NBAction.class.php 第 150 行.
NOTIC: [8] Undefined index: lmt C:\AppServ\www\base\admin\Lib\NB\NBAction.class.php 第 153 行.
NOTIC: [8] Undefined index: lmt C:\AppServ\www\base\admin\Lib\NB\NBAction.class.php 第 155 行.
NOTIC: [8] Undefined variable: odrpcd C:\AppServ\www\base\admin\Lib\NB\NBAction.class.php 第 33 行.
SQL: SELECT `uid`,`unm`,`athnm`,`uaddtm`,`umdftm` FROM `tb_u` LEFT JOIN tb_ath ON f_athid=athid WHERE ( 1=1 ) ORDER BY uaddtm DESC  [ RunTime:0.000543s ]
NOTIC: [8] Undefined variable: sqlstc C:\AppServ\www\base\admin\Lib\NB\NBAction.class.php 第 195 行.
SQL: SELECT `uid`,`unm`,`athnm`,`uaddtm`,`umdftm` FROM `tb_u` LEFT JOIN tb_ath ON f_athid=athid WHERE ( 1=1 ) ORDER BY uaddtm DESC LIMIT 0,20   [ RunTime:0.000465s ]
NOTIC: [8] Undefined variable: sqlstc C:\AppServ\www\base\admin\Lib\NB\NBAction.class.php 第 253 行.
SQL: SHOW COLUMNS FROM `tb_ath` [ RunTime:0.001803s ]
SQL: SELECT * FROM `tb_ath`  [ RunTime:0.000480s ]
INFO: [ view_parse ] --START--
INFO: ParseTemplate Behavior ::run [ RunTime:0.014364s ]
INFO: [ view_parse ] --END-- [ RunTime:0.014452s ]
INFO: [ view_filter ] --START--
INFO: ContentReplace Behavior ::run [ RunTime:0.000695s ]
INFO: TokenBuild Behavior ::run [ RunTime:0.000611s ]
INFO: WriteHtmlCache Behavior ::run [ RunTime:0.000401s ]
INFO: ShowRuntime Behavior ::run [ RunTime:0.000658s ]
INFO: [ view_filter ] --END-- [ RunTime:0.002529s ]
INFO: [ view_end ] --START--
INFO: ShowPageTrace Behavior ::run [ RunTime:0.001008s ]
INFO: [ view_end ] --END-- [ RunTime:0.001083s ]

[ 2014-10-18T22:36:37+08:00 ] 127.0.0.1 /base/admin.php/U/gtxpg/x/vw/uid/19
INFO: [ route_check ] --START--
INFO: CheckRoute Behavior ::run [ RunTime:0.000985s ]
INFO: [ route_check ] --END-- [ RunTime:0.001082s ]
INFO: [ app_begin ] --START--
INFO: ReadHtmlCache Behavior ::run [ RunTime:0.000596s ]
INFO: [ app_begin ] --END-- [ RunTime:0.000658s ]
SQL: SHOW COLUMNS FROM `tb_u` [ RunTime:0.001836s ]
SQL: SELECT * FROM `tb_u` WHERE ( uid=1 ) LIMIT 1   [ RunTime:0.000408s ]
SQL: SHOW COLUMNS FROM `tb_md` [ RunTime:0.001525s ]
SQL: SELECT * FROM `tb_md` WHERE ( mdmk='U' ) LIMIT 1   [ RunTime:0.000500s ]
SQL: SELECT * FROM `tb_u` WHERE ( uid=1 ) LIMIT 1   [ RunTime:0.000170s ]
SQL: SHOW COLUMNS FROM `tb_athmd` [ RunTime:0.001790s ]
SQL: SELECT * FROM `tb_athmd` WHERE ( f_athid=1 AND f_mdid=2 ) LIMIT 1   [ RunTime:0.000772s ]
SQL: SELECT * FROM `tb_u` LEFT JOIN tb_ath ON f_athid=athid WHERE ( uid=19 ) LIMIT 1   [ RunTime:0.000372s ]
INFO: [ view_parse ] --START--
INFO: ParseTemplate Behavior ::run [ RunTime:0.009929s ]
INFO: [ view_parse ] --END-- [ RunTime:0.010010s ]
INFO: [ view_filter ] --START--
INFO: ContentReplace Behavior ::run [ RunTime:0.000540s ]
INFO: TokenBuild Behavior ::run [ RunTime:0.000456s ]
INFO: WriteHtmlCache Behavior ::run [ RunTime:0.000381s ]
INFO: ShowRuntime Behavior ::run [ RunTime:0.000656s ]
INFO: [ view_filter ] --END-- [ RunTime:0.002203s ]
INFO: [ view_end ] --START--
INFO: ShowPageTrace Behavior ::run [ RunTime:0.000781s ]
INFO: [ view_end ] --END-- [ RunTime:0.000840s ]

[ 2014-10-18T22:36:39+08:00 ] 127.0.0.1 /base/admin.php/U/gtxpg/x/updt/uid/19
INFO: [ route_check ] --START--
INFO: CheckRoute Behavior ::run [ RunTime:0.001135s ]
INFO: [ route_check ] --END-- [ RunTime:0.001262s ]
INFO: [ app_begin ] --START--
INFO: ReadHtmlCache Behavior ::run [ RunTime:0.000646s ]
INFO: [ app_begin ] --END-- [ RunTime:0.000714s ]
SQL: SHOW COLUMNS FROM `tb_u` [ RunTime:0.001839s ]
SQL: SELECT * FROM `tb_u` WHERE ( uid=1 ) LIMIT 1   [ RunTime:0.000475s ]
SQL: SHOW COLUMNS FROM `tb_md` [ RunTime:0.001657s ]
SQL: SELECT * FROM `tb_md` WHERE ( mdmk='U' ) LIMIT 1   [ RunTime:0.000447s ]
SQL: SELECT * FROM `tb_u` WHERE ( uid=1 ) LIMIT 1   [ RunTime:0.000136s ]
SQL: SHOW COLUMNS FROM `tb_athmd` [ RunTime:0.001662s ]
SQL: SELECT * FROM `tb_athmd` WHERE ( f_athid=1 AND f_mdid=2 ) LIMIT 1   [ RunTime:0.000434s ]
SQL: SELECT * FROM `tb_u` LEFT JOIN tb_ath ON f_athid=athid WHERE ( uid=19 ) LIMIT 1   [ RunTime:0.000124s ]
SQL: SHOW COLUMNS FROM `tb_ath` [ RunTime:0.001547s ]
SQL: SELECT * FROM `tb_ath`  [ RunTime:0.000493s ]
INFO: [ view_parse ] --START--
INFO: ParseTemplate Behavior ::run [ RunTime:0.011438s ]
INFO: [ view_parse ] --END-- [ RunTime:0.011523s ]
INFO: [ view_filter ] --START--
INFO: ContentReplace Behavior ::run [ RunTime:0.000586s ]
INFO: TokenBuild Behavior ::run [ RunTime:0.000456s ]
INFO: WriteHtmlCache Behavior ::run [ RunTime:0.000376s ]
INFO: ShowRuntime Behavior ::run [ RunTime:0.000661s ]
INFO: [ view_filter ] --END-- [ RunTime:0.002239s ]
INFO: [ view_end ] --START--
INFO: ShowPageTrace Behavior ::run [ RunTime:0.000806s ]
INFO: [ view_end ] --END-- [ RunTime:0.000863s ]

[ 2014-10-18T22:36:41+08:00 ] 127.0.0.1 /base/admin.php/U/gtxpg/x/center
INFO: [ route_check ] --START--
INFO: CheckRoute Behavior ::run [ RunTime:0.001124s ]
INFO: [ route_check ] --END-- [ RunTime:0.001243s ]
INFO: [ app_begin ] --START--
INFO: ReadHtmlCache Behavior ::run [ RunTime:0.000613s ]
INFO: [ app_begin ] --END-- [ RunTime:0.000675s ]
SQL: SHOW COLUMNS FROM `tb_u` [ RunTime:0.042930s ]
SQL: SELECT * FROM `tb_u` WHERE ( uid=1 ) LIMIT 1   [ RunTime:0.000491s ]
SQL: SELECT * FROM `tb_u` LEFT JOIN tb_ath ON f_athid=athid WHERE ( uid=1 ) LIMIT 1   [ RunTime:0.000379s ]
INFO: [ view_parse ] --START--
INFO: ParseTemplate Behavior ::run [ RunTime:0.008870s ]
INFO: [ view_parse ] --END-- [ RunTime:0.008948s ]
INFO: [ view_filter ] --START--
INFO: ContentReplace Behavior ::run [ RunTime:0.000539s ]
INFO: TokenBuild Behavior ::run [ RunTime:0.000446s ]
INFO: WriteHtmlCache Behavior ::run [ RunTime:0.000366s ]
INFO: ShowRuntime Behavior ::run [ RunTime:0.000650s ]
INFO: [ view_filter ] --END-- [ RunTime:0.002161s ]
INFO: [ view_end ] --START--
INFO: ShowPageTrace Behavior ::run [ RunTime:0.000774s ]
INFO: [ view_end ] --END-- [ RunTime:0.000832s ]

[ 2014-10-18T22:36:43+08:00 ] 127.0.0.1 /base/admin.php/U/gtxpg/x/modify
INFO: [ route_check ] --START--
INFO: CheckRoute Behavior ::run [ RunTime:0.000954s ]
INFO: [ route_check ] --END-- [ RunTime:0.001052s ]
INFO: [ app_begin ] --START--
INFO: ReadHtmlCache Behavior ::run [ RunTime:0.000595s ]
INFO: [ app_begin ] --END-- [ RunTime:0.000655s ]
SQL: SHOW COLUMNS FROM `tb_u` [ RunTime:0.001762s ]
SQL: SELECT * FROM `tb_u` WHERE ( uid=1 ) LIMIT 1   [ RunTime:0.000383s ]
SQL: SELECT * FROM `tb_u` WHERE ( uid=1 ) LIMIT 1   [ RunTime:0.000133s ]
INFO: [ view_parse ] --START--
INFO: ParseTemplate Behavior ::run [ RunTime:0.011157s ]
INFO: [ view_parse ] --END-- [ RunTime:0.011242s ]
INFO: [ view_filter ] --START--
INFO: ContentReplace Behavior ::run [ RunTime:0.000576s ]
INFO: TokenBuild Behavior ::run [ RunTime:0.000509s ]
INFO: WriteHtmlCache Behavior ::run [ RunTime:0.000447s ]
INFO: ShowRuntime Behavior ::run [ RunTime:0.000656s ]
INFO: [ view_filter ] --END-- [ RunTime:0.002368s ]
INFO: [ view_end ] --START--
INFO: ShowPageTrace Behavior ::run [ RunTime:0.000773s ]
INFO: [ view_end ] --END-- [ RunTime:0.000831s ]

[ 2014-10-18T22:36:46+08:00 ] 127.0.0.1 /base/admin.php/U/gtxpg/x/modifypw
INFO: [ route_check ] --START--
INFO: CheckRoute Behavior ::run [ RunTime:0.000986s ]
INFO: [ route_check ] --END-- [ RunTime:0.001088s ]
INFO: [ app_begin ] --START--
INFO: ReadHtmlCache Behavior ::run [ RunTime:0.000685s ]
INFO: [ app_begin ] --END-- [ RunTime:0.000750s ]
SQL: SHOW COLUMNS FROM `tb_u` [ RunTime:0.002360s ]
SQL: SELECT * FROM `tb_u` WHERE ( uid=1 ) LIMIT 1   [ RunTime:0.000596s ]
SQL: SELECT * FROM `tb_u` WHERE ( uid=1 ) LIMIT 1   [ RunTime:0.000152s ]
INFO: [ view_parse ] --START--
INFO: ParseTemplate Behavior ::run [ RunTime:0.009548s ]
INFO: [ view_parse ] --END-- [ RunTime:0.009637s ]
INFO: [ view_filter ] --START--
INFO: ContentReplace Behavior ::run [ RunTime:0.000639s ]
INFO: TokenBuild Behavior ::run [ RunTime:0.000616s ]
INFO: WriteHtmlCache Behavior ::run [ RunTime:0.000461s ]
INFO: ShowRuntime Behavior ::run [ RunTime:0.000681s ]
INFO: [ view_filter ] --END-- [ RunTime:0.002603s ]
INFO: [ view_end ] --START--
INFO: ShowPageTrace Behavior ::run [ RunTime:0.000806s ]
INFO: [ view_end ] --END-- [ RunTime:0.000870s ]

