[ 2014-10-14T21:32:30+08:00 ] 127.0.0.1 /base/admin.php/
INFO: [ route_check ] --START--
INFO: CheckRoute Behavior ::run [ RunTime:0.001209s ]
INFO: [ route_check ] --END-- [ RunTime:0.001312s ]
INFO: [ app_begin ] --START--
INFO: ReadHtmlCache Behavior ::run [ RunTime:0.000724s ]
INFO: [ app_begin ] --END-- [ RunTime:0.000786s ]
SQL: SHOW COLUMNS FROM `tb_u` [ RunTime:0.015569s ]
SQL: SELECT * FROM `tb_u` WHERE ( uid=1 ) LIMIT 1   [ RunTime:0.000515s ]
SQL: SELECT * FROM `tb_u` WHERE ( uid=1 ) LIMIT 1   [ RunTime:0.000203s ]
SQL: SHOW COLUMNS FROM `tb_athmd` [ RunTime:0.001941s ]
SQL: SELECT * FROM `tb_athmd` LEFT JOIN tb_md ON f_mdid=mdid WHERE ( f_athid=1 AND q='y' )  [ RunTime:0.000712s ]
INFO: [ view_parse ] --START--
INFO: ParseTemplate Behavior ::run [ RunTime:0.012425s ]
INFO: [ view_parse ] --END-- [ RunTime:0.012510s ]
INFO: [ view_filter ] --START--
INFO: ContentReplace Behavior ::run [ RunTime:0.000532s ]
INFO: TokenBuild Behavior ::run [ RunTime:0.000582s ]
INFO: WriteHtmlCache Behavior ::run [ RunTime:0.000456s ]
INFO: ShowRuntime Behavior ::run [ RunTime:0.000658s ]
INFO: [ view_filter ] --END-- [ RunTime:0.002392s ]
INFO: [ view_end ] --START--
INFO: ShowPageTrace Behavior ::run [ RunTime:0.000777s ]
INFO: [ view_end ] --END-- [ RunTime:0.000834s ]

[ 2014-10-14T21:32:33+08:00 ] 127.0.0.1 /base/admin.php/U/loginout
INFO: [ route_check ] --START--
INFO: CheckRoute Behavior ::run [ RunTime:0.000988s ]
INFO: [ route_check ] --END-- [ RunTime:0.001085s ]
INFO: [ app_begin ] --START--
INFO: ReadHtmlCache Behavior ::run [ RunTime:0.000720s ]
INFO: [ app_begin ] --END-- [ RunTime:0.000773s ]

[ 2014-10-14T21:32:34+08:00 ] 127.0.0.1 /base/admin.php
INFO: [ app_begin ] --START--
INFO: ReadHtmlCache Behavior ::run [ RunTime:0.000954s ]
INFO: [ app_begin ] --END-- [ RunTime:0.001069s ]
INFO: [ view_parse ] --START--
INFO: ParseTemplate Behavior ::run [ RunTime:0.056252s ]
INFO: [ view_parse ] --END-- [ RunTime:0.056396s ]
INFO: [ view_filter ] --START--
INFO: ContentReplace Behavior ::run [ RunTime:0.000646s ]
INFO: TokenBuild Behavior ::run [ RunTime:0.000608s ]
INFO: WriteHtmlCache Behavior ::run [ RunTime:0.000463s ]
INFO: ShowRuntime Behavior ::run [ RunTime:0.000754s ]
INFO: [ view_filter ] --END-- [ RunTime:0.002702s ]
INFO: [ view_end ] --START--
INFO: ShowPageTrace Behavior ::run [ RunTime:0.000853s ]
INFO: [ view_end ] --END-- [ RunTime:0.000911s ]

[ 2014-10-14T21:32:39+08:00 ] 127.0.0.1 /base/admin.php/U/loginin
INFO: [ route_check ] --START--
INFO: CheckRoute Behavior ::run [ RunTime:0.000921s ]
INFO: [ route_check ] --END-- [ RunTime:0.001015s ]
INFO: [ app_begin ] --START--
INFO: ReadHtmlCache Behavior ::run [ RunTime:0.000714s ]
INFO: [ app_begin ] --END-- [ RunTime:0.000767s ]
SQL: SHOW COLUMNS FROM `tb_u` [ RunTime:0.002081s ]
SQL: SELECT * FROM `tb_u` WHERE ( unm='admin' ) LIMIT 1   [ RunTime:0.000535s ]
SQL: SELECT * FROM `tb_u` WHERE ( unm='admin' AND upw='111' ) LIMIT 1   [ RunTime:0.000222s ]
SQL: SELECT * FROM `tb_u` WHERE ( unm='admin' AND upw='111' ) LIMIT 1   [ RunTime:0.000152s ]

[ 2014-10-14T21:32:39+08:00 ] 127.0.0.1 /base/admin.php
INFO: [ app_begin ] --START--
INFO: ReadHtmlCache Behavior ::run [ RunTime:0.001274s ]
INFO: [ app_begin ] --END-- [ RunTime:0.001417s ]
SQL: SHOW COLUMNS FROM `tb_u` [ RunTime:0.001766s ]
SQL: SELECT * FROM `tb_u` WHERE ( uid=1 ) LIMIT 1   [ RunTime:0.000365s ]
SQL: SELECT * FROM `tb_u` WHERE ( uid=1 ) LIMIT 1   [ RunTime:0.000118s ]
SQL: SHOW COLUMNS FROM `tb_athmd` [ RunTime:0.001558s ]
SQL: SELECT * FROM `tb_athmd` LEFT JOIN tb_md ON f_mdid=mdid WHERE ( f_athid=1 AND q='y' )  [ RunTime:0.000430s ]
INFO: [ view_parse ] --START--
INFO: ParseTemplate Behavior ::run [ RunTime:0.010266s ]
INFO: [ view_parse ] --END-- [ RunTime:0.010368s ]
INFO: [ view_filter ] --START--
INFO: ContentReplace Behavior ::run [ RunTime:0.000498s ]
INFO: TokenBuild Behavior ::run [ RunTime:0.000582s ]
INFO: WriteHtmlCache Behavior ::run [ RunTime:0.000454s ]
INFO: ShowRuntime Behavior ::run [ RunTime:0.000676s ]
INFO: [ view_filter ] --END-- [ RunTime:0.002403s ]
INFO: [ view_end ] --START--
INFO: ShowPageTrace Behavior ::run [ RunTime:0.000774s ]
INFO: [ view_end ] --END-- [ RunTime:0.000831s ]

[ 2014-10-14T21:32:41+08:00 ] 127.0.0.1 /base/admin.php/U/gtxpg/x/center
INFO: [ route_check ] --START--
INFO: CheckRoute Behavior ::run [ RunTime:0.000958s ]
INFO: [ route_check ] --END-- [ RunTime:0.001053s ]
INFO: [ app_begin ] --START--
INFO: ReadHtmlCache Behavior ::run [ RunTime:0.000719s ]
INFO: [ app_begin ] --END-- [ RunTime:0.000780s ]
SQL: SHOW COLUMNS FROM `tb_u` [ RunTime:0.001687s ]
SQL: SELECT * FROM `tb_u` WHERE ( uid=1 ) LIMIT 1   [ RunTime:0.000647s ]
SQL: SELECT * FROM `tb_u` LEFT JOIN tb_ath ON f_athid=athid WHERE ( uid=1 ) LIMIT 1   [ RunTime:0.000593s ]
INFO: [ view_parse ] --START--
INFO: ParseTemplate Behavior ::run [ RunTime:0.011647s ]
INFO: [ view_parse ] --END-- [ RunTime:0.011732s ]
INFO: [ view_filter ] --START--
INFO: ContentReplace Behavior ::run [ RunTime:0.000488s ]
INFO: TokenBuild Behavior ::run [ RunTime:0.000567s ]
INFO: WriteHtmlCache Behavior ::run [ RunTime:0.000452s ]
INFO: ShowRuntime Behavior ::run [ RunTime:0.000643s ]
INFO: [ view_filter ] --END-- [ RunTime:0.002314s ]
INFO: [ view_end ] --START--
INFO: ShowPageTrace Behavior ::run [ RunTime:0.000769s ]
INFO: [ view_end ] --END-- [ RunTime:0.000827s ]

[ 2014-10-14T21:32:42+08:00 ] 127.0.0.1 /base/admin.php
INFO: [ app_begin ] --START--
INFO: ReadHtmlCache Behavior ::run [ RunTime:0.000742s ]
INFO: [ app_begin ] --END-- [ RunTime:0.000831s ]
SQL: SHOW COLUMNS FROM `tb_u` [ RunTime:0.001756s ]
SQL: SELECT * FROM `tb_u` WHERE ( uid=1 ) LIMIT 1   [ RunTime:0.000847s ]
SQL: SELECT * FROM `tb_u` WHERE ( uid=1 ) LIMIT 1   [ RunTime:0.000302s ]
SQL: SHOW COLUMNS FROM `tb_athmd` [ RunTime:0.001838s ]
SQL: SELECT * FROM `tb_athmd` LEFT JOIN tb_md ON f_mdid=mdid WHERE ( f_athid=1 AND q='y' )  [ RunTime:0.000501s ]
INFO: [ view_parse ] --START--
INFO: ParseTemplate Behavior ::run [ RunTime:0.009716s ]
INFO: [ view_parse ] --END-- [ RunTime:0.009806s ]
INFO: [ view_filter ] --START--
INFO: ContentReplace Behavior ::run [ RunTime:0.000473s ]
INFO: TokenBuild Behavior ::run [ RunTime:0.000566s ]
INFO: WriteHtmlCache Behavior ::run [ RunTime:0.000485s ]
INFO: ShowRuntime Behavior ::run [ RunTime:0.000712s ]
INFO: [ view_filter ] --END-- [ RunTime:0.002439s ]
INFO: [ view_end ] --START--
INFO: ShowPageTrace Behavior ::run [ RunTime:0.000887s ]
INFO: [ view_end ] --END-- [ RunTime:0.000966s ]

[ 2014-10-14T21:32:44+08:00 ] 127.0.0.1 /base/admin.php/Md/query
INFO: [ route_check ] --START--
INFO: CheckRoute Behavior ::run [ RunTime:0.000925s ]
INFO: [ route_check ] --END-- [ RunTime:0.001020s ]
INFO: [ app_begin ] --START--
INFO: ReadHtmlCache Behavior ::run [ RunTime:0.000726s ]
INFO: [ app_begin ] --END-- [ RunTime:0.000786s ]
SQL: SHOW COLUMNS FROM `tb_u` [ RunTime:0.001795s ]
SQL: SELECT * FROM `tb_u` WHERE ( uid=1 ) LIMIT 1   [ RunTime:0.000361s ]
SQL: SHOW COLUMNS FROM `tb_md` [ RunTime:0.001446s ]
SQL: SELECT * FROM `tb_md` WHERE ( mdmk='Md' ) LIMIT 1   [ RunTime:0.000544s ]
SQL: SELECT * FROM `tb_u` WHERE ( uid=1 ) LIMIT 1   [ RunTime:0.000284s ]
SQL: SHOW COLUMNS FROM `tb_athmd` [ RunTime:0.001847s ]
SQL: SELECT * FROM `tb_athmd` WHERE ( f_athid=1 AND f_mdid=1 ) LIMIT 1   [ RunTime:0.000564s ]
NOTIC: [8] Undefined index: NBsqlstc C:\AppServ\www\base\admin\Lib\NB\NBAction.class.php Á¨¨ 49 Ë°å.
NOTIC: [8] Undefined index: NBsqlstc C:\AppServ\www\base\admin\Lib\NB\NBAction.class.php Á¨¨ 49 Ë°å.
NOTIC: [8] Undefined index: fld C:\AppServ\www\base\admin\Lib\NB\NBAction.class.php Á¨¨ 133 Ë°å.
NOTIC: [8] Undefined index: fld C:\AppServ\www\base\admin\Lib\NB\NBAction.class.php Á¨¨ 135 Ë°å.
NOTIC: [8] Undefined index: cdt C:\AppServ\www\base\admin\Lib\NB\NBAction.class.php Á¨¨ 138 Ë°å.
NOTIC: [8] Undefined index: cdt C:\AppServ\www\base\admin\Lib\NB\NBAction.class.php Á¨¨ 140 Ë°å.
NOTIC: [8] Undefined index: spccdt C:\AppServ\www\base\admin\Lib\NB\NBAction.class.php Á¨¨ 143 Ë°å.
NOTIC: [8] Undefined index: spccdt C:\AppServ\www\base\admin\Lib\NB\NBAction.class.php Á¨¨ 145 Ë°å.
NOTIC: [8] Undefined index: odr C:\AppServ\www\base\admin\Lib\NB\NBAction.class.php Á¨¨ 148 Ë°å.
NOTIC: [8] Undefined index: odr C:\AppServ\www\base\admin\Lib\NB\NBAction.class.php Á¨¨ 150 Ë°å.
NOTIC: [8] Undefined index: lmt C:\AppServ\www\base\admin\Lib\NB\NBAction.class.php Á¨¨ 153 Ë°å.
NOTIC: [8] Undefined index: lmt C:\AppServ\www\base\admin\Lib\NB\NBAction.class.php Á¨¨ 155 Ë°å.
NOTIC: [8] Undefined variable: odrpcd C:\AppServ\www\base\admin\Lib\NB\NBAction.class.php Á¨¨ 33 Ë°å.
SQL: SELECT `mdid`,`mdmk`,`mdnm` FROM `tb_md` WHERE ( 1=1 ) ORDER BY mdid ASC  [ RunTime:0.000463s ]
NOTIC: [8] Undefined variable: sqlstc C:\AppServ\www\base\admin\Lib\NB\NBAction.class.php Á¨¨ 195 Ë°å.
SQL: SELECT `mdid`,`mdmk`,`mdnm` FROM `tb_md` WHERE ( 1=1 ) ORDER BY mdid ASC LIMIT 0,20   [ RunTime:0.000391s ]
NOTIC: [8] Undefined variable: sqlstc C:\AppServ\www\base\admin\Lib\NB\NBAction.class.php Á¨¨ 253 Ë°å.
INFO: [ view_parse ] --START--
INFO: ParseTemplate Behavior ::run [ RunTime:0.023307s ]
INFO: [ view_parse ] --END-- [ RunTime:0.023405s ]
INFO: [ view_filter ] --START--
INFO: ContentReplace Behavior ::run [ RunTime:0.000641s ]
INFO: TokenBuild Behavior ::run [ RunTime:0.000698s ]
INFO: WriteHtmlCache Behavior ::run [ RunTime:0.000466s ]
INFO: ShowRuntime Behavior ::run [ RunTime:0.000653s ]
INFO: [ view_filter ] --END-- [ RunTime:0.002644s ]
INFO: [ view_end ] --START--
INFO: ShowPageTrace Behavior ::run [ RunTime:0.000772s ]
INFO: [ view_end ] --END-- [ RunTime:0.000830s ]

[ 2014-10-14T23:53:14+08:00 ] 127.0.0.1 /base/admin.php/
INFO: [ route_check ] --START--
INFO: CheckRoute Behavior ::run [ RunTime:0.000863s ]
INFO: [ route_check ] --END-- [ RunTime:0.000943s ]
INFO: [ app_begin ] --START--
INFO: ReadHtmlCache Behavior ::run [ RunTime:0.000496s ]
INFO: [ app_begin ] --END-- [ RunTime:0.000548s ]
SQL: SHOW COLUMNS FROM `tb_u` [ RunTime:0.002350s ]
SQL: SELECT * FROM `tb_u` WHERE ( uid=1 ) LIMIT 1   [ RunTime:0.000569s ]
SQL: SELECT * FROM `tb_u` WHERE ( uid=1 ) LIMIT 1   [ RunTime:0.000142s ]
SQL: SHOW COLUMNS FROM `tb_athmd` [ RunTime:0.002463s ]
SQL: SELECT * FROM `tb_athmd` LEFT JOIN tb_md ON f_mdid=mdid WHERE ( f_athid=1 AND q='y' )  [ RunTime:0.000686s ]
INFO: [ view_parse ] --START--
INFO: ParseTemplate Behavior ::run [ RunTime:0.014125s ]
INFO: [ view_parse ] --END-- [ RunTime:0.014234s ]
INFO: [ view_filter ] --START--
INFO: ContentReplace Behavior ::run [ RunTime:0.000734s ]
INFO: TokenBuild Behavior ::run [ RunTime:0.000772s ]
INFO: WriteHtmlCache Behavior ::run [ RunTime:0.000552s ]
INFO: ShowRuntime Behavior ::run [ RunTime:0.000804s ]
INFO: [ view_filter ] --END-- [ RunTime:0.003091s ]
INFO: [ view_end ] --START--
INFO: ShowPageTrace Behavior ::run [ RunTime:0.001218s ]
INFO: [ view_end ] --END-- [ RunTime:0.001308s ]

[ 2014-10-14T23:53:39+08:00 ] 127.0.0.1 /base/admin.php/U/loginout
INFO: [ route_check ] --START--
INFO: CheckRoute Behavior ::run [ RunTime:0.000868s ]
INFO: [ route_check ] --END-- [ RunTime:0.000949s ]
INFO: [ app_begin ] --START--
INFO: ReadHtmlCache Behavior ::run [ RunTime:0.000493s ]
INFO: [ app_begin ] --END-- [ RunTime:0.000541s ]

[ 2014-10-14T23:53:40+08:00 ] 127.0.0.1 /base/admin.php
INFO: [ app_begin ] --START--
INFO: ReadHtmlCache Behavior ::run [ RunTime:0.000743s ]
INFO: [ app_begin ] --END-- [ RunTime:0.000854s ]
INFO: [ view_parse ] --START--
INFO: ParseTemplate Behavior ::run [ RunTime:0.009562s ]
INFO: [ view_parse ] --END-- [ RunTime:0.009685s ]
INFO: [ view_filter ] --START--
INFO: ContentReplace Behavior ::run [ RunTime:0.000672s ]
INFO: TokenBuild Behavior ::run [ RunTime:0.000682s ]
INFO: WriteHtmlCache Behavior ::run [ RunTime:0.000538s ]
INFO: ShowRuntime Behavior ::run [ RunTime:0.000798s ]
INFO: [ view_filter ] --END-- [ RunTime:0.002946s ]
INFO: [ view_end ] --START--
INFO: ShowPageTrace Behavior ::run [ RunTime:0.000999s ]
INFO: [ view_end ] --END-- [ RunTime:0.001074s ]

[ 2014-10-14T23:54:15+08:00 ] 127.0.0.1 /base/admin.php/U/gtxpg/x/regist
INFO: [ route_check ] --START--
INFO: CheckRoute Behavior ::run [ RunTime:0.001288s ]
INFO: [ route_check ] --END-- [ RunTime:0.001407s ]
INFO: [ app_begin ] --START--
INFO: ReadHtmlCache Behavior ::run [ RunTime:0.000799s ]
INFO: [ app_begin ] --END-- [ RunTime:0.000878s ]
SQL: SHOW COLUMNS FROM `tb_u` [ RunTime:0.002519s ]
SQL: SELECT * FROM `tb_u` WHERE ( uid= ) LIMIT 1   [ RunTime:0.000555s ]
ERR: 1064:You have an error in your SQL syntax; check the manual that corresponds to your MySQL server version for the right syntax to use near ') LIMIT 1' at line 1
 [ SQLËØ≠Âè• ] : SELECT * FROM `tb_u` WHERE ( uid= ) LIMIT 1  
INFO: [ view_parse ] --START--
NOTIC: [8] Undefined index: unm C:\AppServ\www\base\admin\Runtime\Cache\2f3fae263a23e9b4828626ce4c1279f1.php Á¨¨ 46 Ë°å.
NOTIC: [8] Undefined index: upw C:\AppServ\www\base\admin\Runtime\Cache\2f3fae263a23e9b4828626ce4c1279f1.php Á¨¨ 47 Ë°å.
NOTIC: [8] Undefined index: upw C:\AppServ\www\base\admin\Runtime\Cache\2f3fae263a23e9b4828626ce4c1279f1.php Á¨¨ 48 Ë°å.
INFO: ParseTemplate Behavior ::run [ RunTime:0.056889s ]
INFO: [ view_parse ] --END-- [ RunTime:0.056996s ]
INFO: [ view_filter ] --START--
INFO: ContentReplace Behavior ::run [ RunTime:0.000568s ]
INFO: TokenBuild Behavior ::run [ RunTime:0.000492s ]
INFO: WriteHtmlCache Behavior ::run [ RunTime:0.000374s ]
INFO: ShowRuntime Behavior ::run [ RunTime:0.000546s ]
INFO: [ view_filter ] --END-- [ RunTime:0.002135s ]
INFO: [ view_end ] --START--
INFO: ShowPageTrace Behavior ::run [ RunTime:0.000678s ]
INFO: [ view_end ] --END-- [ RunTime:0.000728s ]

[ 2014-10-14T23:55:15+08:00 ] 127.0.0.1 /base/admin.php/U/regist
INFO: [ route_check ] --START--
INFO: CheckRoute Behavior ::run [ RunTime:0.001044s ]
INFO: [ route_check ] --END-- [ RunTime:0.001125s ]
INFO: [ app_begin ] --START--
INFO: ReadHtmlCache Behavior ::run [ RunTime:0.000742s ]
INFO: [ app_begin ] --END-- [ RunTime:0.000799s ]
NOTIC: [8] Undefined index: uid C:\AppServ\www\base\admin\Lib\Action\UAction.class.php Á¨¨ 45 Ë°å.
SQL: SHOW COLUMNS FROM `tb_u` [ RunTime:0.002257s ]
SQL: SELECT * FROM `tb_u` WHERE ( unm='Âº†ÂõΩÁ´ã' ) LIMIT 1   [ RunTime:0.066442s ]
SQL: INSERT INTO `tb_u` (`unm`,`upw`,`upt`,`f_athid`,`uaddtm`,`umdftm`) VALUES ('Âº†ÂõΩÁ´\ã','111','/base/Public/IMG/default.jpg',0,'2014-10-14 23:55:14','2014-10-14 23:55:14') [ RunTime:0.044099s ]

[ 2014-10-14T23:55:16+08:00 ] 127.0.0.1 /base/admin.php
INFO: [ app_begin ] --START--
INFO: ReadHtmlCache Behavior ::run [ RunTime:0.001079s ]
INFO: [ app_begin ] --END-- [ RunTime:0.001196s ]
INFO: [ view_parse ] --START--
INFO: ParseTemplate Behavior ::run [ RunTime:0.008851s ]
INFO: [ view_parse ] --END-- [ RunTime:0.008963s ]
INFO: [ view_filter ] --START--
INFO: ContentReplace Behavior ::run [ RunTime:0.000552s ]
INFO: TokenBuild Behavior ::run [ RunTime:0.000482s ]
INFO: WriteHtmlCache Behavior ::run [ RunTime:0.000325s ]
INFO: ShowRuntime Behavior ::run [ RunTime:0.000542s ]
INFO: [ view_filter ] --END-- [ RunTime:0.002092s ]
INFO: [ view_end ] --START--
INFO: ShowPageTrace Behavior ::run [ RunTime:0.000680s ]
INFO: [ view_end ] --END-- [ RunTime:0.000728s ]

[ 2014-10-14T23:55:21+08:00 ] 127.0.0.1 /base/admin.php/U/loginin
INFO: [ route_check ] --START--
INFO: CheckRoute Behavior ::run [ RunTime:0.001243s ]
INFO: [ route_check ] --END-- [ RunTime:0.001344s ]
INFO: [ app_begin ] --START--
INFO: ReadHtmlCache Behavior ::run [ RunTime:0.000639s ]
INFO: [ app_begin ] --END-- [ RunTime:0.000686s ]
SQL: SHOW COLUMNS FROM `tb_u` [ RunTime:0.002298s ]
SQL: SELECT * FROM `tb_u` WHERE ( unm='Âº†ÂõΩÁ´ã' ) LIMIT 1   [ RunTime:0.000603s ]
SQL: SELECT * FROM `tb_u` WHERE ( unm='Âº†ÂõΩÁ´ã' AND upw='111' ) LIMIT 1   [ RunTime:0.000253s ]
SQL: SELECT * FROM `tb_u` WHERE ( unm='Âº†ÂõΩÁ´ã' AND upw='111' ) LIMIT 1   [ RunTime:0.000133s ]

[ 2014-10-14T23:55:21+08:00 ] 127.0.0.1 /base/admin.php
INFO: [ app_begin ] --START--
INFO: ReadHtmlCache Behavior ::run [ RunTime:0.000638s ]
INFO: [ app_begin ] --END-- [ RunTime:0.000717s ]
SQL: SHOW COLUMNS FROM `tb_u` [ RunTime:0.002161s ]
SQL: SELECT * FROM `tb_u` WHERE ( uid=50 ) LIMIT 1   [ RunTime:0.000618s ]
SQL: SELECT * FROM `tb_u` WHERE ( uid=50 ) LIMIT 1   [ RunTime:0.000148s ]
SQL: SHOW COLUMNS FROM `tb_athmd` [ RunTime:0.001624s ]
SQL: SELECT * FROM `tb_athmd` LEFT JOIN tb_md ON f_mdid=mdid WHERE ( f_athid=0 AND q='y' )  [ RunTime:0.000920s ]
INFO: [ view_parse ] --START--
INFO: ParseTemplate Behavior ::run [ RunTime:0.013029s ]
INFO: [ view_parse ] --END-- [ RunTime:0.013145s ]
INFO: [ view_filter ] --START--
INFO: ContentReplace Behavior ::run [ RunTime:0.000493s ]
INFO: TokenBuild Behavior ::run [ RunTime:0.000482s ]
INFO: WriteHtmlCache Behavior ::run [ RunTime:0.000304s ]
INFO: ShowRuntime Behavior ::run [ RunTime:0.000546s ]
INFO: [ view_filter ] --END-- [ RunTime:0.001989s ]
INFO: [ view_end ] --START--
INFO: ShowPageTrace Behavior ::run [ RunTime:0.000675s ]
INFO: [ view_end ] --END-- [ RunTime:0.000722s ]

[ 2014-10-14T23:55:23+08:00 ] 127.0.0.1 /base/admin.php/U/gtxpg/x/center
INFO: [ route_check ] --START--
INFO: CheckRoute Behavior ::run [ RunTime:0.001274s ]
INFO: [ route_check ] --END-- [ RunTime:0.001385s ]
INFO: [ app_begin ] --START--
INFO: ReadHtmlCache Behavior ::run [ RunTime:0.000905s ]
INFO: [ app_begin ] --END-- [ RunTime:0.000984s ]
SQL: SHOW COLUMNS FROM `tb_u` [ RunTime:0.002657s ]
SQL: SELECT * FROM `tb_u` WHERE ( uid=50 ) LIMIT 1   [ RunTime:0.000716s ]
SQL: SELECT * FROM `tb_u` LEFT JOIN tb_ath ON f_athid=athid WHERE ( uid=50 ) LIMIT 1   [ RunTime:0.000510s ]
INFO: [ view_parse ] --START--
INFO: ParseTemplate Behavior ::run [ RunTime:0.009119s ]
INFO: [ view_parse ] --END-- [ RunTime:0.009205s ]
INFO: [ view_filter ] --START--
INFO: ContentReplace Behavior ::run [ RunTime:0.000502s ]
INFO: TokenBuild Behavior ::run [ RunTime:0.000699s ]
INFO: WriteHtmlCache Behavior ::run [ RunTime:0.000478s ]
INFO: ShowRuntime Behavior ::run [ RunTime:0.000921s ]
INFO: [ view_filter ] --END-- [ RunTime:0.002818s ]
INFO: [ view_end ] --START--
INFO: ShowPageTrace Behavior ::run [ RunTime:0.000727s ]
INFO: [ view_end ] --END-- [ RunTime:0.000789s ]

[ 2014-10-14T23:56:14+08:00 ] 127.0.0.1 /base/admin.php/U/loginout
INFO: [ route_check ] --START--
INFO: CheckRoute Behavior ::run [ RunTime:0.000868s ]
INFO: [ route_check ] --END-- [ RunTime:0.000987s ]
INFO: [ app_begin ] --START--
INFO: ReadHtmlCache Behavior ::run [ RunTime:0.000617s ]
INFO: [ app_begin ] --END-- [ RunTime:0.000666s ]

[ 2014-10-14T23:56:15+08:00 ] 127.0.0.1 /base/admin.php
INFO: [ app_begin ] --START--
INFO: ReadHtmlCache Behavior ::run [ RunTime:0.000935s ]
INFO: [ app_begin ] --END-- [ RunTime:0.001043s ]
INFO: [ view_parse ] --START--
INFO: ParseTemplate Behavior ::run [ RunTime:0.009333s ]
INFO: [ view_parse ] --END-- [ RunTime:0.009427s ]
INFO: [ view_filter ] --START--
INFO: ContentReplace Behavior ::run [ RunTime:0.000476s ]
INFO: TokenBuild Behavior ::run [ RunTime:0.000493s ]
INFO: WriteHtmlCache Behavior ::run [ RunTime:0.000292s ]
INFO: ShowRuntime Behavior ::run [ RunTime:0.000550s ]
INFO: [ view_filter ] --END-- [ RunTime:0.001983s ]
INFO: [ view_end ] --START--
INFO: ShowPageTrace Behavior ::run [ RunTime:0.000679s ]
INFO: [ view_end ] --END-- [ RunTime:0.000727s ]

[ 2014-10-14T23:56:20+08:00 ] 127.0.0.1 /base/admin.php/U/loginin
INFO: [ route_check ] --START--
INFO: CheckRoute Behavior ::run [ RunTime:0.001271s ]
INFO: [ route_check ] --END-- [ RunTime:0.001378s ]
INFO: [ app_begin ] --START--
INFO: ReadHtmlCache Behavior ::run [ RunTime:0.000920s ]
INFO: [ app_begin ] --END-- [ RunTime:0.000991s ]
SQL: SHOW COLUMNS FROM `tb_u` [ RunTime:0.002170s ]
SQL: SELECT * FROM `tb_u` WHERE ( unm='admin' ) LIMIT 1   [ RunTime:0.000731s ]
SQL: SELECT * FROM `tb_u` WHERE ( unm='admin' AND upw='111' ) LIMIT 1   [ RunTime:0.000245s ]
SQL: SELECT * FROM `tb_u` WHERE ( unm='admin' AND upw='111' ) LIMIT 1   [ RunTime:0.000154s ]

[ 2014-10-14T23:56:20+08:00 ] 127.0.0.1 /base/admin.php
INFO: [ app_begin ] --START--
INFO: ReadHtmlCache Behavior ::run [ RunTime:0.000927s ]
INFO: [ app_begin ] --END-- [ RunTime:0.001040s ]
SQL: SHOW COLUMNS FROM `tb_u` [ RunTime:0.002388s ]
SQL: SELECT * FROM `tb_u` WHERE ( uid=1 ) LIMIT 1   [ RunTime:0.000631s ]
SQL: SELECT * FROM `tb_u` WHERE ( uid=1 ) LIMIT 1   [ RunTime:0.000157s ]
SQL: SHOW COLUMNS FROM `tb_athmd` [ RunTime:0.002131s ]
SQL: SELECT * FROM `tb_athmd` LEFT JOIN tb_md ON f_mdid=mdid WHERE ( f_athid=1 AND q='y' )  [ RunTime:0.000666s ]
INFO: [ view_parse ] --START--
INFO: ParseTemplate Behavior ::run [ RunTime:0.010364s ]
INFO: [ view_parse ] --END-- [ RunTime:0.010457s ]
INFO: [ view_filter ] --START--
INFO: ContentReplace Behavior ::run [ RunTime:0.000488s ]
INFO: TokenBuild Behavior ::run [ RunTime:0.000484s ]
INFO: WriteHtmlCache Behavior ::run [ RunTime:0.000292s ]
INFO: ShowRuntime Behavior ::run [ RunTime:0.000545s ]
INFO: [ view_filter ] --END-- [ RunTime:0.001987s ]
INFO: [ view_end ] --START--
INFO: ShowPageTrace Behavior ::run [ RunTime:0.000674s ]
INFO: [ view_end ] --END-- [ RunTime:0.000723s ]

[ 2014-10-14T23:56:24+08:00 ] 127.0.0.1 /base/admin.php/U/query
INFO: [ route_check ] --START--
INFO: CheckRoute Behavior ::run [ RunTime:0.000869s ]
INFO: [ route_check ] --END-- [ RunTime:0.000950s ]
INFO: [ app_begin ] --START--
INFO: ReadHtmlCache Behavior ::run [ RunTime:0.000617s ]
INFO: [ app_begin ] --END-- [ RunTime:0.000670s ]
SQL: SHOW COLUMNS FROM `tb_u` [ RunTime:0.002167s ]
SQL: SELECT * FROM `tb_u` WHERE ( uid=1 ) LIMIT 1   [ RunTime:0.000585s ]
SQL: SHOW COLUMNS FROM `tb_md` [ RunTime:0.001874s ]
SQL: SELECT * FROM `tb_md` WHERE ( mdmk='U' ) LIMIT 1   [ RunTime:0.000706s ]
SQL: SELECT * FROM `tb_u` WHERE ( uid=1 ) LIMIT 1   [ RunTime:0.000169s ]
SQL: SHOW COLUMNS FROM `tb_athmd` [ RunTime:0.001965s ]
SQL: SELECT * FROM `tb_athmd` WHERE ( f_athid=1 AND f_mdid=2 ) LIMIT 1   [ RunTime:0.000720s ]
NOTIC: [8] Undefined index: NBsqlstc C:\AppServ\www\base\admin\Lib\NB\NBAction.class.php Á¨¨ 49 Ë°å.
NOTIC: [8] Undefined index: NBsqlstc C:\AppServ\www\base\admin\Lib\NB\NBAction.class.php Á¨¨ 49 Ë°å.
NOTIC: [8] Undefined index: fld C:\AppServ\www\base\admin\Lib\NB\NBAction.class.php Á¨¨ 133 Ë°å.
NOTIC: [8] Undefined index: fld C:\AppServ\www\base\admin\Lib\NB\NBAction.class.php Á¨¨ 135 Ë°å.
NOTIC: [8] Undefined index: cdt C:\AppServ\www\base\admin\Lib\NB\NBAction.class.php Á¨¨ 138 Ë°å.
NOTIC: [8] Undefined index: cdt C:\AppServ\www\base\admin\Lib\NB\NBAction.class.php Á¨¨ 140 Ë°å.
NOTIC: [8] Undefined index: spccdt C:\AppServ\www\base\admin\Lib\NB\NBAction.class.php Á¨¨ 143 Ë°å.
NOTIC: [8] Undefined index: spccdt C:\AppServ\www\base\admin\Lib\NB\NBAction.class.php Á¨¨ 145 Ë°å.
NOTIC: [8] Undefined index: odr C:\AppServ\www\base\admin\Lib\NB\NBAction.class.php Á¨¨ 148 Ë°å.
NOTIC: [8] Undefined index: odr C:\AppServ\www\base\admin\Lib\NB\NBAction.class.php Á¨¨ 150 Ë°å.
NOTIC: [8] Undefined index: lmt C:\AppServ\www\base\admin\Lib\NB\NBAction.class.php Á¨¨ 153 Ë°å.
NOTIC: [8] Undefined index: lmt C:\AppServ\www\base\admin\Lib\NB\NBAction.class.php Á¨¨ 155 Ë°å.
NOTIC: [8] Undefined variable: odrpcd C:\AppServ\www\base\admin\Lib\NB\NBAction.class.php Á¨¨ 33 Ë°å.
SQL: SELECT `uid`,`unm`,`athnm`,`uaddtm`,`umdftm` FROM `tb_u` LEFT JOIN tb_ath ON f_athid=athid WHERE ( 1=1 ) ORDER BY uaddtm DESC  [ RunTime:0.000454s ]
NOTIC: [8] Undefined variable: sqlstc C:\AppServ\www\base\admin\Lib\NB\NBAction.class.php Á¨¨ 195 Ë°å.
SQL: SELECT `uid`,`unm`,`athnm`,`uaddtm`,`umdftm` FROM `tb_u` LEFT JOIN tb_ath ON f_athid=athid WHERE ( 1=1 ) ORDER BY uaddtm DESC LIMIT 0,20   [ RunTime:0.000411s ]
NOTIC: [8] Undefined variable: sqlstc C:\AppServ\www\base\admin\Lib\NB\NBAction.class.php Á¨¨ 253 Ë°å.
SQL: SHOW COLUMNS FROM `tb_ath` [ RunTime:0.001998s ]
SQL: SELECT * FROM `tb_ath`  [ RunTime:0.001135s ]
INFO: [ view_parse ] --START--
INFO: ParseTemplate Behavior ::run [ RunTime:0.032659s ]
INFO: [ view_parse ] --END-- [ RunTime:0.032780s ]
INFO: [ view_filter ] --START--
INFO: ContentReplace Behavior ::run [ RunTime:0.000963s ]
INFO: TokenBuild Behavior ::run [ RunTime:0.000870s ]
INFO: WriteHtmlCache Behavior ::run [ RunTime:0.000483s ]
INFO: ShowRuntime Behavior ::run [ RunTime:0.000794s ]
INFO: [ view_filter ] --END-- [ RunTime:0.003345s ]
INFO: [ view_end ] --START--
INFO: ShowPageTrace Behavior ::run [ RunTime:0.001108s ]
INFO: [ view_end ] --END-- [ RunTime:0.001205s ]

[ 2014-10-14T23:56:30+08:00 ] 127.0.0.1 /base/admin.php/U/gtxpg/x/updt/uid/0
INFO: [ route_check ] --START--
INFO: CheckRoute Behavior ::run [ RunTime:0.000877s ]
INFO: [ route_check ] --END-- [ RunTime:0.000956s ]
INFO: [ app_begin ] --START--
INFO: ReadHtmlCache Behavior ::run [ RunTime:0.000631s ]
INFO: [ app_begin ] --END-- [ RunTime:0.000687s ]
SQL: SHOW COLUMNS FROM `tb_u` [ RunTime:0.019352s ]
SQL: SELECT * FROM `tb_u` WHERE ( uid=1 ) LIMIT 1   [ RunTime:0.000521s ]
SQL: SHOW COLUMNS FROM `tb_md` [ RunTime:0.002010s ]
SQL: SELECT * FROM `tb_md` WHERE ( mdmk='U' ) LIMIT 1   [ RunTime:0.000585s ]
SQL: SELECT * FROM `tb_u` WHERE ( uid=1 ) LIMIT 1   [ RunTime:0.000158s ]
SQL: SHOW COLUMNS FROM `tb_athmd` [ RunTime:0.002138s ]
SQL: SELECT * FROM `tb_athmd` WHERE ( f_athid=1 AND f_mdid=2 ) LIMIT 1   [ RunTime:0.000564s ]
NOTIC: [8] Use of undefined constant __PUBLIC__ - assumed '__PUBLIC__' C:\AppServ\www\base\admin\Lib\Action\UAction.class.php Á¨¨ 198 Ë°å.
SQL: SHOW COLUMNS FROM `tb_ath` [ RunTime:0.001562s ]
SQL: SELECT * FROM `tb_ath`  [ RunTime:0.000596s ]
INFO: [ view_parse ] --START--
NOTIC: [8] Undefined index: unm C:\AppServ\www\base\admin\Runtime\Cache\0ba55c18692198d8a00b9c8b8757b7a3.php Á¨¨ 45 Ë°å.
NOTIC: [8] Undefined index: upw C:\AppServ\www\base\admin\Runtime\Cache\0ba55c18692198d8a00b9c8b8757b7a3.php Á¨¨ 46 Ë°å.
NOTIC: [8] Undefined index: upw C:\AppServ\www\base\admin\Runtime\Cache\0ba55c18692198d8a00b9c8b8757b7a3.php Á¨¨ 47 Ë°å.
NOTIC: [8] Undefined index: f_athid C:\AppServ\www\base\admin\Runtime\Cache\0ba55c18692198d8a00b9c8b8757b7a3.php Á¨¨ 77 Ë°å.
INFO: ParseTemplate Behavior ::run [ RunTime:0.025913s ]
INFO: [ view_parse ] --END-- [ RunTime:0.025993s ]
INFO: [ view_filter ] --START--
INFO: ContentReplace Behavior ::run [ RunTime:0.000550s ]
INFO: TokenBuild Behavior ::run [ RunTime:0.000488s ]
INFO: WriteHtmlCache Behavior ::run [ RunTime:0.000296s ]
INFO: ShowRuntime Behavior ::run [ RunTime:0.000795s ]
INFO: [ view_filter ] --END-- [ RunTime:0.002288s ]
INFO: [ view_end ] --START--
INFO: ShowPageTrace Behavior ::run [ RunTime:0.001045s ]
INFO: [ view_end ] --END-- [ RunTime:0.001125s ]

[ 2014-10-14T23:56:39+08:00 ] 127.0.0.1 /base/admin.php/U/update
INFO: [ route_check ] --START--
INFO: CheckRoute Behavior ::run [ RunTime:0.001305s ]
INFO: [ route_check ] --END-- [ RunTime:0.001429s ]
INFO: [ app_begin ] --START--
INFO: ReadHtmlCache Behavior ::run [ RunTime:0.000937s ]
INFO: [ app_begin ] --END-- [ RunTime:0.001011s ]
SQL: SHOW COLUMNS FROM `tb_u` [ RunTime:0.002306s ]
SQL: SELECT * FROM `tb_u` WHERE ( unm='ÈÉë‰ºäÂÅ•' ) LIMIT 1   [ RunTime:0.000680s ]
SQL: INSERT INTO `tb_u` (`unm`,`upw`,`upt`,`f_athid`,`uaddtm`,`umdftm`) VALUES ('ÈÉë‰ºäÂÅ\•','111','/base/Public/IMG/default.jpg',0,'2014-10-14 23:56:39','2014-10-14 23:56:39') [ RunTime:0.045565s ]

[ 2014-10-14T23:56:40+08:00 ] 127.0.0.1 /base/admin.php/U/query
INFO: [ route_check ] --START--
INFO: CheckRoute Behavior ::run [ RunTime:0.001339s ]
INFO: [ route_check ] --END-- [ RunTime:0.001458s ]
INFO: [ app_begin ] --START--
INFO: ReadHtmlCache Behavior ::run [ RunTime:0.000936s ]
INFO: [ app_begin ] --END-- [ RunTime:0.001015s ]
SQL: SHOW COLUMNS FROM `tb_u` [ RunTime:0.001789s ]
SQL: SELECT * FROM `tb_u` WHERE ( uid=1 ) LIMIT 1   [ RunTime:0.000650s ]
SQL: SHOW COLUMNS FROM `tb_md` [ RunTime:0.001525s ]
SQL: SELECT * FROM `tb_md` WHERE ( mdmk='U' ) LIMIT 1   [ RunTime:0.000631s ]
SQL: SELECT * FROM `tb_u` WHERE ( uid=1 ) LIMIT 1   [ RunTime:0.000157s ]
SQL: SHOW COLUMNS FROM `tb_athmd` [ RunTime:0.002028s ]
SQL: SELECT * FROM `tb_athmd` WHERE ( f_athid=1 AND f_mdid=2 ) LIMIT 1   [ RunTime:0.000657s ]
NOTIC: [8] Undefined index: NBsqlstc C:\AppServ\www\base\admin\Lib\NB\NBAction.class.php Á¨¨ 49 Ë°å.
NOTIC: [8] Undefined index: NBsqlstc C:\AppServ\www\base\admin\Lib\NB\NBAction.class.php Á¨¨ 49 Ë°å.
NOTIC: [8] Undefined index: fld C:\AppServ\www\base\admin\Lib\NB\NBAction.class.php Á¨¨ 133 Ë°å.
NOTIC: [8] Undefined index: fld C:\AppServ\www\base\admin\Lib\NB\NBAction.class.php Á¨¨ 135 Ë°å.
NOTIC: [8] Undefined index: cdt C:\AppServ\www\base\admin\Lib\NB\NBAction.class.php Á¨¨ 138 Ë°å.
NOTIC: [8] Undefined index: cdt C:\AppServ\www\base\admin\Lib\NB\NBAction.class.php Á¨¨ 140 Ë°å.
NOTIC: [8] Undefined index: spccdt C:\AppServ\www\base\admin\Lib\NB\NBAction.class.php Á¨¨ 143 Ë°å.
NOTIC: [8] Undefined index: spccdt C:\AppServ\www\base\admin\Lib\NB\NBAction.class.php Á¨¨ 145 Ë°å.
NOTIC: [8] Undefined index: odr C:\AppServ\www\base\admin\Lib\NB\NBAction.class.php Á¨¨ 148 Ë°å.
NOTIC: [8] Undefined index: odr C:\AppServ\www\base\admin\Lib\NB\NBAction.class.php Á¨¨ 150 Ë°å.
NOTIC: [8] Undefined index: lmt C:\AppServ\www\base\admin\Lib\NB\NBAction.class.php Á¨¨ 153 Ë°å.
NOTIC: [8] Undefined index: lmt C:\AppServ\www\base\admin\Lib\NB\NBAction.class.php Á¨¨ 155 Ë°å.
NOTIC: [8] Undefined variable: odrpcd C:\AppServ\www\base\admin\Lib\NB\NBAction.class.php Á¨¨ 33 Ë°å.
SQL: SELECT `uid`,`unm`,`athnm`,`uaddtm`,`umdftm` FROM `tb_u` LEFT JOIN tb_ath ON f_athid=athid WHERE ( 1=1 ) ORDER BY uaddtm DESC  [ RunTime:0.000499s ]
NOTIC: [8] Undefined variable: sqlstc C:\AppServ\www\base\admin\Lib\NB\NBAction.class.php Á¨¨ 195 Ë°å.
SQL: SELECT `uid`,`unm`,`athnm`,`uaddtm`,`umdftm` FROM `tb_u` LEFT JOIN tb_ath ON f_athid=athid WHERE ( 1=1 ) ORDER BY uaddtm DESC LIMIT 0,20   [ RunTime:0.000399s ]
NOTIC: [8] Undefined variable: sqlstc C:\AppServ\www\base\admin\Lib\NB\NBAction.class.php Á¨¨ 253 Ë°å.
SQL: SHOW COLUMNS FROM `tb_ath` [ RunTime:0.001934s ]
SQL: SELECT * FROM `tb_ath`  [ RunTime:0.000924s ]
INFO: [ view_parse ] --START--
INFO: ParseTemplate Behavior ::run [ RunTime:0.014434s ]
INFO: [ view_parse ] --END-- [ RunTime:0.014513s ]
INFO: [ view_filter ] --START--
INFO: ContentReplace Behavior ::run [ RunTime:0.000615s ]
INFO: TokenBuild Behavior ::run [ RunTime:0.000491s ]
INFO: WriteHtmlCache Behavior ::run [ RunTime:0.000290s ]
INFO: ShowRuntime Behavior ::run [ RunTime:0.000548s ]
INFO: [ view_filter ] --END-- [ RunTime:0.002085s ]
INFO: [ view_end ] --START--
INFO: ShowPageTrace Behavior ::run [ RunTime:0.001150s ]
INFO: [ view_end ] --END-- [ RunTime:0.001235s ]

[ 2014-10-14T23:56:43+08:00 ] 127.0.0.1 /base/admin.php/U/gtxpg/x/vw/uid/51
INFO: [ route_check ] --START--
INFO: CheckRoute Behavior ::run [ RunTime:0.001325s ]
INFO: [ route_check ] --END-- [ RunTime:0.001455s ]
INFO: [ app_begin ] --START--
INFO: ReadHtmlCache Behavior ::run [ RunTime:0.000963s ]
INFO: [ app_begin ] --END-- [ RunTime:0.001054s ]
SQL: SHOW COLUMNS FROM `tb_u` [ RunTime:0.002417s ]
SQL: SELECT * FROM `tb_u` WHERE ( uid=1 ) LIMIT 1   [ RunTime:0.000664s ]
SQL: SHOW COLUMNS FROM `tb_md` [ RunTime:0.001509s ]
SQL: SELECT * FROM `tb_md` WHERE ( mdmk='U' ) LIMIT 1   [ RunTime:0.000885s ]
SQL: SELECT * FROM `tb_u` WHERE ( uid=1 ) LIMIT 1   [ RunTime:0.000167s ]
SQL: SHOW COLUMNS FROM `tb_athmd` [ RunTime:0.002026s ]
SQL: SELECT * FROM `tb_athmd` WHERE ( f_athid=1 AND f_mdid=2 ) LIMIT 1   [ RunTime:0.000691s ]
SQL: SELECT * FROM `tb_u` LEFT JOIN tb_ath ON f_athid=athid WHERE ( uid=51 ) LIMIT 1   [ RunTime:0.000297s ]
INFO: [ view_parse ] --START--
INFO: ParseTemplate Behavior ::run [ RunTime:0.054480s ]
INFO: [ view_parse ] --END-- [ RunTime:0.054587s ]
INFO: [ view_filter ] --START--
INFO: ContentReplace Behavior ::run [ RunTime:0.000752s ]
INFO: TokenBuild Behavior ::run [ RunTime:0.000744s ]
INFO: WriteHtmlCache Behavior ::run [ RunTime:0.000421s ]
INFO: ShowRuntime Behavior ::run [ RunTime:0.000811s ]
INFO: [ view_filter ] --END-- [ RunTime:0.002939s ]
INFO: [ view_end ] --START--
INFO: ShowPageTrace Behavior ::run [ RunTime:0.001036s ]
INFO: [ view_end ] --END-- [ RunTime:0.001117s ]

