[ 2014-11-18T12:51:04+08:00 ] 127.0.0.1 /base/admin.php/
INFO: [ route_check ] --START--
INFO: CheckRoute Behavior ::run [ RunTime:0.077244s ]
INFO: [ route_check ] --END-- [ RunTime:0.077450s ]
INFO: [ app_begin ] --START--
INFO: ReadHtmlCache Behavior ::run [ RunTime:0.001860s ]
INFO: [ app_begin ] --END-- [ RunTime:0.002019s ]
SQL: SHOW COLUMNS FROM `tb_u` [ RunTime:0.200894s ]
SQL: SELECT * FROM `tb_u` WHERE ( uid=1 ) LIMIT 1   [ RunTime:0.085406s ]
SQL: SELECT * FROM `tb_u` WHERE ( uid=1 ) LIMIT 1   [ RunTime:0.000250s ]
SQL: SHOW COLUMNS FROM `tb_athmd` [ RunTime:0.160287s ]
SQL: SELECT * FROM `tb_athmd` LEFT JOIN tb_md ON f_mdid=mdid WHERE ( f_athid=1 AND q='y' )  [ RunTime:0.299902s ]
INFO: [ view_parse ] --START--
INFO: ParseTemplate Behavior ::run [ RunTime:0.213451s ]
INFO: [ view_parse ] --END-- [ RunTime:0.213566s ]
INFO: [ view_filter ] --START--
INFO: ContentReplace Behavior ::run [ RunTime:0.001017s ]
INFO: TokenBuild Behavior ::run [ RunTime:0.001414s ]
INFO: WriteHtmlCache Behavior ::run [ RunTime:0.001093s ]
INFO: ShowRuntime Behavior ::run [ RunTime:0.001508s ]
INFO: [ view_filter ] --END-- [ RunTime:0.005323s ]
INFO: [ view_end ] --START--
INFO: ShowPageTrace Behavior ::run [ RunTime:0.001800s ]
INFO: [ view_end ] --END-- [ RunTime:0.001920s ]

[ 2014-11-18T12:51:09+08:00 ] 127.0.0.1 /base/admin.php/Atc/query
INFO: [ route_check ] --START--
INFO: CheckRoute Behavior ::run [ RunTime:0.001180s ]
INFO: [ route_check ] --END-- [ RunTime:0.001300s ]
INFO: [ app_begin ] --START--
INFO: ReadHtmlCache Behavior ::run [ RunTime:0.000766s ]
INFO: [ app_begin ] --END-- [ RunTime:0.000844s ]
SQL: SHOW COLUMNS FROM `tb_u` [ RunTime:0.002950s ]
SQL: SELECT * FROM `tb_u` WHERE ( uid=1 ) LIMIT 1   [ RunTime:0.000691s ]
SQL: SHOW COLUMNS FROM `tb_md` [ RunTime:0.002420s ]
SQL: SELECT * FROM `tb_md` WHERE ( mdmk='Atc' ) LIMIT 1   [ RunTime:0.001391s ]
SQL: SELECT * FROM `tb_u` WHERE ( uid=1 ) LIMIT 1   [ RunTime:0.000171s ]
SQL: SHOW COLUMNS FROM `tb_athmd` [ RunTime:0.002048s ]
SQL: SELECT * FROM `tb_athmd` WHERE ( f_athid=1 AND f_mdid=6 ) LIMIT 1   [ RunTime:0.001105s ]
SQL: SHOW COLUMNS FROM `tb_atc` [ RunTime:0.124822s ]
NOTIC: [2] Missing argument 8 for NBAction::NB(), called in C:\AppServ\www\base\admin\Lib\Action\AtcAction.class.php on line 118 and defined C:\AppServ\www\base\admin\Lib\NB\NBAction.class.php 第 46 行.
NOTIC: [8] Undefined index: NBsqlstc C:\AppServ\www\base\admin\Lib\NB\NBAction.class.php 第 49 行.
NOTIC: [8] Undefined index: NBsqlstc C:\AppServ\www\base\admin\Lib\NB\NBAction.class.php 第 49 行.
NOTIC: [8] Undefined index: fld C:\AppServ\www\base\admin\Lib\NB\NBAction.class.php 第 139 行.
NOTIC: [8] Undefined index: fld C:\AppServ\www\base\admin\Lib\NB\NBAction.class.php 第 141 行.
NOTIC: [8] Undefined index: cdt C:\AppServ\www\base\admin\Lib\NB\NBAction.class.php 第 144 行.
NOTIC: [8] Undefined index: cdt C:\AppServ\www\base\admin\Lib\NB\NBAction.class.php 第 146 行.
NOTIC: [8] Undefined index: spccdt C:\AppServ\www\base\admin\Lib\NB\NBAction.class.php 第 149 行.
NOTIC: [8] Undefined index: spccdt C:\AppServ\www\base\admin\Lib\NB\NBAction.class.php 第 151 行.
NOTIC: [8] Undefined index: odr C:\AppServ\www\base\admin\Lib\NB\NBAction.class.php 第 154 行.
NOTIC: [8] Undefined index: odr C:\AppServ\www\base\admin\Lib\NB\NBAction.class.php 第 156 行.
NOTIC: [8] Undefined index: lmt C:\AppServ\www\base\admin\Lib\NB\NBAction.class.php 第 159 行.
NOTIC: [8] Undefined index: lmt C:\AppServ\www\base\admin\Lib\NB\NBAction.class.php 第 161 行.
NOTIC: [8] Undefined variable: odrpcd C:\AppServ\www\base\admin\Lib\NB\NBAction.class.php 第 35 行.
NOTIC: [8] Undefined variable: lsyon C:\AppServ\www\base\admin\Lib\NB\NBAction.class.php 第 182 行.
SQL: SELECT COUNT(*) AS tp_count FROM `tb_atc` LEFT JOIN tb_bd ON f_bdid=bdid WHERE ( 1=1 ) ORDER BY atctp DESC,atcmdftm DESC LIMIT 1   [ RunTime:0.067306s ]
NOTIC: [8] Undefined variable: sqlstc C:\AppServ\www\base\admin\Lib\NB\NBAction.class.php 第 201 行.
SQL: SELECT `atcid`,`bdnm`,`atctpc`,`atcath`,`atcaddtm`,`atcmdftm`,`atctp`,`atcps`,`atcanc`,`atcdnmc`,`atccnt` FROM `tb_atc` LEFT JOIN tb_bd ON f_bdid=bdid WHERE ( 1=1 ) ORDER BY atctp DESC,atcmdftm DESC LIMIT 0,20   [ RunTime:0.000579s ]
NOTIC: [8] Undefined variable: sqlstc C:\AppServ\www\base\admin\Lib\NB\NBAction.class.php 第 259 行.
NOTIC: [8] Undefined variable: mlsforcount C:\AppServ\www\base\admin\Lib\NB\NBAction.class.php 第 268 行.
SQL: SHOW COLUMNS FROM `tb_bd` [ RunTime:0.002076s ]
SQL: SELECT * FROM `tb_bd`  [ RunTime:0.017583s ]
SQL: SELECT * FROM `tb_bd` ORDER BY bdodr ASC  [ RunTime:0.000424s ]
INFO: [ view_parse ] --START--
INFO: ParseTemplate Behavior ::run [ RunTime:0.278701s ]
INFO: [ view_parse ] --END-- [ RunTime:0.278887s ]
INFO: [ view_filter ] --START--
INFO: ContentReplace Behavior ::run [ RunTime:0.000736s ]
INFO: TokenBuild Behavior ::run [ RunTime:0.000655s ]
INFO: WriteHtmlCache Behavior ::run [ RunTime:0.000520s ]
INFO: ShowRuntime Behavior ::run [ RunTime:0.000810s ]
INFO: [ view_filter ] --END-- [ RunTime:0.002950s ]
INFO: [ view_end ] --START--
INFO: ShowPageTrace Behavior ::run [ RunTime:0.001005s ]
INFO: [ view_end ] --END-- [ RunTime:0.001106s ]

[ 2014-11-18T12:51:15+08:00 ] 127.0.0.1 /base/admin.php/U/query
INFO: [ route_check ] --START--
INFO: CheckRoute Behavior ::run [ RunTime:0.000948s ]
INFO: [ route_check ] --END-- [ RunTime:0.001042s ]
INFO: [ app_begin ] --START--
INFO: ReadHtmlCache Behavior ::run [ RunTime:0.000605s ]
INFO: [ app_begin ] --END-- [ RunTime:0.000668s ]
SQL: SHOW COLUMNS FROM `tb_u` [ RunTime:0.002406s ]
SQL: SELECT * FROM `tb_u` WHERE ( uid=1 ) LIMIT 1   [ RunTime:0.001220s ]
SQL: SHOW COLUMNS FROM `tb_md` [ RunTime:0.002637s ]
SQL: SELECT * FROM `tb_md` WHERE ( mdmk='U' ) LIMIT 1   [ RunTime:0.001504s ]
SQL: SELECT * FROM `tb_u` WHERE ( uid=1 ) LIMIT 1   [ RunTime:0.000333s ]
SQL: SHOW COLUMNS FROM `tb_athmd` [ RunTime:0.003838s ]
SQL: SELECT * FROM `tb_athmd` WHERE ( f_athid=1 AND f_mdid=2 ) LIMIT 1   [ RunTime:0.001581s ]
NOTIC: [2] Missing argument 8 for NBAction::NB(), called in C:\AppServ\www\base\admin\Lib\Action\UAction.class.php on line 244 and defined C:\AppServ\www\base\admin\Lib\NB\NBAction.class.php 第 46 行.
NOTIC: [8] Undefined index: NBsqlstc C:\AppServ\www\base\admin\Lib\NB\NBAction.class.php 第 49 行.
NOTIC: [8] Undefined index: NBsqlstc C:\AppServ\www\base\admin\Lib\NB\NBAction.class.php 第 49 行.
NOTIC: [8] Undefined index: fld C:\AppServ\www\base\admin\Lib\NB\NBAction.class.php 第 139 行.
NOTIC: [8] Undefined index: fld C:\AppServ\www\base\admin\Lib\NB\NBAction.class.php 第 141 行.
NOTIC: [8] Undefined index: cdt C:\AppServ\www\base\admin\Lib\NB\NBAction.class.php 第 144 行.
NOTIC: [8] Undefined index: cdt C:\AppServ\www\base\admin\Lib\NB\NBAction.class.php 第 146 行.
NOTIC: [8] Undefined index: spccdt C:\AppServ\www\base\admin\Lib\NB\NBAction.class.php 第 149 行.
NOTIC: [8] Undefined index: spccdt C:\AppServ\www\base\admin\Lib\NB\NBAction.class.php 第 151 行.
NOTIC: [8] Undefined index: odr C:\AppServ\www\base\admin\Lib\NB\NBAction.class.php 第 154 行.
NOTIC: [8] Undefined index: odr C:\AppServ\www\base\admin\Lib\NB\NBAction.class.php 第 156 行.
NOTIC: [8] Undefined index: lmt C:\AppServ\www\base\admin\Lib\NB\NBAction.class.php 第 159 行.
NOTIC: [8] Undefined index: lmt C:\AppServ\www\base\admin\Lib\NB\NBAction.class.php 第 161 行.
NOTIC: [8] Undefined variable: odrpcd C:\AppServ\www\base\admin\Lib\NB\NBAction.class.php 第 33 行.
NOTIC: [8] Undefined variable: lsyon C:\AppServ\www\base\admin\Lib\NB\NBAction.class.php 第 182 行.
SQL: SELECT COUNT(*) AS tp_count FROM `tb_u` LEFT JOIN tb_ath ON f_athid=athid WHERE ( 1=1 ) ORDER BY uaddtm DESC LIMIT 1   [ RunTime:0.107528s ]
NOTIC: [8] Undefined variable: sqlstc C:\AppServ\www\base\admin\Lib\NB\NBAction.class.php 第 201 行.
SQL: SELECT `uid`,`unm`,`athnm`,`uaddtm`,`umdftm` FROM `tb_u` LEFT JOIN tb_ath ON f_athid=athid WHERE ( 1=1 ) ORDER BY uaddtm DESC LIMIT 0,20   [ RunTime:0.000504s ]
NOTIC: [8] Undefined variable: sqlstc C:\AppServ\www\base\admin\Lib\NB\NBAction.class.php 第 259 行.
NOTIC: [8] Undefined variable: mlsforcount C:\AppServ\www\base\admin\Lib\NB\NBAction.class.php 第 268 行.
SQL: SHOW COLUMNS FROM `tb_ath` [ RunTime:0.002061s ]
SQL: SELECT * FROM `tb_ath`  [ RunTime:0.000949s ]
INFO: [ view_parse ] --START--
INFO: ParseTemplate Behavior ::run [ RunTime:0.058493s ]
INFO: [ view_parse ] --END-- [ RunTime:0.058643s ]
INFO: [ view_filter ] --START--
INFO: ContentReplace Behavior ::run [ RunTime:0.001203s ]
INFO: TokenBuild Behavior ::run [ RunTime:0.000974s ]
INFO: WriteHtmlCache Behavior ::run [ RunTime:0.000722s ]
INFO: ShowRuntime Behavior ::run [ RunTime:0.001128s ]
INFO: [ view_filter ] --END-- [ RunTime:0.004354s ]
INFO: [ view_end ] --START--
INFO: ShowPageTrace Behavior ::run [ RunTime:0.001013s ]
INFO: [ view_end ] --END-- [ RunTime:0.001104s ]

[ 2014-11-18T12:51:43+08:00 ] 127.0.0.1 /base/admin.php/
INFO: [ route_check ] --START--
INFO: CheckRoute Behavior ::run [ RunTime:0.001558s ]
INFO: [ route_check ] --END-- [ RunTime:0.001734s ]
INFO: [ app_begin ] --START--
INFO: ReadHtmlCache Behavior ::run [ RunTime:0.001161s ]
INFO: [ app_begin ] --END-- [ RunTime:0.001279s ]
INFO: [ view_parse ] --START--
INFO: ParseTemplate Behavior ::run [ RunTime:0.104626s ]
INFO: [ view_parse ] --END-- [ RunTime:0.104740s ]
INFO: [ view_filter ] --START--
INFO: ContentReplace Behavior ::run [ RunTime:0.000430s ]
INFO: TokenBuild Behavior ::run [ RunTime:0.000932s ]
INFO: WriteHtmlCache Behavior ::run [ RunTime:0.000533s ]
INFO: ShowRuntime Behavior ::run [ RunTime:0.000975s ]
INFO: [ view_filter ] --END-- [ RunTime:0.003162s ]
INFO: [ view_end ] --START--
INFO: ShowPageTrace Behavior ::run [ RunTime:0.001237s ]
INFO: [ view_end ] --END-- [ RunTime:0.001368s ]

[ 2014-11-18T12:51:48+08:00 ] 127.0.0.1 /base/admin.php/U/loginin
INFO: [ route_check ] --START--
INFO: CheckRoute Behavior ::run [ RunTime:0.001664s ]
INFO: [ route_check ] --END-- [ RunTime:0.001897s ]
INFO: [ app_begin ] --START--
INFO: ReadHtmlCache Behavior ::run [ RunTime:0.001163s ]
INFO: [ app_begin ] --END-- [ RunTime:0.001278s ]
SQL: SHOW COLUMNS FROM `tb_u` [ RunTime:0.004574s ]
SQL: SELECT * FROM `tb_u` WHERE ( unm='admin' ) LIMIT 1   [ RunTime:0.001667s ]
SQL: SELECT * FROM `tb_u` WHERE ( unm='admin' AND upw='111' ) LIMIT 1   [ RunTime:0.051047s ]
SQL: SELECT * FROM `tb_u` WHERE ( unm='admin' AND upw='111' ) LIMIT 1   [ RunTime:0.000457s ]

[ 2014-11-18T12:51:48+08:00 ] 127.0.0.1 /base/admin.php
INFO: [ app_begin ] --START--
INFO: ReadHtmlCache Behavior ::run [ RunTime:0.001456s ]
INFO: [ app_begin ] --END-- [ RunTime:0.001628s ]
SQL: SHOW COLUMNS FROM `tb_u` [ RunTime:0.004046s ]
SQL: SELECT * FROM `tb_u` WHERE ( uid=1 ) LIMIT 1   [ RunTime:0.001619s ]
SQL: SELECT * FROM `tb_u` WHERE ( uid=1 ) LIMIT 1   [ RunTime:0.000444s ]
SQL: SHOW COLUMNS FROM `tb_athmd` [ RunTime:0.005557s ]
SQL: SELECT * FROM `tb_athmd` LEFT JOIN tb_md ON f_mdid=mdid WHERE ( f_athid=1 AND q='y' )  [ RunTime:0.001439s ]
INFO: [ view_parse ] --START--
INFO: ParseTemplate Behavior ::run [ RunTime:0.018936s ]
INFO: [ view_parse ] --END-- [ RunTime:0.019123s ]
INFO: [ view_filter ] --START--
INFO: ContentReplace Behavior ::run [ RunTime:0.000942s ]
INFO: TokenBuild Behavior ::run [ RunTime:0.000936s ]
INFO: WriteHtmlCache Behavior ::run [ RunTime:0.000706s ]
INFO: ShowRuntime Behavior ::run [ RunTime:0.001110s ]
INFO: [ view_filter ] --END-- [ RunTime:0.004088s ]
INFO: [ view_end ] --START--
INFO: ShowPageTrace Behavior ::run [ RunTime:0.001351s ]
INFO: [ view_end ] --END-- [ RunTime:0.001463s ]

[ 2014-11-18T12:51:50+08:00 ] 127.0.0.1 /base/admin.php/Athmd/query
INFO: [ route_check ] --START--
INFO: CheckRoute Behavior ::run [ RunTime:0.001726s ]
INFO: [ route_check ] --END-- [ RunTime:0.001908s ]
INFO: [ app_begin ] --START--
INFO: ReadHtmlCache Behavior ::run [ RunTime:0.001127s ]
INFO: [ app_begin ] --END-- [ RunTime:0.001249s ]
SQL: SHOW COLUMNS FROM `tb_u` [ RunTime:0.002297s ]
SQL: SELECT * FROM `tb_u` WHERE ( uid=1 ) LIMIT 1   [ RunTime:0.001355s ]
SQL: SHOW COLUMNS FROM `tb_md` [ RunTime:0.002072s ]
SQL: SELECT * FROM `tb_md` WHERE ( mdmk='Athmd' ) LIMIT 1   [ RunTime:0.000921s ]
SQL: SELECT * FROM `tb_u` WHERE ( uid=1 ) LIMIT 1   [ RunTime:0.000299s ]
SQL: SHOW COLUMNS FROM `tb_athmd` [ RunTime:0.002029s ]
SQL: SELECT * FROM `tb_athmd` WHERE ( f_athid=1 AND f_mdid=4 ) LIMIT 1   [ RunTime:0.000833s ]
NOTIC: [2] Missing argument 8 for NBAction::NB(), called in C:\AppServ\www\base\admin\Lib\Action\AthmdAction.class.php on line 87 and defined C:\AppServ\www\base\admin\Lib\NB\NBAction.class.php 第 46 行.
NOTIC: [8] Undefined index: NBsqlstc C:\AppServ\www\base\admin\Lib\NB\NBAction.class.php 第 49 行.
NOTIC: [8] Undefined index: NBsqlstc C:\AppServ\www\base\admin\Lib\NB\NBAction.class.php 第 49 行.
NOTIC: [8] Undefined index: fld C:\AppServ\www\base\admin\Lib\NB\NBAction.class.php 第 139 行.
NOTIC: [8] Undefined index: fld C:\AppServ\www\base\admin\Lib\NB\NBAction.class.php 第 141 行.
NOTIC: [8] Undefined index: cdt C:\AppServ\www\base\admin\Lib\NB\NBAction.class.php 第 144 行.
NOTIC: [8] Undefined index: cdt C:\AppServ\www\base\admin\Lib\NB\NBAction.class.php 第 146 行.
NOTIC: [8] Undefined index: spccdt C:\AppServ\www\base\admin\Lib\NB\NBAction.class.php 第 149 行.
NOTIC: [8] Undefined index: spccdt C:\AppServ\www\base\admin\Lib\NB\NBAction.class.php 第 151 行.
NOTIC: [8] Undefined index: odr C:\AppServ\www\base\admin\Lib\NB\NBAction.class.php 第 154 行.
NOTIC: [8] Undefined index: odr C:\AppServ\www\base\admin\Lib\NB\NBAction.class.php 第 156 行.
NOTIC: [8] Undefined index: lmt C:\AppServ\www\base\admin\Lib\NB\NBAction.class.php 第 159 行.
NOTIC: [8] Undefined index: lmt C:\AppServ\www\base\admin\Lib\NB\NBAction.class.php 第 161 行.
NOTIC: [8] Undefined variable: odrpcd C:\AppServ\www\base\admin\Lib\NB\NBAction.class.php 第 33 行.
NOTIC: [8] Undefined variable: lsyon C:\AppServ\www\base\admin\Lib\NB\NBAction.class.php 第 182 行.
SQL: SELECT COUNT(*) AS tp_count FROM `tb_athmd` LEFT JOIN tb_ath ON f_athid=athid LEFT JOIN tb_md ON f_mdid=mdid WHERE ( 1=1 ) ORDER BY athnm ASC LIMIT 1   [ RunTime:0.000606s ]
NOTIC: [8] Undefined variable: sqlstc C:\AppServ\www\base\admin\Lib\NB\NBAction.class.php 第 201 行.
SQL: SELECT `athmdid`,`athnm`,`mdnm`,`q`,`v`,`u`,`d` FROM `tb_athmd` LEFT JOIN tb_ath ON f_athid=athid LEFT JOIN tb_md ON f_mdid=mdid WHERE ( 1=1 ) ORDER BY athnm ASC LIMIT 0,20   [ RunTime:0.000929s ]
NOTIC: [8] Undefined variable: sqlstc C:\AppServ\www\base\admin\Lib\NB\NBAction.class.php 第 259 行.
NOTIC: [8] Undefined variable: mlsforcount C:\AppServ\www\base\admin\Lib\NB\NBAction.class.php 第 268 行.
SQL: SHOW COLUMNS FROM `tb_ath` [ RunTime:0.003049s ]
SQL: SELECT * FROM `tb_ath`  [ RunTime:0.002109s ]
SQL: SELECT * FROM `tb_md`  [ RunTime:0.000319s ]
INFO: [ view_parse ] --START--
INFO: ParseTemplate Behavior ::run [ RunTime:0.045165s ]
INFO: [ view_parse ] --END-- [ RunTime:0.045324s ]
INFO: [ view_filter ] --START--
INFO: ContentReplace Behavior ::run [ RunTime:0.000852s ]
INFO: TokenBuild Behavior ::run [ RunTime:0.000810s ]
INFO: WriteHtmlCache Behavior ::run [ RunTime:0.000622s ]
INFO: ShowRuntime Behavior ::run [ RunTime:0.000981s ]
INFO: [ view_filter ] --END-- [ RunTime:0.003591s ]
INFO: [ view_end ] --START--
INFO: ShowPageTrace Behavior ::run [ RunTime:0.001111s ]
INFO: [ view_end ] --END-- [ RunTime:0.001237s ]

