[ 2014-10-15T00:00:06+08:00 ] 127.0.0.1 /base/admin.php/U/gtxpg/x/center
INFO: [ route_check ] --START--
INFO: CheckRoute Behavior ::run [ RunTime:0.001149s ]
INFO: [ route_check ] --END-- [ RunTime:0.001237s ]
INFO: [ app_begin ] --START--
INFO: ReadHtmlCache Behavior ::run [ RunTime:0.000620s ]
INFO: [ app_begin ] --END-- [ RunTime:0.000676s ]
SQL: SHOW COLUMNS FROM `tb_u` [ RunTime:0.052736s ]
SQL: SELECT * FROM `tb_u` WHERE ( uid=1 ) LIMIT 1   [ RunTime:0.000532s ]
SQL: SELECT * FROM `tb_u` LEFT JOIN tb_ath ON f_athid=athid WHERE ( uid=1 ) LIMIT 1   [ RunTime:0.000504s ]
INFO: [ view_parse ] --START--
INFO: ParseTemplate Behavior ::run [ RunTime:0.010972s ]
INFO: [ view_parse ] --END-- [ RunTime:0.011062s ]
INFO: [ view_filter ] --START--
INFO: ContentReplace Behavior ::run [ RunTime:0.000494s ]
INFO: TokenBuild Behavior ::run [ RunTime:0.000481s ]
INFO: WriteHtmlCache Behavior ::run [ RunTime:0.000322s ]
INFO: ShowRuntime Behavior ::run [ RunTime:0.000541s ]
INFO: [ view_filter ] --END-- [ RunTime:0.001980s ]
INFO: [ view_end ] --START--
INFO: ShowPageTrace Behavior ::run [ RunTime:0.000682s ]
INFO: [ view_end ] --END-- [ RunTime:0.000731s ]

[ 2014-10-15T00:00:08+08:00 ] 127.0.0.1 /base/admin.php
INFO: [ app_begin ] --START--
INFO: ReadHtmlCache Behavior ::run [ RunTime:0.000963s ]
INFO: [ app_begin ] --END-- [ RunTime:0.001086s ]
SQL: SHOW COLUMNS FROM `tb_u` [ RunTime:0.002273s ]
SQL: SELECT * FROM `tb_u` WHERE ( uid=1 ) LIMIT 1   [ RunTime:0.000895s ]
SQL: SELECT * FROM `tb_u` WHERE ( uid=1 ) LIMIT 1   [ RunTime:0.000184s ]
SQL: SHOW COLUMNS FROM `tb_athmd` [ RunTime:0.002368s ]
SQL: SELECT * FROM `tb_athmd` LEFT JOIN tb_md ON f_mdid=mdid WHERE ( f_athid=1 AND q='y' )  [ RunTime:0.000518s ]
INFO: [ view_parse ] --START--
INFO: ParseTemplate Behavior ::run [ RunTime:0.012336s ]
INFO: [ view_parse ] --END-- [ RunTime:0.012432s ]
INFO: [ view_filter ] --START--
INFO: ContentReplace Behavior ::run [ RunTime:0.000522s ]
INFO: TokenBuild Behavior ::run [ RunTime:0.000497s ]
INFO: WriteHtmlCache Behavior ::run [ RunTime:0.000297s ]
INFO: ShowRuntime Behavior ::run [ RunTime:0.000562s ]
INFO: [ view_filter ] --END-- [ RunTime:0.002063s ]
INFO: [ view_end ] --START--
INFO: ShowPageTrace Behavior ::run [ RunTime:0.000686s ]
INFO: [ view_end ] --END-- [ RunTime:0.000736s ]

[ 2014-10-15T00:00:16+08:00 ] 127.0.0.1 /base/admin.php/U/query
INFO: [ route_check ] --START--
INFO: CheckRoute Behavior ::run [ RunTime:0.000851s ]
INFO: [ route_check ] --END-- [ RunTime:0.000935s ]
INFO: [ app_begin ] --START--
INFO: ReadHtmlCache Behavior ::run [ RunTime:0.000853s ]
INFO: [ app_begin ] --END-- [ RunTime:0.000920s ]
SQL: SHOW COLUMNS FROM `tb_u` [ RunTime:0.002171s ]
SQL: SELECT * FROM `tb_u` WHERE ( uid=1 ) LIMIT 1   [ RunTime:0.000676s ]
SQL: SHOW COLUMNS FROM `tb_md` [ RunTime:0.002056s ]
SQL: SELECT * FROM `tb_md` WHERE ( mdmk='U' ) LIMIT 1   [ RunTime:0.000702s ]
SQL: SELECT * FROM `tb_u` WHERE ( uid=1 ) LIMIT 1   [ RunTime:0.000161s ]
SQL: SHOW COLUMNS FROM `tb_athmd` [ RunTime:0.002101s ]
SQL: SELECT * FROM `tb_athmd` WHERE ( f_athid=1 AND f_mdid=2 ) LIMIT 1   [ RunTime:0.000920s ]
NOTIC: [8] Undefined index: NBsqlstc C:\AppServ\www\base\admin\Lib\NB\NBAction.class.php 第 49 行.
NOTIC: [8] Undefined index: NBsqlstc C:\AppServ\www\base\admin\Lib\NB\NBAction.class.php 第 49 行.
NOTIC: [8] Undefined index: fld C:\AppServ\www\base\admin\Lib\NB\NBAction.class.php 第 133 行.
NOTIC: [8] Undefined index: fld C:\AppServ\www\base\admin\Lib\NB\NBAction.class.php 第 135 行.
NOTIC: [8] Undefined index: cdt C:\AppServ\www\base\admin\Lib\NB\NBAction.class.php 第 138 行.
NOTIC: [8] Undefined index: cdt C:\AppServ\www\base\admin\Lib\NB\NBAction.class.php 第 140 行.
NOTIC: [8] Undefined index: spccdt C:\AppServ\www\base\admin\Lib\NB\NBAction.class.php 第 143 行.
NOTIC: [8] Undefined index: spccdt C:\AppServ\www\base\admin\Lib\NB\NBAction.class.php 第 145 行.
NOTIC: [8] Undefined index: odr C:\AppServ\www\base\admin\Lib\NB\NBAction.class.php 第 148 行.
NOTIC: [8] Undefined index: odr C:\AppServ\www\base\admin\Lib\NB\NBAction.class.php 第 150 行.
NOTIC: [8] Undefined index: lmt C:\AppServ\www\base\admin\Lib\NB\NBAction.class.php 第 153 行.
NOTIC: [8] Undefined index: lmt C:\AppServ\www\base\admin\Lib\NB\NBAction.class.php 第 155 行.
NOTIC: [8] Undefined variable: odrpcd C:\AppServ\www\base\admin\Lib\NB\NBAction.class.php 第 33 行.
SQL: SELECT `uid`,`unm`,`athnm`,`uaddtm`,`umdftm` FROM `tb_u` LEFT JOIN tb_ath ON f_athid=athid WHERE ( 1=1 ) ORDER BY uaddtm DESC  [ RunTime:0.000244s ]
NOTIC: [8] Undefined variable: sqlstc C:\AppServ\www\base\admin\Lib\NB\NBAction.class.php 第 195 行.
SQL: SELECT `uid`,`unm`,`athnm`,`uaddtm`,`umdftm` FROM `tb_u` LEFT JOIN tb_ath ON f_athid=athid WHERE ( 1=1 ) ORDER BY uaddtm DESC LIMIT 0,20   [ RunTime:0.000220s ]
NOTIC: [8] Undefined variable: sqlstc C:\AppServ\www\base\admin\Lib\NB\NBAction.class.php 第 253 行.
SQL: SHOW COLUMNS FROM `tb_ath` [ RunTime:0.002240s ]
SQL: SELECT * FROM `tb_ath`  [ RunTime:0.000633s ]
INFO: [ view_parse ] --START--
INFO: ParseTemplate Behavior ::run [ RunTime:0.019094s ]
INFO: [ view_parse ] --END-- [ RunTime:0.019195s ]
INFO: [ view_filter ] --START--
INFO: ContentReplace Behavior ::run [ RunTime:0.000903s ]
INFO: TokenBuild Behavior ::run [ RunTime:0.000749s ]
INFO: WriteHtmlCache Behavior ::run [ RunTime:0.000443s ]
INFO: ShowRuntime Behavior ::run [ RunTime:0.000846s ]
INFO: [ view_filter ] --END-- [ RunTime:0.003173s ]
INFO: [ view_end ] --START--
INFO: ShowPageTrace Behavior ::run [ RunTime:0.001766s ]
INFO: [ view_end ] --END-- [ RunTime:0.001861s ]

[ 2014-10-15T00:00:20+08:00 ] 127.0.0.1 /base/admin.php/U/gtxpg/x/updt/uid/0
INFO: [ route_check ] --START--
INFO: CheckRoute Behavior ::run [ RunTime:0.000828s ]
INFO: [ route_check ] --END-- [ RunTime:0.000913s ]
INFO: [ app_begin ] --START--
INFO: ReadHtmlCache Behavior ::run [ RunTime:0.000618s ]
INFO: [ app_begin ] --END-- [ RunTime:0.000673s ]
SQL: SHOW COLUMNS FROM `tb_u` [ RunTime:0.002476s ]
SQL: SELECT * FROM `tb_u` WHERE ( uid=1 ) LIMIT 1   [ RunTime:0.000734s ]
SQL: SHOW COLUMNS FROM `tb_md` [ RunTime:0.002090s ]
SQL: SELECT * FROM `tb_md` WHERE ( mdmk='U' ) LIMIT 1   [ RunTime:0.001253s ]
SQL: SELECT * FROM `tb_u` WHERE ( uid=1 ) LIMIT 1   [ RunTime:0.000209s ]
SQL: SHOW COLUMNS FROM `tb_athmd` [ RunTime:0.002292s ]
SQL: SELECT * FROM `tb_athmd` WHERE ( f_athid=1 AND f_mdid=2 ) LIMIT 1   [ RunTime:0.000669s ]
SQL: SHOW COLUMNS FROM `tb_ath` [ RunTime:0.001732s ]
SQL: SELECT * FROM `tb_ath`  [ RunTime:0.000548s ]
INFO: [ view_parse ] --START--
NOTIC: [8] Undefined index: unm C:\AppServ\www\base\admin\Runtime\Cache\0ba55c18692198d8a00b9c8b8757b7a3.php 第 45 行.
NOTIC: [8] Undefined index: upw C:\AppServ\www\base\admin\Runtime\Cache\0ba55c18692198d8a00b9c8b8757b7a3.php 第 46 行.
NOTIC: [8] Undefined index: upw C:\AppServ\www\base\admin\Runtime\Cache\0ba55c18692198d8a00b9c8b8757b7a3.php 第 47 行.
NOTIC: [8] Undefined index: f_athid C:\AppServ\www\base\admin\Runtime\Cache\0ba55c18692198d8a00b9c8b8757b7a3.php 第 77 行.
INFO: ParseTemplate Behavior ::run [ RunTime:0.013959s ]
INFO: [ view_parse ] --END-- [ RunTime:0.014039s ]
INFO: [ view_filter ] --START--
INFO: ContentReplace Behavior ::run [ RunTime:0.000541s ]
INFO: TokenBuild Behavior ::run [ RunTime:0.000499s ]
INFO: WriteHtmlCache Behavior ::run [ RunTime:0.000299s ]
INFO: ShowRuntime Behavior ::run [ RunTime:0.000673s ]
INFO: [ view_filter ] --END-- [ RunTime:0.002172s ]
INFO: [ view_end ] --START--
INFO: ShowPageTrace Behavior ::run [ RunTime:0.001037s ]
INFO: [ view_end ] --END-- [ RunTime:0.001111s ]

[ 2014-10-15T12:35:00+08:00 ] 127.0.0.1 /base/admin.php/
INFO: [ route_check ] --START--
INFO: CheckRoute Behavior ::run [ RunTime:0.001493s ]
INFO: [ route_check ] --END-- [ RunTime:0.001616s ]
INFO: [ app_begin ] --START--
INFO: ReadHtmlCache Behavior ::run [ RunTime:0.000872s ]
INFO: [ app_begin ] --END-- [ RunTime:0.000957s ]
SQL: SHOW COLUMNS FROM `tb_u` [ RunTime:0.070014s ]
SQL: SELECT * FROM `tb_u` WHERE ( uid=1 ) LIMIT 1   [ RunTime:0.000928s ]
SQL: SELECT * FROM `tb_u` WHERE ( uid=1 ) LIMIT 1   [ RunTime:0.000187s ]
SQL: SHOW COLUMNS FROM `tb_athmd` [ RunTime:0.032497s ]
SQL: SELECT * FROM `tb_athmd` LEFT JOIN tb_md ON f_mdid=mdid WHERE ( f_athid=1 AND q='y' )  [ RunTime:0.000937s ]
INFO: [ view_parse ] --START--
INFO: ParseTemplate Behavior ::run [ RunTime:0.012650s ]
INFO: [ view_parse ] --END-- [ RunTime:0.012741s ]
INFO: [ view_filter ] --START--
INFO: ContentReplace Behavior ::run [ RunTime:0.000522s ]
INFO: TokenBuild Behavior ::run [ RunTime:0.000397s ]
INFO: WriteHtmlCache Behavior ::run [ RunTime:0.000307s ]
INFO: ShowRuntime Behavior ::run [ RunTime:0.000572s ]
INFO: [ view_filter ] --END-- [ RunTime:0.001939s ]
INFO: [ view_end ] --START--
INFO: ShowPageTrace Behavior ::run [ RunTime:0.000696s ]
INFO: [ view_end ] --END-- [ RunTime:0.000746s ]

[ 2014-10-15T12:35:02+08:00 ] 127.0.0.1 /base/admin.php/Md/query
INFO: [ route_check ] --START--
INFO: CheckRoute Behavior ::run [ RunTime:0.000977s ]
INFO: [ route_check ] --END-- [ RunTime:0.001075s ]
INFO: [ app_begin ] --START--
INFO: ReadHtmlCache Behavior ::run [ RunTime:0.000781s ]
INFO: [ app_begin ] --END-- [ RunTime:0.000859s ]
SQL: SHOW COLUMNS FROM `tb_u` [ RunTime:0.002331s ]
SQL: SELECT * FROM `tb_u` WHERE ( uid=1 ) LIMIT 1   [ RunTime:0.001043s ]
SQL: SHOW COLUMNS FROM `tb_md` [ RunTime:0.002739s ]
SQL: SELECT * FROM `tb_md` WHERE ( mdmk='Md' ) LIMIT 1   [ RunTime:0.000797s ]
SQL: SELECT * FROM `tb_u` WHERE ( uid=1 ) LIMIT 1   [ RunTime:0.000170s ]
SQL: SHOW COLUMNS FROM `tb_athmd` [ RunTime:0.002092s ]
SQL: SELECT * FROM `tb_athmd` WHERE ( f_athid=1 AND f_mdid=1 ) LIMIT 1   [ RunTime:0.000906s ]
NOTIC: [8] Undefined index: NBsqlstc C:\AppServ\www\base\admin\Lib\NB\NBAction.class.php 第 49 行.
NOTIC: [8] Undefined index: NBsqlstc C:\AppServ\www\base\admin\Lib\NB\NBAction.class.php 第 49 行.
NOTIC: [8] Undefined index: fld C:\AppServ\www\base\admin\Lib\NB\NBAction.class.php 第 133 行.
NOTIC: [8] Undefined index: fld C:\AppServ\www\base\admin\Lib\NB\NBAction.class.php 第 135 行.
NOTIC: [8] Undefined index: cdt C:\AppServ\www\base\admin\Lib\NB\NBAction.class.php 第 138 行.
NOTIC: [8] Undefined index: cdt C:\AppServ\www\base\admin\Lib\NB\NBAction.class.php 第 140 行.
NOTIC: [8] Undefined index: spccdt C:\AppServ\www\base\admin\Lib\NB\NBAction.class.php 第 143 行.
NOTIC: [8] Undefined index: spccdt C:\AppServ\www\base\admin\Lib\NB\NBAction.class.php 第 145 行.
NOTIC: [8] Undefined index: odr C:\AppServ\www\base\admin\Lib\NB\NBAction.class.php 第 148 行.
NOTIC: [8] Undefined index: odr C:\AppServ\www\base\admin\Lib\NB\NBAction.class.php 第 150 行.
NOTIC: [8] Undefined index: lmt C:\AppServ\www\base\admin\Lib\NB\NBAction.class.php 第 153 行.
NOTIC: [8] Undefined index: lmt C:\AppServ\www\base\admin\Lib\NB\NBAction.class.php 第 155 行.
NOTIC: [8] Undefined variable: odrpcd C:\AppServ\www\base\admin\Lib\NB\NBAction.class.php 第 33 行.
SQL: SELECT `mdid`,`mdmk`,`mdnm` FROM `tb_md` WHERE ( 1=1 ) ORDER BY mdid ASC  [ RunTime:0.000238s ]
NOTIC: [8] Undefined variable: sqlstc C:\AppServ\www\base\admin\Lib\NB\NBAction.class.php 第 195 行.
SQL: SELECT `mdid`,`mdmk`,`mdnm` FROM `tb_md` WHERE ( 1=1 ) ORDER BY mdid ASC LIMIT 0,20   [ RunTime:0.000461s ]
NOTIC: [8] Undefined variable: sqlstc C:\AppServ\www\base\admin\Lib\NB\NBAction.class.php 第 253 行.
INFO: [ view_parse ] --START--
INFO: ParseTemplate Behavior ::run [ RunTime:0.015553s ]
INFO: [ view_parse ] --END-- [ RunTime:0.015644s ]
INFO: [ view_filter ] --START--
INFO: ContentReplace Behavior ::run [ RunTime:0.000522s ]
INFO: TokenBuild Behavior ::run [ RunTime:0.000407s ]
INFO: WriteHtmlCache Behavior ::run [ RunTime:0.000304s ]
INFO: ShowRuntime Behavior ::run [ RunTime:0.000569s ]
INFO: [ view_filter ] --END-- [ RunTime:0.001943s ]
INFO: [ view_end ] --START--
INFO: ShowPageTrace Behavior ::run [ RunTime:0.000679s ]
INFO: [ view_end ] --END-- [ RunTime:0.000727s ]

[ 2014-10-15T12:35:04+08:00 ] 127.0.0.1 /base/admin.php
INFO: [ app_begin ] --START--
INFO: ReadHtmlCache Behavior ::run [ RunTime:0.000843s ]
INFO: [ app_begin ] --END-- [ RunTime:0.000969s ]
SQL: SHOW COLUMNS FROM `tb_u` [ RunTime:0.002423s ]
SQL: SELECT * FROM `tb_u` WHERE ( uid=1 ) LIMIT 1   [ RunTime:0.000895s ]
SQL: SELECT * FROM `tb_u` WHERE ( uid=1 ) LIMIT 1   [ RunTime:0.000149s ]
SQL: SHOW COLUMNS FROM `tb_athmd` [ RunTime:0.002196s ]
SQL: SELECT * FROM `tb_athmd` LEFT JOIN tb_md ON f_mdid=mdid WHERE ( f_athid=1 AND q='y' )  [ RunTime:0.000704s ]
INFO: [ view_parse ] --START--
INFO: ParseTemplate Behavior ::run [ RunTime:0.013682s ]
INFO: [ view_parse ] --END-- [ RunTime:0.013804s ]
INFO: [ view_filter ] --START--
INFO: ContentReplace Behavior ::run [ RunTime:0.000734s ]
INFO: TokenBuild Behavior ::run [ RunTime:0.000576s ]
INFO: WriteHtmlCache Behavior ::run [ RunTime:0.000367s ]
INFO: ShowRuntime Behavior ::run [ RunTime:0.000602s ]
INFO: [ view_filter ] --END-- [ RunTime:0.002510s ]
INFO: [ view_end ] --START--
INFO: ShowPageTrace Behavior ::run [ RunTime:0.000864s ]
INFO: [ view_end ] --END-- [ RunTime:0.000929s ]

[ 2014-10-15T12:35:04+08:00 ] 127.0.0.1 /base/admin.php/Atc/query
INFO: [ route_check ] --START--
INFO: CheckRoute Behavior ::run [ RunTime:0.001136s ]
INFO: [ route_check ] --END-- [ RunTime:0.001236s ]
INFO: [ app_begin ] --START--
INFO: ReadHtmlCache Behavior ::run [ RunTime:0.000654s ]
INFO: [ app_begin ] --END-- [ RunTime:0.000722s ]
SQL: SHOW COLUMNS FROM `tb_u` [ RunTime:0.002374s ]
SQL: SELECT * FROM `tb_u` WHERE ( uid=1 ) LIMIT 1   [ RunTime:0.001061s ]
SQL: SHOW COLUMNS FROM `tb_md` [ RunTime:0.002035s ]
SQL: SELECT * FROM `tb_md` WHERE ( mdmk='Atc' ) LIMIT 1   [ RunTime:0.000860s ]
SQL: SELECT * FROM `tb_u` WHERE ( uid=1 ) LIMIT 1   [ RunTime:0.000177s ]
SQL: SHOW COLUMNS FROM `tb_athmd` [ RunTime:0.002520s ]
SQL: SELECT * FROM `tb_athmd` WHERE ( f_athid=1 AND f_mdid=6 ) LIMIT 1   [ RunTime:0.000809s ]
SQL: SHOW COLUMNS FROM `tb_atc` [ RunTime:0.022364s ]
NOTIC: [8] Undefined index: NBsqlstc C:\AppServ\www\base\admin\Lib\NB\NBAction.class.php 第 49 行.
NOTIC: [8] Undefined index: NBsqlstc C:\AppServ\www\base\admin\Lib\NB\NBAction.class.php 第 49 行.
NOTIC: [8] Undefined index: fld C:\AppServ\www\base\admin\Lib\NB\NBAction.class.php 第 133 行.
NOTIC: [8] Undefined index: fld C:\AppServ\www\base\admin\Lib\NB\NBAction.class.php 第 135 行.
NOTIC: [8] Undefined index: cdt C:\AppServ\www\base\admin\Lib\NB\NBAction.class.php 第 138 行.
NOTIC: [8] Undefined index: cdt C:\AppServ\www\base\admin\Lib\NB\NBAction.class.php 第 140 行.
NOTIC: [8] Undefined index: spccdt C:\AppServ\www\base\admin\Lib\NB\NBAction.class.php 第 143 行.
NOTIC: [8] Undefined index: spccdt C:\AppServ\www\base\admin\Lib\NB\NBAction.class.php 第 145 行.
NOTIC: [8] Undefined index: odr C:\AppServ\www\base\admin\Lib\NB\NBAction.class.php 第 148 行.
NOTIC: [8] Undefined index: odr C:\AppServ\www\base\admin\Lib\NB\NBAction.class.php 第 150 行.
NOTIC: [8] Undefined index: lmt C:\AppServ\www\base\admin\Lib\NB\NBAction.class.php 第 153 行.
NOTIC: [8] Undefined index: lmt C:\AppServ\www\base\admin\Lib\NB\NBAction.class.php 第 155 行.
NOTIC: [8] Undefined variable: odrpcd C:\AppServ\www\base\admin\Lib\NB\NBAction.class.php 第 35 行.
SQL: SELECT `atcid`,`bdnm`,`atctpc`,`atcath`,`atcaddtm`,`atcmdftm`,`atctp`,`atcps`,`atcanc`,`atcdnmc`,`atccnt` FROM `tb_atc` LEFT JOIN tb_bd ON f_bdid=bdid WHERE ( 1=1 ) ORDER BY atctp DESC,atcmdftm DESC  [ RunTime:0.015376s ]
NOTIC: [8] Undefined variable: sqlstc C:\AppServ\www\base\admin\Lib\NB\NBAction.class.php 第 195 行.
SQL: SELECT `atcid`,`bdnm`,`atctpc`,`atcath`,`atcaddtm`,`atcmdftm`,`atctp`,`atcps`,`atcanc`,`atcdnmc`,`atccnt` FROM `tb_atc` LEFT JOIN tb_bd ON f_bdid=bdid WHERE ( 1=1 ) ORDER BY atctp DESC,atcmdftm DESC LIMIT 0,20   [ RunTime:0.000420s ]
NOTIC: [8] Undefined variable: sqlstc C:\AppServ\www\base\admin\Lib\NB\NBAction.class.php 第 253 行.
SQL: SHOW COLUMNS FROM `tb_bd` [ RunTime:0.002084s ]
SQL: SELECT * FROM `tb_bd`  [ RunTime:0.000966s ]
SQL: SELECT * FROM `tb_bd` ORDER BY bdodr ASC  [ RunTime:0.000322s ]
INFO: [ view_parse ] --START--
INFO: ParseTemplate Behavior ::run [ RunTime:0.017976s ]
INFO: [ view_parse ] --END-- [ RunTime:0.018098s ]
INFO: [ view_filter ] --START--
INFO: ContentReplace Behavior ::run [ RunTime:0.000796s ]
INFO: TokenBuild Behavior ::run [ RunTime:0.000575s ]
INFO: WriteHtmlCache Behavior ::run [ RunTime:0.000514s ]
INFO: ShowRuntime Behavior ::run [ RunTime:0.000933s ]
INFO: [ view_filter ] --END-- [ RunTime:0.003049s ]
INFO: [ view_end ] --START--
INFO: ShowPageTrace Behavior ::run [ RunTime:0.001134s ]
INFO: [ view_end ] --END-- [ RunTime:0.001220s ]

