[ 2015-06-09T17:14:14+08:00 ] 127.0.0.1 /xx/admin.php/Cjzx/createAlways
INFO: [ route_check ] --START--
INFO: CheckRoute Behavior ::run [ RunTime:0.000772s ]
INFO: [ route_check ] --END-- [ RunTime:0.000916s ]
INFO: [ app_begin ] --START--
INFO: ReadHtmlCache Behavior ::run [ RunTime:0.000591s ]
INFO: [ app_begin ] --END-- [ RunTime:0.000697s ]
SQL: SHOW COLUMNS FROM `tb_grd` [ RunTime:0.003613s ]
SQL: SELECT * FROM `tb_grd` WHERE ( grdid=3 ) LIMIT 1   [ RunTime:0.000351s ]
SQL: SHOW COLUMNS FROM `tb_2014_cls` [ RunTime:0.003859s ]
SQL: SELECT * FROM `tb_2014_cls` LEFT JOIN tb_stt ON f_cls_sttid=sttid WHERE ( 1=1 AND f_cls_sttid=1 AND f_cls_grdid=3 AND clsactvt=1 ) ORDER BY clsnm DESC  [ RunTime:0.000604s ]
SQL: SELECT * FROM `tb_grd` WHERE ( grdid=3 ) LIMIT 1   [ RunTime:0.000342s ]
SQL: SHOW COLUMNS FROM `tb_xq` [ RunTime:0.003532s ]
SQL: SHOW COLUMNS FROM `tb_2014_sttintxq` [ RunTime:0.003647s ]
SQL: SELECT * FROM `tb_2014_sttintxq` WHERE ( f_sttintxq_sttid=1 ) LIMIT 1   [ RunTime:0.000381s ]
SQL: SELECT * FROM `tb_xq` WHERE ( xqid>=1 ) ORDER BY xqid DESC LIMIT 0,10   [ RunTime:0.000356s ]

[ 2015-06-09T17:14:42+08:00 ] 127.0.0.1 /xx/admin.php/Cjzx/createAlways
INFO: [ route_check ] --START--
INFO: CheckRoute Behavior ::run [ RunTime:0.000962s ]
INFO: [ route_check ] --END-- [ RunTime:0.001111s ]
INFO: [ app_begin ] --START--
INFO: ReadHtmlCache Behavior ::run [ RunTime:0.000667s ]
INFO: [ app_begin ] --END-- [ RunTime:0.000774s ]
SQL: SHOW COLUMNS FROM `tb_grd` [ RunTime:0.003889s ]
SQL: SELECT * FROM `tb_grd` WHERE ( grdid=3 ) LIMIT 1   [ RunTime:0.000388s ]
SQL: SHOW COLUMNS FROM `tb_2014_cls` [ RunTime:0.003614s ]
SQL: SELECT * FROM `tb_2014_cls` LEFT JOIN tb_stt ON f_cls_sttid=sttid WHERE ( 1=1 AND f_cls_sttid=1 AND f_cls_grdid=3 AND clsactvt=1 ) ORDER BY clsnm DESC  [ RunTime:0.000616s ]
SQL: SELECT * FROM `tb_grd` WHERE ( grdid=3 ) LIMIT 1   [ RunTime:0.000324s ]
SQL: SHOW COLUMNS FROM `tb_xq` [ RunTime:0.003573s ]
SQL: SHOW COLUMNS FROM `tb_2014_sttintxq` [ RunTime:0.003481s ]
SQL: SELECT * FROM `tb_2014_sttintxq` WHERE ( f_sttintxq_sttid=1 ) LIMIT 1   [ RunTime:0.000368s ]
SQL: SELECT * FROM `tb_xq` WHERE ( xqid>=1 ) ORDER BY xqid DESC LIMIT 0,10   [ RunTime:0.000359s ]
SQL: SHOW COLUMNS FROM `tb_2014_stdxqcls` [ RunTime:0.003706s ]
SQL: SELECT * FROM `tb_2014_stdxqcls` LEFT JOIN tb_2014_std ON f_stdxqcls_stdid=stdid WHERE ( f_stdxqcls_xqid=2 AND f_stdxqcls_clsid=11 AND f_std_statid=5 ) LIMIT 1   [ RunTime:0.000888s ]
SQL: SHOW COLUMNS FROM `tb_2014_cjzx` [ RunTime:0.003696s ]
SQL: SELECT * FROM `tb_2014_cjzx` LEFT JOIN tb_2014_pk ON f_cjzx_pkid=pkid LEFT JOIN tb_2014_kc ON f_pk_kcid=kcid LEFT JOIN tb_tcr ON f_pk_tcrid=tcrid WHERE ( f_cjzx_sttid=1 AND f_cjzx_xqid=2 AND f_cjzx_stdid=38 )  [ RunTime:0.004571s ]

[ 2015-06-09T17:14:45+08:00 ] 127.0.0.1 /xx/admin.php/Cjzx/query/fld/-cjzxid-f_cjzx_grdid-stdno-stdnm-sexnm-cjzxzf-cjzxqmf-cjzxpsf-cjzxxtf-cjzxbkf-cjzxsftj-f_stdxqcls_clsid-/cdt/-sp-f_cjzx_grdid-eq-3-sp-f_pk_grdid-eq-3-sp-f_std_grdid-eq-3-sp-f_cjzx_sttid-eq-1-sp-f_pk_sttid-eq-1-sp-f_std_sttid-eq-1-sp-f_cjzx_xqid-eq-2-sp-f_pk_xqid-eq-2-sp-f_stdxqcls_xqid-eq-2-sp-f_stdxqmj_xqid-eq-2-sp-f_stdxqcls_clsid-eq-11-sp-f_cjzx_pkid-eq-29-sp-f_std_statid-eq-5-sp-/spccdt/-sp-/odr/-f_mj_bxxsid%20ASC-clsid%20ASC-mjid%20ASC-stdno%20ASC-/lmt/100
INFO: [ route_check ] --START--
INFO: CheckRoute Behavior ::run [ RunTime:0.000775s ]
INFO: [ route_check ] --END-- [ RunTime:0.000917s ]
INFO: [ app_begin ] --START--
INFO: ReadHtmlCache Behavior ::run [ RunTime:0.000589s ]
INFO: [ app_begin ] --END-- [ RunTime:0.000715s ]
SQL: SHOW COLUMNS FROM `tb_usr` [ RunTime:0.004232s ]
SQL: SELECT * FROM `tb_usr` WHERE ( usrid=1 ) LIMIT 1   [ RunTime:0.000431s ]
SQL: SHOW COLUMNS FROM `tb_md` [ RunTime:0.003363s ]
SQL: SELECT * FROM `tb_md` WHERE ( mdmk='Cjzx' ) LIMIT 1   [ RunTime:0.000389s ]
SQL: SELECT * FROM `tb_usr` WHERE ( usrid=1 AND usrps=1 ) LIMIT 1   [ RunTime:0.000349s ]
SQL: SHOW COLUMNS FROM `tb_usrrl` [ RunTime:0.003745s ]
SQL: SELECT * FROM `tb_usrrl` WHERE ( f_usrrl_usrid=1 )  [ RunTime:0.000354s ]
SQL: SHOW COLUMNS FROM `tb_ath` [ RunTime:0.003338s ]
SQL: SELECT * FROM `tb_ath` WHERE ( f_ath_mdid=58 AND (f_ath_rlid=1) )  [ RunTime:0.000863s ]
SQL: SELECT * FROM `tb_md` WHERE ( mdid=58 ) LIMIT 1   [ RunTime:0.000254s ]
NOTIC: [8] Undefined index: cjzxid C:\wamp\www\xx\admin\Lib\IDTATH\IdtathAction.class.php 第 91 行.
SQL: SELECT * FROM `tb_md` WHERE ( mdmk='Usr' ) LIMIT 1   [ RunTime:0.000257s ]
SQL: SELECT * FROM `tb_usr` WHERE ( usrid=1 AND usrps=1 ) LIMIT 1   [ RunTime:0.000303s ]
SQL: SELECT * FROM `tb_usrrl` WHERE ( f_usrrl_usrid=1 )  [ RunTime:0.000262s ]
SQL: SELECT * FROM `tb_ath` WHERE ( f_ath_mdid=2 AND (f_ath_rlid=1) )  [ RunTime:0.000812s ]
SQL: SELECT COUNT(*) AS tp_count FROM `tb_usr` WHERE ( usrvw=0 ) LIMIT 1   [ RunTime:0.000257s ]
SQL: SELECT * FROM `tb_md` WHERE ( mdmk='Cstmusr' ) LIMIT 1   [ RunTime:0.000276s ]
SQL: SELECT * FROM `tb_usr` WHERE ( usrid=1 AND usrps=1 ) LIMIT 1   [ RunTime:0.000295s ]
SQL: SELECT * FROM `tb_usrrl` WHERE ( f_usrrl_usrid=1 )  [ RunTime:0.000258s ]
SQL: SELECT * FROM `tb_ath` WHERE ( f_ath_mdid=16 AND (f_ath_rlid=1) )  [ RunTime:0.001056s ]
SQL: SHOW COLUMNS FROM `tb_cstmusr` [ RunTime:0.004533s ]
SQL: SELECT COUNT(*) AS tp_count FROM `tb_cstmusr` WHERE ( cstmusrvw=0 ) LIMIT 1   [ RunTime:0.000309s ]
SQL: SELECT * FROM `tb_md` WHERE ( mdmk='Atc' ) LIMIT 1   [ RunTime:0.000266s ]
SQL: SELECT * FROM `tb_usr` WHERE ( usrid=1 AND usrps=1 ) LIMIT 1   [ RunTime:0.000309s ]
SQL: SELECT * FROM `tb_usrrl` WHERE ( f_usrrl_usrid=1 )  [ RunTime:0.000252s ]
SQL: SELECT * FROM `tb_ath` WHERE ( f_ath_mdid=6 AND (f_ath_rlid=1) )  [ RunTime:0.000819s ]
SQL: SHOW COLUMNS FROM `tb_atc` [ RunTime:0.003678s ]
SQL: SELECT COUNT(*) AS tp_count FROM `tb_atc` WHERE ( atcvw=0 ) LIMIT 1   [ RunTime:0.000283s ]
NOTIC: [8] Undefined variable: ntfstrusr C:\wamp\www\xx\admin\Lib\NTF\NTFAction.class.php 第 57 行.
NOTIC: [8] Undefined variable: ntfstratc C:\wamp\www\xx\admin\Lib\NTF\NTFAction.class.php 第 57 行.
NOTIC: [8] Undefined variable: ntfstrcstmusr C:\wamp\www\xx\admin\Lib\NTF\NTFAction.class.php 第 57 行.
SQL: SHOW COLUMNS FROM `tb_btn` [ RunTime:0.003281s ]
SQL: SELECT * FROM `tb_btn` WHERE ( f_btn_usrid=1 AND btnnm='lft' ) LIMIT 1   [ RunTime:0.000301s ]
SQL: SELECT * FROM `tb_btn` WHERE ( f_btn_usrid=1 AND btnnm='lft' ) LIMIT 1   [ RunTime:0.000263s ]
SQL: SELECT * FROM `tb_usrrl` WHERE ( f_usrrl_usrid=1 )  [ RunTime:0.000263s ]
SQL: SHOW COLUMNS FROM `tb_lb` [ RunTime:0.003238s ]
SQL: SHOW COLUMNS FROM `tb_lbmd` [ RunTime:0.003188s ]
SQL: SELECT * FROM `tb_lb`  [ RunTime:0.000270s ]
SQL: SELECT * FROM `tb_lbmd` LEFT JOIN tb_md ON f_lbmd_mdid=mdid WHERE ( f_lbmd_lbid=1 )  [ RunTime:0.000371s ]
SQL: SELECT * FROM `tb_ath` WHERE ( f_ath_mdid=1 AND (f_ath_rlid=1) )  [ RunTime:0.000818s ]
SQL: SELECT * FROM `tb_ath` WHERE ( f_ath_mdid=2 AND (f_ath_rlid=1) )  [ RunTime:0.001001s ]
SQL: SELECT * FROM `tb_ath` WHERE ( f_ath_mdid=3 AND (f_ath_rlid=1) )  [ RunTime:0.000841s ]
SQL: SELECT * FROM `tb_ath` WHERE ( f_ath_mdid=4 AND (f_ath_rlid=1) )  [ RunTime:0.000814s ]
SQL: SELECT * FROM `tb_ath` WHERE ( f_ath_mdid=5 AND (f_ath_rlid=1) )  [ RunTime:0.000807s ]
SQL: SELECT * FROM `tb_ath` WHERE ( f_ath_mdid=6 AND (f_ath_rlid=1) )  [ RunTime:0.000812s ]
SQL: SELECT * FROM `tb_ath` WHERE ( f_ath_mdid=7 AND (f_ath_rlid=1) )  [ RunTime:0.000803s ]
SQL: SELECT * FROM `tb_ath` WHERE ( f_ath_mdid=8 AND (f_ath_rlid=1) )  [ RunTime:0.000814s ]
SQL: SELECT * FROM `tb_ath` WHERE ( f_ath_mdid=9 AND (f_ath_rlid=1) )  [ RunTime:0.000812s ]
SQL: SELECT * FROM `tb_ath` WHERE ( f_ath_mdid=11 AND (f_ath_rlid=1) )  [ RunTime:0.000802s ]
SQL: SELECT * FROM `tb_ath` WHERE ( f_ath_mdid=12 AND (f_ath_rlid=1) )  [ RunTime:0.000808s ]
SQL: SELECT * FROM `tb_ath` WHERE ( f_ath_mdid=13 AND (f_ath_rlid=1) )  [ RunTime:0.000804s ]
SQL: SELECT * FROM `tb_ath` WHERE ( f_ath_mdid=14 AND (f_ath_rlid=1) )  [ RunTime:0.000810s ]
SQL: SELECT * FROM `tb_ath` WHERE ( f_ath_mdid=15 AND (f_ath_rlid=1) )  [ RunTime:0.000813s ]
SQL: SELECT * FROM `tb_ath` WHERE ( f_ath_mdid=24 AND (f_ath_rlid=1) )  [ RunTime:0.001273s ]
SQL: SELECT * FROM `tb_btn` WHERE ( f_btn_usrid=1 AND btnnm='bs1' ) LIMIT 1   [ RunTime:0.000381s ]
SQL: SELECT * FROM `tb_btn` WHERE ( f_btn_usrid=1 AND btnnm='bs1' ) LIMIT 1   [ RunTime:0.000316s ]
SQL: SELECT * FROM `tb_lbmd` LEFT JOIN tb_md ON f_lbmd_mdid=mdid WHERE ( f_lbmd_lbid=2 )  [ RunTime:0.000444s ]
SQL: SELECT * FROM `tb_ath` WHERE ( f_ath_mdid=16 AND (f_ath_rlid=1) )  [ RunTime:0.001272s ]
SQL: SELECT * FROM `tb_ath` WHERE ( f_ath_mdid=17 AND (f_ath_rlid=1) )  [ RunTime:0.001115s ]
SQL: SELECT * FROM `tb_ath` WHERE ( f_ath_mdid=18 AND (f_ath_rlid=1) )  [ RunTime:0.001258s ]
SQL: SELECT * FROM `tb_ath` WHERE ( f_ath_mdid=19 AND (f_ath_rlid=1) )  [ RunTime:0.000774s ]
SQL: SELECT * FROM `tb_ath` WHERE ( f_ath_mdid=20 AND (f_ath_rlid=1) )  [ RunTime:0.000781s ]
SQL: SELECT * FROM `tb_ath` WHERE ( f_ath_mdid=21 AND (f_ath_rlid=1) )  [ RunTime:0.000857s ]
SQL: SELECT * FROM `tb_ath` WHERE ( f_ath_mdid=22 AND (f_ath_rlid=1) )  [ RunTime:0.000893s ]
SQL: SELECT * FROM `tb_ath` WHERE ( f_ath_mdid=23 AND (f_ath_rlid=1) )  [ RunTime:0.000979s ]
SQL: SELECT * FROM `tb_btn` WHERE ( f_btn_usrid=1 AND btnnm='bs2' ) LIMIT 1   [ RunTime:0.000278s ]
SQL: SELECT * FROM `tb_btn` WHERE ( f_btn_usrid=1 AND btnnm='bs2' ) LIMIT 1   [ RunTime:0.000312s ]
SQL: SELECT * FROM `tb_lbmd` LEFT JOIN tb_md ON f_lbmd_mdid=mdid WHERE ( f_lbmd_lbid=3 )  [ RunTime:0.000482s ]
SQL: SELECT * FROM `tb_ath` WHERE ( f_ath_mdid=25 AND (f_ath_rlid=1) )  [ RunTime:0.001223s ]
SQL: SELECT * FROM `tb_ath` WHERE ( f_ath_mdid=26 AND (f_ath_rlid=1) )  [ RunTime:0.001224s ]
SQL: SELECT * FROM `tb_ath` WHERE ( f_ath_mdid=27 AND (f_ath_rlid=1) )  [ RunTime:0.001161s ]
SQL: SELECT * FROM `tb_ath` WHERE ( f_ath_mdid=28 AND (f_ath_rlid=1) )  [ RunTime:0.000776s ]
SQL: SELECT * FROM `tb_ath` WHERE ( f_ath_mdid=29 AND (f_ath_rlid=1) )  [ RunTime:0.000781s ]
SQL: SELECT * FROM `tb_ath` WHERE ( f_ath_mdid=30 AND (f_ath_rlid=1) )  [ RunTime:0.000816s ]
SQL: SELECT * FROM `tb_ath` WHERE ( f_ath_mdid=31 AND (f_ath_rlid=1) )  [ RunTime:0.000840s ]
SQL: SELECT * FROM `tb_ath` WHERE ( f_ath_mdid=32 AND (f_ath_rlid=1) )  [ RunTime:0.000928s ]
SQL: SELECT * FROM `tb_ath` WHERE ( f_ath_mdid=33 AND (f_ath_rlid=1) )  [ RunTime:0.001071s ]
SQL: SELECT * FROM `tb_ath` WHERE ( f_ath_mdid=34 AND (f_ath_rlid=1) )  [ RunTime:0.000844s ]
SQL: SELECT * FROM `tb_ath` WHERE ( f_ath_mdid=35 AND (f_ath_rlid=1) )  [ RunTime:0.000833s ]
SQL: SELECT * FROM `tb_ath` WHERE ( f_ath_mdid=36 AND (f_ath_rlid=1) )  [ RunTime:0.000915s ]
SQL: SELECT * FROM `tb_ath` WHERE ( f_ath_mdid=37 AND (f_ath_rlid=1) )  [ RunTime:0.000841s ]
SQL: SELECT * FROM `tb_ath` WHERE ( f_ath_mdid=38 AND (f_ath_rlid=1) )  [ RunTime:0.000811s ]
SQL: SELECT * FROM `tb_ath` WHERE ( f_ath_mdid=39 AND (f_ath_rlid=1) )  [ RunTime:0.000816s ]
SQL: SELECT * FROM `tb_ath` WHERE ( f_ath_mdid=40 AND (f_ath_rlid=1) )  [ RunTime:0.000831s ]
SQL: SELECT * FROM `tb_ath` WHERE ( f_ath_mdid=41 AND (f_ath_rlid=1) )  [ RunTime:0.000780s ]
SQL: SELECT * FROM `tb_ath` WHERE ( f_ath_mdid=42 AND (f_ath_rlid=1) )  [ RunTime:0.000768s ]
SQL: SELECT * FROM `tb_ath` WHERE ( f_ath_mdid=43 AND (f_ath_rlid=1) )  [ RunTime:0.000761s ]
SQL: SELECT * FROM `tb_ath` WHERE ( f_ath_mdid=44 AND (f_ath_rlid=1) )  [ RunTime:0.000767s ]
SQL: SELECT * FROM `tb_ath` WHERE ( f_ath_mdid=49 AND (f_ath_rlid=1) )  [ RunTime:0.000762s ]
SQL: SELECT * FROM `tb_btn` WHERE ( f_btn_usrid=1 AND btnnm='bs3' ) LIMIT 1   [ RunTime:0.000362s ]
SQL: SELECT * FROM `tb_btn` WHERE ( f_btn_usrid=1 AND btnnm='bs3' ) LIMIT 1   [ RunTime:0.000253s ]
SQL: SELECT * FROM `tb_lbmd` LEFT JOIN tb_md ON f_lbmd_mdid=mdid WHERE ( f_lbmd_lbid=4 )  [ RunTime:0.000332s ]
SQL: SELECT * FROM `tb_ath` WHERE ( f_ath_mdid=45 AND (f_ath_rlid=1) )  [ RunTime:0.000815s ]
SQL: SELECT * FROM `tb_ath` WHERE ( f_ath_mdid=50 AND (f_ath_rlid=1) )  [ RunTime:0.000817s ]
SQL: SELECT * FROM `tb_ath` WHERE ( f_ath_mdid=51 AND (f_ath_rlid=1) )  [ RunTime:0.000817s ]
SQL: SELECT * FROM `tb_btn` WHERE ( f_btn_usrid=1 AND btnnm='bs4' ) LIMIT 1   [ RunTime:0.000267s ]
SQL: SELECT * FROM `tb_btn` WHERE ( f_btn_usrid=1 AND btnnm='bs4' ) LIMIT 1   [ RunTime:0.000261s ]
SQL: SELECT * FROM `tb_lbmd` LEFT JOIN tb_md ON f_lbmd_mdid=mdid WHERE ( f_lbmd_lbid=5 )  [ RunTime:0.000301s ]
SQL: SELECT * FROM `tb_ath` WHERE ( f_ath_mdid=46 AND (f_ath_rlid=1) )  [ RunTime:0.000815s ]
SQL: SELECT * FROM `tb_ath` WHERE ( f_ath_mdid=47 AND (f_ath_rlid=1) )  [ RunTime:0.000810s ]
SQL: SELECT * FROM `tb_ath` WHERE ( f_ath_mdid=48 AND (f_ath_rlid=1) )  [ RunTime:0.000809s ]
SQL: SELECT * FROM `tb_btn` WHERE ( f_btn_usrid=1 AND btnnm='bs5' ) LIMIT 1   [ RunTime:0.000265s ]
SQL: SELECT * FROM `tb_btn` WHERE ( f_btn_usrid=1 AND btnnm='bs5' ) LIMIT 1   [ RunTime:0.000261s ]
SQL: SELECT * FROM `tb_lbmd` LEFT JOIN tb_md ON f_lbmd_mdid=mdid WHERE ( f_lbmd_lbid=6 )  [ RunTime:0.000316s ]
SQL: SELECT * FROM `tb_ath` WHERE ( f_ath_mdid=52 AND (f_ath_rlid=1) )  [ RunTime:0.000817s ]
SQL: SELECT * FROM `tb_ath` WHERE ( f_ath_mdid=53 AND (f_ath_rlid=1) )  [ RunTime:0.001011s ]
SQL: SELECT * FROM `tb_ath` WHERE ( f_ath_mdid=54 AND (f_ath_rlid=1) )  [ RunTime:0.000840s ]
SQL: SELECT * FROM `tb_ath` WHERE ( f_ath_mdid=55 AND (f_ath_rlid=1) )  [ RunTime:0.000923s ]
SQL: SELECT * FROM `tb_ath` WHERE ( f_ath_mdid=56 AND (f_ath_rlid=1) )  [ RunTime:0.000822s ]
SQL: SELECT * FROM `tb_ath` WHERE ( f_ath_mdid=57 AND (f_ath_rlid=1) )  [ RunTime:0.000818s ]
SQL: SELECT * FROM `tb_ath` WHERE ( f_ath_mdid=58 AND (f_ath_rlid=1) )  [ RunTime:0.000812s ]
SQL: SELECT * FROM `tb_btn` WHERE ( f_btn_usrid=1 AND btnnm='bs6' ) LIMIT 1   [ RunTime:0.000296s ]
SQL: SELECT * FROM `tb_btn` WHERE ( f_btn_usrid=1 AND btnnm='bs6' ) LIMIT 1   [ RunTime:0.000315s ]
SQL: SELECT * FROM `tb_md` WHERE ( mdmk='Stt' ) LIMIT 1   [ RunTime:0.000265s ]
SQL: SELECT * FROM `tb_usr` WHERE ( usrid=1 AND usrps=1 ) LIMIT 1   [ RunTime:0.000304s ]
SQL: SELECT * FROM `tb_usrrl` WHERE ( f_usrrl_usrid=1 )  [ RunTime:0.000260s ]
SQL: SELECT * FROM `tb_ath` WHERE ( f_ath_mdid=25 AND (f_ath_rlid=1) )  [ RunTime:0.000814s ]
SQL: SELECT * FROM `tb_usr` WHERE ( usrid=1 ) LIMIT 1   [ RunTime:0.000289s ]
SQL: SHOW COLUMNS FROM `tb_grd` [ RunTime:0.003419s ]
SQL: SELECT * FROM `tb_grd` WHERE ( grdid=3 ) LIMIT 1   [ RunTime:0.000328s ]
SQL: SHOW COLUMNS FROM `tb_2014_cjzx` [ RunTime:0.003455s ]
SQL: SHOW COLUMNS FROM `tb_xq` [ RunTime:0.003112s ]
SQL: SELECT * FROM `tb_xq` WHERE ( xqdq=1 ) LIMIT 1   [ RunTime:0.000289s ]
SQL: SHOW COLUMNS FROM `tb_2014_sttintxq` [ RunTime:0.003164s ]
SQL: SELECT * FROM `tb_2014_sttintxq` WHERE ( f_sttintxq_grdid=3 AND f_sttintxq_sttid=1 ) LIMIT 1   [ RunTime:0.000298s ]
NOTIC: [2] Missing argument 8 for NBAction::NB(), called in C:\wamp\www\xx\admin\Lib\Action\CjzxAction.class.php on line 265 and defined C:\wamp\www\xx\admin\Lib\NB\NBAction.class.php 第 46 行.
NOTIC: [8] Undefined index: NBsqlstc C:\wamp\www\xx\admin\Lib\NB\NBAction.class.php 第 49 行.
NOTIC: [8] Undefined index: NBsqlstc C:\wamp\www\xx\admin\Lib\NB\NBAction.class.php 第 49 行.
NOTIC: [8] Undefined index: fld C:\wamp\www\xx\admin\Lib\NB\NBAction.class.php 第 139 行.
NOTIC: [8] Undefined index: cdt C:\wamp\www\xx\admin\Lib\NB\NBAction.class.php 第 144 行.
NOTIC: [8] Undefined index: spccdt C:\wamp\www\xx\admin\Lib\NB\NBAction.class.php 第 149 行.
NOTIC: [8] Undefined index: odr C:\wamp\www\xx\admin\Lib\NB\NBAction.class.php 第 154 行.
NOTIC: [8] Undefined index: lmt C:\wamp\www\xx\admin\Lib\NB\NBAction.class.php 第 159 行.
NOTIC: [8] Undefined variable: odrpcd C:\wamp\www\xx\admin\Lib\NB\NBAction.class.php 第 35 行.
NOTIC: [8] Undefined variable: lsyon C:\wamp\www\xx\admin\Lib\NB\NBAction.class.php 第 182 行.
SQL: SELECT COUNT(*) AS tp_count FROM `tb_2014_cjzx` LEFT JOIN tb_2014_std ON f_cjzx_stdid=stdid inner join tb_2014_stdxqcls ON stdid=f_stdxqcls_stdid inner join tb_2014_stdxqmj ON stdid=f_stdxqmj_stdid LEFT JOIN tb_2014_pk ON f_cjzx_pkid=pkid LEFT JOIN tb_stt ON f_cjzx_sttid=sttid LEFT JOIN tb_grd ON f_cjzx_grdid=grdid LEFT JOIN tb_2014_kc ON f_pk_kcid=kcid LEFT JOIN tb_tcr ON f_pk_tcrid=tcrid LEFT JOIN tb_xq ON f_cjzx_xqid=xqid LEFT JOIN tb_2014_mj ON f_stdxqmj_mjid=mjid LEFT JOIN tb_bxxs ON f_mj_bxxsid=bxxsid LEFT JOIN tb_cc ON f_mj_ccid=ccid LEFT JOIN tb_kl ON f_mj_klid=klid LEFT JOIN tb_xxxs ON f_mj_xxxsid=xxxsid LEFT JOIN tb_zsfw ON f_mj_zsfwid=zsfwid LEFT JOIN tb_xz ON f_mj_xzid=xzid LEFT JOIN tb_2014_cls ON f_stdxqcls_clsid=clsid LEFT JOIN tb_dm ON f_std_dmid=dmid LEFT JOIN tb_sex ON f_std_sexid=sexid LEFT JOIN tb_rc ON f_std_rcid=rcid LEFT JOIN tb_zzmm ON f_std_zzmmid=zzmmid LEFT JOIN tb_xl ON f_std_xlid=xlid LEFT JOIN tb_stat ON f_std_statid=statid WHERE ( 1=1 AND f_cjzx_grdid=3 AND f_pk_grdid=3 AND f_std_grdid=3 AND f_cjzx_sttid=1 AND f_pk_sttid=1 AND f_std_sttid=1 AND f_cjzx_xqid=2 AND f_pk_xqid=2 AND f_stdxqcls_xqid=2 AND f_stdxqmj_xqid=2 AND f_stdxqcls_clsid=11 AND f_cjzx_pkid=29 AND f_std_statid=5 ) ORDER BY f_mj_bxxsid ASC,clsid ASC,mjid ASC,stdno ASC LIMIT 1   [ RunTime:0.006147s ]
NOTIC: [8] Undefined variable: sqlstc C:\wamp\www\xx\admin\Lib\NB\NBAction.class.php 第 204 行.
SQL: SELECT `cjzxid`,`f_cjzx_grdid`,`stdno`,`stdnm`,`sexnm`,`cjzxzf`,`cjzxqmf`,`cjzxpsf`,`cjzxxtf`,`cjzxbkf`,`cjzxsftj`,`f_stdxqcls_clsid` FROM `tb_2014_cjzx` LEFT JOIN tb_2014_std ON f_cjzx_stdid=stdid inner join tb_2014_stdxqcls ON stdid=f_stdxqcls_stdid inner join tb_2014_stdxqmj ON stdid=f_stdxqmj_stdid LEFT JOIN tb_2014_pk ON f_cjzx_pkid=pkid LEFT JOIN tb_stt ON f_cjzx_sttid=sttid LEFT JOIN tb_grd ON f_cjzx_grdid=grdid LEFT JOIN tb_2014_kc ON f_pk_kcid=kcid LEFT JOIN tb_tcr ON f_pk_tcrid=tcrid LEFT JOIN tb_xq ON f_cjzx_xqid=xqid LEFT JOIN tb_2014_mj ON f_stdxqmj_mjid=mjid LEFT JOIN tb_bxxs ON f_mj_bxxsid=bxxsid LEFT JOIN tb_cc ON f_mj_ccid=ccid LEFT JOIN tb_kl ON f_mj_klid=klid LEFT JOIN tb_xxxs ON f_mj_xxxsid=xxxsid LEFT JOIN tb_zsfw ON f_mj_zsfwid=zsfwid LEFT JOIN tb_xz ON f_mj_xzid=xzid LEFT JOIN tb_2014_cls ON f_stdxqcls_clsid=clsid LEFT JOIN tb_dm ON f_std_dmid=dmid LEFT JOIN tb_sex ON f_std_sexid=sexid LEFT JOIN tb_rc ON f_std_rcid=rcid LEFT JOIN tb_zzmm ON f_std_zzmmid=zzmmid LEFT JOIN tb_xl ON f_std_xlid=xlid LEFT JOIN tb_stat ON f_std_statid=statid WHERE ( 1=1 AND f_cjzx_grdid=3 AND f_pk_grdid=3 AND f_std_grdid=3 AND f_cjzx_sttid=1 AND f_pk_sttid=1 AND f_std_sttid=1 AND f_cjzx_xqid=2 AND f_pk_xqid=2 AND f_stdxqcls_xqid=2 AND f_stdxqmj_xqid=2 AND f_stdxqcls_clsid=11 AND f_cjzx_pkid=29 AND f_std_statid=5 ) ORDER BY f_mj_bxxsid ASC,clsid ASC,mjid ASC,stdno ASC LIMIT 0,100   [ RunTime:0.009481s ]
NOTIC: [8] Undefined variable: sqlstc C:\wamp\www\xx\admin\Lib\NB\NBAction.class.php 第 261 行.
NOTIC: [8] Undefined variable: mlsforcount C:\wamp\www\xx\admin\Lib\NB\NBAction.class.php 第 270 行.
SQL: SHOW COLUMNS FROM `tb_2014_bzr` [ RunTime:0.003683s ]
SQL: SELECT * FROM `tb_2014_bzr` WHERE ( f_bzr_clsid=11 ) LIMIT 1   [ RunTime:0.000400s ]
SQL: SELECT * FROM `tb_2014_bzr` WHERE ( f_bzr_clsid=11 ) LIMIT 1   [ RunTime:0.000305s ]
SQL: SELECT * FROM `tb_2014_bzr` WHERE ( f_bzr_clsid=11 ) LIMIT 1   [ RunTime:0.000292s ]
SQL: SELECT * FROM `tb_2014_bzr` WHERE ( f_bzr_clsid=11 ) LIMIT 1   [ RunTime:0.000261s ]
SQL: SELECT * FROM `tb_2014_bzr` WHERE ( f_bzr_clsid=11 ) LIMIT 1   [ RunTime:0.000261s ]
SQL: SELECT * FROM `tb_2014_bzr` WHERE ( f_bzr_clsid=11 ) LIMIT 1   [ RunTime:0.000257s ]
SQL: SELECT * FROM `tb_2014_bzr` WHERE ( f_bzr_clsid=11 ) LIMIT 1   [ RunTime:0.000254s ]
SQL: SELECT * FROM `tb_2014_bzr` WHERE ( f_bzr_clsid=11 ) LIMIT 1   [ RunTime:0.000251s ]
SQL: SELECT * FROM `tb_2014_bzr` WHERE ( f_bzr_clsid=11 ) LIMIT 1   [ RunTime:0.000694s ]
SQL: SELECT * FROM `tb_2014_bzr` WHERE ( f_bzr_clsid=11 ) LIMIT 1   [ RunTime:0.000287s ]
SQL: SELECT * FROM `tb_2014_bzr` WHERE ( f_bzr_clsid=11 ) LIMIT 1   [ RunTime:0.000254s ]
SQL: SELECT * FROM `tb_2014_bzr` WHERE ( f_bzr_clsid=11 ) LIMIT 1   [ RunTime:0.000262s ]
SQL: SELECT * FROM `tb_2014_bzr` WHERE ( f_bzr_clsid=11 ) LIMIT 1   [ RunTime:0.001043s ]
SQL: SELECT * FROM `tb_2014_bzr` WHERE ( f_bzr_clsid=11 ) LIMIT 1   [ RunTime:0.000260s ]
SQL: SELECT * FROM `tb_2014_bzr` WHERE ( f_bzr_clsid=11 ) LIMIT 1   [ RunTime:0.000254s ]
SQL: SELECT * FROM `tb_2014_bzr` WHERE ( f_bzr_clsid=11 ) LIMIT 1   [ RunTime:0.000252s ]
SQL: SELECT * FROM `tb_2014_bzr` WHERE ( f_bzr_clsid=11 ) LIMIT 1   [ RunTime:0.000251s ]
SQL: SELECT * FROM `tb_2014_bzr` WHERE ( f_bzr_clsid=11 ) LIMIT 1   [ RunTime:0.000256s ]
SQL: SELECT * FROM `tb_2014_bzr` WHERE ( f_bzr_clsid=11 ) LIMIT 1   [ RunTime:0.000247s ]
SQL: SELECT * FROM `tb_2014_bzr` WHERE ( f_bzr_clsid=11 ) LIMIT 1   [ RunTime:0.000251s ]
SQL: SELECT * FROM `tb_2014_bzr` WHERE ( f_bzr_clsid=11 ) LIMIT 1   [ RunTime:0.000251s ]
SQL: SELECT * FROM `tb_2014_bzr` WHERE ( f_bzr_clsid=11 ) LIMIT 1   [ RunTime:0.000250s ]
SQL: SELECT * FROM `tb_2014_bzr` WHERE ( f_bzr_clsid=11 ) LIMIT 1   [ RunTime:0.000250s ]
SQL: SELECT * FROM `tb_2014_bzr` WHERE ( f_bzr_clsid=11 ) LIMIT 1   [ RunTime:0.000258s ]
SQL: SELECT * FROM `tb_2014_bzr` WHERE ( f_bzr_clsid=11 ) LIMIT 1   [ RunTime:0.000248s ]
SQL: SELECT * FROM `tb_2014_bzr` WHERE ( f_bzr_clsid=11 ) LIMIT 1   [ RunTime:0.000249s ]
SQL: SELECT * FROM `tb_2014_bzr` WHERE ( f_bzr_clsid=11 ) LIMIT 1   [ RunTime:0.000252s ]
SQL: SELECT * FROM `tb_2014_bzr` WHERE ( f_bzr_clsid=11 ) LIMIT 1   [ RunTime:0.000252s ]
SQL: SELECT * FROM `tb_2014_bzr` WHERE ( f_bzr_clsid=11 ) LIMIT 1   [ RunTime:0.000246s ]
SQL: SELECT * FROM `tb_2014_bzr` WHERE ( f_bzr_clsid=11 ) LIMIT 1   [ RunTime:0.000248s ]
SQL: SELECT * FROM `tb_2014_bzr` WHERE ( f_bzr_clsid=11 ) LIMIT 1   [ RunTime:0.000250s ]
SQL: SELECT * FROM `tb_2014_bzr` WHERE ( f_bzr_clsid=11 ) LIMIT 1   [ RunTime:0.000250s ]
SQL: SELECT * FROM `tb_2014_bzr` WHERE ( f_bzr_clsid=11 ) LIMIT 1   [ RunTime:0.000250s ]
SQL: SELECT * FROM `tb_2014_bzr` WHERE ( f_bzr_clsid=11 ) LIMIT 1   [ RunTime:0.000741s ]
SQL: SELECT * FROM `tb_2014_bzr` WHERE ( f_bzr_clsid=11 ) LIMIT 1   [ RunTime:0.000276s ]
SQL: SELECT * FROM `tb_2014_bzr` WHERE ( f_bzr_clsid=11 ) LIMIT 1   [ RunTime:0.000265s ]
SQL: SELECT * FROM `tb_2014_bzr` WHERE ( f_bzr_clsid=11 ) LIMIT 1   [ RunTime:0.000366s ]
SQL: SHOW COLUMNS FROM `tb_2014_pk` [ RunTime:0.003479s ]
SQL: SELECT * FROM `tb_2014_pk` LEFT JOIN tb_2014_kc ON f_pk_kcid=kcid LEFT JOIN tb_tcr ON f_pk_tcrid=tcrid WHERE ( pkid=29 ) LIMIT 1   [ RunTime:0.000421s ]
SQL: SELECT * FROM `tb_grd` WHERE ( grdid=3 ) LIMIT 1   [ RunTime:0.000248s ]
SQL: SELECT * FROM `tb_grd` ORDER BY grdnm DESC  [ RunTime:0.000260s ]
SQL: SHOW COLUMNS FROM `tb_stt` [ RunTime:0.003367s ]
SQL: SELECT * FROM `tb_stt`  [ RunTime:0.000295s ]
SQL: SELECT * FROM `tb_grd` WHERE ( grdid=3 ) LIMIT 1   [ RunTime:0.000264s ]
SQL: SELECT * FROM `tb_2014_sttintxq` WHERE ( f_sttintxq_sttid=1 ) LIMIT 1   [ RunTime:0.000264s ]
SQL: SELECT * FROM `tb_xq` WHERE ( xqid>=1 ) ORDER BY xqid DESC LIMIT 0,10   [ RunTime:0.000684s ]
SQL: SHOW COLUMNS FROM `tb_2014_cls` [ RunTime:0.003638s ]
SQL: SELECT * FROM `tb_2014_cls` LEFT JOIN tb_stt ON f_cls_sttid=sttid WHERE ( 1=1 AND f_cls_sttid=1 AND f_cls_grdid=3 AND clsactvt=1 ) ORDER BY clsnm ASC  [ RunTime:0.000523s ]
SQL: SHOW COLUMNS FROM `tb_2014_stdxqcls` [ RunTime:0.003415s ]
SQL: SELECT * FROM `tb_2014_stdxqcls` LEFT JOIN tb_2014_std ON f_stdxqcls_stdid=stdid LEFT JOIN tb_2014_cls ON f_stdxqcls_clsid=clsid WHERE ( f_stdxqcls_xqid=2 AND f_stdxqcls_clsid=11 AND f_std_statid=5 ) LIMIT 1   [ RunTime:0.000834s ]
SQL: SELECT * FROM `tb_2014_cjzx` LEFT JOIN tb_2014_pk ON f_cjzx_pkid=pkid LEFT JOIN tb_2014_kc ON f_pk_kcid=kcid LEFT JOIN tb_tcr ON f_pk_tcrid=tcrid WHERE ( f_cjzx_sttid=1 AND f_cjzx_xqid=2 AND f_cjzx_stdid=38 )  [ RunTime:0.004239s ]
INFO: [ view_parse ] --START--
NOTIC: [8] Use of undefined constant lbid - assumed 'lbid' C:\wamp\www\xx\admin\Runtime\Cache\e30e6bec09773dd3f233c6fbddf04d2f.php 第 159 行.
NOTIC: [8] Use of undefined constant lbid - assumed 'lbid' C:\wamp\www\xx\admin\Runtime\Cache\e30e6bec09773dd3f233c6fbddf04d2f.php 第 159 行.
NOTIC: [8] Use of undefined constant lbid - assumed 'lbid' C:\wamp\www\xx\admin\Runtime\Cache\e30e6bec09773dd3f233c6fbddf04d2f.php 第 159 行.
NOTIC: [8] Use of undefined constant lbid - assumed 'lbid' C:\wamp\www\xx\admin\Runtime\Cache\e30e6bec09773dd3f233c6fbddf04d2f.php 第 159 行.
NOTIC: [8] Use of undefined constant lbid - assumed 'lbid' C:\wamp\www\xx\admin\Runtime\Cache\e30e6bec09773dd3f233c6fbddf04d2f.php 第 159 行.
NOTIC: [8] Use of undefined constant lbid - assumed 'lbid' C:\wamp\www\xx\admin\Runtime\Cache\e30e6bec09773dd3f233c6fbddf04d2f.php 第 159 行.
INFO: ParseTemplate Behavior ::run [ RunTime:0.043475s ]
INFO: [ view_parse ] --END-- [ RunTime:0.043663s ]
INFO: [ view_filter ] --START--
INFO: ContentReplace Behavior ::run [ RunTime:0.001079s ]
INFO: TokenBuild Behavior ::run [ RunTime:0.000623s ]
INFO: WriteHtmlCache Behavior ::run [ RunTime:0.000546s ]
INFO: ShowRuntime Behavior ::run [ RunTime:0.000797s ]
INFO: [ view_filter ] --END-- [ RunTime:0.003415s ]
INFO: [ view_end ] --START--
INFO: ShowPageTrace Behavior ::run [ RunTime:0.000738s ]
INFO: [ view_end ] --END-- [ RunTime:0.000860s ]

[ 2015-06-09T17:15:13+08:00 ] 127.0.0.1 /xx/admin.php/Btn/update
INFO: [ route_check ] --START--
INFO: CheckRoute Behavior ::run [ RunTime:0.000768s ]
INFO: [ route_check ] --END-- [ RunTime:0.000913s ]
INFO: [ app_begin ] --START--
INFO: ReadHtmlCache Behavior ::run [ RunTime:0.000593s ]
INFO: [ app_begin ] --END-- [ RunTime:0.000699s ]
SQL: SHOW COLUMNS FROM `tb_btn` [ RunTime:0.003612s ]
SQL: SELECT * FROM `tb_btn` WHERE ( f_btn_usrid=1 AND btnnm='bs6' ) LIMIT 1   [ RunTime:0.000444s ]
SQL: SELECT * FROM `tb_btn` WHERE ( f_btn_usrid=1 AND btnnm='bs6' ) LIMIT 1   [ RunTime:0.000332s ]
SQL: UPDATE `tb_btn` SET `btnvl`='glyphicon glyphicon-triangle-bottom' WHERE ( btnid=30 ) [ RunTime:0.146978s ]

[ 2015-06-09T17:15:16+08:00 ] 127.0.0.1 /xx/admin.php/Btn/update
INFO: [ route_check ] --START--
INFO: CheckRoute Behavior ::run [ RunTime:0.000792s ]
INFO: [ route_check ] --END-- [ RunTime:0.000945s ]
INFO: [ app_begin ] --START--
INFO: ReadHtmlCache Behavior ::run [ RunTime:0.000722s ]
INFO: [ app_begin ] --END-- [ RunTime:0.000843s ]
SQL: SHOW COLUMNS FROM `tb_btn` [ RunTime:0.005247s ]
SQL: SELECT * FROM `tb_btn` WHERE ( f_btn_usrid=1 AND btnnm='bs6' ) LIMIT 1   [ RunTime:0.000407s ]
SQL: SELECT * FROM `tb_btn` WHERE ( f_btn_usrid=1 AND btnnm='bs6' ) LIMIT 1   [ RunTime:0.000260s ]
SQL: UPDATE `tb_btn` SET `btnvl`='glyphicon glyphicon-triangle-top' WHERE ( btnid=30 ) [ RunTime:0.115119s ]

