[ 2015-05-29T00:08:49+08:00 ] 127.0.0.1 /xx/admin.php/Xls/outputchengheng
INFO: [ route_check ] --START--
INFO: CheckRoute Behavior ::run [ RunTime:0.001092s ]
INFO: [ route_check ] --END-- [ RunTime:0.001239s ]
INFO: [ app_begin ] --START--
INFO: ReadHtmlCache Behavior ::run [ RunTime:0.000845s ]
INFO: [ app_begin ] --END-- [ RunTime:0.000972s ]
SQL: SHOW COLUMNS FROM `tb_zssz` [ RunTime:0.054183s ]
SQL: SELECT * FROM `tb_zssz` LIMIT 1   [ RunTime:0.000383s ]
SQL: SHOW COLUMNS FROM `tb_grd` [ RunTime:0.020932s ]
SQL: SELECT * FROM `tb_grd` WHERE ( grdid=4 ) LIMIT 1   [ RunTime:0.000424s ]
SQL: SHOW COLUMNS FROM `tb_xn` [ RunTime:0.004500s ]
SQL: SELECT * FROM `tb_xn` WHERE ( xnnm='2015' ) LIMIT 1   [ RunTime:0.000390s ]
SQL: SHOW COLUMNS FROM `tb_bxxs` [ RunTime:0.005038s ]
SQL: SELECT * FROM `tb_bxxs` WHERE ( bxxsid=4 ) LIMIT 1   [ RunTime:0.000447s ]
SQL: SHOW COLUMNS FROM `tb_2015_cw` [ RunTime:0.004858s ]
NOTIC: [8] Undefined variable: lmtint C:\wamp\www\xx\admin\Lib\Action\XlsAction.class.php 第 259 行.
NOTIC: [8] Undefined index: NBsqlstc C:\wamp\www\xx\admin\Lib\NB\NBAction.class.php 第 49 行.
NOTIC: [8] Undefined index: NBsqlstc C:\wamp\www\xx\admin\Lib\NB\NBAction.class.php 第 49 行.
NOTIC: [8] Undefined index: fld C:\wamp\www\xx\admin\Lib\NB\NBAction.class.php 第 139 行.
NOTIC: [8] Undefined index: fld C:\wamp\www\xx\admin\Lib\NB\NBAction.class.php 第 141 行.
NOTIC: [8] Undefined index: cdt C:\wamp\www\xx\admin\Lib\NB\NBAction.class.php 第 144 行.
NOTIC: [8] Undefined index: cdt C:\wamp\www\xx\admin\Lib\NB\NBAction.class.php 第 146 行.
NOTIC: [8] Undefined index: spccdt C:\wamp\www\xx\admin\Lib\NB\NBAction.class.php 第 149 行.
NOTIC: [8] Undefined index: spccdt C:\wamp\www\xx\admin\Lib\NB\NBAction.class.php 第 151 行.
NOTIC: [8] Undefined index: odr C:\wamp\www\xx\admin\Lib\NB\NBAction.class.php 第 154 行.
NOTIC: [8] Undefined index: odr C:\wamp\www\xx\admin\Lib\NB\NBAction.class.php 第 156 行.
NOTIC: [8] Undefined index: lmt C:\wamp\www\xx\admin\Lib\NB\NBAction.class.php 第 159 行.
NOTIC: [8] Undefined index: lmt C:\wamp\www\xx\admin\Lib\NB\NBAction.class.php 第 161 行.
NOTIC: [8] Undefined variable: odrpcd C:\wamp\www\xx\admin\Lib\NB\NBAction.class.php 第 41 行.
SQL: SELECT `cwid`,`stdid`,`bxxsnm`,`stdaplno`,`stdnm`,`sexnm`,`stdidcd`,`mjnm`,`cwyjxfsm`,`cwyjjckwfsm`,`cwyjzsfsm` FROM `tb_2015_cw` LEFT JOIN tb_2015_std ON f_cw_stdid=stdid inner join tb_2015_stdxqcls ON stdid=f_stdxqcls_stdid inner join tb_2015_stdxqmj ON stdid=f_stdxqmj_stdid LEFT JOIN tb_xn ON f_cw_xnid=xnid LEFT JOIN tb_stt ON f_std_sttid=sttid LEFT JOIN tb_grd ON f_std_grdid=grdid LEFT JOIN tb_2015_mj ON f_stdxqmj_mjid=mjid LEFT JOIN tb_bxxs ON f_mj_bxxsid=bxxsid LEFT JOIN tb_cc ON f_mj_ccid=ccid LEFT JOIN tb_kl ON f_mj_klid=klid LEFT JOIN tb_xxxs ON f_mj_xxxsid=xxxsid LEFT JOIN tb_zsfw ON f_mj_zsfwid=zsfwid LEFT JOIN tb_xz ON f_mj_xzid=xzid LEFT JOIN tb_2015_cls ON f_stdxqcls_clsid=clsid LEFT JOIN tb_dm ON f_std_dmid=dmid LEFT JOIN tb_sex ON f_std_sexid=sexid LEFT JOIN tb_rc ON f_std_rcid=rcid LEFT JOIN tb_zzmm ON f_std_zzmmid=zzmmid LEFT JOIN tb_xl ON f_std_xlid=xlid LEFT JOIN tb_stat ON f_std_statid=statid LEFT JOIN tb_xq ON f_stdxqcls_xqid=xqid WHERE ( 1=1 AND f_std_grdid=4 AND f_cw_xnid=2 AND f_std_sttid=1 AND f_stdxqcls_xqid=3 AND f_stdxqmj_xqid=3 AND f_mj_bxxsid=4 AND stdupfnctm='' )  [ RunTime:0.280506s ]
SQL: SELECT COUNT(*) AS tp_count FROM `tb_2015_cw` LIMIT 1   [ RunTime:0.000297s ]
NOTIC: [8] Undefined variable: sqlstc C:\wamp\www\xx\admin\Lib\NB\NBAction.class.php 第 204 行.
SQL: SELECT `cwid`,`stdid`,`bxxsnm`,`stdaplno`,`stdnm`,`sexnm`,`stdidcd`,`mjnm`,`cwyjxfsm`,`cwyjjckwfsm`,`cwyjzsfsm` FROM `tb_2015_cw` LEFT JOIN tb_2015_std ON f_cw_stdid=stdid inner join tb_2015_stdxqcls ON stdid=f_stdxqcls_stdid inner join tb_2015_stdxqmj ON stdid=f_stdxqmj_stdid LEFT JOIN tb_xn ON f_cw_xnid=xnid LEFT JOIN tb_stt ON f_std_sttid=sttid LEFT JOIN tb_grd ON f_std_grdid=grdid LEFT JOIN tb_2015_mj ON f_stdxqmj_mjid=mjid LEFT JOIN tb_bxxs ON f_mj_bxxsid=bxxsid LEFT JOIN tb_cc ON f_mj_ccid=ccid LEFT JOIN tb_kl ON f_mj_klid=klid LEFT JOIN tb_xxxs ON f_mj_xxxsid=xxxsid LEFT JOIN tb_zsfw ON f_mj_zsfwid=zsfwid LEFT JOIN tb_xz ON f_mj_xzid=xzid LEFT JOIN tb_2015_cls ON f_stdxqcls_clsid=clsid LEFT JOIN tb_dm ON f_std_dmid=dmid LEFT JOIN tb_sex ON f_std_sexid=sexid LEFT JOIN tb_rc ON f_std_rcid=rcid LEFT JOIN tb_zzmm ON f_std_zzmmid=zzmmid LEFT JOIN tb_xl ON f_std_xlid=xlid LEFT JOIN tb_stat ON f_std_statid=statid LEFT JOIN tb_xq ON f_stdxqcls_xqid=xqid WHERE ( 1=1 AND f_std_grdid=4 AND f_cw_xnid=2 AND f_std_sttid=1 AND f_stdxqcls_xqid=3 AND f_stdxqmj_xqid=3 AND f_mj_bxxsid=4 AND stdupfnctm='' ) LIMIT 0,20   [ RunTime:0.283820s ]
NOTIC: [8] Undefined variable: sqlstc C:\wamp\www\xx\admin\Lib\NB\NBAction.class.php 第 261 行.
SQL: SHOW COLUMNS FROM `tb_2015_std` [ RunTime:0.004541s ]
SQL: UPDATE `tb_2015_std` SET `stdupfnctm`='2015-05-29 00:08:48' WHERE ( stdid=1 ) [ RunTime:0.146471s ]
SQL: UPDATE `tb_2015_std` SET `stdupfnctm`='2015-05-29 00:08:48' WHERE ( stdid=4 ) [ RunTime:0.077000s ]
SQL: UPDATE `tb_2015_std` SET `stdupfnctm`='2015-05-29 00:08:48' WHERE ( stdid=5 ) [ RunTime:0.077373s ]
SQL: UPDATE `tb_2015_std` SET `stdupfnctm`='2015-05-29 00:08:48' WHERE ( stdid=7 ) [ RunTime:0.087739s ]
SQL: UPDATE `tb_2015_std` SET `stdupfnctm`='2015-05-29 00:08:48' WHERE ( stdid=8 ) [ RunTime:0.099020s ]

[ 2015-05-29T00:09:24+08:00 ] 127.0.0.1 /xx/admin.php/Xls/outputchengheng
INFO: [ route_check ] --START--
INFO: CheckRoute Behavior ::run [ RunTime:0.001107s ]
INFO: [ route_check ] --END-- [ RunTime:0.001258s ]
INFO: [ app_begin ] --START--
INFO: ReadHtmlCache Behavior ::run [ RunTime:0.000858s ]
INFO: [ app_begin ] --END-- [ RunTime:0.000991s ]
SQL: SHOW COLUMNS FROM `tb_zssz` [ RunTime:0.003677s ]
SQL: SELECT * FROM `tb_zssz` LIMIT 1   [ RunTime:0.000350s ]
SQL: SHOW COLUMNS FROM `tb_grd` [ RunTime:0.003381s ]
SQL: SELECT * FROM `tb_grd` WHERE ( grdid=4 ) LIMIT 1   [ RunTime:0.000346s ]
SQL: SHOW COLUMNS FROM `tb_xn` [ RunTime:0.003519s ]
SQL: SELECT * FROM `tb_xn` WHERE ( xnnm='2015' ) LIMIT 1   [ RunTime:0.000436s ]
SQL: SHOW COLUMNS FROM `tb_bxxs` [ RunTime:0.004295s ]
SQL: SELECT * FROM `tb_bxxs` WHERE ( bxxsid=4 ) LIMIT 1   [ RunTime:0.000440s ]
SQL: SHOW COLUMNS FROM `tb_2015_cw` [ RunTime:0.004014s ]
NOTIC: [8] Undefined variable: lmtint C:\wamp\www\xx\admin\Lib\Action\XlsAction.class.php 第 259 行.
NOTIC: [8] Undefined index: NBsqlstc C:\wamp\www\xx\admin\Lib\NB\NBAction.class.php 第 49 行.
NOTIC: [8] Undefined index: NBsqlstc C:\wamp\www\xx\admin\Lib\NB\NBAction.class.php 第 49 行.
NOTIC: [8] Undefined index: fld C:\wamp\www\xx\admin\Lib\NB\NBAction.class.php 第 139 行.
NOTIC: [8] Undefined index: fld C:\wamp\www\xx\admin\Lib\NB\NBAction.class.php 第 141 行.
NOTIC: [8] Undefined index: cdt C:\wamp\www\xx\admin\Lib\NB\NBAction.class.php 第 144 行.
NOTIC: [8] Undefined index: cdt C:\wamp\www\xx\admin\Lib\NB\NBAction.class.php 第 146 行.
NOTIC: [8] Undefined index: spccdt C:\wamp\www\xx\admin\Lib\NB\NBAction.class.php 第 149 行.
NOTIC: [8] Undefined index: spccdt C:\wamp\www\xx\admin\Lib\NB\NBAction.class.php 第 151 行.
NOTIC: [8] Undefined index: odr C:\wamp\www\xx\admin\Lib\NB\NBAction.class.php 第 154 行.
NOTIC: [8] Undefined index: odr C:\wamp\www\xx\admin\Lib\NB\NBAction.class.php 第 156 行.
NOTIC: [8] Undefined index: lmt C:\wamp\www\xx\admin\Lib\NB\NBAction.class.php 第 159 行.
NOTIC: [8] Undefined index: lmt C:\wamp\www\xx\admin\Lib\NB\NBAction.class.php 第 161 行.
NOTIC: [8] Undefined variable: odrpcd C:\wamp\www\xx\admin\Lib\NB\NBAction.class.php 第 41 行.
SQL: SELECT `cwid`,`stdid`,`bxxsnm`,`stdaplno`,`stdnm`,`sexnm`,`stdidcd`,`mjnm`,`cwyjxfsm`,`cwyjjckwfsm`,`cwyjzsfsm` FROM `tb_2015_cw` LEFT JOIN tb_2015_std ON f_cw_stdid=stdid inner join tb_2015_stdxqcls ON stdid=f_stdxqcls_stdid inner join tb_2015_stdxqmj ON stdid=f_stdxqmj_stdid LEFT JOIN tb_xn ON f_cw_xnid=xnid LEFT JOIN tb_stt ON f_std_sttid=sttid LEFT JOIN tb_grd ON f_std_grdid=grdid LEFT JOIN tb_2015_mj ON f_stdxqmj_mjid=mjid LEFT JOIN tb_bxxs ON f_mj_bxxsid=bxxsid LEFT JOIN tb_cc ON f_mj_ccid=ccid LEFT JOIN tb_kl ON f_mj_klid=klid LEFT JOIN tb_xxxs ON f_mj_xxxsid=xxxsid LEFT JOIN tb_zsfw ON f_mj_zsfwid=zsfwid LEFT JOIN tb_xz ON f_mj_xzid=xzid LEFT JOIN tb_2015_cls ON f_stdxqcls_clsid=clsid LEFT JOIN tb_dm ON f_std_dmid=dmid LEFT JOIN tb_sex ON f_std_sexid=sexid LEFT JOIN tb_rc ON f_std_rcid=rcid LEFT JOIN tb_zzmm ON f_std_zzmmid=zzmmid LEFT JOIN tb_xl ON f_std_xlid=xlid LEFT JOIN tb_stat ON f_std_statid=statid LEFT JOIN tb_xq ON f_stdxqcls_xqid=xqid WHERE ( 1=1 AND f_std_grdid=4 AND f_cw_xnid=2 AND f_std_sttid=1 AND f_stdxqcls_xqid=3 AND f_stdxqmj_xqid=3 AND f_mj_bxxsid=4 AND stdupfnctm='' )  [ RunTime:0.283443s ]
SQL: SELECT COUNT(*) AS tp_count FROM `tb_2015_cw` LIMIT 1   [ RunTime:0.000367s ]
NOTIC: [8] Undefined variable: sqlstc C:\wamp\www\xx\admin\Lib\NB\NBAction.class.php 第 204 行.
SQL: SELECT `cwid`,`stdid`,`bxxsnm`,`stdaplno`,`stdnm`,`sexnm`,`stdidcd`,`mjnm`,`cwyjxfsm`,`cwyjjckwfsm`,`cwyjzsfsm` FROM `tb_2015_cw` LEFT JOIN tb_2015_std ON f_cw_stdid=stdid inner join tb_2015_stdxqcls ON stdid=f_stdxqcls_stdid inner join tb_2015_stdxqmj ON stdid=f_stdxqmj_stdid LEFT JOIN tb_xn ON f_cw_xnid=xnid LEFT JOIN tb_stt ON f_std_sttid=sttid LEFT JOIN tb_grd ON f_std_grdid=grdid LEFT JOIN tb_2015_mj ON f_stdxqmj_mjid=mjid LEFT JOIN tb_bxxs ON f_mj_bxxsid=bxxsid LEFT JOIN tb_cc ON f_mj_ccid=ccid LEFT JOIN tb_kl ON f_mj_klid=klid LEFT JOIN tb_xxxs ON f_mj_xxxsid=xxxsid LEFT JOIN tb_zsfw ON f_mj_zsfwid=zsfwid LEFT JOIN tb_xz ON f_mj_xzid=xzid LEFT JOIN tb_2015_cls ON f_stdxqcls_clsid=clsid LEFT JOIN tb_dm ON f_std_dmid=dmid LEFT JOIN tb_sex ON f_std_sexid=sexid LEFT JOIN tb_rc ON f_std_rcid=rcid LEFT JOIN tb_zzmm ON f_std_zzmmid=zzmmid LEFT JOIN tb_xl ON f_std_xlid=xlid LEFT JOIN tb_stat ON f_std_statid=statid LEFT JOIN tb_xq ON f_stdxqcls_xqid=xqid WHERE ( 1=1 AND f_std_grdid=4 AND f_cw_xnid=2 AND f_std_sttid=1 AND f_stdxqcls_xqid=3 AND f_stdxqmj_xqid=3 AND f_mj_bxxsid=4 AND stdupfnctm='' ) LIMIT 0,20   [ RunTime:0.279674s ]
NOTIC: [8] Undefined variable: sqlstc C:\wamp\www\xx\admin\Lib\NB\NBAction.class.php 第 261 行.
SQL: SHOW COLUMNS FROM `tb_2015_std` [ RunTime:0.005416s ]
NOTIC: [2] Invalid argument supplied for foreach() C:\wamp\www\xx\admin\Lib\Action\XlsAction.class.php 第 266 行.
NOTIC: [2] Invalid argument supplied for foreach() C:\wamp\www\xx\admin\Lib\Action\XlsAction.class.php 第 293 行.

[ 2015-05-29T00:16:28+08:00 ] 127.0.0.1 /xx/admin.php
INFO: [ app_begin ] --START--
INFO: ReadHtmlCache Behavior ::run [ RunTime:0.001088s ]
INFO: [ app_begin ] --END-- [ RunTime:0.001261s ]
SQL: SHOW COLUMNS FROM `tb_usr` [ RunTime:0.003731s ]
SQL: SELECT * FROM `tb_usr` WHERE ( usrid=1 AND usrps=1 ) LIMIT 1   [ RunTime:0.000474s ]
SQL: SELECT * FROM `tb_usr` WHERE ( usrid=1 ) LIMIT 1   [ RunTime:0.000401s ]
SQL: SELECT * FROM `tb_usr` WHERE ( usrid=1 ) LIMIT 1   [ RunTime:0.000422s ]
SQL: SHOW COLUMNS FROM `tb_md` [ RunTime:0.004338s ]
SQL: SELECT * FROM `tb_md` WHERE ( mdmk='Usr' ) LIMIT 1   [ RunTime:0.000349s ]
SQL: SELECT * FROM `tb_usr` WHERE ( usrid=1 AND usrps=1 ) LIMIT 1   [ RunTime:0.000608s ]
SQL: SHOW COLUMNS FROM `tb_usrrl` [ RunTime:0.004277s ]
SQL: SELECT * FROM `tb_usrrl` WHERE ( f_usrrl_usrid=1 )  [ RunTime:0.000400s ]
SQL: SHOW COLUMNS FROM `tb_ath` [ RunTime:0.005172s ]
SQL: SELECT * FROM `tb_ath` WHERE ( f_ath_mdid=2 AND (f_ath_rlid=1) )  [ RunTime:0.001316s ]
SQL: SELECT COUNT(*) AS tp_count FROM `tb_usr` WHERE ( usrvw=0 ) LIMIT 1   [ RunTime:0.000343s ]
SQL: SELECT * FROM `tb_md` WHERE ( mdmk='Cstmusr' ) LIMIT 1   [ RunTime:0.000299s ]
SQL: SELECT * FROM `tb_usr` WHERE ( usrid=1 AND usrps=1 ) LIMIT 1   [ RunTime:0.000538s ]
SQL: SELECT * FROM `tb_usrrl` WHERE ( f_usrrl_usrid=1 )  [ RunTime:0.000312s ]
SQL: SELECT * FROM `tb_ath` WHERE ( f_ath_mdid=16 AND (f_ath_rlid=1) )  [ RunTime:0.001265s ]
SQL: SHOW COLUMNS FROM `tb_cstmusr` [ RunTime:0.005571s ]
SQL: SELECT COUNT(*) AS tp_count FROM `tb_cstmusr` WHERE ( cstmusrvw=0 ) LIMIT 1   [ RunTime:0.000492s ]
SQL: SELECT * FROM `tb_md` WHERE ( mdmk='Atc' ) LIMIT 1   [ RunTime:0.000405s ]
SQL: SELECT * FROM `tb_usr` WHERE ( usrid=1 AND usrps=1 ) LIMIT 1   [ RunTime:0.000472s ]
SQL: SELECT * FROM `tb_usrrl` WHERE ( f_usrrl_usrid=1 )  [ RunTime:0.000276s ]
SQL: SELECT * FROM `tb_ath` WHERE ( f_ath_mdid=6 AND (f_ath_rlid=1) )  [ RunTime:0.001236s ]
SQL: SHOW COLUMNS FROM `tb_atc` [ RunTime:0.004706s ]
SQL: SELECT COUNT(*) AS tp_count FROM `tb_atc` WHERE ( atcvw=0 ) LIMIT 1   [ RunTime:0.000425s ]
NOTIC: [8] Undefined variable: ntfstrusr C:\wamp\www\xx\admin\Lib\NTF\NTFAction.class.php 第 52 行.
NOTIC: [8] Undefined variable: ntfstratc C:\wamp\www\xx\admin\Lib\NTF\NTFAction.class.php 第 52 行.
NOTIC: [8] Undefined variable: ntfstrcstmusr C:\wamp\www\xx\admin\Lib\NTF\NTFAction.class.php 第 52 行.
NOTIC: [2] Missing argument 1 for KZMBAction::setkzmb(), called in C:\wamp\www\xx\admin\Lib\Action\IndexAction.class.php on line 29 and defined C:\wamp\www\xx\admin\Lib\KZMB\KZMBAction.class.php 第 3 行.
SQL: SHOW COLUMNS FROM `tb_btn` [ RunTime:0.003989s ]
SQL: SELECT * FROM `tb_btn` WHERE ( f_btn_usrid=1 AND btnnm='lft' ) LIMIT 1   [ RunTime:0.000405s ]
SQL: SELECT * FROM `tb_btn` WHERE ( f_btn_usrid=1 AND btnnm='lft' ) LIMIT 1   [ RunTime:0.000304s ]
SQL: SELECT * FROM `tb_usrrl` WHERE ( f_usrrl_usrid=1 )  [ RunTime:0.000297s ]
SQL: SHOW COLUMNS FROM `tb_lb` [ RunTime:0.004166s ]
SQL: SHOW COLUMNS FROM `tb_lbmd` [ RunTime:0.004561s ]
SQL: SELECT * FROM `tb_lb`  [ RunTime:0.000258s ]
SQL: SELECT * FROM `tb_lbmd` LEFT JOIN tb_md ON f_lbmd_mdid=mdid WHERE ( f_lbmd_lbid=1 )  [ RunTime:0.000471s ]
SQL: SELECT * FROM `tb_ath` WHERE ( f_ath_mdid=1 AND (f_ath_rlid=1) )  [ RunTime:0.001028s ]
SQL: SELECT * FROM `tb_ath` WHERE ( f_ath_mdid=2 AND (f_ath_rlid=1) )  [ RunTime:0.000855s ]
SQL: SELECT * FROM `tb_ath` WHERE ( f_ath_mdid=3 AND (f_ath_rlid=1) )  [ RunTime:0.000872s ]
SQL: SELECT * FROM `tb_ath` WHERE ( f_ath_mdid=4 AND (f_ath_rlid=1) )  [ RunTime:0.000813s ]
SQL: SELECT * FROM `tb_ath` WHERE ( f_ath_mdid=5 AND (f_ath_rlid=1) )  [ RunTime:0.000849s ]
SQL: SELECT * FROM `tb_ath` WHERE ( f_ath_mdid=6 AND (f_ath_rlid=1) )  [ RunTime:0.000831s ]
SQL: SELECT * FROM `tb_ath` WHERE ( f_ath_mdid=7 AND (f_ath_rlid=1) )  [ RunTime:0.000850s ]
SQL: SELECT * FROM `tb_ath` WHERE ( f_ath_mdid=8 AND (f_ath_rlid=1) )  [ RunTime:0.000831s ]
SQL: SELECT * FROM `tb_ath` WHERE ( f_ath_mdid=9 AND (f_ath_rlid=1) )  [ RunTime:0.000817s ]
SQL: SELECT * FROM `tb_ath` WHERE ( f_ath_mdid=11 AND (f_ath_rlid=1) )  [ RunTime:0.000748s ]
SQL: SELECT * FROM `tb_ath` WHERE ( f_ath_mdid=12 AND (f_ath_rlid=1) )  [ RunTime:0.000750s ]
SQL: SELECT * FROM `tb_ath` WHERE ( f_ath_mdid=13 AND (f_ath_rlid=1) )  [ RunTime:0.000900s ]
SQL: SELECT * FROM `tb_ath` WHERE ( f_ath_mdid=14 AND (f_ath_rlid=1) )  [ RunTime:0.000994s ]
SQL: SELECT * FROM `tb_ath` WHERE ( f_ath_mdid=15 AND (f_ath_rlid=1) )  [ RunTime:0.000896s ]
SQL: SELECT * FROM `tb_ath` WHERE ( f_ath_mdid=24 AND (f_ath_rlid=1) )  [ RunTime:0.000788s ]
NOTIC: [8] Undefined variable: mdidactv C:\wamp\www\xx\admin\Lib\KZMB\KZMBAction.class.php 第 95 行.
NOTIC: [8] Undefined variable: mdidactv C:\wamp\www\xx\admin\Lib\KZMB\KZMBAction.class.php 第 95 行.
NOTIC: [8] Undefined variable: mdidactv C:\wamp\www\xx\admin\Lib\KZMB\KZMBAction.class.php 第 95 行.
NOTIC: [8] Undefined variable: mdidactv C:\wamp\www\xx\admin\Lib\KZMB\KZMBAction.class.php 第 95 行.
NOTIC: [8] Undefined variable: mdidactv C:\wamp\www\xx\admin\Lib\KZMB\KZMBAction.class.php 第 95 行.
NOTIC: [8] Undefined variable: mdidactv C:\wamp\www\xx\admin\Lib\KZMB\KZMBAction.class.php 第 95 行.
NOTIC: [8] Undefined variable: mdidactv C:\wamp\www\xx\admin\Lib\KZMB\KZMBAction.class.php 第 95 行.
NOTIC: [8] Undefined variable: mdidactv C:\wamp\www\xx\admin\Lib\KZMB\KZMBAction.class.php 第 95 行.
NOTIC: [8] Undefined variable: mdidactv C:\wamp\www\xx\admin\Lib\KZMB\KZMBAction.class.php 第 95 行.
NOTIC: [8] Undefined variable: mdidactv C:\wamp\www\xx\admin\Lib\KZMB\KZMBAction.class.php 第 95 行.
NOTIC: [8] Undefined variable: mdidactv C:\wamp\www\xx\admin\Lib\KZMB\KZMBAction.class.php 第 95 行.
NOTIC: [8] Undefined variable: mdidactv C:\wamp\www\xx\admin\Lib\KZMB\KZMBAction.class.php 第 95 行.
NOTIC: [8] Undefined variable: mdidactv C:\wamp\www\xx\admin\Lib\KZMB\KZMBAction.class.php 第 95 行.
NOTIC: [8] Undefined variable: mdidactv C:\wamp\www\xx\admin\Lib\KZMB\KZMBAction.class.php 第 95 行.
NOTIC: [8] Undefined variable: mdidactv C:\wamp\www\xx\admin\Lib\KZMB\KZMBAction.class.php 第 95 行.
SQL: SELECT * FROM `tb_btn` WHERE ( f_btn_usrid=1 AND btnnm='bs1' ) LIMIT 1   [ RunTime:0.000279s ]
SQL: SELECT * FROM `tb_btn` WHERE ( f_btn_usrid=1 AND btnnm='bs1' ) LIMIT 1   [ RunTime:0.000296s ]
SQL: SELECT * FROM `tb_lbmd` LEFT JOIN tb_md ON f_lbmd_mdid=mdid WHERE ( f_lbmd_lbid=2 )  [ RunTime:0.000411s ]
SQL: SELECT * FROM `tb_ath` WHERE ( f_ath_mdid=16 AND (f_ath_rlid=1) )  [ RunTime:0.000748s ]
SQL: SELECT * FROM `tb_ath` WHERE ( f_ath_mdid=17 AND (f_ath_rlid=1) )  [ RunTime:0.000750s ]
SQL: SELECT * FROM `tb_ath` WHERE ( f_ath_mdid=18 AND (f_ath_rlid=1) )  [ RunTime:0.000744s ]
SQL: SELECT * FROM `tb_ath` WHERE ( f_ath_mdid=19 AND (f_ath_rlid=1) )  [ RunTime:0.000759s ]
SQL: SELECT * FROM `tb_ath` WHERE ( f_ath_mdid=20 AND (f_ath_rlid=1) )  [ RunTime:0.000945s ]
SQL: SELECT * FROM `tb_ath` WHERE ( f_ath_mdid=21 AND (f_ath_rlid=1) )  [ RunTime:0.000723s ]
SQL: SELECT * FROM `tb_ath` WHERE ( f_ath_mdid=22 AND (f_ath_rlid=1) )  [ RunTime:0.000734s ]
SQL: SELECT * FROM `tb_ath` WHERE ( f_ath_mdid=23 AND (f_ath_rlid=1) )  [ RunTime:0.000728s ]
NOTIC: [8] Undefined variable: mdidactv C:\wamp\www\xx\admin\Lib\KZMB\KZMBAction.class.php 第 95 行.
NOTIC: [8] Undefined variable: mdidactv C:\wamp\www\xx\admin\Lib\KZMB\KZMBAction.class.php 第 95 行.
NOTIC: [8] Undefined variable: mdidactv C:\wamp\www\xx\admin\Lib\KZMB\KZMBAction.class.php 第 95 行.
NOTIC: [8] Undefined variable: mdidactv C:\wamp\www\xx\admin\Lib\KZMB\KZMBAction.class.php 第 95 行.
NOTIC: [8] Undefined variable: mdidactv C:\wamp\www\xx\admin\Lib\KZMB\KZMBAction.class.php 第 95 行.
NOTIC: [8] Undefined variable: mdidactv C:\wamp\www\xx\admin\Lib\KZMB\KZMBAction.class.php 第 95 行.
NOTIC: [8] Undefined variable: mdidactv C:\wamp\www\xx\admin\Lib\KZMB\KZMBAction.class.php 第 95 行.
NOTIC: [8] Undefined variable: mdidactv C:\wamp\www\xx\admin\Lib\KZMB\KZMBAction.class.php 第 95 行.
SQL: SELECT * FROM `tb_btn` WHERE ( f_btn_usrid=1 AND btnnm='bs2' ) LIMIT 1   [ RunTime:0.000341s ]
SQL: SELECT * FROM `tb_btn` WHERE ( f_btn_usrid=1 AND btnnm='bs2' ) LIMIT 1   [ RunTime:0.000256s ]
SQL: SELECT * FROM `tb_lbmd` LEFT JOIN tb_md ON f_lbmd_mdid=mdid WHERE ( f_lbmd_lbid=3 )  [ RunTime:0.000370s ]
SQL: SELECT * FROM `tb_ath` WHERE ( f_ath_mdid=25 AND (f_ath_rlid=1) )  [ RunTime:0.001047s ]
SQL: SELECT * FROM `tb_ath` WHERE ( f_ath_mdid=26 AND (f_ath_rlid=1) )  [ RunTime:0.000802s ]
SQL: SELECT * FROM `tb_ath` WHERE ( f_ath_mdid=27 AND (f_ath_rlid=1) )  [ RunTime:0.000774s ]
SQL: SELECT * FROM `tb_ath` WHERE ( f_ath_mdid=28 AND (f_ath_rlid=1) )  [ RunTime:0.000779s ]
SQL: SELECT * FROM `tb_ath` WHERE ( f_ath_mdid=29 AND (f_ath_rlid=1) )  [ RunTime:0.000767s ]
SQL: SELECT * FROM `tb_ath` WHERE ( f_ath_mdid=30 AND (f_ath_rlid=1) )  [ RunTime:0.000742s ]
SQL: SELECT * FROM `tb_ath` WHERE ( f_ath_mdid=31 AND (f_ath_rlid=1) )  [ RunTime:0.000749s ]
SQL: SELECT * FROM `tb_ath` WHERE ( f_ath_mdid=32 AND (f_ath_rlid=1) )  [ RunTime:0.000748s ]
SQL: SELECT * FROM `tb_ath` WHERE ( f_ath_mdid=33 AND (f_ath_rlid=1) )  [ RunTime:0.000902s ]
SQL: SELECT * FROM `tb_ath` WHERE ( f_ath_mdid=34 AND (f_ath_rlid=1) )  [ RunTime:0.000818s ]
SQL: SELECT * FROM `tb_ath` WHERE ( f_ath_mdid=35 AND (f_ath_rlid=1) )  [ RunTime:0.000746s ]
SQL: SELECT * FROM `tb_ath` WHERE ( f_ath_mdid=36 AND (f_ath_rlid=1) )  [ RunTime:0.000743s ]
SQL: SELECT * FROM `tb_ath` WHERE ( f_ath_mdid=37 AND (f_ath_rlid=1) )  [ RunTime:0.000744s ]
SQL: SELECT * FROM `tb_ath` WHERE ( f_ath_mdid=38 AND (f_ath_rlid=1) )  [ RunTime:0.000789s ]
SQL: SELECT * FROM `tb_ath` WHERE ( f_ath_mdid=39 AND (f_ath_rlid=1) )  [ RunTime:0.000760s ]
SQL: SELECT * FROM `tb_ath` WHERE ( f_ath_mdid=40 AND (f_ath_rlid=1) )  [ RunTime:0.000764s ]
SQL: SELECT * FROM `tb_ath` WHERE ( f_ath_mdid=41 AND (f_ath_rlid=1) )  [ RunTime:0.000798s ]
SQL: SELECT * FROM `tb_ath` WHERE ( f_ath_mdid=42 AND (f_ath_rlid=1) )  [ RunTime:0.001045s ]
SQL: SELECT * FROM `tb_ath` WHERE ( f_ath_mdid=43 AND (f_ath_rlid=1) )  [ RunTime:0.000748s ]
SQL: SELECT * FROM `tb_ath` WHERE ( f_ath_mdid=44 AND (f_ath_rlid=1) )  [ RunTime:0.000759s ]
SQL: SELECT * FROM `tb_ath` WHERE ( f_ath_mdid=49 AND (f_ath_rlid=1) )  [ RunTime:0.000744s ]
NOTIC: [8] Undefined variable: mdidactv C:\wamp\www\xx\admin\Lib\KZMB\KZMBAction.class.php 第 95 行.
NOTIC: [8] Undefined variable: mdidactv C:\wamp\www\xx\admin\Lib\KZMB\KZMBAction.class.php 第 95 行.
NOTIC: [8] Undefined variable: mdidactv C:\wamp\www\xx\admin\Lib\KZMB\KZMBAction.class.php 第 95 行.
NOTIC: [8] Undefined variable: mdidactv C:\wamp\www\xx\admin\Lib\KZMB\KZMBAction.class.php 第 95 行.
NOTIC: [8] Undefined variable: mdidactv C:\wamp\www\xx\admin\Lib\KZMB\KZMBAction.class.php 第 95 行.
NOTIC: [8] Undefined variable: mdidactv C:\wamp\www\xx\admin\Lib\KZMB\KZMBAction.class.php 第 95 行.
NOTIC: [8] Undefined variable: mdidactv C:\wamp\www\xx\admin\Lib\KZMB\KZMBAction.class.php 第 95 行.
NOTIC: [8] Undefined variable: mdidactv C:\wamp\www\xx\admin\Lib\KZMB\KZMBAction.class.php 第 95 行.
NOTIC: [8] Undefined variable: mdidactv C:\wamp\www\xx\admin\Lib\KZMB\KZMBAction.class.php 第 95 行.
NOTIC: [8] Undefined variable: mdidactv C:\wamp\www\xx\admin\Lib\KZMB\KZMBAction.class.php 第 95 行.
NOTIC: [8] Undefined variable: mdidactv C:\wamp\www\xx\admin\Lib\KZMB\KZMBAction.class.php 第 95 行.
NOTIC: [8] Undefined variable: mdidactv C:\wamp\www\xx\admin\Lib\KZMB\KZMBAction.class.php 第 95 行.
NOTIC: [8] Undefined variable: mdidactv C:\wamp\www\xx\admin\Lib\KZMB\KZMBAction.class.php 第 95 行.
NOTIC: [8] Undefined variable: mdidactv C:\wamp\www\xx\admin\Lib\KZMB\KZMBAction.class.php 第 95 行.
NOTIC: [8] Undefined variable: mdidactv C:\wamp\www\xx\admin\Lib\KZMB\KZMBAction.class.php 第 95 行.
NOTIC: [8] Undefined variable: mdidactv C:\wamp\www\xx\admin\Lib\KZMB\KZMBAction.class.php 第 95 行.
NOTIC: [8] Undefined variable: mdidactv C:\wamp\www\xx\admin\Lib\KZMB\KZMBAction.class.php 第 95 行.
NOTIC: [8] Undefined variable: mdidactv C:\wamp\www\xx\admin\Lib\KZMB\KZMBAction.class.php 第 95 行.
NOTIC: [8] Undefined variable: mdidactv C:\wamp\www\xx\admin\Lib\KZMB\KZMBAction.class.php 第 95 行.
NOTIC: [8] Undefined variable: mdidactv C:\wamp\www\xx\admin\Lib\KZMB\KZMBAction.class.php 第 95 行.
NOTIC: [8] Undefined variable: mdidactv C:\wamp\www\xx\admin\Lib\KZMB\KZMBAction.class.php 第 95 行.
SQL: SELECT * FROM `tb_btn` WHERE ( f_btn_usrid=1 AND btnnm='bs3' ) LIMIT 1   [ RunTime:0.000272s ]
SQL: SELECT * FROM `tb_btn` WHERE ( f_btn_usrid=1 AND btnnm='bs3' ) LIMIT 1   [ RunTime:0.000282s ]
SQL: SELECT * FROM `tb_lbmd` LEFT JOIN tb_md ON f_lbmd_mdid=mdid WHERE ( f_lbmd_lbid=4 )  [ RunTime:0.000386s ]
SQL: SELECT * FROM `tb_ath` WHERE ( f_ath_mdid=45 AND (f_ath_rlid=1) )  [ RunTime:0.000779s ]
SQL: SELECT * FROM `tb_ath` WHERE ( f_ath_mdid=50 AND (f_ath_rlid=1) )  [ RunTime:0.000757s ]
SQL: SELECT * FROM `tb_ath` WHERE ( f_ath_mdid=51 AND (f_ath_rlid=1) )  [ RunTime:0.000899s ]
NOTIC: [8] Undefined variable: mdidactv C:\wamp\www\xx\admin\Lib\KZMB\KZMBAction.class.php 第 95 行.
NOTIC: [8] Undefined variable: mdidactv C:\wamp\www\xx\admin\Lib\KZMB\KZMBAction.class.php 第 95 行.
NOTIC: [8] Undefined variable: mdidactv C:\wamp\www\xx\admin\Lib\KZMB\KZMBAction.class.php 第 95 行.
SQL: SELECT * FROM `tb_btn` WHERE ( f_btn_usrid=1 AND btnnm='bs4' ) LIMIT 1   [ RunTime:0.000291s ]
SQL: SELECT * FROM `tb_btn` WHERE ( f_btn_usrid=1 AND btnnm='bs4' ) LIMIT 1   [ RunTime:0.000274s ]
SQL: SELECT * FROM `tb_lbmd` LEFT JOIN tb_md ON f_lbmd_mdid=mdid WHERE ( f_lbmd_lbid=5 )  [ RunTime:0.000312s ]
SQL: SELECT * FROM `tb_ath` WHERE ( f_ath_mdid=46 AND (f_ath_rlid=1) )  [ RunTime:0.000746s ]
SQL: SELECT * FROM `tb_ath` WHERE ( f_ath_mdid=47 AND (f_ath_rlid=1) )  [ RunTime:0.000743s ]
SQL: SELECT * FROM `tb_ath` WHERE ( f_ath_mdid=48 AND (f_ath_rlid=1) )  [ RunTime:0.000875s ]
NOTIC: [8] Undefined variable: mdidactv C:\wamp\www\xx\admin\Lib\KZMB\KZMBAction.class.php 第 95 行.
NOTIC: [8] Undefined variable: mdidactv C:\wamp\www\xx\admin\Lib\KZMB\KZMBAction.class.php 第 95 行.
NOTIC: [8] Undefined variable: mdidactv C:\wamp\www\xx\admin\Lib\KZMB\KZMBAction.class.php 第 95 行.
SQL: SELECT * FROM `tb_btn` WHERE ( f_btn_usrid=1 AND btnnm='bs5' ) LIMIT 1   [ RunTime:0.000294s ]
SQL: SELECT * FROM `tb_btn` WHERE ( f_btn_usrid=1 AND btnnm='bs5' ) LIMIT 1   [ RunTime:0.000269s ]
INFO: [ view_parse ] --START--
NOTIC: [8] Use of undefined constant lbid - assumed 'lbid' C:\wamp\www\xx\admin\Runtime\Cache\95ce6485eccf9f806ee32535db24cf7f.php 第 146 行.
NOTIC: [8] Use of undefined constant lbid - assumed 'lbid' C:\wamp\www\xx\admin\Runtime\Cache\95ce6485eccf9f806ee32535db24cf7f.php 第 146 行.
NOTIC: [8] Use of undefined constant lbid - assumed 'lbid' C:\wamp\www\xx\admin\Runtime\Cache\95ce6485eccf9f806ee32535db24cf7f.php 第 146 行.
NOTIC: [8] Use of undefined constant lbid - assumed 'lbid' C:\wamp\www\xx\admin\Runtime\Cache\95ce6485eccf9f806ee32535db24cf7f.php 第 146 行.
NOTIC: [8] Use of undefined constant lbid - assumed 'lbid' C:\wamp\www\xx\admin\Runtime\Cache\95ce6485eccf9f806ee32535db24cf7f.php 第 146 行.
INFO: ParseTemplate Behavior ::run [ RunTime:0.153918s ]
INFO: [ view_parse ] --END-- [ RunTime:0.154123s ]
INFO: [ view_filter ] --START--
INFO: ContentReplace Behavior ::run [ RunTime:0.010224s ]
INFO: TokenBuild Behavior ::run [ RunTime:0.008752s ]
INFO: WriteHtmlCache Behavior ::run [ RunTime:0.000915s ]
INFO: ShowRuntime Behavior ::run [ RunTime:0.010045s ]
INFO: [ view_filter ] --END-- [ RunTime:0.030312s ]
INFO: [ view_end ] --START--
INFO: ShowPageTrace Behavior ::run [ RunTime:0.006929s ]
INFO: [ view_end ] --END-- [ RunTime:0.007056s ]

[ 2015-05-29T22:15:45+08:00 ] 127.0.0.1 /xx/admin.php
INFO: [ app_begin ] --START--
INFO: ReadHtmlCache Behavior ::run [ RunTime:0.001662s ]
INFO: [ app_begin ] --END-- [ RunTime:0.001858s ]
SQL: SHOW COLUMNS FROM `tb_usr` [ RunTime:0.009851s ]
SQL: SELECT * FROM `tb_usr` WHERE ( usrid=1 AND usrps=1 ) LIMIT 1   [ RunTime:0.000548s ]
SQL: SELECT * FROM `tb_usr` WHERE ( usrid=1 ) LIMIT 1   [ RunTime:0.000354s ]
SQL: SELECT * FROM `tb_usr` WHERE ( usrid=1 ) LIMIT 1   [ RunTime:0.000309s ]
SQL: SHOW COLUMNS FROM `tb_md` [ RunTime:0.026739s ]
SQL: SELECT * FROM `tb_md` WHERE ( mdmk='Usr' ) LIMIT 1   [ RunTime:0.000757s ]
SQL: SELECT * FROM `tb_usr` WHERE ( usrid=1 AND usrps=1 ) LIMIT 1   [ RunTime:0.000532s ]
SQL: SHOW COLUMNS FROM `tb_usrrl` [ RunTime:0.003653s ]
SQL: SELECT * FROM `tb_usrrl` WHERE ( f_usrrl_usrid=1 )  [ RunTime:0.000488s ]
SQL: SHOW COLUMNS FROM `tb_ath` [ RunTime:0.031743s ]
SQL: SELECT * FROM `tb_ath` WHERE ( f_ath_mdid=2 AND (f_ath_rlid=1) )  [ RunTime:0.000802s ]
SQL: SELECT COUNT(*) AS tp_count FROM `tb_usr` WHERE ( usrvw=0 ) LIMIT 1   [ RunTime:0.000249s ]
SQL: SELECT * FROM `tb_md` WHERE ( mdmk='Cstmusr' ) LIMIT 1   [ RunTime:0.000224s ]
SQL: SELECT * FROM `tb_usr` WHERE ( usrid=1 AND usrps=1 ) LIMIT 1   [ RunTime:0.000272s ]
SQL: SELECT * FROM `tb_usrrl` WHERE ( f_usrrl_usrid=1 )  [ RunTime:0.000513s ]
SQL: SELECT * FROM `tb_ath` WHERE ( f_ath_mdid=16 AND (f_ath_rlid=1) )  [ RunTime:0.001213s ]
SQL: SHOW COLUMNS FROM `tb_cstmusr` [ RunTime:0.003730s ]
SQL: SELECT COUNT(*) AS tp_count FROM `tb_cstmusr` WHERE ( cstmusrvw=0 ) LIMIT 1   [ RunTime:0.000291s ]
SQL: SELECT * FROM `tb_md` WHERE ( mdmk='Atc' ) LIMIT 1   [ RunTime:0.000305s ]
SQL: SELECT * FROM `tb_usr` WHERE ( usrid=1 AND usrps=1 ) LIMIT 1   [ RunTime:0.000367s ]
SQL: SELECT * FROM `tb_usrrl` WHERE ( f_usrrl_usrid=1 )  [ RunTime:0.000233s ]
SQL: SELECT * FROM `tb_ath` WHERE ( f_ath_mdid=6 AND (f_ath_rlid=1) )  [ RunTime:0.000768s ]
SQL: SHOW COLUMNS FROM `tb_atc` [ RunTime:0.005316s ]
SQL: SELECT COUNT(*) AS tp_count FROM `tb_atc` WHERE ( atcvw=0 ) LIMIT 1   [ RunTime:0.000385s ]
NOTIC: [8] Undefined variable: ntfstrusr C:\wamp\www\xx\admin\Lib\NTF\NTFAction.class.php 第 52 行.
NOTIC: [8] Undefined variable: ntfstratc C:\wamp\www\xx\admin\Lib\NTF\NTFAction.class.php 第 52 行.
NOTIC: [8] Undefined variable: ntfstrcstmusr C:\wamp\www\xx\admin\Lib\NTF\NTFAction.class.php 第 52 行.
NOTIC: [2] Missing argument 1 for KZMBAction::setkzmb(), called in C:\wamp\www\xx\admin\Lib\Action\IndexAction.class.php on line 29 and defined C:\wamp\www\xx\admin\Lib\KZMB\KZMBAction.class.php 第 3 行.
SQL: SHOW COLUMNS FROM `tb_btn` [ RunTime:0.003994s ]
SQL: SELECT * FROM `tb_btn` WHERE ( f_btn_usrid=1 AND btnnm='lft' ) LIMIT 1   [ RunTime:0.000310s ]
SQL: SELECT * FROM `tb_btn` WHERE ( f_btn_usrid=1 AND btnnm='lft' ) LIMIT 1   [ RunTime:0.000221s ]
SQL: SELECT * FROM `tb_usrrl` WHERE ( f_usrrl_usrid=1 )  [ RunTime:0.000210s ]
SQL: SHOW COLUMNS FROM `tb_lb` [ RunTime:0.003387s ]
SQL: SHOW COLUMNS FROM `tb_lbmd` [ RunTime:0.004587s ]
SQL: SELECT * FROM `tb_lb`  [ RunTime:0.000280s ]
SQL: SELECT * FROM `tb_lbmd` LEFT JOIN tb_md ON f_lbmd_mdid=mdid WHERE ( f_lbmd_lbid=1 )  [ RunTime:0.000360s ]
SQL: SELECT * FROM `tb_ath` WHERE ( f_ath_mdid=1 AND (f_ath_rlid=1) )  [ RunTime:0.000723s ]
SQL: SELECT * FROM `tb_ath` WHERE ( f_ath_mdid=2 AND (f_ath_rlid=1) )  [ RunTime:0.000724s ]
SQL: SELECT * FROM `tb_ath` WHERE ( f_ath_mdid=3 AND (f_ath_rlid=1) )  [ RunTime:0.000720s ]
SQL: SELECT * FROM `tb_ath` WHERE ( f_ath_mdid=4 AND (f_ath_rlid=1) )  [ RunTime:0.000705s ]
SQL: SELECT * FROM `tb_ath` WHERE ( f_ath_mdid=5 AND (f_ath_rlid=1) )  [ RunTime:0.000709s ]
SQL: SELECT * FROM `tb_ath` WHERE ( f_ath_mdid=6 AND (f_ath_rlid=1) )  [ RunTime:0.000708s ]
SQL: SELECT * FROM `tb_ath` WHERE ( f_ath_mdid=7 AND (f_ath_rlid=1) )  [ RunTime:0.001168s ]
SQL: SELECT * FROM `tb_ath` WHERE ( f_ath_mdid=8 AND (f_ath_rlid=1) )  [ RunTime:0.000830s ]
SQL: SELECT * FROM `tb_ath` WHERE ( f_ath_mdid=9 AND (f_ath_rlid=1) )  [ RunTime:0.000821s ]
SQL: SELECT * FROM `tb_ath` WHERE ( f_ath_mdid=11 AND (f_ath_rlid=1) )  [ RunTime:0.001252s ]
SQL: SELECT * FROM `tb_ath` WHERE ( f_ath_mdid=12 AND (f_ath_rlid=1) )  [ RunTime:0.001375s ]
SQL: SELECT * FROM `tb_ath` WHERE ( f_ath_mdid=13 AND (f_ath_rlid=1) )  [ RunTime:0.000797s ]
SQL: SELECT * FROM `tb_ath` WHERE ( f_ath_mdid=14 AND (f_ath_rlid=1) )  [ RunTime:0.000722s ]
SQL: SELECT * FROM `tb_ath` WHERE ( f_ath_mdid=15 AND (f_ath_rlid=1) )  [ RunTime:0.000732s ]
SQL: SELECT * FROM `tb_ath` WHERE ( f_ath_mdid=24 AND (f_ath_rlid=1) )  [ RunTime:0.000764s ]
NOTIC: [8] Undefined variable: mdidactv C:\wamp\www\xx\admin\Lib\KZMB\KZMBAction.class.php 第 95 行.
NOTIC: [8] Undefined variable: mdidactv C:\wamp\www\xx\admin\Lib\KZMB\KZMBAction.class.php 第 95 行.
NOTIC: [8] Undefined variable: mdidactv C:\wamp\www\xx\admin\Lib\KZMB\KZMBAction.class.php 第 95 行.
NOTIC: [8] Undefined variable: mdidactv C:\wamp\www\xx\admin\Lib\KZMB\KZMBAction.class.php 第 95 行.
NOTIC: [8] Undefined variable: mdidactv C:\wamp\www\xx\admin\Lib\KZMB\KZMBAction.class.php 第 95 行.
NOTIC: [8] Undefined variable: mdidactv C:\wamp\www\xx\admin\Lib\KZMB\KZMBAction.class.php 第 95 行.
NOTIC: [8] Undefined variable: mdidactv C:\wamp\www\xx\admin\Lib\KZMB\KZMBAction.class.php 第 95 行.
NOTIC: [8] Undefined variable: mdidactv C:\wamp\www\xx\admin\Lib\KZMB\KZMBAction.class.php 第 95 行.
NOTIC: [8] Undefined variable: mdidactv C:\wamp\www\xx\admin\Lib\KZMB\KZMBAction.class.php 第 95 行.
NOTIC: [8] Undefined variable: mdidactv C:\wamp\www\xx\admin\Lib\KZMB\KZMBAction.class.php 第 95 行.
NOTIC: [8] Undefined variable: mdidactv C:\wamp\www\xx\admin\Lib\KZMB\KZMBAction.class.php 第 95 行.
NOTIC: [8] Undefined variable: mdidactv C:\wamp\www\xx\admin\Lib\KZMB\KZMBAction.class.php 第 95 行.
NOTIC: [8] Undefined variable: mdidactv C:\wamp\www\xx\admin\Lib\KZMB\KZMBAction.class.php 第 95 行.
NOTIC: [8] Undefined variable: mdidactv C:\wamp\www\xx\admin\Lib\KZMB\KZMBAction.class.php 第 95 行.
NOTIC: [8] Undefined variable: mdidactv C:\wamp\www\xx\admin\Lib\KZMB\KZMBAction.class.php 第 95 行.
SQL: SELECT * FROM `tb_btn` WHERE ( f_btn_usrid=1 AND btnnm='bs1' ) LIMIT 1   [ RunTime:0.000471s ]
SQL: SELECT * FROM `tb_btn` WHERE ( f_btn_usrid=1 AND btnnm='bs1' ) LIMIT 1   [ RunTime:0.000274s ]
SQL: SELECT * FROM `tb_lbmd` LEFT JOIN tb_md ON f_lbmd_mdid=mdid WHERE ( f_lbmd_lbid=2 )  [ RunTime:0.000345s ]
SQL: SELECT * FROM `tb_ath` WHERE ( f_ath_mdid=16 AND (f_ath_rlid=1) )  [ RunTime:0.000738s ]
SQL: SELECT * FROM `tb_ath` WHERE ( f_ath_mdid=17 AND (f_ath_rlid=1) )  [ RunTime:0.001236s ]
SQL: SELECT * FROM `tb_ath` WHERE ( f_ath_mdid=18 AND (f_ath_rlid=1) )  [ RunTime:0.000745s ]
SQL: SELECT * FROM `tb_ath` WHERE ( f_ath_mdid=19 AND (f_ath_rlid=1) )  [ RunTime:0.001032s ]
SQL: SELECT * FROM `tb_ath` WHERE ( f_ath_mdid=20 AND (f_ath_rlid=1) )  [ RunTime:0.000767s ]
SQL: SELECT * FROM `tb_ath` WHERE ( f_ath_mdid=21 AND (f_ath_rlid=1) )  [ RunTime:0.000714s ]
SQL: SELECT * FROM `tb_ath` WHERE ( f_ath_mdid=22 AND (f_ath_rlid=1) )  [ RunTime:0.000717s ]
SQL: SELECT * FROM `tb_ath` WHERE ( f_ath_mdid=23 AND (f_ath_rlid=1) )  [ RunTime:0.000958s ]
NOTIC: [8] Undefined variable: mdidactv C:\wamp\www\xx\admin\Lib\KZMB\KZMBAction.class.php 第 95 行.
NOTIC: [8] Undefined variable: mdidactv C:\wamp\www\xx\admin\Lib\KZMB\KZMBAction.class.php 第 95 行.
NOTIC: [8] Undefined variable: mdidactv C:\wamp\www\xx\admin\Lib\KZMB\KZMBAction.class.php 第 95 行.
NOTIC: [8] Undefined variable: mdidactv C:\wamp\www\xx\admin\Lib\KZMB\KZMBAction.class.php 第 95 行.
NOTIC: [8] Undefined variable: mdidactv C:\wamp\www\xx\admin\Lib\KZMB\KZMBAction.class.php 第 95 行.
NOTIC: [8] Undefined variable: mdidactv C:\wamp\www\xx\admin\Lib\KZMB\KZMBAction.class.php 第 95 行.
NOTIC: [8] Undefined variable: mdidactv C:\wamp\www\xx\admin\Lib\KZMB\KZMBAction.class.php 第 95 行.
NOTIC: [8] Undefined variable: mdidactv C:\wamp\www\xx\admin\Lib\KZMB\KZMBAction.class.php 第 95 行.
SQL: SELECT * FROM `tb_btn` WHERE ( f_btn_usrid=1 AND btnnm='bs2' ) LIMIT 1   [ RunTime:0.000425s ]
SQL: SELECT * FROM `tb_btn` WHERE ( f_btn_usrid=1 AND btnnm='bs2' ) LIMIT 1   [ RunTime:0.000252s ]
SQL: SELECT * FROM `tb_lbmd` LEFT JOIN tb_md ON f_lbmd_mdid=mdid WHERE ( f_lbmd_lbid=3 )  [ RunTime:0.000387s ]
SQL: SELECT * FROM `tb_ath` WHERE ( f_ath_mdid=25 AND (f_ath_rlid=1) )  [ RunTime:0.000717s ]
SQL: SELECT * FROM `tb_ath` WHERE ( f_ath_mdid=26 AND (f_ath_rlid=1) )  [ RunTime:0.000714s ]
SQL: SELECT * FROM `tb_ath` WHERE ( f_ath_mdid=27 AND (f_ath_rlid=1) )  [ RunTime:0.000700s ]
SQL: SELECT * FROM `tb_ath` WHERE ( f_ath_mdid=28 AND (f_ath_rlid=1) )  [ RunTime:0.000709s ]
SQL: SELECT * FROM `tb_ath` WHERE ( f_ath_mdid=29 AND (f_ath_rlid=1) )  [ RunTime:0.000714s ]
SQL: SELECT * FROM `tb_ath` WHERE ( f_ath_mdid=30 AND (f_ath_rlid=1) )  [ RunTime:0.000708s ]
SQL: SELECT * FROM `tb_ath` WHERE ( f_ath_mdid=31 AND (f_ath_rlid=1) )  [ RunTime:0.001197s ]
SQL: SELECT * FROM `tb_ath` WHERE ( f_ath_mdid=32 AND (f_ath_rlid=1) )  [ RunTime:0.001384s ]
SQL: SELECT * FROM `tb_ath` WHERE ( f_ath_mdid=33 AND (f_ath_rlid=1) )  [ RunTime:0.000791s ]
SQL: SELECT * FROM `tb_ath` WHERE ( f_ath_mdid=34 AND (f_ath_rlid=1) )  [ RunTime:0.000732s ]
SQL: SELECT * FROM `tb_ath` WHERE ( f_ath_mdid=35 AND (f_ath_rlid=1) )  [ RunTime:0.000716s ]
SQL: SELECT * FROM `tb_ath` WHERE ( f_ath_mdid=36 AND (f_ath_rlid=1) )  [ RunTime:0.000721s ]
SQL: SELECT * FROM `tb_ath` WHERE ( f_ath_mdid=37 AND (f_ath_rlid=1) )  [ RunTime:0.000721s ]
SQL: SELECT * FROM `tb_ath` WHERE ( f_ath_mdid=38 AND (f_ath_rlid=1) )  [ RunTime:0.000712s ]
SQL: SELECT * FROM `tb_ath` WHERE ( f_ath_mdid=39 AND (f_ath_rlid=1) )  [ RunTime:0.000716s ]
SQL: SELECT * FROM `tb_ath` WHERE ( f_ath_mdid=40 AND (f_ath_rlid=1) )  [ RunTime:0.000709s ]
SQL: SELECT * FROM `tb_ath` WHERE ( f_ath_mdid=41 AND (f_ath_rlid=1) )  [ RunTime:0.000898s ]
SQL: SELECT * FROM `tb_ath` WHERE ( f_ath_mdid=42 AND (f_ath_rlid=1) )  [ RunTime:0.001193s ]
SQL: SELECT * FROM `tb_ath` WHERE ( f_ath_mdid=43 AND (f_ath_rlid=1) )  [ RunTime:0.001263s ]
SQL: SELECT * FROM `tb_ath` WHERE ( f_ath_mdid=44 AND (f_ath_rlid=1) )  [ RunTime:0.000940s ]
SQL: SELECT * FROM `tb_ath` WHERE ( f_ath_mdid=49 AND (f_ath_rlid=1) )  [ RunTime:0.000754s ]
NOTIC: [8] Undefined variable: mdidactv C:\wamp\www\xx\admin\Lib\KZMB\KZMBAction.class.php 第 95 行.
NOTIC: [8] Undefined variable: mdidactv C:\wamp\www\xx\admin\Lib\KZMB\KZMBAction.class.php 第 95 行.
NOTIC: [8] Undefined variable: mdidactv C:\wamp\www\xx\admin\Lib\KZMB\KZMBAction.class.php 第 95 行.
NOTIC: [8] Undefined variable: mdidactv C:\wamp\www\xx\admin\Lib\KZMB\KZMBAction.class.php 第 95 行.
NOTIC: [8] Undefined variable: mdidactv C:\wamp\www\xx\admin\Lib\KZMB\KZMBAction.class.php 第 95 行.
NOTIC: [8] Undefined variable: mdidactv C:\wamp\www\xx\admin\Lib\KZMB\KZMBAction.class.php 第 95 行.
NOTIC: [8] Undefined variable: mdidactv C:\wamp\www\xx\admin\Lib\KZMB\KZMBAction.class.php 第 95 行.
NOTIC: [8] Undefined variable: mdidactv C:\wamp\www\xx\admin\Lib\KZMB\KZMBAction.class.php 第 95 行.
NOTIC: [8] Undefined variable: mdidactv C:\wamp\www\xx\admin\Lib\KZMB\KZMBAction.class.php 第 95 行.
NOTIC: [8] Undefined variable: mdidactv C:\wamp\www\xx\admin\Lib\KZMB\KZMBAction.class.php 第 95 行.
NOTIC: [8] Undefined variable: mdidactv C:\wamp\www\xx\admin\Lib\KZMB\KZMBAction.class.php 第 95 行.
NOTIC: [8] Undefined variable: mdidactv C:\wamp\www\xx\admin\Lib\KZMB\KZMBAction.class.php 第 95 行.
NOTIC: [8] Undefined variable: mdidactv C:\wamp\www\xx\admin\Lib\KZMB\KZMBAction.class.php 第 95 行.
NOTIC: [8] Undefined variable: mdidactv C:\wamp\www\xx\admin\Lib\KZMB\KZMBAction.class.php 第 95 行.
NOTIC: [8] Undefined variable: mdidactv C:\wamp\www\xx\admin\Lib\KZMB\KZMBAction.class.php 第 95 行.
NOTIC: [8] Undefined variable: mdidactv C:\wamp\www\xx\admin\Lib\KZMB\KZMBAction.class.php 第 95 行.
NOTIC: [8] Undefined variable: mdidactv C:\wamp\www\xx\admin\Lib\KZMB\KZMBAction.class.php 第 95 行.
NOTIC: [8] Undefined variable: mdidactv C:\wamp\www\xx\admin\Lib\KZMB\KZMBAction.class.php 第 95 行.
NOTIC: [8] Undefined variable: mdidactv C:\wamp\www\xx\admin\Lib\KZMB\KZMBAction.class.php 第 95 行.
NOTIC: [8] Undefined variable: mdidactv C:\wamp\www\xx\admin\Lib\KZMB\KZMBAction.class.php 第 95 行.
NOTIC: [8] Undefined variable: mdidactv C:\wamp\www\xx\admin\Lib\KZMB\KZMBAction.class.php 第 95 行.
SQL: SELECT * FROM `tb_btn` WHERE ( f_btn_usrid=1 AND btnnm='bs3' ) LIMIT 1   [ RunTime:0.000279s ]
SQL: SELECT * FROM `tb_btn` WHERE ( f_btn_usrid=1 AND btnnm='bs3' ) LIMIT 1   [ RunTime:0.000241s ]
SQL: SELECT * FROM `tb_lbmd` LEFT JOIN tb_md ON f_lbmd_mdid=mdid WHERE ( f_lbmd_lbid=4 )  [ RunTime:0.000290s ]
SQL: SELECT * FROM `tb_ath` WHERE ( f_ath_mdid=45 AND (f_ath_rlid=1) )  [ RunTime:0.000722s ]
SQL: SELECT * FROM `tb_ath` WHERE ( f_ath_mdid=50 AND (f_ath_rlid=1) )  [ RunTime:0.000721s ]
SQL: SELECT * FROM `tb_ath` WHERE ( f_ath_mdid=51 AND (f_ath_rlid=1) )  [ RunTime:0.001073s ]
NOTIC: [8] Undefined variable: mdidactv C:\wamp\www\xx\admin\Lib\KZMB\KZMBAction.class.php 第 95 行.
NOTIC: [8] Undefined variable: mdidactv C:\wamp\www\xx\admin\Lib\KZMB\KZMBAction.class.php 第 95 行.
NOTIC: [8] Undefined variable: mdidactv C:\wamp\www\xx\admin\Lib\KZMB\KZMBAction.class.php 第 95 行.
SQL: SELECT * FROM `tb_btn` WHERE ( f_btn_usrid=1 AND btnnm='bs4' ) LIMIT 1   [ RunTime:0.000383s ]
SQL: SELECT * FROM `tb_btn` WHERE ( f_btn_usrid=1 AND btnnm='bs4' ) LIMIT 1   [ RunTime:0.000266s ]
SQL: SELECT * FROM `tb_lbmd` LEFT JOIN tb_md ON f_lbmd_mdid=mdid WHERE ( f_lbmd_lbid=5 )  [ RunTime:0.000302s ]
SQL: SELECT * FROM `tb_ath` WHERE ( f_ath_mdid=46 AND (f_ath_rlid=1) )  [ RunTime:0.000743s ]
SQL: SELECT * FROM `tb_ath` WHERE ( f_ath_mdid=47 AND (f_ath_rlid=1) )  [ RunTime:0.000947s ]
SQL: SELECT * FROM `tb_ath` WHERE ( f_ath_mdid=48 AND (f_ath_rlid=1) )  [ RunTime:0.001167s ]
NOTIC: [8] Undefined variable: mdidactv C:\wamp\www\xx\admin\Lib\KZMB\KZMBAction.class.php 第 95 行.
NOTIC: [8] Undefined variable: mdidactv C:\wamp\www\xx\admin\Lib\KZMB\KZMBAction.class.php 第 95 行.
NOTIC: [8] Undefined variable: mdidactv C:\wamp\www\xx\admin\Lib\KZMB\KZMBAction.class.php 第 95 行.
SQL: SELECT * FROM `tb_btn` WHERE ( f_btn_usrid=1 AND btnnm='bs5' ) LIMIT 1   [ RunTime:0.000343s ]
SQL: SELECT * FROM `tb_btn` WHERE ( f_btn_usrid=1 AND btnnm='bs5' ) LIMIT 1   [ RunTime:0.000315s ]
INFO: [ view_parse ] --START--
NOTIC: [8] Use of undefined constant lbid - assumed 'lbid' C:\wamp\www\xx\admin\Runtime\Cache\95ce6485eccf9f806ee32535db24cf7f.php 第 146 行.
NOTIC: [8] Use of undefined constant lbid - assumed 'lbid' C:\wamp\www\xx\admin\Runtime\Cache\95ce6485eccf9f806ee32535db24cf7f.php 第 146 行.
NOTIC: [8] Use of undefined constant lbid - assumed 'lbid' C:\wamp\www\xx\admin\Runtime\Cache\95ce6485eccf9f806ee32535db24cf7f.php 第 146 行.
NOTIC: [8] Use of undefined constant lbid - assumed 'lbid' C:\wamp\www\xx\admin\Runtime\Cache\95ce6485eccf9f806ee32535db24cf7f.php 第 146 行.
NOTIC: [8] Use of undefined constant lbid - assumed 'lbid' C:\wamp\www\xx\admin\Runtime\Cache\95ce6485eccf9f806ee32535db24cf7f.php 第 146 行.
INFO: ParseTemplate Behavior ::run [ RunTime:0.126665s ]
INFO: [ view_parse ] --END-- [ RunTime:0.126903s ]
INFO: [ view_filter ] --START--
INFO: ContentReplace Behavior ::run [ RunTime:0.015124s ]
INFO: TokenBuild Behavior ::run [ RunTime:0.008953s ]
INFO: WriteHtmlCache Behavior ::run [ RunTime:0.001007s ]
INFO: ShowRuntime Behavior ::run [ RunTime:0.009921s ]
INFO: [ view_filter ] --END-- [ RunTime:0.035605s ]
INFO: [ view_end ] --START--
INFO: ShowPageTrace Behavior ::run [ RunTime:0.006890s ]
INFO: [ view_end ] --END-- [ RunTime:0.007073s ]

[ 2015-05-29T22:15:49+08:00 ] 127.0.0.1 /xx/admin.php/Zscw/query
INFO: [ route_check ] --START--
INFO: CheckRoute Behavior ::run [ RunTime:0.015324s ]
INFO: [ route_check ] --END-- [ RunTime:0.015496s ]
INFO: [ app_begin ] --START--
INFO: ReadHtmlCache Behavior ::run [ RunTime:0.000774s ]
INFO: [ app_begin ] --END-- [ RunTime:0.000908s ]
SQL: SHOW COLUMNS FROM `tb_zssz` [ RunTime:0.003583s ]
SQL: SELECT * FROM `tb_zssz` LIMIT 1   [ RunTime:0.000254s ]
SQL: SHOW COLUMNS FROM `tb_usr` [ RunTime:0.003751s ]
SQL: SELECT * FROM `tb_usr` WHERE ( usrid=1 AND usrps=1 ) LIMIT 1   [ RunTime:0.000488s ]
SQL: SELECT * FROM `tb_usr` WHERE ( usrid=1 ) LIMIT 1   [ RunTime:0.000375s ]
SQL: SHOW COLUMNS FROM `tb_md` [ RunTime:0.003430s ]
SQL: SELECT * FROM `tb_md` WHERE ( mdmk='Zscw' ) LIMIT 1   [ RunTime:0.000375s ]
SQL: SELECT * FROM `tb_usr` WHERE ( usrid=1 AND usrps=1 ) LIMIT 1   [ RunTime:0.000389s ]
SQL: SHOW COLUMNS FROM `tb_usrrl` [ RunTime:0.003608s ]
SQL: SELECT * FROM `tb_usrrl` WHERE ( f_usrrl_usrid=1 )  [ RunTime:0.000347s ]
SQL: SHOW COLUMNS FROM `tb_ath` [ RunTime:0.003555s ]
SQL: SELECT * FROM `tb_ath` WHERE ( f_ath_mdid=51 AND (f_ath_rlid=1) )  [ RunTime:0.000836s ]
SQL: SELECT * FROM `tb_md` WHERE ( mdid=51 ) LIMIT 1   [ RunTime:0.000273s ]
NOTIC: [8] Undefined index: zscwid C:\wamp\www\xx\admin\Lib\IDTATH\IdtathAction.class.php 第 91 行.
SQL: SELECT * FROM `tb_md` WHERE ( mdmk='Usr' ) LIMIT 1   [ RunTime:0.000342s ]
SQL: SELECT * FROM `tb_usr` WHERE ( usrid=1 AND usrps=1 ) LIMIT 1   [ RunTime:0.000358s ]
SQL: SELECT * FROM `tb_usrrl` WHERE ( f_usrrl_usrid=1 )  [ RunTime:0.000378s ]
SQL: SELECT * FROM `tb_ath` WHERE ( f_ath_mdid=2 AND (f_ath_rlid=1) )  [ RunTime:0.000861s ]
SQL: SELECT COUNT(*) AS tp_count FROM `tb_usr` WHERE ( usrvw=0 ) LIMIT 1   [ RunTime:0.000362s ]
SQL: SELECT * FROM `tb_md` WHERE ( mdmk='Cstmusr' ) LIMIT 1   [ RunTime:0.000338s ]
SQL: SELECT * FROM `tb_usr` WHERE ( usrid=1 AND usrps=1 ) LIMIT 1   [ RunTime:0.000311s ]
SQL: SELECT * FROM `tb_usrrl` WHERE ( f_usrrl_usrid=1 )  [ RunTime:0.000242s ]
SQL: SELECT * FROM `tb_ath` WHERE ( f_ath_mdid=16 AND (f_ath_rlid=1) )  [ RunTime:0.000761s ]
SQL: SHOW COLUMNS FROM `tb_cstmusr` [ RunTime:0.003797s ]
SQL: SELECT COUNT(*) AS tp_count FROM `tb_cstmusr` WHERE ( cstmusrvw=0 ) LIMIT 1   [ RunTime:0.000290s ]
SQL: SELECT * FROM `tb_md` WHERE ( mdmk='Atc' ) LIMIT 1   [ RunTime:0.000268s ]
SQL: SELECT * FROM `tb_usr` WHERE ( usrid=1 AND usrps=1 ) LIMIT 1   [ RunTime:0.000734s ]
SQL: SELECT * FROM `tb_usrrl` WHERE ( f_usrrl_usrid=1 )  [ RunTime:0.000284s ]
SQL: SELECT * FROM `tb_ath` WHERE ( f_ath_mdid=6 AND (f_ath_rlid=1) )  [ RunTime:0.000759s ]
SQL: SHOW COLUMNS FROM `tb_atc` [ RunTime:0.004010s ]
SQL: SELECT COUNT(*) AS tp_count FROM `tb_atc` WHERE ( atcvw=0 ) LIMIT 1   [ RunTime:0.000299s ]
NOTIC: [8] Undefined variable: ntfstrusr C:\wamp\www\xx\admin\Lib\NTF\NTFAction.class.php 第 52 行.
NOTIC: [8] Undefined variable: ntfstratc C:\wamp\www\xx\admin\Lib\NTF\NTFAction.class.php 第 52 行.
NOTIC: [8] Undefined variable: ntfstrcstmusr C:\wamp\www\xx\admin\Lib\NTF\NTFAction.class.php 第 52 行.
SQL: SHOW COLUMNS FROM `tb_btn` [ RunTime:0.003360s ]
SQL: SELECT * FROM `tb_btn` WHERE ( f_btn_usrid=1 AND btnnm='lft' ) LIMIT 1   [ RunTime:0.000305s ]
SQL: SELECT * FROM `tb_btn` WHERE ( f_btn_usrid=1 AND btnnm='lft' ) LIMIT 1   [ RunTime:0.000257s ]
SQL: SELECT * FROM `tb_usrrl` WHERE ( f_usrrl_usrid=1 )  [ RunTime:0.000263s ]
SQL: SHOW COLUMNS FROM `tb_lb` [ RunTime:0.003479s ]
SQL: SHOW COLUMNS FROM `tb_lbmd` [ RunTime:0.003972s ]
SQL: SELECT * FROM `tb_lb`  [ RunTime:0.000296s ]
SQL: SELECT * FROM `tb_lbmd` LEFT JOIN tb_md ON f_lbmd_mdid=mdid WHERE ( f_lbmd_lbid=1 )  [ RunTime:0.000420s ]
SQL: SELECT * FROM `tb_ath` WHERE ( f_ath_mdid=1 AND (f_ath_rlid=1) )  [ RunTime:0.000752s ]
SQL: SELECT * FROM `tb_ath` WHERE ( f_ath_mdid=2 AND (f_ath_rlid=1) )  [ RunTime:0.000734s ]
SQL: SELECT * FROM `tb_ath` WHERE ( f_ath_mdid=3 AND (f_ath_rlid=1) )  [ RunTime:0.000741s ]
SQL: SELECT * FROM `tb_ath` WHERE ( f_ath_mdid=4 AND (f_ath_rlid=1) )  [ RunTime:0.000733s ]
SQL: SELECT * FROM `tb_ath` WHERE ( f_ath_mdid=5 AND (f_ath_rlid=1) )  [ RunTime:0.000738s ]
SQL: SELECT * FROM `tb_ath` WHERE ( f_ath_mdid=6 AND (f_ath_rlid=1) )  [ RunTime:0.000742s ]
SQL: SELECT * FROM `tb_ath` WHERE ( f_ath_mdid=7 AND (f_ath_rlid=1) )  [ RunTime:0.000736s ]
SQL: SELECT * FROM `tb_ath` WHERE ( f_ath_mdid=8 AND (f_ath_rlid=1) )  [ RunTime:0.001109s ]
SQL: SELECT * FROM `tb_ath` WHERE ( f_ath_mdid=9 AND (f_ath_rlid=1) )  [ RunTime:0.000756s ]
SQL: SELECT * FROM `tb_ath` WHERE ( f_ath_mdid=11 AND (f_ath_rlid=1) )  [ RunTime:0.000933s ]
SQL: SELECT * FROM `tb_ath` WHERE ( f_ath_mdid=12 AND (f_ath_rlid=1) )  [ RunTime:0.000762s ]
SQL: SELECT * FROM `tb_ath` WHERE ( f_ath_mdid=13 AND (f_ath_rlid=1) )  [ RunTime:0.000746s ]
SQL: SELECT * FROM `tb_ath` WHERE ( f_ath_mdid=14 AND (f_ath_rlid=1) )  [ RunTime:0.000742s ]
SQL: SELECT * FROM `tb_ath` WHERE ( f_ath_mdid=15 AND (f_ath_rlid=1) )  [ RunTime:0.000772s ]
SQL: SELECT * FROM `tb_ath` WHERE ( f_ath_mdid=24 AND (f_ath_rlid=1) )  [ RunTime:0.000749s ]
SQL: SELECT * FROM `tb_btn` WHERE ( f_btn_usrid=1 AND btnnm='bs1' ) LIMIT 1   [ RunTime:0.000266s ]
SQL: SELECT * FROM `tb_btn` WHERE ( f_btn_usrid=1 AND btnnm='bs1' ) LIMIT 1   [ RunTime:0.000257s ]
SQL: SELECT * FROM `tb_lbmd` LEFT JOIN tb_md ON f_lbmd_mdid=mdid WHERE ( f_lbmd_lbid=2 )  [ RunTime:0.000335s ]
SQL: SELECT * FROM `tb_ath` WHERE ( f_ath_mdid=16 AND (f_ath_rlid=1) )  [ RunTime:0.000835s ]
SQL: SELECT * FROM `tb_ath` WHERE ( f_ath_mdid=17 AND (f_ath_rlid=1) )  [ RunTime:0.000815s ]
SQL: SELECT * FROM `tb_ath` WHERE ( f_ath_mdid=18 AND (f_ath_rlid=1) )  [ RunTime:0.000726s ]
SQL: SELECT * FROM `tb_ath` WHERE ( f_ath_mdid=19 AND (f_ath_rlid=1) )  [ RunTime:0.001253s ]
SQL: SELECT * FROM `tb_ath` WHERE ( f_ath_mdid=20 AND (f_ath_rlid=1) )  [ RunTime:0.001201s ]
SQL: SELECT * FROM `tb_ath` WHERE ( f_ath_mdid=21 AND (f_ath_rlid=1) )  [ RunTime:0.000782s ]
SQL: SELECT * FROM `tb_ath` WHERE ( f_ath_mdid=22 AND (f_ath_rlid=1) )  [ RunTime:0.000736s ]
SQL: SELECT * FROM `tb_ath` WHERE ( f_ath_mdid=23 AND (f_ath_rlid=1) )  [ RunTime:0.000721s ]
SQL: SELECT * FROM `tb_btn` WHERE ( f_btn_usrid=1 AND btnnm='bs2' ) LIMIT 1   [ RunTime:0.000244s ]
SQL: SELECT * FROM `tb_btn` WHERE ( f_btn_usrid=1 AND btnnm='bs2' ) LIMIT 1   [ RunTime:0.000231s ]
SQL: SELECT * FROM `tb_lbmd` LEFT JOIN tb_md ON f_lbmd_mdid=mdid WHERE ( f_lbmd_lbid=3 )  [ RunTime:0.000542s ]
SQL: SELECT * FROM `tb_ath` WHERE ( f_ath_mdid=25 AND (f_ath_rlid=1) )  [ RunTime:0.001014s ]
SQL: SELECT * FROM `tb_ath` WHERE ( f_ath_mdid=26 AND (f_ath_rlid=1) )  [ RunTime:0.000805s ]
SQL: SELECT * FROM `tb_ath` WHERE ( f_ath_mdid=27 AND (f_ath_rlid=1) )  [ RunTime:0.000758s ]
SQL: SELECT * FROM `tb_ath` WHERE ( f_ath_mdid=28 AND (f_ath_rlid=1) )  [ RunTime:0.000770s ]
SQL: SELECT * FROM `tb_ath` WHERE ( f_ath_mdid=29 AND (f_ath_rlid=1) )  [ RunTime:0.000776s ]
SQL: SELECT * FROM `tb_ath` WHERE ( f_ath_mdid=30 AND (f_ath_rlid=1) )  [ RunTime:0.001236s ]
SQL: SELECT * FROM `tb_ath` WHERE ( f_ath_mdid=31 AND (f_ath_rlid=1) )  [ RunTime:0.000796s ]
SQL: SELECT * FROM `tb_ath` WHERE ( f_ath_mdid=32 AND (f_ath_rlid=1) )  [ RunTime:0.000771s ]
SQL: SELECT * FROM `tb_ath` WHERE ( f_ath_mdid=33 AND (f_ath_rlid=1) )  [ RunTime:0.000796s ]
SQL: SELECT * FROM `tb_ath` WHERE ( f_ath_mdid=34 AND (f_ath_rlid=1) )  [ RunTime:0.000915s ]
SQL: SELECT * FROM `tb_ath` WHERE ( f_ath_mdid=35 AND (f_ath_rlid=1) )  [ RunTime:0.001120s ]
SQL: SELECT * FROM `tb_ath` WHERE ( f_ath_mdid=36 AND (f_ath_rlid=1) )  [ RunTime:0.000827s ]
SQL: SELECT * FROM `tb_ath` WHERE ( f_ath_mdid=37 AND (f_ath_rlid=1) )  [ RunTime:0.000825s ]
SQL: SELECT * FROM `tb_ath` WHERE ( f_ath_mdid=38 AND (f_ath_rlid=1) )  [ RunTime:0.000967s ]
SQL: SELECT * FROM `tb_ath` WHERE ( f_ath_mdid=39 AND (f_ath_rlid=1) )  [ RunTime:0.000851s ]
SQL: SELECT * FROM `tb_ath` WHERE ( f_ath_mdid=40 AND (f_ath_rlid=1) )  [ RunTime:0.000848s ]
SQL: SELECT * FROM `tb_ath` WHERE ( f_ath_mdid=41 AND (f_ath_rlid=1) )  [ RunTime:0.000940s ]
SQL: SELECT * FROM `tb_ath` WHERE ( f_ath_mdid=42 AND (f_ath_rlid=1) )  [ RunTime:0.000829s ]
SQL: SELECT * FROM `tb_ath` WHERE ( f_ath_mdid=43 AND (f_ath_rlid=1) )  [ RunTime:0.000792s ]
SQL: SELECT * FROM `tb_ath` WHERE ( f_ath_mdid=44 AND (f_ath_rlid=1) )  [ RunTime:0.000782s ]
SQL: SELECT * FROM `tb_ath` WHERE ( f_ath_mdid=49 AND (f_ath_rlid=1) )  [ RunTime:0.000770s ]
SQL: SELECT * FROM `tb_btn` WHERE ( f_btn_usrid=1 AND btnnm='bs3' ) LIMIT 1   [ RunTime:0.000299s ]
SQL: SELECT * FROM `tb_btn` WHERE ( f_btn_usrid=1 AND btnnm='bs3' ) LIMIT 1   [ RunTime:0.000264s ]
SQL: SELECT * FROM `tb_lbmd` LEFT JOIN tb_md ON f_lbmd_mdid=mdid WHERE ( f_lbmd_lbid=4 )  [ RunTime:0.000323s ]
SQL: SELECT * FROM `tb_ath` WHERE ( f_ath_mdid=45 AND (f_ath_rlid=1) )  [ RunTime:0.000737s ]
SQL: SELECT * FROM `tb_ath` WHERE ( f_ath_mdid=50 AND (f_ath_rlid=1) )  [ RunTime:0.000743s ]
SQL: SELECT * FROM `tb_ath` WHERE ( f_ath_mdid=51 AND (f_ath_rlid=1) )  [ RunTime:0.000737s ]
SQL: SELECT * FROM `tb_btn` WHERE ( f_btn_usrid=1 AND btnnm='bs4' ) LIMIT 1   [ RunTime:0.000263s ]
SQL: SELECT * FROM `tb_btn` WHERE ( f_btn_usrid=1 AND btnnm='bs4' ) LIMIT 1   [ RunTime:0.000262s ]
SQL: SELECT * FROM `tb_lbmd` LEFT JOIN tb_md ON f_lbmd_mdid=mdid WHERE ( f_lbmd_lbid=5 )  [ RunTime:0.000342s ]
SQL: SELECT * FROM `tb_ath` WHERE ( f_ath_mdid=46 AND (f_ath_rlid=1) )  [ RunTime:0.000783s ]
SQL: SELECT * FROM `tb_ath` WHERE ( f_ath_mdid=47 AND (f_ath_rlid=1) )  [ RunTime:0.000760s ]
SQL: SELECT * FROM `tb_ath` WHERE ( f_ath_mdid=48 AND (f_ath_rlid=1) )  [ RunTime:0.000786s ]
SQL: SELECT * FROM `tb_btn` WHERE ( f_btn_usrid=1 AND btnnm='bs5' ) LIMIT 1   [ RunTime:0.000289s ]
SQL: SELECT * FROM `tb_btn` WHERE ( f_btn_usrid=1 AND btnnm='bs5' ) LIMIT 1   [ RunTime:0.000267s ]
SQL: SHOW COLUMNS FROM `tb_grd` [ RunTime:0.003447s ]
SQL: SELECT * FROM `tb_grd` WHERE ( grdid=4 ) LIMIT 1   [ RunTime:0.000289s ]
SQL: SHOW COLUMNS FROM `tb_2015_cw` [ RunTime:0.047421s ]
SQL: SHOW COLUMNS FROM `tb_xn` [ RunTime:0.003674s ]
SQL: SELECT * FROM `tb_xn` WHERE ( xnnm='2015' ) LIMIT 1   [ RunTime:0.000417s ]
NOTIC: [2] Missing argument 8 for NBAction::NB(), called in C:\wamp\www\xx\admin\Lib\Action\ZscwAction.class.php on line 280 and defined C:\wamp\www\xx\admin\Lib\NB\NBAction.class.php 第 46 行.
NOTIC: [8] Undefined index: NBsqlstc C:\wamp\www\xx\admin\Lib\NB\NBAction.class.php 第 49 行.
NOTIC: [8] Undefined index: NBsqlstc C:\wamp\www\xx\admin\Lib\NB\NBAction.class.php 第 49 行.
NOTIC: [8] Undefined index: fld C:\wamp\www\xx\admin\Lib\NB\NBAction.class.php 第 139 行.
NOTIC: [8] Undefined index: fld C:\wamp\www\xx\admin\Lib\NB\NBAction.class.php 第 141 行.
NOTIC: [8] Undefined index: cdt C:\wamp\www\xx\admin\Lib\NB\NBAction.class.php 第 144 行.
NOTIC: [8] Undefined index: cdt C:\wamp\www\xx\admin\Lib\NB\NBAction.class.php 第 146 行.
NOTIC: [8] Undefined index: spccdt C:\wamp\www\xx\admin\Lib\NB\NBAction.class.php 第 149 行.
NOTIC: [8] Undefined index: spccdt C:\wamp\www\xx\admin\Lib\NB\NBAction.class.php 第 151 行.
NOTIC: [8] Undefined index: odr C:\wamp\www\xx\admin\Lib\NB\NBAction.class.php 第 154 行.
NOTIC: [8] Undefined index: odr C:\wamp\www\xx\admin\Lib\NB\NBAction.class.php 第 156 行.
NOTIC: [8] Undefined index: lmt C:\wamp\www\xx\admin\Lib\NB\NBAction.class.php 第 159 行.
NOTIC: [8] Undefined index: lmt C:\wamp\www\xx\admin\Lib\NB\NBAction.class.php 第 161 行.
NOTIC: [8] Undefined variable: odrpcd C:\wamp\www\xx\admin\Lib\NB\NBAction.class.php 第 33 行.
NOTIC: [8] Undefined variable: lsyon C:\wamp\www\xx\admin\Lib\NB\NBAction.class.php 第 182 行.
SQL: SELECT COUNT(*) AS tp_count FROM `tb_2015_cw` LEFT JOIN tb_2015_std ON f_cw_stdid=stdid inner join tb_2015_stdxqcls ON stdid=f_stdxqcls_stdid inner join tb_2015_stdxqmj ON stdid=f_stdxqmj_stdid LEFT JOIN tb_xn ON f_cw_xnid=xnid LEFT JOIN tb_stt ON f_std_sttid=sttid LEFT JOIN tb_grd ON f_std_grdid=grdid LEFT JOIN tb_2015_mj ON f_stdxqmj_mjid=mjid LEFT JOIN tb_bxxs ON f_mj_bxxsid=bxxsid LEFT JOIN tb_cc ON f_mj_ccid=ccid LEFT JOIN tb_kl ON f_mj_klid=klid LEFT JOIN tb_xxxs ON f_mj_xxxsid=xxxsid LEFT JOIN tb_zsfw ON f_mj_zsfwid=zsfwid LEFT JOIN tb_xz ON f_mj_xzid=xzid LEFT JOIN tb_2015_cls ON f_stdxqcls_clsid=clsid LEFT JOIN tb_dm ON f_std_dmid=dmid LEFT JOIN tb_sex ON f_std_sexid=sexid LEFT JOIN tb_rc ON f_std_rcid=rcid LEFT JOIN tb_zzmm ON f_std_zzmmid=zzmmid LEFT JOIN tb_xl ON f_std_xlid=xlid LEFT JOIN tb_stat ON f_std_statid=statid LEFT JOIN tb_xq ON f_stdxqcls_xqid=xqid WHERE ( 1=1 AND f_std_grdid=4 AND f_cw_xnid=2 AND f_std_sttid=1 AND f_stdxqcls_xqid=3 AND f_stdxqmj_xqid=3 ) ORDER BY stdaddtm DESC LIMIT 1   [ RunTime:0.001939s ]
NOTIC: [8] Undefined variable: sqlstc C:\wamp\www\xx\admin\Lib\NB\NBAction.class.php 第 204 行.
SQL: SELECT `cwid`,`bxxsnm`,`f_std_grdid`,`f_cw_xnid`,`f_stdxqcls_clsid`,`stdaplno`,`stdnm`,`sexnm`,`dmnm`,`mjnm`,`statnm`,`stdupfnctm`,`cwyjxfsm`,`cwyjjckwfsm`,`cwyjzsfsm`,`cwsjxfsm`,`cwsjjckwfsm`,`cwsjzsfsm` FROM `tb_2015_cw` LEFT JOIN tb_2015_std ON f_cw_stdid=stdid inner join tb_2015_stdxqcls ON stdid=f_stdxqcls_stdid inner join tb_2015_stdxqmj ON stdid=f_stdxqmj_stdid LEFT JOIN tb_xn ON f_cw_xnid=xnid LEFT JOIN tb_stt ON f_std_sttid=sttid LEFT JOIN tb_grd ON f_std_grdid=grdid LEFT JOIN tb_2015_mj ON f_stdxqmj_mjid=mjid LEFT JOIN tb_bxxs ON f_mj_bxxsid=bxxsid LEFT JOIN tb_cc ON f_mj_ccid=ccid LEFT JOIN tb_kl ON f_mj_klid=klid LEFT JOIN tb_xxxs ON f_mj_xxxsid=xxxsid LEFT JOIN tb_zsfw ON f_mj_zsfwid=zsfwid LEFT JOIN tb_xz ON f_mj_xzid=xzid LEFT JOIN tb_2015_cls ON f_stdxqcls_clsid=clsid LEFT JOIN tb_dm ON f_std_dmid=dmid LEFT JOIN tb_sex ON f_std_sexid=sexid LEFT JOIN tb_rc ON f_std_rcid=rcid LEFT JOIN tb_zzmm ON f_std_zzmmid=zzmmid LEFT JOIN tb_xl ON f_std_xlid=xlid LEFT JOIN tb_stat ON f_std_statid=statid LEFT JOIN tb_xq ON f_stdxqcls_xqid=xqid WHERE ( 1=1 AND f_std_grdid=4 AND f_cw_xnid=2 AND f_std_sttid=1 AND f_stdxqcls_xqid=3 AND f_stdxqmj_xqid=3 ) ORDER BY stdaddtm DESC LIMIT 0,20   [ RunTime:0.001436s ]
NOTIC: [8] Undefined variable: sqlstc C:\wamp\www\xx\admin\Lib\NB\NBAction.class.php 第 261 行.
NOTIC: [8] Undefined variable: mlsforcount C:\wamp\www\xx\admin\Lib\NB\NBAction.class.php 第 270 行.
SQL: SHOW COLUMNS FROM `tb_bxxs` [ RunTime:0.003466s ]
SQL: SELECT * FROM `tb_bxxs` WHERE ( 1=2 OR bxxsid=4 )  [ RunTime:0.000467s ]
SQL: SHOW COLUMNS FROM `tb_stt` [ RunTime:0.003696s ]
SQL: SELECT * FROM `tb_stt` WHERE ( sttid=1 )  [ RunTime:0.000376s ]
SQL: SHOW COLUMNS FROM `tb_cc` [ RunTime:0.003237s ]
SQL: SELECT * FROM `tb_cc` WHERE ( ccid=3 )  [ RunTime:0.000354s ]
SQL: SHOW COLUMNS FROM `tb_kl` [ RunTime:0.003282s ]
SQL: SELECT * FROM `tb_kl`  [ RunTime:0.000272s ]
SQL: SHOW COLUMNS FROM `tb_xxxs` [ RunTime:0.003871s ]
SQL: SELECT * FROM `tb_xxxs` WHERE ( xxxsid=2 )  [ RunTime:0.000295s ]
SQL: SHOW COLUMNS FROM `tb_zsfw` [ RunTime:0.003400s ]
SQL: SELECT * FROM `tb_zsfw` WHERE ( zsfwid=2 )  [ RunTime:0.000297s ]
SQL: SHOW COLUMNS FROM `tb_xz` [ RunTime:0.003403s ]
SQL: SELECT * FROM `tb_xz` WHERE ( xzid=2 )  [ RunTime:0.000339s ]
SQL: SELECT * FROM `tb_grd` WHERE ( grdid=4 ) ORDER BY grdnm DESC  [ RunTime:0.000359s ]
SQL: SHOW COLUMNS FROM `tb_xq` [ RunTime:0.003975s ]
SQL: SELECT * FROM `tb_xq` WHERE ( xqid=3 ) ORDER BY xqnm DESC  [ RunTime:0.000349s ]
SQL: SHOW COLUMNS FROM `tb_2015_cls` [ RunTime:0.003600s ]
SQL: SELECT * FROM `tb_2015_cls` LEFT JOIN tb_stt ON f_cls_sttid=sttid WHERE ( 1=1 AND f_cls_sttid=1 AND f_cls_grdid=4 ) ORDER BY clsnm ASC  [ RunTime:0.000503s ]
NOTIC: [2] array_push() expects parameter 1 to be array, null given C:\wamp\www\xx\admin\Lib\Action\ZscwAction.class.php 第 375 行.
SQL: SELECT * FROM `tb_xn` WHERE ( xnnm>=2015 ) ORDER BY xnid DESC  [ RunTime:0.000311s ]
SQL: SHOW COLUMNS FROM `tb_dm` [ RunTime:0.003322s ]
SQL: SELECT * FROM `tb_dm`  [ RunTime:0.000239s ]
SQL: SHOW COLUMNS FROM `tb_sex` [ RunTime:0.004010s ]
SQL: SELECT * FROM `tb_sex`  [ RunTime:0.000270s ]
SQL: SHOW COLUMNS FROM `tb_rc` [ RunTime:0.003292s ]
SQL: SELECT * FROM `tb_rc`  [ RunTime:0.000559s ]
SQL: SHOW COLUMNS FROM `tb_zzmm` [ RunTime:0.003401s ]
SQL: SELECT * FROM `tb_zzmm`  [ RunTime:0.000304s ]
SQL: SHOW COLUMNS FROM `tb_xl` [ RunTime:0.003504s ]
SQL: SELECT * FROM `tb_xl`  [ RunTime:0.000608s ]
SQL: SHOW COLUMNS FROM `tb_2015_mj` [ RunTime:0.003837s ]
SQL: SELECT * FROM `tb_2015_mj` LEFT JOIN tb_bxxs ON f_mj_bxxsid=bxxsid WHERE ( 1=1 AND f_mj_grdid=4 ) ORDER BY f_mj_bxxsid ASC,mjdm ASC  [ RunTime:0.000859s ]
SQL: SHOW COLUMNS FROM `tb_stat` [ RunTime:0.003969s ]
SQL: SELECT * FROM `tb_stat`  [ RunTime:0.000279s ]
INFO: [ view_parse ] --START--
NOTIC: [8] Use of undefined constant lbid - assumed 'lbid' C:\wamp\www\xx\admin\Runtime\Cache\e106c95b7fd797e28f5065dfc8b628cd.php 第 147 行.
NOTIC: [8] Use of undefined constant lbid - assumed 'lbid' C:\wamp\www\xx\admin\Runtime\Cache\e106c95b7fd797e28f5065dfc8b628cd.php 第 147 行.
NOTIC: [8] Use of undefined constant lbid - assumed 'lbid' C:\wamp\www\xx\admin\Runtime\Cache\e106c95b7fd797e28f5065dfc8b628cd.php 第 147 行.
NOTIC: [8] Use of undefined constant lbid - assumed 'lbid' C:\wamp\www\xx\admin\Runtime\Cache\e106c95b7fd797e28f5065dfc8b628cd.php 第 147 行.
NOTIC: [8] Use of undefined constant lbid - assumed 'lbid' C:\wamp\www\xx\admin\Runtime\Cache\e106c95b7fd797e28f5065dfc8b628cd.php 第 147 行.
NOTIC: [8] Undefined index: sttnm C:\wamp\www\xx\admin\Runtime\Cache\e106c95b7fd797e28f5065dfc8b628cd.php 第 477 行.
NOTIC: [8] Undefined index: ccnm C:\wamp\www\xx\admin\Runtime\Cache\e106c95b7fd797e28f5065dfc8b628cd.php 第 478 行.
NOTIC: [8] Undefined index: klnm C:\wamp\www\xx\admin\Runtime\Cache\e106c95b7fd797e28f5065dfc8b628cd.php 第 479 行.
NOTIC: [8] Undefined index: xxxsnm C:\wamp\www\xx\admin\Runtime\Cache\e106c95b7fd797e28f5065dfc8b628cd.php 第 480 行.
NOTIC: [8] Undefined index: zsfwnm C:\wamp\www\xx\admin\Runtime\Cache\e106c95b7fd797e28f5065dfc8b628cd.php 第 481 行.
NOTIC: [8] Undefined index: xznm C:\wamp\www\xx\admin\Runtime\Cache\e106c95b7fd797e28f5065dfc8b628cd.php 第 482 行.
NOTIC: [8] Undefined index: grdnm C:\wamp\www\xx\admin\Runtime\Cache\e106c95b7fd797e28f5065dfc8b628cd.php 第 483 行.
NOTIC: [8] Undefined index: xqnm C:\wamp\www\xx\admin\Runtime\Cache\e106c95b7fd797e28f5065dfc8b628cd.php 第 484 行.
NOTIC: [8] Undefined index: stdno C:\wamp\www\xx\admin\Runtime\Cache\e106c95b7fd797e28f5065dfc8b628cd.php 第 486 行.
NOTIC: [8] Undefined index: clsnm C:\wamp\www\xx\admin\Runtime\Cache\e106c95b7fd797e28f5065dfc8b628cd.php 第 489 行.
NOTIC: [8] Undefined index: stdidcd C:\wamp\www\xx\admin\Runtime\Cache\e106c95b7fd797e28f5065dfc8b628cd.php 第 493 行.
NOTIC: [8] Undefined index: sttnm C:\wamp\www\xx\admin\Runtime\Cache\e106c95b7fd797e28f5065dfc8b628cd.php 第 477 行.
NOTIC: [8] Undefined index: ccnm C:\wamp\www\xx\admin\Runtime\Cache\e106c95b7fd797e28f5065dfc8b628cd.php 第 478 行.
NOTIC: [8] Undefined index: klnm C:\wamp\www\xx\admin\Runtime\Cache\e106c95b7fd797e28f5065dfc8b628cd.php 第 479 行.
NOTIC: [8] Undefined index: xxxsnm C:\wamp\www\xx\admin\Runtime\Cache\e106c95b7fd797e28f5065dfc8b628cd.php 第 480 行.
NOTIC: [8] Undefined index: zsfwnm C:\wamp\www\xx\admin\Runtime\Cache\e106c95b7fd797e28f5065dfc8b628cd.php 第 481 行.
NOTIC: [8] Undefined index: xznm C:\wamp\www\xx\admin\Runtime\Cache\e106c95b7fd797e28f5065dfc8b628cd.php 第 482 行.
NOTIC: [8] Undefined index: grdnm C:\wamp\www\xx\admin\Runtime\Cache\e106c95b7fd797e28f5065dfc8b628cd.php 第 483 行.
NOTIC: [8] Undefined index: xqnm C:\wamp\www\xx\admin\Runtime\Cache\e106c95b7fd797e28f5065dfc8b628cd.php 第 484 行.
NOTIC: [8] Undefined index: stdno C:\wamp\www\xx\admin\Runtime\Cache\e106c95b7fd797e28f5065dfc8b628cd.php 第 486 行.
NOTIC: [8] Undefined index: clsnm C:\wamp\www\xx\admin\Runtime\Cache\e106c95b7fd797e28f5065dfc8b628cd.php 第 489 行.
NOTIC: [8] Undefined index: stdidcd C:\wamp\www\xx\admin\Runtime\Cache\e106c95b7fd797e28f5065dfc8b628cd.php 第 493 行.
NOTIC: [8] Undefined index: sttnm C:\wamp\www\xx\admin\Runtime\Cache\e106c95b7fd797e28f5065dfc8b628cd.php 第 477 行.
NOTIC: [8] Undefined index: ccnm C:\wamp\www\xx\admin\Runtime\Cache\e106c95b7fd797e28f5065dfc8b628cd.php 第 478 行.
NOTIC: [8] Undefined index: klnm C:\wamp\www\xx\admin\Runtime\Cache\e106c95b7fd797e28f5065dfc8b628cd.php 第 479 行.
NOTIC: [8] Undefined index: xxxsnm C:\wamp\www\xx\admin\Runtime\Cache\e106c95b7fd797e28f5065dfc8b628cd.php 第 480 行.
NOTIC: [8] Undefined index: zsfwnm C:\wamp\www\xx\admin\Runtime\Cache\e106c95b7fd797e28f5065dfc8b628cd.php 第 481 行.
NOTIC: [8] Undefined index: xznm C:\wamp\www\xx\admin\Runtime\Cache\e106c95b7fd797e28f5065dfc8b628cd.php 第 482 行.
NOTIC: [8] Undefined index: grdnm C:\wamp\www\xx\admin\Runtime\Cache\e106c95b7fd797e28f5065dfc8b628cd.php 第 483 行.
NOTIC: [8] Undefined index: xqnm C:\wamp\www\xx\admin\Runtime\Cache\e106c95b7fd797e28f5065dfc8b628cd.php 第 484 行.
NOTIC: [8] Undefined index: stdno C:\wamp\www\xx\admin\Runtime\Cache\e106c95b7fd797e28f5065dfc8b628cd.php 第 486 行.
NOTIC: [8] Undefined index: clsnm C:\wamp\www\xx\admin\Runtime\Cache\e106c95b7fd797e28f5065dfc8b628cd.php 第 489 行.
NOTIC: [8] Undefined index: stdidcd C:\wamp\www\xx\admin\Runtime\Cache\e106c95b7fd797e28f5065dfc8b628cd.php 第 493 行.
NOTIC: [8] Undefined index: sttnm C:\wamp\www\xx\admin\Runtime\Cache\e106c95b7fd797e28f5065dfc8b628cd.php 第 477 行.
NOTIC: [8] Undefined index: ccnm C:\wamp\www\xx\admin\Runtime\Cache\e106c95b7fd797e28f5065dfc8b628cd.php 第 478 行.
NOTIC: [8] Undefined index: klnm C:\wamp\www\xx\admin\Runtime\Cache\e106c95b7fd797e28f5065dfc8b628cd.php 第 479 行.
NOTIC: [8] Undefined index: xxxsnm C:\wamp\www\xx\admin\Runtime\Cache\e106c95b7fd797e28f5065dfc8b628cd.php 第 480 行.
NOTIC: [8] Undefined index: zsfwnm C:\wamp\www\xx\admin\Runtime\Cache\e106c95b7fd797e28f5065dfc8b628cd.php 第 481 行.
NOTIC: [8] Undefined index: xznm C:\wamp\www\xx\admin\Runtime\Cache\e106c95b7fd797e28f5065dfc8b628cd.php 第 482 行.
NOTIC: [8] Undefined index: grdnm C:\wamp\www\xx\admin\Runtime\Cache\e106c95b7fd797e28f5065dfc8b628cd.php 第 483 行.
NOTIC: [8] Undefined index: xqnm C:\wamp\www\xx\admin\Runtime\Cache\e106c95b7fd797e28f5065dfc8b628cd.php 第 484 行.
NOTIC: [8] Undefined index: stdno C:\wamp\www\xx\admin\Runtime\Cache\e106c95b7fd797e28f5065dfc8b628cd.php 第 486 行.
NOTIC: [8] Undefined index: clsnm C:\wamp\www\xx\admin\Runtime\Cache\e106c95b7fd797e28f5065dfc8b628cd.php 第 489 行.
NOTIC: [8] Undefined index: stdidcd C:\wamp\www\xx\admin\Runtime\Cache\e106c95b7fd797e28f5065dfc8b628cd.php 第 493 行.
NOTIC: [8] Undefined index: sttnm C:\wamp\www\xx\admin\Runtime\Cache\e106c95b7fd797e28f5065dfc8b628cd.php 第 477 行.
NOTIC: [8] Undefined index: ccnm C:\wamp\www\xx\admin\Runtime\Cache\e106c95b7fd797e28f5065dfc8b628cd.php 第 478 行.
NOTIC: [8] Undefined index: klnm C:\wamp\www\xx\admin\Runtime\Cache\e106c95b7fd797e28f5065dfc8b628cd.php 第 479 行.
NOTIC: [8] Undefined index: xxxsnm C:\wamp\www\xx\admin\Runtime\Cache\e106c95b7fd797e28f5065dfc8b628cd.php 第 480 行.
NOTIC: [8] Undefined index: zsfwnm C:\wamp\www\xx\admin\Runtime\Cache\e106c95b7fd797e28f5065dfc8b628cd.php 第 481 行.
NOTIC: [8] Undefined index: xznm C:\wamp\www\xx\admin\Runtime\Cache\e106c95b7fd797e28f5065dfc8b628cd.php 第 482 行.
NOTIC: [8] Undefined index: grdnm C:\wamp\www\xx\admin\Runtime\Cache\e106c95b7fd797e28f5065dfc8b628cd.php 第 483 行.
NOTIC: [8] Undefined index: xqnm C:\wamp\www\xx\admin\Runtime\Cache\e106c95b7fd797e28f5065dfc8b628cd.php 第 484 行.
NOTIC: [8] Undefined index: stdno C:\wamp\www\xx\admin\Runtime\Cache\e106c95b7fd797e28f5065dfc8b628cd.php 第 486 行.
NOTIC: [8] Undefined index: clsnm C:\wamp\www\xx\admin\Runtime\Cache\e106c95b7fd797e28f5065dfc8b628cd.php 第 489 行.
NOTIC: [8] Undefined index: stdidcd C:\wamp\www\xx\admin\Runtime\Cache\e106c95b7fd797e28f5065dfc8b628cd.php 第 493 行.
NOTIC: [8] Undefined index: sttnm C:\wamp\www\xx\admin\Runtime\Cache\e106c95b7fd797e28f5065dfc8b628cd.php 第 477 行.
NOTIC: [8] Undefined index: ccnm C:\wamp\www\xx\admin\Runtime\Cache\e106c95b7fd797e28f5065dfc8b628cd.php 第 478 行.
NOTIC: [8] Undefined index: klnm C:\wamp\www\xx\admin\Runtime\Cache\e106c95b7fd797e28f5065dfc8b628cd.php 第 479 行.
NOTIC: [8] Undefined index: xxxsnm C:\wamp\www\xx\admin\Runtime\Cache\e106c95b7fd797e28f5065dfc8b628cd.php 第 480 行.
NOTIC: [8] Undefined index: zsfwnm C:\wamp\www\xx\admin\Runtime\Cache\e106c95b7fd797e28f5065dfc8b628cd.php 第 481 行.
NOTIC: [8] Undefined index: xznm C:\wamp\www\xx\admin\Runtime\Cache\e106c95b7fd797e28f5065dfc8b628cd.php 第 482 行.
NOTIC: [8] Undefined index: grdnm C:\wamp\www\xx\admin\Runtime\Cache\e106c95b7fd797e28f5065dfc8b628cd.php 第 483 行.
NOTIC: [8] Undefined index: xqnm C:\wamp\www\xx\admin\Runtime\Cache\e106c95b7fd797e28f5065dfc8b628cd.php 第 484 行.
NOTIC: [8] Undefined index: stdno C:\wamp\www\xx\admin\Runtime\Cache\e106c95b7fd797e28f5065dfc8b628cd.php 第 486 行.
NOTIC: [8] Undefined index: clsnm C:\wamp\www\xx\admin\Runtime\Cache\e106c95b7fd797e28f5065dfc8b628cd.php 第 489 行.
NOTIC: [8] Undefined index: stdidcd C:\wamp\www\xx\admin\Runtime\Cache\e106c95b7fd797e28f5065dfc8b628cd.php 第 493 行.
INFO: ParseTemplate Behavior ::run [ RunTime:0.072791s ]
INFO: [ view_parse ] --END-- [ RunTime:0.072930s ]
INFO: [ view_filter ] --START--
INFO: ContentReplace Behavior ::run [ RunTime:0.000921s ]
INFO: TokenBuild Behavior ::run [ RunTime:0.000569s ]
INFO: WriteHtmlCache Behavior ::run [ RunTime:0.000382s ]
INFO: ShowRuntime Behavior ::run [ RunTime:0.000668s ]
INFO: [ view_filter ] --END-- [ RunTime:0.002878s ]
INFO: [ view_end ] --START--
INFO: ShowPageTrace Behavior ::run [ RunTime:0.000677s ]
INFO: [ view_end ] --END-- [ RunTime:0.000796s ]

