[ 2015-08-18T07:42:40+08:00 ] 127.0.0.1 /xx/admin.php
INFO: [ app_begin ] --START--
INFO: ReadHtmlCache Behavior ::run [ RunTime:0.015005s ]
INFO: [ app_begin ] --END-- [ RunTime:0.023227s ]
SQL: SHOW COLUMNS FROM `tb_usr` [ RunTime:0.040489s ]
SQL: SELECT * FROM `tb_usr` WHERE ( usrid=1 AND usrps=1 ) LIMIT 1   [ RunTime:0.037099s ]
SQL: SELECT * FROM `tb_usr` WHERE ( usrid=1 ) LIMIT 1   [ RunTime:0.000409s ]
SQL: SHOW COLUMNS FROM `tb_usrrl` [ RunTime:0.027918s ]
SQL: SELECT * FROM `tb_usrrl` LEFT JOIN tb_usr ON f_usrrl_usrid=usrid LEFT JOIN tb_rl ON f_usrrl_rlid=rlid WHERE ( f_usrrl_usrid=1 )  [ RunTime:0.041995s ]
NOTIC: [8] Undefined variable: runmu C:\wamp\www\xx\admin\Lib\SS\SSAction.class.php 第 18 行.
SQL: SELECT * FROM `tb_usr` WHERE ( usrid=1 ) LIMIT 1   [ RunTime:0.000442s ]
SQL: SHOW COLUMNS FROM `tb_md` [ RunTime:0.048477s ]
SQL: SELECT * FROM `tb_md` WHERE ( mdmk='Usr' ) LIMIT 1   [ RunTime:0.000493s ]
SQL: SELECT * FROM `tb_usr` WHERE ( usrid=1 AND usrps=1 ) LIMIT 1   [ RunTime:0.000775s ]
SQL: SELECT * FROM `tb_usrrl` WHERE ( f_usrrl_usrid=1 )  [ RunTime:0.000319s ]
SQL: SHOW COLUMNS FROM `tb_ath` [ RunTime:0.052512s ]
SQL: SELECT * FROM `tb_ath` WHERE ( f_ath_mdid=2 AND (f_ath_rlid=1) )  [ RunTime:0.002402s ]
SQL: SELECT COUNT(*) AS tp_count FROM `tb_usr` WHERE ( usrvw=0 ) LIMIT 1   [ RunTime:0.000527s ]
SQL: SELECT * FROM `tb_md` WHERE ( mdmk='Cstmusr' ) LIMIT 1   [ RunTime:0.000380s ]
SQL: SELECT * FROM `tb_usr` WHERE ( usrid=1 AND usrps=1 ) LIMIT 1   [ RunTime:0.000397s ]
SQL: SELECT * FROM `tb_usrrl` WHERE ( f_usrrl_usrid=1 )  [ RunTime:0.000320s ]
SQL: SELECT * FROM `tb_ath` WHERE ( f_ath_mdid=16 AND (f_ath_rlid=1) )  [ RunTime:0.001279s ]
SQL: SHOW COLUMNS FROM `tb_cstmusr` [ RunTime:0.033070s ]
SQL: SELECT COUNT(*) AS tp_count FROM `tb_cstmusr` WHERE ( cstmusrvw=0 ) LIMIT 1   [ RunTime:0.000474s ]
SQL: SELECT * FROM `tb_md` WHERE ( mdmk='Atc' ) LIMIT 1   [ RunTime:0.000393s ]
SQL: SELECT * FROM `tb_usr` WHERE ( usrid=1 AND usrps=1 ) LIMIT 1   [ RunTime:0.000426s ]
SQL: SELECT * FROM `tb_usrrl` WHERE ( f_usrrl_usrid=1 )  [ RunTime:0.000304s ]
SQL: SELECT * FROM `tb_ath` WHERE ( f_ath_mdid=6 AND (f_ath_rlid=1) )  [ RunTime:0.001285s ]
SQL: SHOW COLUMNS FROM `tb_atc` [ RunTime:0.029488s ]
SQL: SELECT COUNT(*) AS tp_count FROM `tb_atc` WHERE ( atcvw=0 ) LIMIT 1   [ RunTime:0.000394s ]
NOTIC: [8] Undefined variable: ntfstrusr C:\wamp\www\xx\admin\Lib\NTF\NTFAction.class.php 第 57 行.
NOTIC: [8] Undefined variable: ntfstratc C:\wamp\www\xx\admin\Lib\NTF\NTFAction.class.php 第 57 行.
NOTIC: [8] Undefined variable: ntfstrcstmusr C:\wamp\www\xx\admin\Lib\NTF\NTFAction.class.php 第 57 行.
NOTIC: [2] Missing argument 1 for KZMBAction::setkzmb(), called in C:\wamp\www\xx\admin\Lib\Action\IndexAction.class.php on line 43 and defined C:\wamp\www\xx\admin\Lib\KZMB\KZMBAction.class.php 第 3 行.
SQL: SHOW COLUMNS FROM `tb_btn` [ RunTime:0.024405s ]
SQL: SELECT * FROM `tb_btn` WHERE ( f_btn_usrid=1 AND btnnm='lft' ) LIMIT 1   [ RunTime:0.000454s ]
SQL: SELECT * FROM `tb_btn` WHERE ( f_btn_usrid=1 AND btnnm='lft' ) LIMIT 1   [ RunTime:0.000330s ]
SQL: SELECT * FROM `tb_usrrl` WHERE ( f_usrrl_usrid=1 )  [ RunTime:0.000330s ]
SQL: SHOW COLUMNS FROM `tb_lb` [ RunTime:0.034016s ]
SQL: SHOW COLUMNS FROM `tb_lbmd` [ RunTime:0.019024s ]
SQL: SELECT * FROM `tb_lb`  [ RunTime:0.000285s ]
SQL: SELECT * FROM `tb_lbmd` LEFT JOIN tb_md ON f_lbmd_mdid=mdid WHERE ( f_lbmd_lbid=1 )  [ RunTime:0.000410s ]
SQL: SELECT * FROM `tb_ath` WHERE ( f_ath_mdid=1 AND (f_ath_rlid=1) )  [ RunTime:0.001034s ]
SQL: SELECT * FROM `tb_ath` WHERE ( f_ath_mdid=2 AND (f_ath_rlid=1) )  [ RunTime:0.000907s ]
SQL: SELECT * FROM `tb_ath` WHERE ( f_ath_mdid=3 AND (f_ath_rlid=1) )  [ RunTime:0.002558s ]
SQL: SELECT * FROM `tb_ath` WHERE ( f_ath_mdid=4 AND (f_ath_rlid=1) )  [ RunTime:0.001040s ]
SQL: SELECT * FROM `tb_ath` WHERE ( f_ath_mdid=5 AND (f_ath_rlid=1) )  [ RunTime:0.000936s ]
SQL: SELECT * FROM `tb_ath` WHERE ( f_ath_mdid=6 AND (f_ath_rlid=1) )  [ RunTime:0.000920s ]
SQL: SELECT * FROM `tb_ath` WHERE ( f_ath_mdid=7 AND (f_ath_rlid=1) )  [ RunTime:0.000981s ]
SQL: SELECT * FROM `tb_ath` WHERE ( f_ath_mdid=8 AND (f_ath_rlid=1) )  [ RunTime:0.000917s ]
SQL: SELECT * FROM `tb_ath` WHERE ( f_ath_mdid=9 AND (f_ath_rlid=1) )  [ RunTime:0.001135s ]
SQL: SELECT * FROM `tb_ath` WHERE ( f_ath_mdid=11 AND (f_ath_rlid=1) )  [ RunTime:0.001027s ]
SQL: SELECT * FROM `tb_ath` WHERE ( f_ath_mdid=12 AND (f_ath_rlid=1) )  [ RunTime:0.001004s ]
SQL: SELECT * FROM `tb_ath` WHERE ( f_ath_mdid=13 AND (f_ath_rlid=1) )  [ RunTime:0.001317s ]
SQL: SELECT * FROM `tb_ath` WHERE ( f_ath_mdid=14 AND (f_ath_rlid=1) )  [ RunTime:0.000976s ]
SQL: SELECT * FROM `tb_ath` WHERE ( f_ath_mdid=15 AND (f_ath_rlid=1) )  [ RunTime:0.000966s ]
SQL: SELECT * FROM `tb_ath` WHERE ( f_ath_mdid=24 AND (f_ath_rlid=1) )  [ RunTime:0.001277s ]
NOTIC: [8] Undefined variable: mdidactv C:\wamp\www\xx\admin\Lib\KZMB\KZMBAction.class.php 第 95 行.
NOTIC: [8] Undefined variable: mdidactv C:\wamp\www\xx\admin\Lib\KZMB\KZMBAction.class.php 第 95 行.
NOTIC: [8] Undefined variable: mdidactv C:\wamp\www\xx\admin\Lib\KZMB\KZMBAction.class.php 第 95 行.
NOTIC: [8] Undefined variable: mdidactv C:\wamp\www\xx\admin\Lib\KZMB\KZMBAction.class.php 第 95 行.
NOTIC: [8] Undefined variable: mdidactv C:\wamp\www\xx\admin\Lib\KZMB\KZMBAction.class.php 第 95 行.
NOTIC: [8] Undefined variable: mdidactv C:\wamp\www\xx\admin\Lib\KZMB\KZMBAction.class.php 第 95 行.
NOTIC: [8] Undefined variable: mdidactv C:\wamp\www\xx\admin\Lib\KZMB\KZMBAction.class.php 第 95 行.
NOTIC: [8] Undefined variable: mdidactv C:\wamp\www\xx\admin\Lib\KZMB\KZMBAction.class.php 第 95 行.
NOTIC: [8] Undefined variable: mdidactv C:\wamp\www\xx\admin\Lib\KZMB\KZMBAction.class.php 第 95 行.
NOTIC: [8] Undefined variable: mdidactv C:\wamp\www\xx\admin\Lib\KZMB\KZMBAction.class.php 第 95 行.
NOTIC: [8] Undefined variable: mdidactv C:\wamp\www\xx\admin\Lib\KZMB\KZMBAction.class.php 第 95 行.
NOTIC: [8] Undefined variable: mdidactv C:\wamp\www\xx\admin\Lib\KZMB\KZMBAction.class.php 第 95 行.
NOTIC: [8] Undefined variable: mdidactv C:\wamp\www\xx\admin\Lib\KZMB\KZMBAction.class.php 第 95 行.
NOTIC: [8] Undefined variable: mdidactv C:\wamp\www\xx\admin\Lib\KZMB\KZMBAction.class.php 第 95 行.
NOTIC: [8] Undefined variable: mdidactv C:\wamp\www\xx\admin\Lib\KZMB\KZMBAction.class.php 第 95 行.
SQL: SELECT * FROM `tb_btn` WHERE ( f_btn_usrid=1 AND btnnm='bs1' ) LIMIT 1   [ RunTime:0.000350s ]
SQL: SELECT * FROM `tb_btn` WHERE ( f_btn_usrid=1 AND btnnm='bs1' ) LIMIT 1   [ RunTime:0.000285s ]
SQL: SELECT * FROM `tb_lbmd` LEFT JOIN tb_md ON f_lbmd_mdid=mdid WHERE ( f_lbmd_lbid=2 )  [ RunTime:0.000412s ]
SQL: SELECT * FROM `tb_ath` WHERE ( f_ath_mdid=16 AND (f_ath_rlid=1) )  [ RunTime:0.000966s ]
SQL: SELECT * FROM `tb_ath` WHERE ( f_ath_mdid=17 AND (f_ath_rlid=1) )  [ RunTime:0.000945s ]
SQL: SELECT * FROM `tb_ath` WHERE ( f_ath_mdid=18 AND (f_ath_rlid=1) )  [ RunTime:0.000914s ]
SQL: SELECT * FROM `tb_ath` WHERE ( f_ath_mdid=19 AND (f_ath_rlid=1) )  [ RunTime:0.000925s ]
SQL: SELECT * FROM `tb_ath` WHERE ( f_ath_mdid=20 AND (f_ath_rlid=1) )  [ RunTime:0.000920s ]
SQL: SELECT * FROM `tb_ath` WHERE ( f_ath_mdid=21 AND (f_ath_rlid=1) )  [ RunTime:0.000937s ]
SQL: SELECT * FROM `tb_ath` WHERE ( f_ath_mdid=22 AND (f_ath_rlid=1) )  [ RunTime:0.000903s ]
SQL: SELECT * FROM `tb_ath` WHERE ( f_ath_mdid=23 AND (f_ath_rlid=1) )  [ RunTime:0.000933s ]
NOTIC: [8] Undefined variable: mdidactv C:\wamp\www\xx\admin\Lib\KZMB\KZMBAction.class.php 第 95 行.
NOTIC: [8] Undefined variable: mdidactv C:\wamp\www\xx\admin\Lib\KZMB\KZMBAction.class.php 第 95 行.
NOTIC: [8] Undefined variable: mdidactv C:\wamp\www\xx\admin\Lib\KZMB\KZMBAction.class.php 第 95 行.
NOTIC: [8] Undefined variable: mdidactv C:\wamp\www\xx\admin\Lib\KZMB\KZMBAction.class.php 第 95 行.
NOTIC: [8] Undefined variable: mdidactv C:\wamp\www\xx\admin\Lib\KZMB\KZMBAction.class.php 第 95 行.
NOTIC: [8] Undefined variable: mdidactv C:\wamp\www\xx\admin\Lib\KZMB\KZMBAction.class.php 第 95 行.
NOTIC: [8] Undefined variable: mdidactv C:\wamp\www\xx\admin\Lib\KZMB\KZMBAction.class.php 第 95 行.
NOTIC: [8] Undefined variable: mdidactv C:\wamp\www\xx\admin\Lib\KZMB\KZMBAction.class.php 第 95 行.
SQL: SELECT * FROM `tb_btn` WHERE ( f_btn_usrid=1 AND btnnm='bs2' ) LIMIT 1   [ RunTime:0.000232s ]
SQL: SELECT * FROM `tb_btn` WHERE ( f_btn_usrid=1 AND btnnm='bs2' ) LIMIT 1   [ RunTime:0.000222s ]
SQL: SELECT * FROM `tb_lbmd` LEFT JOIN tb_md ON f_lbmd_mdid=mdid WHERE ( f_lbmd_lbid=3 )  [ RunTime:0.012990s ]
SQL: SELECT * FROM `tb_ath` WHERE ( f_ath_mdid=25 AND (f_ath_rlid=1) )  [ RunTime:0.000967s ]
SQL: SELECT * FROM `tb_ath` WHERE ( f_ath_mdid=26 AND (f_ath_rlid=1) )  [ RunTime:0.001294s ]
SQL: SELECT * FROM `tb_ath` WHERE ( f_ath_mdid=27 AND (f_ath_rlid=1) )  [ RunTime:0.001454s ]
SQL: SELECT * FROM `tb_ath` WHERE ( f_ath_mdid=28 AND (f_ath_rlid=1) )  [ RunTime:0.000888s ]
SQL: SELECT * FROM `tb_ath` WHERE ( f_ath_mdid=29 AND (f_ath_rlid=1) )  [ RunTime:0.000811s ]
SQL: SELECT * FROM `tb_ath` WHERE ( f_ath_mdid=30 AND (f_ath_rlid=1) )  [ RunTime:0.000803s ]
SQL: SELECT * FROM `tb_ath` WHERE ( f_ath_mdid=31 AND (f_ath_rlid=1) )  [ RunTime:0.000847s ]
SQL: SELECT * FROM `tb_ath` WHERE ( f_ath_mdid=32 AND (f_ath_rlid=1) )  [ RunTime:0.000817s ]
SQL: SELECT * FROM `tb_ath` WHERE ( f_ath_mdid=33 AND (f_ath_rlid=1) )  [ RunTime:0.000829s ]
SQL: SELECT * FROM `tb_ath` WHERE ( f_ath_mdid=34 AND (f_ath_rlid=1) )  [ RunTime:0.000846s ]
SQL: SELECT * FROM `tb_ath` WHERE ( f_ath_mdid=35 AND (f_ath_rlid=1) )  [ RunTime:0.000909s ]
SQL: SELECT * FROM `tb_ath` WHERE ( f_ath_mdid=36 AND (f_ath_rlid=1) )  [ RunTime:0.000937s ]
SQL: SELECT * FROM `tb_ath` WHERE ( f_ath_mdid=37 AND (f_ath_rlid=1) )  [ RunTime:0.000975s ]
SQL: SELECT * FROM `tb_ath` WHERE ( f_ath_mdid=38 AND (f_ath_rlid=1) )  [ RunTime:0.000874s ]
SQL: SELECT * FROM `tb_ath` WHERE ( f_ath_mdid=39 AND (f_ath_rlid=1) )  [ RunTime:0.000828s ]
SQL: SELECT * FROM `tb_ath` WHERE ( f_ath_mdid=40 AND (f_ath_rlid=1) )  [ RunTime:0.000872s ]
SQL: SELECT * FROM `tb_ath` WHERE ( f_ath_mdid=41 AND (f_ath_rlid=1) )  [ RunTime:0.000896s ]
SQL: SELECT * FROM `tb_ath` WHERE ( f_ath_mdid=42 AND (f_ath_rlid=1) )  [ RunTime:0.000862s ]
SQL: SELECT * FROM `tb_ath` WHERE ( f_ath_mdid=43 AND (f_ath_rlid=1) )  [ RunTime:0.000943s ]
SQL: SELECT * FROM `tb_ath` WHERE ( f_ath_mdid=44 AND (f_ath_rlid=1) )  [ RunTime:0.000849s ]
SQL: SELECT * FROM `tb_ath` WHERE ( f_ath_mdid=49 AND (f_ath_rlid=1) )  [ RunTime:0.000824s ]
SQL: SELECT * FROM `tb_ath` WHERE ( f_ath_mdid=61 AND (f_ath_rlid=1) )  [ RunTime:0.001249s ]
NOTIC: [8] Undefined variable: mdidactv C:\wamp\www\xx\admin\Lib\KZMB\KZMBAction.class.php 第 95 行.
NOTIC: [8] Undefined variable: mdidactv C:\wamp\www\xx\admin\Lib\KZMB\KZMBAction.class.php 第 95 行.
NOTIC: [8] Undefined variable: mdidactv C:\wamp\www\xx\admin\Lib\KZMB\KZMBAction.class.php 第 95 行.
NOTIC: [8] Undefined variable: mdidactv C:\wamp\www\xx\admin\Lib\KZMB\KZMBAction.class.php 第 95 行.
NOTIC: [8] Undefined variable: mdidactv C:\wamp\www\xx\admin\Lib\KZMB\KZMBAction.class.php 第 95 行.
NOTIC: [8] Undefined variable: mdidactv C:\wamp\www\xx\admin\Lib\KZMB\KZMBAction.class.php 第 95 行.
NOTIC: [8] Undefined variable: mdidactv C:\wamp\www\xx\admin\Lib\KZMB\KZMBAction.class.php 第 95 行.
NOTIC: [8] Undefined variable: mdidactv C:\wamp\www\xx\admin\Lib\KZMB\KZMBAction.class.php 第 95 行.
NOTIC: [8] Undefined variable: mdidactv C:\wamp\www\xx\admin\Lib\KZMB\KZMBAction.class.php 第 95 行.
NOTIC: [8] Undefined variable: mdidactv C:\wamp\www\xx\admin\Lib\KZMB\KZMBAction.class.php 第 95 行.
NOTIC: [8] Undefined variable: mdidactv C:\wamp\www\xx\admin\Lib\KZMB\KZMBAction.class.php 第 95 行.
NOTIC: [8] Undefined variable: mdidactv C:\wamp\www\xx\admin\Lib\KZMB\KZMBAction.class.php 第 95 行.
NOTIC: [8] Undefined variable: mdidactv C:\wamp\www\xx\admin\Lib\KZMB\KZMBAction.class.php 第 95 行.
NOTIC: [8] Undefined variable: mdidactv C:\wamp\www\xx\admin\Lib\KZMB\KZMBAction.class.php 第 95 行.
NOTIC: [8] Undefined variable: mdidactv C:\wamp\www\xx\admin\Lib\KZMB\KZMBAction.class.php 第 95 行.
NOTIC: [8] Undefined variable: mdidactv C:\wamp\www\xx\admin\Lib\KZMB\KZMBAction.class.php 第 95 行.
NOTIC: [8] Undefined variable: mdidactv C:\wamp\www\xx\admin\Lib\KZMB\KZMBAction.class.php 第 95 行.
NOTIC: [8] Undefined variable: mdidactv C:\wamp\www\xx\admin\Lib\KZMB\KZMBAction.class.php 第 95 行.
NOTIC: [8] Undefined variable: mdidactv C:\wamp\www\xx\admin\Lib\KZMB\KZMBAction.class.php 第 95 行.
NOTIC: [8] Undefined variable: mdidactv C:\wamp\www\xx\admin\Lib\KZMB\KZMBAction.class.php 第 95 行.
NOTIC: [8] Undefined variable: mdidactv C:\wamp\www\xx\admin\Lib\KZMB\KZMBAction.class.php 第 95 行.
NOTIC: [8] Undefined variable: mdidactv C:\wamp\www\xx\admin\Lib\KZMB\KZMBAction.class.php 第 95 行.
SQL: SELECT * FROM `tb_btn` WHERE ( f_btn_usrid=1 AND btnnm='bs3' ) LIMIT 1   [ RunTime:0.000345s ]
SQL: SELECT * FROM `tb_btn` WHERE ( f_btn_usrid=1 AND btnnm='bs3' ) LIMIT 1   [ RunTime:0.000295s ]
SQL: SELECT * FROM `tb_lbmd` LEFT JOIN tb_md ON f_lbmd_mdid=mdid WHERE ( f_lbmd_lbid=4 )  [ RunTime:0.000394s ]
SQL: SELECT * FROM `tb_ath` WHERE ( f_ath_mdid=45 AND (f_ath_rlid=1) )  [ RunTime:0.000872s ]
SQL: SELECT * FROM `tb_ath` WHERE ( f_ath_mdid=50 AND (f_ath_rlid=1) )  [ RunTime:0.001082s ]
SQL: SELECT * FROM `tb_ath` WHERE ( f_ath_mdid=51 AND (f_ath_rlid=1) )  [ RunTime:0.000898s ]
SQL: SELECT * FROM `tb_ath` WHERE ( f_ath_mdid=62 AND (f_ath_rlid=1) )  [ RunTime:0.000883s ]
SQL: SELECT * FROM `tb_ath` WHERE ( f_ath_mdid=63 AND (f_ath_rlid=1) )  [ RunTime:0.000914s ]
NOTIC: [8] Undefined variable: mdidactv C:\wamp\www\xx\admin\Lib\KZMB\KZMBAction.class.php 第 95 行.
NOTIC: [8] Undefined variable: mdidactv C:\wamp\www\xx\admin\Lib\KZMB\KZMBAction.class.php 第 95 行.
NOTIC: [8] Undefined variable: mdidactv C:\wamp\www\xx\admin\Lib\KZMB\KZMBAction.class.php 第 95 行.
NOTIC: [8] Undefined variable: mdidactv C:\wamp\www\xx\admin\Lib\KZMB\KZMBAction.class.php 第 95 行.
NOTIC: [8] Undefined variable: mdidactv C:\wamp\www\xx\admin\Lib\KZMB\KZMBAction.class.php 第 95 行.
SQL: SELECT * FROM `tb_btn` WHERE ( f_btn_usrid=1 AND btnnm='bs4' ) LIMIT 1   [ RunTime:0.000258s ]
SQL: SELECT * FROM `tb_btn` WHERE ( f_btn_usrid=1 AND btnnm='bs4' ) LIMIT 1   [ RunTime:0.000232s ]
SQL: SELECT * FROM `tb_lbmd` LEFT JOIN tb_md ON f_lbmd_mdid=mdid WHERE ( f_lbmd_lbid=5 )  [ RunTime:0.000291s ]
SQL: SELECT * FROM `tb_ath` WHERE ( f_ath_mdid=46 AND (f_ath_rlid=1) )  [ RunTime:0.000859s ]
SQL: SELECT * FROM `tb_ath` WHERE ( f_ath_mdid=47 AND (f_ath_rlid=1) )  [ RunTime:0.000849s ]
SQL: SELECT * FROM `tb_ath` WHERE ( f_ath_mdid=48 AND (f_ath_rlid=1) )  [ RunTime:0.001122s ]
NOTIC: [8] Undefined variable: mdidactv C:\wamp\www\xx\admin\Lib\KZMB\KZMBAction.class.php 第 95 行.
NOTIC: [8] Undefined variable: mdidactv C:\wamp\www\xx\admin\Lib\KZMB\KZMBAction.class.php 第 95 行.
NOTIC: [8] Undefined variable: mdidactv C:\wamp\www\xx\admin\Lib\KZMB\KZMBAction.class.php 第 95 行.
SQL: SELECT * FROM `tb_btn` WHERE ( f_btn_usrid=1 AND btnnm='bs5' ) LIMIT 1   [ RunTime:0.000275s ]
SQL: SELECT * FROM `tb_btn` WHERE ( f_btn_usrid=1 AND btnnm='bs5' ) LIMIT 1   [ RunTime:0.000265s ]
SQL: SELECT * FROM `tb_lbmd` LEFT JOIN tb_md ON f_lbmd_mdid=mdid WHERE ( f_lbmd_lbid=6 )  [ RunTime:0.000339s ]
SQL: SELECT * FROM `tb_ath` WHERE ( f_ath_mdid=52 AND (f_ath_rlid=1) )  [ RunTime:0.000930s ]
SQL: SELECT * FROM `tb_ath` WHERE ( f_ath_mdid=53 AND (f_ath_rlid=1) )  [ RunTime:0.000926s ]
SQL: SELECT * FROM `tb_ath` WHERE ( f_ath_mdid=54 AND (f_ath_rlid=1) )  [ RunTime:0.000899s ]
SQL: SELECT * FROM `tb_ath` WHERE ( f_ath_mdid=55 AND (f_ath_rlid=1) )  [ RunTime:0.001439s ]
SQL: SELECT * FROM `tb_ath` WHERE ( f_ath_mdid=56 AND (f_ath_rlid=1) )  [ RunTime:0.001413s ]
SQL: SELECT * FROM `tb_ath` WHERE ( f_ath_mdid=57 AND (f_ath_rlid=1) )  [ RunTime:0.000949s ]
SQL: SELECT * FROM `tb_ath` WHERE ( f_ath_mdid=58 AND (f_ath_rlid=1) )  [ RunTime:0.000841s ]
SQL: SELECT * FROM `tb_ath` WHERE ( f_ath_mdid=59 AND (f_ath_rlid=1) )  [ RunTime:0.000852s ]
SQL: SELECT * FROM `tb_ath` WHERE ( f_ath_mdid=60 AND (f_ath_rlid=1) )  [ RunTime:0.000863s ]
NOTIC: [8] Undefined variable: mdidactv C:\wamp\www\xx\admin\Lib\KZMB\KZMBAction.class.php 第 95 行.
NOTIC: [8] Undefined variable: mdidactv C:\wamp\www\xx\admin\Lib\KZMB\KZMBAction.class.php 第 95 行.
NOTIC: [8] Undefined variable: mdidactv C:\wamp\www\xx\admin\Lib\KZMB\KZMBAction.class.php 第 95 行.
NOTIC: [8] Undefined variable: mdidactv C:\wamp\www\xx\admin\Lib\KZMB\KZMBAction.class.php 第 95 行.
NOTIC: [8] Undefined variable: mdidactv C:\wamp\www\xx\admin\Lib\KZMB\KZMBAction.class.php 第 95 行.
NOTIC: [8] Undefined variable: mdidactv C:\wamp\www\xx\admin\Lib\KZMB\KZMBAction.class.php 第 95 行.
NOTIC: [8] Undefined variable: mdidactv C:\wamp\www\xx\admin\Lib\KZMB\KZMBAction.class.php 第 95 行.
NOTIC: [8] Undefined variable: mdidactv C:\wamp\www\xx\admin\Lib\KZMB\KZMBAction.class.php 第 95 行.
NOTIC: [8] Undefined variable: mdidactv C:\wamp\www\xx\admin\Lib\KZMB\KZMBAction.class.php 第 95 行.
SQL: SELECT * FROM `tb_btn` WHERE ( f_btn_usrid=1 AND btnnm='bs6' ) LIMIT 1   [ RunTime:0.000234s ]
SQL: SELECT * FROM `tb_btn` WHERE ( f_btn_usrid=1 AND btnnm='bs6' ) LIMIT 1   [ RunTime:0.000208s ]
INFO: [ view_parse ] --START--
NOTIC: [8] Use of undefined constant lbid - assumed 'lbid' C:\wamp\www\xx\admin\Runtime\Cache\95ce6485eccf9f806ee32535db24cf7f.php 第 146 行.
NOTIC: [8] Use of undefined constant lbid - assumed 'lbid' C:\wamp\www\xx\admin\Runtime\Cache\95ce6485eccf9f806ee32535db24cf7f.php 第 146 行.
NOTIC: [8] Use of undefined constant lbid - assumed 'lbid' C:\wamp\www\xx\admin\Runtime\Cache\95ce6485eccf9f806ee32535db24cf7f.php 第 146 行.
NOTIC: [8] Use of undefined constant lbid - assumed 'lbid' C:\wamp\www\xx\admin\Runtime\Cache\95ce6485eccf9f806ee32535db24cf7f.php 第 146 行.
NOTIC: [8] Use of undefined constant lbid - assumed 'lbid' C:\wamp\www\xx\admin\Runtime\Cache\95ce6485eccf9f806ee32535db24cf7f.php 第 146 行.
NOTIC: [8] Use of undefined constant lbid - assumed 'lbid' C:\wamp\www\xx\admin\Runtime\Cache\95ce6485eccf9f806ee32535db24cf7f.php 第 146 行.
INFO: ParseTemplate Behavior ::run [ RunTime:0.124549s ]
INFO: [ view_parse ] --END-- [ RunTime:0.124800s ]
INFO: [ view_filter ] --START--
INFO: ContentReplace Behavior ::run [ RunTime:0.049544s ]
INFO: TokenBuild Behavior ::run [ RunTime:0.007676s ]
INFO: WriteHtmlCache Behavior ::run [ RunTime:0.005831s ]
INFO: ShowRuntime Behavior ::run [ RunTime:0.009904s ]
INFO: [ view_filter ] --END-- [ RunTime:0.073623s ]
INFO: [ view_end ] --START--
INFO: ShowPageTrace Behavior ::run [ RunTime:0.011727s ]
INFO: [ view_end ] --END-- [ RunTime:0.012002s ]

[ 2015-08-18T07:42:48+08:00 ] 127.0.0.1 /xx/admin.php/Btn/update
INFO: [ route_check ] --START--
INFO: CheckRoute Behavior ::run [ RunTime:0.014287s ]
INFO: [ route_check ] --END-- [ RunTime:0.014435s ]
INFO: [ app_begin ] --START--
INFO: ReadHtmlCache Behavior ::run [ RunTime:0.000852s ]
INFO: [ app_begin ] --END-- [ RunTime:0.000962s ]
SQL: SHOW COLUMNS FROM `tb_btn` [ RunTime:0.006503s ]
SQL: SELECT * FROM `tb_btn` WHERE ( f_btn_usrid=1 AND btnnm='bs5' ) LIMIT 1   [ RunTime:0.001207s ]
SQL: SELECT * FROM `tb_btn` WHERE ( f_btn_usrid=1 AND btnnm='bs5' ) LIMIT 1   [ RunTime:0.000518s ]
SQL: UPDATE `tb_btn` SET `btnvl`='glyphicon glyphicon-triangle-top' WHERE ( btnid=23 ) [ RunTime:0.013318s ]

[ 2015-08-18T07:42:54+08:00 ] 127.0.0.1 /xx/admin.php/Zspxh/query
INFO: [ route_check ] --START--
INFO: CheckRoute Behavior ::run [ RunTime:0.000942s ]
INFO: [ route_check ] --END-- [ RunTime:0.001083s ]
INFO: [ app_begin ] --START--
INFO: ReadHtmlCache Behavior ::run [ RunTime:0.000681s ]
INFO: [ app_begin ] --END-- [ RunTime:0.000803s ]
SQL: SHOW COLUMNS FROM `tb_usr` [ RunTime:0.005298s ]
SQL: SELECT * FROM `tb_usr` WHERE ( usrid=1 AND usrps=1 ) LIMIT 1   [ RunTime:0.000497s ]
SQL: SELECT * FROM `tb_usr` WHERE ( usrid=1 ) LIMIT 1   [ RunTime:0.000356s ]
SQL: SHOW COLUMNS FROM `tb_usrrl` [ RunTime:0.004618s ]
SQL: SELECT * FROM `tb_usrrl` LEFT JOIN tb_usr ON f_usrrl_usrid=usrid LEFT JOIN tb_rl ON f_usrrl_rlid=rlid WHERE ( f_usrrl_usrid=1 )  [ RunTime:0.000563s ]
NOTIC: [8] Undefined variable: runmu C:\wamp\www\xx\admin\Lib\SS\SSAction.class.php 第 18 行.
SQL: SHOW COLUMNS FROM `tb_md` [ RunTime:0.003612s ]
SQL: SELECT * FROM `tb_md` WHERE ( mdmk='Zspxh' ) LIMIT 1   [ RunTime:0.000373s ]
SQL: SELECT * FROM `tb_usr` WHERE ( usrid=1 AND usrps=1 ) LIMIT 1   [ RunTime:0.000365s ]
SQL: SELECT * FROM `tb_usrrl` WHERE ( f_usrrl_usrid=1 )  [ RunTime:0.000280s ]
SQL: SHOW COLUMNS FROM `tb_ath` [ RunTime:0.004538s ]
SQL: SELECT * FROM `tb_ath` WHERE ( f_ath_mdid=62 AND (f_ath_rlid=1) )  [ RunTime:0.001003s ]
SQL: SELECT * FROM `tb_md` WHERE ( mdid=62 ) LIMIT 1   [ RunTime:0.000293s ]
NOTIC: [8] Undefined index: zspxhid C:\wamp\www\xx\admin\Lib\IDTATH\IdtathAction.class.php 第 91 行.
SQL: SELECT * FROM `tb_md` WHERE ( mdmk='Usr' ) LIMIT 1   [ RunTime:0.000357s ]
SQL: SELECT * FROM `tb_usr` WHERE ( usrid=1 AND usrps=1 ) LIMIT 1   [ RunTime:0.000329s ]
SQL: SELECT * FROM `tb_usrrl` WHERE ( f_usrrl_usrid=1 )  [ RunTime:0.000280s ]
SQL: SELECT * FROM `tb_ath` WHERE ( f_ath_mdid=2 AND (f_ath_rlid=1) )  [ RunTime:0.001412s ]
SQL: SELECT COUNT(*) AS tp_count FROM `tb_usr` WHERE ( usrvw=0 ) LIMIT 1   [ RunTime:0.000699s ]
SQL: SELECT * FROM `tb_md` WHERE ( mdmk='Cstmusr' ) LIMIT 1   [ RunTime:0.000567s ]
SQL: SELECT * FROM `tb_usr` WHERE ( usrid=1 AND usrps=1 ) LIMIT 1   [ RunTime:0.000410s ]
SQL: SELECT * FROM `tb_usrrl` WHERE ( f_usrrl_usrid=1 )  [ RunTime:0.000240s ]
SQL: SELECT * FROM `tb_ath` WHERE ( f_ath_mdid=16 AND (f_ath_rlid=1) )  [ RunTime:0.000950s ]
SQL: SHOW COLUMNS FROM `tb_cstmusr` [ RunTime:0.005097s ]
SQL: SELECT COUNT(*) AS tp_count FROM `tb_cstmusr` WHERE ( cstmusrvw=0 ) LIMIT 1   [ RunTime:0.000363s ]
SQL: SELECT * FROM `tb_md` WHERE ( mdmk='Atc' ) LIMIT 1   [ RunTime:0.000496s ]
SQL: SELECT * FROM `tb_usr` WHERE ( usrid=1 AND usrps=1 ) LIMIT 1   [ RunTime:0.000820s ]
SQL: SELECT * FROM `tb_usrrl` WHERE ( f_usrrl_usrid=1 )  [ RunTime:0.000367s ]
SQL: SELECT * FROM `tb_ath` WHERE ( f_ath_mdid=6 AND (f_ath_rlid=1) )  [ RunTime:0.001164s ]
SQL: SHOW COLUMNS FROM `tb_atc` [ RunTime:0.005206s ]
SQL: SELECT COUNT(*) AS tp_count FROM `tb_atc` WHERE ( atcvw=0 ) LIMIT 1   [ RunTime:0.000267s ]
NOTIC: [8] Undefined variable: ntfstrusr C:\wamp\www\xx\admin\Lib\NTF\NTFAction.class.php 第 57 行.
NOTIC: [8] Undefined variable: ntfstratc C:\wamp\www\xx\admin\Lib\NTF\NTFAction.class.php 第 57 行.
NOTIC: [8] Undefined variable: ntfstrcstmusr C:\wamp\www\xx\admin\Lib\NTF\NTFAction.class.php 第 57 行.
SQL: SHOW COLUMNS FROM `tb_btn` [ RunTime:0.003977s ]
SQL: SELECT * FROM `tb_btn` WHERE ( f_btn_usrid=1 AND btnnm='lft' ) LIMIT 1   [ RunTime:0.000291s ]
SQL: SELECT * FROM `tb_btn` WHERE ( f_btn_usrid=1 AND btnnm='lft' ) LIMIT 1   [ RunTime:0.000192s ]
SQL: SELECT * FROM `tb_usrrl` WHERE ( f_usrrl_usrid=1 )  [ RunTime:0.000190s ]
SQL: SHOW COLUMNS FROM `tb_lb` [ RunTime:0.003496s ]
SQL: SHOW COLUMNS FROM `tb_lbmd` [ RunTime:0.003281s ]
SQL: SELECT * FROM `tb_lb`  [ RunTime:0.000276s ]
SQL: SELECT * FROM `tb_lbmd` LEFT JOIN tb_md ON f_lbmd_mdid=mdid WHERE ( f_lbmd_lbid=1 )  [ RunTime:0.000372s ]
SQL: SELECT * FROM `tb_ath` WHERE ( f_ath_mdid=1 AND (f_ath_rlid=1) )  [ RunTime:0.000904s ]
SQL: SELECT * FROM `tb_ath` WHERE ( f_ath_mdid=2 AND (f_ath_rlid=1) )  [ RunTime:0.000866s ]
SQL: SELECT * FROM `tb_ath` WHERE ( f_ath_mdid=3 AND (f_ath_rlid=1) )  [ RunTime:0.001017s ]
SQL: SELECT * FROM `tb_ath` WHERE ( f_ath_mdid=4 AND (f_ath_rlid=1) )  [ RunTime:0.000849s ]
SQL: SELECT * FROM `tb_ath` WHERE ( f_ath_mdid=5 AND (f_ath_rlid=1) )  [ RunTime:0.000845s ]
SQL: SELECT * FROM `tb_ath` WHERE ( f_ath_mdid=6 AND (f_ath_rlid=1) )  [ RunTime:0.000822s ]
SQL: SELECT * FROM `tb_ath` WHERE ( f_ath_mdid=7 AND (f_ath_rlid=1) )  [ RunTime:0.000824s ]
SQL: SELECT * FROM `tb_ath` WHERE ( f_ath_mdid=8 AND (f_ath_rlid=1) )  [ RunTime:0.001230s ]
SQL: SELECT * FROM `tb_ath` WHERE ( f_ath_mdid=9 AND (f_ath_rlid=1) )  [ RunTime:0.001235s ]
SQL: SELECT * FROM `tb_ath` WHERE ( f_ath_mdid=11 AND (f_ath_rlid=1) )  [ RunTime:0.000876s ]
SQL: SELECT * FROM `tb_ath` WHERE ( f_ath_mdid=12 AND (f_ath_rlid=1) )  [ RunTime:0.000802s ]
SQL: SELECT * FROM `tb_ath` WHERE ( f_ath_mdid=13 AND (f_ath_rlid=1) )  [ RunTime:0.000807s ]
SQL: SELECT * FROM `tb_ath` WHERE ( f_ath_mdid=14 AND (f_ath_rlid=1) )  [ RunTime:0.000820s ]
SQL: SELECT * FROM `tb_ath` WHERE ( f_ath_mdid=15 AND (f_ath_rlid=1) )  [ RunTime:0.000933s ]
SQL: SELECT * FROM `tb_ath` WHERE ( f_ath_mdid=24 AND (f_ath_rlid=1) )  [ RunTime:0.000899s ]
SQL: SELECT * FROM `tb_btn` WHERE ( f_btn_usrid=1 AND btnnm='bs1' ) LIMIT 1   [ RunTime:0.000223s ]
SQL: SELECT * FROM `tb_btn` WHERE ( f_btn_usrid=1 AND btnnm='bs1' ) LIMIT 1   [ RunTime:0.000310s ]
SQL: SELECT * FROM `tb_lbmd` LEFT JOIN tb_md ON f_lbmd_mdid=mdid WHERE ( f_lbmd_lbid=2 )  [ RunTime:0.000315s ]
SQL: SELECT * FROM `tb_ath` WHERE ( f_ath_mdid=16 AND (f_ath_rlid=1) )  [ RunTime:0.000820s ]
SQL: SELECT * FROM `tb_ath` WHERE ( f_ath_mdid=17 AND (f_ath_rlid=1) )  [ RunTime:0.000809s ]
SQL: SELECT * FROM `tb_ath` WHERE ( f_ath_mdid=18 AND (f_ath_rlid=1) )  [ RunTime:0.001079s ]
SQL: SELECT * FROM `tb_ath` WHERE ( f_ath_mdid=19 AND (f_ath_rlid=1) )  [ RunTime:0.000911s ]
SQL: SELECT * FROM `tb_ath` WHERE ( f_ath_mdid=20 AND (f_ath_rlid=1) )  [ RunTime:0.000807s ]
SQL: SELECT * FROM `tb_ath` WHERE ( f_ath_mdid=21 AND (f_ath_rlid=1) )  [ RunTime:0.000826s ]
SQL: SELECT * FROM `tb_ath` WHERE ( f_ath_mdid=22 AND (f_ath_rlid=1) )  [ RunTime:0.000876s ]
SQL: SELECT * FROM `tb_ath` WHERE ( f_ath_mdid=23 AND (f_ath_rlid=1) )  [ RunTime:0.000829s ]
SQL: SELECT * FROM `tb_btn` WHERE ( f_btn_usrid=1 AND btnnm='bs2' ) LIMIT 1   [ RunTime:0.000185s ]
SQL: SELECT * FROM `tb_btn` WHERE ( f_btn_usrid=1 AND btnnm='bs2' ) LIMIT 1   [ RunTime:0.000210s ]
SQL: SELECT * FROM `tb_lbmd` LEFT JOIN tb_md ON f_lbmd_mdid=mdid WHERE ( f_lbmd_lbid=3 )  [ RunTime:0.000425s ]
SQL: SELECT * FROM `tb_ath` WHERE ( f_ath_mdid=25 AND (f_ath_rlid=1) )  [ RunTime:0.000813s ]
SQL: SELECT * FROM `tb_ath` WHERE ( f_ath_mdid=26 AND (f_ath_rlid=1) )  [ RunTime:0.000857s ]
SQL: SELECT * FROM `tb_ath` WHERE ( f_ath_mdid=27 AND (f_ath_rlid=1) )  [ RunTime:0.001091s ]
SQL: SELECT * FROM `tb_ath` WHERE ( f_ath_mdid=28 AND (f_ath_rlid=1) )  [ RunTime:0.000867s ]
SQL: SELECT * FROM `tb_ath` WHERE ( f_ath_mdid=29 AND (f_ath_rlid=1) )  [ RunTime:0.000943s ]
SQL: SELECT * FROM `tb_ath` WHERE ( f_ath_mdid=30 AND (f_ath_rlid=1) )  [ RunTime:0.001340s ]
SQL: SELECT * FROM `tb_ath` WHERE ( f_ath_mdid=31 AND (f_ath_rlid=1) )  [ RunTime:0.001097s ]
SQL: SELECT * FROM `tb_ath` WHERE ( f_ath_mdid=32 AND (f_ath_rlid=1) )  [ RunTime:0.000981s ]
SQL: SELECT * FROM `tb_ath` WHERE ( f_ath_mdid=33 AND (f_ath_rlid=1) )  [ RunTime:0.000837s ]
SQL: SELECT * FROM `tb_ath` WHERE ( f_ath_mdid=34 AND (f_ath_rlid=1) )  [ RunTime:0.000811s ]
SQL: SELECT * FROM `tb_ath` WHERE ( f_ath_mdid=35 AND (f_ath_rlid=1) )  [ RunTime:0.000848s ]
SQL: SELECT * FROM `tb_ath` WHERE ( f_ath_mdid=36 AND (f_ath_rlid=1) )  [ RunTime:0.001152s ]
SQL: SELECT * FROM `tb_ath` WHERE ( f_ath_mdid=37 AND (f_ath_rlid=1) )  [ RunTime:0.000840s ]
SQL: SELECT * FROM `tb_ath` WHERE ( f_ath_mdid=38 AND (f_ath_rlid=1) )  [ RunTime:0.000832s ]
SQL: SELECT * FROM `tb_ath` WHERE ( f_ath_mdid=39 AND (f_ath_rlid=1) )  [ RunTime:0.000806s ]
SQL: SELECT * FROM `tb_ath` WHERE ( f_ath_mdid=40 AND (f_ath_rlid=1) )  [ RunTime:0.000798s ]
SQL: SELECT * FROM `tb_ath` WHERE ( f_ath_mdid=41 AND (f_ath_rlid=1) )  [ RunTime:0.000819s ]
SQL: SELECT * FROM `tb_ath` WHERE ( f_ath_mdid=42 AND (f_ath_rlid=1) )  [ RunTime:0.000919s ]
SQL: SELECT * FROM `tb_ath` WHERE ( f_ath_mdid=43 AND (f_ath_rlid=1) )  [ RunTime:0.000898s ]
SQL: SELECT * FROM `tb_ath` WHERE ( f_ath_mdid=44 AND (f_ath_rlid=1) )  [ RunTime:0.001090s ]
SQL: SELECT * FROM `tb_ath` WHERE ( f_ath_mdid=49 AND (f_ath_rlid=1) )  [ RunTime:0.001497s ]
SQL: SELECT * FROM `tb_ath` WHERE ( f_ath_mdid=61 AND (f_ath_rlid=1) )  [ RunTime:0.000894s ]
SQL: SELECT * FROM `tb_btn` WHERE ( f_btn_usrid=1 AND btnnm='bs3' ) LIMIT 1   [ RunTime:0.000198s ]
SQL: SELECT * FROM `tb_btn` WHERE ( f_btn_usrid=1 AND btnnm='bs3' ) LIMIT 1   [ RunTime:0.000178s ]
SQL: SELECT * FROM `tb_lbmd` LEFT JOIN tb_md ON f_lbmd_mdid=mdid WHERE ( f_lbmd_lbid=4 )  [ RunTime:0.000370s ]
SQL: SELECT * FROM `tb_ath` WHERE ( f_ath_mdid=45 AND (f_ath_rlid=1) )  [ RunTime:0.000849s ]
SQL: SELECT * FROM `tb_ath` WHERE ( f_ath_mdid=50 AND (f_ath_rlid=1) )  [ RunTime:0.000815s ]
SQL: SELECT * FROM `tb_ath` WHERE ( f_ath_mdid=51 AND (f_ath_rlid=1) )  [ RunTime:0.000803s ]
SQL: SELECT * FROM `tb_ath` WHERE ( f_ath_mdid=62 AND (f_ath_rlid=1) )  [ RunTime:0.000972s ]
SQL: SELECT * FROM `tb_ath` WHERE ( f_ath_mdid=63 AND (f_ath_rlid=1) )  [ RunTime:0.000895s ]
SQL: SELECT * FROM `tb_btn` WHERE ( f_btn_usrid=1 AND btnnm='bs4' ) LIMIT 1   [ RunTime:0.000231s ]
SQL: SELECT * FROM `tb_btn` WHERE ( f_btn_usrid=1 AND btnnm='bs4' ) LIMIT 1   [ RunTime:0.000319s ]
SQL: SELECT * FROM `tb_lbmd` LEFT JOIN tb_md ON f_lbmd_mdid=mdid WHERE ( f_lbmd_lbid=5 )  [ RunTime:0.000379s ]
SQL: SELECT * FROM `tb_ath` WHERE ( f_ath_mdid=46 AND (f_ath_rlid=1) )  [ RunTime:0.001059s ]
SQL: SELECT * FROM `tb_ath` WHERE ( f_ath_mdid=47 AND (f_ath_rlid=1) )  [ RunTime:0.001576s ]
SQL: SELECT * FROM `tb_ath` WHERE ( f_ath_mdid=48 AND (f_ath_rlid=1) )  [ RunTime:0.000962s ]
SQL: SELECT * FROM `tb_btn` WHERE ( f_btn_usrid=1 AND btnnm='bs5' ) LIMIT 1   [ RunTime:0.000350s ]
SQL: SELECT * FROM `tb_btn` WHERE ( f_btn_usrid=1 AND btnnm='bs5' ) LIMIT 1   [ RunTime:0.000277s ]
SQL: SELECT * FROM `tb_lbmd` LEFT JOIN tb_md ON f_lbmd_mdid=mdid WHERE ( f_lbmd_lbid=6 )  [ RunTime:0.000473s ]
SQL: SELECT * FROM `tb_ath` WHERE ( f_ath_mdid=52 AND (f_ath_rlid=1) )  [ RunTime:0.001460s ]
SQL: SELECT * FROM `tb_ath` WHERE ( f_ath_mdid=53 AND (f_ath_rlid=1) )  [ RunTime:0.001450s ]
SQL: SELECT * FROM `tb_ath` WHERE ( f_ath_mdid=54 AND (f_ath_rlid=1) )  [ RunTime:0.001490s ]
SQL: SELECT * FROM `tb_ath` WHERE ( f_ath_mdid=55 AND (f_ath_rlid=1) )  [ RunTime:0.000921s ]
SQL: SELECT * FROM `tb_ath` WHERE ( f_ath_mdid=56 AND (f_ath_rlid=1) )  [ RunTime:0.000911s ]
SQL: SELECT * FROM `tb_ath` WHERE ( f_ath_mdid=57 AND (f_ath_rlid=1) )  [ RunTime:0.000928s ]
SQL: SELECT * FROM `tb_ath` WHERE ( f_ath_mdid=58 AND (f_ath_rlid=1) )  [ RunTime:0.000908s ]
SQL: SELECT * FROM `tb_ath` WHERE ( f_ath_mdid=59 AND (f_ath_rlid=1) )  [ RunTime:0.000919s ]
SQL: SELECT * FROM `tb_ath` WHERE ( f_ath_mdid=60 AND (f_ath_rlid=1) )  [ RunTime:0.000828s ]
SQL: SELECT * FROM `tb_btn` WHERE ( f_btn_usrid=1 AND btnnm='bs6' ) LIMIT 1   [ RunTime:0.000197s ]
SQL: SELECT * FROM `tb_btn` WHERE ( f_btn_usrid=1 AND btnnm='bs6' ) LIMIT 1   [ RunTime:0.000275s ]
SQL: SELECT * FROM `tb_md` WHERE ( mdmk='Stt' ) LIMIT 1   [ RunTime:0.000251s ]
SQL: SELECT * FROM `tb_usr` WHERE ( usrid=1 AND usrps=1 ) LIMIT 1   [ RunTime:0.000245s ]
SQL: SELECT * FROM `tb_usrrl` WHERE ( f_usrrl_usrid=1 )  [ RunTime:0.000177s ]
SQL: SELECT * FROM `tb_ath` WHERE ( f_ath_mdid=25 AND (f_ath_rlid=1) )  [ RunTime:0.001030s ]
SQL: SELECT * FROM `tb_usr` WHERE ( usrid=1 ) LIMIT 1   [ RunTime:0.000225s ]
SQL: SHOW COLUMNS FROM `tb_zssz` [ RunTime:0.040259s ]
SQL: SELECT * FROM `tb_zssz` LIMIT 1   [ RunTime:0.000276s ]
NOTIC: [8] Undefined index: cdt C:\wamp\www\xx\admin\Lib\Action\ZspxhAction.class.php 第 708 行.
SQL: SHOW COLUMNS FROM `tb_grd` [ RunTime:0.049394s ]
SQL: SELECT * FROM `tb_grd` WHERE ( grdid=4 ) LIMIT 1   [ RunTime:0.000278s ]
SQL: SHOW COLUMNS FROM `tb_2015_std` [ RunTime:0.066259s ]
NOTIC: [2] Missing argument 8 for NBAction::NB(), called in C:\wamp\www\xx\admin\Lib\Action\ZspxhAction.class.php on line 742 and defined C:\wamp\www\xx\admin\Lib\NB\NBAction.class.php 第 46 行.
NOTIC: [2] Missing argument 9 for NBAction::NB(), called in C:\wamp\www\xx\admin\Lib\Action\ZspxhAction.class.php on line 742 and defined C:\wamp\www\xx\admin\Lib\NB\NBAction.class.php 第 46 行.
NOTIC: [8] Undefined index: NBsqlstc C:\wamp\www\xx\admin\Lib\NB\NBAction.class.php 第 49 行.
NOTIC: [8] Undefined index: NBsqlstc C:\wamp\www\xx\admin\Lib\NB\NBAction.class.php 第 49 行.
NOTIC: [8] Undefined variable: tkpg C:\wamp\www\xx\admin\Lib\NB\NBAction.class.php 第 140 行.
NOTIC: [8] Undefined index: fld C:\wamp\www\xx\admin\Lib\NB\NBAction.class.php 第 141 行.
NOTIC: [8] Undefined index: fld C:\wamp\www\xx\admin\Lib\NB\NBAction.class.php 第 143 行.
NOTIC: [8] Undefined index: cdt C:\wamp\www\xx\admin\Lib\NB\NBAction.class.php 第 146 行.
NOTIC: [8] Undefined index: cdt C:\wamp\www\xx\admin\Lib\NB\NBAction.class.php 第 148 行.
NOTIC: [8] Undefined index: spccdt C:\wamp\www\xx\admin\Lib\NB\NBAction.class.php 第 151 行.
NOTIC: [8] Undefined index: spccdt C:\wamp\www\xx\admin\Lib\NB\NBAction.class.php 第 153 行.
NOTIC: [8] Undefined index: odr C:\wamp\www\xx\admin\Lib\NB\NBAction.class.php 第 156 行.
NOTIC: [8] Undefined index: odr C:\wamp\www\xx\admin\Lib\NB\NBAction.class.php 第 158 行.
NOTIC: [8] Undefined index: lmt C:\wamp\www\xx\admin\Lib\NB\NBAction.class.php 第 161 行.
NOTIC: [8] Undefined index: lmt C:\wamp\www\xx\admin\Lib\NB\NBAction.class.php 第 163 行.
NOTIC: [8] Undefined variable: odrpcd C:\wamp\www\xx\admin\Lib\NB\NBAction.class.php 第 35 行.
NOTIC: [8] Undefined variable: lsyon C:\wamp\www\xx\admin\Lib\NB\NBAction.class.php 第 187 行.
SQL: SELECT COUNT(*) AS tp_count FROM `tb_2015_std` LEFT JOIN tb_2015_zspxh ON f_zspxh_stdid=stdid inner join tb_2015_stdxqdm ON stdid=f_stdxqdm_stdid inner join tb_2015_stdxqcls ON stdid=f_stdxqcls_stdid inner join tb_2015_stdxqmj ON stdid=f_stdxqmj_stdid LEFT JOIN tb_stt ON f_std_sttid=sttid LEFT JOIN tb_grd ON f_std_grdid=grdid LEFT JOIN tb_2015_mj ON f_stdxqmj_mjid=mjid LEFT JOIN tb_bxxs ON f_mj_bxxsid=bxxsid LEFT JOIN tb_cc ON f_mj_ccid=ccid LEFT JOIN tb_kl ON f_mj_klid=klid LEFT JOIN tb_xxxs ON f_mj_xxxsid=xxxsid LEFT JOIN tb_zsfw ON f_mj_zsfwid=zsfwid LEFT JOIN tb_xz ON f_mj_xzid=xzid LEFT JOIN tb_2015_cls ON f_stdxqcls_clsid=clsid LEFT JOIN tb_dm ON f_stdxqdm_dmid=dmid LEFT JOIN tb_sex ON f_std_sexid=sexid LEFT JOIN tb_rc ON f_std_rcid=rcid LEFT JOIN tb_zzmm ON f_std_zzmmid=zzmmid LEFT JOIN tb_xl ON f_std_xlid=xlid LEFT JOIN tb_stat ON f_std_statid=statid LEFT JOIN tb_xq ON f_stdxqcls_xqid=xqid WHERE ( 1=1 AND f_std_grdid=4 AND f_std_sttid=1 AND f_stdxqcls_xqid=3 AND f_stdxqmj_xqid=3 AND f_stdxqdm_xqid=3 AND (f_std_statid<>9) AND (stdupfnctm<>'') ) ORDER BY mjnm ASC,stdno ASC,stdaplno ASC LIMIT 1   [ RunTime:0.747144s ]
NOTIC: [8] Undefined variable: sqlstc C:\wamp\www\xx\admin\Lib\NB\NBAction.class.php 第 209 行.
SQL: SELECT `stdid`,`bxxsnm`,`f_std_grdid`,`f_stdxqcls_xqid`,`f_stdxqcls_clsid`,`stdaplno`,`stdno`,`stdnm`,`clsnm`,`sexnm`,`stdbtd`,`mjnm`,`statnm`,`zspxhtm`,`zspxhschqtm`,`stdpt` FROM `tb_2015_std` LEFT JOIN tb_2015_zspxh ON f_zspxh_stdid=stdid inner join tb_2015_stdxqdm ON stdid=f_stdxqdm_stdid inner join tb_2015_stdxqcls ON stdid=f_stdxqcls_stdid inner join tb_2015_stdxqmj ON stdid=f_stdxqmj_stdid LEFT JOIN tb_stt ON f_std_sttid=sttid LEFT JOIN tb_grd ON f_std_grdid=grdid LEFT JOIN tb_2015_mj ON f_stdxqmj_mjid=mjid LEFT JOIN tb_bxxs ON f_mj_bxxsid=bxxsid LEFT JOIN tb_cc ON f_mj_ccid=ccid LEFT JOIN tb_kl ON f_mj_klid=klid LEFT JOIN tb_xxxs ON f_mj_xxxsid=xxxsid LEFT JOIN tb_zsfw ON f_mj_zsfwid=zsfwid LEFT JOIN tb_xz ON f_mj_xzid=xzid LEFT JOIN tb_2015_cls ON f_stdxqcls_clsid=clsid LEFT JOIN tb_dm ON f_stdxqdm_dmid=dmid LEFT JOIN tb_sex ON f_std_sexid=sexid LEFT JOIN tb_rc ON f_std_rcid=rcid LEFT JOIN tb_zzmm ON f_std_zzmmid=zzmmid LEFT JOIN tb_xl ON f_std_xlid=xlid LEFT JOIN tb_stat ON f_std_statid=statid LEFT JOIN tb_xq ON f_stdxqcls_xqid=xqid WHERE ( 1=1 AND f_std_grdid=4 AND f_std_sttid=1 AND f_stdxqcls_xqid=3 AND f_stdxqmj_xqid=3 AND f_stdxqdm_xqid=3 AND (f_std_statid<>9) AND (stdupfnctm<>'') ) ORDER BY mjnm ASC,stdno ASC,stdaplno ASC LIMIT 0,20   [ RunTime:0.287531s ]
NOTIC: [8] Undefined variable: sqlstc C:\wamp\www\xx\admin\Lib\NB\NBAction.class.php 第 267 行.
NOTIC: [8] Undefined variable: mlsforcount C:\wamp\www\xx\admin\Lib\NB\NBAction.class.php 第 276 行.
SQL: SHOW COLUMNS FROM `tb_2015_bzr` [ RunTime:0.034010s ]
SQL: SHOW COLUMNS FROM `tb_bxxs` [ RunTime:0.003912s ]
SQL: SELECT * FROM `tb_bxxs` WHERE ( 1=2 OR bxxsid=4 )  [ RunTime:0.000330s ]
SQL: SHOW COLUMNS FROM `tb_stt` [ RunTime:0.004279s ]
SQL: SELECT * FROM `tb_stt` WHERE ( sttid=1 )  [ RunTime:0.000340s ]
SQL: SHOW COLUMNS FROM `tb_cc` [ RunTime:0.003534s ]
SQL: SELECT * FROM `tb_cc` WHERE ( ccid=3 )  [ RunTime:0.000290s ]
SQL: SHOW COLUMNS FROM `tb_kl` [ RunTime:0.003642s ]
SQL: SELECT * FROM `tb_kl`  [ RunTime:0.000297s ]
SQL: SHOW COLUMNS FROM `tb_xxxs` [ RunTime:0.003751s ]
SQL: SELECT * FROM `tb_xxxs` WHERE ( xxxsid=2 )  [ RunTime:0.000299s ]
SQL: SHOW COLUMNS FROM `tb_zsfw` [ RunTime:0.003540s ]
SQL: SELECT * FROM `tb_zsfw` WHERE ( zsfwid=2 )  [ RunTime:0.000280s ]
SQL: SHOW COLUMNS FROM `tb_xz` [ RunTime:0.003589s ]
SQL: SELECT * FROM `tb_xz` WHERE ( xzid=2 )  [ RunTime:0.000363s ]
SQL: SELECT * FROM `tb_grd` WHERE ( grdid=4 ) ORDER BY grdnm DESC  [ RunTime:0.000224s ]
SQL: SHOW COLUMNS FROM `tb_xq` [ RunTime:0.004690s ]
SQL: SELECT * FROM `tb_xq` WHERE ( xqid=3 ) ORDER BY xqnm DESC  [ RunTime:0.001273s ]
SQL: SHOW COLUMNS FROM `tb_2015_cls` [ RunTime:0.007423s ]
SQL: SELECT * FROM `tb_2015_cls` LEFT JOIN tb_stt ON f_cls_sttid=sttid WHERE ( 1=1 AND f_cls_sttid=1 AND f_cls_grdid=4 ) ORDER BY clsnm ASC  [ RunTime:0.000637s ]
SQL: SHOW COLUMNS FROM `tb_dm` [ RunTime:0.004158s ]
SQL: SELECT * FROM `tb_dm`  [ RunTime:0.000293s ]
SQL: SHOW COLUMNS FROM `tb_sex` [ RunTime:0.004526s ]
SQL: SELECT * FROM `tb_sex`  [ RunTime:0.000355s ]
SQL: SHOW COLUMNS FROM `tb_rc` [ RunTime:0.003587s ]
SQL: SELECT * FROM `tb_rc`  [ RunTime:0.000447s ]
SQL: SHOW COLUMNS FROM `tb_zzmm` [ RunTime:0.004132s ]
SQL: SELECT * FROM `tb_zzmm`  [ RunTime:0.000296s ]
SQL: SHOW COLUMNS FROM `tb_xl` [ RunTime:0.004626s ]
SQL: SELECT * FROM `tb_xl`  [ RunTime:0.000310s ]
SQL: SHOW COLUMNS FROM `tb_2015_mj` [ RunTime:0.004286s ]
SQL: SELECT * FROM `tb_2015_mj` LEFT JOIN tb_bxxs ON f_mj_bxxsid=bxxsid WHERE ( 1=1 AND f_mj_grdid=4 ) ORDER BY f_mj_bxxsid ASC,mjdm ASC  [ RunTime:0.000669s ]
SQL: SHOW COLUMNS FROM `tb_stat` [ RunTime:0.003760s ]
SQL: SELECT * FROM `tb_stat` WHERE ( statactvt=1 AND statmk='zs' )  [ RunTime:0.000404s ]
SQL: SHOW COLUMNS FROM `tb_2015_zspxh` [ RunTime:0.004370s ]
SQL: SELECT DISTINCT  `zspxhtm` FROM `tb_2015_zspxh`  [ RunTime:0.001823s ]
SQL: SELECT DISTINCT  `zspxhschqtm` FROM `tb_2015_zspxh`  [ RunTime:0.001548s ]
INFO: [ view_parse ] --START--
NOTIC: [8] Use of undefined constant lbid - assumed 'lbid' C:\wamp\www\xx\admin\Runtime\Cache\6ed45e31d7a6cf32db754fe1ef804256.php 第 146 行.
NOTIC: [8] Use of undefined constant lbid - assumed 'lbid' C:\wamp\www\xx\admin\Runtime\Cache\6ed45e31d7a6cf32db754fe1ef804256.php 第 146 行.
NOTIC: [8] Use of undefined constant lbid - assumed 'lbid' C:\wamp\www\xx\admin\Runtime\Cache\6ed45e31d7a6cf32db754fe1ef804256.php 第 146 行.
NOTIC: [8] Use of undefined constant lbid - assumed 'lbid' C:\wamp\www\xx\admin\Runtime\Cache\6ed45e31d7a6cf32db754fe1ef804256.php 第 146 行.
NOTIC: [8] Use of undefined constant lbid - assumed 'lbid' C:\wamp\www\xx\admin\Runtime\Cache\6ed45e31d7a6cf32db754fe1ef804256.php 第 146 行.
NOTIC: [8] Use of undefined constant lbid - assumed 'lbid' C:\wamp\www\xx\admin\Runtime\Cache\6ed45e31d7a6cf32db754fe1ef804256.php 第 146 行.
NOTIC: [8] Undefined index: sttnm C:\wamp\www\xx\admin\Runtime\Cache\6ed45e31d7a6cf32db754fe1ef804256.php 第 285 行.
NOTIC: [8] Use of undefined constant zsszxnltm - assumed 'zsszxnltm' C:\wamp\www\xx\admin\Runtime\Cache\6ed45e31d7a6cf32db754fe1ef804256.php 第 326 行.
NOTIC: [8] Use of undefined constant zsszxnltm - assumed 'zsszxnltm' C:\wamp\www\xx\admin\Runtime\Cache\6ed45e31d7a6cf32db754fe1ef804256.php 第 327 行.
NOTIC: [8] Undefined index: stdhb C:\wamp\www\xx\admin\Runtime\Cache\6ed45e31d7a6cf32db754fe1ef804256.php 第 455 行.
NOTIC: [8] Undefined index: stdhb C:\wamp\www\xx\admin\Runtime\Cache\6ed45e31d7a6cf32db754fe1ef804256.php 第 455 行.
NOTIC: [8] Undefined index: stdhb C:\wamp\www\xx\admin\Runtime\Cache\6ed45e31d7a6cf32db754fe1ef804256.php 第 455 行.
NOTIC: [8] Undefined index: stdhb C:\wamp\www\xx\admin\Runtime\Cache\6ed45e31d7a6cf32db754fe1ef804256.php 第 455 行.
NOTIC: [8] Undefined index: stdhb C:\wamp\www\xx\admin\Runtime\Cache\6ed45e31d7a6cf32db754fe1ef804256.php 第 455 行.
NOTIC: [8] Undefined index: stdhb C:\wamp\www\xx\admin\Runtime\Cache\6ed45e31d7a6cf32db754fe1ef804256.php 第 455 行.
NOTIC: [8] Undefined index: stdhb C:\wamp\www\xx\admin\Runtime\Cache\6ed45e31d7a6cf32db754fe1ef804256.php 第 455 行.
NOTIC: [8] Undefined index: stdhb C:\wamp\www\xx\admin\Runtime\Cache\6ed45e31d7a6cf32db754fe1ef804256.php 第 455 行.
NOTIC: [8] Undefined index: stdhb C:\wamp\www\xx\admin\Runtime\Cache\6ed45e31d7a6cf32db754fe1ef804256.php 第 455 行.
NOTIC: [8] Undefined index: stdhb C:\wamp\www\xx\admin\Runtime\Cache\6ed45e31d7a6cf32db754fe1ef804256.php 第 455 行.
NOTIC: [8] Undefined index: stdhb C:\wamp\www\xx\admin\Runtime\Cache\6ed45e31d7a6cf32db754fe1ef804256.php 第 455 行.
NOTIC: [8] Undefined index: stdhb C:\wamp\www\xx\admin\Runtime\Cache\6ed45e31d7a6cf32db754fe1ef804256.php 第 455 行.
NOTIC: [8] Undefined index: stdhb C:\wamp\www\xx\admin\Runtime\Cache\6ed45e31d7a6cf32db754fe1ef804256.php 第 455 行.
NOTIC: [8] Undefined index: stdhb C:\wamp\www\xx\admin\Runtime\Cache\6ed45e31d7a6cf32db754fe1ef804256.php 第 455 行.
NOTIC: [8] Undefined index: stdhb C:\wamp\www\xx\admin\Runtime\Cache\6ed45e31d7a6cf32db754fe1ef804256.php 第 455 行.
NOTIC: [8] Undefined index: stdhb C:\wamp\www\xx\admin\Runtime\Cache\6ed45e31d7a6cf32db754fe1ef804256.php 第 455 行.
NOTIC: [8] Undefined index: stdhb C:\wamp\www\xx\admin\Runtime\Cache\6ed45e31d7a6cf32db754fe1ef804256.php 第 455 行.
NOTIC: [8] Undefined index: stdhb C:\wamp\www\xx\admin\Runtime\Cache\6ed45e31d7a6cf32db754fe1ef804256.php 第 455 行.
NOTIC: [8] Undefined index: stdhb C:\wamp\www\xx\admin\Runtime\Cache\6ed45e31d7a6cf32db754fe1ef804256.php 第 455 行.
NOTIC: [8] Undefined index: stdhb C:\wamp\www\xx\admin\Runtime\Cache\6ed45e31d7a6cf32db754fe1ef804256.php 第 455 行.
INFO: ParseTemplate Behavior ::run [ RunTime:0.048779s ]
INFO: [ view_parse ] --END-- [ RunTime:0.048923s ]
INFO: [ view_filter ] --START--
INFO: ContentReplace Behavior ::run [ RunTime:0.000907s ]
INFO: TokenBuild Behavior ::run [ RunTime:0.000782s ]
INFO: WriteHtmlCache Behavior ::run [ RunTime:0.000487s ]
INFO: ShowRuntime Behavior ::run [ RunTime:0.000728s ]
INFO: [ view_filter ] --END-- [ RunTime:0.003207s ]
INFO: [ view_end ] --START--
INFO: ShowPageTrace Behavior ::run [ RunTime:0.000784s ]
INFO: [ view_end ] --END-- [ RunTime:0.000904s ]

