[ 2015-02-21T10:03:42+08:00 ] 127.0.0.1 /geek/admin.php/
INFO: [ route_check ] --START--
INFO: CheckRoute Behavior ::run [ RunTime:0.070840s ]
INFO: [ route_check ] --END-- [ RunTime:0.071015s ]
INFO: [ app_begin ] --START--
INFO: ReadHtmlCache Behavior ::run [ RunTime:0.000718s ]
INFO: [ app_begin ] --END-- [ RunTime:0.000846s ]
SQL: SHOW COLUMNS FROM `tb_usr` [ RunTime:0.043484s ]
SQL: SELECT * FROM `tb_usr` WHERE ( usrid=1 ) LIMIT 1   [ RunTime:0.000448s ]
SQL: SELECT * FROM `tb_usr` WHERE ( usrid=1 ) LIMIT 1   [ RunTime:0.000311s ]
SQL: SELECT * FROM `tb_usr` WHERE ( usrid=1 ) LIMIT 1   [ RunTime:0.000358s ]
SQL: SHOW COLUMNS FROM `tb_athmd` [ RunTime:0.039220s ]
SQL: SELECT * FROM `tb_athmd` LEFT JOIN tb_md ON f_athmd_mdid=mdid WHERE ( f_athmd_athid=1 AND mdmk='Atc' ) LIMIT 1   [ RunTime:0.027990s ]
SQL: SHOW COLUMNS FROM `tb_atc` [ RunTime:0.044511s ]
SQL: SELECT COUNT(*) AS tp_count FROM `tb_atc` WHERE ( atcvw='n' ) LIMIT 1   [ RunTime:0.000392s ]
SQL: SELECT * FROM `tb_usr` WHERE ( usrid=1 ) LIMIT 1   [ RunTime:0.000367s ]
SQL: SELECT * FROM `tb_athmd` LEFT JOIN tb_md ON f_athmd_mdid=mdid WHERE ( f_athmd_athid=1 AND q='y' )  [ RunTime:0.000426s ]
INFO: [ view_parse ] --START--
INFO: ParseTemplate Behavior ::run [ RunTime:0.052406s ]
INFO: [ view_parse ] --END-- [ RunTime:0.052587s ]
INFO: [ view_filter ] --START--
INFO: ContentReplace Behavior ::run [ RunTime:0.000590s ]
INFO: TokenBuild Behavior ::run [ RunTime:0.000597s ]
INFO: WriteHtmlCache Behavior ::run [ RunTime:0.000416s ]
INFO: ShowRuntime Behavior ::run [ RunTime:0.000638s ]
INFO: [ view_filter ] --END-- [ RunTime:0.002606s ]
INFO: [ view_end ] --START--
INFO: ShowPageTrace Behavior ::run [ RunTime:0.000699s ]
INFO: [ view_end ] --END-- [ RunTime:0.000818s ]

[ 2015-02-21T16:25:45+08:00 ] 127.0.0.1 /geek/admin.php/
INFO: [ route_check ] --START--
INFO: CheckRoute Behavior ::run [ RunTime:0.000934s ]
INFO: [ route_check ] --END-- [ RunTime:0.001081s ]
INFO: [ app_begin ] --START--
INFO: ReadHtmlCache Behavior ::run [ RunTime:0.000714s ]
INFO: [ app_begin ] --END-- [ RunTime:0.000870s ]
SQL: SHOW COLUMNS FROM `tb_usr` [ RunTime:0.004511s ]
SQL: SELECT * FROM `tb_usr` WHERE ( usrid=1 ) LIMIT 1   [ RunTime:0.000456s ]
SQL: SELECT * FROM `tb_usr` WHERE ( usrid=1 ) LIMIT 1   [ RunTime:0.000387s ]
SQL: SELECT * FROM `tb_usr` WHERE ( usrid=1 ) LIMIT 1   [ RunTime:0.000341s ]
SQL: SHOW COLUMNS FROM `tb_athmd` [ RunTime:0.003585s ]
SQL: SELECT * FROM `tb_athmd` LEFT JOIN tb_md ON f_athmd_mdid=mdid WHERE ( f_athmd_athid=1 AND mdmk='Atc' ) LIMIT 1   [ RunTime:0.000499s ]
SQL: SHOW COLUMNS FROM `tb_atc` [ RunTime:0.004212s ]
SQL: SELECT COUNT(*) AS tp_count FROM `tb_atc` WHERE ( atcvw='n' ) LIMIT 1   [ RunTime:0.000441s ]
SQL: SELECT * FROM `tb_usr` WHERE ( usrid=1 ) LIMIT 1   [ RunTime:0.000367s ]
SQL: SELECT * FROM `tb_athmd` LEFT JOIN tb_md ON f_athmd_mdid=mdid WHERE ( f_athmd_athid=1 AND q='y' )  [ RunTime:0.000364s ]
INFO: [ view_parse ] --START--
INFO: ParseTemplate Behavior ::run [ RunTime:0.012173s ]
INFO: [ view_parse ] --END-- [ RunTime:0.012317s ]
INFO: [ view_filter ] --START--
INFO: ContentReplace Behavior ::run [ RunTime:0.000581s ]
INFO: TokenBuild Behavior ::run [ RunTime:0.000560s ]
INFO: WriteHtmlCache Behavior ::run [ RunTime:0.000503s ]
INFO: ShowRuntime Behavior ::run [ RunTime:0.001003s ]
INFO: [ view_filter ] --END-- [ RunTime:0.003074s ]
INFO: [ view_end ] --START--
INFO: ShowPageTrace Behavior ::run [ RunTime:0.000991s ]
INFO: [ view_end ] --END-- [ RunTime:0.001153s ]

[ 2015-02-21T16:25:54+08:00 ] 127.0.0.1 /geek/admin.php/Md/query
INFO: [ route_check ] --START--
INFO: CheckRoute Behavior ::run [ RunTime:0.000834s ]
INFO: [ route_check ] --END-- [ RunTime:0.000987s ]
INFO: [ app_begin ] --START--
INFO: ReadHtmlCache Behavior ::run [ RunTime:0.000661s ]
INFO: [ app_begin ] --END-- [ RunTime:0.000786s ]
SQL: SHOW COLUMNS FROM `tb_usr` [ RunTime:0.003485s ]
SQL: SELECT * FROM `tb_usr` WHERE ( usrid=1 ) LIMIT 1   [ RunTime:0.000348s ]
SQL: SELECT * FROM `tb_usr` WHERE ( usrid=1 ) LIMIT 1   [ RunTime:0.000219s ]
SQL: SHOW COLUMNS FROM `tb_md` [ RunTime:0.003419s ]
SQL: SELECT * FROM `tb_md` WHERE ( mdmk='Md' ) LIMIT 1   [ RunTime:0.000339s ]
SQL: SELECT * FROM `tb_usr` WHERE ( usrid=1 ) LIMIT 1   [ RunTime:0.000485s ]
SQL: SHOW COLUMNS FROM `tb_athmd` [ RunTime:0.003676s ]
SQL: SELECT * FROM `tb_athmd` WHERE ( f_athmd_athid=1 AND f_athmd_mdid=1 ) LIMIT 1   [ RunTime:0.000389s ]
SQL: SELECT * FROM `tb_usr` WHERE ( usrid=1 ) LIMIT 1   [ RunTime:0.000390s ]
SQL: SELECT * FROM `tb_athmd` LEFT JOIN tb_md ON f_athmd_mdid=mdid WHERE ( f_athmd_athid=1 AND mdmk='Atc' ) LIMIT 1   [ RunTime:0.000364s ]
SQL: SHOW COLUMNS FROM `tb_atc` [ RunTime:0.003871s ]
SQL: SELECT COUNT(*) AS tp_count FROM `tb_atc` WHERE ( atcvw='n' ) LIMIT 1   [ RunTime:0.000361s ]
NOTIC: [2] Missing argument 8 for NBAction::NB(), called in C:\wamp\www\geek\admin\Lib\Action\MdAction.class.php on line 84 and defined C:\wamp\www\geek\admin\Lib\NB\NBAction.class.php 第 46 行.
NOTIC: [8] Undefined index: NBsqlstc C:\wamp\www\geek\admin\Lib\NB\NBAction.class.php 第 49 行.
NOTIC: [8] Undefined index: NBsqlstc C:\wamp\www\geek\admin\Lib\NB\NBAction.class.php 第 49 行.
NOTIC: [8] Undefined index: fld C:\wamp\www\geek\admin\Lib\NB\NBAction.class.php 第 139 行.
NOTIC: [8] Undefined index: fld C:\wamp\www\geek\admin\Lib\NB\NBAction.class.php 第 141 行.
NOTIC: [8] Undefined index: cdt C:\wamp\www\geek\admin\Lib\NB\NBAction.class.php 第 144 行.
NOTIC: [8] Undefined index: cdt C:\wamp\www\geek\admin\Lib\NB\NBAction.class.php 第 146 行.
NOTIC: [8] Undefined index: spccdt C:\wamp\www\geek\admin\Lib\NB\NBAction.class.php 第 149 行.
NOTIC: [8] Undefined index: spccdt C:\wamp\www\geek\admin\Lib\NB\NBAction.class.php 第 151 行.
NOTIC: [8] Undefined index: odr C:\wamp\www\geek\admin\Lib\NB\NBAction.class.php 第 154 行.
NOTIC: [8] Undefined index: odr C:\wamp\www\geek\admin\Lib\NB\NBAction.class.php 第 156 行.
NOTIC: [8] Undefined index: lmt C:\wamp\www\geek\admin\Lib\NB\NBAction.class.php 第 159 行.
NOTIC: [8] Undefined index: lmt C:\wamp\www\geek\admin\Lib\NB\NBAction.class.php 第 161 行.
NOTIC: [8] Undefined variable: odrpcd C:\wamp\www\geek\admin\Lib\NB\NBAction.class.php 第 33 行.
NOTIC: [8] Undefined variable: lsyon C:\wamp\www\geek\admin\Lib\NB\NBAction.class.php 第 182 行.
SQL: SELECT COUNT(*) AS tp_count FROM `tb_md` WHERE ( 1=1 ) ORDER BY mdid ASC LIMIT 1   [ RunTime:0.000418s ]
NOTIC: [8] Undefined variable: sqlstc C:\wamp\www\geek\admin\Lib\NB\NBAction.class.php 第 201 行.
SQL: SELECT `mdid`,`mdmk`,`mdnm` FROM `tb_md` WHERE ( 1=1 ) ORDER BY mdid ASC LIMIT 0,20   [ RunTime:0.000422s ]
NOTIC: [8] Undefined variable: sqlstc C:\wamp\www\geek\admin\Lib\NB\NBAction.class.php 第 259 行.
NOTIC: [8] Undefined variable: mlsforcount C:\wamp\www\geek\admin\Lib\NB\NBAction.class.php 第 268 行.
INFO: [ view_parse ] --START--
INFO: ParseTemplate Behavior ::run [ RunTime:0.031157s ]
INFO: [ view_parse ] --END-- [ RunTime:0.031317s ]
INFO: [ view_filter ] --START--
INFO: ContentReplace Behavior ::run [ RunTime:0.000620s ]
INFO: TokenBuild Behavior ::run [ RunTime:0.000539s ]
INFO: WriteHtmlCache Behavior ::run [ RunTime:0.000390s ]
INFO: ShowRuntime Behavior ::run [ RunTime:0.000727s ]
INFO: [ view_filter ] --END-- [ RunTime:0.002696s ]
INFO: [ view_end ] --START--
INFO: ShowPageTrace Behavior ::run [ RunTime:0.000767s ]
INFO: [ view_end ] --END-- [ RunTime:0.000922s ]

[ 2015-02-21T16:26:00+08:00 ] 127.0.0.1 /geek/admin.php/Ath/query
INFO: [ route_check ] --START--
INFO: CheckRoute Behavior ::run [ RunTime:0.000904s ]
INFO: [ route_check ] --END-- [ RunTime:0.001056s ]
INFO: [ app_begin ] --START--
INFO: ReadHtmlCache Behavior ::run [ RunTime:0.000723s ]
INFO: [ app_begin ] --END-- [ RunTime:0.000853s ]
SQL: SHOW COLUMNS FROM `tb_usr` [ RunTime:0.003841s ]
SQL: SELECT * FROM `tb_usr` WHERE ( usrid=1 ) LIMIT 1   [ RunTime:0.000509s ]
SQL: SELECT * FROM `tb_usr` WHERE ( usrid=1 ) LIMIT 1   [ RunTime:0.000359s ]
SQL: SHOW COLUMNS FROM `tb_md` [ RunTime:0.004588s ]
SQL: SELECT * FROM `tb_md` WHERE ( mdmk='Ath' ) LIMIT 1   [ RunTime:0.000327s ]
SQL: SELECT * FROM `tb_usr` WHERE ( usrid=1 ) LIMIT 1   [ RunTime:0.000328s ]
SQL: SHOW COLUMNS FROM `tb_athmd` [ RunTime:0.003677s ]
SQL: SELECT * FROM `tb_athmd` WHERE ( f_athmd_athid=1 AND f_athmd_mdid=3 ) LIMIT 1   [ RunTime:0.000406s ]
SQL: SELECT * FROM `tb_usr` WHERE ( usrid=1 ) LIMIT 1   [ RunTime:0.000344s ]
SQL: SELECT * FROM `tb_athmd` LEFT JOIN tb_md ON f_athmd_mdid=mdid WHERE ( f_athmd_athid=1 AND mdmk='Atc' ) LIMIT 1   [ RunTime:0.000445s ]
SQL: SHOW COLUMNS FROM `tb_atc` [ RunTime:0.003858s ]
SQL: SELECT COUNT(*) AS tp_count FROM `tb_atc` WHERE ( atcvw='n' ) LIMIT 1   [ RunTime:0.000298s ]
SQL: SHOW COLUMNS FROM `tb_ath` [ RunTime:0.041676s ]
NOTIC: [2] Missing argument 8 for NBAction::NB(), called in C:\wamp\www\geek\admin\Lib\Action\AthAction.class.php on line 85 and defined C:\wamp\www\geek\admin\Lib\NB\NBAction.class.php 第 46 行.
NOTIC: [8] Undefined index: NBsqlstc C:\wamp\www\geek\admin\Lib\NB\NBAction.class.php 第 49 行.
NOTIC: [8] Undefined index: NBsqlstc C:\wamp\www\geek\admin\Lib\NB\NBAction.class.php 第 49 行.
NOTIC: [8] Undefined index: fld C:\wamp\www\geek\admin\Lib\NB\NBAction.class.php 第 139 行.
NOTIC: [8] Undefined index: fld C:\wamp\www\geek\admin\Lib\NB\NBAction.class.php 第 141 行.
NOTIC: [8] Undefined index: cdt C:\wamp\www\geek\admin\Lib\NB\NBAction.class.php 第 144 行.
NOTIC: [8] Undefined index: cdt C:\wamp\www\geek\admin\Lib\NB\NBAction.class.php 第 146 行.
NOTIC: [8] Undefined index: spccdt C:\wamp\www\geek\admin\Lib\NB\NBAction.class.php 第 149 行.
NOTIC: [8] Undefined index: spccdt C:\wamp\www\geek\admin\Lib\NB\NBAction.class.php 第 151 行.
NOTIC: [8] Undefined index: odr C:\wamp\www\geek\admin\Lib\NB\NBAction.class.php 第 154 行.
NOTIC: [8] Undefined index: odr C:\wamp\www\geek\admin\Lib\NB\NBAction.class.php 第 156 行.
NOTIC: [8] Undefined index: lmt C:\wamp\www\geek\admin\Lib\NB\NBAction.class.php 第 159 行.
NOTIC: [8] Undefined index: lmt C:\wamp\www\geek\admin\Lib\NB\NBAction.class.php 第 161 行.
NOTIC: [8] Undefined variable: odrpcd C:\wamp\www\geek\admin\Lib\NB\NBAction.class.php 第 33 行.
NOTIC: [8] Undefined variable: lsyon C:\wamp\www\geek\admin\Lib\NB\NBAction.class.php 第 182 行.
SQL: SELECT COUNT(*) AS tp_count FROM `tb_ath` WHERE ( 1=1 ) ORDER BY athid ASC LIMIT 1   [ RunTime:0.000405s ]
NOTIC: [8] Undefined variable: sqlstc C:\wamp\www\geek\admin\Lib\NB\NBAction.class.php 第 201 行.
SQL: SELECT `athid`,`athnm` FROM `tb_ath` WHERE ( 1=1 ) ORDER BY athid ASC LIMIT 0,20   [ RunTime:0.000346s ]
NOTIC: [8] Undefined variable: sqlstc C:\wamp\www\geek\admin\Lib\NB\NBAction.class.php 第 259 行.
NOTIC: [8] Undefined variable: mlsforcount C:\wamp\www\geek\admin\Lib\NB\NBAction.class.php 第 268 行.
INFO: [ view_parse ] --START--
INFO: ParseTemplate Behavior ::run [ RunTime:0.040518s ]
INFO: [ view_parse ] --END-- [ RunTime:0.040740s ]
INFO: [ view_filter ] --START--
INFO: ContentReplace Behavior ::run [ RunTime:0.000833s ]
INFO: TokenBuild Behavior ::run [ RunTime:0.000588s ]
INFO: WriteHtmlCache Behavior ::run [ RunTime:0.000399s ]
INFO: ShowRuntime Behavior ::run [ RunTime:0.000666s ]
INFO: [ view_filter ] --END-- [ RunTime:0.002906s ]
INFO: [ view_end ] --START--
INFO: ShowPageTrace Behavior ::run [ RunTime:0.000745s ]
INFO: [ view_end ] --END-- [ RunTime:0.000870s ]

[ 2015-02-21T17:08:16+08:00 ] 127.0.0.1 /geek/admin.php/Md/query
INFO: [ route_check ] --START--
INFO: CheckRoute Behavior ::run [ RunTime:0.001095s ]
INFO: [ route_check ] --END-- [ RunTime:0.001251s ]
INFO: [ app_begin ] --START--
INFO: ReadHtmlCache Behavior ::run [ RunTime:0.001161s ]
INFO: [ app_begin ] --END-- [ RunTime:0.001355s ]
SQL: SHOW COLUMNS FROM `tb_usr` [ RunTime:0.004175s ]
SQL: SELECT * FROM `tb_usr` WHERE ( usrid=1 ) LIMIT 1   [ RunTime:0.000481s ]
SQL: SELECT * FROM `tb_usr` WHERE ( usrid=1 ) LIMIT 1   [ RunTime:0.000395s ]
SQL: SHOW COLUMNS FROM `tb_md` [ RunTime:0.004631s ]
SQL: SELECT * FROM `tb_md` WHERE ( mdmk='Md' ) LIMIT 1   [ RunTime:0.000368s ]
SQL: SELECT * FROM `tb_usr` WHERE ( usrid=1 ) LIMIT 1   [ RunTime:0.000342s ]
SQL: SHOW COLUMNS FROM `tb_athmd` [ RunTime:0.003970s ]
SQL: SELECT * FROM `tb_athmd` WHERE ( f_athmd_athid=1 AND f_athmd_mdid=1 ) LIMIT 1   [ RunTime:0.000322s ]
SQL: SELECT * FROM `tb_usr` WHERE ( usrid=1 ) LIMIT 1   [ RunTime:0.000296s ]
SQL: SELECT * FROM `tb_athmd` LEFT JOIN tb_md ON f_athmd_mdid=mdid WHERE ( f_athmd_athid=1 AND mdmk='Atc' ) LIMIT 1   [ RunTime:0.000347s ]
SQL: SHOW COLUMNS FROM `tb_atc` [ RunTime:0.003978s ]
SQL: SELECT COUNT(*) AS tp_count FROM `tb_atc` WHERE ( atcvw='n' ) LIMIT 1   [ RunTime:0.000327s ]
NOTIC: [2] Missing argument 8 for NBAction::NB(), called in C:\wamp\www\geek\admin\Lib\Action\MdAction.class.php on line 84 and defined C:\wamp\www\geek\admin\Lib\NB\NBAction.class.php 第 46 行.
NOTIC: [8] Undefined index: NBsqlstc C:\wamp\www\geek\admin\Lib\NB\NBAction.class.php 第 49 行.
NOTIC: [8] Undefined index: NBsqlstc C:\wamp\www\geek\admin\Lib\NB\NBAction.class.php 第 49 行.
NOTIC: [8] Undefined index: fld C:\wamp\www\geek\admin\Lib\NB\NBAction.class.php 第 139 行.
NOTIC: [8] Undefined index: fld C:\wamp\www\geek\admin\Lib\NB\NBAction.class.php 第 141 行.
NOTIC: [8] Undefined index: cdt C:\wamp\www\geek\admin\Lib\NB\NBAction.class.php 第 144 行.
NOTIC: [8] Undefined index: cdt C:\wamp\www\geek\admin\Lib\NB\NBAction.class.php 第 146 行.
NOTIC: [8] Undefined index: spccdt C:\wamp\www\geek\admin\Lib\NB\NBAction.class.php 第 149 行.
NOTIC: [8] Undefined index: spccdt C:\wamp\www\geek\admin\Lib\NB\NBAction.class.php 第 151 行.
NOTIC: [8] Undefined index: odr C:\wamp\www\geek\admin\Lib\NB\NBAction.class.php 第 154 行.
NOTIC: [8] Undefined index: odr C:\wamp\www\geek\admin\Lib\NB\NBAction.class.php 第 156 行.
NOTIC: [8] Undefined index: lmt C:\wamp\www\geek\admin\Lib\NB\NBAction.class.php 第 159 行.
NOTIC: [8] Undefined index: lmt C:\wamp\www\geek\admin\Lib\NB\NBAction.class.php 第 161 行.
NOTIC: [8] Undefined variable: odrpcd C:\wamp\www\geek\admin\Lib\NB\NBAction.class.php 第 33 行.
NOTIC: [8] Undefined variable: lsyon C:\wamp\www\geek\admin\Lib\NB\NBAction.class.php 第 182 行.
SQL: SELECT COUNT(*) AS tp_count FROM `tb_md` WHERE ( 1=1 ) ORDER BY mdid ASC LIMIT 1   [ RunTime:0.000293s ]
NOTIC: [8] Undefined variable: sqlstc C:\wamp\www\geek\admin\Lib\NB\NBAction.class.php 第 201 行.
SQL: SELECT `mdid`,`mdmk`,`mdnm` FROM `tb_md` WHERE ( 1=1 ) ORDER BY mdid ASC LIMIT 0,20   [ RunTime:0.000416s ]
NOTIC: [8] Undefined variable: sqlstc C:\wamp\www\geek\admin\Lib\NB\NBAction.class.php 第 259 行.
NOTIC: [8] Undefined variable: mlsforcount C:\wamp\www\geek\admin\Lib\NB\NBAction.class.php 第 268 行.
INFO: [ view_parse ] --START--
INFO: ParseTemplate Behavior ::run [ RunTime:0.014738s ]
INFO: [ view_parse ] --END-- [ RunTime:0.014931s ]
INFO: [ view_filter ] --START--
INFO: ContentReplace Behavior ::run [ RunTime:0.000709s ]
INFO: TokenBuild Behavior ::run [ RunTime:0.000721s ]
INFO: WriteHtmlCache Behavior ::run [ RunTime:0.000497s ]
INFO: ShowRuntime Behavior ::run [ RunTime:0.000733s ]
INFO: [ view_filter ] --END-- [ RunTime:0.003036s ]
INFO: [ view_end ] --START--
INFO: ShowPageTrace Behavior ::run [ RunTime:0.000760s ]
INFO: [ view_end ] --END-- [ RunTime:0.000882s ]

[ 2015-02-21T20:09:33+08:00 ] 127.0.0.1 /geek/admin.php
INFO: [ app_begin ] --START--
INFO: ReadHtmlCache Behavior ::run [ RunTime:0.028918s ]
INFO: [ app_begin ] --END-- [ RunTime:0.029104s ]
SQL: SHOW COLUMNS FROM `tb_usr` [ RunTime:0.003459s ]
SQL: SELECT * FROM `tb_usr` WHERE ( usrid=1 ) LIMIT 1   [ RunTime:0.000307s ]
SQL: SELECT * FROM `tb_usr` WHERE ( usrid=1 ) LIMIT 1   [ RunTime:0.000213s ]
SQL: SELECT * FROM `tb_usr` WHERE ( usrid=1 ) LIMIT 1   [ RunTime:0.000571s ]
SQL: SHOW COLUMNS FROM `tb_athmd` [ RunTime:0.004499s ]
SQL: SELECT * FROM `tb_athmd` LEFT JOIN tb_md ON f_athmd_mdid=mdid WHERE ( f_athmd_athid=1 AND mdmk='Atc' ) LIMIT 1   [ RunTime:0.000476s ]
SQL: SHOW COLUMNS FROM `tb_atc` [ RunTime:0.003745s ]
SQL: SELECT COUNT(*) AS tp_count FROM `tb_atc` WHERE ( atcvw='n' ) LIMIT 1   [ RunTime:0.000328s ]
SQL: SELECT * FROM `tb_usr` WHERE ( usrid=1 ) LIMIT 1   [ RunTime:0.000316s ]
SQL: SELECT * FROM `tb_athmd` LEFT JOIN tb_md ON f_athmd_mdid=mdid WHERE ( f_athmd_athid=1 AND q='y' )  [ RunTime:0.000402s ]
INFO: [ view_parse ] --START--
INFO: ParseTemplate Behavior ::run [ RunTime:0.174164s ]
INFO: [ view_parse ] --END-- [ RunTime:0.174369s ]
INFO: [ view_filter ] --START--
INFO: ContentReplace Behavior ::run [ RunTime:0.019716s ]
INFO: TokenBuild Behavior ::run [ RunTime:0.009529s ]
INFO: WriteHtmlCache Behavior ::run [ RunTime:0.006972s ]
INFO: ShowRuntime Behavior ::run [ RunTime:0.004871s ]
INFO: [ view_filter ] --END-- [ RunTime:0.041509s ]
INFO: [ view_end ] --START--
INFO: ShowPageTrace Behavior ::run [ RunTime:0.009036s ]
INFO: [ view_end ] --END-- [ RunTime:0.009220s ]

[ 2015-02-21T20:09:38+08:00 ] 127.0.0.1 /geek/admin.php
INFO: [ app_begin ] --START--
INFO: ReadHtmlCache Behavior ::run [ RunTime:0.000654s ]
INFO: [ app_begin ] --END-- [ RunTime:0.000793s ]
SQL: SHOW COLUMNS FROM `tb_usr` [ RunTime:0.003683s ]
SQL: SELECT * FROM `tb_usr` WHERE ( usrid=1 ) LIMIT 1   [ RunTime:0.000451s ]
SQL: SELECT * FROM `tb_usr` WHERE ( usrid=1 ) LIMIT 1   [ RunTime:0.000316s ]
SQL: SELECT * FROM `tb_usr` WHERE ( usrid=1 ) LIMIT 1   [ RunTime:0.000287s ]
SQL: SHOW COLUMNS FROM `tb_athmd` [ RunTime:0.003364s ]
SQL: SELECT * FROM `tb_athmd` LEFT JOIN tb_md ON f_athmd_mdid=mdid WHERE ( f_athmd_athid=1 AND mdmk='Atc' ) LIMIT 1   [ RunTime:0.000384s ]
SQL: SHOW COLUMNS FROM `tb_atc` [ RunTime:0.003643s ]
SQL: SELECT COUNT(*) AS tp_count FROM `tb_atc` WHERE ( atcvw='n' ) LIMIT 1   [ RunTime:0.000318s ]
SQL: SELECT * FROM `tb_usr` WHERE ( usrid=1 ) LIMIT 1   [ RunTime:0.000278s ]
SQL: SELECT * FROM `tb_athmd` LEFT JOIN tb_md ON f_athmd_mdid=mdid WHERE ( f_athmd_athid=1 AND q='y' )  [ RunTime:0.000362s ]
INFO: [ view_parse ] --START--
INFO: ParseTemplate Behavior ::run [ RunTime:0.011518s ]
INFO: [ view_parse ] --END-- [ RunTime:0.011658s ]
INFO: [ view_filter ] --START--
INFO: ContentReplace Behavior ::run [ RunTime:0.000777s ]
INFO: TokenBuild Behavior ::run [ RunTime:0.000626s ]
INFO: WriteHtmlCache Behavior ::run [ RunTime:0.000390s ]
INFO: ShowRuntime Behavior ::run [ RunTime:0.000640s ]
INFO: [ view_filter ] --END-- [ RunTime:0.002810s ]
INFO: [ view_end ] --START--
INFO: ShowPageTrace Behavior ::run [ RunTime:0.000679s ]
INFO: [ view_end ] --END-- [ RunTime:0.000799s ]

[ 2015-02-21T20:12:12+08:00 ] 127.0.0.1 /geek/admin.php
INFO: [ app_begin ] --START--
INFO: ReadHtmlCache Behavior ::run [ RunTime:0.000818s ]
INFO: [ app_begin ] --END-- [ RunTime:0.000960s ]
SQL: SHOW COLUMNS FROM `tb_usr` [ RunTime:0.004147s ]
SQL: SELECT * FROM `tb_usr` WHERE ( usrid=1 ) LIMIT 1   [ RunTime:0.000505s ]
SQL: SELECT * FROM `tb_usr` WHERE ( usrid=1 ) LIMIT 1   [ RunTime:0.000364s ]
SQL: SELECT * FROM `tb_usr` WHERE ( usrid=1 ) LIMIT 1   [ RunTime:0.000388s ]
SQL: SHOW COLUMNS FROM `tb_athmd` [ RunTime:0.003366s ]
SQL: SELECT * FROM `tb_athmd` LEFT JOIN tb_md ON f_athmd_mdid=mdid WHERE ( f_athmd_athid=1 AND mdmk='Atc' ) LIMIT 1   [ RunTime:0.000463s ]
SQL: SHOW COLUMNS FROM `tb_atc` [ RunTime:0.003983s ]
SQL: SELECT COUNT(*) AS tp_count FROM `tb_atc` WHERE ( atcvw='n' ) LIMIT 1   [ RunTime:0.000365s ]
SQL: SELECT * FROM `tb_usr` WHERE ( usrid=1 ) LIMIT 1   [ RunTime:0.000346s ]
SQL: SELECT * FROM `tb_athmd` LEFT JOIN tb_md ON f_athmd_mdid=mdid WHERE ( f_athmd_athid=1 AND q='y' )  [ RunTime:0.000409s ]
INFO: [ view_parse ] --START--
INFO: ParseTemplate Behavior ::run [ RunTime:0.013055s ]
INFO: [ view_parse ] --END-- [ RunTime:0.013204s ]
INFO: [ view_filter ] --START--
INFO: ContentReplace Behavior ::run [ RunTime:0.000639s ]
INFO: TokenBuild Behavior ::run [ RunTime:0.000608s ]
INFO: WriteHtmlCache Behavior ::run [ RunTime:0.000451s ]
INFO: ShowRuntime Behavior ::run [ RunTime:0.000707s ]
INFO: [ view_filter ] --END-- [ RunTime:0.002742s ]
INFO: [ view_end ] --START--
INFO: ShowPageTrace Behavior ::run [ RunTime:0.000751s ]
INFO: [ view_end ] --END-- [ RunTime:0.000874s ]

[ 2015-02-21T20:12:13+08:00 ] 127.0.0.1 /geek/admin.php
INFO: [ app_begin ] --START--
INFO: ReadHtmlCache Behavior ::run [ RunTime:0.000654s ]
INFO: [ app_begin ] --END-- [ RunTime:0.000792s ]
SQL: SHOW COLUMNS FROM `tb_usr` [ RunTime:0.003385s ]
SQL: SELECT * FROM `tb_usr` WHERE ( usrid=1 ) LIMIT 1   [ RunTime:0.000306s ]
SQL: SELECT * FROM `tb_usr` WHERE ( usrid=1 ) LIMIT 1   [ RunTime:0.000307s ]
SQL: SELECT * FROM `tb_usr` WHERE ( usrid=1 ) LIMIT 1   [ RunTime:0.000412s ]
SQL: SHOW COLUMNS FROM `tb_athmd` [ RunTime:0.003446s ]
SQL: SELECT * FROM `tb_athmd` LEFT JOIN tb_md ON f_athmd_mdid=mdid WHERE ( f_athmd_athid=1 AND mdmk='Atc' ) LIMIT 1   [ RunTime:0.000477s ]
SQL: SHOW COLUMNS FROM `tb_atc` [ RunTime:0.003560s ]
SQL: SELECT COUNT(*) AS tp_count FROM `tb_atc` WHERE ( atcvw='n' ) LIMIT 1   [ RunTime:0.000373s ]
SQL: SELECT * FROM `tb_usr` WHERE ( usrid=1 ) LIMIT 1   [ RunTime:0.000289s ]
SQL: SELECT * FROM `tb_athmd` LEFT JOIN tb_md ON f_athmd_mdid=mdid WHERE ( f_athmd_athid=1 AND q='y' )  [ RunTime:0.000412s ]
INFO: [ view_parse ] --START--
INFO: ParseTemplate Behavior ::run [ RunTime:0.011925s ]
INFO: [ view_parse ] --END-- [ RunTime:0.012069s ]
INFO: [ view_filter ] --START--
INFO: ContentReplace Behavior ::run [ RunTime:0.000545s ]
INFO: TokenBuild Behavior ::run [ RunTime:0.000530s ]
INFO: WriteHtmlCache Behavior ::run [ RunTime:0.000376s ]
INFO: ShowRuntime Behavior ::run [ RunTime:0.000633s ]
INFO: [ view_filter ] --END-- [ RunTime:0.002420s ]
INFO: [ view_end ] --START--
INFO: ShowPageTrace Behavior ::run [ RunTime:0.000677s ]
INFO: [ view_end ] --END-- [ RunTime:0.000798s ]

[ 2015-02-21T20:12:52+08:00 ] 127.0.0.1 /geek/admin.php
INFO: [ app_begin ] --START--
INFO: ReadHtmlCache Behavior ::run [ RunTime:0.000657s ]
INFO: [ app_begin ] --END-- [ RunTime:0.000797s ]
SQL: SHOW COLUMNS FROM `tb_usr` [ RunTime:0.003926s ]
SQL: SELECT * FROM `tb_usr` WHERE ( usrid=1 ) LIMIT 1   [ RunTime:0.000496s ]
SQL: SELECT * FROM `tb_usr` WHERE ( usrid=1 ) LIMIT 1   [ RunTime:0.000356s ]
SQL: SELECT * FROM `tb_usr` WHERE ( usrid=1 ) LIMIT 1   [ RunTime:0.000365s ]
SQL: SHOW COLUMNS FROM `tb_athmd` [ RunTime:0.003453s ]
SQL: SELECT * FROM `tb_athmd` LEFT JOIN tb_md ON f_athmd_mdid=mdid WHERE ( f_athmd_athid=1 AND mdmk='Atc' ) LIMIT 1   [ RunTime:0.000479s ]
SQL: SHOW COLUMNS FROM `tb_atc` [ RunTime:0.003545s ]
SQL: SELECT COUNT(*) AS tp_count FROM `tb_atc` WHERE ( atcvw='n' ) LIMIT 1   [ RunTime:0.000370s ]
SQL: SELECT * FROM `tb_usr` WHERE ( usrid=1 ) LIMIT 1   [ RunTime:0.000444s ]
SQL: SELECT * FROM `tb_athmd` LEFT JOIN tb_md ON f_athmd_mdid=mdid WHERE ( f_athmd_athid=1 AND q='y' )  [ RunTime:0.000412s ]
INFO: [ view_parse ] --START--
INFO: ParseTemplate Behavior ::run [ RunTime:0.011538s ]
INFO: [ view_parse ] --END-- [ RunTime:0.011682s ]
INFO: [ view_filter ] --START--
INFO: ContentReplace Behavior ::run [ RunTime:0.000544s ]
INFO: TokenBuild Behavior ::run [ RunTime:0.000531s ]
INFO: WriteHtmlCache Behavior ::run [ RunTime:0.000374s ]
INFO: ShowRuntime Behavior ::run [ RunTime:0.000811s ]
INFO: [ view_filter ] --END-- [ RunTime:0.002627s ]
INFO: [ view_end ] --START--
INFO: ShowPageTrace Behavior ::run [ RunTime:0.000814s ]
INFO: [ view_end ] --END-- [ RunTime:0.000943s ]

