[ 2015-05-18T09:52:59+08:00 ] 127.0.0.1 /xx/admin.php
INFO: [ app_begin ] --START--
INFO: ReadHtmlCache Behavior ::run [ RunTime:0.015000s ]
INFO: [ app_begin ] --END-- [ RunTime:0.025684s ]
SQL: SHOW COLUMNS FROM `tb_usr` [ RunTime:0.052330s ]
SQL: SELECT * FROM `tb_usr` WHERE ( usrid=1 AND usrps=1 ) LIMIT 1   [ RunTime:0.000560s ]
SQL: SELECT * FROM `tb_usr` WHERE ( usrid=1 ) LIMIT 1   [ RunTime:0.000380s ]
SQL: SELECT * FROM `tb_usr` WHERE ( usrid=1 ) LIMIT 1   [ RunTime:0.000318s ]
SQL: SHOW COLUMNS FROM `tb_md` [ RunTime:0.003816s ]
SQL: SELECT * FROM `tb_md` WHERE ( mdmk='Usr' ) LIMIT 1   [ RunTime:0.000332s ]
SQL: SELECT * FROM `tb_usr` WHERE ( usrid=1 AND usrps=1 ) LIMIT 1   [ RunTime:0.000467s ]
SQL: SHOW COLUMNS FROM `tb_usrrl` [ RunTime:0.003821s ]
SQL: SELECT * FROM `tb_usrrl` WHERE ( f_usrrl_usrid=1 )  [ RunTime:0.000342s ]
SQL: SHOW COLUMNS FROM `tb_ath` [ RunTime:0.021352s ]
SQL: SELECT * FROM `tb_ath` WHERE ( f_ath_mdid=2 AND (f_ath_rlid=1) )  [ RunTime:0.000728s ]
SQL: SELECT COUNT(*) AS tp_count FROM `tb_usr` WHERE ( usrvw=0 ) LIMIT 1   [ RunTime:0.000273s ]
SQL: SELECT * FROM `tb_md` WHERE ( mdmk='Cstmusr' ) LIMIT 1   [ RunTime:0.000302s ]
SQL: SELECT * FROM `tb_usr` WHERE ( usrid=1 AND usrps=1 ) LIMIT 1   [ RunTime:0.000320s ]
SQL: SELECT * FROM `tb_usrrl` WHERE ( f_usrrl_usrid=1 )  [ RunTime:0.000260s ]
SQL: SELECT * FROM `tb_ath` WHERE ( f_ath_mdid=16 AND (f_ath_rlid=1) )  [ RunTime:0.000722s ]
SQL: SHOW COLUMNS FROM `tb_cstmusr` [ RunTime:0.011717s ]
SQL: SELECT COUNT(*) AS tp_count FROM `tb_cstmusr` WHERE ( cstmusrvw=0 ) LIMIT 1   [ RunTime:0.000317s ]
SQL: SELECT * FROM `tb_md` WHERE ( mdmk='Atc' ) LIMIT 1   [ RunTime:0.000265s ]
SQL: SELECT * FROM `tb_usr` WHERE ( usrid=1 AND usrps=1 ) LIMIT 1   [ RunTime:0.000314s ]
SQL: SELECT * FROM `tb_usrrl` WHERE ( f_usrrl_usrid=1 )  [ RunTime:0.000256s ]
SQL: SELECT * FROM `tb_ath` WHERE ( f_ath_mdid=6 AND (f_ath_rlid=1) )  [ RunTime:0.000701s ]
SQL: SHOW COLUMNS FROM `tb_atc` [ RunTime:0.004094s ]
SQL: SELECT COUNT(*) AS tp_count FROM `tb_atc` WHERE ( atcvw=0 ) LIMIT 1   [ RunTime:0.000321s ]
NOTIC: [8] Undefined variable: ntfstrusr C:\wamp\www\xx\admin\Lib\NTF\NTFAction.class.php 第 52 行.
NOTIC: [8] Undefined variable: ntfstratc C:\wamp\www\xx\admin\Lib\NTF\NTFAction.class.php 第 52 行.
NOTIC: [8] Undefined variable: ntfstrcstmusr C:\wamp\www\xx\admin\Lib\NTF\NTFAction.class.php 第 52 行.
NOTIC: [2] Missing argument 1 for KZMBAction::setkzmb(), called in C:\wamp\www\xx\admin\Lib\Action\IndexAction.class.php on line 29 and defined C:\wamp\www\xx\admin\Lib\KZMB\KZMBAction.class.php 第 3 行.
SQL: SHOW COLUMNS FROM `tb_btn` [ RunTime:0.003803s ]
SQL: SELECT * FROM `tb_btn` WHERE ( f_btn_usrid=1 AND btnnm='lft' ) LIMIT 1   [ RunTime:0.000375s ]
SQL: SELECT * FROM `tb_btn` WHERE ( f_btn_usrid=1 AND btnnm='lft' ) LIMIT 1   [ RunTime:0.000317s ]
SQL: SELECT * FROM `tb_usrrl` WHERE ( f_usrrl_usrid=1 )  [ RunTime:0.000284s ]
SQL: SHOW COLUMNS FROM `tb_lb` [ RunTime:0.003643s ]
SQL: SHOW COLUMNS FROM `tb_lbmd` [ RunTime:0.003406s ]
SQL: SELECT * FROM `tb_lb`  [ RunTime:0.000278s ]
SQL: SELECT * FROM `tb_lbmd` LEFT JOIN tb_md ON f_lbmd_mdid=mdid WHERE ( f_lbmd_lbid=1 )  [ RunTime:0.000507s ]
SQL: SELECT * FROM `tb_ath` WHERE ( f_ath_mdid=1 AND (f_ath_rlid=1) )  [ RunTime:0.000825s ]
SQL: SELECT * FROM `tb_ath` WHERE ( f_ath_mdid=2 AND (f_ath_rlid=1) )  [ RunTime:0.000765s ]
SQL: SELECT * FROM `tb_ath` WHERE ( f_ath_mdid=3 AND (f_ath_rlid=1) )  [ RunTime:0.000777s ]
SQL: SELECT * FROM `tb_ath` WHERE ( f_ath_mdid=4 AND (f_ath_rlid=1) )  [ RunTime:0.000741s ]
SQL: SELECT * FROM `tb_ath` WHERE ( f_ath_mdid=5 AND (f_ath_rlid=1) )  [ RunTime:0.000716s ]
SQL: SELECT * FROM `tb_ath` WHERE ( f_ath_mdid=6 AND (f_ath_rlid=1) )  [ RunTime:0.000700s ]
SQL: SELECT * FROM `tb_ath` WHERE ( f_ath_mdid=7 AND (f_ath_rlid=1) )  [ RunTime:0.000696s ]
SQL: SELECT * FROM `tb_ath` WHERE ( f_ath_mdid=8 AND (f_ath_rlid=1) )  [ RunTime:0.001103s ]
SQL: SELECT * FROM `tb_ath` WHERE ( f_ath_mdid=9 AND (f_ath_rlid=1) )  [ RunTime:0.000665s ]
SQL: SELECT * FROM `tb_ath` WHERE ( f_ath_mdid=11 AND (f_ath_rlid=1) )  [ RunTime:0.000656s ]
SQL: SELECT * FROM `tb_ath` WHERE ( f_ath_mdid=12 AND (f_ath_rlid=1) )  [ RunTime:0.000992s ]
SQL: SELECT * FROM `tb_ath` WHERE ( f_ath_mdid=13 AND (f_ath_rlid=1) )  [ RunTime:0.000715s ]
SQL: SELECT * FROM `tb_ath` WHERE ( f_ath_mdid=14 AND (f_ath_rlid=1) )  [ RunTime:0.000835s ]
SQL: SELECT * FROM `tb_ath` WHERE ( f_ath_mdid=15 AND (f_ath_rlid=1) )  [ RunTime:0.000721s ]
SQL: SELECT * FROM `tb_ath` WHERE ( f_ath_mdid=24 AND (f_ath_rlid=1) )  [ RunTime:0.000703s ]
NOTIC: [8] Undefined variable: mdidactv C:\wamp\www\xx\admin\Lib\KZMB\KZMBAction.class.php 第 92 行.
NOTIC: [8] Undefined variable: mdidactv C:\wamp\www\xx\admin\Lib\KZMB\KZMBAction.class.php 第 92 行.
NOTIC: [8] Undefined variable: mdidactv C:\wamp\www\xx\admin\Lib\KZMB\KZMBAction.class.php 第 92 行.
NOTIC: [8] Undefined variable: mdidactv C:\wamp\www\xx\admin\Lib\KZMB\KZMBAction.class.php 第 92 行.
NOTIC: [8] Undefined variable: mdidactv C:\wamp\www\xx\admin\Lib\KZMB\KZMBAction.class.php 第 92 行.
NOTIC: [8] Undefined variable: mdidactv C:\wamp\www\xx\admin\Lib\KZMB\KZMBAction.class.php 第 92 行.
NOTIC: [8] Undefined variable: mdidactv C:\wamp\www\xx\admin\Lib\KZMB\KZMBAction.class.php 第 92 行.
NOTIC: [8] Undefined variable: mdidactv C:\wamp\www\xx\admin\Lib\KZMB\KZMBAction.class.php 第 92 行.
NOTIC: [8] Undefined variable: mdidactv C:\wamp\www\xx\admin\Lib\KZMB\KZMBAction.class.php 第 92 行.
NOTIC: [8] Undefined variable: mdidactv C:\wamp\www\xx\admin\Lib\KZMB\KZMBAction.class.php 第 92 行.
NOTIC: [8] Undefined variable: mdidactv C:\wamp\www\xx\admin\Lib\KZMB\KZMBAction.class.php 第 92 行.
NOTIC: [8] Undefined variable: mdidactv C:\wamp\www\xx\admin\Lib\KZMB\KZMBAction.class.php 第 92 行.
NOTIC: [8] Undefined variable: mdidactv C:\wamp\www\xx\admin\Lib\KZMB\KZMBAction.class.php 第 92 行.
NOTIC: [8] Undefined variable: mdidactv C:\wamp\www\xx\admin\Lib\KZMB\KZMBAction.class.php 第 92 行.
NOTIC: [8] Undefined variable: mdidactv C:\wamp\www\xx\admin\Lib\KZMB\KZMBAction.class.php 第 92 行.
SQL: SELECT * FROM `tb_btn` WHERE ( f_btn_usrid=1 AND btnnm='bs1' ) LIMIT 1   [ RunTime:0.000323s ]
SQL: SELECT * FROM `tb_btn` WHERE ( f_btn_usrid=1 AND btnnm='bs1' ) LIMIT 1   [ RunTime:0.000266s ]
SQL: SELECT * FROM `tb_lbmd` LEFT JOIN tb_md ON f_lbmd_mdid=mdid WHERE ( f_lbmd_lbid=2 )  [ RunTime:0.000356s ]
SQL: SELECT * FROM `tb_ath` WHERE ( f_ath_mdid=16 AND (f_ath_rlid=1) )  [ RunTime:0.000704s ]
SQL: SELECT * FROM `tb_ath` WHERE ( f_ath_mdid=17 AND (f_ath_rlid=1) )  [ RunTime:0.000700s ]
SQL: SELECT * FROM `tb_ath` WHERE ( f_ath_mdid=18 AND (f_ath_rlid=1) )  [ RunTime:0.000693s ]
SQL: SELECT * FROM `tb_ath` WHERE ( f_ath_mdid=19 AND (f_ath_rlid=1) )  [ RunTime:0.000765s ]
SQL: SELECT * FROM `tb_ath` WHERE ( f_ath_mdid=20 AND (f_ath_rlid=1) )  [ RunTime:0.000735s ]
SQL: SELECT * FROM `tb_ath` WHERE ( f_ath_mdid=21 AND (f_ath_rlid=1) )  [ RunTime:0.000722s ]
SQL: SELECT * FROM `tb_ath` WHERE ( f_ath_mdid=22 AND (f_ath_rlid=1) )  [ RunTime:0.000936s ]
SQL: SELECT * FROM `tb_ath` WHERE ( f_ath_mdid=23 AND (f_ath_rlid=1) )  [ RunTime:0.000698s ]
NOTIC: [8] Undefined variable: mdidactv C:\wamp\www\xx\admin\Lib\KZMB\KZMBAction.class.php 第 92 行.
NOTIC: [8] Undefined variable: mdidactv C:\wamp\www\xx\admin\Lib\KZMB\KZMBAction.class.php 第 92 行.
NOTIC: [8] Undefined variable: mdidactv C:\wamp\www\xx\admin\Lib\KZMB\KZMBAction.class.php 第 92 行.
NOTIC: [8] Undefined variable: mdidactv C:\wamp\www\xx\admin\Lib\KZMB\KZMBAction.class.php 第 92 行.
NOTIC: [8] Undefined variable: mdidactv C:\wamp\www\xx\admin\Lib\KZMB\KZMBAction.class.php 第 92 行.
NOTIC: [8] Undefined variable: mdidactv C:\wamp\www\xx\admin\Lib\KZMB\KZMBAction.class.php 第 92 行.
NOTIC: [8] Undefined variable: mdidactv C:\wamp\www\xx\admin\Lib\KZMB\KZMBAction.class.php 第 92 行.
NOTIC: [8] Undefined variable: mdidactv C:\wamp\www\xx\admin\Lib\KZMB\KZMBAction.class.php 第 92 行.
SQL: SELECT * FROM `tb_btn` WHERE ( f_btn_usrid=1 AND btnnm='bs2' ) LIMIT 1   [ RunTime:0.000270s ]
SQL: SELECT * FROM `tb_btn` WHERE ( f_btn_usrid=1 AND btnnm='bs2' ) LIMIT 1   [ RunTime:0.000266s ]
SQL: SELECT * FROM `tb_lbmd` LEFT JOIN tb_md ON f_lbmd_mdid=mdid WHERE ( f_lbmd_lbid=3 )  [ RunTime:0.000403s ]
SQL: SELECT * FROM `tb_ath` WHERE ( f_ath_mdid=25 AND (f_ath_rlid=1) )  [ RunTime:0.000699s ]
SQL: SELECT * FROM `tb_ath` WHERE ( f_ath_mdid=26 AND (f_ath_rlid=1) )  [ RunTime:0.000703s ]
SQL: SELECT * FROM `tb_ath` WHERE ( f_ath_mdid=27 AND (f_ath_rlid=1) )  [ RunTime:0.000703s ]
SQL: SELECT * FROM `tb_ath` WHERE ( f_ath_mdid=28 AND (f_ath_rlid=1) )  [ RunTime:0.000702s ]
SQL: SELECT * FROM `tb_ath` WHERE ( f_ath_mdid=29 AND (f_ath_rlid=1) )  [ RunTime:0.000703s ]
SQL: SELECT * FROM `tb_ath` WHERE ( f_ath_mdid=30 AND (f_ath_rlid=1) )  [ RunTime:0.000691s ]
SQL: SELECT * FROM `tb_ath` WHERE ( f_ath_mdid=31 AND (f_ath_rlid=1) )  [ RunTime:0.000705s ]
SQL: SELECT * FROM `tb_ath` WHERE ( f_ath_mdid=32 AND (f_ath_rlid=1) )  [ RunTime:0.000716s ]
SQL: SELECT * FROM `tb_ath` WHERE ( f_ath_mdid=33 AND (f_ath_rlid=1) )  [ RunTime:0.000709s ]
SQL: SELECT * FROM `tb_ath` WHERE ( f_ath_mdid=34 AND (f_ath_rlid=1) )  [ RunTime:0.000716s ]
SQL: SELECT * FROM `tb_ath` WHERE ( f_ath_mdid=35 AND (f_ath_rlid=1) )  [ RunTime:0.000727s ]
SQL: SELECT * FROM `tb_ath` WHERE ( f_ath_mdid=36 AND (f_ath_rlid=1) )  [ RunTime:0.000717s ]
SQL: SELECT * FROM `tb_ath` WHERE ( f_ath_mdid=37 AND (f_ath_rlid=1) )  [ RunTime:0.000674s ]
SQL: SELECT * FROM `tb_ath` WHERE ( f_ath_mdid=38 AND (f_ath_rlid=1) )  [ RunTime:0.000727s ]
SQL: SELECT * FROM `tb_ath` WHERE ( f_ath_mdid=39 AND (f_ath_rlid=1) )  [ RunTime:0.000697s ]
SQL: SELECT * FROM `tb_ath` WHERE ( f_ath_mdid=40 AND (f_ath_rlid=1) )  [ RunTime:0.000691s ]
SQL: SELECT * FROM `tb_ath` WHERE ( f_ath_mdid=41 AND (f_ath_rlid=1) )  [ RunTime:0.000712s ]
SQL: SELECT * FROM `tb_ath` WHERE ( f_ath_mdid=42 AND (f_ath_rlid=1) )  [ RunTime:0.000707s ]
SQL: SELECT * FROM `tb_ath` WHERE ( f_ath_mdid=43 AND (f_ath_rlid=1) )  [ RunTime:0.000736s ]
SQL: SELECT * FROM `tb_ath` WHERE ( f_ath_mdid=44 AND (f_ath_rlid=1) )  [ RunTime:0.000698s ]
SQL: SELECT * FROM `tb_ath` WHERE ( f_ath_mdid=49 AND (f_ath_rlid=1) )  [ RunTime:0.000697s ]
NOTIC: [8] Undefined variable: mdidactv C:\wamp\www\xx\admin\Lib\KZMB\KZMBAction.class.php 第 92 行.
NOTIC: [8] Undefined variable: mdidactv C:\wamp\www\xx\admin\Lib\KZMB\KZMBAction.class.php 第 92 行.
NOTIC: [8] Undefined variable: mdidactv C:\wamp\www\xx\admin\Lib\KZMB\KZMBAction.class.php 第 92 行.
NOTIC: [8] Undefined variable: mdidactv C:\wamp\www\xx\admin\Lib\KZMB\KZMBAction.class.php 第 92 行.
NOTIC: [8] Undefined variable: mdidactv C:\wamp\www\xx\admin\Lib\KZMB\KZMBAction.class.php 第 92 行.
NOTIC: [8] Undefined variable: mdidactv C:\wamp\www\xx\admin\Lib\KZMB\KZMBAction.class.php 第 92 行.
NOTIC: [8] Undefined variable: mdidactv C:\wamp\www\xx\admin\Lib\KZMB\KZMBAction.class.php 第 92 行.
NOTIC: [8] Undefined variable: mdidactv C:\wamp\www\xx\admin\Lib\KZMB\KZMBAction.class.php 第 92 行.
NOTIC: [8] Undefined variable: mdidactv C:\wamp\www\xx\admin\Lib\KZMB\KZMBAction.class.php 第 92 行.
NOTIC: [8] Undefined variable: mdidactv C:\wamp\www\xx\admin\Lib\KZMB\KZMBAction.class.php 第 92 行.
NOTIC: [8] Undefined variable: mdidactv C:\wamp\www\xx\admin\Lib\KZMB\KZMBAction.class.php 第 92 行.
NOTIC: [8] Undefined variable: mdidactv C:\wamp\www\xx\admin\Lib\KZMB\KZMBAction.class.php 第 92 行.
NOTIC: [8] Undefined variable: mdidactv C:\wamp\www\xx\admin\Lib\KZMB\KZMBAction.class.php 第 92 行.
NOTIC: [8] Undefined variable: mdidactv C:\wamp\www\xx\admin\Lib\KZMB\KZMBAction.class.php 第 92 行.
NOTIC: [8] Undefined variable: mdidactv C:\wamp\www\xx\admin\Lib\KZMB\KZMBAction.class.php 第 92 行.
NOTIC: [8] Undefined variable: mdidactv C:\wamp\www\xx\admin\Lib\KZMB\KZMBAction.class.php 第 92 行.
NOTIC: [8] Undefined variable: mdidactv C:\wamp\www\xx\admin\Lib\KZMB\KZMBAction.class.php 第 92 行.
NOTIC: [8] Undefined variable: mdidactv C:\wamp\www\xx\admin\Lib\KZMB\KZMBAction.class.php 第 92 行.
NOTIC: [8] Undefined variable: mdidactv C:\wamp\www\xx\admin\Lib\KZMB\KZMBAction.class.php 第 92 行.
NOTIC: [8] Undefined variable: mdidactv C:\wamp\www\xx\admin\Lib\KZMB\KZMBAction.class.php 第 92 行.
NOTIC: [8] Undefined variable: mdidactv C:\wamp\www\xx\admin\Lib\KZMB\KZMBAction.class.php 第 92 行.
SQL: SELECT * FROM `tb_btn` WHERE ( f_btn_usrid=1 AND btnnm='bs3' ) LIMIT 1   [ RunTime:0.000277s ]
SQL: SELECT * FROM `tb_btn` WHERE ( f_btn_usrid=1 AND btnnm='bs3' ) LIMIT 1   [ RunTime:0.000243s ]
SQL: SELECT * FROM `tb_lbmd` LEFT JOIN tb_md ON f_lbmd_mdid=mdid WHERE ( f_lbmd_lbid=4 )  [ RunTime:0.000317s ]
SQL: SELECT * FROM `tb_ath` WHERE ( f_ath_mdid=45 AND (f_ath_rlid=1) )  [ RunTime:0.000698s ]
NOTIC: [8] Undefined variable: mdidactv C:\wamp\www\xx\admin\Lib\KZMB\KZMBAction.class.php 第 92 行.
SQL: SELECT * FROM `tb_btn` WHERE ( f_btn_usrid=1 AND btnnm='bs4' ) LIMIT 1   [ RunTime:0.000270s ]
SQL: SELECT * FROM `tb_btn` WHERE ( f_btn_usrid=1 AND btnnm='bs4' ) LIMIT 1   [ RunTime:0.000243s ]
SQL: SELECT * FROM `tb_lbmd` LEFT JOIN tb_md ON f_lbmd_mdid=mdid WHERE ( f_lbmd_lbid=5 )  [ RunTime:0.000314s ]
SQL: SELECT * FROM `tb_ath` WHERE ( f_ath_mdid=46 AND (f_ath_rlid=1) )  [ RunTime:0.000706s ]
SQL: SELECT * FROM `tb_ath` WHERE ( f_ath_mdid=47 AND (f_ath_rlid=1) )  [ RunTime:0.000709s ]
SQL: SELECT * FROM `tb_ath` WHERE ( f_ath_mdid=48 AND (f_ath_rlid=1) )  [ RunTime:0.000693s ]
NOTIC: [8] Undefined variable: mdidactv C:\wamp\www\xx\admin\Lib\KZMB\KZMBAction.class.php 第 92 行.
NOTIC: [8] Undefined variable: mdidactv C:\wamp\www\xx\admin\Lib\KZMB\KZMBAction.class.php 第 92 行.
NOTIC: [8] Undefined variable: mdidactv C:\wamp\www\xx\admin\Lib\KZMB\KZMBAction.class.php 第 92 行.
SQL: SELECT * FROM `tb_btn` WHERE ( f_btn_usrid=1 AND btnnm='bs5' ) LIMIT 1   [ RunTime:0.000263s ]
SQL: SELECT * FROM `tb_btn` WHERE ( f_btn_usrid=1 AND btnnm='bs5' ) LIMIT 1   [ RunTime:0.000266s ]
INFO: [ view_parse ] --START--
NOTIC: [8] Use of undefined constant lbid - assumed 'lbid' C:\wamp\www\xx\admin\Runtime\Cache\95ce6485eccf9f806ee32535db24cf7f.php 第 146 行.
NOTIC: [8] Use of undefined constant lbid - assumed 'lbid' C:\wamp\www\xx\admin\Runtime\Cache\95ce6485eccf9f806ee32535db24cf7f.php 第 146 行.
NOTIC: [8] Use of undefined constant lbid - assumed 'lbid' C:\wamp\www\xx\admin\Runtime\Cache\95ce6485eccf9f806ee32535db24cf7f.php 第 146 行.
NOTIC: [8] Use of undefined constant lbid - assumed 'lbid' C:\wamp\www\xx\admin\Runtime\Cache\95ce6485eccf9f806ee32535db24cf7f.php 第 146 行.
NOTIC: [8] Use of undefined constant lbid - assumed 'lbid' C:\wamp\www\xx\admin\Runtime\Cache\95ce6485eccf9f806ee32535db24cf7f.php 第 146 行.
INFO: ParseTemplate Behavior ::run [ RunTime:0.290994s ]
INFO: [ view_parse ] --END-- [ RunTime:0.291177s ]
INFO: [ view_filter ] --START--
INFO: ContentReplace Behavior ::run [ RunTime:0.016732s ]
INFO: TokenBuild Behavior ::run [ RunTime:0.009064s ]
INFO: WriteHtmlCache Behavior ::run [ RunTime:0.000782s ]
INFO: ShowRuntime Behavior ::run [ RunTime:0.010178s ]
INFO: [ view_filter ] --END-- [ RunTime:0.037133s ]
INFO: [ view_end ] --START--
INFO: ShowPageTrace Behavior ::run [ RunTime:0.012842s ]
INFO: [ view_end ] --END-- [ RunTime:0.012979s ]

[ 2015-05-18T09:53:05+08:00 ] 127.0.0.1 /xx/admin.php/Cw/query
INFO: [ route_check ] --START--
INFO: CheckRoute Behavior ::run [ RunTime:0.006615s ]
INFO: [ route_check ] --END-- [ RunTime:0.006774s ]
INFO: [ app_begin ] --START--
INFO: ReadHtmlCache Behavior ::run [ RunTime:0.000819s ]
INFO: [ app_begin ] --END-- [ RunTime:0.000959s ]
SQL: SHOW COLUMNS FROM `tb_usr` [ RunTime:0.014670s ]
SQL: SELECT * FROM `tb_usr` WHERE ( usrid=1 AND usrps=1 ) LIMIT 1   [ RunTime:0.000393s ]
SQL: SELECT * FROM `tb_usr` WHERE ( usrid=1 ) LIMIT 1   [ RunTime:0.000341s ]
SQL: SHOW COLUMNS FROM `tb_md` [ RunTime:0.003957s ]
SQL: SELECT * FROM `tb_md` WHERE ( mdmk='Cw' ) LIMIT 1   [ RunTime:0.000367s ]
SQL: SELECT * FROM `tb_usr` WHERE ( usrid=1 AND usrps=1 ) LIMIT 1   [ RunTime:0.000336s ]
SQL: SHOW COLUMNS FROM `tb_usrrl` [ RunTime:0.003561s ]
SQL: SELECT * FROM `tb_usrrl` WHERE ( f_usrrl_usrid=1 )  [ RunTime:0.000313s ]
SQL: SHOW COLUMNS FROM `tb_ath` [ RunTime:0.003604s ]
SQL: SELECT * FROM `tb_ath` WHERE ( f_ath_mdid=48 AND (f_ath_rlid=1) )  [ RunTime:0.000955s ]
SQL: SELECT * FROM `tb_md` WHERE ( mdid=48 ) LIMIT 1   [ RunTime:0.000291s ]
NOTIC: [8] Undefined index: cwid C:\wamp\www\xx\admin\Lib\IDTATH\IdtathAction.class.php 第 91 行.
SQL: SELECT * FROM `tb_md` WHERE ( mdmk='Usr' ) LIMIT 1   [ RunTime:0.000415s ]
SQL: SELECT * FROM `tb_usr` WHERE ( usrid=1 AND usrps=1 ) LIMIT 1   [ RunTime:0.000435s ]
SQL: SELECT * FROM `tb_usrrl` WHERE ( f_usrrl_usrid=1 )  [ RunTime:0.000304s ]
SQL: SELECT * FROM `tb_ath` WHERE ( f_ath_mdid=2 AND (f_ath_rlid=1) )  [ RunTime:0.000714s ]
SQL: SELECT COUNT(*) AS tp_count FROM `tb_usr` WHERE ( usrvw=0 ) LIMIT 1   [ RunTime:0.000269s ]
SQL: SELECT * FROM `tb_md` WHERE ( mdmk='Cstmusr' ) LIMIT 1   [ RunTime:0.000269s ]
SQL: SELECT * FROM `tb_usr` WHERE ( usrid=1 AND usrps=1 ) LIMIT 1   [ RunTime:0.000336s ]
SQL: SELECT * FROM `tb_usrrl` WHERE ( f_usrrl_usrid=1 )  [ RunTime:0.000253s ]
SQL: SELECT * FROM `tb_ath` WHERE ( f_ath_mdid=16 AND (f_ath_rlid=1) )  [ RunTime:0.000703s ]
SQL: SHOW COLUMNS FROM `tb_cstmusr` [ RunTime:0.004149s ]
SQL: SELECT COUNT(*) AS tp_count FROM `tb_cstmusr` WHERE ( cstmusrvw=0 ) LIMIT 1   [ RunTime:0.000322s ]
SQL: SELECT * FROM `tb_md` WHERE ( mdmk='Atc' ) LIMIT 1   [ RunTime:0.000302s ]
SQL: SELECT * FROM `tb_usr` WHERE ( usrid=1 AND usrps=1 ) LIMIT 1   [ RunTime:0.000314s ]
SQL: SELECT * FROM `tb_usrrl` WHERE ( f_usrrl_usrid=1 )  [ RunTime:0.000273s ]
SQL: SELECT * FROM `tb_ath` WHERE ( f_ath_mdid=6 AND (f_ath_rlid=1) )  [ RunTime:0.000709s ]
SQL: SHOW COLUMNS FROM `tb_atc` [ RunTime:0.004191s ]
SQL: SELECT COUNT(*) AS tp_count FROM `tb_atc` WHERE ( atcvw=0 ) LIMIT 1   [ RunTime:0.000287s ]
NOTIC: [8] Undefined variable: ntfstrusr C:\wamp\www\xx\admin\Lib\NTF\NTFAction.class.php 第 52 行.
NOTIC: [8] Undefined variable: ntfstratc C:\wamp\www\xx\admin\Lib\NTF\NTFAction.class.php 第 52 行.
NOTIC: [8] Undefined variable: ntfstrcstmusr C:\wamp\www\xx\admin\Lib\NTF\NTFAction.class.php 第 52 行.
SQL: SHOW COLUMNS FROM `tb_btn` [ RunTime:0.003694s ]
SQL: SELECT * FROM `tb_btn` WHERE ( f_btn_usrid=1 AND btnnm='lft' ) LIMIT 1   [ RunTime:0.000346s ]
SQL: SELECT * FROM `tb_btn` WHERE ( f_btn_usrid=1 AND btnnm='lft' ) LIMIT 1   [ RunTime:0.000255s ]
SQL: SELECT * FROM `tb_usrrl` WHERE ( f_usrrl_usrid=1 )  [ RunTime:0.000262s ]
SQL: SHOW COLUMNS FROM `tb_lb` [ RunTime:0.003683s ]
SQL: SHOW COLUMNS FROM `tb_lbmd` [ RunTime:0.003335s ]
SQL: SELECT * FROM `tb_lb`  [ RunTime:0.000253s ]
SQL: SELECT * FROM `tb_lbmd` LEFT JOIN tb_md ON f_lbmd_mdid=mdid WHERE ( f_lbmd_lbid=1 )  [ RunTime:0.000376s ]
SQL: SELECT * FROM `tb_ath` WHERE ( f_ath_mdid=1 AND (f_ath_rlid=1) )  [ RunTime:0.000765s ]
SQL: SELECT * FROM `tb_ath` WHERE ( f_ath_mdid=2 AND (f_ath_rlid=1) )  [ RunTime:0.000706s ]
SQL: SELECT * FROM `tb_ath` WHERE ( f_ath_mdid=3 AND (f_ath_rlid=1) )  [ RunTime:0.000740s ]
SQL: SELECT * FROM `tb_ath` WHERE ( f_ath_mdid=4 AND (f_ath_rlid=1) )  [ RunTime:0.000712s ]
SQL: SELECT * FROM `tb_ath` WHERE ( f_ath_mdid=5 AND (f_ath_rlid=1) )  [ RunTime:0.000762s ]
SQL: SELECT * FROM `tb_ath` WHERE ( f_ath_mdid=6 AND (f_ath_rlid=1) )  [ RunTime:0.000762s ]
SQL: SELECT * FROM `tb_ath` WHERE ( f_ath_mdid=7 AND (f_ath_rlid=1) )  [ RunTime:0.000703s ]
SQL: SELECT * FROM `tb_ath` WHERE ( f_ath_mdid=8 AND (f_ath_rlid=1) )  [ RunTime:0.000683s ]
SQL: SELECT * FROM `tb_ath` WHERE ( f_ath_mdid=9 AND (f_ath_rlid=1) )  [ RunTime:0.000692s ]
SQL: SELECT * FROM `tb_ath` WHERE ( f_ath_mdid=11 AND (f_ath_rlid=1) )  [ RunTime:0.000697s ]
SQL: SELECT * FROM `tb_ath` WHERE ( f_ath_mdid=12 AND (f_ath_rlid=1) )  [ RunTime:0.000714s ]
SQL: SELECT * FROM `tb_ath` WHERE ( f_ath_mdid=13 AND (f_ath_rlid=1) )  [ RunTime:0.000704s ]
SQL: SELECT * FROM `tb_ath` WHERE ( f_ath_mdid=14 AND (f_ath_rlid=1) )  [ RunTime:0.000708s ]
SQL: SELECT * FROM `tb_ath` WHERE ( f_ath_mdid=15 AND (f_ath_rlid=1) )  [ RunTime:0.000731s ]
SQL: SELECT * FROM `tb_ath` WHERE ( f_ath_mdid=24 AND (f_ath_rlid=1) )  [ RunTime:0.000708s ]
SQL: SELECT * FROM `tb_btn` WHERE ( f_btn_usrid=1 AND btnnm='bs1' ) LIMIT 1   [ RunTime:0.000266s ]
SQL: SELECT * FROM `tb_btn` WHERE ( f_btn_usrid=1 AND btnnm='bs1' ) LIMIT 1   [ RunTime:0.000255s ]
SQL: SELECT * FROM `tb_lbmd` LEFT JOIN tb_md ON f_lbmd_mdid=mdid WHERE ( f_lbmd_lbid=2 )  [ RunTime:0.000340s ]
SQL: SELECT * FROM `tb_ath` WHERE ( f_ath_mdid=16 AND (f_ath_rlid=1) )  [ RunTime:0.000695s ]
SQL: SELECT * FROM `tb_ath` WHERE ( f_ath_mdid=17 AND (f_ath_rlid=1) )  [ RunTime:0.000694s ]
SQL: SELECT * FROM `tb_ath` WHERE ( f_ath_mdid=18 AND (f_ath_rlid=1) )  [ RunTime:0.000694s ]
SQL: SELECT * FROM `tb_ath` WHERE ( f_ath_mdid=19 AND (f_ath_rlid=1) )  [ RunTime:0.000705s ]
SQL: SELECT * FROM `tb_ath` WHERE ( f_ath_mdid=20 AND (f_ath_rlid=1) )  [ RunTime:0.000703s ]
SQL: SELECT * FROM `tb_ath` WHERE ( f_ath_mdid=21 AND (f_ath_rlid=1) )  [ RunTime:0.000855s ]
SQL: SELECT * FROM `tb_ath` WHERE ( f_ath_mdid=22 AND (f_ath_rlid=1) )  [ RunTime:0.000695s ]
SQL: SELECT * FROM `tb_ath` WHERE ( f_ath_mdid=23 AND (f_ath_rlid=1) )  [ RunTime:0.000693s ]
SQL: SELECT * FROM `tb_btn` WHERE ( f_btn_usrid=1 AND btnnm='bs2' ) LIMIT 1   [ RunTime:0.000254s ]
SQL: SELECT * FROM `tb_btn` WHERE ( f_btn_usrid=1 AND btnnm='bs2' ) LIMIT 1   [ RunTime:0.000285s ]
SQL: SELECT * FROM `tb_lbmd` LEFT JOIN tb_md ON f_lbmd_mdid=mdid WHERE ( f_lbmd_lbid=3 )  [ RunTime:0.000420s ]
SQL: SELECT * FROM `tb_ath` WHERE ( f_ath_mdid=25 AND (f_ath_rlid=1) )  [ RunTime:0.000703s ]
SQL: SELECT * FROM `tb_ath` WHERE ( f_ath_mdid=26 AND (f_ath_rlid=1) )  [ RunTime:0.000716s ]
SQL: SELECT * FROM `tb_ath` WHERE ( f_ath_mdid=27 AND (f_ath_rlid=1) )  [ RunTime:0.000705s ]
SQL: SELECT * FROM `tb_ath` WHERE ( f_ath_mdid=28 AND (f_ath_rlid=1) )  [ RunTime:0.000715s ]
SQL: SELECT * FROM `tb_ath` WHERE ( f_ath_mdid=29 AND (f_ath_rlid=1) )  [ RunTime:0.000715s ]
SQL: SELECT * FROM `tb_ath` WHERE ( f_ath_mdid=30 AND (f_ath_rlid=1) )  [ RunTime:0.001063s ]
SQL: SELECT * FROM `tb_ath` WHERE ( f_ath_mdid=31 AND (f_ath_rlid=1) )  [ RunTime:0.000741s ]
SQL: SELECT * FROM `tb_ath` WHERE ( f_ath_mdid=32 AND (f_ath_rlid=1) )  [ RunTime:0.000687s ]
SQL: SELECT * FROM `tb_ath` WHERE ( f_ath_mdid=33 AND (f_ath_rlid=1) )  [ RunTime:0.000699s ]
SQL: SELECT * FROM `tb_ath` WHERE ( f_ath_mdid=34 AND (f_ath_rlid=1) )  [ RunTime:0.000694s ]
SQL: SELECT * FROM `tb_ath` WHERE ( f_ath_mdid=35 AND (f_ath_rlid=1) )  [ RunTime:0.000702s ]
SQL: SELECT * FROM `tb_ath` WHERE ( f_ath_mdid=36 AND (f_ath_rlid=1) )  [ RunTime:0.000712s ]
SQL: SELECT * FROM `tb_ath` WHERE ( f_ath_mdid=37 AND (f_ath_rlid=1) )  [ RunTime:0.000721s ]
SQL: SELECT * FROM `tb_ath` WHERE ( f_ath_mdid=38 AND (f_ath_rlid=1) )  [ RunTime:0.000735s ]
SQL: SELECT * FROM `tb_ath` WHERE ( f_ath_mdid=39 AND (f_ath_rlid=1) )  [ RunTime:0.000735s ]
SQL: SELECT * FROM `tb_ath` WHERE ( f_ath_mdid=40 AND (f_ath_rlid=1) )  [ RunTime:0.000722s ]
SQL: SELECT * FROM `tb_ath` WHERE ( f_ath_mdid=41 AND (f_ath_rlid=1) )  [ RunTime:0.000697s ]
SQL: SELECT * FROM `tb_ath` WHERE ( f_ath_mdid=42 AND (f_ath_rlid=1) )  [ RunTime:0.000691s ]
SQL: SELECT * FROM `tb_ath` WHERE ( f_ath_mdid=43 AND (f_ath_rlid=1) )  [ RunTime:0.001491s ]
SQL: SELECT * FROM `tb_ath` WHERE ( f_ath_mdid=44 AND (f_ath_rlid=1) )  [ RunTime:0.000725s ]
SQL: SELECT * FROM `tb_ath` WHERE ( f_ath_mdid=49 AND (f_ath_rlid=1) )  [ RunTime:0.000707s ]
SQL: SELECT * FROM `tb_btn` WHERE ( f_btn_usrid=1 AND btnnm='bs3' ) LIMIT 1   [ RunTime:0.000271s ]
SQL: SELECT * FROM `tb_btn` WHERE ( f_btn_usrid=1 AND btnnm='bs3' ) LIMIT 1   [ RunTime:0.000264s ]
SQL: SELECT * FROM `tb_lbmd` LEFT JOIN tb_md ON f_lbmd_mdid=mdid WHERE ( f_lbmd_lbid=4 )  [ RunTime:0.000287s ]
SQL: SELECT * FROM `tb_ath` WHERE ( f_ath_mdid=45 AND (f_ath_rlid=1) )  [ RunTime:0.000721s ]
SQL: SELECT * FROM `tb_btn` WHERE ( f_btn_usrid=1 AND btnnm='bs4' ) LIMIT 1   [ RunTime:0.000264s ]
SQL: SELECT * FROM `tb_btn` WHERE ( f_btn_usrid=1 AND btnnm='bs4' ) LIMIT 1   [ RunTime:0.000264s ]
SQL: SELECT * FROM `tb_lbmd` LEFT JOIN tb_md ON f_lbmd_mdid=mdid WHERE ( f_lbmd_lbid=5 )  [ RunTime:0.000352s ]
SQL: SELECT * FROM `tb_ath` WHERE ( f_ath_mdid=46 AND (f_ath_rlid=1) )  [ RunTime:0.000709s ]
SQL: SELECT * FROM `tb_ath` WHERE ( f_ath_mdid=47 AND (f_ath_rlid=1) )  [ RunTime:0.000706s ]
SQL: SELECT * FROM `tb_ath` WHERE ( f_ath_mdid=48 AND (f_ath_rlid=1) )  [ RunTime:0.000786s ]
SQL: SELECT * FROM `tb_btn` WHERE ( f_btn_usrid=1 AND btnnm='bs5' ) LIMIT 1   [ RunTime:0.000286s ]
SQL: SELECT * FROM `tb_btn` WHERE ( f_btn_usrid=1 AND btnnm='bs5' ) LIMIT 1   [ RunTime:0.000261s ]
SQL: SELECT * FROM `tb_md` WHERE ( mdmk='Stt' ) LIMIT 1   [ RunTime:0.000282s ]
SQL: SELECT * FROM `tb_usr` WHERE ( usrid=1 AND usrps=1 ) LIMIT 1   [ RunTime:0.000302s ]
SQL: SELECT * FROM `tb_usrrl` WHERE ( f_usrrl_usrid=1 )  [ RunTime:0.000255s ]
SQL: SELECT * FROM `tb_ath` WHERE ( f_ath_mdid=25 AND (f_ath_rlid=1) )  [ RunTime:0.000742s ]
SQL: SELECT * FROM `tb_usr` WHERE ( usrid=1 ) LIMIT 1   [ RunTime:0.000297s ]
NOTIC: [8] Undefined index: cdt C:\wamp\www\xx\admin\Lib\Action\CwAction.class.php 第 438 行.
SQL: SHOW COLUMNS FROM `tb_grd` [ RunTime:0.003782s ]
SQL: SELECT * FROM `tb_grd` ORDER BY grdid DESC LIMIT 1   [ RunTime:0.000276s ]
SQL: SELECT * FROM `tb_grd` WHERE ( grdid=4 ) LIMIT 1   [ RunTime:0.000252s ]
SQL: SHOW COLUMNS FROM `tb_2015_cw` [ RunTime:0.003855s ]
SQL: SHOW COLUMNS FROM `tb_xn` [ RunTime:0.003535s ]
SQL: SELECT * FROM `tb_xn` WHERE ( xndq=1 ) LIMIT 1   [ RunTime:0.000282s ]
SQL: SELECT * FROM `tb_grd` WHERE ( grdid=4 ) LIMIT 1   [ RunTime:0.000365s ]
SQL: SELECT * FROM `tb_xn` WHERE ( xnid=2 ) LIMIT 1   [ RunTime:0.000281s ]
SQL: SHOW COLUMNS FROM `tb_xq` [ RunTime:0.003686s ]
SQL: SELECT * FROM `tb_xq` WHERE ( xqnm LIKE '%2015%' )  [ RunTime:0.000303s ]
SQL: SHOW COLUMNS FROM `tb_2015_sttintxq` [ RunTime:0.003348s ]
SQL: SELECT * FROM `tb_2015_sttintxq` WHERE ( f_sttintxq_sttid=1 ) LIMIT 1   [ RunTime:0.000300s ]
SQL: SELECT * FROM `tb_2015_sttintxq` WHERE ( f_sttintxq_grdid=4 AND f_sttintxq_sttid=1 ) LIMIT 1   [ RunTime:0.000268s ]
NOTIC: [2] Missing argument 8 for NBAction::NB(), called in C:\wamp\www\xx\admin\Lib\Action\CwAction.class.php on line 497 and defined C:\wamp\www\xx\admin\Lib\NB\NBAction.class.php 第 46 行.
NOTIC: [8] Undefined index: NBsqlstc C:\wamp\www\xx\admin\Lib\NB\NBAction.class.php 第 49 行.
NOTIC: [8] Undefined index: NBsqlstc C:\wamp\www\xx\admin\Lib\NB\NBAction.class.php 第 49 行.
NOTIC: [8] Undefined index: fld C:\wamp\www\xx\admin\Lib\NB\NBAction.class.php 第 139 行.
NOTIC: [8] Undefined index: fld C:\wamp\www\xx\admin\Lib\NB\NBAction.class.php 第 141 行.
NOTIC: [8] Undefined index: cdt C:\wamp\www\xx\admin\Lib\NB\NBAction.class.php 第 144 行.
NOTIC: [8] Undefined index: cdt C:\wamp\www\xx\admin\Lib\NB\NBAction.class.php 第 146 行.
NOTIC: [8] Undefined index: spccdt C:\wamp\www\xx\admin\Lib\NB\NBAction.class.php 第 149 行.
NOTIC: [8] Undefined index: spccdt C:\wamp\www\xx\admin\Lib\NB\NBAction.class.php 第 151 行.
NOTIC: [8] Undefined index: odr C:\wamp\www\xx\admin\Lib\NB\NBAction.class.php 第 154 行.
NOTIC: [8] Undefined index: odr C:\wamp\www\xx\admin\Lib\NB\NBAction.class.php 第 156 行.
NOTIC: [8] Undefined index: lmt C:\wamp\www\xx\admin\Lib\NB\NBAction.class.php 第 159 行.
NOTIC: [8] Undefined index: lmt C:\wamp\www\xx\admin\Lib\NB\NBAction.class.php 第 161 行.
NOTIC: [8] Undefined variable: odrpcd C:\wamp\www\xx\admin\Lib\NB\NBAction.class.php 第 35 行.
NOTIC: [8] Undefined variable: lsyon C:\wamp\www\xx\admin\Lib\NB\NBAction.class.php 第 182 行.
SQL: SELECT COUNT(*) AS tp_count FROM `tb_2015_cw` LEFT JOIN tb_2015_std ON f_cw_stdid=stdid inner join tb_2015_stdxqcls ON stdid=f_stdxqcls_stdid inner join tb_2015_stdxqmj ON stdid=f_stdxqmj_stdid LEFT JOIN tb_stt ON f_std_sttid=sttid LEFT JOIN tb_grd ON f_std_grdid=grdid LEFT JOIN tb_2015_mj ON f_stdxqmj_mjid=mjid LEFT JOIN tb_bxxs ON f_mj_bxxsid=bxxsid LEFT JOIN tb_cc ON f_mj_ccid=ccid LEFT JOIN tb_kl ON f_mj_klid=klid LEFT JOIN tb_xxxs ON f_mj_xxxsid=xxxsid LEFT JOIN tb_zsfw ON f_mj_zsfwid=zsfwid LEFT JOIN tb_xz ON f_mj_xzid=xzid LEFT JOIN tb_2015_cls ON f_stdxqcls_clsid=clsid LEFT JOIN tb_dm ON f_std_dmid=dmid LEFT JOIN tb_sex ON f_std_sexid=sexid LEFT JOIN tb_rc ON f_std_rcid=rcid LEFT JOIN tb_zzmm ON f_std_zzmmid=zzmmid LEFT JOIN tb_xl ON f_std_xlid=xlid LEFT JOIN tb_stat ON f_std_statid=statid LEFT JOIN tb_xq ON f_stdxqcls_xqid=xqid WHERE ( 1=1 AND f_std_grdid=4 AND f_cw_xnid=2 AND f_std_sttid=1 AND f_std_statid=5 AND f_stdxqcls_xqid=3 AND f_stdxqmj_xqid=3 ) ORDER BY f_mj_bxxsid ASC,clsid ASC,mjid ASC,stdno ASC LIMIT 1   [ RunTime:0.001645s ]
NOTIC: [8] Undefined variable: sqlstc C:\wamp\www\xx\admin\Lib\NB\NBAction.class.php 第 201 行.
SQL: SELECT `cwid`,`bxxsnm`,`sttnm`,`f_std_grdid`,`grdnm`,`f_cw_xnid`,`xnnm`,`f_stdxqcls_clsid`,`clsnm`,`stdno`,`stdnm`,`sexnm`,`dmnm`,`mjnm`,`statnm`,`cwyjxfsm`,`cwyjjckwfsm`,`cwyjzsfsm`,`cwsjsfsm`,`cwsjjckwfsm`,`cwsjzsfsm` FROM `tb_2015_cw` LEFT JOIN tb_2015_std ON f_cw_stdid=stdid inner join tb_2015_stdxqcls ON stdid=f_stdxqcls_stdid inner join tb_2015_stdxqmj ON stdid=f_stdxqmj_stdid LEFT JOIN tb_stt ON f_std_sttid=sttid LEFT JOIN tb_grd ON f_std_grdid=grdid LEFT JOIN tb_2015_mj ON f_stdxqmj_mjid=mjid LEFT JOIN tb_bxxs ON f_mj_bxxsid=bxxsid LEFT JOIN tb_cc ON f_mj_ccid=ccid LEFT JOIN tb_kl ON f_mj_klid=klid LEFT JOIN tb_xxxs ON f_mj_xxxsid=xxxsid LEFT JOIN tb_zsfw ON f_mj_zsfwid=zsfwid LEFT JOIN tb_xz ON f_mj_xzid=xzid LEFT JOIN tb_2015_cls ON f_stdxqcls_clsid=clsid LEFT JOIN tb_dm ON f_std_dmid=dmid LEFT JOIN tb_sex ON f_std_sexid=sexid LEFT JOIN tb_rc ON f_std_rcid=rcid LEFT JOIN tb_zzmm ON f_std_zzmmid=zzmmid LEFT JOIN tb_xl ON f_std_xlid=xlid LEFT JOIN tb_stat ON f_std_statid=statid LEFT JOIN tb_xq ON f_stdxqcls_xqid=xqid WHERE ( 1=1 AND f_std_grdid=4 AND f_cw_xnid=2 AND f_std_sttid=1 AND f_std_statid=5 AND f_stdxqcls_xqid=3 AND f_stdxqmj_xqid=3 ) ORDER BY f_mj_bxxsid ASC,clsid ASC,mjid ASC,stdno ASC LIMIT 0,20   [ RunTime:0.000511s ]
ERR: 1054:Unknown column 'xnnm' in 'field list'
 [ SQL语句 ] : SELECT `cwid`,`bxxsnm`,`sttnm`,`f_std_grdid`,`grdnm`,`f_cw_xnid`,`xnnm`,`f_stdxqcls_clsid`,`clsnm`,`stdno`,`stdnm`,`sexnm`,`dmnm`,`mjnm`,`statnm`,`cwyjxfsm`,`cwyjjckwfsm`,`cwyjzsfsm`,`cwsjsfsm`,`cwsjjckwfsm`,`cwsjzsfsm` FROM `tb_2015_cw` LEFT JOIN tb_2015_std ON f_cw_stdid=stdid inner join tb_2015_stdxqcls ON stdid=f_stdxqcls_stdid inner join tb_2015_stdxqmj ON stdid=f_stdxqmj_stdid LEFT JOIN tb_stt ON f_std_sttid=sttid LEFT JOIN tb_grd ON f_std_grdid=grdid LEFT JOIN tb_2015_mj ON f_stdxqmj_mjid=mjid LEFT JOIN tb_bxxs ON f_mj_bxxsid=bxxsid LEFT JOIN tb_cc ON f_mj_ccid=ccid LEFT JOIN tb_kl ON f_mj_klid=klid LEFT JOIN tb_xxxs ON f_mj_xxxsid=xxxsid LEFT JOIN tb_zsfw ON f_mj_zsfwid=zsfwid LEFT JOIN tb_xz ON f_mj_xzid=xzid LEFT JOIN tb_2015_cls ON f_stdxqcls_clsid=clsid LEFT JOIN tb_dm ON f_std_dmid=dmid LEFT JOIN tb_sex ON f_std_sexid=sexid LEFT JOIN tb_rc ON f_std_rcid=rcid LEFT JOIN tb_zzmm ON f_std_zzmmid=zzmmid LEFT JOIN tb_xl ON f_std_xlid=xlid LEFT JOIN tb_stat ON f_std_statid=statid LEFT JOIN tb_xq ON f_stdxqcls_xqid=xqid WHERE ( 1=1 AND f_std_grdid=4 AND f_cw_xnid=2 AND f_std_sttid=1 AND f_std_statid=5 AND f_stdxqcls_xqid=3 AND f_stdxqmj_xqid=3 ) ORDER BY f_mj_bxxsid ASC,clsid ASC,mjid ASC,stdno ASC LIMIT 0,20  
NOTIC: [8] Undefined variable: sqlstc C:\wamp\www\xx\admin\Lib\NB\NBAction.class.php 第 258 行.
NOTIC: [8] Undefined variable: mlsforcount C:\wamp\www\xx\admin\Lib\NB\NBAction.class.php 第 267 行.
SQL: SHOW COLUMNS FROM `tb_2015_bzr` [ RunTime:0.010872s ]
NOTIC: [2] Invalid argument supplied for foreach() C:\wamp\www\xx\admin\Lib\Action\CwAction.class.php 第 503 行.
SQL: SHOW COLUMNS FROM `tb_bxxs` [ RunTime:0.003922s ]
SQL: SELECT * FROM `tb_bxxs`  [ RunTime:0.000375s ]
SQL: SHOW COLUMNS FROM `tb_stt` [ RunTime:0.003993s ]
SQL: SELECT * FROM `tb_stt`  [ RunTime:0.000367s ]
SQL: SHOW COLUMNS FROM `tb_cc` [ RunTime:0.003663s ]
SQL: SELECT * FROM `tb_cc`  [ RunTime:0.000260s ]
SQL: SHOW COLUMNS FROM `tb_kl` [ RunTime:0.003830s ]
SQL: SELECT * FROM `tb_kl`  [ RunTime:0.000305s ]
SQL: SHOW COLUMNS FROM `tb_xxxs` [ RunTime:0.003350s ]
SQL: SELECT * FROM `tb_xxxs`  [ RunTime:0.000269s ]
SQL: SHOW COLUMNS FROM `tb_zsfw` [ RunTime:0.003426s ]
SQL: SELECT * FROM `tb_zsfw`  [ RunTime:0.000270s ]
SQL: SHOW COLUMNS FROM `tb_xz` [ RunTime:0.003593s ]
SQL: SELECT * FROM `tb_xz`  [ RunTime:0.000278s ]
SQL: SELECT * FROM `tb_grd` ORDER BY grdnm DESC  [ RunTime:0.000288s ]
SQL: SELECT * FROM `tb_xq` ORDER BY xqnm DESC  [ RunTime:0.000283s ]
SQL: SHOW COLUMNS FROM `tb_2015_cls` [ RunTime:0.003569s ]
SQL: SELECT * FROM `tb_2015_cls` LEFT JOIN tb_stt ON f_cls_sttid=sttid WHERE ( 1=1 AND f_cls_sttid=1 AND f_cls_grdid=4 ) ORDER BY clsnm ASC  [ RunTime:0.000381s ]
NOTIC: [2] array_push() expects parameter 1 to be array, null given C:\wamp\www\xx\admin\Lib\Action\CwAction.class.php 第 603 行.
SQL: SELECT * FROM `tb_xn` ORDER BY xnid DESC  [ RunTime:0.000256s ]
SQL: SHOW COLUMNS FROM `tb_dm` [ RunTime:0.004740s ]
SQL: SELECT * FROM `tb_dm`  [ RunTime:0.000326s ]
SQL: SHOW COLUMNS FROM `tb_sex` [ RunTime:0.003402s ]
SQL: SELECT * FROM `tb_sex`  [ RunTime:0.000280s ]
SQL: SHOW COLUMNS FROM `tb_rc` [ RunTime:0.003316s ]
SQL: SELECT * FROM `tb_rc`  [ RunTime:0.000378s ]
SQL: SHOW COLUMNS FROM `tb_zzmm` [ RunTime:0.003312s ]
SQL: SELECT * FROM `tb_zzmm`  [ RunTime:0.000278s ]
SQL: SHOW COLUMNS FROM `tb_xl` [ RunTime:0.003349s ]
SQL: SELECT * FROM `tb_xl`  [ RunTime:0.000273s ]
SQL: SHOW COLUMNS FROM `tb_2015_mj` [ RunTime:0.003746s ]
SQL: SELECT * FROM `tb_2015_mj` LEFT JOIN tb_bxxs ON f_mj_bxxsid=bxxsid WHERE ( 1=1 AND f_mj_grdid=4 ) ORDER BY f_mj_bxxsid ASC,mjdm ASC  [ RunTime:0.000559s ]
SQL: SHOW COLUMNS FROM `tb_stat` [ RunTime:0.003326s ]
SQL: SELECT * FROM `tb_stat`  [ RunTime:0.000280s ]
INFO: [ view_parse ] --START--
NOTIC: [8] Use of undefined constant lbid - assumed 'lbid' C:\wamp\www\xx\admin\Runtime\Cache\3ef128e7d5dbb6f431098421582521c3.php 第 147 行.
NOTIC: [8] Use of undefined constant lbid - assumed 'lbid' C:\wamp\www\xx\admin\Runtime\Cache\3ef128e7d5dbb6f431098421582521c3.php 第 147 行.
NOTIC: [8] Use of undefined constant lbid - assumed 'lbid' C:\wamp\www\xx\admin\Runtime\Cache\3ef128e7d5dbb6f431098421582521c3.php 第 147 行.
NOTIC: [8] Use of undefined constant lbid - assumed 'lbid' C:\wamp\www\xx\admin\Runtime\Cache\3ef128e7d5dbb6f431098421582521c3.php 第 147 行.
NOTIC: [8] Use of undefined constant lbid - assumed 'lbid' C:\wamp\www\xx\admin\Runtime\Cache\3ef128e7d5dbb6f431098421582521c3.php 第 147 行.
INFO: ParseTemplate Behavior ::run [ RunTime:0.114672s ]
INFO: [ view_parse ] --END-- [ RunTime:0.114848s ]
INFO: [ view_filter ] --START--
INFO: ContentReplace Behavior ::run [ RunTime:0.000905s ]
INFO: TokenBuild Behavior ::run [ RunTime:0.000785s ]
INFO: WriteHtmlCache Behavior ::run [ RunTime:0.000509s ]
INFO: ShowRuntime Behavior ::run [ RunTime:0.000789s ]
INFO: [ view_filter ] --END-- [ RunTime:0.003361s ]
INFO: [ view_end ] --START--
INFO: ShowPageTrace Behavior ::run [ RunTime:0.000798s ]
INFO: [ view_end ] --END-- [ RunTime:0.000934s ]

[ 2015-05-18T11:07:51+08:00 ] 127.0.0.1 /xx/admin.php/Cw/query
INFO: [ route_check ] --START--
INFO: CheckRoute Behavior ::run [ RunTime:0.007701s ]
INFO: [ route_check ] --END-- [ RunTime:0.007854s ]
INFO: [ app_begin ] --START--
INFO: ReadHtmlCache Behavior ::run [ RunTime:0.001117s ]
INFO: [ app_begin ] --END-- [ RunTime:0.001274s ]
SQL: SHOW COLUMNS FROM `tb_usr` [ RunTime:0.019988s ]
SQL: SELECT * FROM `tb_usr` WHERE ( usrid=1 AND usrps=1 ) LIMIT 1   [ RunTime:0.000466s ]
SQL: SELECT * FROM `tb_usr` WHERE ( usrid=1 ) LIMIT 1   [ RunTime:0.000415s ]
SQL: SHOW COLUMNS FROM `tb_md` [ RunTime:0.004872s ]
SQL: SELECT * FROM `tb_md` WHERE ( mdmk='Cw' ) LIMIT 1   [ RunTime:0.000345s ]
SQL: SELECT * FROM `tb_usr` WHERE ( usrid=1 AND usrps=1 ) LIMIT 1   [ RunTime:0.000516s ]
SQL: SHOW COLUMNS FROM `tb_usrrl` [ RunTime:0.004174s ]
SQL: SELECT * FROM `tb_usrrl` WHERE ( f_usrrl_usrid=1 )  [ RunTime:0.000272s ]
SQL: SHOW COLUMNS FROM `tb_ath` [ RunTime:0.003932s ]
SQL: SELECT * FROM `tb_ath` WHERE ( f_ath_mdid=48 AND (f_ath_rlid=1) )  [ RunTime:0.001194s ]
SQL: SELECT * FROM `tb_md` WHERE ( mdid=48 ) LIMIT 1   [ RunTime:0.000286s ]
NOTIC: [8] Undefined index: cwid C:\wamp\www\xx\admin\Lib\IDTATH\IdtathAction.class.php 第 91 行.
SQL: SELECT * FROM `tb_md` WHERE ( mdmk='Usr' ) LIMIT 1   [ RunTime:0.000382s ]
SQL: SELECT * FROM `tb_usr` WHERE ( usrid=1 AND usrps=1 ) LIMIT 1   [ RunTime:0.000425s ]
SQL: SELECT * FROM `tb_usrrl` WHERE ( f_usrrl_usrid=1 )  [ RunTime:0.000359s ]
SQL: SELECT * FROM `tb_ath` WHERE ( f_ath_mdid=2 AND (f_ath_rlid=1) )  [ RunTime:0.000817s ]
SQL: SELECT COUNT(*) AS tp_count FROM `tb_usr` WHERE ( usrvw=0 ) LIMIT 1   [ RunTime:0.000370s ]
SQL: SELECT * FROM `tb_md` WHERE ( mdmk='Cstmusr' ) LIMIT 1   [ RunTime:0.000313s ]
SQL: SELECT * FROM `tb_usr` WHERE ( usrid=1 AND usrps=1 ) LIMIT 1   [ RunTime:0.000365s ]
SQL: SELECT * FROM `tb_usrrl` WHERE ( f_usrrl_usrid=1 )  [ RunTime:0.000327s ]
SQL: SELECT * FROM `tb_ath` WHERE ( f_ath_mdid=16 AND (f_ath_rlid=1) )  [ RunTime:0.001143s ]
SQL: SHOW COLUMNS FROM `tb_cstmusr` [ RunTime:0.005162s ]
SQL: SELECT COUNT(*) AS tp_count FROM `tb_cstmusr` WHERE ( cstmusrvw=0 ) LIMIT 1   [ RunTime:0.000351s ]
SQL: SELECT * FROM `tb_md` WHERE ( mdmk='Atc' ) LIMIT 1   [ RunTime:0.000277s ]
SQL: SELECT * FROM `tb_usr` WHERE ( usrid=1 AND usrps=1 ) LIMIT 1   [ RunTime:0.000314s ]
SQL: SELECT * FROM `tb_usrrl` WHERE ( f_usrrl_usrid=1 )  [ RunTime:0.000263s ]
SQL: SELECT * FROM `tb_ath` WHERE ( f_ath_mdid=6 AND (f_ath_rlid=1) )  [ RunTime:0.000708s ]
SQL: SHOW COLUMNS FROM `tb_atc` [ RunTime:0.004089s ]
SQL: SELECT COUNT(*) AS tp_count FROM `tb_atc` WHERE ( atcvw=0 ) LIMIT 1   [ RunTime:0.000309s ]
NOTIC: [8] Undefined variable: ntfstrusr C:\wamp\www\xx\admin\Lib\NTF\NTFAction.class.php 第 52 行.
NOTIC: [8] Undefined variable: ntfstratc C:\wamp\www\xx\admin\Lib\NTF\NTFAction.class.php 第 52 行.
NOTIC: [8] Undefined variable: ntfstrcstmusr C:\wamp\www\xx\admin\Lib\NTF\NTFAction.class.php 第 52 行.
SQL: SHOW COLUMNS FROM `tb_btn` [ RunTime:0.004199s ]
SQL: SELECT * FROM `tb_btn` WHERE ( f_btn_usrid=1 AND btnnm='lft' ) LIMIT 1   [ RunTime:0.000364s ]
SQL: SELECT * FROM `tb_btn` WHERE ( f_btn_usrid=1 AND btnnm='lft' ) LIMIT 1   [ RunTime:0.000356s ]
SQL: SELECT * FROM `tb_usrrl` WHERE ( f_usrrl_usrid=1 )  [ RunTime:0.000324s ]
SQL: SHOW COLUMNS FROM `tb_lb` [ RunTime:0.003628s ]
SQL: SHOW COLUMNS FROM `tb_lbmd` [ RunTime:0.003514s ]
SQL: SELECT * FROM `tb_lb`  [ RunTime:0.000343s ]
SQL: SELECT * FROM `tb_lbmd` LEFT JOIN tb_md ON f_lbmd_mdid=mdid WHERE ( f_lbmd_lbid=1 )  [ RunTime:0.000498s ]
SQL: SELECT * FROM `tb_ath` WHERE ( f_ath_mdid=1 AND (f_ath_rlid=1) )  [ RunTime:0.000792s ]
SQL: SELECT * FROM `tb_ath` WHERE ( f_ath_mdid=2 AND (f_ath_rlid=1) )  [ RunTime:0.000713s ]
SQL: SELECT * FROM `tb_ath` WHERE ( f_ath_mdid=3 AND (f_ath_rlid=1) )  [ RunTime:0.000970s ]
SQL: SELECT * FROM `tb_ath` WHERE ( f_ath_mdid=4 AND (f_ath_rlid=1) )  [ RunTime:0.000739s ]
SQL: SELECT * FROM `tb_ath` WHERE ( f_ath_mdid=5 AND (f_ath_rlid=1) )  [ RunTime:0.000711s ]
SQL: SELECT * FROM `tb_ath` WHERE ( f_ath_mdid=6 AND (f_ath_rlid=1) )  [ RunTime:0.000696s ]
SQL: SELECT * FROM `tb_ath` WHERE ( f_ath_mdid=7 AND (f_ath_rlid=1) )  [ RunTime:0.000701s ]
SQL: SELECT * FROM `tb_ath` WHERE ( f_ath_mdid=8 AND (f_ath_rlid=1) )  [ RunTime:0.000700s ]
SQL: SELECT * FROM `tb_ath` WHERE ( f_ath_mdid=9 AND (f_ath_rlid=1) )  [ RunTime:0.000693s ]
SQL: SELECT * FROM `tb_ath` WHERE ( f_ath_mdid=11 AND (f_ath_rlid=1) )  [ RunTime:0.000700s ]
SQL: SELECT * FROM `tb_ath` WHERE ( f_ath_mdid=12 AND (f_ath_rlid=1) )  [ RunTime:0.000690s ]
SQL: SELECT * FROM `tb_ath` WHERE ( f_ath_mdid=13 AND (f_ath_rlid=1) )  [ RunTime:0.000697s ]
SQL: SELECT * FROM `tb_ath` WHERE ( f_ath_mdid=14 AND (f_ath_rlid=1) )  [ RunTime:0.000697s ]
SQL: SELECT * FROM `tb_ath` WHERE ( f_ath_mdid=15 AND (f_ath_rlid=1) )  [ RunTime:0.000692s ]
SQL: SELECT * FROM `tb_ath` WHERE ( f_ath_mdid=24 AND (f_ath_rlid=1) )  [ RunTime:0.000695s ]
SQL: SELECT * FROM `tb_btn` WHERE ( f_btn_usrid=1 AND btnnm='bs1' ) LIMIT 1   [ RunTime:0.000259s ]
SQL: SELECT * FROM `tb_btn` WHERE ( f_btn_usrid=1 AND btnnm='bs1' ) LIMIT 1   [ RunTime:0.000250s ]
SQL: SELECT * FROM `tb_lbmd` LEFT JOIN tb_md ON f_lbmd_mdid=mdid WHERE ( f_lbmd_lbid=2 )  [ RunTime:0.000486s ]
SQL: SELECT * FROM `tb_ath` WHERE ( f_ath_mdid=16 AND (f_ath_rlid=1) )  [ RunTime:0.000704s ]
SQL: SELECT * FROM `tb_ath` WHERE ( f_ath_mdid=17 AND (f_ath_rlid=1) )  [ RunTime:0.000710s ]
SQL: SELECT * FROM `tb_ath` WHERE ( f_ath_mdid=18 AND (f_ath_rlid=1) )  [ RunTime:0.000704s ]
SQL: SELECT * FROM `tb_ath` WHERE ( f_ath_mdid=19 AND (f_ath_rlid=1) )  [ RunTime:0.000709s ]
SQL: SELECT * FROM `tb_ath` WHERE ( f_ath_mdid=20 AND (f_ath_rlid=1) )  [ RunTime:0.000695s ]
SQL: SELECT * FROM `tb_ath` WHERE ( f_ath_mdid=21 AND (f_ath_rlid=1) )  [ RunTime:0.000697s ]
SQL: SELECT * FROM `tb_ath` WHERE ( f_ath_mdid=22 AND (f_ath_rlid=1) )  [ RunTime:0.000688s ]
SQL: SELECT * FROM `tb_ath` WHERE ( f_ath_mdid=23 AND (f_ath_rlid=1) )  [ RunTime:0.000694s ]
SQL: SELECT * FROM `tb_btn` WHERE ( f_btn_usrid=1 AND btnnm='bs2' ) LIMIT 1   [ RunTime:0.000258s ]
SQL: SELECT * FROM `tb_btn` WHERE ( f_btn_usrid=1 AND btnnm='bs2' ) LIMIT 1   [ RunTime:0.000255s ]
SQL: SELECT * FROM `tb_lbmd` LEFT JOIN tb_md ON f_lbmd_mdid=mdid WHERE ( f_lbmd_lbid=3 )  [ RunTime:0.000416s ]
SQL: SELECT * FROM `tb_ath` WHERE ( f_ath_mdid=25 AND (f_ath_rlid=1) )  [ RunTime:0.000694s ]
SQL: SELECT * FROM `tb_ath` WHERE ( f_ath_mdid=26 AND (f_ath_rlid=1) )  [ RunTime:0.000700s ]
SQL: SELECT * FROM `tb_ath` WHERE ( f_ath_mdid=27 AND (f_ath_rlid=1) )  [ RunTime:0.000691s ]
SQL: SELECT * FROM `tb_ath` WHERE ( f_ath_mdid=28 AND (f_ath_rlid=1) )  [ RunTime:0.000697s ]
SQL: SELECT * FROM `tb_ath` WHERE ( f_ath_mdid=29 AND (f_ath_rlid=1) )  [ RunTime:0.001062s ]
SQL: SELECT * FROM `tb_ath` WHERE ( f_ath_mdid=30 AND (f_ath_rlid=1) )  [ RunTime:0.000725s ]
SQL: SELECT * FROM `tb_ath` WHERE ( f_ath_mdid=31 AND (f_ath_rlid=1) )  [ RunTime:0.000823s ]
SQL: SELECT * FROM `tb_ath` WHERE ( f_ath_mdid=32 AND (f_ath_rlid=1) )  [ RunTime:0.000702s ]
SQL: SELECT * FROM `tb_ath` WHERE ( f_ath_mdid=33 AND (f_ath_rlid=1) )  [ RunTime:0.000700s ]
SQL: SELECT * FROM `tb_ath` WHERE ( f_ath_mdid=34 AND (f_ath_rlid=1) )  [ RunTime:0.000690s ]
SQL: SELECT * FROM `tb_ath` WHERE ( f_ath_mdid=35 AND (f_ath_rlid=1) )  [ RunTime:0.000692s ]
SQL: SELECT * FROM `tb_ath` WHERE ( f_ath_mdid=36 AND (f_ath_rlid=1) )  [ RunTime:0.000689s ]
SQL: SELECT * FROM `tb_ath` WHERE ( f_ath_mdid=37 AND (f_ath_rlid=1) )  [ RunTime:0.000687s ]
SQL: SELECT * FROM `tb_ath` WHERE ( f_ath_mdid=38 AND (f_ath_rlid=1) )  [ RunTime:0.000693s ]
SQL: SELECT * FROM `tb_ath` WHERE ( f_ath_mdid=39 AND (f_ath_rlid=1) )  [ RunTime:0.000687s ]
SQL: SELECT * FROM `tb_ath` WHERE ( f_ath_mdid=40 AND (f_ath_rlid=1) )  [ RunTime:0.000692s ]
SQL: SELECT * FROM `tb_ath` WHERE ( f_ath_mdid=41 AND (f_ath_rlid=1) )  [ RunTime:0.000693s ]
SQL: SELECT * FROM `tb_ath` WHERE ( f_ath_mdid=42 AND (f_ath_rlid=1) )  [ RunTime:0.000684s ]
SQL: SELECT * FROM `tb_ath` WHERE ( f_ath_mdid=43 AND (f_ath_rlid=1) )  [ RunTime:0.001148s ]
SQL: SELECT * FROM `tb_ath` WHERE ( f_ath_mdid=44 AND (f_ath_rlid=1) )  [ RunTime:0.000717s ]
SQL: SELECT * FROM `tb_ath` WHERE ( f_ath_mdid=49 AND (f_ath_rlid=1) )  [ RunTime:0.000721s ]
SQL: SELECT * FROM `tb_btn` WHERE ( f_btn_usrid=1 AND btnnm='bs3' ) LIMIT 1   [ RunTime:0.000282s ]
SQL: SELECT * FROM `tb_btn` WHERE ( f_btn_usrid=1 AND btnnm='bs3' ) LIMIT 1   [ RunTime:0.000260s ]
SQL: SELECT * FROM `tb_lbmd` LEFT JOIN tb_md ON f_lbmd_mdid=mdid WHERE ( f_lbmd_lbid=4 )  [ RunTime:0.000304s ]
SQL: SELECT * FROM `tb_ath` WHERE ( f_ath_mdid=45 AND (f_ath_rlid=1) )  [ RunTime:0.000700s ]
SQL: SELECT * FROM `tb_btn` WHERE ( f_btn_usrid=1 AND btnnm='bs4' ) LIMIT 1   [ RunTime:0.000267s ]
SQL: SELECT * FROM `tb_btn` WHERE ( f_btn_usrid=1 AND btnnm='bs4' ) LIMIT 1   [ RunTime:0.000261s ]
SQL: SELECT * FROM `tb_lbmd` LEFT JOIN tb_md ON f_lbmd_mdid=mdid WHERE ( f_lbmd_lbid=5 )  [ RunTime:0.000299s ]
SQL: SELECT * FROM `tb_ath` WHERE ( f_ath_mdid=46 AND (f_ath_rlid=1) )  [ RunTime:0.000698s ]
SQL: SELECT * FROM `tb_ath` WHERE ( f_ath_mdid=47 AND (f_ath_rlid=1) )  [ RunTime:0.000698s ]
SQL: SELECT * FROM `tb_ath` WHERE ( f_ath_mdid=48 AND (f_ath_rlid=1) )  [ RunTime:0.000691s ]
SQL: SELECT * FROM `tb_btn` WHERE ( f_btn_usrid=1 AND btnnm='bs5' ) LIMIT 1   [ RunTime:0.000266s ]
SQL: SELECT * FROM `tb_btn` WHERE ( f_btn_usrid=1 AND btnnm='bs5' ) LIMIT 1   [ RunTime:0.000264s ]
SQL: SELECT * FROM `tb_md` WHERE ( mdmk='Stt' ) LIMIT 1   [ RunTime:0.000265s ]
SQL: SELECT * FROM `tb_usr` WHERE ( usrid=1 AND usrps=1 ) LIMIT 1   [ RunTime:0.000298s ]
SQL: SELECT * FROM `tb_usrrl` WHERE ( f_usrrl_usrid=1 )  [ RunTime:0.000245s ]
SQL: SELECT * FROM `tb_ath` WHERE ( f_ath_mdid=25 AND (f_ath_rlid=1) )  [ RunTime:0.000861s ]
SQL: SELECT * FROM `tb_usr` WHERE ( usrid=1 ) LIMIT 1   [ RunTime:0.000310s ]
NOTIC: [8] Undefined index: cdt C:\wamp\www\xx\admin\Lib\Action\CwAction.class.php 第 438 行.
SQL: SHOW COLUMNS FROM `tb_grd` [ RunTime:0.003623s ]
SQL: SELECT * FROM `tb_grd` ORDER BY grdid DESC LIMIT 1   [ RunTime:0.000264s ]
SQL: SELECT * FROM `tb_grd` WHERE ( grdid=4 ) LIMIT 1   [ RunTime:0.000249s ]
SQL: SHOW COLUMNS FROM `tb_2015_cw` [ RunTime:0.003644s ]
SQL: SHOW COLUMNS FROM `tb_xn` [ RunTime:0.003311s ]
SQL: SELECT * FROM `tb_xn` WHERE ( xndq=1 ) LIMIT 1   [ RunTime:0.000279s ]
SQL: SELECT * FROM `tb_grd` WHERE ( grdid=4 ) LIMIT 1   [ RunTime:0.000406s ]
SQL: SELECT * FROM `tb_xn` WHERE ( xnid=2 ) LIMIT 1   [ RunTime:0.000334s ]
SQL: SHOW COLUMNS FROM `tb_xq` [ RunTime:0.003781s ]
SQL: SELECT * FROM `tb_xq` WHERE ( xqnm LIKE '%2015%' )  [ RunTime:0.000346s ]
SQL: SHOW COLUMNS FROM `tb_2015_sttintxq` [ RunTime:0.003444s ]
SQL: SELECT * FROM `tb_2015_sttintxq` WHERE ( f_sttintxq_sttid=1 ) LIMIT 1   [ RunTime:0.000299s ]
SQL: SELECT * FROM `tb_2015_sttintxq` WHERE ( f_sttintxq_grdid=4 AND f_sttintxq_sttid=1 ) LIMIT 1   [ RunTime:0.000273s ]
NOTIC: [2] Missing argument 8 for NBAction::NB(), called in C:\wamp\www\xx\admin\Lib\Action\CwAction.class.php on line 497 and defined C:\wamp\www\xx\admin\Lib\NB\NBAction.class.php 第 46 行.
NOTIC: [8] Undefined index: NBsqlstc C:\wamp\www\xx\admin\Lib\NB\NBAction.class.php 第 49 行.
NOTIC: [8] Undefined index: NBsqlstc C:\wamp\www\xx\admin\Lib\NB\NBAction.class.php 第 49 行.
NOTIC: [8] Undefined index: fld C:\wamp\www\xx\admin\Lib\NB\NBAction.class.php 第 139 行.
NOTIC: [8] Undefined index: fld C:\wamp\www\xx\admin\Lib\NB\NBAction.class.php 第 141 行.
NOTIC: [8] Undefined index: cdt C:\wamp\www\xx\admin\Lib\NB\NBAction.class.php 第 144 行.
NOTIC: [8] Undefined index: cdt C:\wamp\www\xx\admin\Lib\NB\NBAction.class.php 第 146 行.
NOTIC: [8] Undefined index: spccdt C:\wamp\www\xx\admin\Lib\NB\NBAction.class.php 第 149 行.
NOTIC: [8] Undefined index: spccdt C:\wamp\www\xx\admin\Lib\NB\NBAction.class.php 第 151 行.
NOTIC: [8] Undefined index: odr C:\wamp\www\xx\admin\Lib\NB\NBAction.class.php 第 154 行.
NOTIC: [8] Undefined index: odr C:\wamp\www\xx\admin\Lib\NB\NBAction.class.php 第 156 行.
NOTIC: [8] Undefined index: lmt C:\wamp\www\xx\admin\Lib\NB\NBAction.class.php 第 159 行.
NOTIC: [8] Undefined index: lmt C:\wamp\www\xx\admin\Lib\NB\NBAction.class.php 第 161 行.
NOTIC: [8] Undefined variable: odrpcd C:\wamp\www\xx\admin\Lib\NB\NBAction.class.php 第 35 行.
NOTIC: [8] Undefined variable: lsyon C:\wamp\www\xx\admin\Lib\NB\NBAction.class.php 第 182 行.
SQL: SELECT COUNT(*) AS tp_count FROM `tb_2015_cw` LEFT JOIN tb_2015_std ON f_cw_stdid=stdid inner join tb_2015_stdxqcls ON stdid=f_stdxqcls_stdid inner join tb_2015_stdxqmj ON stdid=f_stdxqmj_stdid LEFT JOIN tb_stt ON f_std_sttid=sttid LEFT JOIN tb_grd ON f_std_grdid=grdid LEFT JOIN tb_2015_mj ON f_stdxqmj_mjid=mjid LEFT JOIN tb_bxxs ON f_mj_bxxsid=bxxsid LEFT JOIN tb_cc ON f_mj_ccid=ccid LEFT JOIN tb_kl ON f_mj_klid=klid LEFT JOIN tb_xxxs ON f_mj_xxxsid=xxxsid LEFT JOIN tb_zsfw ON f_mj_zsfwid=zsfwid LEFT JOIN tb_xz ON f_mj_xzid=xzid LEFT JOIN tb_2015_cls ON f_stdxqcls_clsid=clsid LEFT JOIN tb_dm ON f_std_dmid=dmid LEFT JOIN tb_sex ON f_std_sexid=sexid LEFT JOIN tb_rc ON f_std_rcid=rcid LEFT JOIN tb_zzmm ON f_std_zzmmid=zzmmid LEFT JOIN tb_xl ON f_std_xlid=xlid LEFT JOIN tb_stat ON f_std_statid=statid LEFT JOIN tb_xq ON f_stdxqcls_xqid=xqid WHERE ( 1=1 AND f_std_grdid=4 AND f_cw_xnid=2 AND f_std_sttid=1 AND f_std_statid=5 AND f_stdxqcls_xqid=3 AND f_stdxqmj_xqid=3 ) ORDER BY f_mj_bxxsid ASC,clsid ASC,mjid ASC,stdno ASC LIMIT 1   [ RunTime:0.001671s ]
NOTIC: [8] Undefined variable: sqlstc C:\wamp\www\xx\admin\Lib\NB\NBAction.class.php 第 201 行.
SQL: SELECT `cwid`,`bxxsnm`,`sttnm`,`f_std_grdid`,`grdnm`,`f_cw_xnid`,`xnnm`,`f_stdxqcls_clsid`,`clsnm`,`stdno`,`stdnm`,`sexnm`,`dmnm`,`mjnm`,`statnm`,`cwyjxfsm`,`cwyjjckwfsm`,`cwyjzsfsm`,`cwsjsfsm`,`cwsjjckwfsm`,`cwsjzsfsm` FROM `tb_2015_cw` LEFT JOIN tb_2015_std ON f_cw_stdid=stdid inner join tb_2015_stdxqcls ON stdid=f_stdxqcls_stdid inner join tb_2015_stdxqmj ON stdid=f_stdxqmj_stdid LEFT JOIN tb_stt ON f_std_sttid=sttid LEFT JOIN tb_grd ON f_std_grdid=grdid LEFT JOIN tb_2015_mj ON f_stdxqmj_mjid=mjid LEFT JOIN tb_bxxs ON f_mj_bxxsid=bxxsid LEFT JOIN tb_cc ON f_mj_ccid=ccid LEFT JOIN tb_kl ON f_mj_klid=klid LEFT JOIN tb_xxxs ON f_mj_xxxsid=xxxsid LEFT JOIN tb_zsfw ON f_mj_zsfwid=zsfwid LEFT JOIN tb_xz ON f_mj_xzid=xzid LEFT JOIN tb_2015_cls ON f_stdxqcls_clsid=clsid LEFT JOIN tb_dm ON f_std_dmid=dmid LEFT JOIN tb_sex ON f_std_sexid=sexid LEFT JOIN tb_rc ON f_std_rcid=rcid LEFT JOIN tb_zzmm ON f_std_zzmmid=zzmmid LEFT JOIN tb_xl ON f_std_xlid=xlid LEFT JOIN tb_stat ON f_std_statid=statid LEFT JOIN tb_xq ON f_stdxqcls_xqid=xqid WHERE ( 1=1 AND f_std_grdid=4 AND f_cw_xnid=2 AND f_std_sttid=1 AND f_std_statid=5 AND f_stdxqcls_xqid=3 AND f_stdxqmj_xqid=3 ) ORDER BY f_mj_bxxsid ASC,clsid ASC,mjid ASC,stdno ASC LIMIT 0,20   [ RunTime:0.000512s ]
ERR: 1054:Unknown column 'xnnm' in 'field list'
 [ SQL语句 ] : SELECT `cwid`,`bxxsnm`,`sttnm`,`f_std_grdid`,`grdnm`,`f_cw_xnid`,`xnnm`,`f_stdxqcls_clsid`,`clsnm`,`stdno`,`stdnm`,`sexnm`,`dmnm`,`mjnm`,`statnm`,`cwyjxfsm`,`cwyjjckwfsm`,`cwyjzsfsm`,`cwsjsfsm`,`cwsjjckwfsm`,`cwsjzsfsm` FROM `tb_2015_cw` LEFT JOIN tb_2015_std ON f_cw_stdid=stdid inner join tb_2015_stdxqcls ON stdid=f_stdxqcls_stdid inner join tb_2015_stdxqmj ON stdid=f_stdxqmj_stdid LEFT JOIN tb_stt ON f_std_sttid=sttid LEFT JOIN tb_grd ON f_std_grdid=grdid LEFT JOIN tb_2015_mj ON f_stdxqmj_mjid=mjid LEFT JOIN tb_bxxs ON f_mj_bxxsid=bxxsid LEFT JOIN tb_cc ON f_mj_ccid=ccid LEFT JOIN tb_kl ON f_mj_klid=klid LEFT JOIN tb_xxxs ON f_mj_xxxsid=xxxsid LEFT JOIN tb_zsfw ON f_mj_zsfwid=zsfwid LEFT JOIN tb_xz ON f_mj_xzid=xzid LEFT JOIN tb_2015_cls ON f_stdxqcls_clsid=clsid LEFT JOIN tb_dm ON f_std_dmid=dmid LEFT JOIN tb_sex ON f_std_sexid=sexid LEFT JOIN tb_rc ON f_std_rcid=rcid LEFT JOIN tb_zzmm ON f_std_zzmmid=zzmmid LEFT JOIN tb_xl ON f_std_xlid=xlid LEFT JOIN tb_stat ON f_std_statid=statid LEFT JOIN tb_xq ON f_stdxqcls_xqid=xqid WHERE ( 1=1 AND f_std_grdid=4 AND f_cw_xnid=2 AND f_std_sttid=1 AND f_std_statid=5 AND f_stdxqcls_xqid=3 AND f_stdxqmj_xqid=3 ) ORDER BY f_mj_bxxsid ASC,clsid ASC,mjid ASC,stdno ASC LIMIT 0,20  
NOTIC: [8] Undefined variable: sqlstc C:\wamp\www\xx\admin\Lib\NB\NBAction.class.php 第 258 行.
NOTIC: [8] Undefined variable: mlsforcount C:\wamp\www\xx\admin\Lib\NB\NBAction.class.php 第 267 行.
SQL: SHOW COLUMNS FROM `tb_2015_bzr` [ RunTime:0.003811s ]
NOTIC: [2] Invalid argument supplied for foreach() C:\wamp\www\xx\admin\Lib\Action\CwAction.class.php 第 503 行.
SQL: SHOW COLUMNS FROM `tb_bxxs` [ RunTime:0.003377s ]
SQL: SELECT * FROM `tb_bxxs`  [ RunTime:0.000330s ]
SQL: SHOW COLUMNS FROM `tb_stt` [ RunTime:0.004258s ]
SQL: SELECT * FROM `tb_stt`  [ RunTime:0.000331s ]
SQL: SHOW COLUMNS FROM `tb_cc` [ RunTime:0.003388s ]
SQL: SELECT * FROM `tb_cc`  [ RunTime:0.000274s ]
SQL: SHOW COLUMNS FROM `tb_kl` [ RunTime:0.003279s ]
SQL: SELECT * FROM `tb_kl`  [ RunTime:0.000275s ]
SQL: SHOW COLUMNS FROM `tb_xxxs` [ RunTime:0.003511s ]
SQL: SELECT * FROM `tb_xxxs`  [ RunTime:0.000305s ]
SQL: SHOW COLUMNS FROM `tb_zsfw` [ RunTime:0.003415s ]
SQL: SELECT * FROM `tb_zsfw`  [ RunTime:0.000270s ]
SQL: SHOW COLUMNS FROM `tb_xz` [ RunTime:0.003197s ]
SQL: SELECT * FROM `tb_xz`  [ RunTime:0.000253s ]
SQL: SELECT * FROM `tb_grd` ORDER BY grdnm DESC  [ RunTime:0.000281s ]
SQL: SELECT * FROM `tb_xq` ORDER BY xqnm DESC  [ RunTime:0.000272s ]
SQL: SHOW COLUMNS FROM `tb_2015_cls` [ RunTime:0.003399s ]
SQL: SELECT * FROM `tb_2015_cls` LEFT JOIN tb_stt ON f_cls_sttid=sttid WHERE ( 1=1 AND f_cls_sttid=1 AND f_cls_grdid=4 ) ORDER BY clsnm ASC  [ RunTime:0.000432s ]
NOTIC: [2] array_push() expects parameter 1 to be array, null given C:\wamp\www\xx\admin\Lib\Action\CwAction.class.php 第 603 行.
SQL: SELECT * FROM `tb_xn` ORDER BY xnid DESC  [ RunTime:0.000235s ]
SQL: SHOW COLUMNS FROM `tb_dm` [ RunTime:0.003425s ]
SQL: SELECT * FROM `tb_dm`  [ RunTime:0.000276s ]
SQL: SHOW COLUMNS FROM `tb_sex` [ RunTime:0.003275s ]
SQL: SELECT * FROM `tb_sex`  [ RunTime:0.000251s ]
SQL: SHOW COLUMNS FROM `tb_rc` [ RunTime:0.003254s ]
SQL: SELECT * FROM `tb_rc`  [ RunTime:0.000377s ]
SQL: SHOW COLUMNS FROM `tb_zzmm` [ RunTime:0.003529s ]
SQL: SELECT * FROM `tb_zzmm`  [ RunTime:0.000282s ]
SQL: SHOW COLUMNS FROM `tb_xl` [ RunTime:0.003311s ]
SQL: SELECT * FROM `tb_xl`  [ RunTime:0.000256s ]
SQL: SHOW COLUMNS FROM `tb_2015_mj` [ RunTime:0.003646s ]
SQL: SELECT * FROM `tb_2015_mj` LEFT JOIN tb_bxxs ON f_mj_bxxsid=bxxsid WHERE ( 1=1 AND f_mj_grdid=4 ) ORDER BY f_mj_bxxsid ASC,mjdm ASC  [ RunTime:0.000551s ]
SQL: SHOW COLUMNS FROM `tb_stat` [ RunTime:0.003817s ]
SQL: SELECT * FROM `tb_stat`  [ RunTime:0.000342s ]
INFO: [ view_parse ] --START--
NOTIC: [8] Use of undefined constant lbid - assumed 'lbid' C:\wamp\www\xx\admin\Runtime\Cache\3ef128e7d5dbb6f431098421582521c3.php 第 147 行.
NOTIC: [8] Use of undefined constant lbid - assumed 'lbid' C:\wamp\www\xx\admin\Runtime\Cache\3ef128e7d5dbb6f431098421582521c3.php 第 147 行.
NOTIC: [8] Use of undefined constant lbid - assumed 'lbid' C:\wamp\www\xx\admin\Runtime\Cache\3ef128e7d5dbb6f431098421582521c3.php 第 147 行.
NOTIC: [8] Use of undefined constant lbid - assumed 'lbid' C:\wamp\www\xx\admin\Runtime\Cache\3ef128e7d5dbb6f431098421582521c3.php 第 147 行.
NOTIC: [8] Use of undefined constant lbid - assumed 'lbid' C:\wamp\www\xx\admin\Runtime\Cache\3ef128e7d5dbb6f431098421582521c3.php 第 147 行.
INFO: ParseTemplate Behavior ::run [ RunTime:0.158953s ]
INFO: [ view_parse ] --END-- [ RunTime:0.159097s ]
INFO: [ view_filter ] --START--
INFO: ContentReplace Behavior ::run [ RunTime:0.007621s ]
INFO: TokenBuild Behavior ::run [ RunTime:0.008923s ]
INFO: WriteHtmlCache Behavior ::run [ RunTime:0.002307s ]
INFO: ShowRuntime Behavior ::run [ RunTime:0.008649s ]
INFO: [ view_filter ] --END-- [ RunTime:0.027882s ]
INFO: [ view_end ] --START--
INFO: ShowPageTrace Behavior ::run [ RunTime:0.006766s ]
INFO: [ view_end ] --END-- [ RunTime:0.006897s ]

