[ 2015-09-27T03:43:59+08:00 ] 66.249.79.208 /xx/admin.php
INFO: [ app_begin ] --START--
INFO: ReadHtmlCache Behavior ::run [ RunTime:0.008592s ]
INFO: [ app_begin ] --END-- [ RunTime:0.008818s ]
INFO: [ view_parse ] --START--
INFO: ParseTemplate Behavior ::run [ RunTime:0.059376s ]
INFO: [ view_parse ] --END-- [ RunTime:0.059583s ]
INFO: [ view_filter ] --START--
INFO: ContentReplace Behavior ::run [ RunTime:0.007417s ]
INFO: TokenBuild Behavior ::run [ RunTime:0.007501s ]
INFO: WriteHtmlCache Behavior ::run [ RunTime:0.006962s ]
INFO: ShowRuntime Behavior ::run [ RunTime:0.007220s ]
INFO: [ view_filter ] --END-- [ RunTime:0.029433s ]
INFO: [ view_end ] --START--
INFO: ShowPageTrace Behavior ::run [ RunTime:0.007578s ]
INFO: [ view_end ] --END-- [ RunTime:0.007693s ]

[ 2015-09-27T05:21:58+08:00 ] 66.249.79.193 /xx/admin.php
INFO: [ app_begin ] --START--
INFO: ReadHtmlCache Behavior ::run [ RunTime:0.007465s ]
INFO: [ app_begin ] --END-- [ RunTime:0.007621s ]
INFO: [ view_parse ] --START--
INFO: ParseTemplate Behavior ::run [ RunTime:0.060352s ]
INFO: [ view_parse ] --END-- [ RunTime:0.060507s ]
INFO: [ view_filter ] --START--
INFO: ContentReplace Behavior ::run [ RunTime:0.007152s ]
INFO: TokenBuild Behavior ::run [ RunTime:0.003945s ]
INFO: WriteHtmlCache Behavior ::run [ RunTime:0.022838s ]
INFO: ShowRuntime Behavior ::run [ RunTime:0.007225s ]
INFO: [ view_filter ] --END-- [ RunTime:0.041500s ]
INFO: [ view_end ] --START--
INFO: ShowPageTrace Behavior ::run [ RunTime:0.007511s ]
INFO: [ view_end ] --END-- [ RunTime:0.007628s ]

[ 2015-09-27T10:05:58+08:00 ] 68.180.228.176 /xx/admin.php
INFO: [ app_begin ] --START--
INFO: ReadHtmlCache Behavior ::run [ RunTime:0.008335s ]
INFO: [ app_begin ] --END-- [ RunTime:0.008519s ]
INFO: [ view_parse ] --START--
INFO: ParseTemplate Behavior ::run [ RunTime:0.062308s ]
INFO: [ view_parse ] --END-- [ RunTime:0.062484s ]
INFO: [ view_filter ] --START--
INFO: ContentReplace Behavior ::run [ RunTime:0.007178s ]
INFO: TokenBuild Behavior ::run [ RunTime:0.003983s ]
INFO: WriteHtmlCache Behavior ::run [ RunTime:0.006953s ]
INFO: ShowRuntime Behavior ::run [ RunTime:0.007263s ]
INFO: [ view_filter ] --END-- [ RunTime:0.025698s ]
INFO: [ view_end ] --START--
INFO: ShowPageTrace Behavior ::run [ RunTime:0.007514s ]
INFO: [ view_end ] --END-- [ RunTime:0.007632s ]

