[ 2015-02-08T22:53:33+08:00 ] 127.0.0.1 /geek/admin.php/
INFO: [ route_check ] --START--
INFO: CheckRoute Behavior ::run [ RunTime:0.010691s ]
INFO: [ route_check ] --END-- [ RunTime:0.010850s ]
INFO: [ app_begin ] --START--
INFO: ReadHtmlCache Behavior ::run [ RunTime:0.000725s ]
INFO: [ app_begin ] --END-- [ RunTime:0.000855s ]
INFO: [ view_parse ] --START--
INFO: ParseTemplate Behavior ::run [ RunTime:0.027354s ]
INFO: [ view_parse ] --END-- [ RunTime:0.027559s ]
INFO: [ view_filter ] --START--
INFO: ContentReplace Behavior ::run [ RunTime:0.000624s ]
INFO: TokenBuild Behavior ::run [ RunTime:0.000553s ]
INFO: WriteHtmlCache Behavior ::run [ RunTime:0.000384s ]
INFO: ShowRuntime Behavior ::run [ RunTime:0.000651s ]
INFO: [ view_filter ] --END-- [ RunTime:0.002550s ]
INFO: [ view_end ] --START--
INFO: ShowPageTrace Behavior ::run [ RunTime:0.000718s ]
INFO: [ view_end ] --END-- [ RunTime:0.000841s ]

[ 2015-02-08T22:53:57+08:00 ] 127.0.0.1 /geek/admin.php/Usr/gtxpg/x/regist
INFO: [ route_check ] --START--
INFO: CheckRoute Behavior ::run [ RunTime:0.001627s ]
INFO: [ route_check ] --END-- [ RunTime:0.001871s ]
INFO: [ app_begin ] --START--
INFO: ReadHtmlCache Behavior ::run [ RunTime:0.000843s ]
INFO: [ app_begin ] --END-- [ RunTime:0.000993s ]
SQL: SHOW COLUMNS FROM `tb_usr` [ RunTime:0.031225s ]
SQL: SELECT * FROM `tb_usr` WHERE ( usrid= ) LIMIT 1   [ RunTime:0.000152s ]
ERR: 1064:You have an error in your SQL syntax; check the manual that corresponds to your MySQL server version for the right syntax to use near ') LIMIT 1' at line 1
 [ SQL语句 ] : SELECT * FROM `tb_usr` WHERE ( usrid= ) LIMIT 1  
INFO: [ view_parse ] --START--
NOTIC: [8] Undefined index: usrnm C:\wamp\www\geek\admin\Runtime\Cache\4fb80627e037ce6a7f4df42e3ba5bcc4.php 第 96 行.
NOTIC: [8] Undefined index: usrpw C:\wamp\www\geek\admin\Runtime\Cache\4fb80627e037ce6a7f4df42e3ba5bcc4.php 第 102 行.
NOTIC: [8] Undefined index: usrpw C:\wamp\www\geek\admin\Runtime\Cache\4fb80627e037ce6a7f4df42e3ba5bcc4.php 第 108 行.
NOTIC: [8] Undefined index: upt C:\wamp\www\geek\admin\Runtime\Cache\4fb80627e037ce6a7f4df42e3ba5bcc4.php 第 130 行.
INFO: ParseTemplate Behavior ::run [ RunTime:0.011120s ]
INFO: [ view_parse ] --END-- [ RunTime:0.011250s ]
INFO: [ view_filter ] --START--
INFO: ContentReplace Behavior ::run [ RunTime:0.000629s ]
INFO: TokenBuild Behavior ::run [ RunTime:0.000622s ]
INFO: WriteHtmlCache Behavior ::run [ RunTime:0.000471s ]
INFO: ShowRuntime Behavior ::run [ RunTime:0.000706s ]
INFO: [ view_filter ] --END-- [ RunTime:0.002761s ]
INFO: [ view_end ] --START--
INFO: ShowPageTrace Behavior ::run [ RunTime:0.000771s ]
INFO: [ view_end ] --END-- [ RunTime:0.000898s ]

[ 2015-02-08T22:56:20+08:00 ] 127.0.0.1 /geek/admin.php/
INFO: [ route_check ] --START--
INFO: CheckRoute Behavior ::run [ RunTime:0.000919s ]
INFO: [ route_check ] --END-- [ RunTime:0.001067s ]
INFO: [ app_begin ] --START--
INFO: ReadHtmlCache Behavior ::run [ RunTime:0.000656s ]
INFO: [ app_begin ] --END-- [ RunTime:0.000793s ]
INFO: [ view_parse ] --START--
INFO: ParseTemplate Behavior ::run [ RunTime:0.010230s ]
INFO: [ view_parse ] --END-- [ RunTime:0.010377s ]
INFO: [ view_filter ] --START--
INFO: ContentReplace Behavior ::run [ RunTime:0.000549s ]
INFO: TokenBuild Behavior ::run [ RunTime:0.000548s ]
INFO: WriteHtmlCache Behavior ::run [ RunTime:0.000396s ]
INFO: ShowRuntime Behavior ::run [ RunTime:0.000642s ]
INFO: [ view_filter ] --END-- [ RunTime:0.002473s ]
INFO: [ view_end ] --START--
INFO: ShowPageTrace Behavior ::run [ RunTime:0.000699s ]
INFO: [ view_end ] --END-- [ RunTime:0.000822s ]

