[ 2015-06-26T23:59:37+08:00 ] 127.0.0.1 /xx/admin.php/Cjzx/query/fld/-cjzxid-f_cjzx_grdid-stdno-stdnm-sexnm-cjzxzf-cjzxqmf-cjzxpsf-cjzxxtf-cjzxbkf-cjzxsftj-cjzxxk-cjzxqk-cjzxhk-f_stdxqcls_clsid-/cdt/-sp-f_cjzx_grdid-eq-3-sp-f_pk_grdid-eq-3-sp-f_std_grdid-eq-3-sp-f_cjzx_sttid-eq-1-sp-f_pk_sttid-eq-1-sp-f_std_sttid-eq-1-sp-f_cjzx_xqid-eq-2-sp-f_pk_xqid-eq-2-sp-f_stdxqcls_xqid-eq-2-sp-f_stdxqmj_xqid-eq-2-sp-f_stdxqcls_clsid-eq-11-sp-f_cjzx_pkid-eq-28-sp-f_std_statid-eq-5-sp-/spccdt/-sp-/odr/-f_mj_bxxsid%20ASC-clsid%20ASC-mjid%20ASC-stdno%20ASC-/lmt/100
INFO: [ route_check ] --START--
INFO: CheckRoute Behavior ::run [ RunTime:0.001552s ]
INFO: [ route_check ] --END-- [ RunTime:0.001754s ]
INFO: [ app_begin ] --START--
INFO: ReadHtmlCache Behavior ::run [ RunTime:0.000748s ]
INFO: [ app_begin ] --END-- [ RunTime:0.000878s ]
SQL: SHOW COLUMNS FROM `tb_usr` [ RunTime:0.003792s ]
SQL: SELECT * FROM `tb_usr` WHERE ( usrid=1 ) LIMIT 1   [ RunTime:0.000399s ]
SQL: SHOW COLUMNS FROM `tb_usrrl` [ RunTime:0.004081s ]
SQL: SELECT * FROM `tb_usrrl` LEFT JOIN tb_usr ON f_usrrl_usrid=usrid LEFT JOIN tb_rl ON f_usrrl_rlid=rlid WHERE ( f_usrrl_usrid=1 )  [ RunTime:0.000442s ]
NOTIC: [8] Undefined variable: runmu C:\wamp\www\xx\admin\Lib\SS\SSAction.class.php 第 18 行.
SQL: SHOW COLUMNS FROM `tb_md` [ RunTime:0.003519s ]
SQL: SELECT * FROM `tb_md` WHERE ( mdmk='Cjzx' ) LIMIT 1   [ RunTime:0.000399s ]
SQL: SELECT * FROM `tb_usr` WHERE ( usrid=1 AND usrps=1 ) LIMIT 1   [ RunTime:0.000367s ]
SQL: SELECT * FROM `tb_usrrl` WHERE ( f_usrrl_usrid=1 )  [ RunTime:0.000326s ]
SQL: SHOW COLUMNS FROM `tb_ath` [ RunTime:0.003443s ]
SQL: SELECT * FROM `tb_ath` WHERE ( f_ath_mdid=58 AND (f_ath_rlid=1) )  [ RunTime:0.000899s ]
SQL: SELECT * FROM `tb_md` WHERE ( mdid=58 ) LIMIT 1   [ RunTime:0.000240s ]
NOTIC: [8] Undefined index: cjzxid C:\wamp\www\xx\admin\Lib\IDTATH\IdtathAction.class.php 第 91 行.
SQL: SELECT * FROM `tb_md` WHERE ( mdmk='Usr' ) LIMIT 1   [ RunTime:0.000299s ]
SQL: SELECT * FROM `tb_usr` WHERE ( usrid=1 AND usrps=1 ) LIMIT 1   [ RunTime:0.000313s ]
SQL: SELECT * FROM `tb_usrrl` WHERE ( f_usrrl_usrid=1 )  [ RunTime:0.000263s ]
SQL: SELECT * FROM `tb_ath` WHERE ( f_ath_mdid=2 AND (f_ath_rlid=1) )  [ RunTime:0.000864s ]
SQL: SELECT COUNT(*) AS tp_count FROM `tb_usr` WHERE ( usrvw=0 ) LIMIT 1   [ RunTime:0.000267s ]
SQL: SELECT * FROM `tb_md` WHERE ( mdmk='Cstmusr' ) LIMIT 1   [ RunTime:0.000262s ]
SQL: SELECT * FROM `tb_usr` WHERE ( usrid=1 AND usrps=1 ) LIMIT 1   [ RunTime:0.000298s ]
SQL: SELECT * FROM `tb_usrrl` WHERE ( f_usrrl_usrid=1 )  [ RunTime:0.000249s ]
SQL: SELECT * FROM `tb_ath` WHERE ( f_ath_mdid=16 AND (f_ath_rlid=1) )  [ RunTime:0.000840s ]
SQL: SHOW COLUMNS FROM `tb_cstmusr` [ RunTime:0.003711s ]
SQL: SELECT COUNT(*) AS tp_count FROM `tb_cstmusr` WHERE ( cstmusrvw=0 ) LIMIT 1   [ RunTime:0.000308s ]
SQL: SELECT * FROM `tb_md` WHERE ( mdmk='Atc' ) LIMIT 1   [ RunTime:0.000270s ]
SQL: SELECT * FROM `tb_usr` WHERE ( usrid=1 AND usrps=1 ) LIMIT 1   [ RunTime:0.000311s ]
SQL: SELECT * FROM `tb_usrrl` WHERE ( f_usrrl_usrid=1 )  [ RunTime:0.000287s ]
SQL: SELECT * FROM `tb_ath` WHERE ( f_ath_mdid=6 AND (f_ath_rlid=1) )  [ RunTime:0.000894s ]
SQL: SHOW COLUMNS FROM `tb_atc` [ RunTime:0.004275s ]
SQL: SELECT COUNT(*) AS tp_count FROM `tb_atc` WHERE ( atcvw=0 ) LIMIT 1   [ RunTime:0.000313s ]
NOTIC: [8] Undefined variable: ntfstrusr C:\wamp\www\xx\admin\Lib\NTF\NTFAction.class.php 第 57 行.
NOTIC: [8] Undefined variable: ntfstratc C:\wamp\www\xx\admin\Lib\NTF\NTFAction.class.php 第 57 行.
NOTIC: [8] Undefined variable: ntfstrcstmusr C:\wamp\www\xx\admin\Lib\NTF\NTFAction.class.php 第 57 行.
SQL: SHOW COLUMNS FROM `tb_btn` [ RunTime:0.003477s ]
SQL: SELECT * FROM `tb_btn` WHERE ( f_btn_usrid=1 AND btnnm='lft' ) LIMIT 1   [ RunTime:0.000328s ]
SQL: SELECT * FROM `tb_btn` WHERE ( f_btn_usrid=1 AND btnnm='lft' ) LIMIT 1   [ RunTime:0.000269s ]
SQL: SELECT * FROM `tb_usrrl` WHERE ( f_usrrl_usrid=1 )  [ RunTime:0.000280s ]
SQL: SHOW COLUMNS FROM `tb_lb` [ RunTime:0.003595s ]
SQL: SHOW COLUMNS FROM `tb_lbmd` [ RunTime:0.004253s ]
SQL: SELECT * FROM `tb_lb`  [ RunTime:0.000297s ]
SQL: SELECT * FROM `tb_lbmd` LEFT JOIN tb_md ON f_lbmd_mdid=mdid WHERE ( f_lbmd_lbid=1 )  [ RunTime:0.000379s ]
SQL: SELECT * FROM `tb_ath` WHERE ( f_ath_mdid=1 AND (f_ath_rlid=1) )  [ RunTime:0.000875s ]
SQL: SELECT * FROM `tb_ath` WHERE ( f_ath_mdid=2 AND (f_ath_rlid=1) )  [ RunTime:0.000867s ]
SQL: SELECT * FROM `tb_ath` WHERE ( f_ath_mdid=3 AND (f_ath_rlid=1) )  [ RunTime:0.000886s ]
SQL: SELECT * FROM `tb_ath` WHERE ( f_ath_mdid=4 AND (f_ath_rlid=1) )  [ RunTime:0.000876s ]
SQL: SELECT * FROM `tb_ath` WHERE ( f_ath_mdid=5 AND (f_ath_rlid=1) )  [ RunTime:0.000855s ]
SQL: SELECT * FROM `tb_ath` WHERE ( f_ath_mdid=6 AND (f_ath_rlid=1) )  [ RunTime:0.000867s ]
SQL: SELECT * FROM `tb_ath` WHERE ( f_ath_mdid=7 AND (f_ath_rlid=1) )  [ RunTime:0.001370s ]
SQL: SELECT * FROM `tb_ath` WHERE ( f_ath_mdid=8 AND (f_ath_rlid=1) )  [ RunTime:0.000886s ]
SQL: SELECT * FROM `tb_ath` WHERE ( f_ath_mdid=9 AND (f_ath_rlid=1) )  [ RunTime:0.000939s ]
SQL: SELECT * FROM `tb_ath` WHERE ( f_ath_mdid=11 AND (f_ath_rlid=1) )  [ RunTime:0.000889s ]
SQL: SELECT * FROM `tb_ath` WHERE ( f_ath_mdid=12 AND (f_ath_rlid=1) )  [ RunTime:0.000878s ]
SQL: SELECT * FROM `tb_ath` WHERE ( f_ath_mdid=13 AND (f_ath_rlid=1) )  [ RunTime:0.000859s ]
SQL: SELECT * FROM `tb_ath` WHERE ( f_ath_mdid=14 AND (f_ath_rlid=1) )  [ RunTime:0.000871s ]
SQL: SELECT * FROM `tb_ath` WHERE ( f_ath_mdid=15 AND (f_ath_rlid=1) )  [ RunTime:0.000865s ]
SQL: SELECT * FROM `tb_ath` WHERE ( f_ath_mdid=24 AND (f_ath_rlid=1) )  [ RunTime:0.000866s ]
SQL: SELECT * FROM `tb_btn` WHERE ( f_btn_usrid=1 AND btnnm='bs1' ) LIMIT 1   [ RunTime:0.000267s ]
SQL: SELECT * FROM `tb_btn` WHERE ( f_btn_usrid=1 AND btnnm='bs1' ) LIMIT 1   [ RunTime:0.000259s ]
SQL: SELECT * FROM `tb_lbmd` LEFT JOIN tb_md ON f_lbmd_mdid=mdid WHERE ( f_lbmd_lbid=2 )  [ RunTime:0.000336s ]
SQL: SELECT * FROM `tb_ath` WHERE ( f_ath_mdid=16 AND (f_ath_rlid=1) )  [ RunTime:0.000877s ]
SQL: SELECT * FROM `tb_ath` WHERE ( f_ath_mdid=17 AND (f_ath_rlid=1) )  [ RunTime:0.000873s ]
SQL: SELECT * FROM `tb_ath` WHERE ( f_ath_mdid=18 AND (f_ath_rlid=1) )  [ RunTime:0.000860s ]
SQL: SELECT * FROM `tb_ath` WHERE ( f_ath_mdid=19 AND (f_ath_rlid=1) )  [ RunTime:0.000874s ]
SQL: SELECT * FROM `tb_ath` WHERE ( f_ath_mdid=20 AND (f_ath_rlid=1) )  [ RunTime:0.000855s ]
SQL: SELECT * FROM `tb_ath` WHERE ( f_ath_mdid=21 AND (f_ath_rlid=1) )  [ RunTime:0.000863s ]
SQL: SELECT * FROM `tb_ath` WHERE ( f_ath_mdid=22 AND (f_ath_rlid=1) )  [ RunTime:0.000865s ]
SQL: SELECT * FROM `tb_ath` WHERE ( f_ath_mdid=23 AND (f_ath_rlid=1) )  [ RunTime:0.000954s ]
SQL: SELECT * FROM `tb_btn` WHERE ( f_btn_usrid=1 AND btnnm='bs2' ) LIMIT 1   [ RunTime:0.000272s ]
SQL: SELECT * FROM `tb_btn` WHERE ( f_btn_usrid=1 AND btnnm='bs2' ) LIMIT 1   [ RunTime:0.000234s ]
SQL: SELECT * FROM `tb_lbmd` LEFT JOIN tb_md ON f_lbmd_mdid=mdid WHERE ( f_lbmd_lbid=3 )  [ RunTime:0.000399s ]
SQL: SELECT * FROM `tb_ath` WHERE ( f_ath_mdid=25 AND (f_ath_rlid=1) )  [ RunTime:0.000873s ]
SQL: SELECT * FROM `tb_ath` WHERE ( f_ath_mdid=26 AND (f_ath_rlid=1) )  [ RunTime:0.000866s ]
SQL: SELECT * FROM `tb_ath` WHERE ( f_ath_mdid=27 AND (f_ath_rlid=1) )  [ RunTime:0.000881s ]
SQL: SELECT * FROM `tb_ath` WHERE ( f_ath_mdid=28 AND (f_ath_rlid=1) )  [ RunTime:0.000854s ]
SQL: SELECT * FROM `tb_ath` WHERE ( f_ath_mdid=29 AND (f_ath_rlid=1) )  [ RunTime:0.000865s ]
SQL: SELECT * FROM `tb_ath` WHERE ( f_ath_mdid=30 AND (f_ath_rlid=1) )  [ RunTime:0.000893s ]
SQL: SELECT * FROM `tb_ath` WHERE ( f_ath_mdid=31 AND (f_ath_rlid=1) )  [ RunTime:0.001380s ]
SQL: SELECT * FROM `tb_ath` WHERE ( f_ath_mdid=32 AND (f_ath_rlid=1) )  [ RunTime:0.000940s ]
SQL: SELECT * FROM `tb_ath` WHERE ( f_ath_mdid=33 AND (f_ath_rlid=1) )  [ RunTime:0.000862s ]
SQL: SELECT * FROM `tb_ath` WHERE ( f_ath_mdid=34 AND (f_ath_rlid=1) )  [ RunTime:0.000860s ]
SQL: SELECT * FROM `tb_ath` WHERE ( f_ath_mdid=35 AND (f_ath_rlid=1) )  [ RunTime:0.000870s ]
SQL: SELECT * FROM `tb_ath` WHERE ( f_ath_mdid=36 AND (f_ath_rlid=1) )  [ RunTime:0.000865s ]
SQL: SELECT * FROM `tb_ath` WHERE ( f_ath_mdid=37 AND (f_ath_rlid=1) )  [ RunTime:0.000877s ]
SQL: SELECT * FROM `tb_ath` WHERE ( f_ath_mdid=38 AND (f_ath_rlid=1) )  [ RunTime:0.000838s ]
SQL: SELECT * FROM `tb_ath` WHERE ( f_ath_mdid=39 AND (f_ath_rlid=1) )  [ RunTime:0.000855s ]
SQL: SELECT * FROM `tb_ath` WHERE ( f_ath_mdid=40 AND (f_ath_rlid=1) )  [ RunTime:0.000863s ]
SQL: SELECT * FROM `tb_ath` WHERE ( f_ath_mdid=41 AND (f_ath_rlid=1) )  [ RunTime:0.000886s ]
SQL: SELECT * FROM `tb_ath` WHERE ( f_ath_mdid=42 AND (f_ath_rlid=1) )  [ RunTime:0.000861s ]
SQL: SELECT * FROM `tb_ath` WHERE ( f_ath_mdid=43 AND (f_ath_rlid=1) )  [ RunTime:0.000856s ]
SQL: SELECT * FROM `tb_ath` WHERE ( f_ath_mdid=44 AND (f_ath_rlid=1) )  [ RunTime:0.000851s ]
SQL: SELECT * FROM `tb_ath` WHERE ( f_ath_mdid=49 AND (f_ath_rlid=1) )  [ RunTime:0.000853s ]
SQL: SELECT * FROM `tb_ath` WHERE ( f_ath_mdid=61 AND (f_ath_rlid=1) )  [ RunTime:0.001007s ]
SQL: SELECT * FROM `tb_btn` WHERE ( f_btn_usrid=1 AND btnnm='bs3' ) LIMIT 1   [ RunTime:0.000313s ]
SQL: SELECT * FROM `tb_btn` WHERE ( f_btn_usrid=1 AND btnnm='bs3' ) LIMIT 1   [ RunTime:0.000262s ]
SQL: SELECT * FROM `tb_lbmd` LEFT JOIN tb_md ON f_lbmd_mdid=mdid WHERE ( f_lbmd_lbid=4 )  [ RunTime:0.000315s ]
SQL: SELECT * FROM `tb_ath` WHERE ( f_ath_mdid=45 AND (f_ath_rlid=1) )  [ RunTime:0.000907s ]
SQL: SELECT * FROM `tb_ath` WHERE ( f_ath_mdid=50 AND (f_ath_rlid=1) )  [ RunTime:0.000874s ]
SQL: SELECT * FROM `tb_ath` WHERE ( f_ath_mdid=51 AND (f_ath_rlid=1) )  [ RunTime:0.000894s ]
SQL: SELECT * FROM `tb_btn` WHERE ( f_btn_usrid=1 AND btnnm='bs4' ) LIMIT 1   [ RunTime:0.000247s ]
SQL: SELECT * FROM `tb_btn` WHERE ( f_btn_usrid=1 AND btnnm='bs4' ) LIMIT 1   [ RunTime:0.000264s ]
SQL: SELECT * FROM `tb_lbmd` LEFT JOIN tb_md ON f_lbmd_mdid=mdid WHERE ( f_lbmd_lbid=5 )  [ RunTime:0.000312s ]
SQL: SELECT * FROM `tb_ath` WHERE ( f_ath_mdid=46 AND (f_ath_rlid=1) )  [ RunTime:0.000863s ]
SQL: SELECT * FROM `tb_ath` WHERE ( f_ath_mdid=47 AND (f_ath_rlid=1) )  [ RunTime:0.000867s ]
SQL: SELECT * FROM `tb_ath` WHERE ( f_ath_mdid=48 AND (f_ath_rlid=1) )  [ RunTime:0.000881s ]
SQL: SELECT * FROM `tb_btn` WHERE ( f_btn_usrid=1 AND btnnm='bs5' ) LIMIT 1   [ RunTime:0.000253s ]
SQL: SELECT * FROM `tb_btn` WHERE ( f_btn_usrid=1 AND btnnm='bs5' ) LIMIT 1   [ RunTime:0.000272s ]
SQL: SELECT * FROM `tb_lbmd` LEFT JOIN tb_md ON f_lbmd_mdid=mdid WHERE ( f_lbmd_lbid=6 )  [ RunTime:0.000345s ]
SQL: SELECT * FROM `tb_ath` WHERE ( f_ath_mdid=52 AND (f_ath_rlid=1) )  [ RunTime:0.000867s ]
SQL: SELECT * FROM `tb_ath` WHERE ( f_ath_mdid=53 AND (f_ath_rlid=1) )  [ RunTime:0.000882s ]
SQL: SELECT * FROM `tb_ath` WHERE ( f_ath_mdid=54 AND (f_ath_rlid=1) )  [ RunTime:0.000886s ]
SQL: SELECT * FROM `tb_ath` WHERE ( f_ath_mdid=55 AND (f_ath_rlid=1) )  [ RunTime:0.000941s ]
SQL: SELECT * FROM `tb_ath` WHERE ( f_ath_mdid=56 AND (f_ath_rlid=1) )  [ RunTime:0.000872s ]
SQL: SELECT * FROM `tb_ath` WHERE ( f_ath_mdid=57 AND (f_ath_rlid=1) )  [ RunTime:0.000894s ]
SQL: SELECT * FROM `tb_ath` WHERE ( f_ath_mdid=58 AND (f_ath_rlid=1) )  [ RunTime:0.000873s ]
SQL: SELECT * FROM `tb_ath` WHERE ( f_ath_mdid=59 AND (f_ath_rlid=1) )  [ RunTime:0.000869s ]
SQL: SELECT * FROM `tb_ath` WHERE ( f_ath_mdid=60 AND (f_ath_rlid=1) )  [ RunTime:0.000876s ]
SQL: SELECT * FROM `tb_btn` WHERE ( f_btn_usrid=1 AND btnnm='bs6' ) LIMIT 1   [ RunTime:0.000271s ]
SQL: SELECT * FROM `tb_btn` WHERE ( f_btn_usrid=1 AND btnnm='bs6' ) LIMIT 1   [ RunTime:0.000247s ]
SQL: SELECT * FROM `tb_md` WHERE ( mdmk='Stt' ) LIMIT 1   [ RunTime:0.000253s ]
SQL: SELECT * FROM `tb_usr` WHERE ( usrid=1 AND usrps=1 ) LIMIT 1   [ RunTime:0.000299s ]
SQL: SELECT * FROM `tb_usrrl` WHERE ( f_usrrl_usrid=1 )  [ RunTime:0.000263s ]
SQL: SELECT * FROM `tb_ath` WHERE ( f_ath_mdid=25 AND (f_ath_rlid=1) )  [ RunTime:0.000885s ]
SQL: SELECT * FROM `tb_usr` WHERE ( usrid=1 ) LIMIT 1   [ RunTime:0.000290s ]
SQL: SHOW COLUMNS FROM `tb_grd` [ RunTime:0.003533s ]
SQL: SELECT * FROM `tb_grd` WHERE ( grdid=3 ) LIMIT 1   [ RunTime:0.000299s ]
SQL: SHOW COLUMNS FROM `tb_2014_cjzx` [ RunTime:0.003570s ]
SQL: SHOW COLUMNS FROM `tb_xq` [ RunTime:0.003846s ]
SQL: SELECT * FROM `tb_xq` WHERE ( xqdq=1 ) LIMIT 1   [ RunTime:0.000316s ]
SQL: SHOW COLUMNS FROM `tb_2014_sttintxq` [ RunTime:0.003362s ]
SQL: SELECT * FROM `tb_2014_sttintxq` WHERE ( f_sttintxq_grdid=3 AND f_sttintxq_sttid=1 ) LIMIT 1   [ RunTime:0.000313s ]
NOTIC: [2] Missing argument 8 for NBAction::NB(), called in C:\wamp\www\xx\admin\Lib\Action\CjzxAction.class.php on line 295 and defined C:\wamp\www\xx\admin\Lib\NB\NBAction.class.php 第 46 行.
NOTIC: [2] Missing argument 9 for NBAction::NB(), called in C:\wamp\www\xx\admin\Lib\Action\CjzxAction.class.php on line 295 and defined C:\wamp\www\xx\admin\Lib\NB\NBAction.class.php 第 46 行.
NOTIC: [8] Undefined index: NBsqlstc C:\wamp\www\xx\admin\Lib\NB\NBAction.class.php 第 49 行.
NOTIC: [8] Undefined index: NBsqlstc C:\wamp\www\xx\admin\Lib\NB\NBAction.class.php 第 49 行.
NOTIC: [8] Undefined variable: tkpg C:\wamp\www\xx\admin\Lib\NB\NBAction.class.php 第 139 行.
NOTIC: [8] Undefined index: fld C:\wamp\www\xx\admin\Lib\NB\NBAction.class.php 第 140 行.
NOTIC: [8] Undefined index: cdt C:\wamp\www\xx\admin\Lib\NB\NBAction.class.php 第 145 行.
NOTIC: [8] Undefined index: spccdt C:\wamp\www\xx\admin\Lib\NB\NBAction.class.php 第 150 行.
NOTIC: [8] Undefined index: odr C:\wamp\www\xx\admin\Lib\NB\NBAction.class.php 第 155 行.
NOTIC: [8] Undefined index: lmt C:\wamp\www\xx\admin\Lib\NB\NBAction.class.php 第 160 行.
NOTIC: [8] Undefined variable: odrpcd C:\wamp\www\xx\admin\Lib\NB\NBAction.class.php 第 35 行.
NOTIC: [8] Undefined variable: lsyon C:\wamp\www\xx\admin\Lib\NB\NBAction.class.php 第 185 行.
SQL: SELECT COUNT(*) AS tp_count FROM `tb_2014_cjzx` LEFT JOIN tb_2014_std ON f_cjzx_stdid=stdid inner join tb_2014_stdxqcls ON stdid=f_stdxqcls_stdid inner join tb_2014_stdxqmj ON stdid=f_stdxqmj_stdid LEFT JOIN tb_2014_pk ON f_cjzx_pkid=pkid LEFT JOIN tb_stt ON f_cjzx_sttid=sttid LEFT JOIN tb_grd ON f_cjzx_grdid=grdid LEFT JOIN tb_2014_kc ON f_pk_kcid=kcid LEFT JOIN tb_tcr ON f_pk_tcrid=tcrid LEFT JOIN tb_xq ON f_cjzx_xqid=xqid LEFT JOIN tb_2014_mj ON f_stdxqmj_mjid=mjid LEFT JOIN tb_bxxs ON f_mj_bxxsid=bxxsid LEFT JOIN tb_cc ON f_mj_ccid=ccid LEFT JOIN tb_kl ON f_mj_klid=klid LEFT JOIN tb_xxxs ON f_mj_xxxsid=xxxsid LEFT JOIN tb_zsfw ON f_mj_zsfwid=zsfwid LEFT JOIN tb_xz ON f_mj_xzid=xzid LEFT JOIN tb_2014_cls ON f_stdxqcls_clsid=clsid LEFT JOIN tb_dm ON f_std_dmid=dmid LEFT JOIN tb_sex ON f_std_sexid=sexid LEFT JOIN tb_rc ON f_std_rcid=rcid LEFT JOIN tb_zzmm ON f_std_zzmmid=zzmmid LEFT JOIN tb_xl ON f_std_xlid=xlid LEFT JOIN tb_stat ON f_std_statid=statid WHERE ( 1=1 AND f_cjzx_grdid=3 AND f_pk_grdid=3 AND f_std_grdid=3 AND f_cjzx_sttid=1 AND f_pk_sttid=1 AND f_std_sttid=1 AND f_cjzx_xqid=2 AND f_pk_xqid=2 AND f_stdxqcls_xqid=2 AND f_stdxqmj_xqid=2 AND f_stdxqcls_clsid=11 AND f_cjzx_pkid=28 AND f_std_statid=5 ) ORDER BY f_mj_bxxsid ASC,clsid ASC,mjid ASC,stdno ASC LIMIT 1   [ RunTime:0.006615s ]
NOTIC: [8] Undefined variable: sqlstc C:\wamp\www\xx\admin\Lib\NB\NBAction.class.php 第 207 行.
SQL: SELECT `cjzxid`,`f_cjzx_grdid`,`stdno`,`stdnm`,`sexnm`,`cjzxzf`,`cjzxqmf`,`cjzxpsf`,`cjzxxtf`,`cjzxbkf`,`cjzxsftj`,`cjzxxk`,`cjzxqk`,`cjzxhk`,`f_stdxqcls_clsid` FROM `tb_2014_cjzx` LEFT JOIN tb_2014_std ON f_cjzx_stdid=stdid inner join tb_2014_stdxqcls ON stdid=f_stdxqcls_stdid inner join tb_2014_stdxqmj ON stdid=f_stdxqmj_stdid LEFT JOIN tb_2014_pk ON f_cjzx_pkid=pkid LEFT JOIN tb_stt ON f_cjzx_sttid=sttid LEFT JOIN tb_grd ON f_cjzx_grdid=grdid LEFT JOIN tb_2014_kc ON f_pk_kcid=kcid LEFT JOIN tb_tcr ON f_pk_tcrid=tcrid LEFT JOIN tb_xq ON f_cjzx_xqid=xqid LEFT JOIN tb_2014_mj ON f_stdxqmj_mjid=mjid LEFT JOIN tb_bxxs ON f_mj_bxxsid=bxxsid LEFT JOIN tb_cc ON f_mj_ccid=ccid LEFT JOIN tb_kl ON f_mj_klid=klid LEFT JOIN tb_xxxs ON f_mj_xxxsid=xxxsid LEFT JOIN tb_zsfw ON f_mj_zsfwid=zsfwid LEFT JOIN tb_xz ON f_mj_xzid=xzid LEFT JOIN tb_2014_cls ON f_stdxqcls_clsid=clsid LEFT JOIN tb_dm ON f_std_dmid=dmid LEFT JOIN tb_sex ON f_std_sexid=sexid LEFT JOIN tb_rc ON f_std_rcid=rcid LEFT JOIN tb_zzmm ON f_std_zzmmid=zzmmid LEFT JOIN tb_xl ON f_std_xlid=xlid LEFT JOIN tb_stat ON f_std_statid=statid WHERE ( 1=1 AND f_cjzx_grdid=3 AND f_pk_grdid=3 AND f_std_grdid=3 AND f_cjzx_sttid=1 AND f_pk_sttid=1 AND f_std_sttid=1 AND f_cjzx_xqid=2 AND f_pk_xqid=2 AND f_stdxqcls_xqid=2 AND f_stdxqmj_xqid=2 AND f_stdxqcls_clsid=11 AND f_cjzx_pkid=28 AND f_std_statid=5 ) ORDER BY f_mj_bxxsid ASC,clsid ASC,mjid ASC,stdno ASC LIMIT 0,100   [ RunTime:0.009895s ]
NOTIC: [8] Undefined variable: sqlstc C:\wamp\www\xx\admin\Lib\NB\NBAction.class.php 第 264 行.
NOTIC: [8] Undefined variable: mlsforcount C:\wamp\www\xx\admin\Lib\NB\NBAction.class.php 第 273 行.
SQL: SHOW COLUMNS FROM `tb_2014_bzr` [ RunTime:0.003622s ]
SQL: SELECT * FROM `tb_2014_bzr` WHERE ( f_bzr_clsid=11 ) LIMIT 1   [ RunTime:0.000298s ]
SQL: SELECT * FROM `tb_2014_bzr` WHERE ( f_bzr_clsid=11 ) LIMIT 1   [ RunTime:0.000259s ]
SQL: SELECT * FROM `tb_2014_bzr` WHERE ( f_bzr_clsid=11 ) LIMIT 1   [ RunTime:0.000255s ]
SQL: SELECT * FROM `tb_2014_bzr` WHERE ( f_bzr_clsid=11 ) LIMIT 1   [ RunTime:0.000247s ]
SQL: SELECT * FROM `tb_2014_bzr` WHERE ( f_bzr_clsid=11 ) LIMIT 1   [ RunTime:0.000243s ]
SQL: SELECT * FROM `tb_2014_bzr` WHERE ( f_bzr_clsid=11 ) LIMIT 1   [ RunTime:0.000249s ]
SQL: SELECT * FROM `tb_2014_bzr` WHERE ( f_bzr_clsid=11 ) LIMIT 1   [ RunTime:0.000218s ]
SQL: SELECT * FROM `tb_2014_bzr` WHERE ( f_bzr_clsid=11 ) LIMIT 1   [ RunTime:0.000247s ]
SQL: SELECT * FROM `tb_2014_bzr` WHERE ( f_bzr_clsid=11 ) LIMIT 1   [ RunTime:0.000235s ]
SQL: SELECT * FROM `tb_2014_bzr` WHERE ( f_bzr_clsid=11 ) LIMIT 1   [ RunTime:0.000248s ]
SQL: SELECT * FROM `tb_2014_bzr` WHERE ( f_bzr_clsid=11 ) LIMIT 1   [ RunTime:0.000285s ]
SQL: SELECT * FROM `tb_2014_bzr` WHERE ( f_bzr_clsid=11 ) LIMIT 1   [ RunTime:0.000242s ]
SQL: SELECT * FROM `tb_2014_bzr` WHERE ( f_bzr_clsid=11 ) LIMIT 1   [ RunTime:0.000240s ]
SQL: SELECT * FROM `tb_2014_bzr` WHERE ( f_bzr_clsid=11 ) LIMIT 1   [ RunTime:0.000226s ]
SQL: SELECT * FROM `tb_2014_bzr` WHERE ( f_bzr_clsid=11 ) LIMIT 1   [ RunTime:0.000232s ]
SQL: SELECT * FROM `tb_2014_bzr` WHERE ( f_bzr_clsid=11 ) LIMIT 1   [ RunTime:0.000214s ]
SQL: SELECT * FROM `tb_2014_bzr` WHERE ( f_bzr_clsid=11 ) LIMIT 1   [ RunTime:0.000233s ]
SQL: SELECT * FROM `tb_2014_bzr` WHERE ( f_bzr_clsid=11 ) LIMIT 1   [ RunTime:0.000268s ]
SQL: SELECT * FROM `tb_2014_bzr` WHERE ( f_bzr_clsid=11 ) LIMIT 1   [ RunTime:0.000338s ]
SQL: SELECT * FROM `tb_2014_bzr` WHERE ( f_bzr_clsid=11 ) LIMIT 1   [ RunTime:0.000302s ]
SQL: SELECT * FROM `tb_2014_bzr` WHERE ( f_bzr_clsid=11 ) LIMIT 1   [ RunTime:0.000305s ]
SQL: SELECT * FROM `tb_2014_bzr` WHERE ( f_bzr_clsid=11 ) LIMIT 1   [ RunTime:0.000476s ]
SQL: SELECT * FROM `tb_2014_bzr` WHERE ( f_bzr_clsid=11 ) LIMIT 1   [ RunTime:0.000343s ]
SQL: SELECT * FROM `tb_2014_bzr` WHERE ( f_bzr_clsid=11 ) LIMIT 1   [ RunTime:0.000322s ]
SQL: SELECT * FROM `tb_2014_bzr` WHERE ( f_bzr_clsid=11 ) LIMIT 1   [ RunTime:0.000244s ]
SQL: SELECT * FROM `tb_2014_bzr` WHERE ( f_bzr_clsid=11 ) LIMIT 1   [ RunTime:0.000233s ]
SQL: SELECT * FROM `tb_2014_bzr` WHERE ( f_bzr_clsid=11 ) LIMIT 1   [ RunTime:0.000256s ]
SQL: SELECT * FROM `tb_2014_bzr` WHERE ( f_bzr_clsid=11 ) LIMIT 1   [ RunTime:0.000204s ]
SQL: SELECT * FROM `tb_2014_bzr` WHERE ( f_bzr_clsid=11 ) LIMIT 1   [ RunTime:0.000224s ]
SQL: SELECT * FROM `tb_2014_bzr` WHERE ( f_bzr_clsid=11 ) LIMIT 1   [ RunTime:0.000210s ]
SQL: SELECT * FROM `tb_2014_bzr` WHERE ( f_bzr_clsid=11 ) LIMIT 1   [ RunTime:0.000565s ]
SQL: SELECT * FROM `tb_2014_bzr` WHERE ( f_bzr_clsid=11 ) LIMIT 1   [ RunTime:0.000306s ]
SQL: SELECT * FROM `tb_2014_bzr` WHERE ( f_bzr_clsid=11 ) LIMIT 1   [ RunTime:0.000269s ]
SQL: SELECT * FROM `tb_2014_bzr` WHERE ( f_bzr_clsid=11 ) LIMIT 1   [ RunTime:0.000248s ]
SQL: SELECT * FROM `tb_2014_bzr` WHERE ( f_bzr_clsid=11 ) LIMIT 1   [ RunTime:0.000332s ]
SQL: SELECT * FROM `tb_2014_bzr` WHERE ( f_bzr_clsid=11 ) LIMIT 1   [ RunTime:0.000326s ]
SQL: SELECT * FROM `tb_2014_bzr` WHERE ( f_bzr_clsid=11 ) LIMIT 1   [ RunTime:0.000236s ]
SQL: SHOW COLUMNS FROM `tb_2014_pk` [ RunTime:0.004561s ]
SQL: SELECT * FROM `tb_2014_pk` LEFT JOIN tb_2014_kc ON f_pk_kcid=kcid LEFT JOIN tb_tcr ON f_pk_tcrid=tcrid WHERE ( pkid=28 ) LIMIT 1   [ RunTime:0.000452s ]
SQL: SELECT * FROM `tb_grd` WHERE ( grdid=3 ) LIMIT 1   [ RunTime:0.000248s ]
SQL: SELECT * FROM `tb_grd` ORDER BY grdnm DESC  [ RunTime:0.000259s ]
SQL: SHOW COLUMNS FROM `tb_stt` [ RunTime:0.003724s ]
SQL: SELECT * FROM `tb_stt`  [ RunTime:0.000295s ]
SQL: SELECT * FROM `tb_grd` WHERE ( grdid=3 ) LIMIT 1   [ RunTime:0.000261s ]
SQL: SELECT * FROM `tb_2014_sttintxq` WHERE ( f_sttintxq_sttid=1 ) LIMIT 1   [ RunTime:0.000266s ]
SQL: SELECT * FROM `tb_xq` WHERE ( xqid>=1 ) ORDER BY xqid DESC LIMIT 0,10   [ RunTime:0.000292s ]
SQL: SHOW COLUMNS FROM `tb_2014_cls` [ RunTime:0.003970s ]
SQL: SELECT * FROM `tb_2014_cls` LEFT JOIN tb_stt ON f_cls_sttid=sttid WHERE ( 1=1 AND f_cls_sttid=1 AND f_cls_grdid=3 AND clsactvt=1 ) ORDER BY clsnm ASC  [ RunTime:0.000479s ]
SQL: SHOW COLUMNS FROM `tb_2014_stdxqcls` [ RunTime:0.003471s ]
SQL: SELECT * FROM `tb_2014_stdxqcls` LEFT JOIN tb_2014_std ON f_stdxqcls_stdid=stdid LEFT JOIN tb_2014_cls ON f_stdxqcls_clsid=clsid WHERE ( f_stdxqcls_xqid=2 AND f_stdxqcls_clsid=11 AND f_std_statid=5 ) LIMIT 1   [ RunTime:0.000860s ]
SQL: SELECT * FROM `tb_2014_cjzx` LEFT JOIN tb_2014_pk ON f_cjzx_pkid=pkid LEFT JOIN tb_2014_kc ON f_pk_kcid=kcid LEFT JOIN tb_tcr ON f_pk_tcrid=tcrid WHERE ( f_cjzx_sttid=1 AND f_cjzx_xqid=2 AND f_cjzx_stdid=38 )  [ RunTime:0.006599s ]
INFO: [ view_parse ] --START--
NOTIC: [8] Use of undefined constant lbid - assumed 'lbid' C:\wamp\www\xx\admin\Runtime\Cache\e30e6bec09773dd3f233c6fbddf04d2f.php 第 162 行.
NOTIC: [8] Use of undefined constant lbid - assumed 'lbid' C:\wamp\www\xx\admin\Runtime\Cache\e30e6bec09773dd3f233c6fbddf04d2f.php 第 162 行.
NOTIC: [8] Use of undefined constant lbid - assumed 'lbid' C:\wamp\www\xx\admin\Runtime\Cache\e30e6bec09773dd3f233c6fbddf04d2f.php 第 162 行.
NOTIC: [8] Use of undefined constant lbid - assumed 'lbid' C:\wamp\www\xx\admin\Runtime\Cache\e30e6bec09773dd3f233c6fbddf04d2f.php 第 162 行.
NOTIC: [8] Use of undefined constant lbid - assumed 'lbid' C:\wamp\www\xx\admin\Runtime\Cache\e30e6bec09773dd3f233c6fbddf04d2f.php 第 162 行.
NOTIC: [8] Use of undefined constant lbid - assumed 'lbid' C:\wamp\www\xx\admin\Runtime\Cache\e30e6bec09773dd3f233c6fbddf04d2f.php 第 162 行.
INFO: ParseTemplate Behavior ::run [ RunTime:0.049486s ]
INFO: [ view_parse ] --END-- [ RunTime:0.049672s ]
INFO: [ view_filter ] --START--
INFO: ContentReplace Behavior ::run [ RunTime:0.001543s ]
INFO: TokenBuild Behavior ::run [ RunTime:0.000703s ]
INFO: WriteHtmlCache Behavior ::run [ RunTime:0.000461s ]
INFO: ShowRuntime Behavior ::run [ RunTime:0.000820s ]
INFO: [ view_filter ] --END-- [ RunTime:0.003910s ]
INFO: [ view_end ] --START--
INFO: ShowPageTrace Behavior ::run [ RunTime:0.000772s ]
INFO: [ view_end ] --END-- [ RunTime:0.000894s ]

