[ 2015-05-22T08:15:18+08:00 ] 127.0.0.1 /xx/admin.php
INFO: [ app_begin ] --START--
INFO: ReadHtmlCache Behavior ::run [ RunTime:0.006898s ]
INFO: [ app_begin ] --END-- [ RunTime:0.012910s ]
SQL: SHOW COLUMNS FROM `tb_usr` [ RunTime:0.004362s ]
SQL: SELECT * FROM `tb_usr` WHERE ( usrid=1 AND usrps=1 ) LIMIT 1   [ RunTime:0.000518s ]
SQL: SELECT * FROM `tb_usr` WHERE ( usrid=1 ) LIMIT 1   [ RunTime:0.000367s ]
SQL: SELECT * FROM `tb_usr` WHERE ( usrid=1 ) LIMIT 1   [ RunTime:0.000339s ]
SQL: SHOW COLUMNS FROM `tb_md` [ RunTime:0.003812s ]
SQL: SELECT * FROM `tb_md` WHERE ( mdmk='Usr' ) LIMIT 1   [ RunTime:0.000277s ]
SQL: SELECT * FROM `tb_usr` WHERE ( usrid=1 AND usrps=1 ) LIMIT 1   [ RunTime:0.000398s ]
SQL: SHOW COLUMNS FROM `tb_usrrl` [ RunTime:0.003987s ]
SQL: SELECT * FROM `tb_usrrl` WHERE ( f_usrrl_usrid=1 )  [ RunTime:0.000292s ]
SQL: SHOW COLUMNS FROM `tb_ath` [ RunTime:0.003620s ]
SQL: SELECT * FROM `tb_ath` WHERE ( f_ath_mdid=2 AND (f_ath_rlid=1) )  [ RunTime:0.000790s ]
SQL: SELECT COUNT(*) AS tp_count FROM `tb_usr` WHERE ( usrvw=0 ) LIMIT 1   [ RunTime:0.000286s ]
SQL: SELECT * FROM `tb_md` WHERE ( mdmk='Cstmusr' ) LIMIT 1   [ RunTime:0.000260s ]
SQL: SELECT * FROM `tb_usr` WHERE ( usrid=1 AND usrps=1 ) LIMIT 1   [ RunTime:0.000303s ]
SQL: SELECT * FROM `tb_usrrl` WHERE ( f_usrrl_usrid=1 )  [ RunTime:0.000248s ]
SQL: SELECT * FROM `tb_ath` WHERE ( f_ath_mdid=16 AND (f_ath_rlid=1) )  [ RunTime:0.000718s ]
SQL: SHOW COLUMNS FROM `tb_cstmusr` [ RunTime:0.004655s ]
SQL: SELECT COUNT(*) AS tp_count FROM `tb_cstmusr` WHERE ( cstmusrvw=0 ) LIMIT 1   [ RunTime:0.000307s ]
SQL: SELECT * FROM `tb_md` WHERE ( mdmk='Atc' ) LIMIT 1   [ RunTime:0.000266s ]
SQL: SELECT * FROM `tb_usr` WHERE ( usrid=1 AND usrps=1 ) LIMIT 1   [ RunTime:0.000304s ]
SQL: SELECT * FROM `tb_usrrl` WHERE ( f_usrrl_usrid=1 )  [ RunTime:0.000249s ]
SQL: SELECT * FROM `tb_ath` WHERE ( f_ath_mdid=6 AND (f_ath_rlid=1) )  [ RunTime:0.000728s ]
SQL: SHOW COLUMNS FROM `tb_atc` [ RunTime:0.003959s ]
SQL: SELECT COUNT(*) AS tp_count FROM `tb_atc` WHERE ( atcvw=0 ) LIMIT 1   [ RunTime:0.000289s ]
NOTIC: [8] Undefined variable: ntfstrusr C:\wamp\www\xx\admin\Lib\NTF\NTFAction.class.php 第 52 行.
NOTIC: [8] Undefined variable: ntfstratc C:\wamp\www\xx\admin\Lib\NTF\NTFAction.class.php 第 52 行.
NOTIC: [8] Undefined variable: ntfstrcstmusr C:\wamp\www\xx\admin\Lib\NTF\NTFAction.class.php 第 52 行.
NOTIC: [2] Missing argument 1 for KZMBAction::setkzmb(), called in C:\wamp\www\xx\admin\Lib\Action\IndexAction.class.php on line 29 and defined C:\wamp\www\xx\admin\Lib\KZMB\KZMBAction.class.php 第 3 行.
SQL: SHOW COLUMNS FROM `tb_btn` [ RunTime:0.003989s ]
SQL: SELECT * FROM `tb_btn` WHERE ( f_btn_usrid=1 AND btnnm='lft' ) LIMIT 1   [ RunTime:0.000357s ]
SQL: SELECT * FROM `tb_btn` WHERE ( f_btn_usrid=1 AND btnnm='lft' ) LIMIT 1   [ RunTime:0.000285s ]
SQL: SELECT * FROM `tb_usrrl` WHERE ( f_usrrl_usrid=1 )  [ RunTime:0.000278s ]
SQL: SHOW COLUMNS FROM `tb_lb` [ RunTime:0.003578s ]
SQL: SHOW COLUMNS FROM `tb_lbmd` [ RunTime:0.057460s ]
SQL: SELECT * FROM `tb_lb`  [ RunTime:0.000375s ]
SQL: SELECT * FROM `tb_lbmd` LEFT JOIN tb_md ON f_lbmd_mdid=mdid WHERE ( f_lbmd_lbid=1 )  [ RunTime:0.000455s ]
SQL: SELECT * FROM `tb_ath` WHERE ( f_ath_mdid=1 AND (f_ath_rlid=1) )  [ RunTime:0.000770s ]
SQL: SELECT * FROM `tb_ath` WHERE ( f_ath_mdid=2 AND (f_ath_rlid=1) )  [ RunTime:0.000714s ]
SQL: SELECT * FROM `tb_ath` WHERE ( f_ath_mdid=3 AND (f_ath_rlid=1) )  [ RunTime:0.000714s ]
SQL: SELECT * FROM `tb_ath` WHERE ( f_ath_mdid=4 AND (f_ath_rlid=1) )  [ RunTime:0.000724s ]
SQL: SELECT * FROM `tb_ath` WHERE ( f_ath_mdid=5 AND (f_ath_rlid=1) )  [ RunTime:0.000788s ]
SQL: SELECT * FROM `tb_ath` WHERE ( f_ath_mdid=6 AND (f_ath_rlid=1) )  [ RunTime:0.000821s ]
SQL: SELECT * FROM `tb_ath` WHERE ( f_ath_mdid=7 AND (f_ath_rlid=1) )  [ RunTime:0.000749s ]
SQL: SELECT * FROM `tb_ath` WHERE ( f_ath_mdid=8 AND (f_ath_rlid=1) )  [ RunTime:0.000719s ]
SQL: SELECT * FROM `tb_ath` WHERE ( f_ath_mdid=9 AND (f_ath_rlid=1) )  [ RunTime:0.000712s ]
SQL: SELECT * FROM `tb_ath` WHERE ( f_ath_mdid=11 AND (f_ath_rlid=1) )  [ RunTime:0.000934s ]
SQL: SELECT * FROM `tb_ath` WHERE ( f_ath_mdid=12 AND (f_ath_rlid=1) )  [ RunTime:0.000715s ]
SQL: SELECT * FROM `tb_ath` WHERE ( f_ath_mdid=13 AND (f_ath_rlid=1) )  [ RunTime:0.000704s ]
SQL: SELECT * FROM `tb_ath` WHERE ( f_ath_mdid=14 AND (f_ath_rlid=1) )  [ RunTime:0.000709s ]
SQL: SELECT * FROM `tb_ath` WHERE ( f_ath_mdid=15 AND (f_ath_rlid=1) )  [ RunTime:0.000704s ]
SQL: SELECT * FROM `tb_ath` WHERE ( f_ath_mdid=24 AND (f_ath_rlid=1) )  [ RunTime:0.000698s ]
NOTIC: [8] Undefined variable: mdidactv C:\wamp\www\xx\admin\Lib\KZMB\KZMBAction.class.php 第 92 行.
NOTIC: [8] Undefined variable: mdidactv C:\wamp\www\xx\admin\Lib\KZMB\KZMBAction.class.php 第 92 行.
NOTIC: [8] Undefined variable: mdidactv C:\wamp\www\xx\admin\Lib\KZMB\KZMBAction.class.php 第 92 行.
NOTIC: [8] Undefined variable: mdidactv C:\wamp\www\xx\admin\Lib\KZMB\KZMBAction.class.php 第 92 行.
NOTIC: [8] Undefined variable: mdidactv C:\wamp\www\xx\admin\Lib\KZMB\KZMBAction.class.php 第 92 行.
NOTIC: [8] Undefined variable: mdidactv C:\wamp\www\xx\admin\Lib\KZMB\KZMBAction.class.php 第 92 行.
NOTIC: [8] Undefined variable: mdidactv C:\wamp\www\xx\admin\Lib\KZMB\KZMBAction.class.php 第 92 行.
NOTIC: [8] Undefined variable: mdidactv C:\wamp\www\xx\admin\Lib\KZMB\KZMBAction.class.php 第 92 行.
NOTIC: [8] Undefined variable: mdidactv C:\wamp\www\xx\admin\Lib\KZMB\KZMBAction.class.php 第 92 行.
NOTIC: [8] Undefined variable: mdidactv C:\wamp\www\xx\admin\Lib\KZMB\KZMBAction.class.php 第 92 行.
NOTIC: [8] Undefined variable: mdidactv C:\wamp\www\xx\admin\Lib\KZMB\KZMBAction.class.php 第 92 行.
NOTIC: [8] Undefined variable: mdidactv C:\wamp\www\xx\admin\Lib\KZMB\KZMBAction.class.php 第 92 行.
NOTIC: [8] Undefined variable: mdidactv C:\wamp\www\xx\admin\Lib\KZMB\KZMBAction.class.php 第 92 行.
NOTIC: [8] Undefined variable: mdidactv C:\wamp\www\xx\admin\Lib\KZMB\KZMBAction.class.php 第 92 行.
NOTIC: [8] Undefined variable: mdidactv C:\wamp\www\xx\admin\Lib\KZMB\KZMBAction.class.php 第 92 行.
SQL: SELECT * FROM `tb_btn` WHERE ( f_btn_usrid=1 AND btnnm='bs1' ) LIMIT 1   [ RunTime:0.000260s ]
SQL: SELECT * FROM `tb_btn` WHERE ( f_btn_usrid=1 AND btnnm='bs1' ) LIMIT 1   [ RunTime:0.000253s ]
SQL: SELECT * FROM `tb_lbmd` LEFT JOIN tb_md ON f_lbmd_mdid=mdid WHERE ( f_lbmd_lbid=2 )  [ RunTime:0.000347s ]
SQL: SELECT * FROM `tb_ath` WHERE ( f_ath_mdid=16 AND (f_ath_rlid=1) )  [ RunTime:0.000703s ]
SQL: SELECT * FROM `tb_ath` WHERE ( f_ath_mdid=17 AND (f_ath_rlid=1) )  [ RunTime:0.000719s ]
SQL: SELECT * FROM `tb_ath` WHERE ( f_ath_mdid=18 AND (f_ath_rlid=1) )  [ RunTime:0.000695s ]
SQL: SELECT * FROM `tb_ath` WHERE ( f_ath_mdid=19 AND (f_ath_rlid=1) )  [ RunTime:0.000707s ]
SQL: SELECT * FROM `tb_ath` WHERE ( f_ath_mdid=20 AND (f_ath_rlid=1) )  [ RunTime:0.000816s ]
SQL: SELECT * FROM `tb_ath` WHERE ( f_ath_mdid=21 AND (f_ath_rlid=1) )  [ RunTime:0.000718s ]
SQL: SELECT * FROM `tb_ath` WHERE ( f_ath_mdid=22 AND (f_ath_rlid=1) )  [ RunTime:0.000671s ]
SQL: SELECT * FROM `tb_ath` WHERE ( f_ath_mdid=23 AND (f_ath_rlid=1) )  [ RunTime:0.000699s ]
NOTIC: [8] Undefined variable: mdidactv C:\wamp\www\xx\admin\Lib\KZMB\KZMBAction.class.php 第 92 行.
NOTIC: [8] Undefined variable: mdidactv C:\wamp\www\xx\admin\Lib\KZMB\KZMBAction.class.php 第 92 行.
NOTIC: [8] Undefined variable: mdidactv C:\wamp\www\xx\admin\Lib\KZMB\KZMBAction.class.php 第 92 行.
NOTIC: [8] Undefined variable: mdidactv C:\wamp\www\xx\admin\Lib\KZMB\KZMBAction.class.php 第 92 行.
NOTIC: [8] Undefined variable: mdidactv C:\wamp\www\xx\admin\Lib\KZMB\KZMBAction.class.php 第 92 行.
NOTIC: [8] Undefined variable: mdidactv C:\wamp\www\xx\admin\Lib\KZMB\KZMBAction.class.php 第 92 行.
NOTIC: [8] Undefined variable: mdidactv C:\wamp\www\xx\admin\Lib\KZMB\KZMBAction.class.php 第 92 行.
NOTIC: [8] Undefined variable: mdidactv C:\wamp\www\xx\admin\Lib\KZMB\KZMBAction.class.php 第 92 行.
SQL: SELECT * FROM `tb_btn` WHERE ( f_btn_usrid=1 AND btnnm='bs2' ) LIMIT 1   [ RunTime:0.000261s ]
SQL: SELECT * FROM `tb_btn` WHERE ( f_btn_usrid=1 AND btnnm='bs2' ) LIMIT 1   [ RunTime:0.000256s ]
SQL: SELECT * FROM `tb_lbmd` LEFT JOIN tb_md ON f_lbmd_mdid=mdid WHERE ( f_lbmd_lbid=3 )  [ RunTime:0.000401s ]
SQL: SELECT * FROM `tb_ath` WHERE ( f_ath_mdid=25 AND (f_ath_rlid=1) )  [ RunTime:0.000696s ]
SQL: SELECT * FROM `tb_ath` WHERE ( f_ath_mdid=26 AND (f_ath_rlid=1) )  [ RunTime:0.000704s ]
SQL: SELECT * FROM `tb_ath` WHERE ( f_ath_mdid=27 AND (f_ath_rlid=1) )  [ RunTime:0.000702s ]
SQL: SELECT * FROM `tb_ath` WHERE ( f_ath_mdid=28 AND (f_ath_rlid=1) )  [ RunTime:0.000702s ]
SQL: SELECT * FROM `tb_ath` WHERE ( f_ath_mdid=29 AND (f_ath_rlid=1) )  [ RunTime:0.000703s ]
SQL: SELECT * FROM `tb_ath` WHERE ( f_ath_mdid=30 AND (f_ath_rlid=1) )  [ RunTime:0.000694s ]
SQL: SELECT * FROM `tb_ath` WHERE ( f_ath_mdid=31 AND (f_ath_rlid=1) )  [ RunTime:0.000828s ]
SQL: SELECT * FROM `tb_ath` WHERE ( f_ath_mdid=32 AND (f_ath_rlid=1) )  [ RunTime:0.000866s ]
SQL: SELECT * FROM `tb_ath` WHERE ( f_ath_mdid=33 AND (f_ath_rlid=1) )  [ RunTime:0.000907s ]
SQL: SELECT * FROM `tb_ath` WHERE ( f_ath_mdid=34 AND (f_ath_rlid=1) )  [ RunTime:0.000721s ]
SQL: SELECT * FROM `tb_ath` WHERE ( f_ath_mdid=35 AND (f_ath_rlid=1) )  [ RunTime:0.000704s ]
SQL: SELECT * FROM `tb_ath` WHERE ( f_ath_mdid=36 AND (f_ath_rlid=1) )  [ RunTime:0.000718s ]
SQL: SELECT * FROM `tb_ath` WHERE ( f_ath_mdid=37 AND (f_ath_rlid=1) )  [ RunTime:0.000703s ]
SQL: SELECT * FROM `tb_ath` WHERE ( f_ath_mdid=38 AND (f_ath_rlid=1) )  [ RunTime:0.000671s ]
SQL: SELECT * FROM `tb_ath` WHERE ( f_ath_mdid=39 AND (f_ath_rlid=1) )  [ RunTime:0.000700s ]
SQL: SELECT * FROM `tb_ath` WHERE ( f_ath_mdid=40 AND (f_ath_rlid=1) )  [ RunTime:0.000688s ]
SQL: SELECT * FROM `tb_ath` WHERE ( f_ath_mdid=41 AND (f_ath_rlid=1) )  [ RunTime:0.000690s ]
SQL: SELECT * FROM `tb_ath` WHERE ( f_ath_mdid=42 AND (f_ath_rlid=1) )  [ RunTime:0.000699s ]
SQL: SELECT * FROM `tb_ath` WHERE ( f_ath_mdid=43 AND (f_ath_rlid=1) )  [ RunTime:0.000694s ]
SQL: SELECT * FROM `tb_ath` WHERE ( f_ath_mdid=44 AND (f_ath_rlid=1) )  [ RunTime:0.000697s ]
SQL: SELECT * FROM `tb_ath` WHERE ( f_ath_mdid=49 AND (f_ath_rlid=1) )  [ RunTime:0.000733s ]
NOTIC: [8] Undefined variable: mdidactv C:\wamp\www\xx\admin\Lib\KZMB\KZMBAction.class.php 第 92 行.
NOTIC: [8] Undefined variable: mdidactv C:\wamp\www\xx\admin\Lib\KZMB\KZMBAction.class.php 第 92 行.
NOTIC: [8] Undefined variable: mdidactv C:\wamp\www\xx\admin\Lib\KZMB\KZMBAction.class.php 第 92 行.
NOTIC: [8] Undefined variable: mdidactv C:\wamp\www\xx\admin\Lib\KZMB\KZMBAction.class.php 第 92 行.
NOTIC: [8] Undefined variable: mdidactv C:\wamp\www\xx\admin\Lib\KZMB\KZMBAction.class.php 第 92 行.
NOTIC: [8] Undefined variable: mdidactv C:\wamp\www\xx\admin\Lib\KZMB\KZMBAction.class.php 第 92 行.
NOTIC: [8] Undefined variable: mdidactv C:\wamp\www\xx\admin\Lib\KZMB\KZMBAction.class.php 第 92 行.
NOTIC: [8] Undefined variable: mdidactv C:\wamp\www\xx\admin\Lib\KZMB\KZMBAction.class.php 第 92 行.
NOTIC: [8] Undefined variable: mdidactv C:\wamp\www\xx\admin\Lib\KZMB\KZMBAction.class.php 第 92 行.
NOTIC: [8] Undefined variable: mdidactv C:\wamp\www\xx\admin\Lib\KZMB\KZMBAction.class.php 第 92 行.
NOTIC: [8] Undefined variable: mdidactv C:\wamp\www\xx\admin\Lib\KZMB\KZMBAction.class.php 第 92 行.
NOTIC: [8] Undefined variable: mdidactv C:\wamp\www\xx\admin\Lib\KZMB\KZMBAction.class.php 第 92 行.
NOTIC: [8] Undefined variable: mdidactv C:\wamp\www\xx\admin\Lib\KZMB\KZMBAction.class.php 第 92 行.
NOTIC: [8] Undefined variable: mdidactv C:\wamp\www\xx\admin\Lib\KZMB\KZMBAction.class.php 第 92 行.
NOTIC: [8] Undefined variable: mdidactv C:\wamp\www\xx\admin\Lib\KZMB\KZMBAction.class.php 第 92 行.
NOTIC: [8] Undefined variable: mdidactv C:\wamp\www\xx\admin\Lib\KZMB\KZMBAction.class.php 第 92 行.
NOTIC: [8] Undefined variable: mdidactv C:\wamp\www\xx\admin\Lib\KZMB\KZMBAction.class.php 第 92 行.
NOTIC: [8] Undefined variable: mdidactv C:\wamp\www\xx\admin\Lib\KZMB\KZMBAction.class.php 第 92 行.
NOTIC: [8] Undefined variable: mdidactv C:\wamp\www\xx\admin\Lib\KZMB\KZMBAction.class.php 第 92 行.
NOTIC: [8] Undefined variable: mdidactv C:\wamp\www\xx\admin\Lib\KZMB\KZMBAction.class.php 第 92 行.
NOTIC: [8] Undefined variable: mdidactv C:\wamp\www\xx\admin\Lib\KZMB\KZMBAction.class.php 第 92 行.
SQL: SELECT * FROM `tb_btn` WHERE ( f_btn_usrid=1 AND btnnm='bs3' ) LIMIT 1   [ RunTime:0.000251s ]
SQL: SELECT * FROM `tb_btn` WHERE ( f_btn_usrid=1 AND btnnm='bs3' ) LIMIT 1   [ RunTime:0.000266s ]
SQL: SELECT * FROM `tb_lbmd` LEFT JOIN tb_md ON f_lbmd_mdid=mdid WHERE ( f_lbmd_lbid=4 )  [ RunTime:0.000313s ]
SQL: SELECT * FROM `tb_ath` WHERE ( f_ath_mdid=45 AND (f_ath_rlid=1) )  [ RunTime:0.000700s ]
NOTIC: [8] Undefined variable: mdidactv C:\wamp\www\xx\admin\Lib\KZMB\KZMBAction.class.php 第 92 行.
SQL: SELECT * FROM `tb_btn` WHERE ( f_btn_usrid=1 AND btnnm='bs4' ) LIMIT 1   [ RunTime:0.000268s ]
SQL: SELECT * FROM `tb_btn` WHERE ( f_btn_usrid=1 AND btnnm='bs4' ) LIMIT 1   [ RunTime:0.000262s ]
SQL: SELECT * FROM `tb_lbmd` LEFT JOIN tb_md ON f_lbmd_mdid=mdid WHERE ( f_lbmd_lbid=5 )  [ RunTime:0.000377s ]
SQL: SELECT * FROM `tb_ath` WHERE ( f_ath_mdid=46 AND (f_ath_rlid=1) )  [ RunTime:0.000951s ]
SQL: SELECT * FROM `tb_ath` WHERE ( f_ath_mdid=47 AND (f_ath_rlid=1) )  [ RunTime:0.000698s ]
SQL: SELECT * FROM `tb_ath` WHERE ( f_ath_mdid=48 AND (f_ath_rlid=1) )  [ RunTime:0.000722s ]
NOTIC: [8] Undefined variable: mdidactv C:\wamp\www\xx\admin\Lib\KZMB\KZMBAction.class.php 第 92 行.
NOTIC: [8] Undefined variable: mdidactv C:\wamp\www\xx\admin\Lib\KZMB\KZMBAction.class.php 第 92 行.
NOTIC: [8] Undefined variable: mdidactv C:\wamp\www\xx\admin\Lib\KZMB\KZMBAction.class.php 第 92 行.
SQL: SELECT * FROM `tb_btn` WHERE ( f_btn_usrid=1 AND btnnm='bs5' ) LIMIT 1   [ RunTime:0.000259s ]
SQL: SELECT * FROM `tb_btn` WHERE ( f_btn_usrid=1 AND btnnm='bs5' ) LIMIT 1   [ RunTime:0.000269s ]
INFO: [ view_parse ] --START--
NOTIC: [8] Use of undefined constant lbid - assumed 'lbid' C:\wamp\www\xx\admin\Runtime\Cache\95ce6485eccf9f806ee32535db24cf7f.php 第 146 行.
NOTIC: [8] Use of undefined constant lbid - assumed 'lbid' C:\wamp\www\xx\admin\Runtime\Cache\95ce6485eccf9f806ee32535db24cf7f.php 第 146 行.
NOTIC: [8] Use of undefined constant lbid - assumed 'lbid' C:\wamp\www\xx\admin\Runtime\Cache\95ce6485eccf9f806ee32535db24cf7f.php 第 146 行.
NOTIC: [8] Use of undefined constant lbid - assumed 'lbid' C:\wamp\www\xx\admin\Runtime\Cache\95ce6485eccf9f806ee32535db24cf7f.php 第 146 行.
NOTIC: [8] Use of undefined constant lbid - assumed 'lbid' C:\wamp\www\xx\admin\Runtime\Cache\95ce6485eccf9f806ee32535db24cf7f.php 第 146 行.
INFO: ParseTemplate Behavior ::run [ RunTime:0.118057s ]
INFO: [ view_parse ] --END-- [ RunTime:0.118203s ]
INFO: [ view_filter ] --START--
INFO: ContentReplace Behavior ::run [ RunTime:0.012731s ]
INFO: TokenBuild Behavior ::run [ RunTime:0.009015s ]
INFO: WriteHtmlCache Behavior ::run [ RunTime:0.000749s ]
INFO: ShowRuntime Behavior ::run [ RunTime:0.010228s ]
INFO: [ view_filter ] --END-- [ RunTime:0.033097s ]
INFO: [ view_end ] --START--
INFO: ShowPageTrace Behavior ::run [ RunTime:0.006847s ]
INFO: [ view_end ] --END-- [ RunTime:0.006972s ]

[ 2015-05-22T08:15:21+08:00 ] 127.0.0.1 /xx/admin.php/Cw/query
INFO: [ route_check ] --START--
INFO: CheckRoute Behavior ::run [ RunTime:0.011491s ]
INFO: [ route_check ] --END-- [ RunTime:0.011646s ]
INFO: [ app_begin ] --START--
INFO: ReadHtmlCache Behavior ::run [ RunTime:0.000714s ]
INFO: [ app_begin ] --END-- [ RunTime:0.000844s ]
SQL: SHOW COLUMNS FROM `tb_usr` [ RunTime:0.003934s ]
SQL: SELECT * FROM `tb_usr` WHERE ( usrid=1 AND usrps=1 ) LIMIT 1   [ RunTime:0.000467s ]
SQL: SELECT * FROM `tb_usr` WHERE ( usrid=1 ) LIMIT 1   [ RunTime:0.000329s ]
SQL: SHOW COLUMNS FROM `tb_md` [ RunTime:0.003707s ]
SQL: SELECT * FROM `tb_md` WHERE ( mdmk='Cw' ) LIMIT 1   [ RunTime:0.000400s ]
SQL: SELECT * FROM `tb_usr` WHERE ( usrid=1 AND usrps=1 ) LIMIT 1   [ RunTime:0.000395s ]
SQL: SHOW COLUMNS FROM `tb_usrrl` [ RunTime:0.003591s ]
SQL: SELECT * FROM `tb_usrrl` WHERE ( f_usrrl_usrid=1 )  [ RunTime:0.000374s ]
SQL: SHOW COLUMNS FROM `tb_ath` [ RunTime:0.003651s ]
SQL: SELECT * FROM `tb_ath` WHERE ( f_ath_mdid=48 AND (f_ath_rlid=1) )  [ RunTime:0.000772s ]
SQL: SELECT * FROM `tb_md` WHERE ( mdid=48 ) LIMIT 1   [ RunTime:0.000259s ]
NOTIC: [8] Undefined index: cwid C:\wamp\www\xx\admin\Lib\IDTATH\IdtathAction.class.php 第 91 行.
SQL: SELECT * FROM `tb_md` WHERE ( mdmk='Usr' ) LIMIT 1   [ RunTime:0.000269s ]
SQL: SELECT * FROM `tb_usr` WHERE ( usrid=1 AND usrps=1 ) LIMIT 1   [ RunTime:0.000321s ]
SQL: SELECT * FROM `tb_usrrl` WHERE ( f_usrrl_usrid=1 )  [ RunTime:0.000254s ]
SQL: SELECT * FROM `tb_ath` WHERE ( f_ath_mdid=2 AND (f_ath_rlid=1) )  [ RunTime:0.000781s ]
SQL: SELECT COUNT(*) AS tp_count FROM `tb_usr` WHERE ( usrvw=0 ) LIMIT 1   [ RunTime:0.000273s ]
SQL: SELECT * FROM `tb_md` WHERE ( mdmk='Cstmusr' ) LIMIT 1   [ RunTime:0.000271s ]
SQL: SELECT * FROM `tb_usr` WHERE ( usrid=1 AND usrps=1 ) LIMIT 1   [ RunTime:0.000307s ]
SQL: SELECT * FROM `tb_usrrl` WHERE ( f_usrrl_usrid=1 )  [ RunTime:0.000255s ]
SQL: SELECT * FROM `tb_ath` WHERE ( f_ath_mdid=16 AND (f_ath_rlid=1) )  [ RunTime:0.000707s ]
SQL: SHOW COLUMNS FROM `tb_cstmusr` [ RunTime:0.003802s ]
SQL: SELECT COUNT(*) AS tp_count FROM `tb_cstmusr` WHERE ( cstmusrvw=0 ) LIMIT 1   [ RunTime:0.000279s ]
SQL: SELECT * FROM `tb_md` WHERE ( mdmk='Atc' ) LIMIT 1   [ RunTime:0.000262s ]
SQL: SELECT * FROM `tb_usr` WHERE ( usrid=1 AND usrps=1 ) LIMIT 1   [ RunTime:0.000296s ]
SQL: SELECT * FROM `tb_usrrl` WHERE ( f_usrrl_usrid=1 )  [ RunTime:0.000265s ]
SQL: SELECT * FROM `tb_ath` WHERE ( f_ath_mdid=6 AND (f_ath_rlid=1) )  [ RunTime:0.000722s ]
SQL: SHOW COLUMNS FROM `tb_atc` [ RunTime:0.004426s ]
SQL: SELECT COUNT(*) AS tp_count FROM `tb_atc` WHERE ( atcvw=0 ) LIMIT 1   [ RunTime:0.000296s ]
NOTIC: [8] Undefined variable: ntfstrusr C:\wamp\www\xx\admin\Lib\NTF\NTFAction.class.php 第 52 行.
NOTIC: [8] Undefined variable: ntfstratc C:\wamp\www\xx\admin\Lib\NTF\NTFAction.class.php 第 52 行.
NOTIC: [8] Undefined variable: ntfstrcstmusr C:\wamp\www\xx\admin\Lib\NTF\NTFAction.class.php 第 52 行.
SQL: SHOW COLUMNS FROM `tb_btn` [ RunTime:0.003550s ]
SQL: SELECT * FROM `tb_btn` WHERE ( f_btn_usrid=1 AND btnnm='lft' ) LIMIT 1   [ RunTime:0.000303s ]
SQL: SELECT * FROM `tb_btn` WHERE ( f_btn_usrid=1 AND btnnm='lft' ) LIMIT 1   [ RunTime:0.000271s ]
SQL: SELECT * FROM `tb_usrrl` WHERE ( f_usrrl_usrid=1 )  [ RunTime:0.000268s ]
SQL: SHOW COLUMNS FROM `tb_lb` [ RunTime:0.004291s ]
SQL: SHOW COLUMNS FROM `tb_lbmd` [ RunTime:0.003139s ]
SQL: SELECT * FROM `tb_lb`  [ RunTime:0.000218s ]
SQL: SELECT * FROM `tb_lbmd` LEFT JOIN tb_md ON f_lbmd_mdid=mdid WHERE ( f_lbmd_lbid=1 )  [ RunTime:0.000338s ]
SQL: SELECT * FROM `tb_ath` WHERE ( f_ath_mdid=1 AND (f_ath_rlid=1) )  [ RunTime:0.000697s ]
SQL: SELECT * FROM `tb_ath` WHERE ( f_ath_mdid=2 AND (f_ath_rlid=1) )  [ RunTime:0.000675s ]
SQL: SELECT * FROM `tb_ath` WHERE ( f_ath_mdid=3 AND (f_ath_rlid=1) )  [ RunTime:0.000698s ]
SQL: SELECT * FROM `tb_ath` WHERE ( f_ath_mdid=4 AND (f_ath_rlid=1) )  [ RunTime:0.000959s ]
SQL: SELECT * FROM `tb_ath` WHERE ( f_ath_mdid=5 AND (f_ath_rlid=1) )  [ RunTime:0.000716s ]
SQL: SELECT * FROM `tb_ath` WHERE ( f_ath_mdid=6 AND (f_ath_rlid=1) )  [ RunTime:0.000746s ]
SQL: SELECT * FROM `tb_ath` WHERE ( f_ath_mdid=7 AND (f_ath_rlid=1) )  [ RunTime:0.000743s ]
SQL: SELECT * FROM `tb_ath` WHERE ( f_ath_mdid=8 AND (f_ath_rlid=1) )  [ RunTime:0.000767s ]
SQL: SELECT * FROM `tb_ath` WHERE ( f_ath_mdid=9 AND (f_ath_rlid=1) )  [ RunTime:0.000734s ]
SQL: SELECT * FROM `tb_ath` WHERE ( f_ath_mdid=11 AND (f_ath_rlid=1) )  [ RunTime:0.000725s ]
SQL: SELECT * FROM `tb_ath` WHERE ( f_ath_mdid=12 AND (f_ath_rlid=1) )  [ RunTime:0.000696s ]
SQL: SELECT * FROM `tb_ath` WHERE ( f_ath_mdid=13 AND (f_ath_rlid=1) )  [ RunTime:0.000706s ]
SQL: SELECT * FROM `tb_ath` WHERE ( f_ath_mdid=14 AND (f_ath_rlid=1) )  [ RunTime:0.000728s ]
SQL: SELECT * FROM `tb_ath` WHERE ( f_ath_mdid=15 AND (f_ath_rlid=1) )  [ RunTime:0.001028s ]
SQL: SELECT * FROM `tb_ath` WHERE ( f_ath_mdid=24 AND (f_ath_rlid=1) )  [ RunTime:0.000716s ]
SQL: SELECT * FROM `tb_btn` WHERE ( f_btn_usrid=1 AND btnnm='bs1' ) LIMIT 1   [ RunTime:0.000268s ]
SQL: SELECT * FROM `tb_btn` WHERE ( f_btn_usrid=1 AND btnnm='bs1' ) LIMIT 1   [ RunTime:0.000255s ]
SQL: SELECT * FROM `tb_lbmd` LEFT JOIN tb_md ON f_lbmd_mdid=mdid WHERE ( f_lbmd_lbid=2 )  [ RunTime:0.000344s ]
SQL: SELECT * FROM `tb_ath` WHERE ( f_ath_mdid=16 AND (f_ath_rlid=1) )  [ RunTime:0.000711s ]
SQL: SELECT * FROM `tb_ath` WHERE ( f_ath_mdid=17 AND (f_ath_rlid=1) )  [ RunTime:0.000676s ]
SQL: SELECT * FROM `tb_ath` WHERE ( f_ath_mdid=18 AND (f_ath_rlid=1) )  [ RunTime:0.000704s ]
SQL: SELECT * FROM `tb_ath` WHERE ( f_ath_mdid=19 AND (f_ath_rlid=1) )  [ RunTime:0.000702s ]
SQL: SELECT * FROM `tb_ath` WHERE ( f_ath_mdid=20 AND (f_ath_rlid=1) )  [ RunTime:0.000696s ]
SQL: SELECT * FROM `tb_ath` WHERE ( f_ath_mdid=21 AND (f_ath_rlid=1) )  [ RunTime:0.001005s ]
SQL: SELECT * FROM `tb_ath` WHERE ( f_ath_mdid=22 AND (f_ath_rlid=1) )  [ RunTime:0.000970s ]
SQL: SELECT * FROM `tb_ath` WHERE ( f_ath_mdid=23 AND (f_ath_rlid=1) )  [ RunTime:0.000700s ]
SQL: SELECT * FROM `tb_btn` WHERE ( f_btn_usrid=1 AND btnnm='bs2' ) LIMIT 1   [ RunTime:0.000264s ]
SQL: SELECT * FROM `tb_btn` WHERE ( f_btn_usrid=1 AND btnnm='bs2' ) LIMIT 1   [ RunTime:0.000259s ]
SQL: SELECT * FROM `tb_lbmd` LEFT JOIN tb_md ON f_lbmd_mdid=mdid WHERE ( f_lbmd_lbid=3 )  [ RunTime:0.000404s ]
SQL: SELECT * FROM `tb_ath` WHERE ( f_ath_mdid=25 AND (f_ath_rlid=1) )  [ RunTime:0.000703s ]
SQL: SELECT * FROM `tb_ath` WHERE ( f_ath_mdid=26 AND (f_ath_rlid=1) )  [ RunTime:0.000746s ]
SQL: SELECT * FROM `tb_ath` WHERE ( f_ath_mdid=27 AND (f_ath_rlid=1) )  [ RunTime:0.000693s ]
SQL: SELECT * FROM `tb_ath` WHERE ( f_ath_mdid=28 AND (f_ath_rlid=1) )  [ RunTime:0.000701s ]
SQL: SELECT * FROM `tb_ath` WHERE ( f_ath_mdid=29 AND (f_ath_rlid=1) )  [ RunTime:0.000701s ]
SQL: SELECT * FROM `tb_ath` WHERE ( f_ath_mdid=30 AND (f_ath_rlid=1) )  [ RunTime:0.000960s ]
SQL: SELECT * FROM `tb_ath` WHERE ( f_ath_mdid=31 AND (f_ath_rlid=1) )  [ RunTime:0.000696s ]
SQL: SELECT * FROM `tb_ath` WHERE ( f_ath_mdid=32 AND (f_ath_rlid=1) )  [ RunTime:0.000697s ]
SQL: SELECT * FROM `tb_ath` WHERE ( f_ath_mdid=33 AND (f_ath_rlid=1) )  [ RunTime:0.000712s ]
SQL: SELECT * FROM `tb_ath` WHERE ( f_ath_mdid=34 AND (f_ath_rlid=1) )  [ RunTime:0.000697s ]
SQL: SELECT * FROM `tb_ath` WHERE ( f_ath_mdid=35 AND (f_ath_rlid=1) )  [ RunTime:0.000704s ]
SQL: SELECT * FROM `tb_ath` WHERE ( f_ath_mdid=36 AND (f_ath_rlid=1) )  [ RunTime:0.000706s ]
SQL: SELECT * FROM `tb_ath` WHERE ( f_ath_mdid=37 AND (f_ath_rlid=1) )  [ RunTime:0.000732s ]
SQL: SELECT * FROM `tb_ath` WHERE ( f_ath_mdid=38 AND (f_ath_rlid=1) )  [ RunTime:0.000702s ]
SQL: SELECT * FROM `tb_ath` WHERE ( f_ath_mdid=39 AND (f_ath_rlid=1) )  [ RunTime:0.000692s ]
SQL: SELECT * FROM `tb_ath` WHERE ( f_ath_mdid=40 AND (f_ath_rlid=1) )  [ RunTime:0.000692s ]
SQL: SELECT * FROM `tb_ath` WHERE ( f_ath_mdid=41 AND (f_ath_rlid=1) )  [ RunTime:0.000697s ]
SQL: SELECT * FROM `tb_ath` WHERE ( f_ath_mdid=42 AND (f_ath_rlid=1) )  [ RunTime:0.001011s ]
SQL: SELECT * FROM `tb_ath` WHERE ( f_ath_mdid=43 AND (f_ath_rlid=1) )  [ RunTime:0.000716s ]
SQL: SELECT * FROM `tb_ath` WHERE ( f_ath_mdid=44 AND (f_ath_rlid=1) )  [ RunTime:0.000714s ]
SQL: SELECT * FROM `tb_ath` WHERE ( f_ath_mdid=49 AND (f_ath_rlid=1) )  [ RunTime:0.000709s ]
SQL: SELECT * FROM `tb_btn` WHERE ( f_btn_usrid=1 AND btnnm='bs3' ) LIMIT 1   [ RunTime:0.000268s ]
SQL: SELECT * FROM `tb_btn` WHERE ( f_btn_usrid=1 AND btnnm='bs3' ) LIMIT 1   [ RunTime:0.000255s ]
SQL: SELECT * FROM `tb_lbmd` LEFT JOIN tb_md ON f_lbmd_mdid=mdid WHERE ( f_lbmd_lbid=4 )  [ RunTime:0.000298s ]
SQL: SELECT * FROM `tb_ath` WHERE ( f_ath_mdid=45 AND (f_ath_rlid=1) )  [ RunTime:0.001024s ]
SQL: SELECT * FROM `tb_btn` WHERE ( f_btn_usrid=1 AND btnnm='bs4' ) LIMIT 1   [ RunTime:0.000275s ]
SQL: SELECT * FROM `tb_btn` WHERE ( f_btn_usrid=1 AND btnnm='bs4' ) LIMIT 1   [ RunTime:0.000249s ]
SQL: SELECT * FROM `tb_lbmd` LEFT JOIN tb_md ON f_lbmd_mdid=mdid WHERE ( f_lbmd_lbid=5 )  [ RunTime:0.000313s ]
SQL: SELECT * FROM `tb_ath` WHERE ( f_ath_mdid=46 AND (f_ath_rlid=1) )  [ RunTime:0.000719s ]
SQL: SELECT * FROM `tb_ath` WHERE ( f_ath_mdid=47 AND (f_ath_rlid=1) )  [ RunTime:0.000714s ]
SQL: SELECT * FROM `tb_ath` WHERE ( f_ath_mdid=48 AND (f_ath_rlid=1) )  [ RunTime:0.000674s ]
SQL: SELECT * FROM `tb_btn` WHERE ( f_btn_usrid=1 AND btnnm='bs5' ) LIMIT 1   [ RunTime:0.000271s ]
SQL: SELECT * FROM `tb_btn` WHERE ( f_btn_usrid=1 AND btnnm='bs5' ) LIMIT 1   [ RunTime:0.000260s ]
SQL: SELECT * FROM `tb_md` WHERE ( mdmk='Stt' ) LIMIT 1   [ RunTime:0.000264s ]
SQL: SELECT * FROM `tb_usr` WHERE ( usrid=1 AND usrps=1 ) LIMIT 1   [ RunTime:0.000295s ]
SQL: SELECT * FROM `tb_usrrl` WHERE ( f_usrrl_usrid=1 )  [ RunTime:0.000251s ]
SQL: SELECT * FROM `tb_ath` WHERE ( f_ath_mdid=25 AND (f_ath_rlid=1) )  [ RunTime:0.000697s ]
SQL: SELECT * FROM `tb_usr` WHERE ( usrid=1 ) LIMIT 1   [ RunTime:0.000291s ]
NOTIC: [8] Undefined index: cdt C:\wamp\www\xx\admin\Lib\Action\CwAction.class.php 第 338 行.
SQL: SHOW COLUMNS FROM `tb_grd` [ RunTime:0.003848s ]
SQL: SELECT * FROM `tb_grd` ORDER BY grdid DESC LIMIT 1   [ RunTime:0.000280s ]
SQL: SELECT * FROM `tb_grd` WHERE ( grdid=4 ) LIMIT 1   [ RunTime:0.000258s ]
SQL: SHOW COLUMNS FROM `tb_2015_cw` [ RunTime:0.003767s ]
SQL: SHOW COLUMNS FROM `tb_xn` [ RunTime:0.003372s ]
SQL: SELECT * FROM `tb_xn` WHERE ( xndq=1 ) LIMIT 1   [ RunTime:0.000273s ]
SQL: SELECT * FROM `tb_grd` WHERE ( grdid=4 ) LIMIT 1   [ RunTime:0.000308s ]
SQL: SELECT * FROM `tb_xn` WHERE ( xnid=2 ) LIMIT 1   [ RunTime:0.000224s ]
SQL: SHOW COLUMNS FROM `tb_xq` [ RunTime:0.003659s ]
SQL: SELECT * FROM `tb_xq` WHERE ( xqnm LIKE '%2015%' )  [ RunTime:0.000265s ]
SQL: SHOW COLUMNS FROM `tb_2015_sttintxq` [ RunTime:0.003561s ]
SQL: SELECT * FROM `tb_2015_sttintxq` WHERE ( f_sttintxq_sttid=1 ) LIMIT 1   [ RunTime:0.000363s ]
SQL: SELECT * FROM `tb_2015_sttintxq` WHERE ( f_sttintxq_grdid=4 AND f_sttintxq_sttid=1 ) LIMIT 1   [ RunTime:0.000374s ]
NOTIC: [2] Missing argument 8 for NBAction::NB(), called in C:\wamp\www\xx\admin\Lib\Action\CwAction.class.php on line 398 and defined C:\wamp\www\xx\admin\Lib\NB\NBAction.class.php 第 46 行.
NOTIC: [8] Undefined index: NBsqlstc C:\wamp\www\xx\admin\Lib\NB\NBAction.class.php 第 49 行.
NOTIC: [8] Undefined index: NBsqlstc C:\wamp\www\xx\admin\Lib\NB\NBAction.class.php 第 49 行.
NOTIC: [8] Undefined index: fld C:\wamp\www\xx\admin\Lib\NB\NBAction.class.php 第 139 行.
NOTIC: [8] Undefined index: fld C:\wamp\www\xx\admin\Lib\NB\NBAction.class.php 第 141 行.
NOTIC: [8] Undefined index: cdt C:\wamp\www\xx\admin\Lib\NB\NBAction.class.php 第 144 行.
NOTIC: [8] Undefined index: cdt C:\wamp\www\xx\admin\Lib\NB\NBAction.class.php 第 146 行.
NOTIC: [8] Undefined index: spccdt C:\wamp\www\xx\admin\Lib\NB\NBAction.class.php 第 149 行.
NOTIC: [8] Undefined index: spccdt C:\wamp\www\xx\admin\Lib\NB\NBAction.class.php 第 151 行.
NOTIC: [8] Undefined index: odr C:\wamp\www\xx\admin\Lib\NB\NBAction.class.php 第 154 行.
NOTIC: [8] Undefined index: odr C:\wamp\www\xx\admin\Lib\NB\NBAction.class.php 第 156 行.
NOTIC: [8] Undefined index: lmt C:\wamp\www\xx\admin\Lib\NB\NBAction.class.php 第 159 行.
NOTIC: [8] Undefined index: lmt C:\wamp\www\xx\admin\Lib\NB\NBAction.class.php 第 161 行.
NOTIC: [8] Undefined variable: odrpcd C:\wamp\www\xx\admin\Lib\NB\NBAction.class.php 第 35 行.
NOTIC: [8] Undefined variable: lsyon C:\wamp\www\xx\admin\Lib\NB\NBAction.class.php 第 182 行.
SQL: SELECT COUNT(*) AS tp_count FROM `tb_2015_cw` LEFT JOIN tb_2015_std ON f_cw_stdid=stdid inner join tb_2015_stdxqcls ON stdid=f_stdxqcls_stdid inner join tb_2015_stdxqmj ON stdid=f_stdxqmj_stdid LEFT JOIN tb_xn ON f_cw_xnid=xnid LEFT JOIN tb_stt ON f_std_sttid=sttid LEFT JOIN tb_grd ON f_std_grdid=grdid LEFT JOIN tb_2015_mj ON f_stdxqmj_mjid=mjid LEFT JOIN tb_bxxs ON f_mj_bxxsid=bxxsid LEFT JOIN tb_cc ON f_mj_ccid=ccid LEFT JOIN tb_kl ON f_mj_klid=klid LEFT JOIN tb_xxxs ON f_mj_xxxsid=xxxsid LEFT JOIN tb_zsfw ON f_mj_zsfwid=zsfwid LEFT JOIN tb_xz ON f_mj_xzid=xzid LEFT JOIN tb_2015_cls ON f_stdxqcls_clsid=clsid LEFT JOIN tb_dm ON f_std_dmid=dmid LEFT JOIN tb_sex ON f_std_sexid=sexid LEFT JOIN tb_rc ON f_std_rcid=rcid LEFT JOIN tb_zzmm ON f_std_zzmmid=zzmmid LEFT JOIN tb_xl ON f_std_xlid=xlid LEFT JOIN tb_stat ON f_std_statid=statid LEFT JOIN tb_xq ON f_stdxqcls_xqid=xqid WHERE ( 1=1 AND f_std_grdid=4 AND f_cw_xnid=2 AND f_std_sttid=1 AND f_std_statid=5 AND f_stdxqcls_xqid=3 AND f_stdxqmj_xqid=3 ) ORDER BY f_mj_bxxsid ASC,clsid ASC,mjid ASC,stdno ASC LIMIT 1   [ RunTime:0.002195s ]
NOTIC: [8] Undefined variable: sqlstc C:\wamp\www\xx\admin\Lib\NB\NBAction.class.php 第 201 行.
SQL: SELECT `cwid`,`bxxsnm`,`sttnm`,`f_std_grdid`,`grdnm`,`f_cw_xnid`,`xnnm`,`f_stdxqcls_clsid`,`clsnm`,`stdno`,`stdnm`,`sexnm`,`dmnm`,`mjnm`,`statnm`,`cwyjxfsm`,`cwyjjckwfsm`,`cwyjzsfsm`,`cwsjxfsm`,`cwsjjckwfsm`,`cwsjzsfsm` FROM `tb_2015_cw` LEFT JOIN tb_2015_std ON f_cw_stdid=stdid inner join tb_2015_stdxqcls ON stdid=f_stdxqcls_stdid inner join tb_2015_stdxqmj ON stdid=f_stdxqmj_stdid LEFT JOIN tb_xn ON f_cw_xnid=xnid LEFT JOIN tb_stt ON f_std_sttid=sttid LEFT JOIN tb_grd ON f_std_grdid=grdid LEFT JOIN tb_2015_mj ON f_stdxqmj_mjid=mjid LEFT JOIN tb_bxxs ON f_mj_bxxsid=bxxsid LEFT JOIN tb_cc ON f_mj_ccid=ccid LEFT JOIN tb_kl ON f_mj_klid=klid LEFT JOIN tb_xxxs ON f_mj_xxxsid=xxxsid LEFT JOIN tb_zsfw ON f_mj_zsfwid=zsfwid LEFT JOIN tb_xz ON f_mj_xzid=xzid LEFT JOIN tb_2015_cls ON f_stdxqcls_clsid=clsid LEFT JOIN tb_dm ON f_std_dmid=dmid LEFT JOIN tb_sex ON f_std_sexid=sexid LEFT JOIN tb_rc ON f_std_rcid=rcid LEFT JOIN tb_zzmm ON f_std_zzmmid=zzmmid LEFT JOIN tb_xl ON f_std_xlid=xlid LEFT JOIN tb_stat ON f_std_statid=statid LEFT JOIN tb_xq ON f_stdxqcls_xqid=xqid WHERE ( 1=1 AND f_std_grdid=4 AND f_cw_xnid=2 AND f_std_sttid=1 AND f_std_statid=5 AND f_stdxqcls_xqid=3 AND f_stdxqmj_xqid=3 ) ORDER BY f_mj_bxxsid ASC,clsid ASC,mjid ASC,stdno ASC LIMIT 0,20   [ RunTime:0.001218s ]
NOTIC: [8] Undefined variable: sqlstc C:\wamp\www\xx\admin\Lib\NB\NBAction.class.php 第 258 行.
NOTIC: [8] Undefined variable: mlsforcount C:\wamp\www\xx\admin\Lib\NB\NBAction.class.php 第 267 行.
NOTIC: [2] Invalid argument supplied for foreach() C:\wamp\www\xx\admin\Lib\Action\CwAction.class.php 第 403 行.
SQL: SHOW COLUMNS FROM `tb_bxxs` [ RunTime:0.003628s ]
SQL: SELECT * FROM `tb_bxxs`  [ RunTime:0.000252s ]
SQL: SHOW COLUMNS FROM `tb_stt` [ RunTime:0.003840s ]
SQL: SELECT * FROM `tb_stt`  [ RunTime:0.000323s ]
SQL: SHOW COLUMNS FROM `tb_cc` [ RunTime:0.003430s ]
SQL: SELECT * FROM `tb_cc`  [ RunTime:0.000655s ]
SQL: SHOW COLUMNS FROM `tb_kl` [ RunTime:0.003352s ]
SQL: SELECT * FROM `tb_kl`  [ RunTime:0.000281s ]
SQL: SHOW COLUMNS FROM `tb_xxxs` [ RunTime:0.004186s ]
SQL: SELECT * FROM `tb_xxxs`  [ RunTime:0.000277s ]
SQL: SHOW COLUMNS FROM `tb_zsfw` [ RunTime:0.003522s ]
SQL: SELECT * FROM `tb_zsfw`  [ RunTime:0.000271s ]
SQL: SHOW COLUMNS FROM `tb_xz` [ RunTime:0.003280s ]
SQL: SELECT * FROM `tb_xz`  [ RunTime:0.000253s ]
SQL: SELECT * FROM `tb_grd` ORDER BY grdnm DESC  [ RunTime:0.000272s ]
SQL: SELECT * FROM `tb_xq` ORDER BY xqnm DESC  [ RunTime:0.000279s ]
SQL: SHOW COLUMNS FROM `tb_2015_cls` [ RunTime:0.004295s ]
SQL: SELECT * FROM `tb_2015_cls` LEFT JOIN tb_stt ON f_cls_sttid=sttid WHERE ( 1=1 AND f_cls_sttid=1 AND f_cls_grdid=4 ) ORDER BY clsnm ASC  [ RunTime:0.000422s ]
NOTIC: [2] array_push() expects parameter 1 to be array, null given C:\wamp\www\xx\admin\Lib\Action\CwAction.class.php 第 501 行.
SQL: SELECT * FROM `tb_xn` WHERE ( xnnm>=2015 ) ORDER BY xnid DESC  [ RunTime:0.000275s ]
SQL: SHOW COLUMNS FROM `tb_dm` [ RunTime:0.003669s ]
SQL: SELECT * FROM `tb_dm`  [ RunTime:0.000274s ]
SQL: SHOW COLUMNS FROM `tb_sex` [ RunTime:0.003289s ]
SQL: SELECT * FROM `tb_sex`  [ RunTime:0.000265s ]
SQL: SHOW COLUMNS FROM `tb_rc` [ RunTime:0.003933s ]
SQL: SELECT * FROM `tb_rc`  [ RunTime:0.000767s ]
SQL: SHOW COLUMNS FROM `tb_zzmm` [ RunTime:0.003527s ]
SQL: SELECT * FROM `tb_zzmm`  [ RunTime:0.000253s ]
SQL: SHOW COLUMNS FROM `tb_xl` [ RunTime:0.003524s ]
SQL: SELECT * FROM `tb_xl`  [ RunTime:0.000268s ]
SQL: SHOW COLUMNS FROM `tb_2015_mj` [ RunTime:0.003712s ]
SQL: SELECT * FROM `tb_2015_mj` LEFT JOIN tb_bxxs ON f_mj_bxxsid=bxxsid WHERE ( 1=1 AND f_mj_grdid=4 ) ORDER BY f_mj_bxxsid ASC,mjdm ASC  [ RunTime:0.000556s ]
SQL: SHOW COLUMNS FROM `tb_stat` [ RunTime:0.003484s ]
SQL: SELECT * FROM `tb_stat`  [ RunTime:0.000253s ]
INFO: [ view_parse ] --START--
NOTIC: [8] Use of undefined constant lbid - assumed 'lbid' C:\wamp\www\xx\admin\Runtime\Cache\3ef128e7d5dbb6f431098421582521c3.php 第 147 行.
NOTIC: [8] Use of undefined constant lbid - assumed 'lbid' C:\wamp\www\xx\admin\Runtime\Cache\3ef128e7d5dbb6f431098421582521c3.php 第 147 行.
NOTIC: [8] Use of undefined constant lbid - assumed 'lbid' C:\wamp\www\xx\admin\Runtime\Cache\3ef128e7d5dbb6f431098421582521c3.php 第 147 行.
NOTIC: [8] Use of undefined constant lbid - assumed 'lbid' C:\wamp\www\xx\admin\Runtime\Cache\3ef128e7d5dbb6f431098421582521c3.php 第 147 行.
NOTIC: [8] Use of undefined constant lbid - assumed 'lbid' C:\wamp\www\xx\admin\Runtime\Cache\3ef128e7d5dbb6f431098421582521c3.php 第 147 行.
INFO: ParseTemplate Behavior ::run [ RunTime:0.076468s ]
INFO: [ view_parse ] --END-- [ RunTime:0.076663s ]
INFO: [ view_filter ] --START--
INFO: ContentReplace Behavior ::run [ RunTime:0.001130s ]
INFO: TokenBuild Behavior ::run [ RunTime:0.000882s ]
INFO: WriteHtmlCache Behavior ::run [ RunTime:0.000582s ]
INFO: ShowRuntime Behavior ::run [ RunTime:0.000731s ]
INFO: [ view_filter ] --END-- [ RunTime:0.003819s ]
INFO: [ view_end ] --START--
INFO: ShowPageTrace Behavior ::run [ RunTime:0.000746s ]
INFO: [ view_end ] --END-- [ RunTime:0.000904s ]

[ 2015-05-22T08:15:33+08:00 ] 127.0.0.1 /xx/admin.php/Cw/query/fld/-cwid-stdid-bxxsnm-sttnm-f_std_grdid-grdnm-xnnm-f_stdxqcls_xqid-stdno-stdnm-sexnm-dmnm-f_stdxqcls_clsid-clsnm-mjnm-statnm-cwyjxfsm-cwyjjckwfsm-cwyjzsfsm-cwsjxfsm-cwsjjckwfsm-cwsjzsfsm-/cdt/-sp-f_std_sttid-eq-1-sp-f_std_grdid-eq-4-sp-f_cw_xnid-eq-2-sp-f_stdxqcls_xqid-eq-3-sp-f_stdxqmj_xqid-eq-3-sp-f_std_statid-eq-1-sp-/spccdt/-sp-/odr/-f_mj_bxxsid%20ASC-clsid%20ASC-mjid%20ASC-stdno%20ASC-/lmt/20
INFO: [ route_check ] --START--
INFO: CheckRoute Behavior ::run [ RunTime:0.000841s ]
INFO: [ route_check ] --END-- [ RunTime:0.000987s ]
INFO: [ app_begin ] --START--
INFO: ReadHtmlCache Behavior ::run [ RunTime:0.000959s ]
INFO: [ app_begin ] --END-- [ RunTime:0.001124s ]
SQL: SHOW COLUMNS FROM `tb_usr` [ RunTime:0.004005s ]
SQL: SELECT * FROM `tb_usr` WHERE ( usrid=1 AND usrps=1 ) LIMIT 1   [ RunTime:0.000448s ]
SQL: SELECT * FROM `tb_usr` WHERE ( usrid=1 ) LIMIT 1   [ RunTime:0.000339s ]
SQL: SHOW COLUMNS FROM `tb_md` [ RunTime:0.004801s ]
SQL: SELECT * FROM `tb_md` WHERE ( mdmk='Cw' ) LIMIT 1   [ RunTime:0.000401s ]
SQL: SELECT * FROM `tb_usr` WHERE ( usrid=1 AND usrps=1 ) LIMIT 1   [ RunTime:0.000369s ]
SQL: SHOW COLUMNS FROM `tb_usrrl` [ RunTime:0.003307s ]
SQL: SELECT * FROM `tb_usrrl` WHERE ( f_usrrl_usrid=1 )  [ RunTime:0.000294s ]
SQL: SHOW COLUMNS FROM `tb_ath` [ RunTime:0.003711s ]
SQL: SELECT * FROM `tb_ath` WHERE ( f_ath_mdid=48 AND (f_ath_rlid=1) )  [ RunTime:0.000899s ]
SQL: SELECT * FROM `tb_md` WHERE ( mdid=48 ) LIMIT 1   [ RunTime:0.000219s ]
NOTIC: [8] Undefined index: cwid C:\wamp\www\xx\admin\Lib\IDTATH\IdtathAction.class.php 第 91 行.
SQL: SELECT * FROM `tb_md` WHERE ( mdmk='Usr' ) LIMIT 1   [ RunTime:0.000287s ]
SQL: SELECT * FROM `tb_usr` WHERE ( usrid=1 AND usrps=1 ) LIMIT 1   [ RunTime:0.000315s ]
SQL: SELECT * FROM `tb_usrrl` WHERE ( f_usrrl_usrid=1 )  [ RunTime:0.000262s ]
SQL: SELECT * FROM `tb_ath` WHERE ( f_ath_mdid=2 AND (f_ath_rlid=1) )  [ RunTime:0.000717s ]
SQL: SELECT COUNT(*) AS tp_count FROM `tb_usr` WHERE ( usrvw=0 ) LIMIT 1   [ RunTime:0.000259s ]
SQL: SELECT * FROM `tb_md` WHERE ( mdmk='Cstmusr' ) LIMIT 1   [ RunTime:0.000264s ]
SQL: SELECT * FROM `tb_usr` WHERE ( usrid=1 AND usrps=1 ) LIMIT 1   [ RunTime:0.000295s ]
SQL: SELECT * FROM `tb_usrrl` WHERE ( f_usrrl_usrid=1 )  [ RunTime:0.000246s ]
SQL: SELECT * FROM `tb_ath` WHERE ( f_ath_mdid=16 AND (f_ath_rlid=1) )  [ RunTime:0.000703s ]
SQL: SHOW COLUMNS FROM `tb_cstmusr` [ RunTime:0.004156s ]
SQL: SELECT COUNT(*) AS tp_count FROM `tb_cstmusr` WHERE ( cstmusrvw=0 ) LIMIT 1   [ RunTime:0.000302s ]
SQL: SELECT * FROM `tb_md` WHERE ( mdmk='Atc' ) LIMIT 1   [ RunTime:0.000274s ]
SQL: SELECT * FROM `tb_usr` WHERE ( usrid=1 AND usrps=1 ) LIMIT 1   [ RunTime:0.000306s ]
SQL: SELECT * FROM `tb_usrrl` WHERE ( f_usrrl_usrid=1 )  [ RunTime:0.000266s ]
SQL: SELECT * FROM `tb_ath` WHERE ( f_ath_mdid=6 AND (f_ath_rlid=1) )  [ RunTime:0.000743s ]
SQL: SHOW COLUMNS FROM `tb_atc` [ RunTime:0.033592s ]
SQL: SELECT COUNT(*) AS tp_count FROM `tb_atc` WHERE ( atcvw=0 ) LIMIT 1   [ RunTime:0.000273s ]
NOTIC: [8] Undefined variable: ntfstrusr C:\wamp\www\xx\admin\Lib\NTF\NTFAction.class.php 第 52 行.
NOTIC: [8] Undefined variable: ntfstratc C:\wamp\www\xx\admin\Lib\NTF\NTFAction.class.php 第 52 行.
NOTIC: [8] Undefined variable: ntfstrcstmusr C:\wamp\www\xx\admin\Lib\NTF\NTFAction.class.php 第 52 行.
SQL: SHOW COLUMNS FROM `tb_btn` [ RunTime:0.003735s ]
SQL: SELECT * FROM `tb_btn` WHERE ( f_btn_usrid=1 AND btnnm='lft' ) LIMIT 1   [ RunTime:0.000416s ]
SQL: SELECT * FROM `tb_btn` WHERE ( f_btn_usrid=1 AND btnnm='lft' ) LIMIT 1   [ RunTime:0.000355s ]
SQL: SELECT * FROM `tb_usrrl` WHERE ( f_usrrl_usrid=1 )  [ RunTime:0.000304s ]
SQL: SHOW COLUMNS FROM `tb_lb` [ RunTime:0.003652s ]
SQL: SHOW COLUMNS FROM `tb_lbmd` [ RunTime:0.003292s ]
SQL: SELECT * FROM `tb_lb`  [ RunTime:0.000280s ]
SQL: SELECT * FROM `tb_lbmd` LEFT JOIN tb_md ON f_lbmd_mdid=mdid WHERE ( f_lbmd_lbid=1 )  [ RunTime:0.000403s ]
SQL: SELECT * FROM `tb_ath` WHERE ( f_ath_mdid=1 AND (f_ath_rlid=1) )  [ RunTime:0.000724s ]
SQL: SELECT * FROM `tb_ath` WHERE ( f_ath_mdid=2 AND (f_ath_rlid=1) )  [ RunTime:0.000703s ]
SQL: SELECT * FROM `tb_ath` WHERE ( f_ath_mdid=3 AND (f_ath_rlid=1) )  [ RunTime:0.000706s ]
SQL: SELECT * FROM `tb_ath` WHERE ( f_ath_mdid=4 AND (f_ath_rlid=1) )  [ RunTime:0.000698s ]
SQL: SELECT * FROM `tb_ath` WHERE ( f_ath_mdid=5 AND (f_ath_rlid=1) )  [ RunTime:0.000702s ]
SQL: SELECT * FROM `tb_ath` WHERE ( f_ath_mdid=6 AND (f_ath_rlid=1) )  [ RunTime:0.000697s ]
SQL: SELECT * FROM `tb_ath` WHERE ( f_ath_mdid=7 AND (f_ath_rlid=1) )  [ RunTime:0.000699s ]
SQL: SELECT * FROM `tb_ath` WHERE ( f_ath_mdid=8 AND (f_ath_rlid=1) )  [ RunTime:0.000680s ]
SQL: SELECT * FROM `tb_ath` WHERE ( f_ath_mdid=9 AND (f_ath_rlid=1) )  [ RunTime:0.000721s ]
SQL: SELECT * FROM `tb_ath` WHERE ( f_ath_mdid=11 AND (f_ath_rlid=1) )  [ RunTime:0.000812s ]
SQL: SELECT * FROM `tb_ath` WHERE ( f_ath_mdid=12 AND (f_ath_rlid=1) )  [ RunTime:0.000700s ]
SQL: SELECT * FROM `tb_ath` WHERE ( f_ath_mdid=13 AND (f_ath_rlid=1) )  [ RunTime:0.000747s ]
SQL: SELECT * FROM `tb_ath` WHERE ( f_ath_mdid=14 AND (f_ath_rlid=1) )  [ RunTime:0.000700s ]
SQL: SELECT * FROM `tb_ath` WHERE ( f_ath_mdid=15 AND (f_ath_rlid=1) )  [ RunTime:0.000701s ]
SQL: SELECT * FROM `tb_ath` WHERE ( f_ath_mdid=24 AND (f_ath_rlid=1) )  [ RunTime:0.000704s ]
SQL: SELECT * FROM `tb_btn` WHERE ( f_btn_usrid=1 AND btnnm='bs1' ) LIMIT 1   [ RunTime:0.000259s ]
SQL: SELECT * FROM `tb_btn` WHERE ( f_btn_usrid=1 AND btnnm='bs1' ) LIMIT 1   [ RunTime:0.000260s ]
SQL: SELECT * FROM `tb_lbmd` LEFT JOIN tb_md ON f_lbmd_mdid=mdid WHERE ( f_lbmd_lbid=2 )  [ RunTime:0.000343s ]
SQL: SELECT * FROM `tb_ath` WHERE ( f_ath_mdid=16 AND (f_ath_rlid=1) )  [ RunTime:0.000709s ]
SQL: SELECT * FROM `tb_ath` WHERE ( f_ath_mdid=17 AND (f_ath_rlid=1) )  [ RunTime:0.000699s ]
SQL: SELECT * FROM `tb_ath` WHERE ( f_ath_mdid=18 AND (f_ath_rlid=1) )  [ RunTime:0.000719s ]
SQL: SELECT * FROM `tb_ath` WHERE ( f_ath_mdid=19 AND (f_ath_rlid=1) )  [ RunTime:0.000703s ]
SQL: SELECT * FROM `tb_ath` WHERE ( f_ath_mdid=20 AND (f_ath_rlid=1) )  [ RunTime:0.000961s ]
SQL: SELECT * FROM `tb_ath` WHERE ( f_ath_mdid=21 AND (f_ath_rlid=1) )  [ RunTime:0.000855s ]
SQL: SELECT * FROM `tb_ath` WHERE ( f_ath_mdid=22 AND (f_ath_rlid=1) )  [ RunTime:0.000720s ]
SQL: SELECT * FROM `tb_ath` WHERE ( f_ath_mdid=23 AND (f_ath_rlid=1) )  [ RunTime:0.000714s ]
SQL: SELECT * FROM `tb_btn` WHERE ( f_btn_usrid=1 AND btnnm='bs2' ) LIMIT 1   [ RunTime:0.000259s ]
SQL: SELECT * FROM `tb_btn` WHERE ( f_btn_usrid=1 AND btnnm='bs2' ) LIMIT 1   [ RunTime:0.000249s ]
SQL: SELECT * FROM `tb_lbmd` LEFT JOIN tb_md ON f_lbmd_mdid=mdid WHERE ( f_lbmd_lbid=3 )  [ RunTime:0.000415s ]
SQL: SELECT * FROM `tb_ath` WHERE ( f_ath_mdid=25 AND (f_ath_rlid=1) )  [ RunTime:0.000693s ]
SQL: SELECT * FROM `tb_ath` WHERE ( f_ath_mdid=26 AND (f_ath_rlid=1) )  [ RunTime:0.000784s ]
SQL: SELECT * FROM `tb_ath` WHERE ( f_ath_mdid=27 AND (f_ath_rlid=1) )  [ RunTime:0.000742s ]
SQL: SELECT * FROM `tb_ath` WHERE ( f_ath_mdid=28 AND (f_ath_rlid=1) )  [ RunTime:0.000699s ]
SQL: SELECT * FROM `tb_ath` WHERE ( f_ath_mdid=29 AND (f_ath_rlid=1) )  [ RunTime:0.000694s ]
SQL: SELECT * FROM `tb_ath` WHERE ( f_ath_mdid=30 AND (f_ath_rlid=1) )  [ RunTime:0.000702s ]
SQL: SELECT * FROM `tb_ath` WHERE ( f_ath_mdid=31 AND (f_ath_rlid=1) )  [ RunTime:0.000709s ]
SQL: SELECT * FROM `tb_ath` WHERE ( f_ath_mdid=32 AND (f_ath_rlid=1) )  [ RunTime:0.000695s ]
SQL: SELECT * FROM `tb_ath` WHERE ( f_ath_mdid=33 AND (f_ath_rlid=1) )  [ RunTime:0.000703s ]
SQL: SELECT * FROM `tb_ath` WHERE ( f_ath_mdid=34 AND (f_ath_rlid=1) )  [ RunTime:0.000728s ]
SQL: SELECT * FROM `tb_ath` WHERE ( f_ath_mdid=35 AND (f_ath_rlid=1) )  [ RunTime:0.000962s ]
SQL: SELECT * FROM `tb_ath` WHERE ( f_ath_mdid=36 AND (f_ath_rlid=1) )  [ RunTime:0.000714s ]
SQL: SELECT * FROM `tb_ath` WHERE ( f_ath_mdid=37 AND (f_ath_rlid=1) )  [ RunTime:0.000730s ]
SQL: SELECT * FROM `tb_ath` WHERE ( f_ath_mdid=38 AND (f_ath_rlid=1) )  [ RunTime:0.000706s ]
SQL: SELECT * FROM `tb_ath` WHERE ( f_ath_mdid=39 AND (f_ath_rlid=1) )  [ RunTime:0.000698s ]
SQL: SELECT * FROM `tb_ath` WHERE ( f_ath_mdid=40 AND (f_ath_rlid=1) )  [ RunTime:0.000700s ]
SQL: SELECT * FROM `tb_ath` WHERE ( f_ath_mdid=41 AND (f_ath_rlid=1) )  [ RunTime:0.000705s ]
SQL: SELECT * FROM `tb_ath` WHERE ( f_ath_mdid=42 AND (f_ath_rlid=1) )  [ RunTime:0.000695s ]
SQL: SELECT * FROM `tb_ath` WHERE ( f_ath_mdid=43 AND (f_ath_rlid=1) )  [ RunTime:0.000707s ]
SQL: SELECT * FROM `tb_ath` WHERE ( f_ath_mdid=44 AND (f_ath_rlid=1) )  [ RunTime:0.000752s ]
SQL: SELECT * FROM `tb_ath` WHERE ( f_ath_mdid=49 AND (f_ath_rlid=1) )  [ RunTime:0.000862s ]
SQL: SELECT * FROM `tb_btn` WHERE ( f_btn_usrid=1 AND btnnm='bs3' ) LIMIT 1   [ RunTime:0.000299s ]
SQL: SELECT * FROM `tb_btn` WHERE ( f_btn_usrid=1 AND btnnm='bs3' ) LIMIT 1   [ RunTime:0.000282s ]
SQL: SELECT * FROM `tb_lbmd` LEFT JOIN tb_md ON f_lbmd_mdid=mdid WHERE ( f_lbmd_lbid=4 )  [ RunTime:0.000305s ]
SQL: SELECT * FROM `tb_ath` WHERE ( f_ath_mdid=45 AND (f_ath_rlid=1) )  [ RunTime:0.000704s ]
SQL: SELECT * FROM `tb_btn` WHERE ( f_btn_usrid=1 AND btnnm='bs4' ) LIMIT 1   [ RunTime:0.000265s ]
SQL: SELECT * FROM `tb_btn` WHERE ( f_btn_usrid=1 AND btnnm='bs4' ) LIMIT 1   [ RunTime:0.000263s ]
SQL: SELECT * FROM `tb_lbmd` LEFT JOIN tb_md ON f_lbmd_mdid=mdid WHERE ( f_lbmd_lbid=5 )  [ RunTime:0.000789s ]
SQL: SELECT * FROM `tb_ath` WHERE ( f_ath_mdid=46 AND (f_ath_rlid=1) )  [ RunTime:0.001154s ]
SQL: SELECT * FROM `tb_ath` WHERE ( f_ath_mdid=47 AND (f_ath_rlid=1) )  [ RunTime:0.000742s ]
SQL: SELECT * FROM `tb_ath` WHERE ( f_ath_mdid=48 AND (f_ath_rlid=1) )  [ RunTime:0.000735s ]
SQL: SELECT * FROM `tb_btn` WHERE ( f_btn_usrid=1 AND btnnm='bs5' ) LIMIT 1   [ RunTime:0.000277s ]
SQL: SELECT * FROM `tb_btn` WHERE ( f_btn_usrid=1 AND btnnm='bs5' ) LIMIT 1   [ RunTime:0.000260s ]
SQL: SELECT * FROM `tb_md` WHERE ( mdmk='Stt' ) LIMIT 1   [ RunTime:0.000275s ]
SQL: SELECT * FROM `tb_usr` WHERE ( usrid=1 AND usrps=1 ) LIMIT 1   [ RunTime:0.000302s ]
SQL: SELECT * FROM `tb_usrrl` WHERE ( f_usrrl_usrid=1 )  [ RunTime:0.000253s ]
SQL: SELECT * FROM `tb_ath` WHERE ( f_ath_mdid=25 AND (f_ath_rlid=1) )  [ RunTime:0.000713s ]
SQL: SELECT * FROM `tb_usr` WHERE ( usrid=1 ) LIMIT 1   [ RunTime:0.000290s ]
SQL: SHOW COLUMNS FROM `tb_grd` [ RunTime:0.003917s ]
SQL: SELECT * FROM `tb_grd` WHERE ( grdid=4 ) LIMIT 1   [ RunTime:0.000304s ]
SQL: SHOW COLUMNS FROM `tb_2015_cw` [ RunTime:0.003872s ]
SQL: SHOW COLUMNS FROM `tb_xn` [ RunTime:0.003414s ]
SQL: SELECT * FROM `tb_xn` WHERE ( xndq=1 ) LIMIT 1   [ RunTime:0.000334s ]
SQL: SELECT * FROM `tb_grd` WHERE ( grdid=4 ) LIMIT 1   [ RunTime:0.000279s ]
SQL: SELECT * FROM `tb_xn` WHERE ( xnid=2 ) LIMIT 1   [ RunTime:0.000244s ]
SQL: SHOW COLUMNS FROM `tb_xq` [ RunTime:0.003679s ]
SQL: SELECT * FROM `tb_xq` WHERE ( xqnm LIKE '%2015%' )  [ RunTime:0.000299s ]
SQL: SHOW COLUMNS FROM `tb_2015_sttintxq` [ RunTime:0.003459s ]
SQL: SELECT * FROM `tb_2015_sttintxq` WHERE ( f_sttintxq_sttid=1 ) LIMIT 1   [ RunTime:0.000294s ]
SQL: SELECT * FROM `tb_2015_sttintxq` WHERE ( f_sttintxq_grdid=4 AND f_sttintxq_sttid=1 ) LIMIT 1   [ RunTime:0.000266s ]
NOTIC: [2] Missing argument 8 for NBAction::NB(), called in C:\wamp\www\xx\admin\Lib\Action\CwAction.class.php on line 398 and defined C:\wamp\www\xx\admin\Lib\NB\NBAction.class.php 第 46 行.
NOTIC: [8] Undefined index: NBsqlstc C:\wamp\www\xx\admin\Lib\NB\NBAction.class.php 第 49 行.
NOTIC: [8] Undefined index: NBsqlstc C:\wamp\www\xx\admin\Lib\NB\NBAction.class.php 第 49 行.
NOTIC: [8] Undefined index: fld C:\wamp\www\xx\admin\Lib\NB\NBAction.class.php 第 139 行.
NOTIC: [8] Undefined index: cdt C:\wamp\www\xx\admin\Lib\NB\NBAction.class.php 第 144 行.
NOTIC: [8] Undefined index: spccdt C:\wamp\www\xx\admin\Lib\NB\NBAction.class.php 第 149 行.
NOTIC: [8] Undefined index: odr C:\wamp\www\xx\admin\Lib\NB\NBAction.class.php 第 154 行.
NOTIC: [8] Undefined index: lmt C:\wamp\www\xx\admin\Lib\NB\NBAction.class.php 第 159 行.
NOTIC: [8] Undefined variable: odrpcd C:\wamp\www\xx\admin\Lib\NB\NBAction.class.php 第 35 行.
NOTIC: [8] Undefined variable: lsyon C:\wamp\www\xx\admin\Lib\NB\NBAction.class.php 第 182 行.
SQL: SELECT COUNT(*) AS tp_count FROM `tb_2015_cw` LEFT JOIN tb_2015_std ON f_cw_stdid=stdid inner join tb_2015_stdxqcls ON stdid=f_stdxqcls_stdid inner join tb_2015_stdxqmj ON stdid=f_stdxqmj_stdid LEFT JOIN tb_xn ON f_cw_xnid=xnid LEFT JOIN tb_stt ON f_std_sttid=sttid LEFT JOIN tb_grd ON f_std_grdid=grdid LEFT JOIN tb_2015_mj ON f_stdxqmj_mjid=mjid LEFT JOIN tb_bxxs ON f_mj_bxxsid=bxxsid LEFT JOIN tb_cc ON f_mj_ccid=ccid LEFT JOIN tb_kl ON f_mj_klid=klid LEFT JOIN tb_xxxs ON f_mj_xxxsid=xxxsid LEFT JOIN tb_zsfw ON f_mj_zsfwid=zsfwid LEFT JOIN tb_xz ON f_mj_xzid=xzid LEFT JOIN tb_2015_cls ON f_stdxqcls_clsid=clsid LEFT JOIN tb_dm ON f_std_dmid=dmid LEFT JOIN tb_sex ON f_std_sexid=sexid LEFT JOIN tb_rc ON f_std_rcid=rcid LEFT JOIN tb_zzmm ON f_std_zzmmid=zzmmid LEFT JOIN tb_xl ON f_std_xlid=xlid LEFT JOIN tb_stat ON f_std_statid=statid LEFT JOIN tb_xq ON f_stdxqcls_xqid=xqid WHERE ( 1=1 AND f_std_sttid=1 AND f_std_grdid=4 AND f_cw_xnid=2 AND f_stdxqcls_xqid=3 AND f_stdxqmj_xqid=3 AND f_std_statid=1 ) ORDER BY f_mj_bxxsid ASC,clsid ASC,mjid ASC,stdno ASC LIMIT 1   [ RunTime:0.000981s ]
NOTIC: [8] Undefined variable: sqlstc C:\wamp\www\xx\admin\Lib\NB\NBAction.class.php 第 201 行.
SQL: SELECT `cwid`,`stdid`,`bxxsnm`,`sttnm`,`f_std_grdid`,`grdnm`,`xnnm`,`f_stdxqcls_xqid`,`stdno`,`stdnm`,`sexnm`,`dmnm`,`f_stdxqcls_clsid`,`clsnm`,`mjnm`,`statnm`,`cwyjxfsm`,`cwyjjckwfsm`,`cwyjzsfsm`,`cwsjxfsm`,`cwsjjckwfsm`,`cwsjzsfsm` FROM `tb_2015_cw` LEFT JOIN tb_2015_std ON f_cw_stdid=stdid inner join tb_2015_stdxqcls ON stdid=f_stdxqcls_stdid inner join tb_2015_stdxqmj ON stdid=f_stdxqmj_stdid LEFT JOIN tb_xn ON f_cw_xnid=xnid LEFT JOIN tb_stt ON f_std_sttid=sttid LEFT JOIN tb_grd ON f_std_grdid=grdid LEFT JOIN tb_2015_mj ON f_stdxqmj_mjid=mjid LEFT JOIN tb_bxxs ON f_mj_bxxsid=bxxsid LEFT JOIN tb_cc ON f_mj_ccid=ccid LEFT JOIN tb_kl ON f_mj_klid=klid LEFT JOIN tb_xxxs ON f_mj_xxxsid=xxxsid LEFT JOIN tb_zsfw ON f_mj_zsfwid=zsfwid LEFT JOIN tb_xz ON f_mj_xzid=xzid LEFT JOIN tb_2015_cls ON f_stdxqcls_clsid=clsid LEFT JOIN tb_dm ON f_std_dmid=dmid LEFT JOIN tb_sex ON f_std_sexid=sexid LEFT JOIN tb_rc ON f_std_rcid=rcid LEFT JOIN tb_zzmm ON f_std_zzmmid=zzmmid LEFT JOIN tb_xl ON f_std_xlid=xlid LEFT JOIN tb_stat ON f_std_statid=statid LEFT JOIN tb_xq ON f_stdxqcls_xqid=xqid WHERE ( 1=1 AND f_std_sttid=1 AND f_std_grdid=4 AND f_cw_xnid=2 AND f_stdxqcls_xqid=3 AND f_stdxqmj_xqid=3 AND f_std_statid=1 ) ORDER BY f_mj_bxxsid ASC,clsid ASC,mjid ASC,stdno ASC LIMIT 0,20   [ RunTime:0.001108s ]
NOTIC: [8] Undefined variable: sqlstc C:\wamp\www\xx\admin\Lib\NB\NBAction.class.php 第 258 行.
NOTIC: [8] Undefined variable: mlsforcount C:\wamp\www\xx\admin\Lib\NB\NBAction.class.php 第 267 行.
SQL: SHOW COLUMNS FROM `tb_bxxs` [ RunTime:0.003613s ]
SQL: SELECT * FROM `tb_bxxs`  [ RunTime:0.000269s ]
SQL: SHOW COLUMNS FROM `tb_stt` [ RunTime:0.003824s ]
SQL: SELECT * FROM `tb_stt`  [ RunTime:0.000305s ]
SQL: SHOW COLUMNS FROM `tb_cc` [ RunTime:0.003425s ]
SQL: SELECT * FROM `tb_cc`  [ RunTime:0.000279s ]
SQL: SHOW COLUMNS FROM `tb_kl` [ RunTime:0.003369s ]
SQL: SELECT * FROM `tb_kl`  [ RunTime:0.000254s ]
SQL: SHOW COLUMNS FROM `tb_xxxs` [ RunTime:0.003874s ]
SQL: SELECT * FROM `tb_xxxs`  [ RunTime:0.000262s ]
SQL: SHOW COLUMNS FROM `tb_zsfw` [ RunTime:0.003348s ]
SQL: SELECT * FROM `tb_zsfw`  [ RunTime:0.000247s ]
SQL: SHOW COLUMNS FROM `tb_xz` [ RunTime:0.004124s ]
SQL: SELECT * FROM `tb_xz`  [ RunTime:0.000304s ]
SQL: SELECT * FROM `tb_grd` ORDER BY grdnm DESC  [ RunTime:0.000277s ]
SQL: SELECT * FROM `tb_grd` WHERE ( grdid=4 ) LIMIT 1   [ RunTime:0.000236s ]
SQL: SELECT * FROM `tb_2015_sttintxq` WHERE ( f_sttintxq_sttid=1 ) LIMIT 1   [ RunTime:0.000259s ]
SQL: SELECT * FROM `tb_xq` WHERE ( xqid>=3 ) ORDER BY xqid DESC LIMIT 0,10   [ RunTime:0.000321s ]
SQL: SHOW COLUMNS FROM `tb_2015_cls` [ RunTime:0.003614s ]
SQL: SELECT * FROM `tb_2015_cls` LEFT JOIN tb_stt ON f_cls_sttid=sttid WHERE ( 1=1 AND f_cls_sttid=1 AND f_cls_grdid=4 ) ORDER BY clsnm ASC  [ RunTime:0.000377s ]
NOTIC: [2] array_push() expects parameter 1 to be array, null given C:\wamp\www\xx\admin\Lib\Action\CwAction.class.php 第 501 行.
SQL: SELECT * FROM `tb_xn` WHERE ( xnnm>=2015 ) ORDER BY xnid DESC  [ RunTime:0.000259s ]
SQL: SHOW COLUMNS FROM `tb_dm` [ RunTime:0.003290s ]
SQL: SELECT * FROM `tb_dm`  [ RunTime:0.000250s ]
SQL: SHOW COLUMNS FROM `tb_sex` [ RunTime:0.003343s ]
SQL: SELECT * FROM `tb_sex`  [ RunTime:0.000269s ]
SQL: SHOW COLUMNS FROM `tb_rc` [ RunTime:0.003553s ]
SQL: SELECT * FROM `tb_rc`  [ RunTime:0.000451s ]
SQL: SHOW COLUMNS FROM `tb_zzmm` [ RunTime:0.003688s ]
SQL: SELECT * FROM `tb_zzmm`  [ RunTime:0.000315s ]
SQL: SHOW COLUMNS FROM `tb_xl` [ RunTime:0.003729s ]
SQL: SELECT * FROM `tb_xl`  [ RunTime:0.000305s ]
SQL: SHOW COLUMNS FROM `tb_2015_mj` [ RunTime:0.003908s ]
SQL: SELECT * FROM `tb_2015_mj` LEFT JOIN tb_bxxs ON f_mj_bxxsid=bxxsid WHERE ( 1=1 AND f_mj_grdid=4 ) ORDER BY f_mj_bxxsid ASC,mjdm ASC  [ RunTime:0.000564s ]
SQL: SHOW COLUMNS FROM `tb_stat` [ RunTime:0.003419s ]
SQL: SELECT * FROM `tb_stat`  [ RunTime:0.000256s ]
INFO: [ view_parse ] --START--
NOTIC: [8] Use of undefined constant lbid - assumed 'lbid' C:\wamp\www\xx\admin\Runtime\Cache\3ef128e7d5dbb6f431098421582521c3.php 第 147 行.
NOTIC: [8] Use of undefined constant lbid - assumed 'lbid' C:\wamp\www\xx\admin\Runtime\Cache\3ef128e7d5dbb6f431098421582521c3.php 第 147 行.
NOTIC: [8] Use of undefined constant lbid - assumed 'lbid' C:\wamp\www\xx\admin\Runtime\Cache\3ef128e7d5dbb6f431098421582521c3.php 第 147 行.
NOTIC: [8] Use of undefined constant lbid - assumed 'lbid' C:\wamp\www\xx\admin\Runtime\Cache\3ef128e7d5dbb6f431098421582521c3.php 第 147 行.
NOTIC: [8] Use of undefined constant lbid - assumed 'lbid' C:\wamp\www\xx\admin\Runtime\Cache\3ef128e7d5dbb6f431098421582521c3.php 第 147 行.
NOTIC: [8] Undefined index: ccnm C:\wamp\www\xx\admin\Runtime\Cache\3ef128e7d5dbb6f431098421582521c3.php 第 470 行.
NOTIC: [8] Undefined index: klnm C:\wamp\www\xx\admin\Runtime\Cache\3ef128e7d5dbb6f431098421582521c3.php 第 471 行.
NOTIC: [8] Undefined index: xxxsnm C:\wamp\www\xx\admin\Runtime\Cache\3ef128e7d5dbb6f431098421582521c3.php 第 472 行.
NOTIC: [8] Undefined index: zsfwnm C:\wamp\www\xx\admin\Runtime\Cache\3ef128e7d5dbb6f431098421582521c3.php 第 473 行.
NOTIC: [8] Undefined index: xznm C:\wamp\www\xx\admin\Runtime\Cache\3ef128e7d5dbb6f431098421582521c3.php 第 474 行.
NOTIC: [8] Undefined index: xqnm C:\wamp\www\xx\admin\Runtime\Cache\3ef128e7d5dbb6f431098421582521c3.php 第 476 行.
NOTIC: [8] Undefined index: stdaplno C:\wamp\www\xx\admin\Runtime\Cache\3ef128e7d5dbb6f431098421582521c3.php 第 477 行.
NOTIC: [8] Undefined index: stdupfnctm C:\wamp\www\xx\admin\Runtime\Cache\3ef128e7d5dbb6f431098421582521c3.php 第 479 行.
NOTIC: [8] Undefined index: stdidcd C:\wamp\www\xx\admin\Runtime\Cache\3ef128e7d5dbb6f431098421582521c3.php 第 485 行.
INFO: ParseTemplate Behavior ::run [ RunTime:0.057561s ]
INFO: [ view_parse ] --END-- [ RunTime:0.057724s ]
INFO: [ view_filter ] --START--
INFO: ContentReplace Behavior ::run [ RunTime:0.000843s ]
INFO: TokenBuild Behavior ::run [ RunTime:0.000687s ]
INFO: WriteHtmlCache Behavior ::run [ RunTime:0.000554s ]
INFO: ShowRuntime Behavior ::run [ RunTime:0.000751s ]
INFO: [ view_filter ] --END-- [ RunTime:0.003204s ]
INFO: [ view_end ] --START--
INFO: ShowPageTrace Behavior ::run [ RunTime:0.000713s ]
INFO: [ view_end ] --END-- [ RunTime:0.000835s ]

[ 2015-05-22T08:15:37+08:00 ] 127.0.0.1 /xx/admin.php/Cw/gtxpg/x/vw/grdid/4/cwid/1
INFO: [ route_check ] --START--
INFO: CheckRoute Behavior ::run [ RunTime:0.000834s ]
INFO: [ route_check ] --END-- [ RunTime:0.000980s ]
INFO: [ app_begin ] --START--
INFO: ReadHtmlCache Behavior ::run [ RunTime:0.000656s ]
INFO: [ app_begin ] --END-- [ RunTime:0.000781s ]
SQL: SHOW COLUMNS FROM `tb_usr` [ RunTime:0.003832s ]
SQL: SELECT * FROM `tb_usr` WHERE ( usrid=1 AND usrps=1 ) LIMIT 1   [ RunTime:0.000355s ]
SQL: SELECT * FROM `tb_usr` WHERE ( usrid=1 ) LIMIT 1   [ RunTime:0.000232s ]
SQL: SHOW COLUMNS FROM `tb_md` [ RunTime:0.003316s ]
SQL: SELECT * FROM `tb_md` WHERE ( mdmk='Std' ) LIMIT 1   [ RunTime:0.000240s ]
SQL: SELECT * FROM `tb_usr` WHERE ( usrid=1 AND usrps=1 ) LIMIT 1   [ RunTime:0.000294s ]
SQL: SHOW COLUMNS FROM `tb_usrrl` [ RunTime:0.003952s ]
SQL: SELECT * FROM `tb_usrrl` WHERE ( f_usrrl_usrid=1 )  [ RunTime:0.000274s ]
SQL: SHOW COLUMNS FROM `tb_ath` [ RunTime:0.003523s ]
SQL: SELECT * FROM `tb_ath` WHERE ( f_ath_mdid=39 AND (f_ath_rlid=1) )  [ RunTime:0.000858s ]
SQL: SELECT * FROM `tb_md` WHERE ( mdid=39 ) LIMIT 1   [ RunTime:0.000309s ]
NOTIC: [8] Undefined index: stdid C:\wamp\www\xx\admin\Lib\IDTATH\IdtathAction.class.php 第 91 行.
SQL: SELECT * FROM `tb_md` WHERE ( mdmk='Usr' ) LIMIT 1   [ RunTime:0.000341s ]
SQL: SELECT * FROM `tb_usr` WHERE ( usrid=1 AND usrps=1 ) LIMIT 1   [ RunTime:0.000423s ]
SQL: SELECT * FROM `tb_usrrl` WHERE ( f_usrrl_usrid=1 )  [ RunTime:0.000355s ]
SQL: SELECT * FROM `tb_ath` WHERE ( f_ath_mdid=2 AND (f_ath_rlid=1) )  [ RunTime:0.000788s ]
SQL: SELECT COUNT(*) AS tp_count FROM `tb_usr` WHERE ( usrvw=0 ) LIMIT 1   [ RunTime:0.000247s ]
SQL: SELECT * FROM `tb_md` WHERE ( mdmk='Cstmusr' ) LIMIT 1   [ RunTime:0.000241s ]
SQL: SELECT * FROM `tb_usr` WHERE ( usrid=1 AND usrps=1 ) LIMIT 1   [ RunTime:0.000311s ]
SQL: SELECT * FROM `tb_usrrl` WHERE ( f_usrrl_usrid=1 )  [ RunTime:0.000295s ]
SQL: SELECT * FROM `tb_ath` WHERE ( f_ath_mdid=16 AND (f_ath_rlid=1) )  [ RunTime:0.000764s ]
SQL: SHOW COLUMNS FROM `tb_cstmusr` [ RunTime:0.003864s ]
SQL: SELECT COUNT(*) AS tp_count FROM `tb_cstmusr` WHERE ( cstmusrvw=0 ) LIMIT 1   [ RunTime:0.000274s ]
SQL: SELECT * FROM `tb_md` WHERE ( mdmk='Atc' ) LIMIT 1   [ RunTime:0.000271s ]
SQL: SELECT * FROM `tb_usr` WHERE ( usrid=1 AND usrps=1 ) LIMIT 1   [ RunTime:0.000324s ]
SQL: SELECT * FROM `tb_usrrl` WHERE ( f_usrrl_usrid=1 )  [ RunTime:0.000266s ]
SQL: SELECT * FROM `tb_ath` WHERE ( f_ath_mdid=6 AND (f_ath_rlid=1) )  [ RunTime:0.000707s ]
SQL: SHOW COLUMNS FROM `tb_atc` [ RunTime:0.004501s ]
SQL: SELECT COUNT(*) AS tp_count FROM `tb_atc` WHERE ( atcvw=0 ) LIMIT 1   [ RunTime:0.000296s ]
NOTIC: [8] Undefined variable: ntfstrusr C:\wamp\www\xx\admin\Lib\NTF\NTFAction.class.php 第 52 行.
NOTIC: [8] Undefined variable: ntfstratc C:\wamp\www\xx\admin\Lib\NTF\NTFAction.class.php 第 52 行.
NOTIC: [8] Undefined variable: ntfstrcstmusr C:\wamp\www\xx\admin\Lib\NTF\NTFAction.class.php 第 52 行.
SQL: SHOW COLUMNS FROM `tb_btn` [ RunTime:0.003738s ]
SQL: SELECT * FROM `tb_btn` WHERE ( f_btn_usrid=1 AND btnnm='lft' ) LIMIT 1   [ RunTime:0.000368s ]
SQL: SELECT * FROM `tb_btn` WHERE ( f_btn_usrid=1 AND btnnm='lft' ) LIMIT 1   [ RunTime:0.000258s ]
SQL: SELECT * FROM `tb_usrrl` WHERE ( f_usrrl_usrid=1 )  [ RunTime:0.000241s ]
SQL: SHOW COLUMNS FROM `tb_lb` [ RunTime:0.003570s ]
SQL: SHOW COLUMNS FROM `tb_lbmd` [ RunTime:0.004021s ]
SQL: SELECT * FROM `tb_lb`  [ RunTime:0.000298s ]
SQL: SELECT * FROM `tb_lbmd` LEFT JOIN tb_md ON f_lbmd_mdid=mdid WHERE ( f_lbmd_lbid=1 )  [ RunTime:0.000391s ]
SQL: SELECT * FROM `tb_ath` WHERE ( f_ath_mdid=1 AND (f_ath_rlid=1) )  [ RunTime:0.000725s ]
SQL: SELECT * FROM `tb_ath` WHERE ( f_ath_mdid=2 AND (f_ath_rlid=1) )  [ RunTime:0.000707s ]
SQL: SELECT * FROM `tb_ath` WHERE ( f_ath_mdid=3 AND (f_ath_rlid=1) )  [ RunTime:0.000725s ]
SQL: SELECT * FROM `tb_ath` WHERE ( f_ath_mdid=4 AND (f_ath_rlid=1) )  [ RunTime:0.000711s ]
SQL: SELECT * FROM `tb_ath` WHERE ( f_ath_mdid=5 AND (f_ath_rlid=1) )  [ RunTime:0.000709s ]
SQL: SELECT * FROM `tb_ath` WHERE ( f_ath_mdid=6 AND (f_ath_rlid=1) )  [ RunTime:0.000709s ]
SQL: SELECT * FROM `tb_ath` WHERE ( f_ath_mdid=7 AND (f_ath_rlid=1) )  [ RunTime:0.000896s ]
SQL: SELECT * FROM `tb_ath` WHERE ( f_ath_mdid=8 AND (f_ath_rlid=1) )  [ RunTime:0.000722s ]
SQL: SELECT * FROM `tb_ath` WHERE ( f_ath_mdid=9 AND (f_ath_rlid=1) )  [ RunTime:0.000704s ]
SQL: SELECT * FROM `tb_ath` WHERE ( f_ath_mdid=11 AND (f_ath_rlid=1) )  [ RunTime:0.000741s ]
SQL: SELECT * FROM `tb_ath` WHERE ( f_ath_mdid=12 AND (f_ath_rlid=1) )  [ RunTime:0.000795s ]
SQL: SELECT * FROM `tb_ath` WHERE ( f_ath_mdid=13 AND (f_ath_rlid=1) )  [ RunTime:0.000682s ]
SQL: SELECT * FROM `tb_ath` WHERE ( f_ath_mdid=14 AND (f_ath_rlid=1) )  [ RunTime:0.000689s ]
SQL: SELECT * FROM `tb_ath` WHERE ( f_ath_mdid=15 AND (f_ath_rlid=1) )  [ RunTime:0.000695s ]
SQL: SELECT * FROM `tb_ath` WHERE ( f_ath_mdid=24 AND (f_ath_rlid=1) )  [ RunTime:0.000705s ]
SQL: SELECT * FROM `tb_btn` WHERE ( f_btn_usrid=1 AND btnnm='bs1' ) LIMIT 1   [ RunTime:0.000260s ]
SQL: SELECT * FROM `tb_btn` WHERE ( f_btn_usrid=1 AND btnnm='bs1' ) LIMIT 1   [ RunTime:0.000258s ]
SQL: SELECT * FROM `tb_lbmd` LEFT JOIN tb_md ON f_lbmd_mdid=mdid WHERE ( f_lbmd_lbid=2 )  [ RunTime:0.000327s ]
SQL: SELECT * FROM `tb_ath` WHERE ( f_ath_mdid=16 AND (f_ath_rlid=1) )  [ RunTime:0.000707s ]
SQL: SELECT * FROM `tb_ath` WHERE ( f_ath_mdid=17 AND (f_ath_rlid=1) )  [ RunTime:0.000678s ]
SQL: SELECT * FROM `tb_ath` WHERE ( f_ath_mdid=18 AND (f_ath_rlid=1) )  [ RunTime:0.000707s ]
SQL: SELECT * FROM `tb_ath` WHERE ( f_ath_mdid=19 AND (f_ath_rlid=1) )  [ RunTime:0.000732s ]
SQL: SELECT * FROM `tb_ath` WHERE ( f_ath_mdid=20 AND (f_ath_rlid=1) )  [ RunTime:0.000692s ]
SQL: SELECT * FROM `tb_ath` WHERE ( f_ath_mdid=21 AND (f_ath_rlid=1) )  [ RunTime:0.000707s ]
SQL: SELECT * FROM `tb_ath` WHERE ( f_ath_mdid=22 AND (f_ath_rlid=1) )  [ RunTime:0.000697s ]
SQL: SELECT * FROM `tb_ath` WHERE ( f_ath_mdid=23 AND (f_ath_rlid=1) )  [ RunTime:0.000751s ]
SQL: SELECT * FROM `tb_btn` WHERE ( f_btn_usrid=1 AND btnnm='bs2' ) LIMIT 1   [ RunTime:0.000260s ]
SQL: SELECT * FROM `tb_btn` WHERE ( f_btn_usrid=1 AND btnnm='bs2' ) LIMIT 1   [ RunTime:0.000202s ]
SQL: SELECT * FROM `tb_lbmd` LEFT JOIN tb_md ON f_lbmd_mdid=mdid WHERE ( f_lbmd_lbid=3 )  [ RunTime:0.000392s ]
SQL: SELECT * FROM `tb_ath` WHERE ( f_ath_mdid=25 AND (f_ath_rlid=1) )  [ RunTime:0.000707s ]
SQL: SELECT * FROM `tb_ath` WHERE ( f_ath_mdid=26 AND (f_ath_rlid=1) )  [ RunTime:0.000698s ]
SQL: SELECT * FROM `tb_ath` WHERE ( f_ath_mdid=27 AND (f_ath_rlid=1) )  [ RunTime:0.000728s ]
SQL: SELECT * FROM `tb_ath` WHERE ( f_ath_mdid=28 AND (f_ath_rlid=1) )  [ RunTime:0.000720s ]
SQL: SELECT * FROM `tb_ath` WHERE ( f_ath_mdid=29 AND (f_ath_rlid=1) )  [ RunTime:0.000704s ]
SQL: SELECT * FROM `tb_ath` WHERE ( f_ath_mdid=30 AND (f_ath_rlid=1) )  [ RunTime:0.000709s ]
SQL: SELECT * FROM `tb_ath` WHERE ( f_ath_mdid=31 AND (f_ath_rlid=1) )  [ RunTime:0.000709s ]
SQL: SELECT * FROM `tb_ath` WHERE ( f_ath_mdid=32 AND (f_ath_rlid=1) )  [ RunTime:0.000700s ]
SQL: SELECT * FROM `tb_ath` WHERE ( f_ath_mdid=33 AND (f_ath_rlid=1) )  [ RunTime:0.000699s ]
SQL: SELECT * FROM `tb_ath` WHERE ( f_ath_mdid=34 AND (f_ath_rlid=1) )  [ RunTime:0.000699s ]
SQL: SELECT * FROM `tb_ath` WHERE ( f_ath_mdid=35 AND (f_ath_rlid=1) )  [ RunTime:0.000702s ]
SQL: SELECT * FROM `tb_ath` WHERE ( f_ath_mdid=36 AND (f_ath_rlid=1) )  [ RunTime:0.000711s ]
SQL: SELECT * FROM `tb_ath` WHERE ( f_ath_mdid=37 AND (f_ath_rlid=1) )  [ RunTime:0.000730s ]
SQL: SELECT * FROM `tb_ath` WHERE ( f_ath_mdid=38 AND (f_ath_rlid=1) )  [ RunTime:0.000713s ]
SQL: SELECT * FROM `tb_ath` WHERE ( f_ath_mdid=39 AND (f_ath_rlid=1) )  [ RunTime:0.000708s ]
SQL: SELECT * FROM `tb_ath` WHERE ( f_ath_mdid=40 AND (f_ath_rlid=1) )  [ RunTime:0.000802s ]
SQL: SELECT * FROM `tb_ath` WHERE ( f_ath_mdid=41 AND (f_ath_rlid=1) )  [ RunTime:0.000791s ]
SQL: SELECT * FROM `tb_ath` WHERE ( f_ath_mdid=42 AND (f_ath_rlid=1) )  [ RunTime:0.000691s ]
SQL: SELECT * FROM `tb_ath` WHERE ( f_ath_mdid=43 AND (f_ath_rlid=1) )  [ RunTime:0.000708s ]
SQL: SELECT * FROM `tb_ath` WHERE ( f_ath_mdid=44 AND (f_ath_rlid=1) )  [ RunTime:0.000701s ]
SQL: SELECT * FROM `tb_ath` WHERE ( f_ath_mdid=49 AND (f_ath_rlid=1) )  [ RunTime:0.000709s ]
SQL: SELECT * FROM `tb_btn` WHERE ( f_btn_usrid=1 AND btnnm='bs3' ) LIMIT 1   [ RunTime:0.000274s ]
SQL: SELECT * FROM `tb_btn` WHERE ( f_btn_usrid=1 AND btnnm='bs3' ) LIMIT 1   [ RunTime:0.000266s ]
SQL: SELECT * FROM `tb_lbmd` LEFT JOIN tb_md ON f_lbmd_mdid=mdid WHERE ( f_lbmd_lbid=4 )  [ RunTime:0.000304s ]
SQL: SELECT * FROM `tb_ath` WHERE ( f_ath_mdid=45 AND (f_ath_rlid=1) )  [ RunTime:0.000699s ]
SQL: SELECT * FROM `tb_btn` WHERE ( f_btn_usrid=1 AND btnnm='bs4' ) LIMIT 1   [ RunTime:0.000259s ]
SQL: SELECT * FROM `tb_btn` WHERE ( f_btn_usrid=1 AND btnnm='bs4' ) LIMIT 1   [ RunTime:0.000447s ]
SQL: SELECT * FROM `tb_lbmd` LEFT JOIN tb_md ON f_lbmd_mdid=mdid WHERE ( f_lbmd_lbid=5 )  [ RunTime:0.000326s ]
SQL: SELECT * FROM `tb_ath` WHERE ( f_ath_mdid=46 AND (f_ath_rlid=1) )  [ RunTime:0.000729s ]
SQL: SELECT * FROM `tb_ath` WHERE ( f_ath_mdid=47 AND (f_ath_rlid=1) )  [ RunTime:0.000742s ]
SQL: SELECT * FROM `tb_ath` WHERE ( f_ath_mdid=48 AND (f_ath_rlid=1) )  [ RunTime:0.001002s ]
SQL: SELECT * FROM `tb_btn` WHERE ( f_btn_usrid=1 AND btnnm='bs5' ) LIMIT 1   [ RunTime:0.000260s ]
SQL: SELECT * FROM `tb_btn` WHERE ( f_btn_usrid=1 AND btnnm='bs5' ) LIMIT 1   [ RunTime:0.000244s ]
SQL: SHOW COLUMNS FROM `tb_grd` [ RunTime:0.003632s ]
SQL: SELECT * FROM `tb_grd` WHERE ( grdid=4 ) LIMIT 1   [ RunTime:0.000280s ]
SQL: SHOW COLUMNS FROM `tb_2015_cw` [ RunTime:0.003892s ]
SQL: SELECT * FROM `tb_2015_cw` WHERE ( cwid=1 ) LIMIT 1   [ RunTime:0.000338s ]
SQL: SELECT * FROM `tb_2015_cw` LEFT JOIN tb_2015_std ON f_cw_stdid=stdid inner join tb_2015_stdxqcls ON stdid=f_stdxqcls_stdid inner join tb_2015_stdxqmj ON stdid=f_stdxqmj_stdid LEFT JOIN tb_xn ON f_cw_xnid=xnid LEFT JOIN tb_stt ON f_std_sttid=sttid LEFT JOIN tb_grd ON f_std_grdid=grdid LEFT JOIN tb_2015_mj ON f_stdxqmj_mjid=mjid LEFT JOIN tb_bxxs ON f_mj_bxxsid=bxxsid LEFT JOIN tb_cc ON f_mj_ccid=ccid LEFT JOIN tb_kl ON f_mj_klid=klid LEFT JOIN tb_xxxs ON f_mj_xxxsid=xxxsid LEFT JOIN tb_zsfw ON f_mj_zsfwid=zsfwid LEFT JOIN tb_xz ON f_mj_xzid=xzid LEFT JOIN tb_2015_cls ON f_stdxqcls_clsid=clsid LEFT JOIN tb_dm ON f_std_dmid=dmid LEFT JOIN tb_sex ON f_std_sexid=sexid LEFT JOIN tb_rc ON f_std_rcid=rcid LEFT JOIN tb_zzmm ON f_std_zzmmid=zzmmid LEFT JOIN tb_xl ON f_std_xlid=xlid LEFT JOIN tb_stat ON f_std_statid=statid LEFT JOIN tb_xq ON f_stdxqcls_xqid=xqid WHERE ( f_stdxqcls_xqid=3 AND f_stdxqmj_xqid=3 AND cwid=1 ) LIMIT 1   [ RunTime:0.001385s ]
SQL: SELECT * FROM `tb_grd` WHERE ( grdid=4 ) LIMIT 1   [ RunTime:0.000319s ]
SQL: SHOW COLUMNS FROM `tb_xq` [ RunTime:0.004269s ]
SQL: SHOW COLUMNS FROM `tb_2015_sttintxq` [ RunTime:0.003580s ]
SQL: SELECT * FROM `tb_2015_sttintxq` WHERE ( f_sttintxq_sttid=1 ) LIMIT 1   [ RunTime:0.000364s ]
SQL: SELECT * FROM `tb_xq` WHERE ( xqid>=3 ) ORDER BY xqid ASC LIMIT 0,10   [ RunTime:0.000298s ]
SQL: SELECT * FROM `tb_grd` WHERE ( grdid=4 ) LIMIT 1   [ RunTime:0.000264s ]
SQL: SELECT * FROM `tb_2015_sttintxq` WHERE ( f_sttintxq_sttid=1 ) LIMIT 1   [ RunTime:0.000260s ]
SQL: SELECT * FROM `tb_xq` WHERE ( xqid>=3 ) ORDER BY xqid ASC LIMIT 0,10   [ RunTime:0.000265s ]
SQL: SHOW COLUMNS FROM `tb_2015_stdxqcls` [ RunTime:0.004806s ]
SQL: SHOW COLUMNS FROM `tb_2015_stdxqmj` [ RunTime:0.003965s ]
SQL: SELECT * FROM `tb_2015_stdxqcls` WHERE ( f_stdxqcls_stdid=1 AND f_stdxqcls_xqid=3 ) LIMIT 1   [ RunTime:0.000327s ]
SQL: SELECT * FROM `tb_2015_stdxqmj` WHERE ( f_stdxqmj_stdid=1 AND f_stdxqmj_xqid=3 ) LIMIT 1   [ RunTime:0.000260s ]
NOTIC: [8] Undefined variable: stdid C:\wamp\www\xx\admin\Lib\Action\CwAction.class.php 第 94 行.
SQL: SELECT * FROM `tb_2015_stdxqcls` LEFT JOIN tb_2015_cls ON f_stdxqcls_clsid=clsid WHERE ( f_stdxqcls_stdid= AND f_stdxqcls_xqid=3 ) LIMIT 1   [ RunTime:0.000219s ]
ERR: 1064:You have an error in your SQL syntax; check the manual that corresponds to your MySQL server version for the right syntax to use near 'AND f_stdxqcls_xqid=3 ) LIMIT 1' at line 1
 [ SQL语句 ] : SELECT * FROM `tb_2015_stdxqcls` LEFT JOIN tb_2015_cls ON f_stdxqcls_clsid=clsid WHERE ( f_stdxqcls_stdid= AND f_stdxqcls_xqid=3 ) LIMIT 1  
NOTIC: [8] Undefined variable: stdid C:\wamp\www\xx\admin\Lib\Action\CwAction.class.php 第 95 行.
SQL: SELECT * FROM `tb_2015_stdxqmj` LEFT JOIN tb_2015_mj ON f_stdxqmj_mjid=mjid WHERE ( f_stdxqmj_stdid= AND f_stdxqmj_xqid=3 ) LIMIT 1   [ RunTime:0.000189s ]
ERR: 1064:You have an error in your SQL syntax; check the manual that corresponds to your MySQL server version for the right syntax to use near 'AND f_stdxqmj_xqid=3 ) LIMIT 1' at line 1
 [ SQL语句 ] : SELECT * FROM `tb_2015_stdxqmj` LEFT JOIN tb_2015_mj ON f_stdxqmj_mjid=mjid WHERE ( f_stdxqmj_stdid= AND f_stdxqmj_xqid=3 ) LIMIT 1  
SQL: SELECT * FROM `tb_2015_stdxqcls` WHERE ( f_stdxqcls_stdid=1 AND f_stdxqcls_xqid=4 ) LIMIT 1   [ RunTime:0.000251s ]
NOTIC: [8] Undefined variable: stdid C:\wamp\www\xx\admin\Lib\Action\CwAction.class.php 第 94 行.
SQL: SELECT * FROM `tb_2015_stdxqcls` LEFT JOIN tb_2015_cls ON f_stdxqcls_clsid=clsid WHERE ( f_stdxqcls_stdid= AND f_stdxqcls_xqid=4 ) LIMIT 1   [ RunTime:0.000169s ]
ERR: 1064:You have an error in your SQL syntax; check the manual that corresponds to your MySQL server version for the right syntax to use near 'AND f_stdxqcls_xqid=4 ) LIMIT 1' at line 1
 [ SQL语句 ] : SELECT * FROM `tb_2015_stdxqcls` LEFT JOIN tb_2015_cls ON f_stdxqcls_clsid=clsid WHERE ( f_stdxqcls_stdid= AND f_stdxqcls_xqid=4 ) LIMIT 1  
NOTIC: [8] Undefined variable: stdid C:\wamp\www\xx\admin\Lib\Action\CwAction.class.php 第 95 行.
SQL: SELECT * FROM `tb_2015_stdxqmj` LEFT JOIN tb_2015_mj ON f_stdxqmj_mjid=mjid WHERE ( f_stdxqmj_stdid= AND f_stdxqmj_xqid=4 ) LIMIT 1   [ RunTime:0.000176s ]
ERR: 1064:You have an error in your SQL syntax; check the manual that corresponds to your MySQL server version for the right syntax to use near 'AND f_stdxqmj_xqid=4 ) LIMIT 1' at line 1
 [ SQL语句 ] : SELECT * FROM `tb_2015_stdxqmj` LEFT JOIN tb_2015_mj ON f_stdxqmj_mjid=mjid WHERE ( f_stdxqmj_stdid= AND f_stdxqmj_xqid=4 ) LIMIT 1  
SQL: SHOW COLUMNS FROM `tb_2015_tsqk` [ RunTime:0.003561s ]
NOTIC: [8] Undefined variable: stdid C:\wamp\www\xx\admin\Lib\Action\CwAction.class.php 第 103 行.
SQL: SELECT * FROM `tb_2015_tsqk` WHERE ( f_tsqk_stdid= ) ORDER BY tsqktm DESC  [ RunTime:0.000193s ]
ERR: 1064:You have an error in your SQL syntax; check the manual that corresponds to your MySQL server version for the right syntax to use near ') ORDER BY tsqktm DESC' at line 1
 [ SQL语句 ] : SELECT * FROM `tb_2015_tsqk` WHERE ( f_tsqk_stdid= ) ORDER BY tsqktm DESC 
INFO: [ view_parse ] --START--
NOTIC: [8] Use of undefined constant lbid - assumed 'lbid' C:\wamp\www\xx\admin\Runtime\Cache\7a80ce7cb2784d0c5595e3591333b3d7.php 第 147 行.
NOTIC: [8] Use of undefined constant lbid - assumed 'lbid' C:\wamp\www\xx\admin\Runtime\Cache\7a80ce7cb2784d0c5595e3591333b3d7.php 第 147 行.
NOTIC: [8] Use of undefined constant lbid - assumed 'lbid' C:\wamp\www\xx\admin\Runtime\Cache\7a80ce7cb2784d0c5595e3591333b3d7.php 第 147 行.
NOTIC: [8] Use of undefined constant lbid - assumed 'lbid' C:\wamp\www\xx\admin\Runtime\Cache\7a80ce7cb2784d0c5595e3591333b3d7.php 第 147 行.
NOTIC: [8] Use of undefined constant lbid - assumed 'lbid' C:\wamp\www\xx\admin\Runtime\Cache\7a80ce7cb2784d0c5595e3591333b3d7.php 第 147 行.
INFO: ParseTemplate Behavior ::run [ RunTime:0.050067s ]
INFO: [ view_parse ] --END-- [ RunTime:0.050223s ]
INFO: [ view_filter ] --START--
INFO: ContentReplace Behavior ::run [ RunTime:0.000661s ]
INFO: TokenBuild Behavior ::run [ RunTime:0.000577s ]
INFO: WriteHtmlCache Behavior ::run [ RunTime:0.000395s ]
INFO: ShowRuntime Behavior ::run [ RunTime:0.000658s ]
INFO: [ view_filter ] --END-- [ RunTime:0.002628s ]
INFO: [ view_end ] --START--
INFO: ShowPageTrace Behavior ::run [ RunTime:0.000713s ]
INFO: [ view_end ] --END-- [ RunTime:0.000834s ]

[ 2015-05-22T21:16:07+08:00 ] 127.0.0.1 /xx/admin.php/Cw/gtxpg/x/vw/grdid/4/cwid/1
INFO: [ route_check ] --START--
INFO: CheckRoute Behavior ::run [ RunTime:0.019082s ]
INFO: [ route_check ] --END-- [ RunTime:0.019240s ]
INFO: [ app_begin ] --START--
INFO: ReadHtmlCache Behavior ::run [ RunTime:0.001292s ]
INFO: [ app_begin ] --END-- [ RunTime:0.001445s ]
SQL: SHOW COLUMNS FROM `tb_usr` [ RunTime:0.030034s ]
SQL: SELECT * FROM `tb_usr` WHERE ( usrid=1 AND usrps=1 ) LIMIT 1   [ RunTime:0.000526s ]
SQL: SELECT * FROM `tb_usr` WHERE ( usrid=1 ) LIMIT 1   [ RunTime:0.000319s ]
SQL: SHOW COLUMNS FROM `tb_md` [ RunTime:0.010477s ]
SQL: SELECT * FROM `tb_md` WHERE ( mdmk='Std' ) LIMIT 1   [ RunTime:0.000409s ]
SQL: SELECT * FROM `tb_usr` WHERE ( usrid=1 AND usrps=1 ) LIMIT 1   [ RunTime:0.000540s ]
SQL: SHOW COLUMNS FROM `tb_usrrl` [ RunTime:0.003786s ]
SQL: SELECT * FROM `tb_usrrl` WHERE ( f_usrrl_usrid=1 )  [ RunTime:0.000392s ]
SQL: SHOW COLUMNS FROM `tb_ath` [ RunTime:0.003922s ]
SQL: SELECT * FROM `tb_ath` WHERE ( f_ath_mdid=39 AND (f_ath_rlid=1) )  [ RunTime:0.000735s ]
SQL: SELECT * FROM `tb_md` WHERE ( mdid=39 ) LIMIT 1   [ RunTime:0.000257s ]
NOTIC: [8] Undefined index: stdid C:\wamp\www\xx\admin\Lib\IDTATH\IdtathAction.class.php 第 91 行.
SQL: SELECT * FROM `tb_md` WHERE ( mdmk='Usr' ) LIMIT 1   [ RunTime:0.000383s ]
SQL: SELECT * FROM `tb_usr` WHERE ( usrid=1 AND usrps=1 ) LIMIT 1   [ RunTime:0.000424s ]
SQL: SELECT * FROM `tb_usrrl` WHERE ( f_usrrl_usrid=1 )  [ RunTime:0.000344s ]
SQL: SELECT * FROM `tb_ath` WHERE ( f_ath_mdid=2 AND (f_ath_rlid=1) )  [ RunTime:0.000751s ]
SQL: SELECT COUNT(*) AS tp_count FROM `tb_usr` WHERE ( usrvw=0 ) LIMIT 1   [ RunTime:0.000301s ]
SQL: SELECT * FROM `tb_md` WHERE ( mdmk='Cstmusr' ) LIMIT 1   [ RunTime:0.000292s ]
SQL: SELECT * FROM `tb_usr` WHERE ( usrid=1 AND usrps=1 ) LIMIT 1   [ RunTime:0.000328s ]
SQL: SELECT * FROM `tb_usrrl` WHERE ( f_usrrl_usrid=1 )  [ RunTime:0.000278s ]
SQL: SELECT * FROM `tb_ath` WHERE ( f_ath_mdid=16 AND (f_ath_rlid=1) )  [ RunTime:0.000736s ]
SQL: SHOW COLUMNS FROM `tb_cstmusr` [ RunTime:0.004640s ]
SQL: SELECT COUNT(*) AS tp_count FROM `tb_cstmusr` WHERE ( cstmusrvw=0 ) LIMIT 1   [ RunTime:0.000409s ]
SQL: SELECT * FROM `tb_md` WHERE ( mdmk='Atc' ) LIMIT 1   [ RunTime:0.000294s ]
SQL: SELECT * FROM `tb_usr` WHERE ( usrid=1 AND usrps=1 ) LIMIT 1   [ RunTime:0.000320s ]
SQL: SELECT * FROM `tb_usrrl` WHERE ( f_usrrl_usrid=1 )  [ RunTime:0.000268s ]
SQL: SELECT * FROM `tb_ath` WHERE ( f_ath_mdid=6 AND (f_ath_rlid=1) )  [ RunTime:0.000716s ]
SQL: SHOW COLUMNS FROM `tb_atc` [ RunTime:0.003954s ]
SQL: SELECT COUNT(*) AS tp_count FROM `tb_atc` WHERE ( atcvw=0 ) LIMIT 1   [ RunTime:0.000281s ]
NOTIC: [8] Undefined variable: ntfstrusr C:\wamp\www\xx\admin\Lib\NTF\NTFAction.class.php 第 52 行.
NOTIC: [8] Undefined variable: ntfstratc C:\wamp\www\xx\admin\Lib\NTF\NTFAction.class.php 第 52 行.
NOTIC: [8] Undefined variable: ntfstrcstmusr C:\wamp\www\xx\admin\Lib\NTF\NTFAction.class.php 第 52 行.
SQL: SHOW COLUMNS FROM `tb_btn` [ RunTime:0.003712s ]
SQL: SELECT * FROM `tb_btn` WHERE ( f_btn_usrid=1 AND btnnm='lft' ) LIMIT 1   [ RunTime:0.000384s ]
SQL: SELECT * FROM `tb_btn` WHERE ( f_btn_usrid=1 AND btnnm='lft' ) LIMIT 1   [ RunTime:0.000284s ]
SQL: SELECT * FROM `tb_usrrl` WHERE ( f_usrrl_usrid=1 )  [ RunTime:0.000267s ]
SQL: SHOW COLUMNS FROM `tb_lb` [ RunTime:0.003778s ]
SQL: SHOW COLUMNS FROM `tb_lbmd` [ RunTime:0.003502s ]
SQL: SELECT * FROM `tb_lb`  [ RunTime:0.000286s ]
SQL: SELECT * FROM `tb_lbmd` LEFT JOIN tb_md ON f_lbmd_mdid=mdid WHERE ( f_lbmd_lbid=1 )  [ RunTime:0.000393s ]
SQL: SELECT * FROM `tb_ath` WHERE ( f_ath_mdid=1 AND (f_ath_rlid=1) )  [ RunTime:0.000725s ]
SQL: SELECT * FROM `tb_ath` WHERE ( f_ath_mdid=2 AND (f_ath_rlid=1) )  [ RunTime:0.000701s ]
SQL: SELECT * FROM `tb_ath` WHERE ( f_ath_mdid=3 AND (f_ath_rlid=1) )  [ RunTime:0.000701s ]
SQL: SELECT * FROM `tb_ath` WHERE ( f_ath_mdid=4 AND (f_ath_rlid=1) )  [ RunTime:0.000697s ]
SQL: SELECT * FROM `tb_ath` WHERE ( f_ath_mdid=5 AND (f_ath_rlid=1) )  [ RunTime:0.000704s ]
SQL: SELECT * FROM `tb_ath` WHERE ( f_ath_mdid=6 AND (f_ath_rlid=1) )  [ RunTime:0.000695s ]
SQL: SELECT * FROM `tb_ath` WHERE ( f_ath_mdid=7 AND (f_ath_rlid=1) )  [ RunTime:0.000702s ]
SQL: SELECT * FROM `tb_ath` WHERE ( f_ath_mdid=8 AND (f_ath_rlid=1) )  [ RunTime:0.000698s ]
SQL: SELECT * FROM `tb_ath` WHERE ( f_ath_mdid=9 AND (f_ath_rlid=1) )  [ RunTime:0.000771s ]
SQL: SELECT * FROM `tb_ath` WHERE ( f_ath_mdid=11 AND (f_ath_rlid=1) )  [ RunTime:0.000707s ]
SQL: SELECT * FROM `tb_ath` WHERE ( f_ath_mdid=12 AND (f_ath_rlid=1) )  [ RunTime:0.000692s ]
SQL: SELECT * FROM `tb_ath` WHERE ( f_ath_mdid=13 AND (f_ath_rlid=1) )  [ RunTime:0.000700s ]
SQL: SELECT * FROM `tb_ath` WHERE ( f_ath_mdid=14 AND (f_ath_rlid=1) )  [ RunTime:0.000699s ]
SQL: SELECT * FROM `tb_ath` WHERE ( f_ath_mdid=15 AND (f_ath_rlid=1) )  [ RunTime:0.000690s ]
SQL: SELECT * FROM `tb_ath` WHERE ( f_ath_mdid=24 AND (f_ath_rlid=1) )  [ RunTime:0.000694s ]
SQL: SELECT * FROM `tb_btn` WHERE ( f_btn_usrid=1 AND btnnm='bs1' ) LIMIT 1   [ RunTime:0.000257s ]
SQL: SELECT * FROM `tb_btn` WHERE ( f_btn_usrid=1 AND btnnm='bs1' ) LIMIT 1   [ RunTime:0.000252s ]
SQL: SELECT * FROM `tb_lbmd` LEFT JOIN tb_md ON f_lbmd_mdid=mdid WHERE ( f_lbmd_lbid=2 )  [ RunTime:0.000327s ]
SQL: SELECT * FROM `tb_ath` WHERE ( f_ath_mdid=16 AND (f_ath_rlid=1) )  [ RunTime:0.000705s ]
SQL: SELECT * FROM `tb_ath` WHERE ( f_ath_mdid=17 AND (f_ath_rlid=1) )  [ RunTime:0.000689s ]
SQL: SELECT * FROM `tb_ath` WHERE ( f_ath_mdid=18 AND (f_ath_rlid=1) )  [ RunTime:0.000718s ]
SQL: SELECT * FROM `tb_ath` WHERE ( f_ath_mdid=19 AND (f_ath_rlid=1) )  [ RunTime:0.000698s ]
SQL: SELECT * FROM `tb_ath` WHERE ( f_ath_mdid=20 AND (f_ath_rlid=1) )  [ RunTime:0.000694s ]
SQL: SELECT * FROM `tb_ath` WHERE ( f_ath_mdid=21 AND (f_ath_rlid=1) )  [ RunTime:0.000698s ]
SQL: SELECT * FROM `tb_ath` WHERE ( f_ath_mdid=22 AND (f_ath_rlid=1) )  [ RunTime:0.000815s ]
SQL: SELECT * FROM `tb_ath` WHERE ( f_ath_mdid=23 AND (f_ath_rlid=1) )  [ RunTime:0.001065s ]
SQL: SELECT * FROM `tb_btn` WHERE ( f_btn_usrid=1 AND btnnm='bs2' ) LIMIT 1   [ RunTime:0.000288s ]
SQL: SELECT * FROM `tb_btn` WHERE ( f_btn_usrid=1 AND btnnm='bs2' ) LIMIT 1   [ RunTime:0.000269s ]
SQL: SELECT * FROM `tb_lbmd` LEFT JOIN tb_md ON f_lbmd_mdid=mdid WHERE ( f_lbmd_lbid=3 )  [ RunTime:0.000386s ]
SQL: SELECT * FROM `tb_ath` WHERE ( f_ath_mdid=25 AND (f_ath_rlid=1) )  [ RunTime:0.000699s ]
SQL: SELECT * FROM `tb_ath` WHERE ( f_ath_mdid=26 AND (f_ath_rlid=1) )  [ RunTime:0.000705s ]
SQL: SELECT * FROM `tb_ath` WHERE ( f_ath_mdid=27 AND (f_ath_rlid=1) )  [ RunTime:0.000696s ]
SQL: SELECT * FROM `tb_ath` WHERE ( f_ath_mdid=28 AND (f_ath_rlid=1) )  [ RunTime:0.000697s ]
SQL: SELECT * FROM `tb_ath` WHERE ( f_ath_mdid=29 AND (f_ath_rlid=1) )  [ RunTime:0.000693s ]
SQL: SELECT * FROM `tb_ath` WHERE ( f_ath_mdid=30 AND (f_ath_rlid=1) )  [ RunTime:0.000694s ]
SQL: SELECT * FROM `tb_ath` WHERE ( f_ath_mdid=31 AND (f_ath_rlid=1) )  [ RunTime:0.000697s ]
SQL: SELECT * FROM `tb_ath` WHERE ( f_ath_mdid=32 AND (f_ath_rlid=1) )  [ RunTime:0.000696s ]
SQL: SELECT * FROM `tb_ath` WHERE ( f_ath_mdid=33 AND (f_ath_rlid=1) )  [ RunTime:0.000698s ]
SQL: SELECT * FROM `tb_ath` WHERE ( f_ath_mdid=34 AND (f_ath_rlid=1) )  [ RunTime:0.000690s ]
SQL: SELECT * FROM `tb_ath` WHERE ( f_ath_mdid=35 AND (f_ath_rlid=1) )  [ RunTime:0.000718s ]
SQL: SELECT * FROM `tb_ath` WHERE ( f_ath_mdid=36 AND (f_ath_rlid=1) )  [ RunTime:0.000706s ]
SQL: SELECT * FROM `tb_ath` WHERE ( f_ath_mdid=37 AND (f_ath_rlid=1) )  [ RunTime:0.000697s ]
SQL: SELECT * FROM `tb_ath` WHERE ( f_ath_mdid=38 AND (f_ath_rlid=1) )  [ RunTime:0.000700s ]
SQL: SELECT * FROM `tb_ath` WHERE ( f_ath_mdid=39 AND (f_ath_rlid=1) )  [ RunTime:0.000690s ]
SQL: SELECT * FROM `tb_ath` WHERE ( f_ath_mdid=40 AND (f_ath_rlid=1) )  [ RunTime:0.000695s ]
SQL: SELECT * FROM `tb_ath` WHERE ( f_ath_mdid=41 AND (f_ath_rlid=1) )  [ RunTime:0.000690s ]
SQL: SELECT * FROM `tb_ath` WHERE ( f_ath_mdid=42 AND (f_ath_rlid=1) )  [ RunTime:0.000690s ]
SQL: SELECT * FROM `tb_ath` WHERE ( f_ath_mdid=43 AND (f_ath_rlid=1) )  [ RunTime:0.000691s ]
SQL: SELECT * FROM `tb_ath` WHERE ( f_ath_mdid=44 AND (f_ath_rlid=1) )  [ RunTime:0.000694s ]
SQL: SELECT * FROM `tb_ath` WHERE ( f_ath_mdid=49 AND (f_ath_rlid=1) )  [ RunTime:0.000695s ]
SQL: SELECT * FROM `tb_btn` WHERE ( f_btn_usrid=1 AND btnnm='bs3' ) LIMIT 1   [ RunTime:0.000271s ]
SQL: SELECT * FROM `tb_btn` WHERE ( f_btn_usrid=1 AND btnnm='bs3' ) LIMIT 1   [ RunTime:0.000258s ]
SQL: SELECT * FROM `tb_lbmd` LEFT JOIN tb_md ON f_lbmd_mdid=mdid WHERE ( f_lbmd_lbid=4 )  [ RunTime:0.000295s ]
SQL: SELECT * FROM `tb_ath` WHERE ( f_ath_mdid=45 AND (f_ath_rlid=1) )  [ RunTime:0.000699s ]
SQL: SELECT * FROM `tb_btn` WHERE ( f_btn_usrid=1 AND btnnm='bs4' ) LIMIT 1   [ RunTime:0.000259s ]
SQL: SELECT * FROM `tb_btn` WHERE ( f_btn_usrid=1 AND btnnm='bs4' ) LIMIT 1   [ RunTime:0.000272s ]
SQL: SELECT * FROM `tb_lbmd` LEFT JOIN tb_md ON f_lbmd_mdid=mdid WHERE ( f_lbmd_lbid=5 )  [ RunTime:0.000366s ]
SQL: SELECT * FROM `tb_ath` WHERE ( f_ath_mdid=46 AND (f_ath_rlid=1) )  [ RunTime:0.000748s ]
SQL: SELECT * FROM `tb_ath` WHERE ( f_ath_mdid=47 AND (f_ath_rlid=1) )  [ RunTime:0.000826s ]
SQL: SELECT * FROM `tb_ath` WHERE ( f_ath_mdid=48 AND (f_ath_rlid=1) )  [ RunTime:0.000702s ]
SQL: SELECT * FROM `tb_btn` WHERE ( f_btn_usrid=1 AND btnnm='bs5' ) LIMIT 1   [ RunTime:0.000264s ]
SQL: SELECT * FROM `tb_btn` WHERE ( f_btn_usrid=1 AND btnnm='bs5' ) LIMIT 1   [ RunTime:0.000256s ]
SQL: SHOW COLUMNS FROM `tb_grd` [ RunTime:0.003707s ]
SQL: SELECT * FROM `tb_grd` WHERE ( grdid=4 ) LIMIT 1   [ RunTime:0.000268s ]
SQL: SHOW COLUMNS FROM `tb_2015_cw` [ RunTime:0.003852s ]
SQL: SELECT * FROM `tb_2015_cw` WHERE ( cwid=1 ) LIMIT 1   [ RunTime:0.000398s ]
SQL: SELECT * FROM `tb_2015_cw` LEFT JOIN tb_2015_std ON f_cw_stdid=stdid inner join tb_2015_stdxqcls ON stdid=f_stdxqcls_stdid inner join tb_2015_stdxqmj ON stdid=f_stdxqmj_stdid LEFT JOIN tb_xn ON f_cw_xnid=xnid LEFT JOIN tb_stt ON f_std_sttid=sttid LEFT JOIN tb_grd ON f_std_grdid=grdid LEFT JOIN tb_2015_mj ON f_stdxqmj_mjid=mjid LEFT JOIN tb_bxxs ON f_mj_bxxsid=bxxsid LEFT JOIN tb_cc ON f_mj_ccid=ccid LEFT JOIN tb_kl ON f_mj_klid=klid LEFT JOIN tb_xxxs ON f_mj_xxxsid=xxxsid LEFT JOIN tb_zsfw ON f_mj_zsfwid=zsfwid LEFT JOIN tb_xz ON f_mj_xzid=xzid LEFT JOIN tb_2015_cls ON f_stdxqcls_clsid=clsid LEFT JOIN tb_dm ON f_std_dmid=dmid LEFT JOIN tb_sex ON f_std_sexid=sexid LEFT JOIN tb_rc ON f_std_rcid=rcid LEFT JOIN tb_zzmm ON f_std_zzmmid=zzmmid LEFT JOIN tb_xl ON f_std_xlid=xlid LEFT JOIN tb_stat ON f_std_statid=statid LEFT JOIN tb_xq ON f_stdxqcls_xqid=xqid WHERE ( f_stdxqcls_xqid=3 AND f_stdxqmj_xqid=3 AND cwid=1 ) LIMIT 1   [ RunTime:0.002044s ]
SQL: SELECT * FROM `tb_grd` WHERE ( grdid=4 ) LIMIT 1   [ RunTime:0.000405s ]
SQL: SHOW COLUMNS FROM `tb_xq` [ RunTime:0.004231s ]
SQL: SHOW COLUMNS FROM `tb_2015_sttintxq` [ RunTime:0.003552s ]
SQL: SELECT * FROM `tb_2015_sttintxq` WHERE ( f_sttintxq_sttid=1 ) LIMIT 1   [ RunTime:0.000305s ]
SQL: SELECT * FROM `tb_xq` WHERE ( xqid>=3 ) ORDER BY xqid ASC LIMIT 0,10   [ RunTime:0.000291s ]
SQL: SELECT * FROM `tb_grd` WHERE ( grdid=4 ) LIMIT 1   [ RunTime:0.000247s ]
SQL: SELECT * FROM `tb_2015_sttintxq` WHERE ( f_sttintxq_sttid=1 ) LIMIT 1   [ RunTime:0.000249s ]
SQL: SELECT * FROM `tb_xq` WHERE ( xqid>=3 ) ORDER BY xqid ASC LIMIT 0,10   [ RunTime:0.000266s ]
SQL: SHOW COLUMNS FROM `tb_2015_stdxqcls` [ RunTime:0.003419s ]
SQL: SHOW COLUMNS FROM `tb_2015_stdxqmj` [ RunTime:0.003951s ]
SQL: SELECT * FROM `tb_2015_stdxqcls` WHERE ( f_stdxqcls_stdid=1 AND f_stdxqcls_xqid=3 ) LIMIT 1   [ RunTime:0.000319s ]
SQL: SELECT * FROM `tb_2015_stdxqmj` WHERE ( f_stdxqmj_stdid=1 AND f_stdxqmj_xqid=3 ) LIMIT 1   [ RunTime:0.000258s ]
NOTIC: [8] Undefined variable: stdid C:\wamp\www\xx\admin\Lib\Action\CwAction.class.php 第 94 行.
SQL: SELECT * FROM `tb_2015_stdxqcls` LEFT JOIN tb_2015_cls ON f_stdxqcls_clsid=clsid WHERE ( f_stdxqcls_stdid= AND f_stdxqcls_xqid=3 ) LIMIT 1   [ RunTime:0.000188s ]
ERR: 1064:You have an error in your SQL syntax; check the manual that corresponds to your MySQL server version for the right syntax to use near 'AND f_stdxqcls_xqid=3 ) LIMIT 1' at line 1
 [ SQL语句 ] : SELECT * FROM `tb_2015_stdxqcls` LEFT JOIN tb_2015_cls ON f_stdxqcls_clsid=clsid WHERE ( f_stdxqcls_stdid= AND f_stdxqcls_xqid=3 ) LIMIT 1  
NOTIC: [8] Undefined variable: stdid C:\wamp\www\xx\admin\Lib\Action\CwAction.class.php 第 95 行.
SQL: SELECT * FROM `tb_2015_stdxqmj` LEFT JOIN tb_2015_mj ON f_stdxqmj_mjid=mjid WHERE ( f_stdxqmj_stdid= AND f_stdxqmj_xqid=3 ) LIMIT 1   [ RunTime:0.000182s ]
ERR: 1064:You have an error in your SQL syntax; check the manual that corresponds to your MySQL server version for the right syntax to use near 'AND f_stdxqmj_xqid=3 ) LIMIT 1' at line 1
 [ SQL语句 ] : SELECT * FROM `tb_2015_stdxqmj` LEFT JOIN tb_2015_mj ON f_stdxqmj_mjid=mjid WHERE ( f_stdxqmj_stdid= AND f_stdxqmj_xqid=3 ) LIMIT 1  
SQL: SELECT * FROM `tb_2015_stdxqcls` WHERE ( f_stdxqcls_stdid=1 AND f_stdxqcls_xqid=4 ) LIMIT 1   [ RunTime:0.000252s ]
NOTIC: [8] Undefined variable: stdid C:\wamp\www\xx\admin\Lib\Action\CwAction.class.php 第 94 行.
SQL: SELECT * FROM `tb_2015_stdxqcls` LEFT JOIN tb_2015_cls ON f_stdxqcls_clsid=clsid WHERE ( f_stdxqcls_stdid= AND f_stdxqcls_xqid=4 ) LIMIT 1   [ RunTime:0.000176s ]
ERR: 1064:You have an error in your SQL syntax; check the manual that corresponds to your MySQL server version for the right syntax to use near 'AND f_stdxqcls_xqid=4 ) LIMIT 1' at line 1
 [ SQL语句 ] : SELECT * FROM `tb_2015_stdxqcls` LEFT JOIN tb_2015_cls ON f_stdxqcls_clsid=clsid WHERE ( f_stdxqcls_stdid= AND f_stdxqcls_xqid=4 ) LIMIT 1  
NOTIC: [8] Undefined variable: stdid C:\wamp\www\xx\admin\Lib\Action\CwAction.class.php 第 95 行.
SQL: SELECT * FROM `tb_2015_stdxqmj` LEFT JOIN tb_2015_mj ON f_stdxqmj_mjid=mjid WHERE ( f_stdxqmj_stdid= AND f_stdxqmj_xqid=4 ) LIMIT 1   [ RunTime:0.000177s ]
ERR: 1064:You have an error in your SQL syntax; check the manual that corresponds to your MySQL server version for the right syntax to use near 'AND f_stdxqmj_xqid=4 ) LIMIT 1' at line 1
 [ SQL语句 ] : SELECT * FROM `tb_2015_stdxqmj` LEFT JOIN tb_2015_mj ON f_stdxqmj_mjid=mjid WHERE ( f_stdxqmj_stdid= AND f_stdxqmj_xqid=4 ) LIMIT 1  
SQL: SHOW COLUMNS FROM `tb_2015_tsqk` [ RunTime:0.003522s ]
NOTIC: [8] Undefined variable: stdid C:\wamp\www\xx\admin\Lib\Action\CwAction.class.php 第 103 行.
SQL: SELECT * FROM `tb_2015_tsqk` WHERE ( f_tsqk_stdid= ) ORDER BY tsqktm DESC  [ RunTime:0.000180s ]
ERR: 1064:You have an error in your SQL syntax; check the manual that corresponds to your MySQL server version for the right syntax to use near ') ORDER BY tsqktm DESC' at line 1
 [ SQL语句 ] : SELECT * FROM `tb_2015_tsqk` WHERE ( f_tsqk_stdid= ) ORDER BY tsqktm DESC 
INFO: [ view_parse ] --START--
NOTIC: [8] Use of undefined constant lbid - assumed 'lbid' C:\wamp\www\xx\admin\Runtime\Cache\7a80ce7cb2784d0c5595e3591333b3d7.php 第 147 行.
NOTIC: [8] Use of undefined constant lbid - assumed 'lbid' C:\wamp\www\xx\admin\Runtime\Cache\7a80ce7cb2784d0c5595e3591333b3d7.php 第 147 行.
NOTIC: [8] Use of undefined constant lbid - assumed 'lbid' C:\wamp\www\xx\admin\Runtime\Cache\7a80ce7cb2784d0c5595e3591333b3d7.php 第 147 行.
NOTIC: [8] Use of undefined constant lbid - assumed 'lbid' C:\wamp\www\xx\admin\Runtime\Cache\7a80ce7cb2784d0c5595e3591333b3d7.php 第 147 行.
NOTIC: [8] Use of undefined constant lbid - assumed 'lbid' C:\wamp\www\xx\admin\Runtime\Cache\7a80ce7cb2784d0c5595e3591333b3d7.php 第 147 行.
INFO: ParseTemplate Behavior ::run [ RunTime:0.144740s ]
INFO: [ view_parse ] --END-- [ RunTime:0.144991s ]
INFO: [ view_filter ] --START--
INFO: ContentReplace Behavior ::run [ RunTime:0.015585s ]
INFO: TokenBuild Behavior ::run [ RunTime:0.008768s ]
INFO: WriteHtmlCache Behavior ::run [ RunTime:0.000783s ]
INFO: ShowRuntime Behavior ::run [ RunTime:0.010167s ]
INFO: [ view_filter ] --END-- [ RunTime:0.035728s ]
INFO: [ view_end ] --START--
INFO: ShowPageTrace Behavior ::run [ RunTime:0.006878s ]
INFO: [ view_end ] --END-- [ RunTime:0.007003s ]

