[ 2015-02-02T17:04:24+08:00 ] 127.0.0.1 /geek/admin.php
INFO: [ app_begin ] --START--
INFO: ReadHtmlCache Behavior ::run [ RunTime:0.049799s ]
INFO: [ app_begin ] --END-- [ RunTime:0.172750s ]
INFO: [ view_parse ] --START--
INFO: ParseTemplate Behavior ::run [ RunTime:0.496234s ]
INFO: [ view_parse ] --END-- [ RunTime:0.496401s ]
INFO: [ view_filter ] --START--
INFO: ContentReplace Behavior ::run [ RunTime:0.025372s ]
INFO: TokenBuild Behavior ::run [ RunTime:0.009572s ]
INFO: WriteHtmlCache Behavior ::run [ RunTime:0.006898s ]
INFO: ShowRuntime Behavior ::run [ RunTime:0.004939s ]
INFO: [ view_filter ] --END-- [ RunTime:0.047202s ]
INFO: [ view_end ] --START--
INFO: ShowPageTrace Behavior ::run [ RunTime:0.014029s ]
INFO: [ view_end ] --END-- [ RunTime:0.014172s ]

[ 2015-02-02T19:59:21+08:00 ] 127.0.0.1 /geek/admin.php
INFO: [ app_begin ] --START--
INFO: ReadHtmlCache Behavior ::run [ RunTime:0.000878s ]
INFO: [ app_begin ] --END-- [ RunTime:0.001022s ]
INFO: [ view_parse ] --START--
INFO: ParseTemplate Behavior ::run [ RunTime:0.010193s ]
INFO: [ view_parse ] --END-- [ RunTime:0.010347s ]
INFO: [ view_filter ] --START--
INFO: ContentReplace Behavior ::run [ RunTime:0.000625s ]
INFO: TokenBuild Behavior ::run [ RunTime:0.000658s ]
INFO: WriteHtmlCache Behavior ::run [ RunTime:0.000476s ]
INFO: ShowRuntime Behavior ::run [ RunTime:0.000801s ]
INFO: [ view_filter ] --END-- [ RunTime:0.002900s ]
INFO: [ view_end ] --START--
INFO: ShowPageTrace Behavior ::run [ RunTime:0.000809s ]
INFO: [ view_end ] --END-- [ RunTime:0.000967s ]

[ 2015-02-02T19:59:24+08:00 ] 127.0.0.1 /geek/admin.php
INFO: [ app_begin ] --START--
INFO: ReadHtmlCache Behavior ::run [ RunTime:0.000958s ]
INFO: [ app_begin ] --END-- [ RunTime:0.001115s ]
INFO: [ view_parse ] --START--
INFO: ParseTemplate Behavior ::run [ RunTime:0.014951s ]
INFO: [ view_parse ] --END-- [ RunTime:0.015108s ]
INFO: [ view_filter ] --START--
INFO: ContentReplace Behavior ::run [ RunTime:0.000635s ]
INFO: TokenBuild Behavior ::run [ RunTime:0.000720s ]
INFO: WriteHtmlCache Behavior ::run [ RunTime:0.000510s ]
INFO: ShowRuntime Behavior ::run [ RunTime:0.000740s ]
INFO: [ view_filter ] --END-- [ RunTime:0.002955s ]
INFO: [ view_end ] --START--
INFO: ShowPageTrace Behavior ::run [ RunTime:0.000787s ]
INFO: [ view_end ] --END-- [ RunTime:0.000910s ]

[ 2015-02-02T20:01:03+08:00 ] 127.0.0.1 /geek/admin.php
INFO: [ app_begin ] --START--
INFO: ReadHtmlCache Behavior ::run [ RunTime:0.000888s ]
INFO: [ app_begin ] --END-- [ RunTime:0.001068s ]
INFO: [ view_parse ] --START--
INFO: ParseTemplate Behavior ::run [ RunTime:0.025685s ]
INFO: [ view_parse ] --END-- [ RunTime:0.025907s ]
INFO: [ view_filter ] --START--
INFO: ContentReplace Behavior ::run [ RunTime:0.000873s ]
INFO: TokenBuild Behavior ::run [ RunTime:0.000643s ]
INFO: WriteHtmlCache Behavior ::run [ RunTime:0.000463s ]
INFO: ShowRuntime Behavior ::run [ RunTime:0.000745s ]
INFO: [ view_filter ] --END-- [ RunTime:0.003106s ]
INFO: [ view_end ] --START--
INFO: ShowPageTrace Behavior ::run [ RunTime:0.000771s ]
INFO: [ view_end ] --END-- [ RunTime:0.000895s ]

[ 2015-02-02T20:04:33+08:00 ] 127.0.0.1 /geek/admin.php/Usr/loginin
INFO: [ route_check ] --START--
INFO: CheckRoute Behavior ::run [ RunTime:0.024496s ]
INFO: [ route_check ] --END-- [ RunTime:0.024646s ]
INFO: [ app_begin ] --START--
INFO: ReadHtmlCache Behavior ::run [ RunTime:0.000819s ]
INFO: [ app_begin ] --END-- [ RunTime:0.000943s ]
SQL: SHOW COLUMNS FROM `tb_usr` [ RunTime:1.024660s ]
NOTIC: [8] Undefined index: rmb C:\wamp\www\geek\admin\Lib\Action\UsrAction.class.php 第 11 行.
SQL: SELECT * FROM `tb_usr` WHERE ( usrnm='admin' ) LIMIT 1   [ RunTime:0.385478s ]
SQL: SELECT * FROM `tb_usr` WHERE ( usrnm='admin' AND usrpw='333' ) LIMIT 1   [ RunTime:0.065752s ]

[ 2015-02-02T21:02:02+08:00 ] 127.0.0.1 /geek/admin.php
INFO: [ app_begin ] --START--
INFO: ReadHtmlCache Behavior ::run [ RunTime:0.001126s ]
INFO: [ app_begin ] --END-- [ RunTime:0.001308s ]
INFO: [ view_parse ] --START--
INFO: ParseTemplate Behavior ::run [ RunTime:0.024411s ]
INFO: [ view_parse ] --END-- [ RunTime:0.024561s ]
INFO: [ view_filter ] --START--
INFO: ContentReplace Behavior ::run [ RunTime:0.000613s ]
INFO: TokenBuild Behavior ::run [ RunTime:0.000610s ]
INFO: WriteHtmlCache Behavior ::run [ RunTime:0.000452s ]
INFO: ShowRuntime Behavior ::run [ RunTime:0.000707s ]
INFO: [ view_filter ] --END-- [ RunTime:0.002721s ]
INFO: [ view_end ] --START--
INFO: ShowPageTrace Behavior ::run [ RunTime:0.000887s ]
INFO: [ view_end ] --END-- [ RunTime:0.001047s ]

[ 2015-02-02T21:02:04+08:00 ] 127.0.0.1 /geek/admin.php/U/gtxpg/x/regist
INFO: [ route_check ] --START--
INFO: CheckRoute Behavior ::run [ RunTime:0.000899s ]
INFO: [ route_check ] --END-- [ RunTime:0.001042s ]
INFO: [ app_begin ] --START--
INFO: ReadHtmlCache Behavior ::run [ RunTime:0.000647s ]
INFO: [ app_begin ] --END-- [ RunTime:0.000772s ]
ERR: 无法加载模块:U

[ 2015-02-02T21:02:15+08:00 ] 127.0.0.1 /geek/admin.php
INFO: [ app_begin ] --START--
INFO: ReadHtmlCache Behavior ::run [ RunTime:0.000657s ]
INFO: [ app_begin ] --END-- [ RunTime:0.000799s ]
INFO: [ view_parse ] --START--
INFO: ParseTemplate Behavior ::run [ RunTime:0.009041s ]
INFO: [ view_parse ] --END-- [ RunTime:0.009180s ]
INFO: [ view_filter ] --START--
INFO: ContentReplace Behavior ::run [ RunTime:0.000534s ]
INFO: TokenBuild Behavior ::run [ RunTime:0.000534s ]
INFO: WriteHtmlCache Behavior ::run [ RunTime:0.000380s ]
INFO: ShowRuntime Behavior ::run [ RunTime:0.000865s ]
INFO: [ view_filter ] --END-- [ RunTime:0.002677s ]
INFO: [ view_end ] --START--
INFO: ShowPageTrace Behavior ::run [ RunTime:0.000767s ]
INFO: [ view_end ] --END-- [ RunTime:0.000895s ]

[ 2015-02-02T21:02:17+08:00 ] 127.0.0.1 /geek/admin.php/U/gtxpg/x/regist
INFO: [ route_check ] --START--
INFO: CheckRoute Behavior ::run [ RunTime:0.000822s ]
INFO: [ route_check ] --END-- [ RunTime:0.000965s ]
INFO: [ app_begin ] --START--
INFO: ReadHtmlCache Behavior ::run [ RunTime:0.000647s ]
INFO: [ app_begin ] --END-- [ RunTime:0.000772s ]
ERR: 无法加载模块:U

[ 2015-02-02T21:02:26+08:00 ] 127.0.0.1 /geek/admin.php
INFO: [ app_begin ] --START--
INFO: ReadHtmlCache Behavior ::run [ RunTime:0.000654s ]
INFO: [ app_begin ] --END-- [ RunTime:0.000796s ]
INFO: [ view_parse ] --START--
INFO: ParseTemplate Behavior ::run [ RunTime:0.010038s ]
INFO: [ view_parse ] --END-- [ RunTime:0.010182s ]
INFO: [ view_filter ] --START--
INFO: ContentReplace Behavior ::run [ RunTime:0.000569s ]
INFO: TokenBuild Behavior ::run [ RunTime:0.000537s ]
INFO: WriteHtmlCache Behavior ::run [ RunTime:0.000380s ]
INFO: ShowRuntime Behavior ::run [ RunTime:0.000636s ]
INFO: [ view_filter ] --END-- [ RunTime:0.002460s ]
INFO: [ view_end ] --START--
INFO: ShowPageTrace Behavior ::run [ RunTime:0.000681s ]
INFO: [ view_end ] --END-- [ RunTime:0.000804s ]

[ 2015-02-02T21:02:27+08:00 ] 127.0.0.1 /geek/admin.php/Usr/gtxpg/x/regist
INFO: [ route_check ] --START--
INFO: CheckRoute Behavior ::run [ RunTime:0.000826s ]
INFO: [ route_check ] --END-- [ RunTime:0.000971s ]
INFO: [ app_begin ] --START--
INFO: ReadHtmlCache Behavior ::run [ RunTime:0.000647s ]
INFO: [ app_begin ] --END-- [ RunTime:0.000772s ]
SQL: SHOW COLUMNS FROM `tb_usr` [ RunTime:0.011427s ]
SQL: SELECT * FROM `tb_usr` WHERE ( usrid= ) LIMIT 1   [ RunTime:0.042324s ]
ERR: 1064:You have an error in your SQL syntax; check the manual that corresponds to your MySQL server version for the right syntax to use near ') LIMIT 1' at line 1
 [ SQL语句 ] : SELECT * FROM `tb_usr` WHERE ( usrid= ) LIMIT 1  
INFO: [ view_parse ] --START--
NOTIC: [8] Undefined index: uid C:\wamp\www\geek\admin\Runtime\Cache\4fb80627e037ce6a7f4df42e3ba5bcc4.php 第 71 行.
NOTIC: [8] Undefined index: unm C:\wamp\www\geek\admin\Runtime\Cache\4fb80627e037ce6a7f4df42e3ba5bcc4.php 第 73 行.
NOTIC: [8] Undefined index: upw C:\wamp\www\geek\admin\Runtime\Cache\4fb80627e037ce6a7f4df42e3ba5bcc4.php 第 74 行.
NOTIC: [8] Undefined index: upw C:\wamp\www\geek\admin\Runtime\Cache\4fb80627e037ce6a7f4df42e3ba5bcc4.php 第 75 行.
NOTIC: [8] Undefined index: upt C:\wamp\www\geek\admin\Runtime\Cache\4fb80627e037ce6a7f4df42e3ba5bcc4.php 第 90 行.
NOTIC: [8] Undefined index: upt C:\wamp\www\geek\admin\Runtime\Cache\4fb80627e037ce6a7f4df42e3ba5bcc4.php 第 94 行.
INFO: ParseTemplate Behavior ::run [ RunTime:0.024234s ]
INFO: [ view_parse ] --END-- [ RunTime:0.024414s ]
INFO: [ view_filter ] --START--
INFO: ContentReplace Behavior ::run [ RunTime:0.000634s ]
INFO: TokenBuild Behavior ::run [ RunTime:0.000544s ]
INFO: WriteHtmlCache Behavior ::run [ RunTime:0.000379s ]
INFO: ShowRuntime Behavior ::run [ RunTime:0.000865s ]
INFO: [ view_filter ] --END-- [ RunTime:0.002806s ]
INFO: [ view_end ] --START--
INFO: ShowPageTrace Behavior ::run [ RunTime:0.000730s ]
INFO: [ view_end ] --END-- [ RunTime:0.000855s ]

[ 2015-02-02T21:11:38+08:00 ] 127.0.0.1 /geek/admin.php/Usr/gtxpg/x/regist
INFO: [ route_check ] --START--
INFO: CheckRoute Behavior ::run [ RunTime:0.001024s ]
INFO: [ route_check ] --END-- [ RunTime:0.001171s ]
INFO: [ app_begin ] --START--
INFO: ReadHtmlCache Behavior ::run [ RunTime:0.000725s ]
INFO: [ app_begin ] --END-- [ RunTime:0.000853s ]
SQL: SHOW COLUMNS FROM `tb_usr` [ RunTime:0.016562s ]
SQL: SELECT * FROM `tb_usr` WHERE ( usrid= ) LIMIT 1   [ RunTime:0.000304s ]
ERR: 1064:You have an error in your SQL syntax; check the manual that corresponds to your MySQL server version for the right syntax to use near ') LIMIT 1' at line 1
 [ SQL语句 ] : SELECT * FROM `tb_usr` WHERE ( usrid= ) LIMIT 1  
INFO: [ view_parse ] --START--
NOTIC: [8] Undefined index: uid C:\wamp\www\geek\admin\Runtime\Cache\4fb80627e037ce6a7f4df42e3ba5bcc4.php 第 84 行.
NOTIC: [8] Undefined index: unm C:\wamp\www\geek\admin\Runtime\Cache\4fb80627e037ce6a7f4df42e3ba5bcc4.php 第 86 行.
NOTIC: [8] Undefined index: upw C:\wamp\www\geek\admin\Runtime\Cache\4fb80627e037ce6a7f4df42e3ba5bcc4.php 第 87 行.
NOTIC: [8] Undefined index: upw C:\wamp\www\geek\admin\Runtime\Cache\4fb80627e037ce6a7f4df42e3ba5bcc4.php 第 88 行.
NOTIC: [8] Undefined index: upt C:\wamp\www\geek\admin\Runtime\Cache\4fb80627e037ce6a7f4df42e3ba5bcc4.php 第 103 行.
NOTIC: [8] Undefined index: upt C:\wamp\www\geek\admin\Runtime\Cache\4fb80627e037ce6a7f4df42e3ba5bcc4.php 第 107 行.
INFO: ParseTemplate Behavior ::run [ RunTime:0.011764s ]
INFO: [ view_parse ] --END-- [ RunTime:0.011897s ]
INFO: [ view_filter ] --START--
INFO: ContentReplace Behavior ::run [ RunTime:0.000630s ]
INFO: TokenBuild Behavior ::run [ RunTime:0.000614s ]
INFO: WriteHtmlCache Behavior ::run [ RunTime:0.000456s ]
INFO: ShowRuntime Behavior ::run [ RunTime:0.000773s ]
INFO: [ view_filter ] --END-- [ RunTime:0.002809s ]
INFO: [ view_end ] --START--
INFO: ShowPageTrace Behavior ::run [ RunTime:0.000759s ]
INFO: [ view_end ] --END-- [ RunTime:0.000880s ]

[ 2015-02-02T21:16:34+08:00 ] 127.0.0.1 /geek/admin.php/Usr/gtxpg/x/regist
INFO: [ route_check ] --START--
INFO: CheckRoute Behavior ::run [ RunTime:0.001025s ]
INFO: [ route_check ] --END-- [ RunTime:0.001171s ]
INFO: [ app_begin ] --START--
INFO: ReadHtmlCache Behavior ::run [ RunTime:0.000724s ]
INFO: [ app_begin ] --END-- [ RunTime:0.000851s ]
SQL: SHOW COLUMNS FROM `tb_usr` [ RunTime:0.049437s ]
SQL: SELECT * FROM `tb_usr` WHERE ( usrid= ) LIMIT 1   [ RunTime:0.000294s ]
ERR: 1064:You have an error in your SQL syntax; check the manual that corresponds to your MySQL server version for the right syntax to use near ') LIMIT 1' at line 1
 [ SQL语句 ] : SELECT * FROM `tb_usr` WHERE ( usrid= ) LIMIT 1  
INFO: [ view_parse ] --START--
NOTIC: [8] Undefined index: uid C:\wamp\www\geek\admin\Runtime\Cache\4fb80627e037ce6a7f4df42e3ba5bcc4.php 第 84 行.
NOTIC: [8] Undefined index: unm C:\wamp\www\geek\admin\Runtime\Cache\4fb80627e037ce6a7f4df42e3ba5bcc4.php 第 86 行.
NOTIC: [8] Undefined index: upw C:\wamp\www\geek\admin\Runtime\Cache\4fb80627e037ce6a7f4df42e3ba5bcc4.php 第 87 行.
NOTIC: [8] Undefined index: upw C:\wamp\www\geek\admin\Runtime\Cache\4fb80627e037ce6a7f4df42e3ba5bcc4.php 第 88 行.
NOTIC: [8] Undefined index: upt C:\wamp\www\geek\admin\Runtime\Cache\4fb80627e037ce6a7f4df42e3ba5bcc4.php 第 103 行.
NOTIC: [8] Undefined index: upt C:\wamp\www\geek\admin\Runtime\Cache\4fb80627e037ce6a7f4df42e3ba5bcc4.php 第 107 行.
INFO: ParseTemplate Behavior ::run [ RunTime:0.016906s ]
INFO: [ view_parse ] --END-- [ RunTime:0.017050s ]
INFO: [ view_filter ] --START--
INFO: ContentReplace Behavior ::run [ RunTime:0.000708s ]
INFO: TokenBuild Behavior ::run [ RunTime:0.000620s ]
INFO: WriteHtmlCache Behavior ::run [ RunTime:0.000475s ]
INFO: ShowRuntime Behavior ::run [ RunTime:0.000774s ]
INFO: [ view_filter ] --END-- [ RunTime:0.002911s ]
INFO: [ view_end ] --START--
INFO: ShowPageTrace Behavior ::run [ RunTime:0.000763s ]
INFO: [ view_end ] --END-- [ RunTime:0.000885s ]

[ 2015-02-02T21:16:49+08:00 ] 127.0.0.1 /geek/admin.php
INFO: [ app_begin ] --START--
INFO: ReadHtmlCache Behavior ::run [ RunTime:0.000662s ]
INFO: [ app_begin ] --END-- [ RunTime:0.000806s ]
INFO: [ view_parse ] --START--
INFO: ParseTemplate Behavior ::run [ RunTime:0.009672s ]
INFO: [ view_parse ] --END-- [ RunTime:0.009811s ]
INFO: [ view_filter ] --START--
INFO: ContentReplace Behavior ::run [ RunTime:0.000799s ]
INFO: TokenBuild Behavior ::run [ RunTime:0.000564s ]
INFO: WriteHtmlCache Behavior ::run [ RunTime:0.000389s ]
INFO: ShowRuntime Behavior ::run [ RunTime:0.000759s ]
INFO: [ view_filter ] --END-- [ RunTime:0.002860s ]
INFO: [ view_end ] --START--
INFO: ShowPageTrace Behavior ::run [ RunTime:0.000687s ]
INFO: [ view_end ] --END-- [ RunTime:0.000809s ]

[ 2015-02-02T21:19:00+08:00 ] 127.0.0.1 /geek/admin.php/Usr/gtxpg/x/regist
INFO: [ route_check ] --START--
INFO: CheckRoute Behavior ::run [ RunTime:0.001087s ]
INFO: [ route_check ] --END-- [ RunTime:0.001244s ]
INFO: [ app_begin ] --START--
INFO: ReadHtmlCache Behavior ::run [ RunTime:0.000828s ]
INFO: [ app_begin ] --END-- [ RunTime:0.000973s ]
SQL: SHOW COLUMNS FROM `tb_usr` [ RunTime:0.004492s ]
SQL: SELECT * FROM `tb_usr` WHERE ( usrid= ) LIMIT 1   [ RunTime:0.000279s ]
ERR: 1064:You have an error in your SQL syntax; check the manual that corresponds to your MySQL server version for the right syntax to use near ') LIMIT 1' at line 1
 [ SQL语句 ] : SELECT * FROM `tb_usr` WHERE ( usrid= ) LIMIT 1  
INFO: [ view_parse ] --START--
NOTIC: [8] Undefined index: uid C:\wamp\www\geek\admin\Runtime\Cache\4fb80627e037ce6a7f4df42e3ba5bcc4.php 第 84 行.
NOTIC: [8] Undefined index: unm C:\wamp\www\geek\admin\Runtime\Cache\4fb80627e037ce6a7f4df42e3ba5bcc4.php 第 86 行.
NOTIC: [8] Undefined index: upw C:\wamp\www\geek\admin\Runtime\Cache\4fb80627e037ce6a7f4df42e3ba5bcc4.php 第 87 行.
NOTIC: [8] Undefined index: upw C:\wamp\www\geek\admin\Runtime\Cache\4fb80627e037ce6a7f4df42e3ba5bcc4.php 第 88 行.
NOTIC: [8] Undefined index: upt C:\wamp\www\geek\admin\Runtime\Cache\4fb80627e037ce6a7f4df42e3ba5bcc4.php 第 103 行.
NOTIC: [8] Undefined index: upt C:\wamp\www\geek\admin\Runtime\Cache\4fb80627e037ce6a7f4df42e3ba5bcc4.php 第 107 行.
INFO: ParseTemplate Behavior ::run [ RunTime:0.015433s ]
INFO: [ view_parse ] --END-- [ RunTime:0.015568s ]
INFO: [ view_filter ] --START--
INFO: ContentReplace Behavior ::run [ RunTime:0.000624s ]
INFO: TokenBuild Behavior ::run [ RunTime:0.000610s ]
INFO: WriteHtmlCache Behavior ::run [ RunTime:0.000454s ]
INFO: ShowRuntime Behavior ::run [ RunTime:0.000711s ]
INFO: [ view_filter ] --END-- [ RunTime:0.002737s ]
INFO: [ view_end ] --START--
INFO: ShowPageTrace Behavior ::run [ RunTime:0.000758s ]
INFO: [ view_end ] --END-- [ RunTime:0.000882s ]

[ 2015-02-02T21:20:50+08:00 ] 127.0.0.1 /geek/admin.php/Usr/gtxpg/x/regist
INFO: [ route_check ] --START--
INFO: CheckRoute Behavior ::run [ RunTime:0.000855s ]
INFO: [ route_check ] --END-- [ RunTime:0.001003s ]
INFO: [ app_begin ] --START--
INFO: ReadHtmlCache Behavior ::run [ RunTime:0.000657s ]
INFO: [ app_begin ] --END-- [ RunTime:0.000783s ]
SQL: SHOW COLUMNS FROM `tb_usr` [ RunTime:0.050030s ]
SQL: SELECT * FROM `tb_usr` WHERE ( usrid= ) LIMIT 1   [ RunTime:0.000277s ]
ERR: 1064:You have an error in your SQL syntax; check the manual that corresponds to your MySQL server version for the right syntax to use near ') LIMIT 1' at line 1
 [ SQL语句 ] : SELECT * FROM `tb_usr` WHERE ( usrid= ) LIMIT 1  
INFO: [ view_parse ] --START--
NOTIC: [8] Undefined index: uid C:\wamp\www\geek\admin\Runtime\Cache\4fb80627e037ce6a7f4df42e3ba5bcc4.php 第 88 行.
NOTIC: [8] Undefined index: unm C:\wamp\www\geek\admin\Runtime\Cache\4fb80627e037ce6a7f4df42e3ba5bcc4.php 第 90 行.
NOTIC: [8] Undefined index: upw C:\wamp\www\geek\admin\Runtime\Cache\4fb80627e037ce6a7f4df42e3ba5bcc4.php 第 91 行.
NOTIC: [8] Undefined index: upw C:\wamp\www\geek\admin\Runtime\Cache\4fb80627e037ce6a7f4df42e3ba5bcc4.php 第 92 行.
NOTIC: [8] Undefined index: upt C:\wamp\www\geek\admin\Runtime\Cache\4fb80627e037ce6a7f4df42e3ba5bcc4.php 第 107 行.
NOTIC: [8] Undefined index: upt C:\wamp\www\geek\admin\Runtime\Cache\4fb80627e037ce6a7f4df42e3ba5bcc4.php 第 111 行.
INFO: ParseTemplate Behavior ::run [ RunTime:0.010759s ]
INFO: [ view_parse ] --END-- [ RunTime:0.010937s ]
INFO: [ view_filter ] --START--
INFO: ContentReplace Behavior ::run [ RunTime:0.000838s ]
INFO: TokenBuild Behavior ::run [ RunTime:0.000801s ]
INFO: WriteHtmlCache Behavior ::run [ RunTime:0.000564s ]
INFO: ShowRuntime Behavior ::run [ RunTime:0.000760s ]
INFO: [ view_filter ] --END-- [ RunTime:0.003462s ]
INFO: [ view_end ] --START--
INFO: ShowPageTrace Behavior ::run [ RunTime:0.000701s ]
INFO: [ view_end ] --END-- [ RunTime:0.000825s ]

[ 2015-02-02T21:23:25+08:00 ] 127.0.0.1 /geek/admin.php/Usr/gtxpg/x/regist
INFO: [ route_check ] --START--
INFO: CheckRoute Behavior ::run [ RunTime:0.001525s ]
INFO: [ route_check ] --END-- [ RunTime:0.001756s ]
INFO: [ app_begin ] --START--
INFO: ReadHtmlCache Behavior ::run [ RunTime:0.001175s ]
INFO: [ app_begin ] --END-- [ RunTime:0.001395s ]
SQL: SHOW COLUMNS FROM `tb_usr` [ RunTime:0.053662s ]
SQL: SELECT * FROM `tb_usr` WHERE ( usrid= ) LIMIT 1   [ RunTime:0.000219s ]
ERR: 1064:You have an error in your SQL syntax; check the manual that corresponds to your MySQL server version for the right syntax to use near ') LIMIT 1' at line 1
 [ SQL语句 ] : SELECT * FROM `tb_usr` WHERE ( usrid= ) LIMIT 1  
INFO: [ view_parse ] --START--
NOTIC: [8] Undefined index: uid C:\wamp\www\geek\admin\Runtime\Cache\4fb80627e037ce6a7f4df42e3ba5bcc4.php 第 88 行.
NOTIC: [8] Undefined index: unm C:\wamp\www\geek\admin\Runtime\Cache\4fb80627e037ce6a7f4df42e3ba5bcc4.php 第 90 行.
NOTIC: [8] Undefined index: upw C:\wamp\www\geek\admin\Runtime\Cache\4fb80627e037ce6a7f4df42e3ba5bcc4.php 第 91 行.
NOTIC: [8] Undefined index: upw C:\wamp\www\geek\admin\Runtime\Cache\4fb80627e037ce6a7f4df42e3ba5bcc4.php 第 92 行.
NOTIC: [8] Undefined index: upt C:\wamp\www\geek\admin\Runtime\Cache\4fb80627e037ce6a7f4df42e3ba5bcc4.php 第 107 行.
NOTIC: [8] Undefined index: upt C:\wamp\www\geek\admin\Runtime\Cache\4fb80627e037ce6a7f4df42e3ba5bcc4.php 第 111 行.
INFO: ParseTemplate Behavior ::run [ RunTime:0.015665s ]
INFO: [ view_parse ] --END-- [ RunTime:0.015875s ]
INFO: [ view_filter ] --START--
INFO: ContentReplace Behavior ::run [ RunTime:0.001030s ]
INFO: TokenBuild Behavior ::run [ RunTime:0.000965s ]
INFO: WriteHtmlCache Behavior ::run [ RunTime:0.000664s ]
INFO: ShowRuntime Behavior ::run [ RunTime:0.001140s ]
INFO: [ view_filter ] --END-- [ RunTime:0.004372s ]
INFO: [ view_end ] --START--
INFO: ShowPageTrace Behavior ::run [ RunTime:0.000831s ]
INFO: [ view_end ] --END-- [ RunTime:0.000958s ]

