[ 2015-02-17T00:02:52+08:00 ] 127.0.0.1 /geek/admin.php/Atc/gtxpg/x/vw/atcid/1
INFO: [ route_check ] --START--
INFO: CheckRoute Behavior ::run [ RunTime:0.001588s ]
INFO: [ route_check ] --END-- [ RunTime:0.001830s ]
INFO: [ app_begin ] --START--
INFO: ReadHtmlCache Behavior ::run [ RunTime:0.001160s ]
INFO: [ app_begin ] --END-- [ RunTime:0.001380s ]
SQL: SHOW COLUMNS FROM `tb_usr` [ RunTime:0.053201s ]
SQL: SELECT * FROM `tb_usr` WHERE ( usrid=1 ) LIMIT 1   [ RunTime:0.000557s ]
SQL: SELECT * FROM `tb_usr` WHERE ( usrid=1 ) LIMIT 1   [ RunTime:0.000448s ]
SQL: SHOW COLUMNS FROM `tb_md` [ RunTime:0.002955s ]
SQL: SELECT * FROM `tb_md` WHERE ( mdmk='Atc' ) LIMIT 1   [ RunTime:0.000360s ]
SQL: SELECT * FROM `tb_usr` WHERE ( usrid=1 ) LIMIT 1   [ RunTime:0.000444s ]
SQL: SHOW COLUMNS FROM `tb_athmd` [ RunTime:0.004257s ]
SQL: SELECT * FROM `tb_athmd` WHERE ( f_athmd_athid=1 AND f_athmd_mdid=6 ) LIMIT 1   [ RunTime:0.000460s ]
SQL: SELECT * FROM `tb_usr` WHERE ( usrid=1 ) LIMIT 1   [ RunTime:0.000458s ]
SQL: SELECT * FROM `tb_athmd` LEFT JOIN tb_md ON f_athmd_mdid=mdid WHERE ( f_athmd_athid=1 AND mdmk='Atc' ) LIMIT 1   [ RunTime:0.000485s ]
SQL: SHOW COLUMNS FROM `tb_atc` [ RunTime:0.005026s ]
SQL: SELECT COUNT(*) AS tp_count FROM `tb_atc` WHERE ( atcvw='n' ) LIMIT 1   [ RunTime:0.000428s ]
SQL: SELECT * FROM `tb_atc` LEFT JOIN tb_bd ON f_atc_bdid=bdid WHERE ( atcid=1 ) LIMIT 1   [ RunTime:0.000532s ]
SQL: SHOW COLUMNS FROM `tb_bd` [ RunTime:0.004030s ]
SQL: SELECT * FROM `tb_bd` ORDER BY bdodr ASC  [ RunTime:0.000371s ]
SQL: UPDATE `tb_atc` SET `atccnt`=374 WHERE ( atcid=1 ) [ RunTime:0.114216s ]
INFO: [ view_parse ] --START--
INFO: ParseTemplate Behavior ::run [ RunTime:0.018881s ]
INFO: [ view_parse ] --END-- [ RunTime:0.019137s ]
INFO: [ view_filter ] --START--
INFO: ContentReplace Behavior ::run [ RunTime:0.001027s ]
INFO: TokenBuild Behavior ::run [ RunTime:0.000923s ]
INFO: WriteHtmlCache Behavior ::run [ RunTime:0.000705s ]
INFO: ShowRuntime Behavior ::run [ RunTime:0.000930s ]
INFO: [ view_filter ] --END-- [ RunTime:0.004118s ]
INFO: [ view_end ] --START--
INFO: ShowPageTrace Behavior ::run [ RunTime:0.000781s ]
INFO: [ view_end ] --END-- [ RunTime:0.000907s ]

[ 2015-02-17T00:03:06+08:00 ] 127.0.0.1 /geek/admin.php/Atc/gtxpg/x/vw/atcid/1
INFO: [ route_check ] --START--
INFO: CheckRoute Behavior ::run [ RunTime:0.000838s ]
INFO: [ route_check ] --END-- [ RunTime:0.000990s ]
INFO: [ app_begin ] --START--
INFO: ReadHtmlCache Behavior ::run [ RunTime:0.000656s ]
INFO: [ app_begin ] --END-- [ RunTime:0.000784s ]
SQL: SHOW COLUMNS FROM `tb_usr` [ RunTime:0.112091s ]
SQL: SELECT * FROM `tb_usr` WHERE ( usrid=1 ) LIMIT 1   [ RunTime:0.000443s ]
SQL: SELECT * FROM `tb_usr` WHERE ( usrid=1 ) LIMIT 1   [ RunTime:0.000290s ]
SQL: SHOW COLUMNS FROM `tb_md` [ RunTime:0.002988s ]
SQL: SELECT * FROM `tb_md` WHERE ( mdmk='Atc' ) LIMIT 1   [ RunTime:0.000381s ]
SQL: SELECT * FROM `tb_usr` WHERE ( usrid=1 ) LIMIT 1   [ RunTime:0.000375s ]
SQL: SHOW COLUMNS FROM `tb_athmd` [ RunTime:0.003202s ]
SQL: SELECT * FROM `tb_athmd` WHERE ( f_athmd_athid=1 AND f_athmd_mdid=6 ) LIMIT 1   [ RunTime:0.000501s ]
SQL: SELECT * FROM `tb_usr` WHERE ( usrid=1 ) LIMIT 1   [ RunTime:0.000374s ]
SQL: SELECT * FROM `tb_athmd` LEFT JOIN tb_md ON f_athmd_mdid=mdid WHERE ( f_athmd_athid=1 AND mdmk='Atc' ) LIMIT 1   [ RunTime:0.000429s ]
SQL: SHOW COLUMNS FROM `tb_atc` [ RunTime:0.003802s ]
SQL: SELECT COUNT(*) AS tp_count FROM `tb_atc` WHERE ( atcvw='n' ) LIMIT 1   [ RunTime:0.000320s ]
SQL: SELECT * FROM `tb_atc` LEFT JOIN tb_bd ON f_atc_bdid=bdid WHERE ( atcid=1 ) LIMIT 1   [ RunTime:0.000478s ]
SQL: SHOW COLUMNS FROM `tb_bd` [ RunTime:0.002916s ]
SQL: SELECT * FROM `tb_bd` ORDER BY bdodr ASC  [ RunTime:0.000370s ]
SQL: UPDATE `tb_atc` SET `atccnt`=375 WHERE ( atcid=1 ) [ RunTime:0.344585s ]
INFO: [ view_parse ] --START--
INFO: ParseTemplate Behavior ::run [ RunTime:0.016773s ]
INFO: [ view_parse ] --END-- [ RunTime:0.016961s ]
INFO: [ view_filter ] --START--
INFO: ContentReplace Behavior ::run [ RunTime:0.000950s ]
INFO: TokenBuild Behavior ::run [ RunTime:0.000697s ]
INFO: WriteHtmlCache Behavior ::run [ RunTime:0.000464s ]
INFO: ShowRuntime Behavior ::run [ RunTime:0.000695s ]
INFO: [ view_filter ] --END-- [ RunTime:0.003282s ]
INFO: [ view_end ] --START--
INFO: ShowPageTrace Behavior ::run [ RunTime:0.000748s ]
INFO: [ view_end ] --END-- [ RunTime:0.000884s ]

[ 2015-02-17T00:06:58+08:00 ] 127.0.0.1 /geek/admin.php/Atc/gtxpg/x/vw/atcid/1
INFO: [ route_check ] --START--
INFO: CheckRoute Behavior ::run [ RunTime:0.002201s ]
INFO: [ route_check ] --END-- [ RunTime:0.002446s ]
INFO: [ app_begin ] --START--
INFO: ReadHtmlCache Behavior ::run [ RunTime:0.001151s ]
INFO: [ app_begin ] --END-- [ RunTime:0.001371s ]
SQL: SHOW COLUMNS FROM `tb_usr` [ RunTime:0.004367s ]
SQL: SELECT * FROM `tb_usr` WHERE ( usrid=1 ) LIMIT 1   [ RunTime:0.000506s ]
SQL: SELECT * FROM `tb_usr` WHERE ( usrid=1 ) LIMIT 1   [ RunTime:0.000378s ]
SQL: SHOW COLUMNS FROM `tb_md` [ RunTime:0.002777s ]
SQL: SELECT * FROM `tb_md` WHERE ( mdmk='Atc' ) LIMIT 1   [ RunTime:0.000368s ]
SQL: SELECT * FROM `tb_usr` WHERE ( usrid=1 ) LIMIT 1   [ RunTime:0.000350s ]
SQL: SHOW COLUMNS FROM `tb_athmd` [ RunTime:0.003854s ]
SQL: SELECT * FROM `tb_athmd` WHERE ( f_athmd_athid=1 AND f_athmd_mdid=6 ) LIMIT 1   [ RunTime:0.000358s ]
SQL: SELECT * FROM `tb_usr` WHERE ( usrid=1 ) LIMIT 1   [ RunTime:0.000360s ]
SQL: SELECT * FROM `tb_athmd` LEFT JOIN tb_md ON f_athmd_mdid=mdid WHERE ( f_athmd_athid=1 AND mdmk='Atc' ) LIMIT 1   [ RunTime:0.000391s ]
SQL: SHOW COLUMNS FROM `tb_atc` [ RunTime:0.003268s ]
SQL: SELECT COUNT(*) AS tp_count FROM `tb_atc` WHERE ( atcvw='n' ) LIMIT 1   [ RunTime:0.000380s ]
SQL: SELECT * FROM `tb_atc` LEFT JOIN tb_bd ON f_atc_bdid=bdid WHERE ( atcid=1 ) LIMIT 1   [ RunTime:0.000412s ]
SQL: SHOW COLUMNS FROM `tb_bd` [ RunTime:0.003888s ]
SQL: SELECT * FROM `tb_bd` ORDER BY bdodr ASC  [ RunTime:0.000411s ]
SQL: UPDATE `tb_atc` SET `atccnt`=376 WHERE ( atcid=1 ) [ RunTime:0.191631s ]
INFO: [ view_parse ] --START--
INFO: ParseTemplate Behavior ::run [ RunTime:0.020175s ]
INFO: [ view_parse ] --END-- [ RunTime:0.020379s ]
INFO: [ view_filter ] --START--
INFO: ContentReplace Behavior ::run [ RunTime:0.000707s ]
INFO: TokenBuild Behavior ::run [ RunTime:0.000624s ]
INFO: WriteHtmlCache Behavior ::run [ RunTime:0.000456s ]
INFO: ShowRuntime Behavior ::run [ RunTime:0.001245s ]
INFO: [ view_filter ] --END-- [ RunTime:0.003427s ]
INFO: [ view_end ] --START--
INFO: ShowPageTrace Behavior ::run [ RunTime:0.000927s ]
INFO: [ view_end ] --END-- [ RunTime:0.001063s ]

[ 2015-02-17T00:08:06+08:00 ] 127.0.0.1 /geek/admin.php/Atc/gtxpg/x/vw/atcid/1
INFO: [ route_check ] --START--
INFO: CheckRoute Behavior ::run [ RunTime:0.000874s ]
INFO: [ route_check ] --END-- [ RunTime:0.001036s ]
INFO: [ app_begin ] --START--
INFO: ReadHtmlCache Behavior ::run [ RunTime:0.000677s ]
INFO: [ app_begin ] --END-- [ RunTime:0.000807s ]
SQL: SHOW COLUMNS FROM `tb_usr` [ RunTime:0.004642s ]
SQL: SELECT * FROM `tb_usr` WHERE ( usrid=1 ) LIMIT 1   [ RunTime:0.000459s ]
SQL: SELECT * FROM `tb_usr` WHERE ( usrid=1 ) LIMIT 1   [ RunTime:0.000283s ]
SQL: SHOW COLUMNS FROM `tb_md` [ RunTime:0.002923s ]
SQL: SELECT * FROM `tb_md` WHERE ( mdmk='Atc' ) LIMIT 1   [ RunTime:0.000369s ]
SQL: SELECT * FROM `tb_usr` WHERE ( usrid=1 ) LIMIT 1   [ RunTime:0.000379s ]
SQL: SHOW COLUMNS FROM `tb_athmd` [ RunTime:0.003142s ]
SQL: SELECT * FROM `tb_athmd` WHERE ( f_athmd_athid=1 AND f_athmd_mdid=6 ) LIMIT 1   [ RunTime:0.000387s ]
SQL: SELECT * FROM `tb_usr` WHERE ( usrid=1 ) LIMIT 1   [ RunTime:0.000367s ]
SQL: SELECT * FROM `tb_athmd` LEFT JOIN tb_md ON f_athmd_mdid=mdid WHERE ( f_athmd_athid=1 AND mdmk='Atc' ) LIMIT 1   [ RunTime:0.000339s ]
SQL: SHOW COLUMNS FROM `tb_atc` [ RunTime:0.003414s ]
SQL: SELECT COUNT(*) AS tp_count FROM `tb_atc` WHERE ( atcvw='n' ) LIMIT 1   [ RunTime:0.000411s ]
SQL: SELECT * FROM `tb_atc` LEFT JOIN tb_bd ON f_atc_bdid=bdid WHERE ( atcid=1 ) LIMIT 1   [ RunTime:0.000417s ]
SQL: SHOW COLUMNS FROM `tb_bd` [ RunTime:0.002750s ]
SQL: SELECT * FROM `tb_bd` ORDER BY bdodr ASC  [ RunTime:0.000398s ]
SQL: UPDATE `tb_atc` SET `atccnt`=377 WHERE ( atcid=1 ) [ RunTime:0.226635s ]
INFO: [ view_parse ] --START--
INFO: ParseTemplate Behavior ::run [ RunTime:0.017817s ]
INFO: [ view_parse ] --END-- [ RunTime:0.018067s ]
INFO: [ view_filter ] --START--
INFO: ContentReplace Behavior ::run [ RunTime:0.000665s ]
INFO: TokenBuild Behavior ::run [ RunTime:0.000552s ]
INFO: WriteHtmlCache Behavior ::run [ RunTime:0.000382s ]
INFO: ShowRuntime Behavior ::run [ RunTime:0.000643s ]
INFO: [ view_filter ] --END-- [ RunTime:0.002622s ]
INFO: [ view_end ] --START--
INFO: ShowPageTrace Behavior ::run [ RunTime:0.000684s ]
INFO: [ view_end ] --END-- [ RunTime:0.000807s ]

[ 2015-02-17T00:08:13+08:00 ] 127.0.0.1 /geek/admin.php/Atc/gtxpg/x/vw/atcid/1
INFO: [ route_check ] --START--
INFO: CheckRoute Behavior ::run [ RunTime:0.001539s ]
INFO: [ route_check ] --END-- [ RunTime:0.001772s ]
INFO: [ app_begin ] --START--
INFO: ReadHtmlCache Behavior ::run [ RunTime:0.000772s ]
INFO: [ app_begin ] --END-- [ RunTime:0.000907s ]
SQL: SHOW COLUMNS FROM `tb_usr` [ RunTime:0.004721s ]
SQL: SELECT * FROM `tb_usr` WHERE ( usrid=1 ) LIMIT 1   [ RunTime:0.000531s ]
SQL: SELECT * FROM `tb_usr` WHERE ( usrid=1 ) LIMIT 1   [ RunTime:0.000431s ]
SQL: SHOW COLUMNS FROM `tb_md` [ RunTime:0.004024s ]
SQL: SELECT * FROM `tb_md` WHERE ( mdmk='Atc' ) LIMIT 1   [ RunTime:0.000398s ]
SQL: SELECT * FROM `tb_usr` WHERE ( usrid=1 ) LIMIT 1   [ RunTime:0.000448s ]
SQL: SHOW COLUMNS FROM `tb_athmd` [ RunTime:0.004137s ]
SQL: SELECT * FROM `tb_athmd` WHERE ( f_athmd_athid=1 AND f_athmd_mdid=6 ) LIMIT 1   [ RunTime:0.000452s ]
SQL: SELECT * FROM `tb_usr` WHERE ( usrid=1 ) LIMIT 1   [ RunTime:0.000399s ]
SQL: SELECT * FROM `tb_athmd` LEFT JOIN tb_md ON f_athmd_mdid=mdid WHERE ( f_athmd_athid=1 AND mdmk='Atc' ) LIMIT 1   [ RunTime:0.000404s ]
SQL: SHOW COLUMNS FROM `tb_atc` [ RunTime:0.004220s ]
SQL: SELECT COUNT(*) AS tp_count FROM `tb_atc` WHERE ( atcvw='n' ) LIMIT 1   [ RunTime:0.000442s ]
SQL: SELECT * FROM `tb_atc` LEFT JOIN tb_bd ON f_atc_bdid=bdid WHERE ( atcid=1 ) LIMIT 1   [ RunTime:0.000510s ]
SQL: SHOW COLUMNS FROM `tb_bd` [ RunTime:0.004343s ]
SQL: SELECT * FROM `tb_bd` ORDER BY bdodr ASC  [ RunTime:0.000460s ]
SQL: UPDATE `tb_atc` SET `atccnt`=378 WHERE ( atcid=1 ) [ RunTime:0.140579s ]
INFO: [ view_parse ] --START--
INFO: ParseTemplate Behavior ::run [ RunTime:0.021067s ]
INFO: [ view_parse ] --END-- [ RunTime:0.021280s ]
INFO: [ view_filter ] --START--
INFO: ContentReplace Behavior ::run [ RunTime:0.001062s ]
INFO: TokenBuild Behavior ::run [ RunTime:0.001025s ]
INFO: WriteHtmlCache Behavior ::run [ RunTime:0.000745s ]
INFO: ShowRuntime Behavior ::run [ RunTime:0.001155s ]
INFO: [ view_filter ] --END-- [ RunTime:0.004582s ]
INFO: [ view_end ] --START--
INFO: ShowPageTrace Behavior ::run [ RunTime:0.001542s ]
INFO: [ view_end ] --END-- [ RunTime:0.001757s ]

[ 2015-02-17T00:08:35+08:00 ] 127.0.0.1 /geek/admin.php/Atc/gtxpg/x/vw/atcid/1
INFO: [ route_check ] --START--
INFO: CheckRoute Behavior ::run [ RunTime:0.000935s ]
INFO: [ route_check ] --END-- [ RunTime:0.001099s ]
INFO: [ app_begin ] --START--
INFO: ReadHtmlCache Behavior ::run [ RunTime:0.000729s ]
INFO: [ app_begin ] --END-- [ RunTime:0.000871s ]
SQL: SHOW COLUMNS FROM `tb_usr` [ RunTime:0.003684s ]
SQL: SELECT * FROM `tb_usr` WHERE ( usrid=1 ) LIMIT 1   [ RunTime:0.000510s ]
SQL: SELECT * FROM `tb_usr` WHERE ( usrid=1 ) LIMIT 1   [ RunTime:0.000338s ]
SQL: SHOW COLUMNS FROM `tb_md` [ RunTime:0.003629s ]
SQL: SELECT * FROM `tb_md` WHERE ( mdmk='Atc' ) LIMIT 1   [ RunTime:0.000316s ]
SQL: SELECT * FROM `tb_usr` WHERE ( usrid=1 ) LIMIT 1   [ RunTime:0.000427s ]
SQL: SHOW COLUMNS FROM `tb_athmd` [ RunTime:0.002934s ]
SQL: SELECT * FROM `tb_athmd` WHERE ( f_athmd_athid=1 AND f_athmd_mdid=6 ) LIMIT 1   [ RunTime:0.000361s ]
SQL: SELECT * FROM `tb_usr` WHERE ( usrid=1 ) LIMIT 1   [ RunTime:0.000450s ]
SQL: SELECT * FROM `tb_athmd` LEFT JOIN tb_md ON f_athmd_mdid=mdid WHERE ( f_athmd_athid=1 AND mdmk='Atc' ) LIMIT 1   [ RunTime:0.000477s ]
SQL: SHOW COLUMNS FROM `tb_atc` [ RunTime:0.004166s ]
SQL: SELECT COUNT(*) AS tp_count FROM `tb_atc` WHERE ( atcvw='n' ) LIMIT 1   [ RunTime:0.000371s ]
SQL: SELECT * FROM `tb_atc` LEFT JOIN tb_bd ON f_atc_bdid=bdid WHERE ( atcid=1 ) LIMIT 1   [ RunTime:0.000436s ]
SQL: SHOW COLUMNS FROM `tb_bd` [ RunTime:0.002750s ]
SQL: SELECT * FROM `tb_bd` ORDER BY bdodr ASC  [ RunTime:0.000407s ]
SQL: UPDATE `tb_atc` SET `atccnt`=379 WHERE ( atcid=1 ) [ RunTime:0.120988s ]
INFO: [ view_parse ] --START--
INFO: ParseTemplate Behavior ::run [ RunTime:0.015524s ]
INFO: [ view_parse ] --END-- [ RunTime:0.015685s ]
INFO: [ view_filter ] --START--
INFO: ContentReplace Behavior ::run [ RunTime:0.000593s ]
INFO: TokenBuild Behavior ::run [ RunTime:0.000536s ]
INFO: WriteHtmlCache Behavior ::run [ RunTime:0.000378s ]
INFO: ShowRuntime Behavior ::run [ RunTime:0.000638s ]
INFO: [ view_filter ] --END-- [ RunTime:0.002486s ]
INFO: [ view_end ] --START--
INFO: ShowPageTrace Behavior ::run [ RunTime:0.000826s ]
INFO: [ view_end ] --END-- [ RunTime:0.000984s ]

[ 2015-02-17T00:09:04+08:00 ] 127.0.0.1 /geek/admin.php/Atc/gtxpg/x/vw/atcid/1
INFO: [ route_check ] --START--
INFO: CheckRoute Behavior ::run [ RunTime:0.001468s ]
INFO: [ route_check ] --END-- [ RunTime:0.001663s ]
INFO: [ app_begin ] --START--
INFO: ReadHtmlCache Behavior ::run [ RunTime:0.001176s ]
INFO: [ app_begin ] --END-- [ RunTime:0.001394s ]
SQL: SHOW COLUMNS FROM `tb_usr` [ RunTime:0.002990s ]
SQL: SELECT * FROM `tb_usr` WHERE ( usrid=1 ) LIMIT 1   [ RunTime:0.000315s ]
SQL: SELECT * FROM `tb_usr` WHERE ( usrid=1 ) LIMIT 1   [ RunTime:0.000224s ]
SQL: SHOW COLUMNS FROM `tb_md` [ RunTime:0.003192s ]
SQL: SELECT * FROM `tb_md` WHERE ( mdmk='Atc' ) LIMIT 1   [ RunTime:0.000378s ]
SQL: SELECT * FROM `tb_usr` WHERE ( usrid=1 ) LIMIT 1   [ RunTime:0.000311s ]
SQL: SHOW COLUMNS FROM `tb_athmd` [ RunTime:0.003575s ]
SQL: SELECT * FROM `tb_athmd` WHERE ( f_athmd_athid=1 AND f_athmd_mdid=6 ) LIMIT 1   [ RunTime:0.000329s ]
SQL: SELECT * FROM `tb_usr` WHERE ( usrid=1 ) LIMIT 1   [ RunTime:0.000321s ]
SQL: SELECT * FROM `tb_athmd` LEFT JOIN tb_md ON f_athmd_mdid=mdid WHERE ( f_athmd_athid=1 AND mdmk='Atc' ) LIMIT 1   [ RunTime:0.000341s ]
SQL: SHOW COLUMNS FROM `tb_atc` [ RunTime:0.003237s ]
SQL: SELECT COUNT(*) AS tp_count FROM `tb_atc` WHERE ( atcvw='n' ) LIMIT 1   [ RunTime:0.000405s ]
SQL: SELECT * FROM `tb_atc` LEFT JOIN tb_bd ON f_atc_bdid=bdid WHERE ( atcid=1 ) LIMIT 1   [ RunTime:0.000414s ]
SQL: SHOW COLUMNS FROM `tb_bd` [ RunTime:0.003679s ]
SQL: SELECT * FROM `tb_bd` ORDER BY bdodr ASC  [ RunTime:0.000401s ]
SQL: UPDATE `tb_atc` SET `atccnt`=380 WHERE ( atcid=1 ) [ RunTime:0.152711s ]
INFO: [ view_parse ] --START--
INFO: ParseTemplate Behavior ::run [ RunTime:0.019458s ]
INFO: [ view_parse ] --END-- [ RunTime:0.019662s ]
INFO: [ view_filter ] --START--
INFO: ContentReplace Behavior ::run [ RunTime:0.000680s ]
INFO: TokenBuild Behavior ::run [ RunTime:0.000620s ]
INFO: WriteHtmlCache Behavior ::run [ RunTime:0.000598s ]
INFO: ShowRuntime Behavior ::run [ RunTime:0.000968s ]
INFO: [ view_filter ] --END-- [ RunTime:0.003259s ]
INFO: [ view_end ] --START--
INFO: ShowPageTrace Behavior ::run [ RunTime:0.000783s ]
INFO: [ view_end ] --END-- [ RunTime:0.000909s ]

[ 2015-02-17T00:10:11+08:00 ] 127.0.0.1 /geek/admin.php/Atc/gtxpg/x/vw/atcid/1
INFO: [ route_check ] --START--
INFO: CheckRoute Behavior ::run [ RunTime:0.000873s ]
INFO: [ route_check ] --END-- [ RunTime:0.001041s ]
INFO: [ app_begin ] --START--
INFO: ReadHtmlCache Behavior ::run [ RunTime:0.000929s ]
INFO: [ app_begin ] --END-- [ RunTime:0.001131s ]
SQL: SHOW COLUMNS FROM `tb_usr` [ RunTime:0.004176s ]
SQL: SELECT * FROM `tb_usr` WHERE ( usrid=1 ) LIMIT 1   [ RunTime:0.000448s ]
SQL: SELECT * FROM `tb_usr` WHERE ( usrid=1 ) LIMIT 1   [ RunTime:0.000375s ]
SQL: SHOW COLUMNS FROM `tb_md` [ RunTime:0.002930s ]
SQL: SELECT * FROM `tb_md` WHERE ( mdmk='Atc' ) LIMIT 1   [ RunTime:0.000431s ]
SQL: SELECT * FROM `tb_usr` WHERE ( usrid=1 ) LIMIT 1   [ RunTime:0.000348s ]
SQL: SHOW COLUMNS FROM `tb_athmd` [ RunTime:0.003535s ]
SQL: SELECT * FROM `tb_athmd` WHERE ( f_athmd_athid=1 AND f_athmd_mdid=6 ) LIMIT 1   [ RunTime:0.000433s ]
SQL: SELECT * FROM `tb_usr` WHERE ( usrid=1 ) LIMIT 1   [ RunTime:0.000448s ]
SQL: SELECT * FROM `tb_athmd` LEFT JOIN tb_md ON f_athmd_mdid=mdid WHERE ( f_athmd_athid=1 AND mdmk='Atc' ) LIMIT 1   [ RunTime:0.000487s ]
SQL: SHOW COLUMNS FROM `tb_atc` [ RunTime:0.003776s ]
SQL: SELECT COUNT(*) AS tp_count FROM `tb_atc` WHERE ( atcvw='n' ) LIMIT 1   [ RunTime:0.000326s ]
SQL: SELECT * FROM `tb_atc` LEFT JOIN tb_bd ON f_atc_bdid=bdid WHERE ( atcid=1 ) LIMIT 1   [ RunTime:0.000372s ]
SQL: SHOW COLUMNS FROM `tb_bd` [ RunTime:0.002857s ]
SQL: SELECT * FROM `tb_bd` ORDER BY bdodr ASC  [ RunTime:0.000463s ]
SQL: UPDATE `tb_atc` SET `atccnt`=381 WHERE ( atcid=1 ) [ RunTime:0.142715s ]
INFO: [ view_parse ] --START--
INFO: ParseTemplate Behavior ::run [ RunTime:0.017946s ]
INFO: [ view_parse ] --END-- [ RunTime:0.018151s ]
INFO: [ view_filter ] --START--
INFO: ContentReplace Behavior ::run [ RunTime:0.000617s ]
INFO: TokenBuild Behavior ::run [ RunTime:0.000551s ]
INFO: WriteHtmlCache Behavior ::run [ RunTime:0.000383s ]
INFO: ShowRuntime Behavior ::run [ RunTime:0.000643s ]
INFO: [ view_filter ] --END-- [ RunTime:0.002539s ]
INFO: [ view_end ] --START--
INFO: ShowPageTrace Behavior ::run [ RunTime:0.000683s ]
INFO: [ view_end ] --END-- [ RunTime:0.000808s ]

[ 2015-02-17T00:12:44+08:00 ] 127.0.0.1 /geek/admin.php/Atc/gtxpg/x/vw/atcid/1
INFO: [ route_check ] --START--
INFO: CheckRoute Behavior ::run [ RunTime:0.001063s ]
INFO: [ route_check ] --END-- [ RunTime:0.001220s ]
INFO: [ app_begin ] --START--
INFO: ReadHtmlCache Behavior ::run [ RunTime:0.000792s ]
INFO: [ app_begin ] --END-- [ RunTime:0.000934s ]
SQL: SHOW COLUMNS FROM `tb_usr` [ RunTime:0.003334s ]
SQL: SELECT * FROM `tb_usr` WHERE ( usrid=1 ) LIMIT 1   [ RunTime:0.000332s ]
SQL: SELECT * FROM `tb_usr` WHERE ( usrid=1 ) LIMIT 1   [ RunTime:0.000272s ]
SQL: SHOW COLUMNS FROM `tb_md` [ RunTime:0.003666s ]
SQL: SELECT * FROM `tb_md` WHERE ( mdmk='Atc' ) LIMIT 1   [ RunTime:0.000444s ]
SQL: SELECT * FROM `tb_usr` WHERE ( usrid=1 ) LIMIT 1   [ RunTime:0.000326s ]
SQL: SHOW COLUMNS FROM `tb_athmd` [ RunTime:0.002981s ]
SQL: SELECT * FROM `tb_athmd` WHERE ( f_athmd_athid=1 AND f_athmd_mdid=6 ) LIMIT 1   [ RunTime:0.000407s ]
SQL: SELECT * FROM `tb_usr` WHERE ( usrid=1 ) LIMIT 1   [ RunTime:0.000392s ]
SQL: SELECT * FROM `tb_athmd` LEFT JOIN tb_md ON f_athmd_mdid=mdid WHERE ( f_athmd_athid=1 AND mdmk='Atc' ) LIMIT 1   [ RunTime:0.000420s ]
SQL: SHOW COLUMNS FROM `tb_atc` [ RunTime:0.003484s ]
SQL: SELECT COUNT(*) AS tp_count FROM `tb_atc` WHERE ( atcvw='n' ) LIMIT 1   [ RunTime:0.000383s ]
SQL: SELECT * FROM `tb_atc` LEFT JOIN tb_bd ON f_atc_bdid=bdid WHERE ( atcid=1 ) LIMIT 1   [ RunTime:0.000373s ]
SQL: SHOW COLUMNS FROM `tb_bd` [ RunTime:0.002910s ]
SQL: SELECT * FROM `tb_bd` ORDER BY bdodr ASC  [ RunTime:0.000391s ]
SQL: UPDATE `tb_atc` SET `atccnt`=382 WHERE ( atcid=1 ) [ RunTime:0.111222s ]
INFO: [ view_parse ] --START--
INFO: ParseTemplate Behavior ::run [ RunTime:0.016424s ]
INFO: [ view_parse ] --END-- [ RunTime:0.016591s ]
INFO: [ view_filter ] --START--
INFO: ContentReplace Behavior ::run [ RunTime:0.000687s ]
INFO: TokenBuild Behavior ::run [ RunTime:0.000620s ]
INFO: WriteHtmlCache Behavior ::run [ RunTime:0.000454s ]
INFO: ShowRuntime Behavior ::run [ RunTime:0.001028s ]
INFO: [ view_filter ] --END-- [ RunTime:0.003175s ]
INFO: [ view_end ] --START--
INFO: ShowPageTrace Behavior ::run [ RunTime:0.001220s ]
INFO: [ view_end ] --END-- [ RunTime:0.001419s ]

[ 2015-02-17T00:14:04+08:00 ] 127.0.0.1 /geek/admin.php/Atc/gtxpg/x/vw/atcid/1
INFO: [ route_check ] --START--
INFO: CheckRoute Behavior ::run [ RunTime:0.001371s ]
INFO: [ route_check ] --END-- [ RunTime:0.001620s ]
INFO: [ app_begin ] --START--
INFO: ReadHtmlCache Behavior ::run [ RunTime:0.001057s ]
INFO: [ app_begin ] --END-- [ RunTime:0.001255s ]
SQL: SHOW COLUMNS FROM `tb_usr` [ RunTime:0.010736s ]
SQL: SELECT * FROM `tb_usr` WHERE ( usrid=1 ) LIMIT 1   [ RunTime:0.000456s ]
SQL: SELECT * FROM `tb_usr` WHERE ( usrid=1 ) LIMIT 1   [ RunTime:0.000389s ]
SQL: SHOW COLUMNS FROM `tb_md` [ RunTime:0.002827s ]
SQL: SELECT * FROM `tb_md` WHERE ( mdmk='Atc' ) LIMIT 1   [ RunTime:0.000295s ]
SQL: SELECT * FROM `tb_usr` WHERE ( usrid=1 ) LIMIT 1   [ RunTime:0.000374s ]
SQL: SHOW COLUMNS FROM `tb_athmd` [ RunTime:0.003307s ]
SQL: SELECT * FROM `tb_athmd` WHERE ( f_athmd_athid=1 AND f_athmd_mdid=6 ) LIMIT 1   [ RunTime:0.000503s ]
SQL: SELECT * FROM `tb_usr` WHERE ( usrid=1 ) LIMIT 1   [ RunTime:0.000397s ]
SQL: SELECT * FROM `tb_athmd` LEFT JOIN tb_md ON f_athmd_mdid=mdid WHERE ( f_athmd_athid=1 AND mdmk='Atc' ) LIMIT 1   [ RunTime:0.000519s ]
SQL: SHOW COLUMNS FROM `tb_atc` [ RunTime:0.003754s ]
SQL: SELECT COUNT(*) AS tp_count FROM `tb_atc` WHERE ( atcvw='n' ) LIMIT 1   [ RunTime:0.000411s ]
SQL: SELECT * FROM `tb_atc` LEFT JOIN tb_bd ON f_atc_bdid=bdid WHERE ( atcid=1 ) LIMIT 1   [ RunTime:0.000446s ]
SQL: SHOW COLUMNS FROM `tb_bd` [ RunTime:0.003602s ]
SQL: SELECT * FROM `tb_bd` ORDER BY bdodr ASC  [ RunTime:0.000420s ]
SQL: UPDATE `tb_atc` SET `atccnt`=383 WHERE ( atcid=1 ) [ RunTime:0.108846s ]
INFO: [ view_parse ] --START--
INFO: ParseTemplate Behavior ::run [ RunTime:0.019732s ]
INFO: [ view_parse ] --END-- [ RunTime:0.019935s ]
INFO: [ view_filter ] --START--
INFO: ContentReplace Behavior ::run [ RunTime:0.000610s ]
INFO: TokenBuild Behavior ::run [ RunTime:0.000548s ]
INFO: WriteHtmlCache Behavior ::run [ RunTime:0.000383s ]
INFO: ShowRuntime Behavior ::run [ RunTime:0.000641s ]
INFO: [ view_filter ] --END-- [ RunTime:0.002525s ]
INFO: [ view_end ] --START--
INFO: ShowPageTrace Behavior ::run [ RunTime:0.000931s ]
INFO: [ view_end ] --END-- [ RunTime:0.001098s ]

[ 2015-02-17T00:16:52+08:00 ] 127.0.0.1 /geek/admin.php/Atc/gtxpg/x/vw/atcid/1
INFO: [ route_check ] --START--
INFO: CheckRoute Behavior ::run [ RunTime:0.001022s ]
INFO: [ route_check ] --END-- [ RunTime:0.001174s ]
INFO: [ app_begin ] --START--
INFO: ReadHtmlCache Behavior ::run [ RunTime:0.000721s ]
INFO: [ app_begin ] --END-- [ RunTime:0.000851s ]
SQL: SHOW COLUMNS FROM `tb_usr` [ RunTime:0.004209s ]
SQL: SELECT * FROM `tb_usr` WHERE ( usrid=1 ) LIMIT 1   [ RunTime:0.000439s ]
SQL: SELECT * FROM `tb_usr` WHERE ( usrid=1 ) LIMIT 1   [ RunTime:0.000402s ]
SQL: SHOW COLUMNS FROM `tb_md` [ RunTime:0.002829s ]
SQL: SELECT * FROM `tb_md` WHERE ( mdmk='Atc' ) LIMIT 1   [ RunTime:0.000357s ]
SQL: SELECT * FROM `tb_usr` WHERE ( usrid=1 ) LIMIT 1   [ RunTime:0.000380s ]
SQL: SHOW COLUMNS FROM `tb_athmd` [ RunTime:0.003346s ]
SQL: SELECT * FROM `tb_athmd` WHERE ( f_athmd_athid=1 AND f_athmd_mdid=6 ) LIMIT 1   [ RunTime:0.000496s ]
SQL: SELECT * FROM `tb_usr` WHERE ( usrid=1 ) LIMIT 1   [ RunTime:0.000381s ]
SQL: SELECT * FROM `tb_athmd` LEFT JOIN tb_md ON f_athmd_mdid=mdid WHERE ( f_athmd_athid=1 AND mdmk='Atc' ) LIMIT 1   [ RunTime:0.000395s ]
SQL: SHOW COLUMNS FROM `tb_atc` [ RunTime:0.003207s ]
SQL: SELECT COUNT(*) AS tp_count FROM `tb_atc` WHERE ( atcvw='n' ) LIMIT 1   [ RunTime:0.000299s ]
SQL: SELECT * FROM `tb_atc` LEFT JOIN tb_bd ON f_atc_bdid=bdid WHERE ( atcid=1 ) LIMIT 1   [ RunTime:0.000450s ]
SQL: SHOW COLUMNS FROM `tb_bd` [ RunTime:0.003207s ]
SQL: SELECT * FROM `tb_bd` ORDER BY bdodr ASC  [ RunTime:0.000482s ]
SQL: UPDATE `tb_atc` SET `atccnt`=384 WHERE ( atcid=1 ) [ RunTime:0.117530s ]
INFO: [ view_parse ] --START--
INFO: ParseTemplate Behavior ::run [ RunTime:0.020434s ]
INFO: [ view_parse ] --END-- [ RunTime:0.020680s ]
INFO: [ view_filter ] --START--
INFO: ContentReplace Behavior ::run [ RunTime:0.001061s ]
INFO: TokenBuild Behavior ::run [ RunTime:0.001003s ]
INFO: WriteHtmlCache Behavior ::run [ RunTime:0.000700s ]
INFO: ShowRuntime Behavior ::run [ RunTime:0.000892s ]
INFO: [ view_filter ] --END-- [ RunTime:0.004218s ]
INFO: [ view_end ] --START--
INFO: ShowPageTrace Behavior ::run [ RunTime:0.001200s ]
INFO: [ view_end ] --END-- [ RunTime:0.001408s ]

[ 2015-02-17T00:23:10+08:00 ] 127.0.0.1 /geek/admin.php/Atc/gtxpg/x/vw/atcid/1
INFO: [ route_check ] --START--
INFO: CheckRoute Behavior ::run [ RunTime:0.001121s ]
INFO: [ route_check ] --END-- [ RunTime:0.001280s ]
INFO: [ app_begin ] --START--
INFO: ReadHtmlCache Behavior ::run [ RunTime:0.000736s ]
INFO: [ app_begin ] --END-- [ RunTime:0.000868s ]
SQL: SHOW COLUMNS FROM `tb_usr` [ RunTime:0.052472s ]
SQL: SELECT * FROM `tb_usr` WHERE ( usrid=1 ) LIMIT 1   [ RunTime:0.000503s ]
SQL: SELECT * FROM `tb_usr` WHERE ( usrid=1 ) LIMIT 1   [ RunTime:0.000384s ]
SQL: SHOW COLUMNS FROM `tb_md` [ RunTime:0.002955s ]
SQL: SELECT * FROM `tb_md` WHERE ( mdmk='Atc' ) LIMIT 1   [ RunTime:0.000236s ]
SQL: SELECT * FROM `tb_usr` WHERE ( usrid=1 ) LIMIT 1   [ RunTime:0.000295s ]
SQL: SHOW COLUMNS FROM `tb_athmd` [ RunTime:0.003721s ]
SQL: SELECT * FROM `tb_athmd` WHERE ( f_athmd_athid=1 AND f_athmd_mdid=6 ) LIMIT 1   [ RunTime:0.000399s ]
SQL: SELECT * FROM `tb_usr` WHERE ( usrid=1 ) LIMIT 1   [ RunTime:0.000371s ]
SQL: SELECT * FROM `tb_athmd` LEFT JOIN tb_md ON f_athmd_mdid=mdid WHERE ( f_athmd_athid=1 AND mdmk='Atc' ) LIMIT 1   [ RunTime:0.000443s ]
SQL: SHOW COLUMNS FROM `tb_atc` [ RunTime:0.003321s ]
SQL: SELECT COUNT(*) AS tp_count FROM `tb_atc` WHERE ( atcvw='n' ) LIMIT 1   [ RunTime:0.000372s ]
SQL: SELECT * FROM `tb_atc` LEFT JOIN tb_bd ON f_atc_bdid=bdid WHERE ( atcid=1 ) LIMIT 1   [ RunTime:0.000441s ]
SQL: SHOW COLUMNS FROM `tb_bd` [ RunTime:0.003732s ]
SQL: SELECT * FROM `tb_bd` ORDER BY bdodr ASC  [ RunTime:0.000518s ]
SQL: UPDATE `tb_atc` SET `atccnt`=385 WHERE ( atcid=1 ) [ RunTime:0.156123s ]
SQL: SHOW COLUMNS FROM `tb_sys` [ RunTime:0.004372s ]
SQL: SELECT * FROM `tb_sys` LIMIT 1   [ RunTime:0.000400s ]
NOTIC: [2] imagepng() [<a href='function.imagepng'>function.imagepng</a>]: Unable to open './Public/pblc/QR/png/1.png' for writing: No such file or directory C:\wamp\www\geek\admin\Lib\QR\phpqrcode.php 第 954 行.
INFO: [ view_parse ] --START--
INFO: ParseTemplate Behavior ::run [ RunTime:0.023797s ]
INFO: [ view_parse ] --END-- [ RunTime:0.024007s ]
INFO: [ view_filter ] --START--
INFO: ContentReplace Behavior ::run [ RunTime:0.000875s ]
INFO: TokenBuild Behavior ::run [ RunTime:0.000680s ]
INFO: WriteHtmlCache Behavior ::run [ RunTime:0.000493s ]
INFO: ShowRuntime Behavior ::run [ RunTime:0.000761s ]
INFO: [ view_filter ] --END-- [ RunTime:0.003198s ]
INFO: [ view_end ] --START--
INFO: ShowPageTrace Behavior ::run [ RunTime:0.000854s ]
INFO: [ view_end ] --END-- [ RunTime:0.000983s ]

[ 2015-02-17T00:25:11+08:00 ] 127.0.0.1 /geek/admin.php/Atc/gtxpg/x/vw/atcid/1
INFO: [ route_check ] --START--
INFO: CheckRoute Behavior ::run [ RunTime:0.001481s ]
INFO: [ route_check ] --END-- [ RunTime:0.001698s ]
INFO: [ app_begin ] --START--
INFO: ReadHtmlCache Behavior ::run [ RunTime:0.000957s ]
INFO: [ app_begin ] --END-- [ RunTime:0.001131s ]
SQL: SHOW COLUMNS FROM `tb_usr` [ RunTime:0.034139s ]
SQL: SELECT * FROM `tb_usr` WHERE ( usrid=1 ) LIMIT 1   [ RunTime:0.000460s ]
SQL: SELECT * FROM `tb_usr` WHERE ( usrid=1 ) LIMIT 1   [ RunTime:0.000365s ]
SQL: SHOW COLUMNS FROM `tb_md` [ RunTime:0.002921s ]
SQL: SELECT * FROM `tb_md` WHERE ( mdmk='Atc' ) LIMIT 1   [ RunTime:0.000350s ]
SQL: SELECT * FROM `tb_usr` WHERE ( usrid=1 ) LIMIT 1   [ RunTime:0.000400s ]
SQL: SHOW COLUMNS FROM `tb_athmd` [ RunTime:0.004057s ]
SQL: SELECT * FROM `tb_athmd` WHERE ( f_athmd_athid=1 AND f_athmd_mdid=6 ) LIMIT 1   [ RunTime:0.000459s ]
SQL: SELECT * FROM `tb_usr` WHERE ( usrid=1 ) LIMIT 1   [ RunTime:0.000352s ]
SQL: SELECT * FROM `tb_athmd` LEFT JOIN tb_md ON f_athmd_mdid=mdid WHERE ( f_athmd_athid=1 AND mdmk='Atc' ) LIMIT 1   [ RunTime:0.000388s ]
SQL: SHOW COLUMNS FROM `tb_atc` [ RunTime:0.003386s ]
SQL: SELECT COUNT(*) AS tp_count FROM `tb_atc` WHERE ( atcvw='n' ) LIMIT 1   [ RunTime:0.000313s ]
SQL: SELECT * FROM `tb_atc` LEFT JOIN tb_bd ON f_atc_bdid=bdid WHERE ( atcid=1 ) LIMIT 1   [ RunTime:0.000600s ]
SQL: SHOW COLUMNS FROM `tb_bd` [ RunTime:0.003309s ]
SQL: SELECT * FROM `tb_bd` ORDER BY bdodr ASC  [ RunTime:0.000458s ]
SQL: UPDATE `tb_atc` SET `atccnt`=386 WHERE ( atcid=1 ) [ RunTime:0.372427s ]
SQL: SHOW COLUMNS FROM `tb_sys` [ RunTime:0.004063s ]
SQL: SELECT * FROM `tb_sys` LIMIT 1   [ RunTime:0.000345s ]
INFO: [ view_parse ] --START--
INFO: ParseTemplate Behavior ::run [ RunTime:0.018086s ]
INFO: [ view_parse ] --END-- [ RunTime:0.018351s ]
INFO: [ view_filter ] --START--
INFO: ContentReplace Behavior ::run [ RunTime:0.001110s ]
INFO: TokenBuild Behavior ::run [ RunTime:0.001067s ]
INFO: WriteHtmlCache Behavior ::run [ RunTime:0.000805s ]
INFO: ShowRuntime Behavior ::run [ RunTime:0.001177s ]
INFO: [ view_filter ] --END-- [ RunTime:0.004768s ]
INFO: [ view_end ] --START--
INFO: ShowPageTrace Behavior ::run [ RunTime:0.000887s ]
INFO: [ view_end ] --END-- [ RunTime:0.001053s ]

[ 2015-02-17T00:27:15+08:00 ] 127.0.0.1 /geek/admin.php/Atc/gtxpg/x/vw/atcid/1
INFO: [ route_check ] --START--
INFO: CheckRoute Behavior ::run [ RunTime:0.001588s ]
INFO: [ route_check ] --END-- [ RunTime:0.001833s ]
INFO: [ app_begin ] --START--
INFO: ReadHtmlCache Behavior ::run [ RunTime:0.000760s ]
INFO: [ app_begin ] --END-- [ RunTime:0.000897s ]
SQL: SHOW COLUMNS FROM `tb_usr` [ RunTime:0.004053s ]
SQL: SELECT * FROM `tb_usr` WHERE ( usrid=1 ) LIMIT 1   [ RunTime:0.000430s ]
SQL: SELECT * FROM `tb_usr` WHERE ( usrid=1 ) LIMIT 1   [ RunTime:0.000342s ]
SQL: SHOW COLUMNS FROM `tb_md` [ RunTime:0.003444s ]
SQL: SELECT * FROM `tb_md` WHERE ( mdmk='Atc' ) LIMIT 1   [ RunTime:0.000436s ]
SQL: SELECT * FROM `tb_usr` WHERE ( usrid=1 ) LIMIT 1   [ RunTime:0.000411s ]
SQL: SHOW COLUMNS FROM `tb_athmd` [ RunTime:0.003701s ]
SQL: SELECT * FROM `tb_athmd` WHERE ( f_athmd_athid=1 AND f_athmd_mdid=6 ) LIMIT 1   [ RunTime:0.000442s ]
SQL: SELECT * FROM `tb_usr` WHERE ( usrid=1 ) LIMIT 1   [ RunTime:0.000451s ]
SQL: SELECT * FROM `tb_athmd` LEFT JOIN tb_md ON f_athmd_mdid=mdid WHERE ( f_athmd_athid=1 AND mdmk='Atc' ) LIMIT 1   [ RunTime:0.000536s ]
SQL: SHOW COLUMNS FROM `tb_atc` [ RunTime:0.004331s ]
SQL: SELECT COUNT(*) AS tp_count FROM `tb_atc` WHERE ( atcvw='n' ) LIMIT 1   [ RunTime:0.000390s ]
SQL: SELECT * FROM `tb_atc` LEFT JOIN tb_bd ON f_atc_bdid=bdid WHERE ( atcid=1 ) LIMIT 1   [ RunTime:0.000445s ]
SQL: SHOW COLUMNS FROM `tb_bd` [ RunTime:0.003478s ]
SQL: SELECT * FROM `tb_bd` ORDER BY bdodr ASC  [ RunTime:0.000431s ]
SQL: UPDATE `tb_atc` SET `atccnt`=387 WHERE ( atcid=1 ) [ RunTime:0.195361s ]
SQL: SHOW COLUMNS FROM `tb_sys` [ RunTime:0.004213s ]
SQL: SELECT * FROM `tb_sys` LIMIT 1   [ RunTime:0.000404s ]
INFO: [ view_parse ] --START--
INFO: ParseTemplate Behavior ::run [ RunTime:0.016274s ]
INFO: [ view_parse ] --END-- [ RunTime:0.016438s ]
INFO: [ view_filter ] --START--
INFO: ContentReplace Behavior ::run [ RunTime:0.000675s ]
INFO: TokenBuild Behavior ::run [ RunTime:0.000620s ]
INFO: WriteHtmlCache Behavior ::run [ RunTime:0.000784s ]
INFO: ShowRuntime Behavior ::run [ RunTime:0.001135s ]
INFO: [ view_filter ] --END-- [ RunTime:0.003651s ]
INFO: [ view_end ] --START--
INFO: ShowPageTrace Behavior ::run [ RunTime:0.001222s ]
INFO: [ view_end ] --END-- [ RunTime:0.001429s ]

[ 2015-02-17T00:33:18+08:00 ] 127.0.0.1 /geek/admin.php/Atc/gtxpg/x/vw/atcid/1
INFO: [ route_check ] --START--
INFO: CheckRoute Behavior ::run [ RunTime:0.001114s ]
INFO: [ route_check ] --END-- [ RunTime:0.001280s ]
INFO: [ app_begin ] --START--
INFO: ReadHtmlCache Behavior ::run [ RunTime:0.000883s ]
INFO: [ app_begin ] --END-- [ RunTime:0.001029s ]
SQL: SHOW COLUMNS FROM `tb_usr` [ RunTime:0.044115s ]
SQL: SELECT * FROM `tb_usr` WHERE ( usrid=1 ) LIMIT 1   [ RunTime:0.000451s ]
SQL: SELECT * FROM `tb_usr` WHERE ( usrid=1 ) LIMIT 1   [ RunTime:0.000410s ]
SQL: SHOW COLUMNS FROM `tb_md` [ RunTime:0.003566s ]
SQL: SELECT * FROM `tb_md` WHERE ( mdmk='Atc' ) LIMIT 1   [ RunTime:0.000367s ]
SQL: SELECT * FROM `tb_usr` WHERE ( usrid=1 ) LIMIT 1   [ RunTime:0.000372s ]
SQL: SHOW COLUMNS FROM `tb_athmd` [ RunTime:0.002940s ]
SQL: SELECT * FROM `tb_athmd` WHERE ( f_athmd_athid=1 AND f_athmd_mdid=6 ) LIMIT 1   [ RunTime:0.000311s ]
SQL: SELECT * FROM `tb_usr` WHERE ( usrid=1 ) LIMIT 1   [ RunTime:0.000350s ]
SQL: SELECT * FROM `tb_athmd` LEFT JOIN tb_md ON f_athmd_mdid=mdid WHERE ( f_athmd_athid=1 AND mdmk='Atc' ) LIMIT 1   [ RunTime:0.000410s ]
SQL: SHOW COLUMNS FROM `tb_atc` [ RunTime:0.003695s ]
SQL: SELECT COUNT(*) AS tp_count FROM `tb_atc` WHERE ( atcvw='n' ) LIMIT 1   [ RunTime:0.000386s ]
SQL: SELECT * FROM `tb_atc` LEFT JOIN tb_bd ON f_atc_bdid=bdid WHERE ( atcid=1 ) LIMIT 1   [ RunTime:0.000435s ]
SQL: SHOW COLUMNS FROM `tb_bd` [ RunTime:0.003713s ]
SQL: SELECT * FROM `tb_bd` ORDER BY bdodr ASC  [ RunTime:0.000403s ]
SQL: UPDATE `tb_atc` SET `atccnt`=388 WHERE ( atcid=1 ) [ RunTime:0.119788s ]
SQL: SHOW COLUMNS FROM `tb_sys` [ RunTime:0.003904s ]
SQL: SELECT * FROM `tb_sys` LIMIT 1   [ RunTime:0.000410s ]
INFO: [ view_parse ] --START--
INFO: ParseTemplate Behavior ::run [ RunTime:0.017183s ]
INFO: [ view_parse ] --END-- [ RunTime:0.017354s ]
INFO: [ view_filter ] --START--
INFO: ContentReplace Behavior ::run [ RunTime:0.000685s ]
INFO: TokenBuild Behavior ::run [ RunTime:0.000627s ]
INFO: WriteHtmlCache Behavior ::run [ RunTime:0.000785s ]
INFO: ShowRuntime Behavior ::run [ RunTime:0.001142s ]
INFO: [ view_filter ] --END-- [ RunTime:0.003673s ]
INFO: [ view_end ] --START--
INFO: ShowPageTrace Behavior ::run [ RunTime:0.001195s ]
INFO: [ view_end ] --END-- [ RunTime:0.001484s ]

[ 2015-02-17T00:33:23+08:00 ] 127.0.0.1 /geek/admin.php/Atc/research/atckw/%E5%8A%AA%E5%8A%9B
INFO: [ route_check ] --START--
INFO: CheckRoute Behavior ::run [ RunTime:0.001368s ]
INFO: [ route_check ] --END-- [ RunTime:0.001616s ]
INFO: [ app_begin ] --START--
INFO: ReadHtmlCache Behavior ::run [ RunTime:0.001079s ]
INFO: [ app_begin ] --END-- [ RunTime:0.001300s ]
SQL: SHOW COLUMNS FROM `tb_usr` [ RunTime:0.004310s ]
SQL: SELECT * FROM `tb_usr` WHERE ( usrid=1 ) LIMIT 1   [ RunTime:0.000629s ]
SQL: SELECT * FROM `tb_usr` WHERE ( usrid=1 ) LIMIT 1   [ RunTime:0.000465s ]
SQL: SHOW COLUMNS FROM `tb_md` [ RunTime:0.003574s ]
SQL: SELECT * FROM `tb_md` WHERE ( mdmk='Atc' ) LIMIT 1   [ RunTime:0.000362s ]
SQL: SELECT * FROM `tb_usr` WHERE ( usrid=1 ) LIMIT 1   [ RunTime:0.000415s ]
SQL: SHOW COLUMNS FROM `tb_athmd` [ RunTime:0.002910s ]
SQL: SELECT * FROM `tb_athmd` WHERE ( f_athmd_athid=1 AND f_athmd_mdid=6 ) LIMIT 1   [ RunTime:0.000413s ]
SQL: SELECT * FROM `tb_usr` WHERE ( usrid=1 ) LIMIT 1   [ RunTime:0.000356s ]
SQL: SELECT * FROM `tb_athmd` LEFT JOIN tb_md ON f_athmd_mdid=mdid WHERE ( f_athmd_athid=1 AND mdmk='Atc' ) LIMIT 1   [ RunTime:0.000373s ]
SQL: SHOW COLUMNS FROM `tb_atc` [ RunTime:0.003502s ]
SQL: SELECT COUNT(*) AS tp_count FROM `tb_atc` WHERE ( atcvw='n' ) LIMIT 1   [ RunTime:0.000307s ]
NOTIC: [2] Missing argument 8 for NBAction::NB(), called in C:\wamp\www\geek\admin\Lib\Action\AtcAction.class.php on line 396 and defined C:\wamp\www\geek\admin\Lib\NB\NBAction.class.php 第 46 行.
NOTIC: [8] Undefined index: NBsqlstc C:\wamp\www\geek\admin\Lib\NB\NBAction.class.php 第 49 行.
NOTIC: [8] Undefined index: NBsqlstc C:\wamp\www\geek\admin\Lib\NB\NBAction.class.php 第 49 行.
NOTIC: [8] Undefined index: fld C:\wamp\www\geek\admin\Lib\NB\NBAction.class.php 第 139 行.
NOTIC: [8] Undefined index: fld C:\wamp\www\geek\admin\Lib\NB\NBAction.class.php 第 141 行.
NOTIC: [8] Undefined index: cdt C:\wamp\www\geek\admin\Lib\NB\NBAction.class.php 第 144 行.
NOTIC: [8] Undefined index: cdt C:\wamp\www\geek\admin\Lib\NB\NBAction.class.php 第 146 行.
NOTIC: [8] Undefined index: spccdt C:\wamp\www\geek\admin\Lib\NB\NBAction.class.php 第 149 行.
NOTIC: [8] Undefined index: spccdt C:\wamp\www\geek\admin\Lib\NB\NBAction.class.php 第 151 行.
NOTIC: [8] Undefined index: odr C:\wamp\www\geek\admin\Lib\NB\NBAction.class.php 第 154 行.
NOTIC: [8] Undefined index: odr C:\wamp\www\geek\admin\Lib\NB\NBAction.class.php 第 156 行.
NOTIC: [8] Undefined index: lmt C:\wamp\www\geek\admin\Lib\NB\NBAction.class.php 第 159 行.
NOTIC: [8] Undefined index: lmt C:\wamp\www\geek\admin\Lib\NB\NBAction.class.php 第 161 行.
NOTIC: [8] Undefined variable: odrpcd C:\wamp\www\geek\admin\Lib\NB\NBAction.class.php 第 35 行.
NOTIC: [8] Undefined variable: lsyon C:\wamp\www\geek\admin\Lib\NB\NBAction.class.php 第 182 行.
SQL: SELECT COUNT(*) AS tp_count FROM `tb_atc` LEFT JOIN tb_bd ON f_atc_bdid=bdid WHERE ( 1=1 AND atcps LIKE '%y%' AND atcvw LIKE '%y%' AND atctpc LIKE '%努力%' OR atcctt LIKE '%努力%' ) ORDER BY atctp DESC,atcmdftm DESC LIMIT 1   [ RunTime:0.008463s ]
NOTIC: [8] Undefined variable: sqlstc C:\wamp\www\geek\admin\Lib\NB\NBAction.class.php 第 201 行.
SQL: SELECT `atcid`,`bdnm`,`atctpc`,`atcath`,`atcmdftm`,`atccnt`,`atczn`,`atctc` FROM `tb_atc` LEFT JOIN tb_bd ON f_atc_bdid=bdid WHERE ( 1=1 AND atcps LIKE '%y%' AND atcvw LIKE '%y%' AND atctpc LIKE '%努力%' OR atcctt LIKE '%努力%' ) ORDER BY atctp DESC,atcmdftm DESC LIMIT 0,20   [ RunTime:0.006878s ]
NOTIC: [8] Undefined variable: sqlstc C:\wamp\www\geek\admin\Lib\NB\NBAction.class.php 第 259 行.
NOTIC: [8] Undefined variable: mlsforcount C:\wamp\www\geek\admin\Lib\NB\NBAction.class.php 第 268 行.
SQL: SHOW COLUMNS FROM `tb_bd` [ RunTime:0.003292s ]
SQL: SELECT * FROM `tb_bd`  [ RunTime:0.000421s ]
SQL: SELECT * FROM `tb_bd` ORDER BY bdodr ASC  [ RunTime:0.000447s ]
INFO: [ view_parse ] --START--
INFO: ParseTemplate Behavior ::run [ RunTime:0.072416s ]
INFO: [ view_parse ] --END-- [ RunTime:0.072622s ]
INFO: [ view_filter ] --START--
INFO: ContentReplace Behavior ::run [ RunTime:0.000908s ]
INFO: TokenBuild Behavior ::run [ RunTime:0.000859s ]
INFO: WriteHtmlCache Behavior ::run [ RunTime:0.000490s ]
INFO: ShowRuntime Behavior ::run [ RunTime:0.000692s ]
INFO: [ view_filter ] --END-- [ RunTime:0.003443s ]
INFO: [ view_end ] --START--
INFO: ShowPageTrace Behavior ::run [ RunTime:0.000752s ]
INFO: [ view_end ] --END-- [ RunTime:0.000883s ]

[ 2015-02-17T00:33:30+08:00 ] 127.0.0.1 /geek/admin.php/Atc/research/atckw/%E8%A6%81%E5%90%83
INFO: [ route_check ] --START--
INFO: CheckRoute Behavior ::run [ RunTime:0.001232s ]
INFO: [ route_check ] --END-- [ RunTime:0.001432s ]
INFO: [ app_begin ] --START--
INFO: ReadHtmlCache Behavior ::run [ RunTime:0.000673s ]
INFO: [ app_begin ] --END-- [ RunTime:0.000804s ]
SQL: SHOW COLUMNS FROM `tb_usr` [ RunTime:0.040683s ]
SQL: SELECT * FROM `tb_usr` WHERE ( usrid=1 ) LIMIT 1   [ RunTime:0.000413s ]
SQL: SELECT * FROM `tb_usr` WHERE ( usrid=1 ) LIMIT 1   [ RunTime:0.000372s ]
SQL: SHOW COLUMNS FROM `tb_md` [ RunTime:0.003001s ]
SQL: SELECT * FROM `tb_md` WHERE ( mdmk='Atc' ) LIMIT 1   [ RunTime:0.000481s ]
SQL: SELECT * FROM `tb_usr` WHERE ( usrid=1 ) LIMIT 1   [ RunTime:0.000392s ]
SQL: SHOW COLUMNS FROM `tb_athmd` [ RunTime:0.003379s ]
SQL: SELECT * FROM `tb_athmd` WHERE ( f_athmd_athid=1 AND f_athmd_mdid=6 ) LIMIT 1   [ RunTime:0.000593s ]
SQL: SELECT * FROM `tb_usr` WHERE ( usrid=1 ) LIMIT 1   [ RunTime:0.000397s ]
SQL: SELECT * FROM `tb_athmd` LEFT JOIN tb_md ON f_athmd_mdid=mdid WHERE ( f_athmd_athid=1 AND mdmk='Atc' ) LIMIT 1   [ RunTime:0.000387s ]
SQL: SHOW COLUMNS FROM `tb_atc` [ RunTime:0.003130s ]
SQL: SELECT COUNT(*) AS tp_count FROM `tb_atc` WHERE ( atcvw='n' ) LIMIT 1   [ RunTime:0.000260s ]
NOTIC: [2] Missing argument 8 for NBAction::NB(), called in C:\wamp\www\geek\admin\Lib\Action\AtcAction.class.php on line 396 and defined C:\wamp\www\geek\admin\Lib\NB\NBAction.class.php 第 46 行.
NOTIC: [8] Undefined index: NBsqlstc C:\wamp\www\geek\admin\Lib\NB\NBAction.class.php 第 49 行.
NOTIC: [8] Undefined index: NBsqlstc C:\wamp\www\geek\admin\Lib\NB\NBAction.class.php 第 49 行.
NOTIC: [8] Undefined index: fld C:\wamp\www\geek\admin\Lib\NB\NBAction.class.php 第 139 行.
NOTIC: [8] Undefined index: fld C:\wamp\www\geek\admin\Lib\NB\NBAction.class.php 第 141 行.
NOTIC: [8] Undefined index: cdt C:\wamp\www\geek\admin\Lib\NB\NBAction.class.php 第 144 行.
NOTIC: [8] Undefined index: cdt C:\wamp\www\geek\admin\Lib\NB\NBAction.class.php 第 146 行.
NOTIC: [8] Undefined index: spccdt C:\wamp\www\geek\admin\Lib\NB\NBAction.class.php 第 149 行.
NOTIC: [8] Undefined index: spccdt C:\wamp\www\geek\admin\Lib\NB\NBAction.class.php 第 151 行.
NOTIC: [8] Undefined index: odr C:\wamp\www\geek\admin\Lib\NB\NBAction.class.php 第 154 行.
NOTIC: [8] Undefined index: odr C:\wamp\www\geek\admin\Lib\NB\NBAction.class.php 第 156 行.
NOTIC: [8] Undefined index: lmt C:\wamp\www\geek\admin\Lib\NB\NBAction.class.php 第 159 行.
NOTIC: [8] Undefined index: lmt C:\wamp\www\geek\admin\Lib\NB\NBAction.class.php 第 161 行.
NOTIC: [8] Undefined variable: odrpcd C:\wamp\www\geek\admin\Lib\NB\NBAction.class.php 第 35 行.
NOTIC: [8] Undefined variable: lsyon C:\wamp\www\geek\admin\Lib\NB\NBAction.class.php 第 182 行.
SQL: SELECT COUNT(*) AS tp_count FROM `tb_atc` LEFT JOIN tb_bd ON f_atc_bdid=bdid WHERE ( 1=1 AND atcps LIKE '%y%' AND atcvw LIKE '%y%' AND atctpc LIKE '%要吃%' OR atcctt LIKE '%要吃%' ) ORDER BY atctp DESC,atcmdftm DESC LIMIT 1   [ RunTime:0.000564s ]
NOTIC: [8] Undefined variable: sqlstc C:\wamp\www\geek\admin\Lib\NB\NBAction.class.php 第 201 行.
SQL: SELECT `atcid`,`bdnm`,`atctpc`,`atcath`,`atcmdftm`,`atccnt`,`atczn`,`atctc` FROM `tb_atc` LEFT JOIN tb_bd ON f_atc_bdid=bdid WHERE ( 1=1 AND atcps LIKE '%y%' AND atcvw LIKE '%y%' AND atctpc LIKE '%要吃%' OR atcctt LIKE '%要吃%' ) ORDER BY atctp DESC,atcmdftm DESC LIMIT 0,20   [ RunTime:0.000577s ]
NOTIC: [8] Undefined variable: sqlstc C:\wamp\www\geek\admin\Lib\NB\NBAction.class.php 第 259 行.
NOTIC: [8] Undefined variable: mlsforcount C:\wamp\www\geek\admin\Lib\NB\NBAction.class.php 第 268 行.
SQL: SHOW COLUMNS FROM `tb_bd` [ RunTime:0.003079s ]
SQL: SELECT * FROM `tb_bd`  [ RunTime:0.000318s ]
SQL: SELECT * FROM `tb_bd` ORDER BY bdodr ASC  [ RunTime:0.000368s ]
INFO: [ view_parse ] --START--
INFO: ParseTemplate Behavior ::run [ RunTime:0.016522s ]
INFO: [ view_parse ] --END-- [ RunTime:0.016724s ]
INFO: [ view_filter ] --START--
INFO: ContentReplace Behavior ::run [ RunTime:0.001024s ]
INFO: TokenBuild Behavior ::run [ RunTime:0.000879s ]
INFO: WriteHtmlCache Behavior ::run [ RunTime:0.000468s ]
INFO: ShowRuntime Behavior ::run [ RunTime:0.000916s ]
INFO: [ view_filter ] --END-- [ RunTime:0.003798s ]
INFO: [ view_end ] --START--
INFO: ShowPageTrace Behavior ::run [ RunTime:0.001088s ]
INFO: [ view_end ] --END-- [ RunTime:0.001307s ]

[ 2015-02-17T00:33:34+08:00 ] 127.0.0.1 /geek/admin.php/Atc/research/atckw/%E8%A6%81%E5%90%83
INFO: [ route_check ] --START--
INFO: CheckRoute Behavior ::run [ RunTime:0.001357s ]
INFO: [ route_check ] --END-- [ RunTime:0.001602s ]
INFO: [ app_begin ] --START--
INFO: ReadHtmlCache Behavior ::run [ RunTime:0.001051s ]
INFO: [ app_begin ] --END-- [ RunTime:0.001263s ]
SQL: SHOW COLUMNS FROM `tb_usr` [ RunTime:0.004159s ]
SQL: SELECT * FROM `tb_usr` WHERE ( usrid=1 ) LIMIT 1   [ RunTime:0.000406s ]
SQL: SELECT * FROM `tb_usr` WHERE ( usrid=1 ) LIMIT 1   [ RunTime:0.000316s ]
SQL: SHOW COLUMNS FROM `tb_md` [ RunTime:0.002928s ]
SQL: SELECT * FROM `tb_md` WHERE ( mdmk='Atc' ) LIMIT 1   [ RunTime:0.000431s ]
SQL: SELECT * FROM `tb_usr` WHERE ( usrid=1 ) LIMIT 1   [ RunTime:0.000355s ]
SQL: SHOW COLUMNS FROM `tb_athmd` [ RunTime:0.003264s ]
SQL: SELECT * FROM `tb_athmd` WHERE ( f_athmd_athid=1 AND f_athmd_mdid=6 ) LIMIT 1   [ RunTime:0.000387s ]
SQL: SELECT * FROM `tb_usr` WHERE ( usrid=1 ) LIMIT 1   [ RunTime:0.000340s ]
SQL: SELECT * FROM `tb_athmd` LEFT JOIN tb_md ON f_athmd_mdid=mdid WHERE ( f_athmd_athid=1 AND mdmk='Atc' ) LIMIT 1   [ RunTime:0.000574s ]
SQL: SHOW COLUMNS FROM `tb_atc` [ RunTime:0.003309s ]
SQL: SELECT COUNT(*) AS tp_count FROM `tb_atc` WHERE ( atcvw='n' ) LIMIT 1   [ RunTime:0.000384s ]
NOTIC: [2] Missing argument 8 for NBAction::NB(), called in C:\wamp\www\geek\admin\Lib\Action\AtcAction.class.php on line 396 and defined C:\wamp\www\geek\admin\Lib\NB\NBAction.class.php 第 46 行.
NOTIC: [8] Undefined index: NBsqlstc C:\wamp\www\geek\admin\Lib\NB\NBAction.class.php 第 49 行.
NOTIC: [8] Undefined index: NBsqlstc C:\wamp\www\geek\admin\Lib\NB\NBAction.class.php 第 49 行.
NOTIC: [8] Undefined index: fld C:\wamp\www\geek\admin\Lib\NB\NBAction.class.php 第 139 行.
NOTIC: [8] Undefined index: fld C:\wamp\www\geek\admin\Lib\NB\NBAction.class.php 第 141 行.
NOTIC: [8] Undefined index: cdt C:\wamp\www\geek\admin\Lib\NB\NBAction.class.php 第 144 行.
NOTIC: [8] Undefined index: cdt C:\wamp\www\geek\admin\Lib\NB\NBAction.class.php 第 146 行.
NOTIC: [8] Undefined index: spccdt C:\wamp\www\geek\admin\Lib\NB\NBAction.class.php 第 149 行.
NOTIC: [8] Undefined index: spccdt C:\wamp\www\geek\admin\Lib\NB\NBAction.class.php 第 151 行.
NOTIC: [8] Undefined index: odr C:\wamp\www\geek\admin\Lib\NB\NBAction.class.php 第 154 行.
NOTIC: [8] Undefined index: odr C:\wamp\www\geek\admin\Lib\NB\NBAction.class.php 第 156 行.
NOTIC: [8] Undefined index: lmt C:\wamp\www\geek\admin\Lib\NB\NBAction.class.php 第 159 行.
NOTIC: [8] Undefined index: lmt C:\wamp\www\geek\admin\Lib\NB\NBAction.class.php 第 161 行.
NOTIC: [8] Undefined variable: odrpcd C:\wamp\www\geek\admin\Lib\NB\NBAction.class.php 第 35 行.
NOTIC: [8] Undefined variable: lsyon C:\wamp\www\geek\admin\Lib\NB\NBAction.class.php 第 182 行.
SQL: SELECT COUNT(*) AS tp_count FROM `tb_atc` LEFT JOIN tb_bd ON f_atc_bdid=bdid WHERE ( 1=1 AND atcps LIKE '%y%' AND atcvw LIKE '%y%' AND atctpc LIKE '%要吃%' OR atcctt LIKE '%要吃%' ) ORDER BY atctp DESC,atcmdftm DESC LIMIT 1   [ RunTime:0.000423s ]
NOTIC: [8] Undefined variable: sqlstc C:\wamp\www\geek\admin\Lib\NB\NBAction.class.php 第 201 行.
SQL: SELECT `atcid`,`bdnm`,`atctpc`,`atcath`,`atcmdftm`,`atccnt`,`atczn`,`atctc` FROM `tb_atc` LEFT JOIN tb_bd ON f_atc_bdid=bdid WHERE ( 1=1 AND atcps LIKE '%y%' AND atcvw LIKE '%y%' AND atctpc LIKE '%要吃%' OR atcctt LIKE '%要吃%' ) ORDER BY atctp DESC,atcmdftm DESC LIMIT 0,20   [ RunTime:0.000731s ]
NOTIC: [8] Undefined variable: sqlstc C:\wamp\www\geek\admin\Lib\NB\NBAction.class.php 第 259 行.
NOTIC: [8] Undefined variable: mlsforcount C:\wamp\www\geek\admin\Lib\NB\NBAction.class.php 第 268 行.
SQL: SHOW COLUMNS FROM `tb_bd` [ RunTime:0.003927s ]
SQL: SELECT * FROM `tb_bd`  [ RunTime:0.000304s ]
SQL: SELECT * FROM `tb_bd` ORDER BY bdodr ASC  [ RunTime:0.000320s ]
INFO: [ view_parse ] --START--
INFO: ParseTemplate Behavior ::run [ RunTime:0.018363s ]
INFO: [ view_parse ] --END-- [ RunTime:0.018578s ]
INFO: [ view_filter ] --START--
INFO: ContentReplace Behavior ::run [ RunTime:0.000923s ]
INFO: TokenBuild Behavior ::run [ RunTime:0.000858s ]
INFO: WriteHtmlCache Behavior ::run [ RunTime:0.000414s ]
INFO: ShowRuntime Behavior ::run [ RunTime:0.000930s ]
INFO: [ view_filter ] --END-- [ RunTime:0.003642s ]
INFO: [ view_end ] --START--
INFO: ShowPageTrace Behavior ::run [ RunTime:0.001239s ]
INFO: [ view_end ] --END-- [ RunTime:0.001443s ]

[ 2015-02-17T00:33:38+08:00 ] 127.0.0.1 /geek/admin.php/Atc/research/atckw/%E5%8A%AA%E5%8A%9B
INFO: [ route_check ] --START--
INFO: CheckRoute Behavior ::run [ RunTime:0.001445s ]
INFO: [ route_check ] --END-- [ RunTime:0.001709s ]
INFO: [ app_begin ] --START--
INFO: ReadHtmlCache Behavior ::run [ RunTime:0.000735s ]
INFO: [ app_begin ] --END-- [ RunTime:0.000877s ]
SQL: SHOW COLUMNS FROM `tb_usr` [ RunTime:0.004082s ]
SQL: SELECT * FROM `tb_usr` WHERE ( usrid=1 ) LIMIT 1   [ RunTime:0.000454s ]
SQL: SELECT * FROM `tb_usr` WHERE ( usrid=1 ) LIMIT 1   [ RunTime:0.000369s ]
SQL: SHOW COLUMNS FROM `tb_md` [ RunTime:0.004144s ]
SQL: SELECT * FROM `tb_md` WHERE ( mdmk='Atc' ) LIMIT 1   [ RunTime:0.000420s ]
SQL: SELECT * FROM `tb_usr` WHERE ( usrid=1 ) LIMIT 1   [ RunTime:0.000381s ]
SQL: SHOW COLUMNS FROM `tb_athmd` [ RunTime:0.003816s ]
SQL: SELECT * FROM `tb_athmd` WHERE ( f_athmd_athid=1 AND f_athmd_mdid=6 ) LIMIT 1   [ RunTime:0.000405s ]
SQL: SELECT * FROM `tb_usr` WHERE ( usrid=1 ) LIMIT 1   [ RunTime:0.000356s ]
SQL: SELECT * FROM `tb_athmd` LEFT JOIN tb_md ON f_athmd_mdid=mdid WHERE ( f_athmd_athid=1 AND mdmk='Atc' ) LIMIT 1   [ RunTime:0.000417s ]
SQL: SHOW COLUMNS FROM `tb_atc` [ RunTime:0.003730s ]
SQL: SELECT COUNT(*) AS tp_count FROM `tb_atc` WHERE ( atcvw='n' ) LIMIT 1   [ RunTime:0.000323s ]
NOTIC: [2] Missing argument 8 for NBAction::NB(), called in C:\wamp\www\geek\admin\Lib\Action\AtcAction.class.php on line 396 and defined C:\wamp\www\geek\admin\Lib\NB\NBAction.class.php 第 46 行.
NOTIC: [8] Undefined index: NBsqlstc C:\wamp\www\geek\admin\Lib\NB\NBAction.class.php 第 49 行.
NOTIC: [8] Undefined index: NBsqlstc C:\wamp\www\geek\admin\Lib\NB\NBAction.class.php 第 49 行.
NOTIC: [8] Undefined index: fld C:\wamp\www\geek\admin\Lib\NB\NBAction.class.php 第 139 行.
NOTIC: [8] Undefined index: fld C:\wamp\www\geek\admin\Lib\NB\NBAction.class.php 第 141 行.
NOTIC: [8] Undefined index: cdt C:\wamp\www\geek\admin\Lib\NB\NBAction.class.php 第 144 行.
NOTIC: [8] Undefined index: cdt C:\wamp\www\geek\admin\Lib\NB\NBAction.class.php 第 146 行.
NOTIC: [8] Undefined index: spccdt C:\wamp\www\geek\admin\Lib\NB\NBAction.class.php 第 149 行.
NOTIC: [8] Undefined index: spccdt C:\wamp\www\geek\admin\Lib\NB\NBAction.class.php 第 151 行.
NOTIC: [8] Undefined index: odr C:\wamp\www\geek\admin\Lib\NB\NBAction.class.php 第 154 行.
NOTIC: [8] Undefined index: odr C:\wamp\www\geek\admin\Lib\NB\NBAction.class.php 第 156 行.
NOTIC: [8] Undefined index: lmt C:\wamp\www\geek\admin\Lib\NB\NBAction.class.php 第 159 行.
NOTIC: [8] Undefined index: lmt C:\wamp\www\geek\admin\Lib\NB\NBAction.class.php 第 161 行.
NOTIC: [8] Undefined variable: odrpcd C:\wamp\www\geek\admin\Lib\NB\NBAction.class.php 第 35 行.
NOTIC: [8] Undefined variable: lsyon C:\wamp\www\geek\admin\Lib\NB\NBAction.class.php 第 182 行.
SQL: SELECT COUNT(*) AS tp_count FROM `tb_atc` LEFT JOIN tb_bd ON f_atc_bdid=bdid WHERE ( 1=1 AND atcps LIKE '%y%' AND atcvw LIKE '%y%' AND atctpc LIKE '%努力%' OR atcctt LIKE '%努力%' ) ORDER BY atctp DESC,atcmdftm DESC LIMIT 1   [ RunTime:0.000420s ]
NOTIC: [8] Undefined variable: sqlstc C:\wamp\www\geek\admin\Lib\NB\NBAction.class.php 第 201 行.
SQL: SELECT `atcid`,`bdnm`,`atctpc`,`atcath`,`atcmdftm`,`atccnt`,`atczn`,`atctc` FROM `tb_atc` LEFT JOIN tb_bd ON f_atc_bdid=bdid WHERE ( 1=1 AND atcps LIKE '%y%' AND atcvw LIKE '%y%' AND atctpc LIKE '%努力%' OR atcctt LIKE '%努力%' ) ORDER BY atctp DESC,atcmdftm DESC LIMIT 0,20   [ RunTime:0.000510s ]
NOTIC: [8] Undefined variable: sqlstc C:\wamp\www\geek\admin\Lib\NB\NBAction.class.php 第 259 行.
NOTIC: [8] Undefined variable: mlsforcount C:\wamp\www\geek\admin\Lib\NB\NBAction.class.php 第 268 行.
SQL: SHOW COLUMNS FROM `tb_bd` [ RunTime:0.002787s ]
SQL: SELECT * FROM `tb_bd`  [ RunTime:0.000379s ]
SQL: SELECT * FROM `tb_bd` ORDER BY bdodr ASC  [ RunTime:0.000374s ]
INFO: [ view_parse ] --START--
INFO: ParseTemplate Behavior ::run [ RunTime:0.019455s ]
INFO: [ view_parse ] --END-- [ RunTime:0.019695s ]
INFO: [ view_filter ] --START--
INFO: ContentReplace Behavior ::run [ RunTime:0.000898s ]
INFO: TokenBuild Behavior ::run [ RunTime:0.000848s ]
INFO: WriteHtmlCache Behavior ::run [ RunTime:0.000603s ]
INFO: ShowRuntime Behavior ::run [ RunTime:0.001010s ]
INFO: [ view_filter ] --END-- [ RunTime:0.003939s ]
INFO: [ view_end ] --START--
INFO: ShowPageTrace Behavior ::run [ RunTime:0.001133s ]
INFO: [ view_end ] --END-- [ RunTime:0.001362s ]

[ 2015-02-17T00:33:41+08:00 ] 127.0.0.1 /geek/admin.php/Atc/gtxpg/x/vw/atcid/2
INFO: [ route_check ] --START--
INFO: CheckRoute Behavior ::run [ RunTime:0.001342s ]
INFO: [ route_check ] --END-- [ RunTime:0.001593s ]
INFO: [ app_begin ] --START--
INFO: ReadHtmlCache Behavior ::run [ RunTime:0.001115s ]
INFO: [ app_begin ] --END-- [ RunTime:0.001338s ]
SQL: SHOW COLUMNS FROM `tb_usr` [ RunTime:0.004917s ]
SQL: SELECT * FROM `tb_usr` WHERE ( usrid=1 ) LIMIT 1   [ RunTime:0.000504s ]
SQL: SELECT * FROM `tb_usr` WHERE ( usrid=1 ) LIMIT 1   [ RunTime:0.000392s ]
SQL: SHOW COLUMNS FROM `tb_md` [ RunTime:0.002872s ]
SQL: SELECT * FROM `tb_md` WHERE ( mdmk='Atc' ) LIMIT 1   [ RunTime:0.000236s ]
SQL: SELECT * FROM `tb_usr` WHERE ( usrid=1 ) LIMIT 1   [ RunTime:0.000312s ]
SQL: SHOW COLUMNS FROM `tb_athmd` [ RunTime:0.003438s ]
SQL: SELECT * FROM `tb_athmd` WHERE ( f_athmd_athid=1 AND f_athmd_mdid=6 ) LIMIT 1   [ RunTime:0.000434s ]
SQL: SELECT * FROM `tb_usr` WHERE ( usrid=1 ) LIMIT 1   [ RunTime:0.000373s ]
SQL: SELECT * FROM `tb_athmd` LEFT JOIN tb_md ON f_athmd_mdid=mdid WHERE ( f_athmd_athid=1 AND mdmk='Atc' ) LIMIT 1   [ RunTime:0.000488s ]
SQL: SHOW COLUMNS FROM `tb_atc` [ RunTime:0.004351s ]
SQL: SELECT COUNT(*) AS tp_count FROM `tb_atc` WHERE ( atcvw='n' ) LIMIT 1   [ RunTime:0.000439s ]
SQL: SELECT * FROM `tb_atc` LEFT JOIN tb_bd ON f_atc_bdid=bdid WHERE ( atcid=2 ) LIMIT 1   [ RunTime:0.000511s ]
SQL: SHOW COLUMNS FROM `tb_bd` [ RunTime:0.004214s ]
SQL: SELECT * FROM `tb_bd` ORDER BY bdodr ASC  [ RunTime:0.000490s ]
SQL: UPDATE `tb_atc` SET `atccnt`=1 WHERE ( atcid=2 ) [ RunTime:0.093957s ]
SQL: SHOW COLUMNS FROM `tb_sys` [ RunTime:0.003050s ]
SQL: SELECT * FROM `tb_sys` LIMIT 1   [ RunTime:0.000335s ]
INFO: [ view_parse ] --START--
INFO: ParseTemplate Behavior ::run [ RunTime:0.029051s ]
INFO: [ view_parse ] --END-- [ RunTime:0.029306s ]
INFO: [ view_filter ] --START--
INFO: ContentReplace Behavior ::run [ RunTime:0.000962s ]
INFO: TokenBuild Behavior ::run [ RunTime:0.000866s ]
INFO: WriteHtmlCache Behavior ::run [ RunTime:0.000631s ]
INFO: ShowRuntime Behavior ::run [ RunTime:0.000693s ]
INFO: [ view_filter ] --END-- [ RunTime:0.003701s ]
INFO: [ view_end ] --START--
INFO: ShowPageTrace Behavior ::run [ RunTime:0.000760s ]
INFO: [ view_end ] --END-- [ RunTime:0.000889s ]

[ 2015-02-17T00:35:20+08:00 ] 127.0.0.1 /geek/admin.php/Atc/gtxpg/x/vw/atcid/2
INFO: [ route_check ] --START--
INFO: CheckRoute Behavior ::run [ RunTime:0.001145s ]
INFO: [ route_check ] --END-- [ RunTime:0.001316s ]
INFO: [ app_begin ] --START--
INFO: ReadHtmlCache Behavior ::run [ RunTime:0.000806s ]
INFO: [ app_begin ] --END-- [ RunTime:0.000950s ]
SQL: SHOW COLUMNS FROM `tb_usr` [ RunTime:0.004304s ]
SQL: SELECT * FROM `tb_usr` WHERE ( usrid=1 ) LIMIT 1   [ RunTime:0.000405s ]
SQL: SELECT * FROM `tb_usr` WHERE ( usrid=1 ) LIMIT 1   [ RunTime:0.000328s ]
SQL: SHOW COLUMNS FROM `tb_md` [ RunTime:0.003117s ]
SQL: SELECT * FROM `tb_md` WHERE ( mdmk='Atc' ) LIMIT 1   [ RunTime:0.000308s ]
SQL: SELECT * FROM `tb_usr` WHERE ( usrid=1 ) LIMIT 1   [ RunTime:0.000311s ]
SQL: SHOW COLUMNS FROM `tb_athmd` [ RunTime:0.003769s ]
SQL: SELECT * FROM `tb_athmd` WHERE ( f_athmd_athid=1 AND f_athmd_mdid=6 ) LIMIT 1   [ RunTime:0.000440s ]
SQL: SELECT * FROM `tb_usr` WHERE ( usrid=1 ) LIMIT 1   [ RunTime:0.000392s ]
SQL: SELECT * FROM `tb_athmd` LEFT JOIN tb_md ON f_athmd_mdid=mdid WHERE ( f_athmd_athid=1 AND mdmk='Atc' ) LIMIT 1   [ RunTime:0.000434s ]
SQL: SHOW COLUMNS FROM `tb_atc` [ RunTime:0.003385s ]
SQL: SELECT COUNT(*) AS tp_count FROM `tb_atc` WHERE ( atcvw='n' ) LIMIT 1   [ RunTime:0.000428s ]
SQL: SELECT * FROM `tb_atc` LEFT JOIN tb_bd ON f_atc_bdid=bdid WHERE ( atcid=2 ) LIMIT 1   [ RunTime:0.000470s ]
SQL: SHOW COLUMNS FROM `tb_bd` [ RunTime:0.003357s ]
SQL: SELECT * FROM `tb_bd` ORDER BY bdodr ASC  [ RunTime:0.000467s ]
SQL: UPDATE `tb_atc` SET `atccnt`=2 WHERE ( atcid=2 ) [ RunTime:0.115581s ]
SQL: SHOW COLUMNS FROM `tb_sys` [ RunTime:0.003090s ]
SQL: SELECT * FROM `tb_sys` LIMIT 1   [ RunTime:0.000358s ]
INFO: [ view_parse ] --START--
INFO: ParseTemplate Behavior ::run [ RunTime:0.018200s ]
INFO: [ view_parse ] --END-- [ RunTime:0.018368s ]
INFO: [ view_filter ] --START--
INFO: ContentReplace Behavior ::run [ RunTime:0.000793s ]
INFO: TokenBuild Behavior ::run [ RunTime:0.001692s ]
INFO: WriteHtmlCache Behavior ::run [ RunTime:0.000810s ]
INFO: ShowRuntime Behavior ::run [ RunTime:0.001022s ]
INFO: [ view_filter ] --END-- [ RunTime:0.004864s ]
INFO: [ view_end ] --START--
INFO: ShowPageTrace Behavior ::run [ RunTime:0.001226s ]
INFO: [ view_end ] --END-- [ RunTime:0.001435s ]

[ 2015-02-17T00:35:32+08:00 ] 127.0.0.1 /geek/admin.php/Atc/gtxpg/x/vw/atcid/2
INFO: [ route_check ] --START--
INFO: CheckRoute Behavior ::run [ RunTime:0.002183s ]
INFO: [ route_check ] --END-- [ RunTime:0.002433s ]
INFO: [ app_begin ] --START--
INFO: ReadHtmlCache Behavior ::run [ RunTime:0.001206s ]
INFO: [ app_begin ] --END-- [ RunTime:0.001435s ]
SQL: SHOW COLUMNS FROM `tb_usr` [ RunTime:0.054879s ]
SQL: SELECT * FROM `tb_usr` WHERE ( usrid=1 ) LIMIT 1   [ RunTime:0.000530s ]
SQL: SELECT * FROM `tb_usr` WHERE ( usrid=1 ) LIMIT 1   [ RunTime:0.000374s ]
SQL: SHOW COLUMNS FROM `tb_md` [ RunTime:0.003808s ]
SQL: SELECT * FROM `tb_md` WHERE ( mdmk='Atc' ) LIMIT 1   [ RunTime:0.000436s ]
SQL: SELECT * FROM `tb_usr` WHERE ( usrid=1 ) LIMIT 1   [ RunTime:0.000392s ]
SQL: SHOW COLUMNS FROM `tb_athmd` [ RunTime:0.002866s ]
SQL: SELECT * FROM `tb_athmd` WHERE ( f_athmd_athid=1 AND f_athmd_mdid=6 ) LIMIT 1   [ RunTime:0.000362s ]
SQL: SELECT * FROM `tb_usr` WHERE ( usrid=1 ) LIMIT 1   [ RunTime:0.000421s ]
SQL: SELECT * FROM `tb_athmd` LEFT JOIN tb_md ON f_athmd_mdid=mdid WHERE ( f_athmd_athid=1 AND mdmk='Atc' ) LIMIT 1   [ RunTime:0.165796s ]
SQL: SHOW COLUMNS FROM `tb_atc` [ RunTime:0.003132s ]
SQL: SELECT COUNT(*) AS tp_count FROM `tb_atc` WHERE ( atcvw='n' ) LIMIT 1   [ RunTime:0.000331s ]
SQL: SELECT * FROM `tb_atc` LEFT JOIN tb_bd ON f_atc_bdid=bdid WHERE ( atcid=2 ) LIMIT 1   [ RunTime:0.000509s ]
SQL: SHOW COLUMNS FROM `tb_bd` [ RunTime:0.002978s ]
SQL: SELECT * FROM `tb_bd` ORDER BY bdodr ASC  [ RunTime:0.000439s ]
SQL: UPDATE `tb_atc` SET `atccnt`=3 WHERE ( atcid=2 ) [ RunTime:0.119138s ]
NOTIC: [8] Undefined variable: alt C:\wamp\www\geek\admin\Lib\Action\AtcAction.class.php 第 60 行.
SQL: SHOW COLUMNS FROM `tb_sys` [ RunTime:0.004144s ]
SQL: SELECT * FROM `tb_sys` LIMIT 1   [ RunTime:0.000336s ]
INFO: [ view_parse ] --START--
INFO: ParseTemplate Behavior ::run [ RunTime:0.020266s ]
INFO: [ view_parse ] --END-- [ RunTime:0.020485s ]
INFO: [ view_filter ] --START--
INFO: ContentReplace Behavior ::run [ RunTime:0.000894s ]
INFO: TokenBuild Behavior ::run [ RunTime:0.000935s ]
INFO: WriteHtmlCache Behavior ::run [ RunTime:0.000500s ]
INFO: ShowRuntime Behavior ::run [ RunTime:0.000818s ]
INFO: [ view_filter ] --END-- [ RunTime:0.003616s ]
INFO: [ view_end ] --START--
INFO: ShowPageTrace Behavior ::run [ RunTime:0.000930s ]
INFO: [ view_end ] --END-- [ RunTime:0.001060s ]

[ 2015-02-17T00:35:55+08:00 ] 127.0.0.1 /geek/admin.php/Atc/gtxpg/x/vw/atcid/2
INFO: [ route_check ] --START--
INFO: CheckRoute Behavior ::run [ RunTime:0.000994s ]
INFO: [ route_check ] --END-- [ RunTime:0.001193s ]
INFO: [ app_begin ] --START--
INFO: ReadHtmlCache Behavior ::run [ RunTime:0.000782s ]
INFO: [ app_begin ] --END-- [ RunTime:0.000953s ]
SQL: SHOW COLUMNS FROM `tb_usr` [ RunTime:0.004453s ]
SQL: SELECT * FROM `tb_usr` WHERE ( usrid=1 ) LIMIT 1   [ RunTime:0.000500s ]
SQL: SELECT * FROM `tb_usr` WHERE ( usrid=1 ) LIMIT 1   [ RunTime:0.000374s ]
SQL: SHOW COLUMNS FROM `tb_md` [ RunTime:0.003126s ]
SQL: SELECT * FROM `tb_md` WHERE ( mdmk='Atc' ) LIMIT 1   [ RunTime:0.000321s ]
SQL: SELECT * FROM `tb_usr` WHERE ( usrid=1 ) LIMIT 1   [ RunTime:0.000353s ]
SQL: SHOW COLUMNS FROM `tb_athmd` [ RunTime:0.003712s ]
SQL: SELECT * FROM `tb_athmd` WHERE ( f_athmd_athid=1 AND f_athmd_mdid=6 ) LIMIT 1   [ RunTime:0.000524s ]
SQL: SELECT * FROM `tb_usr` WHERE ( usrid=1 ) LIMIT 1   [ RunTime:0.000480s ]
SQL: SELECT * FROM `tb_athmd` LEFT JOIN tb_md ON f_athmd_mdid=mdid WHERE ( f_athmd_athid=1 AND mdmk='Atc' ) LIMIT 1   [ RunTime:0.000501s ]
SQL: SHOW COLUMNS FROM `tb_atc` [ RunTime:0.004026s ]
SQL: SELECT COUNT(*) AS tp_count FROM `tb_atc` WHERE ( atcvw='n' ) LIMIT 1   [ RunTime:0.000310s ]
SQL: SELECT * FROM `tb_atc` LEFT JOIN tb_bd ON f_atc_bdid=bdid WHERE ( atcid=2 ) LIMIT 1   [ RunTime:0.000435s ]
SQL: SHOW COLUMNS FROM `tb_bd` [ RunTime:0.003400s ]
SQL: SELECT * FROM `tb_bd` ORDER BY bdodr ASC  [ RunTime:0.000472s ]
SQL: UPDATE `tb_atc` SET `atccnt`=4 WHERE ( atcid=2 ) [ RunTime:0.104796s ]
NOTIC: [8] Undefined variable: alt C:\wamp\www\geek\admin\Lib\Action\AtcAction.class.php 第 58 行.
SQL: SHOW COLUMNS FROM `tb_sys` [ RunTime:0.004038s ]
SQL: SELECT * FROM `tb_sys` LIMIT 1   [ RunTime:0.000368s ]
INFO: [ view_parse ] --START--
INFO: ParseTemplate Behavior ::run [ RunTime:0.017758s ]
INFO: [ view_parse ] --END-- [ RunTime:0.017963s ]
INFO: [ view_filter ] --START--
INFO: ContentReplace Behavior ::run [ RunTime:0.000594s ]
INFO: TokenBuild Behavior ::run [ RunTime:0.000548s ]
INFO: WriteHtmlCache Behavior ::run [ RunTime:0.000383s ]
INFO: ShowRuntime Behavior ::run [ RunTime:0.000632s ]
INFO: [ view_filter ] --END-- [ RunTime:0.002501s ]
INFO: [ view_end ] --START--
INFO: ShowPageTrace Behavior ::run [ RunTime:0.000707s ]
INFO: [ view_end ] --END-- [ RunTime:0.000827s ]

[ 2015-02-17T00:35:56+08:00 ] 127.0.0.1 /geek/admin.php/Atc/gtxpg/x/vw/atcid/2
INFO: [ route_check ] --START--
INFO: CheckRoute Behavior ::run [ RunTime:0.001367s ]
INFO: [ route_check ] --END-- [ RunTime:0.001617s ]
INFO: [ app_begin ] --START--
INFO: ReadHtmlCache Behavior ::run [ RunTime:0.001039s ]
INFO: [ app_begin ] --END-- [ RunTime:0.001264s ]
SQL: SHOW COLUMNS FROM `tb_usr` [ RunTime:0.004267s ]
SQL: SELECT * FROM `tb_usr` WHERE ( usrid=1 ) LIMIT 1   [ RunTime:0.000387s ]
SQL: SELECT * FROM `tb_usr` WHERE ( usrid=1 ) LIMIT 1   [ RunTime:0.000274s ]
SQL: SHOW COLUMNS FROM `tb_md` [ RunTime:0.004624s ]
SQL: SELECT * FROM `tb_md` WHERE ( mdmk='Atc' ) LIMIT 1   [ RunTime:0.000397s ]
SQL: SELECT * FROM `tb_usr` WHERE ( usrid=1 ) LIMIT 1   [ RunTime:0.000323s ]
SQL: SHOW COLUMNS FROM `tb_athmd` [ RunTime:0.003021s ]
SQL: SELECT * FROM `tb_athmd` WHERE ( f_athmd_athid=1 AND f_athmd_mdid=6 ) LIMIT 1   [ RunTime:0.000425s ]
SQL: SELECT * FROM `tb_usr` WHERE ( usrid=1 ) LIMIT 1   [ RunTime:0.000338s ]
SQL: SELECT * FROM `tb_athmd` LEFT JOIN tb_md ON f_athmd_mdid=mdid WHERE ( f_athmd_athid=1 AND mdmk='Atc' ) LIMIT 1   [ RunTime:0.000374s ]
SQL: SHOW COLUMNS FROM `tb_atc` [ RunTime:0.003701s ]
SQL: SELECT COUNT(*) AS tp_count FROM `tb_atc` WHERE ( atcvw='n' ) LIMIT 1   [ RunTime:0.000456s ]
SQL: SELECT * FROM `tb_atc` LEFT JOIN tb_bd ON f_atc_bdid=bdid WHERE ( atcid=2 ) LIMIT 1   [ RunTime:0.000541s ]
SQL: SHOW COLUMNS FROM `tb_bd` [ RunTime:0.002787s ]
SQL: SELECT * FROM `tb_bd` ORDER BY bdodr ASC  [ RunTime:0.000342s ]
SQL: UPDATE `tb_atc` SET `atccnt`=5 WHERE ( atcid=2 ) [ RunTime:0.157259s ]
NOTIC: [8] Undefined variable: alt C:\wamp\www\geek\admin\Lib\Action\AtcAction.class.php 第 58 行.
SQL: SHOW COLUMNS FROM `tb_sys` [ RunTime:0.003114s ]
SQL: SELECT * FROM `tb_sys` LIMIT 1   [ RunTime:0.000328s ]
INFO: [ view_parse ] --START--
INFO: ParseTemplate Behavior ::run [ RunTime:0.016703s ]
INFO: [ view_parse ] --END-- [ RunTime:0.016862s ]
INFO: [ view_filter ] --START--
INFO: ContentReplace Behavior ::run [ RunTime:0.000579s ]
INFO: TokenBuild Behavior ::run [ RunTime:0.000798s ]
INFO: WriteHtmlCache Behavior ::run [ RunTime:0.000402s ]
INFO: ShowRuntime Behavior ::run [ RunTime:0.000999s ]
INFO: [ view_filter ] --END-- [ RunTime:0.003226s ]
INFO: [ view_end ] --START--
INFO: ShowPageTrace Behavior ::run [ RunTime:0.001120s ]
INFO: [ view_end ] --END-- [ RunTime:0.001322s ]

[ 2015-02-17T00:36:34+08:00 ] 127.0.0.1 /geek/admin.php
INFO: [ app_begin ] --START--
INFO: ReadHtmlCache Behavior ::run [ RunTime:0.001062s ]
INFO: [ app_begin ] --END-- [ RunTime:0.001295s ]
SQL: SHOW COLUMNS FROM `tb_usr` [ RunTime:0.004410s ]
SQL: SELECT * FROM `tb_usr` WHERE ( usrid=1 ) LIMIT 1   [ RunTime:0.000399s ]
SQL: SELECT * FROM `tb_usr` WHERE ( usrid=1 ) LIMIT 1   [ RunTime:0.000271s ]
SQL: SELECT * FROM `tb_usr` WHERE ( usrid=1 ) LIMIT 1   [ RunTime:0.000325s ]
SQL: SHOW COLUMNS FROM `tb_athmd` [ RunTime:0.003154s ]
SQL: SELECT * FROM `tb_athmd` LEFT JOIN tb_md ON f_athmd_mdid=mdid WHERE ( f_athmd_athid=1 AND mdmk='Atc' ) LIMIT 1   [ RunTime:0.000481s ]
SQL: SHOW COLUMNS FROM `tb_atc` [ RunTime:0.005138s ]
SQL: SELECT COUNT(*) AS tp_count FROM `tb_atc` WHERE ( atcvw='n' ) LIMIT 1   [ RunTime:0.000356s ]
SQL: SELECT * FROM `tb_usr` WHERE ( usrid=1 ) LIMIT 1   [ RunTime:0.000287s ]
SQL: SELECT * FROM `tb_athmd` LEFT JOIN tb_md ON f_athmd_mdid=mdid WHERE ( f_athmd_athid=1 AND q='y' )  [ RunTime:0.013359s ]
INFO: [ view_parse ] --START--
INFO: ParseTemplate Behavior ::run [ RunTime:0.021795s ]
INFO: [ view_parse ] --END-- [ RunTime:0.021995s ]
INFO: [ view_filter ] --START--
INFO: ContentReplace Behavior ::run [ RunTime:0.000572s ]
INFO: TokenBuild Behavior ::run [ RunTime:0.000540s ]
INFO: WriteHtmlCache Behavior ::run [ RunTime:0.000468s ]
INFO: ShowRuntime Behavior ::run [ RunTime:0.000866s ]
INFO: [ view_filter ] --END-- [ RunTime:0.002837s ]
INFO: [ view_end ] --START--
INFO: ShowPageTrace Behavior ::run [ RunTime:0.000969s ]
INFO: [ view_end ] --END-- [ RunTime:0.001131s ]

[ 2015-02-17T00:36:36+08:00 ] 127.0.0.1 /geek/admin.php/Atc/query
INFO: [ route_check ] --START--
INFO: CheckRoute Behavior ::run [ RunTime:0.001390s ]
INFO: [ route_check ] --END-- [ RunTime:0.001645s ]
INFO: [ app_begin ] --START--
INFO: ReadHtmlCache Behavior ::run [ RunTime:0.001180s ]
INFO: [ app_begin ] --END-- [ RunTime:0.001402s ]
SQL: SHOW COLUMNS FROM `tb_usr` [ RunTime:0.004570s ]
SQL: SELECT * FROM `tb_usr` WHERE ( usrid=1 ) LIMIT 1   [ RunTime:0.000553s ]
SQL: SELECT * FROM `tb_usr` WHERE ( usrid=1 ) LIMIT 1   [ RunTime:0.000360s ]
SQL: SHOW COLUMNS FROM `tb_md` [ RunTime:0.002869s ]
SQL: SELECT * FROM `tb_md` WHERE ( mdmk='Atc' ) LIMIT 1   [ RunTime:0.000381s ]
SQL: SELECT * FROM `tb_usr` WHERE ( usrid=1 ) LIMIT 1   [ RunTime:0.000380s ]
SQL: SHOW COLUMNS FROM `tb_athmd` [ RunTime:0.004695s ]
SQL: SELECT * FROM `tb_athmd` WHERE ( f_athmd_athid=1 AND f_athmd_mdid=6 ) LIMIT 1   [ RunTime:0.000448s ]
SQL: SELECT * FROM `tb_usr` WHERE ( usrid=1 ) LIMIT 1   [ RunTime:0.000493s ]
SQL: SELECT * FROM `tb_athmd` LEFT JOIN tb_md ON f_athmd_mdid=mdid WHERE ( f_athmd_athid=1 AND mdmk='Atc' ) LIMIT 1   [ RunTime:0.000462s ]
SQL: SHOW COLUMNS FROM `tb_atc` [ RunTime:0.004289s ]
SQL: SELECT COUNT(*) AS tp_count FROM `tb_atc` WHERE ( atcvw='n' ) LIMIT 1   [ RunTime:0.000303s ]
NOTIC: [2] Missing argument 8 for NBAction::NB(), called in C:\wamp\www\geek\admin\Lib\Action\AtcAction.class.php on line 177 and defined C:\wamp\www\geek\admin\Lib\NB\NBAction.class.php 第 46 行.
NOTIC: [8] Undefined index: NBsqlstc C:\wamp\www\geek\admin\Lib\NB\NBAction.class.php 第 49 行.
NOTIC: [8] Undefined index: NBsqlstc C:\wamp\www\geek\admin\Lib\NB\NBAction.class.php 第 49 行.
NOTIC: [8] Undefined index: fld C:\wamp\www\geek\admin\Lib\NB\NBAction.class.php 第 139 行.
NOTIC: [8] Undefined index: fld C:\wamp\www\geek\admin\Lib\NB\NBAction.class.php 第 141 行.
NOTIC: [8] Undefined index: cdt C:\wamp\www\geek\admin\Lib\NB\NBAction.class.php 第 144 行.
NOTIC: [8] Undefined index: cdt C:\wamp\www\geek\admin\Lib\NB\NBAction.class.php 第 146 行.
NOTIC: [8] Undefined index: spccdt C:\wamp\www\geek\admin\Lib\NB\NBAction.class.php 第 149 行.
NOTIC: [8] Undefined index: spccdt C:\wamp\www\geek\admin\Lib\NB\NBAction.class.php 第 151 行.
NOTIC: [8] Undefined index: odr C:\wamp\www\geek\admin\Lib\NB\NBAction.class.php 第 154 行.
NOTIC: [8] Undefined index: odr C:\wamp\www\geek\admin\Lib\NB\NBAction.class.php 第 156 行.
NOTIC: [8] Undefined index: lmt C:\wamp\www\geek\admin\Lib\NB\NBAction.class.php 第 159 行.
NOTIC: [8] Undefined index: lmt C:\wamp\www\geek\admin\Lib\NB\NBAction.class.php 第 161 行.
NOTIC: [8] Undefined variable: odrpcd C:\wamp\www\geek\admin\Lib\NB\NBAction.class.php 第 35 行.
NOTIC: [8] Undefined variable: lsyon C:\wamp\www\geek\admin\Lib\NB\NBAction.class.php 第 182 行.
SQL: SELECT COUNT(*) AS tp_count FROM `tb_atc` LEFT JOIN tb_bd ON f_atc_bdid=bdid WHERE ( 1=1 ) ORDER BY atctp DESC,atcmdftm DESC LIMIT 1   [ RunTime:0.000523s ]
NOTIC: [8] Undefined variable: sqlstc C:\wamp\www\geek\admin\Lib\NB\NBAction.class.php 第 201 行.
SQL: SELECT `atcid`,`bdnm`,`atctpc`,`atcath`,`atcaddtm`,`atcmdftm`,`atctp`,`atcps`,`atcanc`,`atcdnmc`,`atccnt`,`atcnw`,`atczn`,`atctc`,`atcvw` FROM `tb_atc` LEFT JOIN tb_bd ON f_atc_bdid=bdid WHERE ( 1=1 ) ORDER BY atctp DESC,atcmdftm DESC LIMIT 0,20   [ RunTime:0.000691s ]
NOTIC: [8] Undefined variable: sqlstc C:\wamp\www\geek\admin\Lib\NB\NBAction.class.php 第 259 行.
NOTIC: [8] Undefined variable: mlsforcount C:\wamp\www\geek\admin\Lib\NB\NBAction.class.php 第 268 行.
SQL: SHOW COLUMNS FROM `tb_bd` [ RunTime:0.003931s ]
SQL: SELECT * FROM `tb_bd`  [ RunTime:0.000484s ]
SQL: SELECT * FROM `tb_bd` ORDER BY bdodr ASC  [ RunTime:0.000441s ]
INFO: [ view_parse ] --START--
INFO: ParseTemplate Behavior ::run [ RunTime:0.056492s ]
INFO: [ view_parse ] --END-- [ RunTime:0.056708s ]
INFO: [ view_filter ] --START--
INFO: ContentReplace Behavior ::run [ RunTime:0.001042s ]
INFO: TokenBuild Behavior ::run [ RunTime:0.000907s ]
INFO: WriteHtmlCache Behavior ::run [ RunTime:0.000422s ]
INFO: ShowRuntime Behavior ::run [ RunTime:0.000671s ]
INFO: [ view_filter ] --END-- [ RunTime:0.003522s ]
INFO: [ view_end ] --START--
INFO: ShowPageTrace Behavior ::run [ RunTime:0.000707s ]
INFO: [ view_end ] --END-- [ RunTime:0.000831s ]

[ 2015-02-17T00:36:39+08:00 ] 127.0.0.1 /geek/admin.php/Atc/gtxpg/x/vw/atcid/1
INFO: [ route_check ] --START--
INFO: CheckRoute Behavior ::run [ RunTime:0.000837s ]
INFO: [ route_check ] --END-- [ RunTime:0.000984s ]
INFO: [ app_begin ] --START--
INFO: ReadHtmlCache Behavior ::run [ RunTime:0.000654s ]
INFO: [ app_begin ] --END-- [ RunTime:0.000780s ]
SQL: SHOW COLUMNS FROM `tb_usr` [ RunTime:0.003880s ]
SQL: SELECT * FROM `tb_usr` WHERE ( usrid=1 ) LIMIT 1   [ RunTime:0.000489s ]
SQL: SELECT * FROM `tb_usr` WHERE ( usrid=1 ) LIMIT 1   [ RunTime:0.000409s ]
SQL: SHOW COLUMNS FROM `tb_md` [ RunTime:0.002883s ]
SQL: SELECT * FROM `tb_md` WHERE ( mdmk='Atc' ) LIMIT 1   [ RunTime:0.000369s ]
SQL: SELECT * FROM `tb_usr` WHERE ( usrid=1 ) LIMIT 1   [ RunTime:0.000377s ]
SQL: SHOW COLUMNS FROM `tb_athmd` [ RunTime:0.002760s ]
SQL: SELECT * FROM `tb_athmd` WHERE ( f_athmd_athid=1 AND f_athmd_mdid=6 ) LIMIT 1   [ RunTime:0.000304s ]
SQL: SELECT * FROM `tb_usr` WHERE ( usrid=1 ) LIMIT 1   [ RunTime:0.000375s ]
SQL: SELECT * FROM `tb_athmd` LEFT JOIN tb_md ON f_athmd_mdid=mdid WHERE ( f_athmd_athid=1 AND mdmk='Atc' ) LIMIT 1   [ RunTime:0.000393s ]
SQL: SHOW COLUMNS FROM `tb_atc` [ RunTime:0.003456s ]
SQL: SELECT COUNT(*) AS tp_count FROM `tb_atc` WHERE ( atcvw='n' ) LIMIT 1   [ RunTime:0.000317s ]
SQL: SELECT * FROM `tb_atc` LEFT JOIN tb_bd ON f_atc_bdid=bdid WHERE ( atcid=1 ) LIMIT 1   [ RunTime:0.000440s ]
SQL: SHOW COLUMNS FROM `tb_bd` [ RunTime:0.002741s ]
SQL: SELECT * FROM `tb_bd` ORDER BY bdodr ASC  [ RunTime:0.000317s ]
SQL: UPDATE `tb_atc` SET `atccnt`=389 WHERE ( atcid=1 ) [ RunTime:0.114902s ]
SQL: SHOW COLUMNS FROM `tb_sys` [ RunTime:0.003419s ]
SQL: SELECT * FROM `tb_sys` LIMIT 1   [ RunTime:0.000350s ]
INFO: [ view_parse ] --START--
INFO: ParseTemplate Behavior ::run [ RunTime:0.016663s ]
INFO: [ view_parse ] --END-- [ RunTime:0.016821s ]
INFO: [ view_filter ] --START--
INFO: ContentReplace Behavior ::run [ RunTime:0.000592s ]
INFO: TokenBuild Behavior ::run [ RunTime:0.000553s ]
INFO: WriteHtmlCache Behavior ::run [ RunTime:0.000382s ]
INFO: ShowRuntime Behavior ::run [ RunTime:0.000642s ]
INFO: [ view_filter ] --END-- [ RunTime:0.002506s ]
INFO: [ view_end ] --START--
INFO: ShowPageTrace Behavior ::run [ RunTime:0.000803s ]
INFO: [ view_end ] --END-- [ RunTime:0.000948s ]

[ 2015-02-17T01:41:51+08:00 ] 127.0.0.1 /geek/admin.php/
INFO: [ route_check ] --START--
INFO: CheckRoute Behavior ::run [ RunTime:0.020747s ]
INFO: [ route_check ] --END-- [ RunTime:0.020926s ]
INFO: [ app_begin ] --START--
INFO: ReadHtmlCache Behavior ::run [ RunTime:0.000732s ]
INFO: [ app_begin ] --END-- [ RunTime:0.000860s ]
SQL: SHOW COLUMNS FROM `tb_usr` [ RunTime:0.053600s ]
SQL: SELECT * FROM `tb_usr` WHERE ( usrid=1 ) LIMIT 1   [ RunTime:0.000383s ]
SQL: SELECT * FROM `tb_usr` WHERE ( usrid=1 ) LIMIT 1   [ RunTime:0.000288s ]
SQL: SELECT * FROM `tb_usr` WHERE ( usrid=1 ) LIMIT 1   [ RunTime:0.000366s ]
SQL: SHOW COLUMNS FROM `tb_athmd` [ RunTime:0.027410s ]
SQL: SELECT * FROM `tb_athmd` LEFT JOIN tb_md ON f_athmd_mdid=mdid WHERE ( f_athmd_athid=1 AND mdmk='Atc' ) LIMIT 1   [ RunTime:0.027651s ]
SQL: SHOW COLUMNS FROM `tb_atc` [ RunTime:0.033281s ]
SQL: SELECT COUNT(*) AS tp_count FROM `tb_atc` WHERE ( atcvw='n' ) LIMIT 1   [ RunTime:0.000395s ]
SQL: SELECT * FROM `tb_usr` WHERE ( usrid=1 ) LIMIT 1   [ RunTime:0.000329s ]
SQL: SELECT * FROM `tb_athmd` LEFT JOIN tb_md ON f_athmd_mdid=mdid WHERE ( f_athmd_athid=1 AND q='y' )  [ RunTime:0.000425s ]
INFO: [ view_parse ] --START--
INFO: ParseTemplate Behavior ::run [ RunTime:0.041150s ]
INFO: [ view_parse ] --END-- [ RunTime:0.041399s ]
INFO: [ view_filter ] --START--
INFO: ContentReplace Behavior ::run [ RunTime:0.000878s ]
INFO: TokenBuild Behavior ::run [ RunTime:0.000786s ]
INFO: WriteHtmlCache Behavior ::run [ RunTime:0.000591s ]
INFO: ShowRuntime Behavior ::run [ RunTime:0.000996s ]
INFO: [ view_filter ] --END-- [ RunTime:0.003785s ]
INFO: [ view_end ] --START--
INFO: ShowPageTrace Behavior ::run [ RunTime:0.001007s ]
INFO: [ view_end ] --END-- [ RunTime:0.001169s ]

[ 2015-02-17T01:43:08+08:00 ] 127.0.0.1 /geek/admin.php/Atc/query
INFO: [ route_check ] --START--
INFO: CheckRoute Behavior ::run [ RunTime:0.000869s ]
INFO: [ route_check ] --END-- [ RunTime:0.001015s ]
INFO: [ app_begin ] --START--
INFO: ReadHtmlCache Behavior ::run [ RunTime:0.000680s ]
INFO: [ app_begin ] --END-- [ RunTime:0.000805s ]
SQL: SHOW COLUMNS FROM `tb_usr` [ RunTime:0.003159s ]
SQL: SELECT * FROM `tb_usr` WHERE ( usrid=1 ) LIMIT 1   [ RunTime:0.000329s ]
SQL: SELECT * FROM `tb_usr` WHERE ( usrid=1 ) LIMIT 1   [ RunTime:0.000294s ]
SQL: SHOW COLUMNS FROM `tb_md` [ RunTime:0.002708s ]
SQL: SELECT * FROM `tb_md` WHERE ( mdmk='Atc' ) LIMIT 1   [ RunTime:0.000262s ]
SQL: SELECT * FROM `tb_usr` WHERE ( usrid=1 ) LIMIT 1   [ RunTime:0.000416s ]
SQL: SHOW COLUMNS FROM `tb_athmd` [ RunTime:0.003046s ]
SQL: SELECT * FROM `tb_athmd` WHERE ( f_athmd_athid=1 AND f_athmd_mdid=6 ) LIMIT 1   [ RunTime:0.000258s ]
SQL: SELECT * FROM `tb_usr` WHERE ( usrid=1 ) LIMIT 1   [ RunTime:0.000375s ]
SQL: SELECT * FROM `tb_athmd` LEFT JOIN tb_md ON f_athmd_mdid=mdid WHERE ( f_athmd_athid=1 AND mdmk='Atc' ) LIMIT 1   [ RunTime:0.000401s ]
SQL: SHOW COLUMNS FROM `tb_atc` [ RunTime:0.003167s ]
SQL: SELECT COUNT(*) AS tp_count FROM `tb_atc` WHERE ( atcvw='n' ) LIMIT 1   [ RunTime:0.000283s ]
NOTIC: [2] Missing argument 8 for NBAction::NB(), called in C:\wamp\www\geek\admin\Lib\Action\AtcAction.class.php on line 177 and defined C:\wamp\www\geek\admin\Lib\NB\NBAction.class.php 第 46 行.
NOTIC: [8] Undefined index: NBsqlstc C:\wamp\www\geek\admin\Lib\NB\NBAction.class.php 第 49 行.
NOTIC: [8] Undefined index: NBsqlstc C:\wamp\www\geek\admin\Lib\NB\NBAction.class.php 第 49 行.
NOTIC: [8] Undefined index: fld C:\wamp\www\geek\admin\Lib\NB\NBAction.class.php 第 139 行.
NOTIC: [8] Undefined index: fld C:\wamp\www\geek\admin\Lib\NB\NBAction.class.php 第 141 行.
NOTIC: [8] Undefined index: cdt C:\wamp\www\geek\admin\Lib\NB\NBAction.class.php 第 144 行.
NOTIC: [8] Undefined index: cdt C:\wamp\www\geek\admin\Lib\NB\NBAction.class.php 第 146 行.
NOTIC: [8] Undefined index: spccdt C:\wamp\www\geek\admin\Lib\NB\NBAction.class.php 第 149 行.
NOTIC: [8] Undefined index: spccdt C:\wamp\www\geek\admin\Lib\NB\NBAction.class.php 第 151 行.
NOTIC: [8] Undefined index: odr C:\wamp\www\geek\admin\Lib\NB\NBAction.class.php 第 154 行.
NOTIC: [8] Undefined index: odr C:\wamp\www\geek\admin\Lib\NB\NBAction.class.php 第 156 行.
NOTIC: [8] Undefined index: lmt C:\wamp\www\geek\admin\Lib\NB\NBAction.class.php 第 159 行.
NOTIC: [8] Undefined index: lmt C:\wamp\www\geek\admin\Lib\NB\NBAction.class.php 第 161 行.
NOTIC: [8] Undefined variable: odrpcd C:\wamp\www\geek\admin\Lib\NB\NBAction.class.php 第 35 行.
NOTIC: [8] Undefined variable: lsyon C:\wamp\www\geek\admin\Lib\NB\NBAction.class.php 第 182 行.
SQL: SELECT COUNT(*) AS tp_count FROM `tb_atc` LEFT JOIN tb_bd ON f_atc_bdid=bdid WHERE ( 1=1 ) ORDER BY atctp DESC,atcmdftm DESC LIMIT 1   [ RunTime:0.038091s ]
NOTIC: [8] Undefined variable: sqlstc C:\wamp\www\geek\admin\Lib\NB\NBAction.class.php 第 201 行.
SQL: SELECT `atcid`,`bdnm`,`atctpc`,`atcath`,`atcaddtm`,`atcmdftm`,`atctp`,`atcps`,`atcanc`,`atcdnmc`,`atccnt`,`atcnw`,`atczn`,`atctc`,`atcvw` FROM `tb_atc` LEFT JOIN tb_bd ON f_atc_bdid=bdid WHERE ( 1=1 ) ORDER BY atctp DESC,atcmdftm DESC LIMIT 0,20   [ RunTime:0.000559s ]
NOTIC: [8] Undefined variable: sqlstc C:\wamp\www\geek\admin\Lib\NB\NBAction.class.php 第 259 行.
NOTIC: [8] Undefined variable: mlsforcount C:\wamp\www\geek\admin\Lib\NB\NBAction.class.php 第 268 行.
SQL: SHOW COLUMNS FROM `tb_bd` [ RunTime:0.003099s ]
SQL: SELECT * FROM `tb_bd`  [ RunTime:0.000330s ]
SQL: SELECT * FROM `tb_bd` ORDER BY bdodr ASC  [ RunTime:0.000424s ]
INFO: [ view_parse ] --START--
INFO: ParseTemplate Behavior ::run [ RunTime:0.036684s ]
INFO: [ view_parse ] --END-- [ RunTime:0.036864s ]
INFO: [ view_filter ] --START--
INFO: ContentReplace Behavior ::run [ RunTime:0.000629s ]
INFO: TokenBuild Behavior ::run [ RunTime:0.000558s ]
INFO: WriteHtmlCache Behavior ::run [ RunTime:0.000405s ]
INFO: ShowRuntime Behavior ::run [ RunTime:0.000644s ]
INFO: [ view_filter ] --END-- [ RunTime:0.002571s ]
INFO: [ view_end ] --START--
INFO: ShowPageTrace Behavior ::run [ RunTime:0.000691s ]
INFO: [ view_end ] --END-- [ RunTime:0.000817s ]

[ 2015-02-17T01:43:13+08:00 ] 127.0.0.1 /geek/admin.php/Atc/gtxpg/x/vw/atcid/1
INFO: [ route_check ] --START--
INFO: CheckRoute Behavior ::run [ RunTime:0.000859s ]
INFO: [ route_check ] --END-- [ RunTime:0.001007s ]
INFO: [ app_begin ] --START--
INFO: ReadHtmlCache Behavior ::run [ RunTime:0.000670s ]
INFO: [ app_begin ] --END-- [ RunTime:0.000796s ]
SQL: SHOW COLUMNS FROM `tb_usr` [ RunTime:0.003047s ]
SQL: SELECT * FROM `tb_usr` WHERE ( usrid=1 ) LIMIT 1   [ RunTime:0.000312s ]
SQL: SELECT * FROM `tb_usr` WHERE ( usrid=1 ) LIMIT 1   [ RunTime:0.000264s ]
SQL: SHOW COLUMNS FROM `tb_md` [ RunTime:0.002982s ]
SQL: SELECT * FROM `tb_md` WHERE ( mdmk='Atc' ) LIMIT 1   [ RunTime:0.000317s ]
SQL: SELECT * FROM `tb_usr` WHERE ( usrid=1 ) LIMIT 1   [ RunTime:0.000379s ]
SQL: SHOW COLUMNS FROM `tb_athmd` [ RunTime:0.004806s ]
SQL: SELECT * FROM `tb_athmd` WHERE ( f_athmd_athid=1 AND f_athmd_mdid=6 ) LIMIT 1   [ RunTime:0.000309s ]
SQL: SELECT * FROM `tb_usr` WHERE ( usrid=1 ) LIMIT 1   [ RunTime:0.000308s ]
SQL: SELECT * FROM `tb_athmd` LEFT JOIN tb_md ON f_athmd_mdid=mdid WHERE ( f_athmd_athid=1 AND mdmk='Atc' ) LIMIT 1   [ RunTime:0.000342s ]
SQL: SHOW COLUMNS FROM `tb_atc` [ RunTime:0.003194s ]
SQL: SELECT COUNT(*) AS tp_count FROM `tb_atc` WHERE ( atcvw='n' ) LIMIT 1   [ RunTime:0.000288s ]
SQL: SELECT * FROM `tb_atc` LEFT JOIN tb_bd ON f_atc_bdid=bdid WHERE ( atcid=1 ) LIMIT 1   [ RunTime:0.000360s ]
SQL: SHOW COLUMNS FROM `tb_bd` [ RunTime:0.002789s ]
SQL: SELECT * FROM `tb_bd` ORDER BY bdodr ASC  [ RunTime:0.000367s ]
SQL: UPDATE `tb_atc` SET `atccnt`=390 WHERE ( atcid=1 ) [ RunTime:0.301072s ]
SQL: SHOW COLUMNS FROM `tb_sys` [ RunTime:0.038282s ]
SQL: SELECT * FROM `tb_sys` LIMIT 1   [ RunTime:0.000300s ]
INFO: [ view_parse ] --START--
INFO: ParseTemplate Behavior ::run [ RunTime:0.037261s ]
INFO: [ view_parse ] --END-- [ RunTime:0.037435s ]
INFO: [ view_filter ] --START--
INFO: ContentReplace Behavior ::run [ RunTime:0.000611s ]
INFO: TokenBuild Behavior ::run [ RunTime:0.000566s ]
INFO: WriteHtmlCache Behavior ::run [ RunTime:0.000394s ]
INFO: ShowRuntime Behavior ::run [ RunTime:0.000654s ]
INFO: [ view_filter ] --END-- [ RunTime:0.002573s ]
INFO: [ view_end ] --START--
INFO: ShowPageTrace Behavior ::run [ RunTime:0.000720s ]
INFO: [ view_end ] --END-- [ RunTime:0.000840s ]

