[ 2015-06-28T23:50:01+08:00 ] 127.0.0.1 /xx/admin.php
INFO: [ app_begin ] --START--
INFO: ReadHtmlCache Behavior ::run [ RunTime:0.016886s ]
INFO: [ app_begin ] --END-- [ RunTime:0.073182s ]
SQL: SHOW COLUMNS FROM `tb_2013_std` [ RunTime:0.043640s ]
SQL: SHOW COLUMNS FROM `tb_2013_stdxqmj` [ RunTime:0.003785s ]
SQL: SELECT * FROM `tb_2013_std`  [ RunTime:0.070423s ]
SQL: INSERT INTO `tb_2013_stdxqmj` (`f_stdxqmj_stdid`,`f_stdxqmj_xqid`,`f_stdxqmj_mjid`) VALUES (3,2,6) [ RunTime:0.737893s ]
SQL: INSERT INTO `tb_2013_stdxqmj` (`f_stdxqmj_stdid`,`f_stdxqmj_xqid`,`f_stdxqmj_mjid`) VALUES (4,2,6) [ RunTime:0.145964s ]
SQL: INSERT INTO `tb_2013_stdxqmj` (`f_stdxqmj_stdid`,`f_stdxqmj_xqid`,`f_stdxqmj_mjid`) VALUES (5,2,8) [ RunTime:0.196289s ]
SQL: INSERT INTO `tb_2013_stdxqmj` (`f_stdxqmj_stdid`,`f_stdxqmj_xqid`,`f_stdxqmj_mjid`) VALUES (6,2,6) [ RunTime:0.088078s ]
SQL: INSERT INTO `tb_2013_stdxqmj` (`f_stdxqmj_stdid`,`f_stdxqmj_xqid`,`f_stdxqmj_mjid`) VALUES (7,2,6) [ RunTime:0.099101s ]
SQL: INSERT INTO `tb_2013_stdxqmj` (`f_stdxqmj_stdid`,`f_stdxqmj_xqid`,`f_stdxqmj_mjid`) VALUES (8,2,11) [ RunTime:0.099157s ]
SQL: INSERT INTO `tb_2013_stdxqmj` (`f_stdxqmj_stdid`,`f_stdxqmj_xqid`,`f_stdxqmj_mjid`) VALUES (9,2,6) [ RunTime:0.088090s ]
SQL: INSERT INTO `tb_2013_stdxqmj` (`f_stdxqmj_stdid`,`f_stdxqmj_xqid`,`f_stdxqmj_mjid`) VALUES (10,2,8) [ RunTime:0.110207s ]
SQL: INSERT INTO `tb_2013_stdxqmj` (`f_stdxqmj_stdid`,`f_stdxqmj_xqid`,`f_stdxqmj_mjid`) VALUES (11,2,8) [ RunTime:0.129437s ]
SQL: INSERT INTO `tb_2013_stdxqmj` (`f_stdxqmj_stdid`,`f_stdxqmj_xqid`,`f_stdxqmj_mjid`) VALUES (12,2,10) [ RunTime:0.101944s ]
SQL: INSERT INTO `tb_2013_stdxqmj` (`f_stdxqmj_stdid`,`f_stdxqmj_xqid`,`f_stdxqmj_mjid`) VALUES (13,2,9) [ RunTime:0.132347s ]
SQL: INSERT INTO `tb_2013_stdxqmj` (`f_stdxqmj_stdid`,`f_stdxqmj_xqid`,`f_stdxqmj_mjid`) VALUES (14,2,6) [ RunTime:0.121228s ]
SQL: INSERT INTO `tb_2013_stdxqmj` (`f_stdxqmj_stdid`,`f_stdxqmj_xqid`,`f_stdxqmj_mjid`) VALUES (15,2,6) [ RunTime:0.099192s ]
SQL: INSERT INTO `tb_2013_stdxqmj` (`f_stdxqmj_stdid`,`f_stdxqmj_xqid`,`f_stdxqmj_mjid`) VALUES (16,2,8) [ RunTime:0.088068s ]
SQL: INSERT INTO `tb_2013_stdxqmj` (`f_stdxqmj_stdid`,`f_stdxqmj_xqid`,`f_stdxqmj_mjid`) VALUES (17,2,4) [ RunTime:0.088084s ]
SQL: INSERT INTO `tb_2013_stdxqmj` (`f_stdxqmj_stdid`,`f_stdxqmj_xqid`,`f_stdxqmj_mjid`) VALUES (18,2,11) [ RunTime:0.099003s ]
SQL: INSERT INTO `tb_2013_stdxqmj` (`f_stdxqmj_stdid`,`f_stdxqmj_xqid`,`f_stdxqmj_mjid`) VALUES (19,2,11) [ RunTime:0.121364s ]
SQL: INSERT INTO `tb_2013_stdxqmj` (`f_stdxqmj_stdid`,`f_stdxqmj_xqid`,`f_stdxqmj_mjid`) VALUES (20,2,8) [ RunTime:0.132290s ]
SQL: INSERT INTO `tb_2013_stdxqmj` (`f_stdxqmj_stdid`,`f_stdxqmj_xqid`,`f_stdxqmj_mjid`) VALUES (21,2,8) [ RunTime:0.098322s ]
SQL: INSERT INTO `tb_2013_stdxqmj` (`f_stdxqmj_stdid`,`f_stdxqmj_xqid`,`f_stdxqmj_mjid`) VALUES (22,2,11) [ RunTime:0.088863s ]
SQL: INSERT INTO `tb_2013_stdxqmj` (`f_stdxqmj_stdid`,`f_stdxqmj_xqid`,`f_stdxqmj_mjid`) VALUES (23,2,11) [ RunTime:0.099182s ]
SQL: INSERT INTO `tb_2013_stdxqmj` (`f_stdxqmj_stdid`,`f_stdxqmj_xqid`,`f_stdxqmj_mjid`) VALUES (24,2,9) [ RunTime:0.110143s ]
SQL: INSERT INTO `tb_2013_stdxqmj` (`f_stdxqmj_stdid`,`f_stdxqmj_xqid`,`f_stdxqmj_mjid`) VALUES (25,2,11) [ RunTime:0.088037s ]
SQL: INSERT INTO `tb_2013_stdxqmj` (`f_stdxqmj_stdid`,`f_stdxqmj_xqid`,`f_stdxqmj_mjid`) VALUES (26,2,6) [ RunTime:0.099149s ]
SQL: INSERT INTO `tb_2013_stdxqmj` (`f_stdxqmj_stdid`,`f_stdxqmj_xqid`,`f_stdxqmj_mjid`) VALUES (27,2,6) [ RunTime:0.154173s ]
SQL: INSERT INTO `tb_2013_stdxqmj` (`f_stdxqmj_stdid`,`f_stdxqmj_xqid`,`f_stdxqmj_mjid`) VALUES (28,2,9) [ RunTime:0.201722s ]
SQL: INSERT INTO `tb_2013_stdxqmj` (`f_stdxqmj_stdid`,`f_stdxqmj_xqid`,`f_stdxqmj_mjid`) VALUES (29,2,9) [ RunTime:0.295533s ]
SQL: INSERT INTO `tb_2013_stdxqmj` (`f_stdxqmj_stdid`,`f_stdxqmj_xqid`,`f_stdxqmj_mjid`) VALUES (30,2,6) [ RunTime:0.273451s ]
SQL: INSERT INTO `tb_2013_stdxqmj` (`f_stdxqmj_stdid`,`f_stdxqmj_xqid`,`f_stdxqmj_mjid`) VALUES (31,2,5) [ RunTime:0.179413s ]
SQL: INSERT INTO `tb_2013_stdxqmj` (`f_stdxqmj_stdid`,`f_stdxqmj_xqid`,`f_stdxqmj_mjid`) VALUES (32,2,6) [ RunTime:0.132436s ]
SQL: INSERT INTO `tb_2013_stdxqmj` (`f_stdxqmj_stdid`,`f_stdxqmj_xqid`,`f_stdxqmj_mjid`) VALUES (33,2,6) [ RunTime:0.353709s ]
SQL: INSERT INTO `tb_2013_stdxqmj` (`f_stdxqmj_stdid`,`f_stdxqmj_xqid`,`f_stdxqmj_mjid`) VALUES (34,2,8) [ RunTime:0.298210s ]
SQL: INSERT INTO `tb_2013_stdxqmj` (`f_stdxqmj_stdid`,`f_stdxqmj_xqid`,`f_stdxqmj_mjid`) VALUES (35,2,3) [ RunTime:0.286579s ]
SQL: INSERT INTO `tb_2013_stdxqmj` (`f_stdxqmj_stdid`,`f_stdxqmj_xqid`,`f_stdxqmj_mjid`) VALUES (37,2,8) [ RunTime:0.378251s ]
SQL: INSERT INTO `tb_2013_stdxqmj` (`f_stdxqmj_stdid`,`f_stdxqmj_xqid`,`f_stdxqmj_mjid`) VALUES (38,2,6) [ RunTime:0.266923s ]
SQL: INSERT INTO `tb_2013_stdxqmj` (`f_stdxqmj_stdid`,`f_stdxqmj_xqid`,`f_stdxqmj_mjid`) VALUES (39,2,8) [ RunTime:0.206605s ]
SQL: INSERT INTO `tb_2013_stdxqmj` (`f_stdxqmj_stdid`,`f_stdxqmj_xqid`,`f_stdxqmj_mjid`) VALUES (40,2,6) [ RunTime:0.243078s ]
SQL: INSERT INTO `tb_2013_stdxqmj` (`f_stdxqmj_stdid`,`f_stdxqmj_xqid`,`f_stdxqmj_mjid`) VALUES (41,2,8) [ RunTime:0.232003s ]
SQL: INSERT INTO `tb_2013_stdxqmj` (`f_stdxqmj_stdid`,`f_stdxqmj_xqid`,`f_stdxqmj_mjid`) VALUES (42,2,11) [ RunTime:0.165460s ]
SQL: INSERT INTO `tb_2013_stdxqmj` (`f_stdxqmj_stdid`,`f_stdxqmj_xqid`,`f_stdxqmj_mjid`) VALUES (43,2,5) [ RunTime:0.197982s ]
SQL: INSERT INTO `tb_2013_stdxqmj` (`f_stdxqmj_stdid`,`f_stdxqmj_xqid`,`f_stdxqmj_mjid`) VALUES (44,2,6) [ RunTime:0.122177s ]
SQL: INSERT INTO `tb_2013_stdxqmj` (`f_stdxqmj_stdid`,`f_stdxqmj_xqid`,`f_stdxqmj_mjid`) VALUES (45,2,6) [ RunTime:0.132295s ]
SQL: INSERT INTO `tb_2013_stdxqmj` (`f_stdxqmj_stdid`,`f_stdxqmj_xqid`,`f_stdxqmj_mjid`) VALUES (46,2,8) [ RunTime:0.087977s ]
SQL: INSERT INTO `tb_2013_stdxqmj` (`f_stdxqmj_stdid`,`f_stdxqmj_xqid`,`f_stdxqmj_mjid`) VALUES (47,2,8) [ RunTime:0.226558s ]
SQL: INSERT INTO `tb_2013_stdxqmj` (`f_stdxqmj_stdid`,`f_stdxqmj_xqid`,`f_stdxqmj_mjid`) VALUES (48,2,8) [ RunTime:0.093333s ]
SQL: INSERT INTO `tb_2013_stdxqmj` (`f_stdxqmj_stdid`,`f_stdxqmj_xqid`,`f_stdxqmj_mjid`) VALUES (49,2,4) [ RunTime:0.121270s ]
SQL: INSERT INTO `tb_2013_stdxqmj` (`f_stdxqmj_stdid`,`f_stdxqmj_xqid`,`f_stdxqmj_mjid`) VALUES (50,2,5) [ RunTime:0.110184s ]
SQL: INSERT INTO `tb_2013_stdxqmj` (`f_stdxqmj_stdid`,`f_stdxqmj_xqid`,`f_stdxqmj_mjid`) VALUES (51,2,8) [ RunTime:0.121305s ]
SQL: INSERT INTO `tb_2013_stdxqmj` (`f_stdxqmj_stdid`,`f_stdxqmj_xqid`,`f_stdxqmj_mjid`) VALUES (52,2,8) [ RunTime:0.132283s ]
SQL: INSERT INTO `tb_2013_stdxqmj` (`f_stdxqmj_stdid`,`f_stdxqmj_xqid`,`f_stdxqmj_mjid`) VALUES (53,2,6) [ RunTime:0.210619s ]
SQL: INSERT INTO `tb_2013_stdxqmj` (`f_stdxqmj_stdid`,`f_stdxqmj_xqid`,`f_stdxqmj_mjid`) VALUES (54,2,6) [ RunTime:0.408697s ]
SQL: INSERT INTO `tb_2013_stdxqmj` (`f_stdxqmj_stdid`,`f_stdxqmj_xqid`,`f_stdxqmj_mjid`) VALUES (55,2,5) [ RunTime:0.255334s ]
SQL: INSERT INTO `tb_2013_stdxqmj` (`f_stdxqmj_stdid`,`f_stdxqmj_xqid`,`f_stdxqmj_mjid`) VALUES (56,2,5) [ RunTime:0.208196s ]
SQL: INSERT INTO `tb_2013_stdxqmj` (`f_stdxqmj_stdid`,`f_stdxqmj_xqid`,`f_stdxqmj_mjid`) VALUES (57,2,4) [ RunTime:0.143438s ]
SQL: INSERT INTO `tb_2013_stdxqmj` (`f_stdxqmj_stdid`,`f_stdxqmj_xqid`,`f_stdxqmj_mjid`) VALUES (58,2,5) [ RunTime:0.197850s ]
SQL: INSERT INTO `tb_2013_stdxqmj` (`f_stdxqmj_stdid`,`f_stdxqmj_xqid`,`f_stdxqmj_mjid`) VALUES (59,2,5) [ RunTime:0.221784s ]
SQL: INSERT INTO `tb_2013_stdxqmj` (`f_stdxqmj_stdid`,`f_stdxqmj_xqid`,`f_stdxqmj_mjid`) VALUES (60,2,6) [ RunTime:0.287130s ]
SQL: INSERT INTO `tb_2013_stdxqmj` (`f_stdxqmj_stdid`,`f_stdxqmj_xqid`,`f_stdxqmj_mjid`) VALUES (61,2,4) [ RunTime:0.154501s ]
SQL: INSERT INTO `tb_2013_stdxqmj` (`f_stdxqmj_stdid`,`f_stdxqmj_xqid`,`f_stdxqmj_mjid`) VALUES (62,2,6) [ RunTime:0.120297s ]
SQL: INSERT INTO `tb_2013_stdxqmj` (`f_stdxqmj_stdid`,`f_stdxqmj_xqid`,`f_stdxqmj_mjid`) VALUES (63,2,6) [ RunTime:0.221956s ]
SQL: INSERT INTO `tb_2013_stdxqmj` (`f_stdxqmj_stdid`,`f_stdxqmj_xqid`,`f_stdxqmj_mjid`) VALUES (64,2,8) [ RunTime:0.154461s ]
SQL: INSERT INTO `tb_2013_stdxqmj` (`f_stdxqmj_stdid`,`f_stdxqmj_xqid`,`f_stdxqmj_mjid`) VALUES (65,2,4) [ RunTime:1.940266s ]
SQL: INSERT INTO `tb_2013_stdxqmj` (`f_stdxqmj_stdid`,`f_stdxqmj_xqid`,`f_stdxqmj_mjid`) VALUES (66,2,8) [ RunTime:0.184200s ]
SQL: INSERT INTO `tb_2013_stdxqmj` (`f_stdxqmj_stdid`,`f_stdxqmj_xqid`,`f_stdxqmj_mjid`) VALUES (67,2,8) [ RunTime:0.209762s ]
SQL: INSERT INTO `tb_2013_stdxqmj` (`f_stdxqmj_stdid`,`f_stdxqmj_xqid`,`f_stdxqmj_mjid`) VALUES (68,2,11) [ RunTime:0.176663s ]
SQL: INSERT INTO `tb_2013_stdxqmj` (`f_stdxqmj_stdid`,`f_stdxqmj_xqid`,`f_stdxqmj_mjid`) VALUES (70,2,6) [ RunTime:0.143408s ]
SQL: INSERT INTO `tb_2013_stdxqmj` (`f_stdxqmj_stdid`,`f_stdxqmj_xqid`,`f_stdxqmj_mjid`) VALUES (71,2,6) [ RunTime:0.176616s ]
SQL: INSERT INTO `tb_2013_stdxqmj` (`f_stdxqmj_stdid`,`f_stdxqmj_xqid`,`f_stdxqmj_mjid`) VALUES (72,2,6) [ RunTime:0.099125s ]
SQL: INSERT INTO `tb_2013_stdxqmj` (`f_stdxqmj_stdid`,`f_stdxqmj_xqid`,`f_stdxqmj_mjid`) VALUES (74,2,8) [ RunTime:0.099159s ]
SQL: INSERT INTO `tb_2013_stdxqmj` (`f_stdxqmj_stdid`,`f_stdxqmj_xqid`,`f_stdxqmj_mjid`) VALUES (75,2,11) [ RunTime:0.132093s ]
SQL: INSERT INTO `tb_2013_stdxqmj` (`f_stdxqmj_stdid`,`f_stdxqmj_xqid`,`f_stdxqmj_mjid`) VALUES (76,2,5) [ RunTime:0.121392s ]
SQL: INSERT INTO `tb_2013_stdxqmj` (`f_stdxqmj_stdid`,`f_stdxqmj_xqid`,`f_stdxqmj_mjid`) VALUES (77,2,5) [ RunTime:0.209809s ]
SQL: INSERT INTO `tb_2013_stdxqmj` (`f_stdxqmj_stdid`,`f_stdxqmj_xqid`,`f_stdxqmj_mjid`) VALUES (78,2,9) [ RunTime:0.165594s ]
SQL: INSERT INTO `tb_2013_stdxqmj` (`f_stdxqmj_stdid`,`f_stdxqmj_xqid`,`f_stdxqmj_mjid`) VALUES (79,2,6) [ RunTime:0.232028s ]
SQL: INSERT INTO `tb_2013_stdxqmj` (`f_stdxqmj_stdid`,`f_stdxqmj_xqid`,`f_stdxqmj_mjid`) VALUES (80,2,6) [ RunTime:0.287175s ]
SQL: INSERT INTO `tb_2013_stdxqmj` (`f_stdxqmj_stdid`,`f_stdxqmj_xqid`,`f_stdxqmj_mjid`) VALUES (81,2,6) [ RunTime:0.187670s ]
SQL: INSERT INTO `tb_2013_stdxqmj` (`f_stdxqmj_stdid`,`f_stdxqmj_xqid`,`f_stdxqmj_mjid`) VALUES (82,2,8) [ RunTime:0.110255s ]
SQL: INSERT INTO `tb_2013_stdxqmj` (`f_stdxqmj_stdid`,`f_stdxqmj_xqid`,`f_stdxqmj_mjid`) VALUES (83,2,6) [ RunTime:0.154490s ]
SQL: INSERT INTO `tb_2013_stdxqmj` (`f_stdxqmj_stdid`,`f_stdxqmj_xqid`,`f_stdxqmj_mjid`) VALUES (84,2,4) [ RunTime:0.110159s ]
SQL: INSERT INTO `tb_2013_stdxqmj` (`f_stdxqmj_stdid`,`f_stdxqmj_xqid`,`f_stdxqmj_mjid`) VALUES (85,2,6) [ RunTime:0.121168s ]
SQL: INSERT INTO `tb_2013_stdxqmj` (`f_stdxqmj_stdid`,`f_stdxqmj_xqid`,`f_stdxqmj_mjid`) VALUES (86,2,8) [ RunTime:0.154409s ]
SQL: INSERT INTO `tb_2013_stdxqmj` (`f_stdxqmj_stdid`,`f_stdxqmj_xqid`,`f_stdxqmj_mjid`) VALUES (87,2,8) [ RunTime:0.564108s ]
SQL: INSERT INTO `tb_2013_stdxqmj` (`f_stdxqmj_stdid`,`f_stdxqmj_xqid`,`f_stdxqmj_mjid`) VALUES (88,2,8) [ RunTime:0.209895s ]
SQL: INSERT INTO `tb_2013_stdxqmj` (`f_stdxqmj_stdid`,`f_stdxqmj_xqid`,`f_stdxqmj_mjid`) VALUES (89,2,8) [ RunTime:0.143381s ]
SQL: INSERT INTO `tb_2013_stdxqmj` (`f_stdxqmj_stdid`,`f_stdxqmj_xqid`,`f_stdxqmj_mjid`) VALUES (90,2,8) [ RunTime:0.121136s ]
SQL: INSERT INTO `tb_2013_stdxqmj` (`f_stdxqmj_stdid`,`f_stdxqmj_xqid`,`f_stdxqmj_mjid`) VALUES (91,2,8) [ RunTime:0.132320s ]
SQL: INSERT INTO `tb_2013_stdxqmj` (`f_stdxqmj_stdid`,`f_stdxqmj_xqid`,`f_stdxqmj_mjid`) VALUES (92,2,4) [ RunTime:0.198756s ]
SQL: INSERT INTO `tb_2013_stdxqmj` (`f_stdxqmj_stdid`,`f_stdxqmj_xqid`,`f_stdxqmj_mjid`) VALUES (93,2,6) [ RunTime:0.220880s ]
SQL: INSERT INTO `tb_2013_stdxqmj` (`f_stdxqmj_stdid`,`f_stdxqmj_xqid`,`f_stdxqmj_mjid`) VALUES (94,2,6) [ RunTime:0.143180s ]
SQL: INSERT INTO `tb_2013_stdxqmj` (`f_stdxqmj_stdid`,`f_stdxqmj_xqid`,`f_stdxqmj_mjid`) VALUES (95,2,11) [ RunTime:0.088061s ]
SQL: INSERT INTO `tb_2013_stdxqmj` (`f_stdxqmj_stdid`,`f_stdxqmj_xqid`,`f_stdxqmj_mjid`) VALUES (96,2,5) [ RunTime:0.132350s ]
SQL: INSERT INTO `tb_2013_stdxqmj` (`f_stdxqmj_stdid`,`f_stdxqmj_xqid`,`f_stdxqmj_mjid`) VALUES (97,2,6) [ RunTime:0.099213s ]
SQL: INSERT INTO `tb_2013_stdxqmj` (`f_stdxqmj_stdid`,`f_stdxqmj_xqid`,`f_stdxqmj_mjid`) VALUES (98,2,3) [ RunTime:0.098924s ]
SQL: INSERT INTO `tb_2013_stdxqmj` (`f_stdxqmj_stdid`,`f_stdxqmj_xqid`,`f_stdxqmj_mjid`) VALUES (99,2,11) [ RunTime:0.132429s ]
SQL: INSERT INTO `tb_2013_stdxqmj` (`f_stdxqmj_stdid`,`f_stdxqmj_xqid`,`f_stdxqmj_mjid`) VALUES (100,2,6) [ RunTime:0.098857s ]
SQL: INSERT INTO `tb_2013_stdxqmj` (`f_stdxqmj_stdid`,`f_stdxqmj_xqid`,`f_stdxqmj_mjid`) VALUES (101,2,5) [ RunTime:0.209957s ]
SQL: INSERT INTO `tb_2013_stdxqmj` (`f_stdxqmj_stdid`,`f_stdxqmj_xqid`,`f_stdxqmj_mjid`) VALUES (102,2,8) [ RunTime:0.099016s ]
SQL: INSERT INTO `tb_2013_stdxqmj` (`f_stdxqmj_stdid`,`f_stdxqmj_xqid`,`f_stdxqmj_mjid`) VALUES (103,2,5) [ RunTime:0.132231s ]
SQL: INSERT INTO `tb_2013_stdxqmj` (`f_stdxqmj_stdid`,`f_stdxqmj_xqid`,`f_stdxqmj_mjid`) VALUES (104,2,11) [ RunTime:0.121232s ]
SQL: INSERT INTO `tb_2013_stdxqmj` (`f_stdxqmj_stdid`,`f_stdxqmj_xqid`,`f_stdxqmj_mjid`) VALUES (105,2,8) [ RunTime:0.132237s ]
SQL: INSERT INTO `tb_2013_stdxqmj` (`f_stdxqmj_stdid`,`f_stdxqmj_xqid`,`f_stdxqmj_mjid`) VALUES (106,2,8) [ RunTime:0.121269s ]
SQL: INSERT INTO `tb_2013_stdxqmj` (`f_stdxqmj_stdid`,`f_stdxqmj_xqid`,`f_stdxqmj_mjid`) VALUES (107,2,8) [ RunTime:0.306423s ]
SQL: INSERT INTO `tb_2013_stdxqmj` (`f_stdxqmj_stdid`,`f_stdxqmj_xqid`,`f_stdxqmj_mjid`) VALUES (108,2,8) [ RunTime:0.535214s ]
SQL: INSERT INTO `tb_2013_stdxqmj` (`f_stdxqmj_stdid`,`f_stdxqmj_xqid`,`f_stdxqmj_mjid`) VALUES (109,2,8) [ RunTime:0.807768s ]
SQL: INSERT INTO `tb_2013_stdxqmj` (`f_stdxqmj_stdid`,`f_stdxqmj_xqid`,`f_stdxqmj_mjid`) VALUES (110,2,8) [ RunTime:1.345009s ]
SQL: INSERT INTO `tb_2013_stdxqmj` (`f_stdxqmj_stdid`,`f_stdxqmj_xqid`,`f_stdxqmj_mjid`) VALUES (111,2,8) [ RunTime:0.531903s ]
SQL: INSERT INTO `tb_2013_stdxqmj` (`f_stdxqmj_stdid`,`f_stdxqmj_xqid`,`f_stdxqmj_mjid`) VALUES (112,2,6) [ RunTime:1.906280s ]
SQL: INSERT INTO `tb_2013_stdxqmj` (`f_stdxqmj_stdid`,`f_stdxqmj_xqid`,`f_stdxqmj_mjid`) VALUES (113,2,8) [ RunTime:0.704633s ]
SQL: INSERT INTO `tb_2013_stdxqmj` (`f_stdxqmj_stdid`,`f_stdxqmj_xqid`,`f_stdxqmj_mjid`) VALUES (114,2,6) [ RunTime:0.691552s ]
SQL: INSERT INTO `tb_2013_stdxqmj` (`f_stdxqmj_stdid`,`f_stdxqmj_xqid`,`f_stdxqmj_mjid`) VALUES (115,2,6) [ RunTime:0.396786s ]
SQL: INSERT INTO `tb_2013_stdxqmj` (`f_stdxqmj_stdid`,`f_stdxqmj_xqid`,`f_stdxqmj_mjid`) VALUES (116,2,11) [ RunTime:0.429938s ]
SQL: INSERT INTO `tb_2013_stdxqmj` (`f_stdxqmj_stdid`,`f_stdxqmj_xqid`,`f_stdxqmj_mjid`) VALUES (117,2,11) [ RunTime:0.309435s ]
SQL: INSERT INTO `tb_2013_stdxqmj` (`f_stdxqmj_stdid`,`f_stdxqmj_xqid`,`f_stdxqmj_mjid`) VALUES (118,2,4) [ RunTime:0.209724s ]
SQL: INSERT INTO `tb_2013_stdxqmj` (`f_stdxqmj_stdid`,`f_stdxqmj_xqid`,`f_stdxqmj_mjid`) VALUES (119,2,9) [ RunTime:0.424723s ]
SQL: INSERT INTO `tb_2013_stdxqmj` (`f_stdxqmj_stdid`,`f_stdxqmj_xqid`,`f_stdxqmj_mjid`) VALUES (120,2,3) [ RunTime:0.559578s ]
SQL: INSERT INTO `tb_2013_stdxqmj` (`f_stdxqmj_stdid`,`f_stdxqmj_xqid`,`f_stdxqmj_mjid`) VALUES (121,2,6) [ RunTime:0.132247s ]
SQL: INSERT INTO `tb_2013_stdxqmj` (`f_stdxqmj_stdid`,`f_stdxqmj_xqid`,`f_stdxqmj_mjid`) VALUES (122,2,8) [ RunTime:0.353806s ]
SQL: INSERT INTO `tb_2013_stdxqmj` (`f_stdxqmj_stdid`,`f_stdxqmj_xqid`,`f_stdxqmj_mjid`) VALUES (123,2,8) [ RunTime:0.289796s ]
SQL: INSERT INTO `tb_2013_stdxqmj` (`f_stdxqmj_stdid`,`f_stdxqmj_xqid`,`f_stdxqmj_mjid`) VALUES (124,2,11) [ RunTime:0.251370s ]
SQL: INSERT INTO `tb_2013_stdxqmj` (`f_stdxqmj_stdid`,`f_stdxqmj_xqid`,`f_stdxqmj_mjid`) VALUES (125,2,5) [ RunTime:0.244955s ]
SQL: INSERT INTO `tb_2013_stdxqmj` (`f_stdxqmj_stdid`,`f_stdxqmj_xqid`,`f_stdxqmj_mjid`) VALUES (126,2,3) [ RunTime:0.293514s ]
SQL: INSERT INTO `tb_2013_stdxqmj` (`f_stdxqmj_stdid`,`f_stdxqmj_xqid`,`f_stdxqmj_mjid`) VALUES (127,2,6) [ RunTime:0.190528s ]
SQL: INSERT INTO `tb_2013_stdxqmj` (`f_stdxqmj_stdid`,`f_stdxqmj_xqid`,`f_stdxqmj_mjid`) VALUES (128,2,6) [ RunTime:0.110012s ]
SQL: INSERT INTO `tb_2013_stdxqmj` (`f_stdxqmj_stdid`,`f_stdxqmj_xqid`,`f_stdxqmj_mjid`) VALUES (129,2,5) [ RunTime:0.405890s ]
SQL: INSERT INTO `tb_2013_stdxqmj` (`f_stdxqmj_stdid`,`f_stdxqmj_xqid`,`f_stdxqmj_mjid`) VALUES (130,2,6) [ RunTime:0.279197s ]
SQL: INSERT INTO `tb_2013_stdxqmj` (`f_stdxqmj_stdid`,`f_stdxqmj_xqid`,`f_stdxqmj_mjid`) VALUES (131,2,5) [ RunTime:0.287350s ]
SQL: INSERT INTO `tb_2013_stdxqmj` (`f_stdxqmj_stdid`,`f_stdxqmj_xqid`,`f_stdxqmj_mjid`) VALUES (132,2,5) [ RunTime:0.309173s ]
SQL: INSERT INTO `tb_2013_stdxqmj` (`f_stdxqmj_stdid`,`f_stdxqmj_xqid`,`f_stdxqmj_mjid`) VALUES (133,2,8) [ RunTime:0.209914s ]
SQL: INSERT INTO `tb_2013_stdxqmj` (`f_stdxqmj_stdid`,`f_stdxqmj_xqid`,`f_stdxqmj_mjid`) VALUES (134,2,8) [ RunTime:0.220951s ]
SQL: INSERT INTO `tb_2013_stdxqmj` (`f_stdxqmj_stdid`,`f_stdxqmj_xqid`,`f_stdxqmj_mjid`) VALUES (135,2,6) [ RunTime:0.220871s ]
SQL: INSERT INTO `tb_2013_stdxqmj` (`f_stdxqmj_stdid`,`f_stdxqmj_xqid`,`f_stdxqmj_mjid`) VALUES (136,2,6) [ RunTime:0.364406s ]
SQL: INSERT INTO `tb_2013_stdxqmj` (`f_stdxqmj_stdid`,`f_stdxqmj_xqid`,`f_stdxqmj_mjid`) VALUES (137,2,6) [ RunTime:0.331632s ]
SQL: INSERT INTO `tb_2013_stdxqmj` (`f_stdxqmj_stdid`,`f_stdxqmj_xqid`,`f_stdxqmj_mjid`) VALUES (138,2,8) [ RunTime:0.142283s ]
SQL: INSERT INTO `tb_2013_stdxqmj` (`f_stdxqmj_stdid`,`f_stdxqmj_xqid`,`f_stdxqmj_mjid`) VALUES (139,2,8) [ RunTime:0.166693s ]
SQL: INSERT INTO `tb_2013_stdxqmj` (`f_stdxqmj_stdid`,`f_stdxqmj_xqid`,`f_stdxqmj_mjid`) VALUES (140,2,6) [ RunTime:0.331825s ]
SQL: INSERT INTO `tb_2013_stdxqmj` (`f_stdxqmj_stdid`,`f_stdxqmj_xqid`,`f_stdxqmj_mjid`) VALUES (141,2,8) [ RunTime:0.272876s ]
SQL: INSERT INTO `tb_2013_stdxqmj` (`f_stdxqmj_stdid`,`f_stdxqmj_xqid`,`f_stdxqmj_mjid`) VALUES (142,2,6) [ RunTime:0.267179s ]
SQL: INSERT INTO `tb_2013_stdxqmj` (`f_stdxqmj_stdid`,`f_stdxqmj_xqid`,`f_stdxqmj_mjid`) VALUES (143,2,8) [ RunTime:0.323915s ]
SQL: INSERT INTO `tb_2013_stdxqmj` (`f_stdxqmj_stdid`,`f_stdxqmj_xqid`,`f_stdxqmj_mjid`) VALUES (144,2,5) [ RunTime:0.166267s ]
SQL: INSERT INTO `tb_2013_stdxqmj` (`f_stdxqmj_stdid`,`f_stdxqmj_xqid`,`f_stdxqmj_mjid`) VALUES (145,2,5) [ RunTime:0.183496s ]
SQL: INSERT INTO `tb_2013_stdxqmj` (`f_stdxqmj_stdid`,`f_stdxqmj_xqid`,`f_stdxqmj_mjid`) VALUES (146,2,8) [ RunTime:0.288302s ]
SQL: INSERT INTO `tb_2013_stdxqmj` (`f_stdxqmj_stdid`,`f_stdxqmj_xqid`,`f_stdxqmj_mjid`) VALUES (147,2,9) [ RunTime:0.308304s ]
SQL: INSERT INTO `tb_2013_stdxqmj` (`f_stdxqmj_stdid`,`f_stdxqmj_xqid`,`f_stdxqmj_mjid`) VALUES (148,2,8) [ RunTime:0.343927s ]
SQL: INSERT INTO `tb_2013_stdxqmj` (`f_stdxqmj_stdid`,`f_stdxqmj_xqid`,`f_stdxqmj_mjid`) VALUES (149,2,5) [ RunTime:0.386325s ]
SQL: INSERT INTO `tb_2013_stdxqmj` (`f_stdxqmj_stdid`,`f_stdxqmj_xqid`,`f_stdxqmj_mjid`) VALUES (150,2,6) [ RunTime:0.431723s ]
SQL: INSERT INTO `tb_2013_stdxqmj` (`f_stdxqmj_stdid`,`f_stdxqmj_xqid`,`f_stdxqmj_mjid`) VALUES (151,2,5) [ RunTime:1.946529s ]
SQL: INSERT INTO `tb_2013_stdxqmj` (`f_stdxqmj_stdid`,`f_stdxqmj_xqid`,`f_stdxqmj_mjid`) VALUES (152,2,5) [ RunTime:0.443425s ]
SQL: INSERT INTO `tb_2013_stdxqmj` (`f_stdxqmj_stdid`,`f_stdxqmj_xqid`,`f_stdxqmj_mjid`) VALUES (153,2,5) [ RunTime:0.231940s ]
SQL: INSERT INTO `tb_2013_stdxqmj` (`f_stdxqmj_stdid`,`f_stdxqmj_xqid`,`f_stdxqmj_mjid`) VALUES (154,2,4) [ RunTime:0.265150s ]
SQL: INSERT INTO `tb_2013_stdxqmj` (`f_stdxqmj_stdid`,`f_stdxqmj_xqid`,`f_stdxqmj_mjid`) VALUES (155,2,8) [ RunTime:0.165597s ]
SQL: INSERT INTO `tb_2013_stdxqmj` (`f_stdxqmj_stdid`,`f_stdxqmj_xqid`,`f_stdxqmj_mjid`) VALUES (156,2,8) [ RunTime:0.132322s ]
SQL: INSERT INTO `tb_2013_stdxqmj` (`f_stdxqmj_stdid`,`f_stdxqmj_xqid`,`f_stdxqmj_mjid`) VALUES (157,2,10) [ RunTime:0.087872s ]
SQL: INSERT INTO `tb_2013_stdxqmj` (`f_stdxqmj_stdid`,`f_stdxqmj_xqid`,`f_stdxqmj_mjid`) VALUES (158,2,10) [ RunTime:0.143374s ]
SQL: INSERT INTO `tb_2013_stdxqmj` (`f_stdxqmj_stdid`,`f_stdxqmj_xqid`,`f_stdxqmj_mjid`) VALUES (159,2,4) [ RunTime:0.088170s ]
SQL: INSERT INTO `tb_2013_stdxqmj` (`f_stdxqmj_stdid`,`f_stdxqmj_xqid`,`f_stdxqmj_mjid`) VALUES (160,2,4) [ RunTime:0.088014s ]
SQL: INSERT INTO `tb_2013_stdxqmj` (`f_stdxqmj_stdid`,`f_stdxqmj_xqid`,`f_stdxqmj_mjid`) VALUES (161,2,8) [ RunTime:0.143437s ]
SQL: INSERT INTO `tb_2013_stdxqmj` (`f_stdxqmj_stdid`,`f_stdxqmj_xqid`,`f_stdxqmj_mjid`) VALUES (162,2,6) [ RunTime:0.132331s ]
SQL: INSERT INTO `tb_2013_stdxqmj` (`f_stdxqmj_stdid`,`f_stdxqmj_xqid`,`f_stdxqmj_mjid`) VALUES (163,2,6) [ RunTime:0.088153s ]
SQL: INSERT INTO `tb_2013_stdxqmj` (`f_stdxqmj_stdid`,`f_stdxqmj_xqid`,`f_stdxqmj_mjid`) VALUES (164,2,9) [ RunTime:0.121199s ]
SQL: INSERT INTO `tb_2013_stdxqmj` (`f_stdxqmj_stdid`,`f_stdxqmj_xqid`,`f_stdxqmj_mjid`) VALUES (165,2,4) [ RunTime:0.143202s ]
SQL: INSERT INTO `tb_2013_stdxqmj` (`f_stdxqmj_stdid`,`f_stdxqmj_xqid`,`f_stdxqmj_mjid`) VALUES (166,2,3) [ RunTime:0.088038s ]
SQL: INSERT INTO `tb_2013_stdxqmj` (`f_stdxqmj_stdid`,`f_stdxqmj_xqid`,`f_stdxqmj_mjid`) VALUES (167,2,11) [ RunTime:0.143371s ]
SQL: INSERT INTO `tb_2013_stdxqmj` (`f_stdxqmj_stdid`,`f_stdxqmj_xqid`,`f_stdxqmj_mjid`) VALUES (168,2,5) [ RunTime:0.309226s ]
SQL: INSERT INTO `tb_2013_stdxqmj` (`f_stdxqmj_stdid`,`f_stdxqmj_xqid`,`f_stdxqmj_mjid`) VALUES (169,2,9) [ RunTime:0.143468s ]
SQL: INSERT INTO `tb_2013_stdxqmj` (`f_stdxqmj_stdid`,`f_stdxqmj_xqid`,`f_stdxqmj_mjid`) VALUES (170,2,11) [ RunTime:0.129069s ]
SQL: INSERT INTO `tb_2013_stdxqmj` (`f_stdxqmj_stdid`,`f_stdxqmj_xqid`,`f_stdxqmj_mjid`) VALUES (171,2,4) [ RunTime:0.135521s ]
SQL: INSERT INTO `tb_2013_stdxqmj` (`f_stdxqmj_stdid`,`f_stdxqmj_xqid`,`f_stdxqmj_mjid`) VALUES (172,2,4) [ RunTime:0.088083s ]
SQL: INSERT INTO `tb_2013_stdxqmj` (`f_stdxqmj_stdid`,`f_stdxqmj_xqid`,`f_stdxqmj_mjid`) VALUES (173,2,8) [ RunTime:0.110273s ]
SQL: INSERT INTO `tb_2013_stdxqmj` (`f_stdxqmj_stdid`,`f_stdxqmj_xqid`,`f_stdxqmj_mjid`) VALUES (174,2,8) [ RunTime:0.088065s ]
SQL: INSERT INTO `tb_2013_stdxqmj` (`f_stdxqmj_stdid`,`f_stdxqmj_xqid`,`f_stdxqmj_mjid`) VALUES (175,2,5) [ RunTime:0.088079s ]
SQL: INSERT INTO `tb_2013_stdxqmj` (`f_stdxqmj_stdid`,`f_stdxqmj_xqid`,`f_stdxqmj_mjid`) VALUES (176,2,6) [ RunTime:0.154361s ]
SQL: INSERT INTO `tb_2013_stdxqmj` (`f_stdxqmj_stdid`,`f_stdxqmj_xqid`,`f_stdxqmj_mjid`) VALUES (177,2,11) [ RunTime:0.134713s ]
SQL: INSERT INTO `tb_2013_stdxqmj` (`f_stdxqmj_stdid`,`f_stdxqmj_xqid`,`f_stdxqmj_mjid`) VALUES (178,2,8) [ RunTime:0.085773s ]
SQL: INSERT INTO `tb_2013_stdxqmj` (`f_stdxqmj_stdid`,`f_stdxqmj_xqid`,`f_stdxqmj_mjid`) VALUES (179,2,6) [ RunTime:0.110126s ]
SQL: INSERT INTO `tb_2013_stdxqmj` (`f_stdxqmj_stdid`,`f_stdxqmj_xqid`,`f_stdxqmj_mjid`) VALUES (181,2,6) [ RunTime:0.132166s ]
SQL: INSERT INTO `tb_2013_stdxqmj` (`f_stdxqmj_stdid`,`f_stdxqmj_xqid`,`f_stdxqmj_mjid`) VALUES (182,2,6) [ RunTime:0.098817s ]
SQL: INSERT INTO `tb_2013_stdxqmj` (`f_stdxqmj_stdid`,`f_stdxqmj_xqid`,`f_stdxqmj_mjid`) VALUES (183,2,6) [ RunTime:0.110147s ]
SQL: INSERT INTO `tb_2013_stdxqmj` (`f_stdxqmj_stdid`,`f_stdxqmj_xqid`,`f_stdxqmj_mjid`) VALUES (184,2,6) [ RunTime:0.088123s ]
SQL: INSERT INTO `tb_2013_stdxqmj` (`f_stdxqmj_stdid`,`f_stdxqmj_xqid`,`f_stdxqmj_mjid`) VALUES (185,2,8) [ RunTime:0.088072s ]
SQL: INSERT INTO `tb_2013_stdxqmj` (`f_stdxqmj_stdid`,`f_stdxqmj_xqid`,`f_stdxqmj_mjid`) VALUES (186,2,8) [ RunTime:0.110192s ]
SQL: INSERT INTO `tb_2013_stdxqmj` (`f_stdxqmj_stdid`,`f_stdxqmj_xqid`,`f_stdxqmj_mjid`) VALUES (187,2,6) [ RunTime:0.220939s ]
SQL: INSERT INTO `tb_2013_stdxqmj` (`f_stdxqmj_stdid`,`f_stdxqmj_xqid`,`f_stdxqmj_mjid`) VALUES (188,2,5) [ RunTime:0.143304s ]
SQL: INSERT INTO `tb_2013_stdxqmj` (`f_stdxqmj_stdid`,`f_stdxqmj_xqid`,`f_stdxqmj_mjid`) VALUES (189,2,4) [ RunTime:0.099097s ]
SQL: INSERT INTO `tb_2013_stdxqmj` (`f_stdxqmj_stdid`,`f_stdxqmj_xqid`,`f_stdxqmj_mjid`) VALUES (190,2,6) [ RunTime:0.110191s ]
SQL: INSERT INTO `tb_2013_stdxqmj` (`f_stdxqmj_stdid`,`f_stdxqmj_xqid`,`f_stdxqmj_mjid`) VALUES (191,2,6) [ RunTime:0.154512s ]
SQL: INSERT INTO `tb_2013_stdxqmj` (`f_stdxqmj_stdid`,`f_stdxqmj_xqid`,`f_stdxqmj_mjid`) VALUES (192,2,6) [ RunTime:0.132417s ]
SQL: INSERT INTO `tb_2013_stdxqmj` (`f_stdxqmj_stdid`,`f_stdxqmj_xqid`,`f_stdxqmj_mjid`) VALUES (193,2,6) [ RunTime:0.088029s ]
SQL: INSERT INTO `tb_2013_stdxqmj` (`f_stdxqmj_stdid`,`f_stdxqmj_xqid`,`f_stdxqmj_mjid`) VALUES (195,2,9) [ RunTime:0.241855s ]
SQL: INSERT INTO `tb_2013_stdxqmj` (`f_stdxqmj_stdid`,`f_stdxqmj_xqid`,`f_stdxqmj_mjid`) VALUES (196,2,5) [ RunTime:0.275983s ]
SQL: INSERT INTO `tb_2013_stdxqmj` (`f_stdxqmj_stdid`,`f_stdxqmj_xqid`,`f_stdxqmj_mjid`) VALUES (197,2,5) [ RunTime:0.221511s ]
SQL: INSERT INTO `tb_2013_stdxqmj` (`f_stdxqmj_stdid`,`f_stdxqmj_xqid`,`f_stdxqmj_mjid`) VALUES (198,2,11) [ RunTime:0.133032s ]
SQL: INSERT INTO `tb_2013_stdxqmj` (`f_stdxqmj_stdid`,`f_stdxqmj_xqid`,`f_stdxqmj_mjid`) VALUES (199,2,11) [ RunTime:0.132413s ]
SQL: INSERT INTO `tb_2013_stdxqmj` (`f_stdxqmj_stdid`,`f_stdxqmj_xqid`,`f_stdxqmj_mjid`) VALUES (200,2,6) [ RunTime:0.087997s ]
SQL: INSERT INTO `tb_2013_stdxqmj` (`f_stdxqmj_stdid`,`f_stdxqmj_xqid`,`f_stdxqmj_mjid`) VALUES (201,2,5) [ RunTime:0.210079s ]
SQL: INSERT INTO `tb_2013_stdxqmj` (`f_stdxqmj_stdid`,`f_stdxqmj_xqid`,`f_stdxqmj_mjid`) VALUES (202,2,5) [ RunTime:0.098926s ]
SQL: INSERT INTO `tb_2013_stdxqmj` (`f_stdxqmj_stdid`,`f_stdxqmj_xqid`,`f_stdxqmj_mjid`) VALUES (203,2,4) [ RunTime:0.088105s ]
SQL: INSERT INTO `tb_2013_stdxqmj` (`f_stdxqmj_stdid`,`f_stdxqmj_xqid`,`f_stdxqmj_mjid`) VALUES (204,2,4) [ RunTime:0.132434s ]
SQL: INSERT INTO `tb_2013_stdxqmj` (`f_stdxqmj_stdid`,`f_stdxqmj_xqid`,`f_stdxqmj_mjid`) VALUES (205,2,6) [ RunTime:0.087996s ]
SQL: INSERT INTO `tb_2013_stdxqmj` (`f_stdxqmj_stdid`,`f_stdxqmj_xqid`,`f_stdxqmj_mjid`) VALUES (206,2,6) [ RunTime:0.110410s ]
SQL: INSERT INTO `tb_2013_stdxqmj` (`f_stdxqmj_stdid`,`f_stdxqmj_xqid`,`f_stdxqmj_mjid`) VALUES (207,2,9) [ RunTime:0.109751s ]
SQL: INSERT INTO `tb_2013_stdxqmj` (`f_stdxqmj_stdid`,`f_stdxqmj_xqid`,`f_stdxqmj_mjid`) VALUES (208,2,5) [ RunTime:0.165576s ]
SQL: INSERT INTO `tb_2013_stdxqmj` (`f_stdxqmj_stdid`,`f_stdxqmj_xqid`,`f_stdxqmj_mjid`) VALUES (209,2,4) [ RunTime:0.298769s ]
SQL: INSERT INTO `tb_2013_stdxqmj` (`f_stdxqmj_stdid`,`f_stdxqmj_xqid`,`f_stdxqmj_mjid`) VALUES (210,2,5) [ RunTime:0.141719s ]
SQL: INSERT INTO `tb_2013_stdxqmj` (`f_stdxqmj_stdid`,`f_stdxqmj_xqid`,`f_stdxqmj_mjid`) VALUES (211,2,5) [ RunTime:0.133734s ]
SQL: INSERT INTO `tb_2013_stdxqmj` (`f_stdxqmj_stdid`,`f_stdxqmj_xqid`,`f_stdxqmj_mjid`) VALUES (212,2,6) [ RunTime:0.121087s ]
SQL: INSERT INTO `tb_2013_stdxqmj` (`f_stdxqmj_stdid`,`f_stdxqmj_xqid`,`f_stdxqmj_mjid`) VALUES (213,2,6) [ RunTime:0.154504s ]
SQL: INSERT INTO `tb_2013_stdxqmj` (`f_stdxqmj_stdid`,`f_stdxqmj_xqid`,`f_stdxqmj_mjid`) VALUES (214,2,8) [ RunTime:0.154510s ]
SQL: INSERT INTO `tb_2013_stdxqmj` (`f_stdxqmj_stdid`,`f_stdxqmj_xqid`,`f_stdxqmj_mjid`) VALUES (215,2,5) [ RunTime:0.145910s ]
SQL: INSERT INTO `tb_2013_stdxqmj` (`f_stdxqmj_stdid`,`f_stdxqmj_xqid`,`f_stdxqmj_mjid`) VALUES (216,2,5) [ RunTime:0.107742s ]
SQL: INSERT INTO `tb_2013_stdxqmj` (`f_stdxqmj_stdid`,`f_stdxqmj_xqid`,`f_stdxqmj_mjid`) VALUES (217,2,6) [ RunTime:0.143357s ]
SQL: INSERT INTO `tb_2013_stdxqmj` (`f_stdxqmj_stdid`,`f_stdxqmj_xqid`,`f_stdxqmj_mjid`) VALUES (218,2,3) [ RunTime:0.088188s ]
SQL: INSERT INTO `tb_2013_stdxqmj` (`f_stdxqmj_stdid`,`f_stdxqmj_xqid`,`f_stdxqmj_mjid`) VALUES (219,2,6) [ RunTime:0.151177s ]
SQL: INSERT INTO `tb_2013_stdxqmj` (`f_stdxqmj_stdid`,`f_stdxqmj_xqid`,`f_stdxqmj_mjid`) VALUES (220,2,6) [ RunTime:0.102500s ]
SQL: INSERT INTO `tb_2013_stdxqmj` (`f_stdxqmj_stdid`,`f_stdxqmj_xqid`,`f_stdxqmj_mjid`) VALUES (221,2,5) [ RunTime:0.088081s ]
SQL: INSERT INTO `tb_2013_stdxqmj` (`f_stdxqmj_stdid`,`f_stdxqmj_xqid`,`f_stdxqmj_mjid`) VALUES (222,2,6) [ RunTime:0.110049s ]
SQL: INSERT INTO `tb_2013_stdxqmj` (`f_stdxqmj_stdid`,`f_stdxqmj_xqid`,`f_stdxqmj_mjid`) VALUES (223,2,4) [ RunTime:0.099166s ]
SQL: INSERT INTO `tb_2013_stdxqmj` (`f_stdxqmj_stdid`,`f_stdxqmj_xqid`,`f_stdxqmj_mjid`) VALUES (224,2,6) [ RunTime:0.132349s ]
SQL: INSERT INTO `tb_2013_stdxqmj` (`f_stdxqmj_stdid`,`f_stdxqmj_xqid`,`f_stdxqmj_mjid`) VALUES (225,2,6) [ RunTime:0.121227s ]
SQL: INSERT INTO `tb_2013_stdxqmj` (`f_stdxqmj_stdid`,`f_stdxqmj_xqid`,`f_stdxqmj_mjid`) VALUES (226,2,6) [ RunTime:0.088097s ]
SQL: INSERT INTO `tb_2013_stdxqmj` (`f_stdxqmj_stdid`,`f_stdxqmj_xqid`,`f_stdxqmj_mjid`) VALUES (227,2,8) [ RunTime:0.154519s ]
SQL: INSERT INTO `tb_2013_stdxqmj` (`f_stdxqmj_stdid`,`f_stdxqmj_xqid`,`f_stdxqmj_mjid`) VALUES (228,2,5) [ RunTime:0.696978s ]
SQL: INSERT INTO `tb_2013_stdxqmj` (`f_stdxqmj_stdid`,`f_stdxqmj_xqid`,`f_stdxqmj_mjid`) VALUES (229,2,4) [ RunTime:0.343312s ]
SQL: INSERT INTO `tb_2013_stdxqmj` (`f_stdxqmj_stdid`,`f_stdxqmj_xqid`,`f_stdxqmj_mjid`) VALUES (230,2,8) [ RunTime:0.234331s ]
SQL: INSERT INTO `tb_2013_stdxqmj` (`f_stdxqmj_stdid`,`f_stdxqmj_xqid`,`f_stdxqmj_mjid`) VALUES (231,2,6) [ RunTime:0.085002s ]
SQL: INSERT INTO `tb_2013_stdxqmj` (`f_stdxqmj_stdid`,`f_stdxqmj_xqid`,`f_stdxqmj_mjid`) VALUES (232,2,9) [ RunTime:0.132520s ]
SQL: INSERT INTO `tb_2013_stdxqmj` (`f_stdxqmj_stdid`,`f_stdxqmj_xqid`,`f_stdxqmj_mjid`) VALUES (233,2,5) [ RunTime:0.132237s ]
SQL: INSERT INTO `tb_2013_stdxqmj` (`f_stdxqmj_stdid`,`f_stdxqmj_xqid`,`f_stdxqmj_mjid`) VALUES (234,2,6) [ RunTime:0.088138s ]
SQL: INSERT INTO `tb_2013_stdxqmj` (`f_stdxqmj_stdid`,`f_stdxqmj_xqid`,`f_stdxqmj_mjid`) VALUES (235,2,8) [ RunTime:0.143496s ]
SQL: INSERT INTO `tb_2013_stdxqmj` (`f_stdxqmj_stdid`,`f_stdxqmj_xqid`,`f_stdxqmj_mjid`) VALUES (236,2,6) [ RunTime:0.110144s ]
SQL: INSERT INTO `tb_2013_stdxqmj` (`f_stdxqmj_stdid`,`f_stdxqmj_xqid`,`f_stdxqmj_mjid`) VALUES (237,2,6) [ RunTime:0.087898s ]
SQL: INSERT INTO `tb_2013_stdxqmj` (`f_stdxqmj_stdid`,`f_stdxqmj_xqid`,`f_stdxqmj_mjid`) VALUES (238,2,6) [ RunTime:0.110246s ]
SQL: INSERT INTO `tb_2013_stdxqmj` (`f_stdxqmj_stdid`,`f_stdxqmj_xqid`,`f_stdxqmj_mjid`) VALUES (239,2,6) [ RunTime:0.087975s ]
SQL: INSERT INTO `tb_2013_stdxqmj` (`f_stdxqmj_stdid`,`f_stdxqmj_xqid`,`f_stdxqmj_mjid`) VALUES (240,2,6) [ RunTime:0.128987s ]
SQL: INSERT INTO `tb_2013_stdxqmj` (`f_stdxqmj_stdid`,`f_stdxqmj_xqid`,`f_stdxqmj_mjid`) VALUES (241,2,6) [ RunTime:0.113679s ]
SQL: INSERT INTO `tb_2013_stdxqmj` (`f_stdxqmj_stdid`,`f_stdxqmj_xqid`,`f_stdxqmj_mjid`) VALUES (242,2,5) [ RunTime:0.143457s ]
SQL: INSERT INTO `tb_2013_stdxqmj` (`f_stdxqmj_stdid`,`f_stdxqmj_xqid`,`f_stdxqmj_mjid`) VALUES (243,2,4) [ RunTime:0.087652s ]
SQL: INSERT INTO `tb_2013_stdxqmj` (`f_stdxqmj_stdid`,`f_stdxqmj_xqid`,`f_stdxqmj_mjid`) VALUES (244,2,8) [ RunTime:0.110481s ]
SQL: INSERT INTO `tb_2013_stdxqmj` (`f_stdxqmj_stdid`,`f_stdxqmj_xqid`,`f_stdxqmj_mjid`) VALUES (245,2,5) [ RunTime:0.087871s ]
SQL: INSERT INTO `tb_2013_stdxqmj` (`f_stdxqmj_stdid`,`f_stdxqmj_xqid`,`f_stdxqmj_mjid`) VALUES (246,2,6) [ RunTime:0.088054s ]
SQL: INSERT INTO `tb_2013_stdxqmj` (`f_stdxqmj_stdid`,`f_stdxqmj_xqid`,`f_stdxqmj_mjid`) VALUES (247,2,6) [ RunTime:0.110274s ]
SQL: INSERT INTO `tb_2013_stdxqmj` (`f_stdxqmj_stdid`,`f_stdxqmj_xqid`,`f_stdxqmj_mjid`) VALUES (248,2,6) [ RunTime:0.132405s ]
SQL: INSERT INTO `tb_2013_stdxqmj` (`f_stdxqmj_stdid`,`f_stdxqmj_xqid`,`f_stdxqmj_mjid`) VALUES (249,2,6) [ RunTime:0.132343s ]
SQL: INSERT INTO `tb_2013_stdxqmj` (`f_stdxqmj_stdid`,`f_stdxqmj_xqid`,`f_stdxqmj_mjid`) VALUES (250,2,5) [ RunTime:0.156910s ]
SQL: INSERT INTO `tb_2013_stdxqmj` (`f_stdxqmj_stdid`,`f_stdxqmj_xqid`,`f_stdxqmj_mjid`) VALUES (251,2,6) [ RunTime:0.085784s ]
SQL: INSERT INTO `tb_2013_stdxqmj` (`f_stdxqmj_stdid`,`f_stdxqmj_xqid`,`f_stdxqmj_mjid`) VALUES (252,2,11) [ RunTime:0.154363s ]
SQL: INSERT INTO `tb_2013_stdxqmj` (`f_stdxqmj_stdid`,`f_stdxqmj_xqid`,`f_stdxqmj_mjid`) VALUES (253,2,5) [ RunTime:0.088020s ]
SQL: INSERT INTO `tb_2013_stdxqmj` (`f_stdxqmj_stdid`,`f_stdxqmj_xqid`,`f_stdxqmj_mjid`) VALUES (254,2,5) [ RunTime:0.088033s ]
SQL: INSERT INTO `tb_2013_stdxqmj` (`f_stdxqmj_stdid`,`f_stdxqmj_xqid`,`f_stdxqmj_mjid`) VALUES (255,2,6) [ RunTime:0.132411s ]
SQL: INSERT INTO `tb_2013_stdxqmj` (`f_stdxqmj_stdid`,`f_stdxqmj_xqid`,`f_stdxqmj_mjid`) VALUES (256,2,8) [ RunTime:0.087922s ]
SQL: INSERT INTO `tb_2013_stdxqmj` (`f_stdxqmj_stdid`,`f_stdxqmj_xqid`,`f_stdxqmj_mjid`) VALUES (257,2,6) [ RunTime:0.088132s ]
SQL: INSERT INTO `tb_2013_stdxqmj` (`f_stdxqmj_stdid`,`f_stdxqmj_xqid`,`f_stdxqmj_mjid`) VALUES (258,2,4) [ RunTime:0.109952s ]
SQL: INSERT INTO `tb_2013_stdxqmj` (`f_stdxqmj_stdid`,`f_stdxqmj_xqid`,`f_stdxqmj_mjid`) VALUES (259,2,8) [ RunTime:0.088122s ]
SQL: INSERT INTO `tb_2013_stdxqmj` (`f_stdxqmj_stdid`,`f_stdxqmj_xqid`,`f_stdxqmj_mjid`) VALUES (260,2,4) [ RunTime:0.132378s ]
SQL: INSERT INTO `tb_2013_stdxqmj` (`f_stdxqmj_stdid`,`f_stdxqmj_xqid`,`f_stdxqmj_mjid`) VALUES (261,2,5) [ RunTime:0.088054s ]
SQL: INSERT INTO `tb_2013_stdxqmj` (`f_stdxqmj_stdid`,`f_stdxqmj_xqid`,`f_stdxqmj_mjid`) VALUES (262,2,6) [ RunTime:0.088153s ]
SQL: INSERT INTO `tb_2013_stdxqmj` (`f_stdxqmj_stdid`,`f_stdxqmj_xqid`,`f_stdxqmj_mjid`) VALUES (263,2,5) [ RunTime:0.110286s ]
SQL: INSERT INTO `tb_2013_stdxqmj` (`f_stdxqmj_stdid`,`f_stdxqmj_xqid`,`f_stdxqmj_mjid`) VALUES (264,2,6) [ RunTime:0.110191s ]
SQL: INSERT INTO `tb_2013_stdxqmj` (`f_stdxqmj_stdid`,`f_stdxqmj_xqid`,`f_stdxqmj_mjid`) VALUES (265,2,5) [ RunTime:0.088056s ]
SQL: INSERT INTO `tb_2013_stdxqmj` (`f_stdxqmj_stdid`,`f_stdxqmj_xqid`,`f_stdxqmj_mjid`) VALUES (266,2,6) [ RunTime:0.154543s ]
SQL: INSERT INTO `tb_2013_stdxqmj` (`f_stdxqmj_stdid`,`f_stdxqmj_xqid`,`f_stdxqmj_mjid`) VALUES (267,2,4) [ RunTime:0.132304s ]
SQL: INSERT INTO `tb_2013_stdxqmj` (`f_stdxqmj_stdid`,`f_stdxqmj_xqid`,`f_stdxqmj_mjid`) VALUES (268,2,5) [ RunTime:0.195412s ]
SQL: INSERT INTO `tb_2013_stdxqmj` (`f_stdxqmj_stdid`,`f_stdxqmj_xqid`,`f_stdxqmj_mjid`) VALUES (269,2,11) [ RunTime:0.091485s ]
SQL: INSERT INTO `tb_2013_stdxqmj` (`f_stdxqmj_stdid`,`f_stdxqmj_xqid`,`f_stdxqmj_mjid`) VALUES (270,2,6) [ RunTime:0.110683s ]
SQL: INSERT INTO `tb_2013_stdxqmj` (`f_stdxqmj_stdid`,`f_stdxqmj_xqid`,`f_stdxqmj_mjid`) VALUES (271,2,6) [ RunTime:0.087614s ]
SQL: INSERT INTO `tb_2013_stdxqmj` (`f_stdxqmj_stdid`,`f_stdxqmj_xqid`,`f_stdxqmj_mjid`) VALUES (272,2,8) [ RunTime:0.165627s ]
SQL: INSERT INTO `tb_2013_stdxqmj` (`f_stdxqmj_stdid`,`f_stdxqmj_xqid`,`f_stdxqmj_mjid`) VALUES (273,2,11) [ RunTime:0.110221s ]
SQL: INSERT INTO `tb_2013_stdxqmj` (`f_stdxqmj_stdid`,`f_stdxqmj_xqid`,`f_stdxqmj_mjid`) VALUES (274,2,6) [ RunTime:0.088068s ]
SQL: INSERT INTO `tb_2013_stdxqmj` (`f_stdxqmj_stdid`,`f_stdxqmj_xqid`,`f_stdxqmj_mjid`) VALUES (275,2,6) [ RunTime:0.087944s ]
SQL: INSERT INTO `tb_2013_stdxqmj` (`f_stdxqmj_stdid`,`f_stdxqmj_xqid`,`f_stdxqmj_mjid`) VALUES (276,2,6) [ RunTime:0.110188s ]
SQL: INSERT INTO `tb_2013_stdxqmj` (`f_stdxqmj_stdid`,`f_stdxqmj_xqid`,`f_stdxqmj_mjid`) VALUES (277,2,5) [ RunTime:0.176682s ]
SQL: INSERT INTO `tb_2013_stdxqmj` (`f_stdxqmj_stdid`,`f_stdxqmj_xqid`,`f_stdxqmj_mjid`) VALUES (278,2,6) [ RunTime:0.110180s ]
SQL: INSERT INTO `tb_2013_stdxqmj` (`f_stdxqmj_stdid`,`f_stdxqmj_xqid`,`f_stdxqmj_mjid`) VALUES (279,2,6) [ RunTime:0.087838s ]
SQL: INSERT INTO `tb_2013_stdxqmj` (`f_stdxqmj_stdid`,`f_stdxqmj_xqid`,`f_stdxqmj_mjid`) VALUES (280,2,4) [ RunTime:0.143992s ]
SQL: INSERT INTO `tb_2013_stdxqmj` (`f_stdxqmj_stdid`,`f_stdxqmj_xqid`,`f_stdxqmj_mjid`) VALUES (281,2,6) [ RunTime:0.087398s ]
SQL: INSERT INTO `tb_2013_stdxqmj` (`f_stdxqmj_stdid`,`f_stdxqmj_xqid`,`f_stdxqmj_mjid`) VALUES (282,2,6) [ RunTime:0.110182s ]
SQL: INSERT INTO `tb_2013_stdxqmj` (`f_stdxqmj_stdid`,`f_stdxqmj_xqid`,`f_stdxqmj_mjid`) VALUES (283,2,6) [ RunTime:0.088160s ]
SQL: INSERT INTO `tb_2013_stdxqmj` (`f_stdxqmj_stdid`,`f_stdxqmj_xqid`,`f_stdxqmj_mjid`) VALUES (284,2,8) [ RunTime:0.110941s ]
SQL: INSERT INTO `tb_2013_stdxqmj` (`f_stdxqmj_stdid`,`f_stdxqmj_xqid`,`f_stdxqmj_mjid`) VALUES (285,2,6) [ RunTime:0.087362s ]
SQL: INSERT INTO `tb_2013_stdxqmj` (`f_stdxqmj_stdid`,`f_stdxqmj_xqid`,`f_stdxqmj_mjid`) VALUES (287,2,5) [ RunTime:0.112601s ]
SQL: INSERT INTO `tb_2013_stdxqmj` (`f_stdxqmj_stdid`,`f_stdxqmj_xqid`,`f_stdxqmj_mjid`) VALUES (288,2,5) [ RunTime:0.107844s ]
SQL: INSERT INTO `tb_2013_stdxqmj` (`f_stdxqmj_stdid`,`f_stdxqmj_xqid`,`f_stdxqmj_mjid`) VALUES (289,2,6) [ RunTime:0.121133s ]
SQL: INSERT INTO `tb_2013_stdxqmj` (`f_stdxqmj_stdid`,`f_stdxqmj_xqid`,`f_stdxqmj_mjid`) VALUES (290,2,4) [ RunTime:0.163965s ]
SQL: INSERT INTO `tb_2013_stdxqmj` (`f_stdxqmj_stdid`,`f_stdxqmj_xqid`,`f_stdxqmj_mjid`) VALUES (291,2,8) [ RunTime:0.143449s ]
SQL: INSERT INTO `tb_2013_stdxqmj` (`f_stdxqmj_stdid`,`f_stdxqmj_xqid`,`f_stdxqmj_mjid`) VALUES (292,2,6) [ RunTime:0.111700s ]
SQL: INSERT INTO `tb_2013_stdxqmj` (`f_stdxqmj_stdid`,`f_stdxqmj_xqid`,`f_stdxqmj_mjid`) VALUES (294,2,6) [ RunTime:0.132384s ]
SQL: INSERT INTO `tb_2013_stdxqmj` (`f_stdxqmj_stdid`,`f_stdxqmj_xqid`,`f_stdxqmj_mjid`) VALUES (295,2,9) [ RunTime:0.254202s ]
SQL: INSERT INTO `tb_2013_stdxqmj` (`f_stdxqmj_stdid`,`f_stdxqmj_xqid`,`f_stdxqmj_mjid`) VALUES (296,2,6) [ RunTime:0.187650s ]
SQL: INSERT INTO `tb_2013_stdxqmj` (`f_stdxqmj_stdid`,`f_stdxqmj_xqid`,`f_stdxqmj_mjid`) VALUES (297,2,11) [ RunTime:0.099169s ]
SQL: INSERT INTO `tb_2013_stdxqmj` (`f_stdxqmj_stdid`,`f_stdxqmj_xqid`,`f_stdxqmj_mjid`) VALUES (298,2,8) [ RunTime:0.088137s ]
SQL: INSERT INTO `tb_2013_stdxqmj` (`f_stdxqmj_stdid`,`f_stdxqmj_xqid`,`f_stdxqmj_mjid`) VALUES (299,2,8) [ RunTime:0.087978s ]
SQL: INSERT INTO `tb_2013_stdxqmj` (`f_stdxqmj_stdid`,`f_stdxqmj_xqid`,`f_stdxqmj_mjid`) VALUES (300,2,9) [ RunTime:0.099223s ]
SQL: INSERT INTO `tb_2013_stdxqmj` (`f_stdxqmj_stdid`,`f_stdxqmj_xqid`,`f_stdxqmj_mjid`) VALUES (301,2,9) [ RunTime:0.087800s ]
SQL: INSERT INTO `tb_2013_stdxqmj` (`f_stdxqmj_stdid`,`f_stdxqmj_xqid`,`f_stdxqmj_mjid`) VALUES (302,2,9) [ RunTime:0.088109s ]
SQL: INSERT INTO `tb_2013_stdxqmj` (`f_stdxqmj_stdid`,`f_stdxqmj_xqid`,`f_stdxqmj_mjid`) VALUES (303,2,5) [ RunTime:0.099091s ]
SQL: INSERT INTO `tb_2013_stdxqmj` (`f_stdxqmj_stdid`,`f_stdxqmj_xqid`,`f_stdxqmj_mjid`) VALUES (304,2,8) [ RunTime:0.130838s ]
SQL: INSERT INTO `tb_2013_stdxqmj` (`f_stdxqmj_stdid`,`f_stdxqmj_xqid`,`f_stdxqmj_mjid`) VALUES (305,2,8) [ RunTime:0.100759s ]

[ 2015-06-28T23:51:35+08:00 ] 127.0.0.1 /xx/admin.php
INFO: [ app_begin ] --START--
INFO: ReadHtmlCache Behavior ::run [ RunTime:0.000844s ]
INFO: [ app_begin ] --END-- [ RunTime:0.000990s ]
SQL: SHOW COLUMNS FROM `tb_2013_std` [ RunTime:0.005382s ]
SQL: SHOW COLUMNS FROM `tb_2013_stdxqmj` [ RunTime:0.003797s ]
SQL: SELECT * FROM `tb_2013_std` WHERE ( f_std_statid=5 )  [ RunTime:0.035692s ]
SQL: INSERT INTO `tb_2013_stdxqmj` (`f_stdxqmj_stdid`,`f_stdxqmj_xqid`,`f_stdxqmj_mjid`) VALUES (6,2,6) [ RunTime:0.142355s ]
SQL: INSERT INTO `tb_2013_stdxqmj` (`f_stdxqmj_stdid`,`f_stdxqmj_xqid`,`f_stdxqmj_mjid`) VALUES (8,2,11) [ RunTime:0.110318s ]
SQL: INSERT INTO `tb_2013_stdxqmj` (`f_stdxqmj_stdid`,`f_stdxqmj_xqid`,`f_stdxqmj_mjid`) VALUES (9,2,6) [ RunTime:0.197110s ]
SQL: INSERT INTO `tb_2013_stdxqmj` (`f_stdxqmj_stdid`,`f_stdxqmj_xqid`,`f_stdxqmj_mjid`) VALUES (20,2,8) [ RunTime:0.219057s ]
SQL: INSERT INTO `tb_2013_stdxqmj` (`f_stdxqmj_stdid`,`f_stdxqmj_xqid`,`f_stdxqmj_mjid`) VALUES (21,2,8) [ RunTime:0.123150s ]
SQL: INSERT INTO `tb_2013_stdxqmj` (`f_stdxqmj_stdid`,`f_stdxqmj_xqid`,`f_stdxqmj_mjid`) VALUES (26,2,6) [ RunTime:0.089555s ]
SQL: INSERT INTO `tb_2013_stdxqmj` (`f_stdxqmj_stdid`,`f_stdxqmj_xqid`,`f_stdxqmj_mjid`) VALUES (30,2,6) [ RunTime:0.121269s ]
SQL: INSERT INTO `tb_2013_stdxqmj` (`f_stdxqmj_stdid`,`f_stdxqmj_xqid`,`f_stdxqmj_mjid`) VALUES (31,2,5) [ RunTime:0.121304s ]
SQL: INSERT INTO `tb_2013_stdxqmj` (`f_stdxqmj_stdid`,`f_stdxqmj_xqid`,`f_stdxqmj_mjid`) VALUES (32,2,6) [ RunTime:0.088046s ]
SQL: INSERT INTO `tb_2013_stdxqmj` (`f_stdxqmj_stdid`,`f_stdxqmj_xqid`,`f_stdxqmj_mjid`) VALUES (33,2,6) [ RunTime:0.110300s ]
SQL: INSERT INTO `tb_2013_stdxqmj` (`f_stdxqmj_stdid`,`f_stdxqmj_xqid`,`f_stdxqmj_mjid`) VALUES (34,2,8) [ RunTime:0.088031s ]
SQL: INSERT INTO `tb_2013_stdxqmj` (`f_stdxqmj_stdid`,`f_stdxqmj_xqid`,`f_stdxqmj_mjid`) VALUES (37,2,8) [ RunTime:0.223091s ]
SQL: INSERT INTO `tb_2013_stdxqmj` (`f_stdxqmj_stdid`,`f_stdxqmj_xqid`,`f_stdxqmj_mjid`) VALUES (39,2,8) [ RunTime:0.140974s ]
SQL: INSERT INTO `tb_2013_stdxqmj` (`f_stdxqmj_stdid`,`f_stdxqmj_xqid`,`f_stdxqmj_mjid`) VALUES (40,2,6) [ RunTime:0.088102s ]
SQL: INSERT INTO `tb_2013_stdxqmj` (`f_stdxqmj_stdid`,`f_stdxqmj_xqid`,`f_stdxqmj_mjid`) VALUES (43,2,5) [ RunTime:0.121174s ]
SQL: INSERT INTO `tb_2013_stdxqmj` (`f_stdxqmj_stdid`,`f_stdxqmj_xqid`,`f_stdxqmj_mjid`) VALUES (46,2,8) [ RunTime:0.099171s ]
SQL: INSERT INTO `tb_2013_stdxqmj` (`f_stdxqmj_stdid`,`f_stdxqmj_xqid`,`f_stdxqmj_mjid`) VALUES (47,2,8) [ RunTime:0.099181s ]
SQL: INSERT INTO `tb_2013_stdxqmj` (`f_stdxqmj_stdid`,`f_stdxqmj_xqid`,`f_stdxqmj_mjid`) VALUES (48,2,8) [ RunTime:0.110229s ]
SQL: INSERT INTO `tb_2013_stdxqmj` (`f_stdxqmj_stdid`,`f_stdxqmj_xqid`,`f_stdxqmj_mjid`) VALUES (49,2,4) [ RunTime:0.121183s ]
SQL: INSERT INTO `tb_2013_stdxqmj` (`f_stdxqmj_stdid`,`f_stdxqmj_xqid`,`f_stdxqmj_mjid`) VALUES (51,2,8) [ RunTime:0.088126s ]
SQL: INSERT INTO `tb_2013_stdxqmj` (`f_stdxqmj_stdid`,`f_stdxqmj_xqid`,`f_stdxqmj_mjid`) VALUES (52,2,8) [ RunTime:0.143426s ]
SQL: INSERT INTO `tb_2013_stdxqmj` (`f_stdxqmj_stdid`,`f_stdxqmj_xqid`,`f_stdxqmj_mjid`) VALUES (53,2,6) [ RunTime:0.088289s ]
SQL: INSERT INTO `tb_2013_stdxqmj` (`f_stdxqmj_stdid`,`f_stdxqmj_xqid`,`f_stdxqmj_mjid`) VALUES (54,2,6) [ RunTime:0.131919s ]
SQL: INSERT INTO `tb_2013_stdxqmj` (`f_stdxqmj_stdid`,`f_stdxqmj_xqid`,`f_stdxqmj_mjid`) VALUES (55,2,5) [ RunTime:0.110169s ]
SQL: INSERT INTO `tb_2013_stdxqmj` (`f_stdxqmj_stdid`,`f_stdxqmj_xqid`,`f_stdxqmj_mjid`) VALUES (56,2,5) [ RunTime:0.088131s ]
SQL: INSERT INTO `tb_2013_stdxqmj` (`f_stdxqmj_stdid`,`f_stdxqmj_xqid`,`f_stdxqmj_mjid`) VALUES (57,2,4) [ RunTime:0.132368s ]
SQL: INSERT INTO `tb_2013_stdxqmj` (`f_stdxqmj_stdid`,`f_stdxqmj_xqid`,`f_stdxqmj_mjid`) VALUES (58,2,5) [ RunTime:0.110311s ]
SQL: INSERT INTO `tb_2013_stdxqmj` (`f_stdxqmj_stdid`,`f_stdxqmj_xqid`,`f_stdxqmj_mjid`) VALUES (59,2,5) [ RunTime:0.088057s ]
SQL: INSERT INTO `tb_2013_stdxqmj` (`f_stdxqmj_stdid`,`f_stdxqmj_xqid`,`f_stdxqmj_mjid`) VALUES (60,2,6) [ RunTime:0.087970s ]
SQL: INSERT INTO `tb_2013_stdxqmj` (`f_stdxqmj_stdid`,`f_stdxqmj_xqid`,`f_stdxqmj_mjid`) VALUES (63,2,6) [ RunTime:0.165731s ]
SQL: INSERT INTO `tb_2013_stdxqmj` (`f_stdxqmj_stdid`,`f_stdxqmj_xqid`,`f_stdxqmj_mjid`) VALUES (64,2,8) [ RunTime:0.128362s ]
SQL: INSERT INTO `tb_2013_stdxqmj` (`f_stdxqmj_stdid`,`f_stdxqmj_xqid`,`f_stdxqmj_mjid`) VALUES (66,2,8) [ RunTime:0.113921s ]
SQL: INSERT INTO `tb_2013_stdxqmj` (`f_stdxqmj_stdid`,`f_stdxqmj_xqid`,`f_stdxqmj_mjid`) VALUES (67,2,8) [ RunTime:0.110312s ]
SQL: INSERT INTO `tb_2013_stdxqmj` (`f_stdxqmj_stdid`,`f_stdxqmj_xqid`,`f_stdxqmj_mjid`) VALUES (71,2,6) [ RunTime:0.088077s ]
SQL: INSERT INTO `tb_2013_stdxqmj` (`f_stdxqmj_stdid`,`f_stdxqmj_xqid`,`f_stdxqmj_mjid`) VALUES (72,2,6) [ RunTime:0.143444s ]
SQL: INSERT INTO `tb_2013_stdxqmj` (`f_stdxqmj_stdid`,`f_stdxqmj_xqid`,`f_stdxqmj_mjid`) VALUES (74,2,8) [ RunTime:0.088109s ]
SQL: INSERT INTO `tb_2013_stdxqmj` (`f_stdxqmj_stdid`,`f_stdxqmj_xqid`,`f_stdxqmj_mjid`) VALUES (76,2,5) [ RunTime:0.087990s ]
SQL: INSERT INTO `tb_2013_stdxqmj` (`f_stdxqmj_stdid`,`f_stdxqmj_xqid`,`f_stdxqmj_mjid`) VALUES (77,2,5) [ RunTime:0.110215s ]
SQL: INSERT INTO `tb_2013_stdxqmj` (`f_stdxqmj_stdid`,`f_stdxqmj_xqid`,`f_stdxqmj_mjid`) VALUES (78,2,9) [ RunTime:0.110262s ]
SQL: INSERT INTO `tb_2013_stdxqmj` (`f_stdxqmj_stdid`,`f_stdxqmj_xqid`,`f_stdxqmj_mjid`) VALUES (81,2,6) [ RunTime:0.088107s ]
SQL: INSERT INTO `tb_2013_stdxqmj` (`f_stdxqmj_stdid`,`f_stdxqmj_xqid`,`f_stdxqmj_mjid`) VALUES (82,2,8) [ RunTime:0.110220s ]
SQL: INSERT INTO `tb_2013_stdxqmj` (`f_stdxqmj_stdid`,`f_stdxqmj_xqid`,`f_stdxqmj_mjid`) VALUES (84,2,4) [ RunTime:0.088000s ]
SQL: INSERT INTO `tb_2013_stdxqmj` (`f_stdxqmj_stdid`,`f_stdxqmj_xqid`,`f_stdxqmj_mjid`) VALUES (85,2,6) [ RunTime:0.110226s ]
SQL: INSERT INTO `tb_2013_stdxqmj` (`f_stdxqmj_stdid`,`f_stdxqmj_xqid`,`f_stdxqmj_mjid`) VALUES (92,2,4) [ RunTime:0.110312s ]
SQL: INSERT INTO `tb_2013_stdxqmj` (`f_stdxqmj_stdid`,`f_stdxqmj_xqid`,`f_stdxqmj_mjid`) VALUES (93,2,6) [ RunTime:0.087940s ]
SQL: INSERT INTO `tb_2013_stdxqmj` (`f_stdxqmj_stdid`,`f_stdxqmj_xqid`,`f_stdxqmj_mjid`) VALUES (94,2,6) [ RunTime:0.110115s ]
SQL: INSERT INTO `tb_2013_stdxqmj` (`f_stdxqmj_stdid`,`f_stdxqmj_xqid`,`f_stdxqmj_mjid`) VALUES (95,2,11) [ RunTime:0.121017s ]
SQL: INSERT INTO `tb_2013_stdxqmj` (`f_stdxqmj_stdid`,`f_stdxqmj_xqid`,`f_stdxqmj_mjid`) VALUES (96,2,5) [ RunTime:0.088100s ]
SQL: INSERT INTO `tb_2013_stdxqmj` (`f_stdxqmj_stdid`,`f_stdxqmj_xqid`,`f_stdxqmj_mjid`) VALUES (97,2,6) [ RunTime:0.110147s ]
SQL: INSERT INTO `tb_2013_stdxqmj` (`f_stdxqmj_stdid`,`f_stdxqmj_xqid`,`f_stdxqmj_mjid`) VALUES (99,2,11) [ RunTime:0.087963s ]
SQL: INSERT INTO `tb_2013_stdxqmj` (`f_stdxqmj_stdid`,`f_stdxqmj_xqid`,`f_stdxqmj_mjid`) VALUES (100,2,6) [ RunTime:0.088116s ]
SQL: INSERT INTO `tb_2013_stdxqmj` (`f_stdxqmj_stdid`,`f_stdxqmj_xqid`,`f_stdxqmj_mjid`) VALUES (102,2,8) [ RunTime:0.143394s ]
SQL: INSERT INTO `tb_2013_stdxqmj` (`f_stdxqmj_stdid`,`f_stdxqmj_xqid`,`f_stdxqmj_mjid`) VALUES (103,2,5) [ RunTime:0.088213s ]
SQL: INSERT INTO `tb_2013_stdxqmj` (`f_stdxqmj_stdid`,`f_stdxqmj_xqid`,`f_stdxqmj_mjid`) VALUES (105,2,8) [ RunTime:0.088001s ]
SQL: INSERT INTO `tb_2013_stdxqmj` (`f_stdxqmj_stdid`,`f_stdxqmj_xqid`,`f_stdxqmj_mjid`) VALUES (106,2,8) [ RunTime:0.132338s ]
SQL: INSERT INTO `tb_2013_stdxqmj` (`f_stdxqmj_stdid`,`f_stdxqmj_xqid`,`f_stdxqmj_mjid`) VALUES (107,2,8) [ RunTime:0.121203s ]
SQL: INSERT INTO `tb_2013_stdxqmj` (`f_stdxqmj_stdid`,`f_stdxqmj_xqid`,`f_stdxqmj_mjid`) VALUES (108,2,8) [ RunTime:0.088172s ]
SQL: INSERT INTO `tb_2013_stdxqmj` (`f_stdxqmj_stdid`,`f_stdxqmj_xqid`,`f_stdxqmj_mjid`) VALUES (109,2,8) [ RunTime:0.143385s ]
SQL: INSERT INTO `tb_2013_stdxqmj` (`f_stdxqmj_stdid`,`f_stdxqmj_xqid`,`f_stdxqmj_mjid`) VALUES (110,2,8) [ RunTime:0.172937s ]
SQL: INSERT INTO `tb_2013_stdxqmj` (`f_stdxqmj_stdid`,`f_stdxqmj_xqid`,`f_stdxqmj_mjid`) VALUES (111,2,8) [ RunTime:0.191404s ]
SQL: INSERT INTO `tb_2013_stdxqmj` (`f_stdxqmj_stdid`,`f_stdxqmj_xqid`,`f_stdxqmj_mjid`) VALUES (112,2,6) [ RunTime:0.121254s ]
SQL: INSERT INTO `tb_2013_stdxqmj` (`f_stdxqmj_stdid`,`f_stdxqmj_xqid`,`f_stdxqmj_mjid`) VALUES (113,2,8) [ RunTime:0.132309s ]
SQL: INSERT INTO `tb_2013_stdxqmj` (`f_stdxqmj_stdid`,`f_stdxqmj_xqid`,`f_stdxqmj_mjid`) VALUES (115,2,6) [ RunTime:0.143370s ]
SQL: INSERT INTO `tb_2013_stdxqmj` (`f_stdxqmj_stdid`,`f_stdxqmj_xqid`,`f_stdxqmj_mjid`) VALUES (119,2,9) [ RunTime:0.088045s ]
SQL: INSERT INTO `tb_2013_stdxqmj` (`f_stdxqmj_stdid`,`f_stdxqmj_xqid`,`f_stdxqmj_mjid`) VALUES (120,2,3) [ RunTime:0.187653s ]
SQL: INSERT INTO `tb_2013_stdxqmj` (`f_stdxqmj_stdid`,`f_stdxqmj_xqid`,`f_stdxqmj_mjid`) VALUES (121,2,6) [ RunTime:0.110128s ]
SQL: INSERT INTO `tb_2013_stdxqmj` (`f_stdxqmj_stdid`,`f_stdxqmj_xqid`,`f_stdxqmj_mjid`) VALUES (122,2,8) [ RunTime:0.110296s ]
SQL: INSERT INTO `tb_2013_stdxqmj` (`f_stdxqmj_stdid`,`f_stdxqmj_xqid`,`f_stdxqmj_mjid`) VALUES (123,2,8) [ RunTime:0.088081s ]
SQL: INSERT INTO `tb_2013_stdxqmj` (`f_stdxqmj_stdid`,`f_stdxqmj_xqid`,`f_stdxqmj_mjid`) VALUES (129,2,5) [ RunTime:0.143301s ]
SQL: INSERT INTO `tb_2013_stdxqmj` (`f_stdxqmj_stdid`,`f_stdxqmj_xqid`,`f_stdxqmj_mjid`) VALUES (130,2,6) [ RunTime:0.110149s ]
SQL: INSERT INTO `tb_2013_stdxqmj` (`f_stdxqmj_stdid`,`f_stdxqmj_xqid`,`f_stdxqmj_mjid`) VALUES (134,2,8) [ RunTime:0.088105s ]
SQL: INSERT INTO `tb_2013_stdxqmj` (`f_stdxqmj_stdid`,`f_stdxqmj_xqid`,`f_stdxqmj_mjid`) VALUES (136,2,6) [ RunTime:0.087700s ]
SQL: INSERT INTO `tb_2013_stdxqmj` (`f_stdxqmj_stdid`,`f_stdxqmj_xqid`,`f_stdxqmj_mjid`) VALUES (137,2,6) [ RunTime:0.189989s ]
SQL: INSERT INTO `tb_2013_stdxqmj` (`f_stdxqmj_stdid`,`f_stdxqmj_xqid`,`f_stdxqmj_mjid`) VALUES (140,2,6) [ RunTime:0.130058s ]
SQL: INSERT INTO `tb_2013_stdxqmj` (`f_stdxqmj_stdid`,`f_stdxqmj_xqid`,`f_stdxqmj_mjid`) VALUES (141,2,8) [ RunTime:0.088188s ]
SQL: INSERT INTO `tb_2013_stdxqmj` (`f_stdxqmj_stdid`,`f_stdxqmj_xqid`,`f_stdxqmj_mjid`) VALUES (142,2,6) [ RunTime:0.132316s ]
SQL: INSERT INTO `tb_2013_stdxqmj` (`f_stdxqmj_stdid`,`f_stdxqmj_xqid`,`f_stdxqmj_mjid`) VALUES (144,2,5) [ RunTime:0.099167s ]
SQL: INSERT INTO `tb_2013_stdxqmj` (`f_stdxqmj_stdid`,`f_stdxqmj_xqid`,`f_stdxqmj_mjid`) VALUES (147,2,9) [ RunTime:0.088026s ]
SQL: INSERT INTO `tb_2013_stdxqmj` (`f_stdxqmj_stdid`,`f_stdxqmj_xqid`,`f_stdxqmj_mjid`) VALUES (149,2,5) [ RunTime:0.119428s ]
SQL: INSERT INTO `tb_2013_stdxqmj` (`f_stdxqmj_stdid`,`f_stdxqmj_xqid`,`f_stdxqmj_mjid`) VALUES (150,2,6) [ RunTime:0.100936s ]
SQL: INSERT INTO `tb_2013_stdxqmj` (`f_stdxqmj_stdid`,`f_stdxqmj_xqid`,`f_stdxqmj_mjid`) VALUES (151,2,5) [ RunTime:0.110184s ]
SQL: INSERT INTO `tb_2013_stdxqmj` (`f_stdxqmj_stdid`,`f_stdxqmj_xqid`,`f_stdxqmj_mjid`) VALUES (152,2,5) [ RunTime:0.110207s ]
SQL: INSERT INTO `tb_2013_stdxqmj` (`f_stdxqmj_stdid`,`f_stdxqmj_xqid`,`f_stdxqmj_mjid`) VALUES (153,2,5) [ RunTime:0.119450s ]
SQL: INSERT INTO `tb_2013_stdxqmj` (`f_stdxqmj_stdid`,`f_stdxqmj_xqid`,`f_stdxqmj_mjid`) VALUES (154,2,4) [ RunTime:0.123255s ]
SQL: INSERT INTO `tb_2013_stdxqmj` (`f_stdxqmj_stdid`,`f_stdxqmj_xqid`,`f_stdxqmj_mjid`) VALUES (155,2,8) [ RunTime:0.109847s ]
SQL: INSERT INTO `tb_2013_stdxqmj` (`f_stdxqmj_stdid`,`f_stdxqmj_xqid`,`f_stdxqmj_mjid`) VALUES (156,2,8) [ RunTime:0.110090s ]
SQL: INSERT INTO `tb_2013_stdxqmj` (`f_stdxqmj_stdid`,`f_stdxqmj_xqid`,`f_stdxqmj_mjid`) VALUES (160,2,4) [ RunTime:0.929416s ]
SQL: INSERT INTO `tb_2013_stdxqmj` (`f_stdxqmj_stdid`,`f_stdxqmj_xqid`,`f_stdxqmj_mjid`) VALUES (161,2,8) [ RunTime:0.424660s ]
SQL: INSERT INTO `tb_2013_stdxqmj` (`f_stdxqmj_stdid`,`f_stdxqmj_xqid`,`f_stdxqmj_mjid`) VALUES (162,2,6) [ RunTime:0.249677s ]
SQL: INSERT INTO `tb_2013_stdxqmj` (`f_stdxqmj_stdid`,`f_stdxqmj_xqid`,`f_stdxqmj_mjid`) VALUES (163,2,6) [ RunTime:0.121204s ]
SQL: INSERT INTO `tb_2013_stdxqmj` (`f_stdxqmj_stdid`,`f_stdxqmj_xqid`,`f_stdxqmj_mjid`) VALUES (164,2,9) [ RunTime:0.110411s ]
SQL: INSERT INTO `tb_2013_stdxqmj` (`f_stdxqmj_stdid`,`f_stdxqmj_xqid`,`f_stdxqmj_mjid`) VALUES (167,2,11) [ RunTime:0.109871s ]
SQL: INSERT INTO `tb_2013_stdxqmj` (`f_stdxqmj_stdid`,`f_stdxqmj_xqid`,`f_stdxqmj_mjid`) VALUES (170,2,11) [ RunTime:0.121248s ]
SQL: INSERT INTO `tb_2013_stdxqmj` (`f_stdxqmj_stdid`,`f_stdxqmj_xqid`,`f_stdxqmj_mjid`) VALUES (173,2,8) [ RunTime:0.154486s ]
SQL: INSERT INTO `tb_2013_stdxqmj` (`f_stdxqmj_stdid`,`f_stdxqmj_xqid`,`f_stdxqmj_mjid`) VALUES (176,2,6) [ RunTime:0.121419s ]
SQL: INSERT INTO `tb_2013_stdxqmj` (`f_stdxqmj_stdid`,`f_stdxqmj_xqid`,`f_stdxqmj_mjid`) VALUES (178,2,8) [ RunTime:0.088103s ]
SQL: INSERT INTO `tb_2013_stdxqmj` (`f_stdxqmj_stdid`,`f_stdxqmj_xqid`,`f_stdxqmj_mjid`) VALUES (182,2,6) [ RunTime:0.231901s ]
SQL: INSERT INTO `tb_2013_stdxqmj` (`f_stdxqmj_stdid`,`f_stdxqmj_xqid`,`f_stdxqmj_mjid`) VALUES (183,2,6) [ RunTime:0.110899s ]
SQL: INSERT INTO `tb_2013_stdxqmj` (`f_stdxqmj_stdid`,`f_stdxqmj_xqid`,`f_stdxqmj_mjid`) VALUES (185,2,8) [ RunTime:0.120795s ]
SQL: INSERT INTO `tb_2013_stdxqmj` (`f_stdxqmj_stdid`,`f_stdxqmj_xqid`,`f_stdxqmj_mjid`) VALUES (186,2,8) [ RunTime:0.141357s ]
SQL: INSERT INTO `tb_2013_stdxqmj` (`f_stdxqmj_stdid`,`f_stdxqmj_xqid`,`f_stdxqmj_mjid`) VALUES (187,2,6) [ RunTime:0.145464s ]
SQL: INSERT INTO `tb_2013_stdxqmj` (`f_stdxqmj_stdid`,`f_stdxqmj_xqid`,`f_stdxqmj_mjid`) VALUES (188,2,5) [ RunTime:0.088063s ]
SQL: INSERT INTO `tb_2013_stdxqmj` (`f_stdxqmj_stdid`,`f_stdxqmj_xqid`,`f_stdxqmj_mjid`) VALUES (189,2,4) [ RunTime:0.087813s ]
SQL: INSERT INTO `tb_2013_stdxqmj` (`f_stdxqmj_stdid`,`f_stdxqmj_xqid`,`f_stdxqmj_mjid`) VALUES (190,2,6) [ RunTime:0.134629s ]
SQL: INSERT INTO `tb_2013_stdxqmj` (`f_stdxqmj_stdid`,`f_stdxqmj_xqid`,`f_stdxqmj_mjid`) VALUES (191,2,6) [ RunTime:0.104131s ]
SQL: INSERT INTO `tb_2013_stdxqmj` (`f_stdxqmj_stdid`,`f_stdxqmj_xqid`,`f_stdxqmj_mjid`) VALUES (193,2,6) [ RunTime:0.091975s ]
SQL: INSERT INTO `tb_2013_stdxqmj` (`f_stdxqmj_stdid`,`f_stdxqmj_xqid`,`f_stdxqmj_mjid`) VALUES (197,2,5) [ RunTime:0.121218s ]
SQL: INSERT INTO `tb_2013_stdxqmj` (`f_stdxqmj_stdid`,`f_stdxqmj_xqid`,`f_stdxqmj_mjid`) VALUES (200,2,6) [ RunTime:0.088136s ]
SQL: INSERT INTO `tb_2013_stdxqmj` (`f_stdxqmj_stdid`,`f_stdxqmj_xqid`,`f_stdxqmj_mjid`) VALUES (201,2,5) [ RunTime:0.099186s ]
SQL: INSERT INTO `tb_2013_stdxqmj` (`f_stdxqmj_stdid`,`f_stdxqmj_xqid`,`f_stdxqmj_mjid`) VALUES (202,2,5) [ RunTime:0.087934s ]
SQL: INSERT INTO `tb_2013_stdxqmj` (`f_stdxqmj_stdid`,`f_stdxqmj_xqid`,`f_stdxqmj_mjid`) VALUES (204,2,4) [ RunTime:0.087940s ]
SQL: INSERT INTO `tb_2013_stdxqmj` (`f_stdxqmj_stdid`,`f_stdxqmj_xqid`,`f_stdxqmj_mjid`) VALUES (206,2,6) [ RunTime:0.099116s ]
SQL: INSERT INTO `tb_2013_stdxqmj` (`f_stdxqmj_stdid`,`f_stdxqmj_xqid`,`f_stdxqmj_mjid`) VALUES (208,2,5) [ RunTime:0.121370s ]
SQL: INSERT INTO `tb_2013_stdxqmj` (`f_stdxqmj_stdid`,`f_stdxqmj_xqid`,`f_stdxqmj_mjid`) VALUES (210,2,5) [ RunTime:0.121224s ]
SQL: INSERT INTO `tb_2013_stdxqmj` (`f_stdxqmj_stdid`,`f_stdxqmj_xqid`,`f_stdxqmj_mjid`) VALUES (211,2,5) [ RunTime:0.132449s ]
SQL: INSERT INTO `tb_2013_stdxqmj` (`f_stdxqmj_stdid`,`f_stdxqmj_xqid`,`f_stdxqmj_mjid`) VALUES (212,2,6) [ RunTime:0.088173s ]
SQL: INSERT INTO `tb_2013_stdxqmj` (`f_stdxqmj_stdid`,`f_stdxqmj_xqid`,`f_stdxqmj_mjid`) VALUES (213,2,6) [ RunTime:0.110132s ]
SQL: INSERT INTO `tb_2013_stdxqmj` (`f_stdxqmj_stdid`,`f_stdxqmj_xqid`,`f_stdxqmj_mjid`) VALUES (219,2,6) [ RunTime:0.088152s ]
SQL: INSERT INTO `tb_2013_stdxqmj` (`f_stdxqmj_stdid`,`f_stdxqmj_xqid`,`f_stdxqmj_mjid`) VALUES (220,2,6) [ RunTime:0.121195s ]
SQL: INSERT INTO `tb_2013_stdxqmj` (`f_stdxqmj_stdid`,`f_stdxqmj_xqid`,`f_stdxqmj_mjid`) VALUES (221,2,5) [ RunTime:0.099243s ]
SQL: INSERT INTO `tb_2013_stdxqmj` (`f_stdxqmj_stdid`,`f_stdxqmj_xqid`,`f_stdxqmj_mjid`) VALUES (224,2,6) [ RunTime:0.121250s ]
SQL: INSERT INTO `tb_2013_stdxqmj` (`f_stdxqmj_stdid`,`f_stdxqmj_xqid`,`f_stdxqmj_mjid`) VALUES (225,2,6) [ RunTime:0.099216s ]
SQL: INSERT INTO `tb_2013_stdxqmj` (`f_stdxqmj_stdid`,`f_stdxqmj_xqid`,`f_stdxqmj_mjid`) VALUES (226,2,6) [ RunTime:0.156741s ]
SQL: INSERT INTO `tb_2013_stdxqmj` (`f_stdxqmj_stdid`,`f_stdxqmj_xqid`,`f_stdxqmj_mjid`) VALUES (229,2,4) [ RunTime:0.096645s ]
SQL: INSERT INTO `tb_2013_stdxqmj` (`f_stdxqmj_stdid`,`f_stdxqmj_xqid`,`f_stdxqmj_mjid`) VALUES (230,2,8) [ RunTime:0.121310s ]
SQL: INSERT INTO `tb_2013_stdxqmj` (`f_stdxqmj_stdid`,`f_stdxqmj_xqid`,`f_stdxqmj_mjid`) VALUES (231,2,6) [ RunTime:0.088094s ]
SQL: INSERT INTO `tb_2013_stdxqmj` (`f_stdxqmj_stdid`,`f_stdxqmj_xqid`,`f_stdxqmj_mjid`) VALUES (233,2,5) [ RunTime:0.099036s ]
SQL: INSERT INTO `tb_2013_stdxqmj` (`f_stdxqmj_stdid`,`f_stdxqmj_xqid`,`f_stdxqmj_mjid`) VALUES (242,2,5) [ RunTime:0.087979s ]
SQL: INSERT INTO `tb_2013_stdxqmj` (`f_stdxqmj_stdid`,`f_stdxqmj_xqid`,`f_stdxqmj_mjid`) VALUES (243,2,4) [ RunTime:0.099160s ]
SQL: INSERT INTO `tb_2013_stdxqmj` (`f_stdxqmj_stdid`,`f_stdxqmj_xqid`,`f_stdxqmj_mjid`) VALUES (244,2,8) [ RunTime:0.165565s ]
SQL: INSERT INTO `tb_2013_stdxqmj` (`f_stdxqmj_stdid`,`f_stdxqmj_xqid`,`f_stdxqmj_mjid`) VALUES (248,2,6) [ RunTime:0.088006s ]
SQL: INSERT INTO `tb_2013_stdxqmj` (`f_stdxqmj_stdid`,`f_stdxqmj_xqid`,`f_stdxqmj_mjid`) VALUES (249,2,6) [ RunTime:0.187740s ]
SQL: INSERT INTO `tb_2013_stdxqmj` (`f_stdxqmj_stdid`,`f_stdxqmj_xqid`,`f_stdxqmj_mjid`) VALUES (250,2,5) [ RunTime:0.110263s ]
SQL: INSERT INTO `tb_2013_stdxqmj` (`f_stdxqmj_stdid`,`f_stdxqmj_xqid`,`f_stdxqmj_mjid`) VALUES (251,2,6) [ RunTime:0.132445s ]
SQL: INSERT INTO `tb_2013_stdxqmj` (`f_stdxqmj_stdid`,`f_stdxqmj_xqid`,`f_stdxqmj_mjid`) VALUES (256,2,8) [ RunTime:0.088071s ]
SQL: INSERT INTO `tb_2013_stdxqmj` (`f_stdxqmj_stdid`,`f_stdxqmj_xqid`,`f_stdxqmj_mjid`) VALUES (257,2,6) [ RunTime:0.099255s ]
SQL: INSERT INTO `tb_2013_stdxqmj` (`f_stdxqmj_stdid`,`f_stdxqmj_xqid`,`f_stdxqmj_mjid`) VALUES (258,2,4) [ RunTime:0.098990s ]
SQL: INSERT INTO `tb_2013_stdxqmj` (`f_stdxqmj_stdid`,`f_stdxqmj_xqid`,`f_stdxqmj_mjid`) VALUES (259,2,8) [ RunTime:0.088146s ]
SQL: INSERT INTO `tb_2013_stdxqmj` (`f_stdxqmj_stdid`,`f_stdxqmj_xqid`,`f_stdxqmj_mjid`) VALUES (260,2,4) [ RunTime:0.087999s ]
SQL: INSERT INTO `tb_2013_stdxqmj` (`f_stdxqmj_stdid`,`f_stdxqmj_xqid`,`f_stdxqmj_mjid`) VALUES (261,2,5) [ RunTime:0.099232s ]
SQL: INSERT INTO `tb_2013_stdxqmj` (`f_stdxqmj_stdid`,`f_stdxqmj_xqid`,`f_stdxqmj_mjid`) VALUES (262,2,6) [ RunTime:0.132651s ]
SQL: INSERT INTO `tb_2013_stdxqmj` (`f_stdxqmj_stdid`,`f_stdxqmj_xqid`,`f_stdxqmj_mjid`) VALUES (263,2,5) [ RunTime:0.087732s ]
SQL: INSERT INTO `tb_2013_stdxqmj` (`f_stdxqmj_stdid`,`f_stdxqmj_xqid`,`f_stdxqmj_mjid`) VALUES (264,2,6) [ RunTime:0.088066s ]
SQL: INSERT INTO `tb_2013_stdxqmj` (`f_stdxqmj_stdid`,`f_stdxqmj_xqid`,`f_stdxqmj_mjid`) VALUES (265,2,5) [ RunTime:0.099146s ]
SQL: INSERT INTO `tb_2013_stdxqmj` (`f_stdxqmj_stdid`,`f_stdxqmj_xqid`,`f_stdxqmj_mjid`) VALUES (266,2,6) [ RunTime:0.121316s ]
SQL: INSERT INTO `tb_2013_stdxqmj` (`f_stdxqmj_stdid`,`f_stdxqmj_xqid`,`f_stdxqmj_mjid`) VALUES (267,2,4) [ RunTime:0.176607s ]
SQL: INSERT INTO `tb_2013_stdxqmj` (`f_stdxqmj_stdid`,`f_stdxqmj_xqid`,`f_stdxqmj_mjid`) VALUES (268,2,5) [ RunTime:0.099202s ]
SQL: INSERT INTO `tb_2013_stdxqmj` (`f_stdxqmj_stdid`,`f_stdxqmj_xqid`,`f_stdxqmj_mjid`) VALUES (269,2,11) [ RunTime:0.121172s ]
SQL: INSERT INTO `tb_2013_stdxqmj` (`f_stdxqmj_stdid`,`f_stdxqmj_xqid`,`f_stdxqmj_mjid`) VALUES (270,2,6) [ RunTime:0.099158s ]
SQL: INSERT INTO `tb_2013_stdxqmj` (`f_stdxqmj_stdid`,`f_stdxqmj_xqid`,`f_stdxqmj_mjid`) VALUES (271,2,6) [ RunTime:0.385826s ]
SQL: INSERT INTO `tb_2013_stdxqmj` (`f_stdxqmj_stdid`,`f_stdxqmj_xqid`,`f_stdxqmj_mjid`) VALUES (272,2,8) [ RunTime:0.277084s ]
SQL: INSERT INTO `tb_2013_stdxqmj` (`f_stdxqmj_stdid`,`f_stdxqmj_xqid`,`f_stdxqmj_mjid`) VALUES (273,2,11) [ RunTime:0.220950s ]
SQL: INSERT INTO `tb_2013_stdxqmj` (`f_stdxqmj_stdid`,`f_stdxqmj_xqid`,`f_stdxqmj_mjid`) VALUES (274,2,6) [ RunTime:0.221023s ]
SQL: INSERT INTO `tb_2013_stdxqmj` (`f_stdxqmj_stdid`,`f_stdxqmj_xqid`,`f_stdxqmj_mjid`) VALUES (275,2,6) [ RunTime:0.099065s ]
SQL: INSERT INTO `tb_2013_stdxqmj` (`f_stdxqmj_stdid`,`f_stdxqmj_xqid`,`f_stdxqmj_mjid`) VALUES (276,2,6) [ RunTime:0.088235s ]
SQL: INSERT INTO `tb_2013_stdxqmj` (`f_stdxqmj_stdid`,`f_stdxqmj_xqid`,`f_stdxqmj_mjid`) VALUES (278,2,6) [ RunTime:0.099026s ]
SQL: INSERT INTO `tb_2013_stdxqmj` (`f_stdxqmj_stdid`,`f_stdxqmj_xqid`,`f_stdxqmj_mjid`) VALUES (279,2,6) [ RunTime:0.099307s ]
SQL: INSERT INTO `tb_2013_stdxqmj` (`f_stdxqmj_stdid`,`f_stdxqmj_xqid`,`f_stdxqmj_mjid`) VALUES (280,2,4) [ RunTime:0.087926s ]
SQL: INSERT INTO `tb_2013_stdxqmj` (`f_stdxqmj_stdid`,`f_stdxqmj_xqid`,`f_stdxqmj_mjid`) VALUES (282,2,6) [ RunTime:0.088253s ]
SQL: INSERT INTO `tb_2013_stdxqmj` (`f_stdxqmj_stdid`,`f_stdxqmj_xqid`,`f_stdxqmj_mjid`) VALUES (283,2,6) [ RunTime:0.099052s ]
SQL: INSERT INTO `tb_2013_stdxqmj` (`f_stdxqmj_stdid`,`f_stdxqmj_xqid`,`f_stdxqmj_mjid`) VALUES (284,2,8) [ RunTime:0.132508s ]
SQL: INSERT INTO `tb_2013_stdxqmj` (`f_stdxqmj_stdid`,`f_stdxqmj_xqid`,`f_stdxqmj_mjid`) VALUES (285,2,6) [ RunTime:0.099140s ]
SQL: INSERT INTO `tb_2013_stdxqmj` (`f_stdxqmj_stdid`,`f_stdxqmj_xqid`,`f_stdxqmj_mjid`) VALUES (287,2,5) [ RunTime:0.121331s ]
SQL: INSERT INTO `tb_2013_stdxqmj` (`f_stdxqmj_stdid`,`f_stdxqmj_xqid`,`f_stdxqmj_mjid`) VALUES (288,2,5) [ RunTime:0.121190s ]
SQL: INSERT INTO `tb_2013_stdxqmj` (`f_stdxqmj_stdid`,`f_stdxqmj_xqid`,`f_stdxqmj_mjid`) VALUES (289,2,6) [ RunTime:0.132095s ]
SQL: INSERT INTO `tb_2013_stdxqmj` (`f_stdxqmj_stdid`,`f_stdxqmj_xqid`,`f_stdxqmj_mjid`) VALUES (290,2,4) [ RunTime:0.110215s ]
SQL: INSERT INTO `tb_2013_stdxqmj` (`f_stdxqmj_stdid`,`f_stdxqmj_xqid`,`f_stdxqmj_mjid`) VALUES (295,2,9) [ RunTime:0.088215s ]
SQL: INSERT INTO `tb_2013_stdxqmj` (`f_stdxqmj_stdid`,`f_stdxqmj_xqid`,`f_stdxqmj_mjid`) VALUES (297,2,11) [ RunTime:0.099133s ]

