[ 2015-04-02T08:25:16+08:00 ] 127.0.0.1 /xx/admin.php
INFO: [ app_begin ] --START--
INFO: ReadHtmlCache Behavior ::run [ RunTime:0.000902s ]
INFO: [ app_begin ] --END-- [ RunTime:0.001094s ]
SQL: SHOW COLUMNS FROM `tb_usr` [ RunTime:0.007642s ]
SQL: SELECT * FROM `tb_usr` WHERE ( usrid=1 AND usrps=1 ) LIMIT 1   [ RunTime:0.029081s ]
SQL: SELECT * FROM `tb_usr` WHERE ( usrid=1 ) LIMIT 1   [ RunTime:0.000409s ]
SQL: SELECT * FROM `tb_usr` WHERE ( usrid=1 ) LIMIT 1   [ RunTime:0.000397s ]
SQL: SHOW COLUMNS FROM `tb_md` [ RunTime:0.053314s ]
SQL: SELECT * FROM `tb_md` WHERE ( mdmk='Usr' ) LIMIT 1   [ RunTime:0.009345s ]
SQL: SELECT * FROM `tb_usr` WHERE ( usrid=1 AND usrps=1 ) LIMIT 1   [ RunTime:0.000458s ]
SQL: SHOW COLUMNS FROM `tb_usrrl` [ RunTime:0.008900s ]
SQL: SELECT * FROM `tb_usrrl` WHERE ( f_usrrl_usrid=1 )  [ RunTime:0.012995s ]
SQL: SHOW COLUMNS FROM `tb_ath` [ RunTime:0.054798s ]
SQL: SELECT * FROM `tb_ath` WHERE ( f_ath_mdid=2 AND (f_ath_rlid=1) )  [ RunTime:0.013649s ]
SQL: SELECT COUNT(*) AS tp_count FROM `tb_usr` WHERE ( usrvw=0 ) LIMIT 1   [ RunTime:0.032369s ]
SQL: SELECT * FROM `tb_md` WHERE ( mdmk='Cstmusr' ) LIMIT 1   [ RunTime:0.000447s ]
SQL: SELECT * FROM `tb_usr` WHERE ( usrid=1 AND usrps=1 ) LIMIT 1   [ RunTime:0.000436s ]
SQL: SELECT * FROM `tb_usrrl` WHERE ( f_usrrl_usrid=1 )  [ RunTime:0.000585s ]
SQL: SELECT * FROM `tb_ath` WHERE ( f_ath_mdid=16 AND (f_ath_rlid=1) )  [ RunTime:0.000707s ]
SQL: SHOW COLUMNS FROM `tb_cstmusr` [ RunTime:0.002950s ]
SQL: SELECT COUNT(*) AS tp_count FROM `tb_cstmusr` WHERE ( cstmusrvw=0 ) LIMIT 1   [ RunTime:0.000918s ]
SQL: SELECT * FROM `tb_md` WHERE ( mdmk='Atc' ) LIMIT 1   [ RunTime:0.000321s ]
SQL: SELECT * FROM `tb_usr` WHERE ( usrid=1 AND usrps=1 ) LIMIT 1   [ RunTime:0.000496s ]
SQL: SELECT * FROM `tb_usrrl` WHERE ( f_usrrl_usrid=1 )  [ RunTime:0.000253s ]
SQL: SELECT * FROM `tb_ath` WHERE ( f_ath_mdid=6 AND (f_ath_rlid=1) )  [ RunTime:0.000598s ]
SQL: SHOW COLUMNS FROM `tb_atc` [ RunTime:0.002906s ]
SQL: SELECT COUNT(*) AS tp_count FROM `tb_atc` WHERE ( atcvw=0 ) LIMIT 1   [ RunTime:0.000294s ]
NOTIC: [8] Undefined variable: ntfstrusr C:\wamp\www\xx\admin\Lib\NTF\NTFAction.class.php 第 52 行.
NOTIC: [8] Undefined variable: ntfstrcstmusr C:\wamp\www\xx\admin\Lib\NTF\NTFAction.class.php 第 52 行.
NOTIC: [2] Missing argument 1 for KZMBAction::setkzmb(), called in C:\wamp\www\xx\admin\Lib\Action\IndexAction.class.php on line 29 and defined C:\wamp\www\xx\admin\Lib\KZMB\KZMBAction.class.php 第 3 行.
SQL: SHOW COLUMNS FROM `tb_btn` [ RunTime:0.047470s ]
SQL: SELECT * FROM `tb_btn` WHERE ( f_btn_usrid=1 AND btnnm='lft' ) LIMIT 1   [ RunTime:0.000574s ]
SQL: SELECT * FROM `tb_btn` WHERE ( f_btn_usrid=1 AND btnnm='lft' ) LIMIT 1   [ RunTime:0.000516s ]
SQL: SELECT * FROM `tb_usrrl` WHERE ( f_usrrl_usrid=1 )  [ RunTime:0.000361s ]
SQL: SHOW COLUMNS FROM `tb_lb` [ RunTime:0.003272s ]
SQL: SHOW COLUMNS FROM `tb_lbmd` [ RunTime:0.032369s ]
SQL: SELECT * FROM `tb_lb`  [ RunTime:0.000722s ]
SQL: SELECT * FROM `tb_lbmd` LEFT JOIN tb_md ON f_lbmd_mdid=mdid WHERE ( f_lbmd_lbid=1 )  [ RunTime:0.067699s ]
SQL: SELECT * FROM `tb_ath` WHERE ( f_ath_mdid=1 AND (f_ath_rlid=1) )  [ RunTime:0.001014s ]
SQL: SELECT * FROM `tb_ath` WHERE ( f_ath_mdid=2 AND (f_ath_rlid=1) )  [ RunTime:0.000676s ]
SQL: SELECT * FROM `tb_ath` WHERE ( f_ath_mdid=3 AND (f_ath_rlid=1) )  [ RunTime:0.000678s ]
SQL: SELECT * FROM `tb_ath` WHERE ( f_ath_mdid=4 AND (f_ath_rlid=1) )  [ RunTime:0.000720s ]
SQL: SELECT * FROM `tb_ath` WHERE ( f_ath_mdid=5 AND (f_ath_rlid=1) )  [ RunTime:0.000675s ]
SQL: SELECT * FROM `tb_ath` WHERE ( f_ath_mdid=6 AND (f_ath_rlid=1) )  [ RunTime:0.000664s ]
SQL: SELECT * FROM `tb_ath` WHERE ( f_ath_mdid=7 AND (f_ath_rlid=1) )  [ RunTime:0.000661s ]
SQL: SELECT * FROM `tb_ath` WHERE ( f_ath_mdid=8 AND (f_ath_rlid=1) )  [ RunTime:0.000835s ]
SQL: SELECT * FROM `tb_ath` WHERE ( f_ath_mdid=9 AND (f_ath_rlid=1) )  [ RunTime:0.012073s ]
SQL: SELECT * FROM `tb_ath` WHERE ( f_ath_mdid=11 AND (f_ath_rlid=1) )  [ RunTime:0.000988s ]
SQL: SELECT * FROM `tb_ath` WHERE ( f_ath_mdid=12 AND (f_ath_rlid=1) )  [ RunTime:0.000813s ]
SQL: SELECT * FROM `tb_ath` WHERE ( f_ath_mdid=13 AND (f_ath_rlid=1) )  [ RunTime:0.000699s ]
SQL: SELECT * FROM `tb_ath` WHERE ( f_ath_mdid=14 AND (f_ath_rlid=1) )  [ RunTime:0.000687s ]
SQL: SELECT * FROM `tb_ath` WHERE ( f_ath_mdid=15 AND (f_ath_rlid=1) )  [ RunTime:0.000906s ]
SQL: SELECT * FROM `tb_ath` WHERE ( f_ath_mdid=24 AND (f_ath_rlid=1) )  [ RunTime:0.000680s ]
NOTIC: [8] Undefined variable: mdidactv C:\wamp\www\xx\admin\Lib\KZMB\KZMBAction.class.php 第 92 行.
NOTIC: [8] Undefined variable: mdidactv C:\wamp\www\xx\admin\Lib\KZMB\KZMBAction.class.php 第 92 行.
NOTIC: [8] Undefined variable: mdidactv C:\wamp\www\xx\admin\Lib\KZMB\KZMBAction.class.php 第 92 行.
NOTIC: [8] Undefined variable: mdidactv C:\wamp\www\xx\admin\Lib\KZMB\KZMBAction.class.php 第 92 行.
NOTIC: [8] Undefined variable: mdidactv C:\wamp\www\xx\admin\Lib\KZMB\KZMBAction.class.php 第 92 行.
NOTIC: [8] Undefined variable: mdidactv C:\wamp\www\xx\admin\Lib\KZMB\KZMBAction.class.php 第 92 行.
NOTIC: [8] Undefined variable: mdidactv C:\wamp\www\xx\admin\Lib\KZMB\KZMBAction.class.php 第 92 行.
NOTIC: [8] Undefined variable: mdidactv C:\wamp\www\xx\admin\Lib\KZMB\KZMBAction.class.php 第 92 行.
NOTIC: [8] Undefined variable: mdidactv C:\wamp\www\xx\admin\Lib\KZMB\KZMBAction.class.php 第 92 行.
NOTIC: [8] Undefined variable: mdidactv C:\wamp\www\xx\admin\Lib\KZMB\KZMBAction.class.php 第 92 行.
NOTIC: [8] Undefined variable: mdidactv C:\wamp\www\xx\admin\Lib\KZMB\KZMBAction.class.php 第 92 行.
NOTIC: [8] Undefined variable: mdidactv C:\wamp\www\xx\admin\Lib\KZMB\KZMBAction.class.php 第 92 行.
NOTIC: [8] Undefined variable: mdidactv C:\wamp\www\xx\admin\Lib\KZMB\KZMBAction.class.php 第 92 行.
NOTIC: [8] Undefined variable: mdidactv C:\wamp\www\xx\admin\Lib\KZMB\KZMBAction.class.php 第 92 行.
NOTIC: [8] Undefined variable: mdidactv C:\wamp\www\xx\admin\Lib\KZMB\KZMBAction.class.php 第 92 行.
SQL: SELECT * FROM `tb_btn` WHERE ( f_btn_usrid=1 AND btnnm='bs1' ) LIMIT 1   [ RunTime:0.000339s ]
SQL: SELECT * FROM `tb_btn` WHERE ( f_btn_usrid=1 AND btnnm='bs1' ) LIMIT 1   [ RunTime:0.000331s ]
SQL: SELECT * FROM `tb_lbmd` LEFT JOIN tb_md ON f_lbmd_mdid=mdid WHERE ( f_lbmd_lbid=2 )  [ RunTime:0.010965s ]
SQL: SELECT * FROM `tb_ath` WHERE ( f_ath_mdid=16 AND (f_ath_rlid=1) )  [ RunTime:0.000665s ]
SQL: SELECT * FROM `tb_ath` WHERE ( f_ath_mdid=17 AND (f_ath_rlid=1) )  [ RunTime:0.000608s ]
SQL: SELECT * FROM `tb_ath` WHERE ( f_ath_mdid=18 AND (f_ath_rlid=1) )  [ RunTime:0.000597s ]
SQL: SELECT * FROM `tb_ath` WHERE ( f_ath_mdid=19 AND (f_ath_rlid=1) )  [ RunTime:0.000599s ]
SQL: SELECT * FROM `tb_ath` WHERE ( f_ath_mdid=20 AND (f_ath_rlid=1) )  [ RunTime:0.000797s ]
SQL: SELECT * FROM `tb_ath` WHERE ( f_ath_mdid=21 AND (f_ath_rlid=1) )  [ RunTime:0.000600s ]
SQL: SELECT * FROM `tb_ath` WHERE ( f_ath_mdid=22 AND (f_ath_rlid=1) )  [ RunTime:0.000596s ]
SQL: SELECT * FROM `tb_ath` WHERE ( f_ath_mdid=23 AND (f_ath_rlid=1) )  [ RunTime:0.000591s ]
NOTIC: [8] Undefined variable: mdidactv C:\wamp\www\xx\admin\Lib\KZMB\KZMBAction.class.php 第 92 行.
NOTIC: [8] Undefined variable: mdidactv C:\wamp\www\xx\admin\Lib\KZMB\KZMBAction.class.php 第 92 行.
NOTIC: [8] Undefined variable: mdidactv C:\wamp\www\xx\admin\Lib\KZMB\KZMBAction.class.php 第 92 行.
NOTIC: [8] Undefined variable: mdidactv C:\wamp\www\xx\admin\Lib\KZMB\KZMBAction.class.php 第 92 行.
NOTIC: [8] Undefined variable: mdidactv C:\wamp\www\xx\admin\Lib\KZMB\KZMBAction.class.php 第 92 行.
NOTIC: [8] Undefined variable: mdidactv C:\wamp\www\xx\admin\Lib\KZMB\KZMBAction.class.php 第 92 行.
NOTIC: [8] Undefined variable: mdidactv C:\wamp\www\xx\admin\Lib\KZMB\KZMBAction.class.php 第 92 行.
NOTIC: [8] Undefined variable: mdidactv C:\wamp\www\xx\admin\Lib\KZMB\KZMBAction.class.php 第 92 行.
SQL: SELECT * FROM `tb_btn` WHERE ( f_btn_usrid=1 AND btnnm='bs2' ) LIMIT 1   [ RunTime:0.000263s ]
SQL: SELECT * FROM `tb_btn` WHERE ( f_btn_usrid=1 AND btnnm='bs2' ) LIMIT 1   [ RunTime:0.000443s ]
SQL: SELECT * FROM `tb_lbmd` LEFT JOIN tb_md ON f_lbmd_mdid=mdid WHERE ( f_lbmd_lbid=3 )  [ RunTime:0.002429s ]
SQL: SELECT * FROM `tb_ath` WHERE ( f_ath_mdid=25 AND (f_ath_rlid=1) )  [ RunTime:0.000832s ]
SQL: SELECT * FROM `tb_ath` WHERE ( f_ath_mdid=26 AND (f_ath_rlid=1) )  [ RunTime:0.000574s ]
SQL: SELECT * FROM `tb_ath` WHERE ( f_ath_mdid=27 AND (f_ath_rlid=1) )  [ RunTime:0.000764s ]
SQL: SELECT * FROM `tb_ath` WHERE ( f_ath_mdid=28 AND (f_ath_rlid=1) )  [ RunTime:0.000584s ]
SQL: SELECT * FROM `tb_ath` WHERE ( f_ath_mdid=29 AND (f_ath_rlid=1) )  [ RunTime:0.000602s ]
SQL: SELECT * FROM `tb_ath` WHERE ( f_ath_mdid=30 AND (f_ath_rlid=1) )  [ RunTime:0.000593s ]
SQL: SELECT * FROM `tb_ath` WHERE ( f_ath_mdid=31 AND (f_ath_rlid=1) )  [ RunTime:0.000597s ]
SQL: SELECT * FROM `tb_ath` WHERE ( f_ath_mdid=32 AND (f_ath_rlid=1) )  [ RunTime:0.012764s ]
SQL: SELECT * FROM `tb_ath` WHERE ( f_ath_mdid=33 AND (f_ath_rlid=1) )  [ RunTime:0.000670s ]
SQL: SELECT * FROM `tb_ath` WHERE ( f_ath_mdid=34 AND (f_ath_rlid=1) )  [ RunTime:0.000710s ]
SQL: SELECT * FROM `tb_ath` WHERE ( f_ath_mdid=35 AND (f_ath_rlid=1) )  [ RunTime:0.000701s ]
SQL: SELECT * FROM `tb_ath` WHERE ( f_ath_mdid=36 AND (f_ath_rlid=1) )  [ RunTime:0.000711s ]
SQL: SELECT * FROM `tb_ath` WHERE ( f_ath_mdid=37 AND (f_ath_rlid=1) )  [ RunTime:0.000909s ]
SQL: SELECT * FROM `tb_ath` WHERE ( f_ath_mdid=38 AND (f_ath_rlid=1) )  [ RunTime:0.000631s ]
NOTIC: [8] Undefined variable: mdidactv C:\wamp\www\xx\admin\Lib\KZMB\KZMBAction.class.php 第 92 行.
NOTIC: [8] Undefined variable: mdidactv C:\wamp\www\xx\admin\Lib\KZMB\KZMBAction.class.php 第 92 行.
NOTIC: [8] Undefined variable: mdidactv C:\wamp\www\xx\admin\Lib\KZMB\KZMBAction.class.php 第 92 行.
NOTIC: [8] Undefined variable: mdidactv C:\wamp\www\xx\admin\Lib\KZMB\KZMBAction.class.php 第 92 行.
NOTIC: [8] Undefined variable: mdidactv C:\wamp\www\xx\admin\Lib\KZMB\KZMBAction.class.php 第 92 行.
NOTIC: [8] Undefined variable: mdidactv C:\wamp\www\xx\admin\Lib\KZMB\KZMBAction.class.php 第 92 行.
NOTIC: [8] Undefined variable: mdidactv C:\wamp\www\xx\admin\Lib\KZMB\KZMBAction.class.php 第 92 行.
NOTIC: [8] Undefined variable: mdidactv C:\wamp\www\xx\admin\Lib\KZMB\KZMBAction.class.php 第 92 行.
NOTIC: [8] Undefined variable: mdidactv C:\wamp\www\xx\admin\Lib\KZMB\KZMBAction.class.php 第 92 行.
NOTIC: [8] Undefined variable: mdidactv C:\wamp\www\xx\admin\Lib\KZMB\KZMBAction.class.php 第 92 行.
NOTIC: [8] Undefined variable: mdidactv C:\wamp\www\xx\admin\Lib\KZMB\KZMBAction.class.php 第 92 行.
NOTIC: [8] Undefined variable: mdidactv C:\wamp\www\xx\admin\Lib\KZMB\KZMBAction.class.php 第 92 行.
NOTIC: [8] Undefined variable: mdidactv C:\wamp\www\xx\admin\Lib\KZMB\KZMBAction.class.php 第 92 行.
NOTIC: [8] Undefined variable: mdidactv C:\wamp\www\xx\admin\Lib\KZMB\KZMBAction.class.php 第 92 行.
SQL: SELECT * FROM `tb_btn` WHERE ( f_btn_usrid=1 AND btnnm='bs3' ) LIMIT 1   [ RunTime:0.016779s ]
SQL: SELECT * FROM `tb_btn` WHERE ( f_btn_usrid=1 AND btnnm='bs3' ) LIMIT 1   [ RunTime:0.000371s ]
INFO: [ view_parse ] --START--
NOTIC: [8] Use of undefined constant lbid - assumed 'lbid' C:\wamp\www\xx\admin\Runtime\Cache\95ce6485eccf9f806ee32535db24cf7f.php 第 146 行.
NOTIC: [8] Use of undefined constant lbid - assumed 'lbid' C:\wamp\www\xx\admin\Runtime\Cache\95ce6485eccf9f806ee32535db24cf7f.php 第 146 行.
NOTIC: [8] Use of undefined constant lbid - assumed 'lbid' C:\wamp\www\xx\admin\Runtime\Cache\95ce6485eccf9f806ee32535db24cf7f.php 第 146 行.
INFO: ParseTemplate Behavior ::run [ RunTime:0.051296s ]
INFO: [ view_parse ] --END-- [ RunTime:0.051488s ]
INFO: [ view_filter ] --START--
INFO: ContentReplace Behavior ::run [ RunTime:0.000588s ]
INFO: TokenBuild Behavior ::run [ RunTime:0.000533s ]
INFO: WriteHtmlCache Behavior ::run [ RunTime:0.000374s ]
INFO: ShowRuntime Behavior ::run [ RunTime:0.000631s ]
INFO: [ view_filter ] --END-- [ RunTime:0.002467s ]
INFO: [ view_end ] --START--
INFO: ShowPageTrace Behavior ::run [ RunTime:0.000669s ]
INFO: [ view_end ] --END-- [ RunTime:0.000789s ]

[ 2015-04-02T08:25:20+08:00 ] 127.0.0.1 /xx/admin.php/Btn/update
INFO: [ route_check ] --START--
INFO: CheckRoute Behavior ::run [ RunTime:0.044104s ]
INFO: [ route_check ] --END-- [ RunTime:0.044306s ]
INFO: [ app_begin ] --START--
INFO: ReadHtmlCache Behavior ::run [ RunTime:0.001135s ]
INFO: [ app_begin ] --END-- [ RunTime:0.001332s ]
SQL: SHOW COLUMNS FROM `tb_btn` [ RunTime:0.003951s ]
SQL: SELECT * FROM `tb_btn` WHERE ( f_btn_usrid=1 AND btnnm='bs1' ) LIMIT 1   [ RunTime:0.015329s ]
SQL: SELECT * FROM `tb_btn` WHERE ( f_btn_usrid=1 AND btnnm='bs1' ) LIMIT 1   [ RunTime:0.000326s ]
SQL: UPDATE `tb_btn` SET `btnvl`='glyphicon glyphicon-triangle-top' WHERE ( btnid=10 ) [ RunTime:0.607888s ]

[ 2015-04-02T08:25:21+08:00 ] 127.0.0.1 /xx/admin.php/Md/query
INFO: [ route_check ] --START--
INFO: CheckRoute Behavior ::run [ RunTime:0.000956s ]
INFO: [ route_check ] --END-- [ RunTime:0.001100s ]
INFO: [ app_begin ] --START--
INFO: ReadHtmlCache Behavior ::run [ RunTime:0.000641s ]
INFO: [ app_begin ] --END-- [ RunTime:0.000765s ]
SQL: SHOW COLUMNS FROM `tb_usr` [ RunTime:0.002869s ]
SQL: SELECT * FROM `tb_usr` WHERE ( usrid=1 AND usrps=1 ) LIMIT 1   [ RunTime:0.000372s ]
SQL: SELECT * FROM `tb_usr` WHERE ( usrid=1 ) LIMIT 1   [ RunTime:0.000266s ]
SQL: SHOW COLUMNS FROM `tb_md` [ RunTime:0.002566s ]
SQL: SELECT * FROM `tb_md` WHERE ( mdmk='Md' ) LIMIT 1   [ RunTime:0.014184s ]
SQL: SELECT * FROM `tb_usr` WHERE ( usrid=1 AND usrps=1 ) LIMIT 1   [ RunTime:0.000498s ]
SQL: SHOW COLUMNS FROM `tb_usrrl` [ RunTime:0.002868s ]
SQL: SELECT * FROM `tb_usrrl` WHERE ( f_usrrl_usrid=1 )  [ RunTime:0.000381s ]
SQL: SHOW COLUMNS FROM `tb_ath` [ RunTime:0.003244s ]
SQL: SELECT * FROM `tb_ath` WHERE ( f_ath_mdid=1 AND (f_ath_rlid=1) )  [ RunTime:0.000710s ]
SQL: SELECT * FROM `tb_md` WHERE ( mdmk='Usr' ) LIMIT 1   [ RunTime:0.000660s ]
SQL: SELECT * FROM `tb_usr` WHERE ( usrid=1 AND usrps=1 ) LIMIT 1   [ RunTime:0.000375s ]
SQL: SELECT * FROM `tb_usrrl` WHERE ( f_usrrl_usrid=1 )  [ RunTime:0.000328s ]
SQL: SELECT * FROM `tb_ath` WHERE ( f_ath_mdid=2 AND (f_ath_rlid=1) )  [ RunTime:0.000664s ]
SQL: SELECT COUNT(*) AS tp_count FROM `tb_usr` WHERE ( usrvw=0 ) LIMIT 1   [ RunTime:0.000270s ]
SQL: SELECT * FROM `tb_md` WHERE ( mdmk='Cstmusr' ) LIMIT 1   [ RunTime:0.012461s ]
SQL: SELECT * FROM `tb_usr` WHERE ( usrid=1 AND usrps=1 ) LIMIT 1   [ RunTime:0.000453s ]
SQL: SELECT * FROM `tb_usrrl` WHERE ( f_usrrl_usrid=1 )  [ RunTime:0.000372s ]
SQL: SELECT * FROM `tb_ath` WHERE ( f_ath_mdid=16 AND (f_ath_rlid=1) )  [ RunTime:0.000676s ]
SQL: SHOW COLUMNS FROM `tb_cstmusr` [ RunTime:0.002861s ]
SQL: SELECT COUNT(*) AS tp_count FROM `tb_cstmusr` WHERE ( cstmusrvw=0 ) LIMIT 1   [ RunTime:0.000277s ]
SQL: SELECT * FROM `tb_md` WHERE ( mdmk='Atc' ) LIMIT 1   [ RunTime:0.000482s ]
SQL: SELECT * FROM `tb_usr` WHERE ( usrid=1 AND usrps=1 ) LIMIT 1   [ RunTime:0.000436s ]
SQL: SELECT * FROM `tb_usrrl` WHERE ( f_usrrl_usrid=1 )  [ RunTime:0.000359s ]
SQL: SELECT * FROM `tb_ath` WHERE ( f_ath_mdid=6 AND (f_ath_rlid=1) )  [ RunTime:0.000769s ]
SQL: SHOW COLUMNS FROM `tb_atc` [ RunTime:0.003022s ]
SQL: SELECT COUNT(*) AS tp_count FROM `tb_atc` WHERE ( atcvw=0 ) LIMIT 1   [ RunTime:0.000300s ]
NOTIC: [8] Undefined variable: ntfstrusr C:\wamp\www\xx\admin\Lib\NTF\NTFAction.class.php 第 52 行.
NOTIC: [8] Undefined variable: ntfstrcstmusr C:\wamp\www\xx\admin\Lib\NTF\NTFAction.class.php 第 52 行.
SQL: SHOW COLUMNS FROM `tb_btn` [ RunTime:0.002514s ]
SQL: SELECT * FROM `tb_btn` WHERE ( f_btn_usrid=1 AND btnnm='lft' ) LIMIT 1   [ RunTime:0.000286s ]
SQL: SELECT * FROM `tb_btn` WHERE ( f_btn_usrid=1 AND btnnm='lft' ) LIMIT 1   [ RunTime:0.000262s ]
SQL: SELECT * FROM `tb_usrrl` WHERE ( f_usrrl_usrid=1 )  [ RunTime:0.000260s ]
SQL: SHOW COLUMNS FROM `tb_lb` [ RunTime:0.002381s ]
SQL: SHOW COLUMNS FROM `tb_lbmd` [ RunTime:0.002961s ]
SQL: SELECT * FROM `tb_lb`  [ RunTime:0.000270s ]
SQL: SELECT * FROM `tb_lbmd` LEFT JOIN tb_md ON f_lbmd_mdid=mdid WHERE ( f_lbmd_lbid=1 )  [ RunTime:0.000377s ]
SQL: SELECT * FROM `tb_ath` WHERE ( f_ath_mdid=1 AND (f_ath_rlid=1) )  [ RunTime:0.000838s ]
SQL: SELECT * FROM `tb_ath` WHERE ( f_ath_mdid=2 AND (f_ath_rlid=1) )  [ RunTime:0.000604s ]
SQL: SELECT * FROM `tb_ath` WHERE ( f_ath_mdid=3 AND (f_ath_rlid=1) )  [ RunTime:0.000668s ]
SQL: SELECT * FROM `tb_ath` WHERE ( f_ath_mdid=4 AND (f_ath_rlid=1) )  [ RunTime:0.000593s ]
SQL: SELECT * FROM `tb_ath` WHERE ( f_ath_mdid=5 AND (f_ath_rlid=1) )  [ RunTime:0.000594s ]
SQL: SELECT * FROM `tb_ath` WHERE ( f_ath_mdid=6 AND (f_ath_rlid=1) )  [ RunTime:0.000595s ]
SQL: SELECT * FROM `tb_ath` WHERE ( f_ath_mdid=7 AND (f_ath_rlid=1) )  [ RunTime:0.000586s ]
SQL: SELECT * FROM `tb_ath` WHERE ( f_ath_mdid=8 AND (f_ath_rlid=1) )  [ RunTime:0.000591s ]
SQL: SELECT * FROM `tb_ath` WHERE ( f_ath_mdid=9 AND (f_ath_rlid=1) )  [ RunTime:0.000610s ]
SQL: SELECT * FROM `tb_ath` WHERE ( f_ath_mdid=11 AND (f_ath_rlid=1) )  [ RunTime:0.000628s ]
SQL: SELECT * FROM `tb_ath` WHERE ( f_ath_mdid=12 AND (f_ath_rlid=1) )  [ RunTime:0.000722s ]
SQL: SELECT * FROM `tb_ath` WHERE ( f_ath_mdid=13 AND (f_ath_rlid=1) )  [ RunTime:0.000964s ]
SQL: SELECT * FROM `tb_ath` WHERE ( f_ath_mdid=14 AND (f_ath_rlid=1) )  [ RunTime:0.000822s ]
SQL: SELECT * FROM `tb_ath` WHERE ( f_ath_mdid=15 AND (f_ath_rlid=1) )  [ RunTime:0.000609s ]
SQL: SELECT * FROM `tb_ath` WHERE ( f_ath_mdid=24 AND (f_ath_rlid=1) )  [ RunTime:0.000616s ]
SQL: SELECT * FROM `tb_btn` WHERE ( f_btn_usrid=1 AND btnnm='bs1' ) LIMIT 1   [ RunTime:0.000268s ]
SQL: SELECT * FROM `tb_btn` WHERE ( f_btn_usrid=1 AND btnnm='bs1' ) LIMIT 1   [ RunTime:0.000251s ]
SQL: SELECT * FROM `tb_lbmd` LEFT JOIN tb_md ON f_lbmd_mdid=mdid WHERE ( f_lbmd_lbid=2 )  [ RunTime:0.000329s ]
SQL: SELECT * FROM `tb_ath` WHERE ( f_ath_mdid=16 AND (f_ath_rlid=1) )  [ RunTime:0.000601s ]
SQL: SELECT * FROM `tb_ath` WHERE ( f_ath_mdid=17 AND (f_ath_rlid=1) )  [ RunTime:0.000600s ]
SQL: SELECT * FROM `tb_ath` WHERE ( f_ath_mdid=18 AND (f_ath_rlid=1) )  [ RunTime:0.000592s ]
SQL: SELECT * FROM `tb_ath` WHERE ( f_ath_mdid=19 AND (f_ath_rlid=1) )  [ RunTime:0.000595s ]
SQL: SELECT * FROM `tb_ath` WHERE ( f_ath_mdid=20 AND (f_ath_rlid=1) )  [ RunTime:0.000591s ]
SQL: SELECT * FROM `tb_ath` WHERE ( f_ath_mdid=21 AND (f_ath_rlid=1) )  [ RunTime:0.000594s ]
SQL: SELECT * FROM `tb_ath` WHERE ( f_ath_mdid=22 AND (f_ath_rlid=1) )  [ RunTime:0.000851s ]
SQL: SELECT * FROM `tb_ath` WHERE ( f_ath_mdid=23 AND (f_ath_rlid=1) )  [ RunTime:0.000597s ]
SQL: SELECT * FROM `tb_btn` WHERE ( f_btn_usrid=1 AND btnnm='bs2' ) LIMIT 1   [ RunTime:0.000288s ]
SQL: SELECT * FROM `tb_btn` WHERE ( f_btn_usrid=1 AND btnnm='bs2' ) LIMIT 1   [ RunTime:0.000266s ]
SQL: SELECT * FROM `tb_lbmd` LEFT JOIN tb_md ON f_lbmd_mdid=mdid WHERE ( f_lbmd_lbid=3 )  [ RunTime:0.000352s ]
SQL: SELECT * FROM `tb_ath` WHERE ( f_ath_mdid=25 AND (f_ath_rlid=1) )  [ RunTime:0.000667s ]
SQL: SELECT * FROM `tb_ath` WHERE ( f_ath_mdid=26 AND (f_ath_rlid=1) )  [ RunTime:0.000599s ]
SQL: SELECT * FROM `tb_ath` WHERE ( f_ath_mdid=27 AND (f_ath_rlid=1) )  [ RunTime:0.000601s ]
SQL: SELECT * FROM `tb_ath` WHERE ( f_ath_mdid=28 AND (f_ath_rlid=1) )  [ RunTime:0.000588s ]
SQL: SELECT * FROM `tb_ath` WHERE ( f_ath_mdid=29 AND (f_ath_rlid=1) )  [ RunTime:0.000597s ]
SQL: SELECT * FROM `tb_ath` WHERE ( f_ath_mdid=30 AND (f_ath_rlid=1) )  [ RunTime:0.000586s ]
SQL: SELECT * FROM `tb_ath` WHERE ( f_ath_mdid=31 AND (f_ath_rlid=1) )  [ RunTime:0.000591s ]
SQL: SELECT * FROM `tb_ath` WHERE ( f_ath_mdid=32 AND (f_ath_rlid=1) )  [ RunTime:0.000596s ]
SQL: SELECT * FROM `tb_ath` WHERE ( f_ath_mdid=33 AND (f_ath_rlid=1) )  [ RunTime:0.000585s ]
SQL: SELECT * FROM `tb_ath` WHERE ( f_ath_mdid=34 AND (f_ath_rlid=1) )  [ RunTime:0.000589s ]
SQL: SELECT * FROM `tb_ath` WHERE ( f_ath_mdid=35 AND (f_ath_rlid=1) )  [ RunTime:0.000582s ]
SQL: SELECT * FROM `tb_ath` WHERE ( f_ath_mdid=36 AND (f_ath_rlid=1) )  [ RunTime:0.000588s ]
SQL: SELECT * FROM `tb_ath` WHERE ( f_ath_mdid=37 AND (f_ath_rlid=1) )  [ RunTime:0.000669s ]
SQL: SELECT * FROM `tb_ath` WHERE ( f_ath_mdid=38 AND (f_ath_rlid=1) )  [ RunTime:0.000727s ]
SQL: SELECT * FROM `tb_btn` WHERE ( f_btn_usrid=1 AND btnnm='bs3' ) LIMIT 1   [ RunTime:0.000339s ]
SQL: SELECT * FROM `tb_btn` WHERE ( f_btn_usrid=1 AND btnnm='bs3' ) LIMIT 1   [ RunTime:0.000261s ]
NOTIC: [2] Missing argument 8 for NBAction::NB(), called in C:\wamp\www\xx\admin\Lib\Action\MdAction.class.php on line 92 and defined C:\wamp\www\xx\admin\Lib\NB\NBAction.class.php 第 46 行.
NOTIC: [8] Undefined index: NBsqlstc C:\wamp\www\xx\admin\Lib\NB\NBAction.class.php 第 49 行.
NOTIC: [8] Undefined index: NBsqlstc C:\wamp\www\xx\admin\Lib\NB\NBAction.class.php 第 49 行.
NOTIC: [8] Undefined index: fld C:\wamp\www\xx\admin\Lib\NB\NBAction.class.php 第 139 行.
NOTIC: [8] Undefined index: fld C:\wamp\www\xx\admin\Lib\NB\NBAction.class.php 第 141 行.
NOTIC: [8] Undefined index: cdt C:\wamp\www\xx\admin\Lib\NB\NBAction.class.php 第 144 行.
NOTIC: [8] Undefined index: cdt C:\wamp\www\xx\admin\Lib\NB\NBAction.class.php 第 146 行.
NOTIC: [8] Undefined index: spccdt C:\wamp\www\xx\admin\Lib\NB\NBAction.class.php 第 149 行.
NOTIC: [8] Undefined index: spccdt C:\wamp\www\xx\admin\Lib\NB\NBAction.class.php 第 151 行.
NOTIC: [8] Undefined index: odr C:\wamp\www\xx\admin\Lib\NB\NBAction.class.php 第 154 行.
NOTIC: [8] Undefined index: odr C:\wamp\www\xx\admin\Lib\NB\NBAction.class.php 第 156 行.
NOTIC: [8] Undefined index: lmt C:\wamp\www\xx\admin\Lib\NB\NBAction.class.php 第 159 行.
NOTIC: [8] Undefined index: lmt C:\wamp\www\xx\admin\Lib\NB\NBAction.class.php 第 161 行.
NOTIC: [8] Undefined variable: odrpcd C:\wamp\www\xx\admin\Lib\NB\NBAction.class.php 第 33 行.
NOTIC: [8] Undefined variable: lsyon C:\wamp\www\xx\admin\Lib\NB\NBAction.class.php 第 182 行.
SQL: SELECT COUNT(*) AS tp_count FROM `tb_md` WHERE ( 1=1 ) ORDER BY mdid ASC LIMIT 1   [ RunTime:0.000514s ]
NOTIC: [8] Undefined variable: sqlstc C:\wamp\www\xx\admin\Lib\NB\NBAction.class.php 第 201 行.
SQL: SELECT `mdid`,`mdmk`,`mdnm` FROM `tb_md` WHERE ( 1=1 ) ORDER BY mdid ASC LIMIT 0,20   [ RunTime:0.000579s ]
NOTIC: [8] Undefined variable: sqlstc C:\wamp\www\xx\admin\Lib\NB\NBAction.class.php 第 258 行.
NOTIC: [8] Undefined variable: mlsforcount C:\wamp\www\xx\admin\Lib\NB\NBAction.class.php 第 267 行.
INFO: [ view_parse ] --START--
NOTIC: [8] Use of undefined constant lbid - assumed 'lbid' C:\wamp\www\xx\admin\Runtime\Cache\b84f5e3fea2b03d28212a1fe20cfd5c7.php 第 145 行.
NOTIC: [8] Use of undefined constant lbid - assumed 'lbid' C:\wamp\www\xx\admin\Runtime\Cache\b84f5e3fea2b03d28212a1fe20cfd5c7.php 第 145 行.
NOTIC: [8] Use of undefined constant lbid - assumed 'lbid' C:\wamp\www\xx\admin\Runtime\Cache\b84f5e3fea2b03d28212a1fe20cfd5c7.php 第 145 行.
INFO: ParseTemplate Behavior ::run [ RunTime:0.040179s ]
INFO: [ view_parse ] --END-- [ RunTime:0.040333s ]
INFO: [ view_filter ] --START--
INFO: ContentReplace Behavior ::run [ RunTime:0.000745s ]
INFO: TokenBuild Behavior ::run [ RunTime:0.000559s ]
INFO: WriteHtmlCache Behavior ::run [ RunTime:0.000381s ]
INFO: ShowRuntime Behavior ::run [ RunTime:0.000646s ]
INFO: [ view_filter ] --END-- [ RunTime:0.002698s ]
INFO: [ view_end ] --START--
INFO: ShowPageTrace Behavior ::run [ RunTime:0.000675s ]
INFO: [ view_end ] --END-- [ RunTime:0.000796s ]

[ 2015-04-02T08:25:24+08:00 ] 127.0.0.1 /xx/admin.php/Md/gtxpg/x/updt/mdid/0
INFO: [ route_check ] --START--
INFO: CheckRoute Behavior ::run [ RunTime:0.000965s ]
INFO: [ route_check ] --END-- [ RunTime:0.001114s ]
INFO: [ app_begin ] --START--
INFO: ReadHtmlCache Behavior ::run [ RunTime:0.000646s ]
INFO: [ app_begin ] --END-- [ RunTime:0.000773s ]
SQL: SHOW COLUMNS FROM `tb_usr` [ RunTime:0.002849s ]
SQL: SELECT * FROM `tb_usr` WHERE ( usrid=1 AND usrps=1 ) LIMIT 1   [ RunTime:0.000376s ]
SQL: SELECT * FROM `tb_usr` WHERE ( usrid=1 ) LIMIT 1   [ RunTime:0.000267s ]
SQL: SHOW COLUMNS FROM `tb_md` [ RunTime:0.002525s ]
SQL: SELECT * FROM `tb_md` WHERE ( mdmk='Md' ) LIMIT 1   [ RunTime:0.000216s ]
SQL: SELECT * FROM `tb_usr` WHERE ( usrid=1 AND usrps=1 ) LIMIT 1   [ RunTime:0.000391s ]
SQL: SHOW COLUMNS FROM `tb_usrrl` [ RunTime:0.003880s ]
SQL: SELECT * FROM `tb_usrrl` WHERE ( f_usrrl_usrid=1 )  [ RunTime:0.000409s ]
SQL: SHOW COLUMNS FROM `tb_ath` [ RunTime:0.003557s ]
SQL: SELECT * FROM `tb_ath` WHERE ( f_ath_mdid=1 AND (f_ath_rlid=1) )  [ RunTime:0.000776s ]
SQL: SELECT * FROM `tb_md` WHERE ( mdmk='Usr' ) LIMIT 1   [ RunTime:0.000361s ]
SQL: SELECT * FROM `tb_usr` WHERE ( usrid=1 AND usrps=1 ) LIMIT 1   [ RunTime:0.000412s ]
SQL: SELECT * FROM `tb_usrrl` WHERE ( f_usrrl_usrid=1 )  [ RunTime:0.000366s ]
SQL: SELECT * FROM `tb_ath` WHERE ( f_ath_mdid=2 AND (f_ath_rlid=1) )  [ RunTime:0.000705s ]
SQL: SELECT COUNT(*) AS tp_count FROM `tb_usr` WHERE ( usrvw=0 ) LIMIT 1   [ RunTime:0.000359s ]
SQL: SELECT * FROM `tb_md` WHERE ( mdmk='Cstmusr' ) LIMIT 1   [ RunTime:0.000286s ]
SQL: SELECT * FROM `tb_usr` WHERE ( usrid=1 AND usrps=1 ) LIMIT 1   [ RunTime:0.000351s ]
SQL: SELECT * FROM `tb_usrrl` WHERE ( f_usrrl_usrid=1 )  [ RunTime:0.000253s ]
SQL: SELECT * FROM `tb_ath` WHERE ( f_ath_mdid=16 AND (f_ath_rlid=1) )  [ RunTime:0.000691s ]
SQL: SHOW COLUMNS FROM `tb_cstmusr` [ RunTime:0.002907s ]
SQL: SELECT COUNT(*) AS tp_count FROM `tb_cstmusr` WHERE ( cstmusrvw=0 ) LIMIT 1   [ RunTime:0.000319s ]
SQL: SELECT * FROM `tb_md` WHERE ( mdmk='Atc' ) LIMIT 1   [ RunTime:0.000294s ]
SQL: SELECT * FROM `tb_usr` WHERE ( usrid=1 AND usrps=1 ) LIMIT 1   [ RunTime:0.000358s ]
SQL: SELECT * FROM `tb_usrrl` WHERE ( f_usrrl_usrid=1 )  [ RunTime:0.000317s ]
SQL: SELECT * FROM `tb_ath` WHERE ( f_ath_mdid=6 AND (f_ath_rlid=1) )  [ RunTime:0.000633s ]
SQL: SHOW COLUMNS FROM `tb_atc` [ RunTime:0.002824s ]
SQL: SELECT COUNT(*) AS tp_count FROM `tb_atc` WHERE ( atcvw=0 ) LIMIT 1   [ RunTime:0.000290s ]
NOTIC: [8] Undefined variable: ntfstrusr C:\wamp\www\xx\admin\Lib\NTF\NTFAction.class.php 第 52 行.
NOTIC: [8] Undefined variable: ntfstrcstmusr C:\wamp\www\xx\admin\Lib\NTF\NTFAction.class.php 第 52 行.
SQL: SHOW COLUMNS FROM `tb_btn` [ RunTime:0.002814s ]
SQL: SELECT * FROM `tb_btn` WHERE ( f_btn_usrid=1 AND btnnm='lft' ) LIMIT 1   [ RunTime:0.000315s ]
SQL: SELECT * FROM `tb_btn` WHERE ( f_btn_usrid=1 AND btnnm='lft' ) LIMIT 1   [ RunTime:0.000255s ]
SQL: SELECT * FROM `tb_usrrl` WHERE ( f_usrrl_usrid=1 )  [ RunTime:0.000256s ]
SQL: SHOW COLUMNS FROM `tb_lb` [ RunTime:0.002333s ]
SQL: SHOW COLUMNS FROM `tb_lbmd` [ RunTime:0.002285s ]
SQL: SELECT * FROM `tb_lb`  [ RunTime:0.000245s ]
SQL: SELECT * FROM `tb_lbmd` LEFT JOIN tb_md ON f_lbmd_mdid=mdid WHERE ( f_lbmd_lbid=1 )  [ RunTime:0.000360s ]
SQL: SELECT * FROM `tb_ath` WHERE ( f_ath_mdid=1 AND (f_ath_rlid=1) )  [ RunTime:0.000603s ]
SQL: SELECT * FROM `tb_ath` WHERE ( f_ath_mdid=2 AND (f_ath_rlid=1) )  [ RunTime:0.000594s ]
SQL: SELECT * FROM `tb_ath` WHERE ( f_ath_mdid=3 AND (f_ath_rlid=1) )  [ RunTime:0.000591s ]
SQL: SELECT * FROM `tb_ath` WHERE ( f_ath_mdid=4 AND (f_ath_rlid=1) )  [ RunTime:0.000589s ]
SQL: SELECT * FROM `tb_ath` WHERE ( f_ath_mdid=5 AND (f_ath_rlid=1) )  [ RunTime:0.000603s ]
SQL: SELECT * FROM `tb_ath` WHERE ( f_ath_mdid=6 AND (f_ath_rlid=1) )  [ RunTime:0.001040s ]
SQL: SELECT * FROM `tb_ath` WHERE ( f_ath_mdid=7 AND (f_ath_rlid=1) )  [ RunTime:0.000610s ]
SQL: SELECT * FROM `tb_ath` WHERE ( f_ath_mdid=8 AND (f_ath_rlid=1) )  [ RunTime:0.000612s ]
SQL: SELECT * FROM `tb_ath` WHERE ( f_ath_mdid=9 AND (f_ath_rlid=1) )  [ RunTime:0.000593s ]
SQL: SELECT * FROM `tb_ath` WHERE ( f_ath_mdid=11 AND (f_ath_rlid=1) )  [ RunTime:0.000592s ]
SQL: SELECT * FROM `tb_ath` WHERE ( f_ath_mdid=12 AND (f_ath_rlid=1) )  [ RunTime:0.000594s ]
SQL: SELECT * FROM `tb_ath` WHERE ( f_ath_mdid=13 AND (f_ath_rlid=1) )  [ RunTime:0.000587s ]
SQL: SELECT * FROM `tb_ath` WHERE ( f_ath_mdid=14 AND (f_ath_rlid=1) )  [ RunTime:0.000594s ]
SQL: SELECT * FROM `tb_ath` WHERE ( f_ath_mdid=15 AND (f_ath_rlid=1) )  [ RunTime:0.000586s ]
SQL: SELECT * FROM `tb_ath` WHERE ( f_ath_mdid=24 AND (f_ath_rlid=1) )  [ RunTime:0.000592s ]
SQL: SELECT * FROM `tb_btn` WHERE ( f_btn_usrid=1 AND btnnm='bs1' ) LIMIT 1   [ RunTime:0.000257s ]
SQL: SELECT * FROM `tb_btn` WHERE ( f_btn_usrid=1 AND btnnm='bs1' ) LIMIT 1   [ RunTime:0.000251s ]
SQL: SELECT * FROM `tb_lbmd` LEFT JOIN tb_md ON f_lbmd_mdid=mdid WHERE ( f_lbmd_lbid=2 )  [ RunTime:0.000327s ]
SQL: SELECT * FROM `tb_ath` WHERE ( f_ath_mdid=16 AND (f_ath_rlid=1) )  [ RunTime:0.000599s ]
SQL: SELECT * FROM `tb_ath` WHERE ( f_ath_mdid=17 AND (f_ath_rlid=1) )  [ RunTime:0.000596s ]
SQL: SELECT * FROM `tb_ath` WHERE ( f_ath_mdid=18 AND (f_ath_rlid=1) )  [ RunTime:0.000591s ]
SQL: SELECT * FROM `tb_ath` WHERE ( f_ath_mdid=19 AND (f_ath_rlid=1) )  [ RunTime:0.000923s ]
SQL: SELECT * FROM `tb_ath` WHERE ( f_ath_mdid=20 AND (f_ath_rlid=1) )  [ RunTime:0.000628s ]
SQL: SELECT * FROM `tb_ath` WHERE ( f_ath_mdid=21 AND (f_ath_rlid=1) )  [ RunTime:0.000611s ]
SQL: SELECT * FROM `tb_ath` WHERE ( f_ath_mdid=22 AND (f_ath_rlid=1) )  [ RunTime:0.000598s ]
SQL: SELECT * FROM `tb_ath` WHERE ( f_ath_mdid=23 AND (f_ath_rlid=1) )  [ RunTime:0.000590s ]
SQL: SELECT * FROM `tb_btn` WHERE ( f_btn_usrid=1 AND btnnm='bs2' ) LIMIT 1   [ RunTime:0.000254s ]
SQL: SELECT * FROM `tb_btn` WHERE ( f_btn_usrid=1 AND btnnm='bs2' ) LIMIT 1   [ RunTime:0.000248s ]
SQL: SELECT * FROM `tb_lbmd` LEFT JOIN tb_md ON f_lbmd_mdid=mdid WHERE ( f_lbmd_lbid=3 )  [ RunTime:0.000345s ]
SQL: SELECT * FROM `tb_ath` WHERE ( f_ath_mdid=25 AND (f_ath_rlid=1) )  [ RunTime:0.000590s ]
SQL: SELECT * FROM `tb_ath` WHERE ( f_ath_mdid=26 AND (f_ath_rlid=1) )  [ RunTime:0.000600s ]
SQL: SELECT * FROM `tb_ath` WHERE ( f_ath_mdid=27 AND (f_ath_rlid=1) )  [ RunTime:0.000592s ]
SQL: SELECT * FROM `tb_ath` WHERE ( f_ath_mdid=28 AND (f_ath_rlid=1) )  [ RunTime:0.000591s ]
SQL: SELECT * FROM `tb_ath` WHERE ( f_ath_mdid=29 AND (f_ath_rlid=1) )  [ RunTime:0.000600s ]
SQL: SELECT * FROM `tb_ath` WHERE ( f_ath_mdid=30 AND (f_ath_rlid=1) )  [ RunTime:0.000584s ]
SQL: SELECT * FROM `tb_ath` WHERE ( f_ath_mdid=31 AND (f_ath_rlid=1) )  [ RunTime:0.000590s ]
SQL: SELECT * FROM `tb_ath` WHERE ( f_ath_mdid=32 AND (f_ath_rlid=1) )  [ RunTime:0.000592s ]
SQL: SELECT * FROM `tb_ath` WHERE ( f_ath_mdid=33 AND (f_ath_rlid=1) )  [ RunTime:0.000587s ]
SQL: SELECT * FROM `tb_ath` WHERE ( f_ath_mdid=34 AND (f_ath_rlid=1) )  [ RunTime:0.000786s ]
SQL: SELECT * FROM `tb_ath` WHERE ( f_ath_mdid=35 AND (f_ath_rlid=1) )  [ RunTime:0.000936s ]
SQL: SELECT * FROM `tb_ath` WHERE ( f_ath_mdid=36 AND (f_ath_rlid=1) )  [ RunTime:0.000885s ]
SQL: SELECT * FROM `tb_ath` WHERE ( f_ath_mdid=37 AND (f_ath_rlid=1) )  [ RunTime:0.000641s ]
SQL: SELECT * FROM `tb_ath` WHERE ( f_ath_mdid=38 AND (f_ath_rlid=1) )  [ RunTime:0.000588s ]
SQL: SELECT * FROM `tb_btn` WHERE ( f_btn_usrid=1 AND btnnm='bs3' ) LIMIT 1   [ RunTime:0.000261s ]
SQL: SELECT * FROM `tb_btn` WHERE ( f_btn_usrid=1 AND btnnm='bs3' ) LIMIT 1   [ RunTime:0.000251s ]
INFO: [ view_parse ] --START--
NOTIC: [8] Use of undefined constant lbid - assumed 'lbid' C:\wamp\www\xx\admin\Runtime\Cache\b6c4d276a86b499514dd248e605ec306.php 第 147 行.
NOTIC: [8] Use of undefined constant lbid - assumed 'lbid' C:\wamp\www\xx\admin\Runtime\Cache\b6c4d276a86b499514dd248e605ec306.php 第 147 行.
NOTIC: [8] Use of undefined constant lbid - assumed 'lbid' C:\wamp\www\xx\admin\Runtime\Cache\b6c4d276a86b499514dd248e605ec306.php 第 147 行.
NOTIC: [8] Undefined index: mdmk C:\wamp\www\xx\admin\Runtime\Cache\b6c4d276a86b499514dd248e605ec306.php 第 168 行.
NOTIC: [8] Undefined index: mdnm C:\wamp\www\xx\admin\Runtime\Cache\b6c4d276a86b499514dd248e605ec306.php 第 169 行.
INFO: ParseTemplate Behavior ::run [ RunTime:0.025761s ]
INFO: [ view_parse ] --END-- [ RunTime:0.025899s ]
INFO: [ view_filter ] --START--
INFO: ContentReplace Behavior ::run [ RunTime:0.000630s ]
INFO: TokenBuild Behavior ::run [ RunTime:0.000556s ]
INFO: WriteHtmlCache Behavior ::run [ RunTime:0.000375s ]
INFO: ShowRuntime Behavior ::run [ RunTime:0.000646s ]
INFO: [ view_filter ] --END-- [ RunTime:0.002557s ]
INFO: [ view_end ] --START--
INFO: ShowPageTrace Behavior ::run [ RunTime:0.000673s ]
INFO: [ view_end ] --END-- [ RunTime:0.000794s ]

[ 2015-04-02T08:25:37+08:00 ] 127.0.0.1 /xx/admin.php/Md/update
INFO: [ route_check ] --START--
INFO: CheckRoute Behavior ::run [ RunTime:0.000977s ]
INFO: [ route_check ] --END-- [ RunTime:0.001123s ]
INFO: [ app_begin ] --START--
INFO: ReadHtmlCache Behavior ::run [ RunTime:0.000643s ]
INFO: [ app_begin ] --END-- [ RunTime:0.000747s ]
SQL: SHOW COLUMNS FROM `tb_md` [ RunTime:0.002425s ]
SQL: INSERT INTO `tb_md` (`mdmk`,`mdnm`) VALUES ('Std','学生模块') [ RunTime:0.188259s ]
SQL: SELECT * FROM `tb_md` ORDER BY mdid DESC LIMIT 1   [ RunTime:0.000411s ]
SQL: SHOW COLUMNS FROM `tb_rl` [ RunTime:0.042029s ]
SQL: SHOW COLUMNS FROM `tb_ath` [ RunTime:0.002566s ]
SQL: SELECT * FROM `tb_rl`  [ RunTime:0.004153s ]
SQL: INSERT INTO `tb_ath` (`f_ath_rlid`,`f_ath_mdid`,`atha`,`athd`,`athm`,`athv`,`aths`) VALUES (1,39,1,1,1,1,1) [ RunTime:0.174898s ]
SQL: INSERT INTO `tb_ath` (`f_ath_rlid`,`f_ath_mdid`,`atha`,`athd`,`athm`,`athv`,`aths`) VALUES (2,39,0,0,0,0,0) [ RunTime:0.094342s ]
SQL: INSERT INTO `tb_ath` (`f_ath_rlid`,`f_ath_mdid`,`atha`,`athd`,`athm`,`athv`,`aths`) VALUES (3,39,0,0,0,0,0) [ RunTime:0.076626s ]
SQL: INSERT INTO `tb_ath` (`f_ath_rlid`,`f_ath_mdid`,`atha`,`athd`,`athm`,`athv`,`aths`) VALUES (4,39,0,0,0,0,0) [ RunTime:0.092771s ]
SQL: INSERT INTO `tb_ath` (`f_ath_rlid`,`f_ath_mdid`,`atha`,`athd`,`athm`,`athv`,`aths`) VALUES (5,39,0,0,0,0,0) [ RunTime:0.087895s ]
SQL: INSERT INTO `tb_ath` (`f_ath_rlid`,`f_ath_mdid`,`atha`,`athd`,`athm`,`athv`,`aths`) VALUES (6,39,0,0,0,0,0) [ RunTime:0.125869s ]
SQL: INSERT INTO `tb_ath` (`f_ath_rlid`,`f_ath_mdid`,`atha`,`athd`,`athm`,`athv`,`aths`) VALUES (7,39,0,0,0,0,0) [ RunTime:0.100520s ]
SQL: INSERT INTO `tb_ath` (`f_ath_rlid`,`f_ath_mdid`,`atha`,`athd`,`athm`,`athv`,`aths`) VALUES (8,39,0,0,0,0,0) [ RunTime:0.103605s ]
SQL: INSERT INTO `tb_ath` (`f_ath_rlid`,`f_ath_mdid`,`atha`,`athd`,`athm`,`athv`,`aths`) VALUES (9,39,0,0,0,0,0) [ RunTime:0.076834s ]
SQL: INSERT INTO `tb_ath` (`f_ath_rlid`,`f_ath_mdid`,`atha`,`athd`,`athm`,`athv`,`aths`) VALUES (10,39,0,0,0,0,0) [ RunTime:0.076889s ]
SQL: INSERT INTO `tb_ath` (`f_ath_rlid`,`f_ath_mdid`,`atha`,`athd`,`athm`,`athv`,`aths`) VALUES (11,39,0,0,0,0,0) [ RunTime:0.132070s ]
SQL: INSERT INTO `tb_ath` (`f_ath_rlid`,`f_ath_mdid`,`atha`,`athd`,`athm`,`athv`,`aths`) VALUES (12,39,0,0,0,0,0) [ RunTime:0.076840s ]
SQL: INSERT INTO `tb_ath` (`f_ath_rlid`,`f_ath_mdid`,`atha`,`athd`,`athm`,`athv`,`aths`) VALUES (13,39,0,0,0,0,0) [ RunTime:0.094408s ]
SQL: INSERT INTO `tb_ath` (`f_ath_rlid`,`f_ath_mdid`,`atha`,`athd`,`athm`,`athv`,`aths`) VALUES (14,39,0,0,0,0,0) [ RunTime:0.076748s ]
SQL: INSERT INTO `tb_ath` (`f_ath_rlid`,`f_ath_mdid`,`atha`,`athd`,`athm`,`athv`,`aths`) VALUES (15,39,0,0,0,0,0) [ RunTime:0.076837s ]
SQL: INSERT INTO `tb_ath` (`f_ath_rlid`,`f_ath_mdid`,`atha`,`athd`,`athm`,`athv`,`aths`) VALUES (16,39,0,0,0,0,0) [ RunTime:0.109976s ]
SQL: INSERT INTO `tb_ath` (`f_ath_rlid`,`f_ath_mdid`,`atha`,`athd`,`athm`,`athv`,`aths`) VALUES (17,39,0,0,0,0,0) [ RunTime:0.076857s ]
SQL: INSERT INTO `tb_ath` (`f_ath_rlid`,`f_ath_mdid`,`atha`,`athd`,`athm`,`athv`,`aths`) VALUES (18,39,0,0,0,0,0) [ RunTime:0.076869s ]

[ 2015-04-02T08:25:38+08:00 ] 127.0.0.1 /xx/admin.php/Md/query
INFO: [ route_check ] --START--
INFO: CheckRoute Behavior ::run [ RunTime:0.000953s ]
INFO: [ route_check ] --END-- [ RunTime:0.001097s ]
INFO: [ app_begin ] --START--
INFO: ReadHtmlCache Behavior ::run [ RunTime:0.000641s ]
INFO: [ app_begin ] --END-- [ RunTime:0.000764s ]
SQL: SHOW COLUMNS FROM `tb_usr` [ RunTime:0.003276s ]
SQL: SELECT * FROM `tb_usr` WHERE ( usrid=1 AND usrps=1 ) LIMIT 1   [ RunTime:0.000459s ]
SQL: SELECT * FROM `tb_usr` WHERE ( usrid=1 ) LIMIT 1   [ RunTime:0.000396s ]
SQL: SHOW COLUMNS FROM `tb_md` [ RunTime:0.002650s ]
SQL: SELECT * FROM `tb_md` WHERE ( mdmk='Md' ) LIMIT 1   [ RunTime:0.000346s ]
SQL: SELECT * FROM `tb_usr` WHERE ( usrid=1 AND usrps=1 ) LIMIT 1   [ RunTime:0.000399s ]
SQL: SHOW COLUMNS FROM `tb_usrrl` [ RunTime:0.002574s ]
SQL: SELECT * FROM `tb_usrrl` WHERE ( f_usrrl_usrid=1 )  [ RunTime:0.000354s ]
SQL: SHOW COLUMNS FROM `tb_ath` [ RunTime:0.002981s ]
SQL: SELECT * FROM `tb_ath` WHERE ( f_ath_mdid=1 AND (f_ath_rlid=1) )  [ RunTime:0.000716s ]
SQL: SELECT * FROM `tb_md` WHERE ( mdmk='Usr' ) LIMIT 1   [ RunTime:0.000320s ]
SQL: SELECT * FROM `tb_usr` WHERE ( usrid=1 AND usrps=1 ) LIMIT 1   [ RunTime:0.000302s ]
SQL: SELECT * FROM `tb_usrrl` WHERE ( f_usrrl_usrid=1 )  [ RunTime:0.000259s ]
SQL: SELECT * FROM `tb_ath` WHERE ( f_ath_mdid=2 AND (f_ath_rlid=1) )  [ RunTime:0.000601s ]
SQL: SELECT COUNT(*) AS tp_count FROM `tb_usr` WHERE ( usrvw=0 ) LIMIT 1   [ RunTime:0.000260s ]
SQL: SELECT * FROM `tb_md` WHERE ( mdmk='Cstmusr' ) LIMIT 1   [ RunTime:0.000242s ]
SQL: SELECT * FROM `tb_usr` WHERE ( usrid=1 AND usrps=1 ) LIMIT 1   [ RunTime:0.000291s ]
SQL: SELECT * FROM `tb_usrrl` WHERE ( f_usrrl_usrid=1 )  [ RunTime:0.000255s ]
SQL: SELECT * FROM `tb_ath` WHERE ( f_ath_mdid=16 AND (f_ath_rlid=1) )  [ RunTime:0.000602s ]
SQL: SHOW COLUMNS FROM `tb_cstmusr` [ RunTime:0.002771s ]
SQL: SELECT COUNT(*) AS tp_count FROM `tb_cstmusr` WHERE ( cstmusrvw=0 ) LIMIT 1   [ RunTime:0.000272s ]
SQL: SELECT * FROM `tb_md` WHERE ( mdmk='Atc' ) LIMIT 1   [ RunTime:0.000257s ]
SQL: SELECT * FROM `tb_usr` WHERE ( usrid=1 AND usrps=1 ) LIMIT 1   [ RunTime:0.000352s ]
SQL: SELECT * FROM `tb_usrrl` WHERE ( f_usrrl_usrid=1 )  [ RunTime:0.000305s ]
SQL: SELECT * FROM `tb_ath` WHERE ( f_ath_mdid=6 AND (f_ath_rlid=1) )  [ RunTime:0.000891s ]
SQL: SHOW COLUMNS FROM `tb_atc` [ RunTime:0.002927s ]
SQL: SELECT COUNT(*) AS tp_count FROM `tb_atc` WHERE ( atcvw=0 ) LIMIT 1   [ RunTime:0.000297s ]
NOTIC: [8] Undefined variable: ntfstrusr C:\wamp\www\xx\admin\Lib\NTF\NTFAction.class.php 第 52 行.
NOTIC: [8] Undefined variable: ntfstrcstmusr C:\wamp\www\xx\admin\Lib\NTF\NTFAction.class.php 第 52 行.
SQL: SHOW COLUMNS FROM `tb_btn` [ RunTime:0.002488s ]
SQL: SELECT * FROM `tb_btn` WHERE ( f_btn_usrid=1 AND btnnm='lft' ) LIMIT 1   [ RunTime:0.000289s ]
SQL: SELECT * FROM `tb_btn` WHERE ( f_btn_usrid=1 AND btnnm='lft' ) LIMIT 1   [ RunTime:0.000251s ]
SQL: SELECT * FROM `tb_usrrl` WHERE ( f_usrrl_usrid=1 )  [ RunTime:0.000256s ]
SQL: SHOW COLUMNS FROM `tb_lb` [ RunTime:0.002412s ]
SQL: SHOW COLUMNS FROM `tb_lbmd` [ RunTime:0.003143s ]
SQL: SELECT * FROM `tb_lb`  [ RunTime:0.000276s ]
SQL: SELECT * FROM `tb_lbmd` LEFT JOIN tb_md ON f_lbmd_mdid=mdid WHERE ( f_lbmd_lbid=1 )  [ RunTime:0.000402s ]
SQL: SELECT * FROM `tb_ath` WHERE ( f_ath_mdid=1 AND (f_ath_rlid=1) )  [ RunTime:0.000625s ]
SQL: SELECT * FROM `tb_ath` WHERE ( f_ath_mdid=2 AND (f_ath_rlid=1) )  [ RunTime:0.000597s ]
SQL: SELECT * FROM `tb_ath` WHERE ( f_ath_mdid=3 AND (f_ath_rlid=1) )  [ RunTime:0.000596s ]
SQL: SELECT * FROM `tb_ath` WHERE ( f_ath_mdid=4 AND (f_ath_rlid=1) )  [ RunTime:0.000584s ]
SQL: SELECT * FROM `tb_ath` WHERE ( f_ath_mdid=5 AND (f_ath_rlid=1) )  [ RunTime:0.000590s ]
SQL: SELECT * FROM `tb_ath` WHERE ( f_ath_mdid=6 AND (f_ath_rlid=1) )  [ RunTime:0.000592s ]
SQL: SELECT * FROM `tb_ath` WHERE ( f_ath_mdid=7 AND (f_ath_rlid=1) )  [ RunTime:0.000583s ]
SQL: SELECT * FROM `tb_ath` WHERE ( f_ath_mdid=8 AND (f_ath_rlid=1) )  [ RunTime:0.000586s ]
SQL: SELECT * FROM `tb_ath` WHERE ( f_ath_mdid=9 AND (f_ath_rlid=1) )  [ RunTime:0.000578s ]
SQL: SELECT * FROM `tb_ath` WHERE ( f_ath_mdid=11 AND (f_ath_rlid=1) )  [ RunTime:0.000988s ]
SQL: SELECT * FROM `tb_ath` WHERE ( f_ath_mdid=12 AND (f_ath_rlid=1) )  [ RunTime:0.000693s ]
SQL: SELECT * FROM `tb_ath` WHERE ( f_ath_mdid=13 AND (f_ath_rlid=1) )  [ RunTime:0.000571s ]
SQL: SELECT * FROM `tb_ath` WHERE ( f_ath_mdid=14 AND (f_ath_rlid=1) )  [ RunTime:0.000597s ]
SQL: SELECT * FROM `tb_ath` WHERE ( f_ath_mdid=15 AND (f_ath_rlid=1) )  [ RunTime:0.000595s ]
SQL: SELECT * FROM `tb_ath` WHERE ( f_ath_mdid=24 AND (f_ath_rlid=1) )  [ RunTime:0.000642s ]
SQL: SELECT * FROM `tb_btn` WHERE ( f_btn_usrid=1 AND btnnm='bs1' ) LIMIT 1   [ RunTime:0.000285s ]
SQL: SELECT * FROM `tb_btn` WHERE ( f_btn_usrid=1 AND btnnm='bs1' ) LIMIT 1   [ RunTime:0.000277s ]
SQL: SELECT * FROM `tb_lbmd` LEFT JOIN tb_md ON f_lbmd_mdid=mdid WHERE ( f_lbmd_lbid=2 )  [ RunTime:0.000363s ]
SQL: SELECT * FROM `tb_ath` WHERE ( f_ath_mdid=16 AND (f_ath_rlid=1) )  [ RunTime:0.000638s ]
SQL: SELECT * FROM `tb_ath` WHERE ( f_ath_mdid=17 AND (f_ath_rlid=1) )  [ RunTime:0.000636s ]
SQL: SELECT * FROM `tb_ath` WHERE ( f_ath_mdid=18 AND (f_ath_rlid=1) )  [ RunTime:0.000628s ]
SQL: SELECT * FROM `tb_ath` WHERE ( f_ath_mdid=19 AND (f_ath_rlid=1) )  [ RunTime:0.000644s ]
SQL: SELECT * FROM `tb_ath` WHERE ( f_ath_mdid=20 AND (f_ath_rlid=1) )  [ RunTime:0.000637s ]
SQL: SELECT * FROM `tb_ath` WHERE ( f_ath_mdid=21 AND (f_ath_rlid=1) )  [ RunTime:0.000700s ]
SQL: SELECT * FROM `tb_ath` WHERE ( f_ath_mdid=22 AND (f_ath_rlid=1) )  [ RunTime:0.000693s ]
SQL: SELECT * FROM `tb_ath` WHERE ( f_ath_mdid=23 AND (f_ath_rlid=1) )  [ RunTime:0.000698s ]
SQL: SELECT * FROM `tb_btn` WHERE ( f_btn_usrid=1 AND btnnm='bs2' ) LIMIT 1   [ RunTime:0.000295s ]
SQL: SELECT * FROM `tb_btn` WHERE ( f_btn_usrid=1 AND btnnm='bs2' ) LIMIT 1   [ RunTime:0.000282s ]
SQL: SELECT * FROM `tb_lbmd` LEFT JOIN tb_md ON f_lbmd_mdid=mdid WHERE ( f_lbmd_lbid=3 )  [ RunTime:0.000396s ]
SQL: SELECT * FROM `tb_ath` WHERE ( f_ath_mdid=25 AND (f_ath_rlid=1) )  [ RunTime:0.000631s ]
SQL: SELECT * FROM `tb_ath` WHERE ( f_ath_mdid=26 AND (f_ath_rlid=1) )  [ RunTime:0.000637s ]
SQL: SELECT * FROM `tb_ath` WHERE ( f_ath_mdid=27 AND (f_ath_rlid=1) )  [ RunTime:0.000665s ]
SQL: SELECT * FROM `tb_ath` WHERE ( f_ath_mdid=28 AND (f_ath_rlid=1) )  [ RunTime:0.000609s ]
SQL: SELECT * FROM `tb_ath` WHERE ( f_ath_mdid=29 AND (f_ath_rlid=1) )  [ RunTime:0.000601s ]
SQL: SELECT * FROM `tb_ath` WHERE ( f_ath_mdid=30 AND (f_ath_rlid=1) )  [ RunTime:0.000595s ]
SQL: SELECT * FROM `tb_ath` WHERE ( f_ath_mdid=31 AND (f_ath_rlid=1) )  [ RunTime:0.000599s ]
SQL: SELECT * FROM `tb_ath` WHERE ( f_ath_mdid=32 AND (f_ath_rlid=1) )  [ RunTime:0.000596s ]
SQL: SELECT * FROM `tb_ath` WHERE ( f_ath_mdid=33 AND (f_ath_rlid=1) )  [ RunTime:0.000592s ]
SQL: SELECT * FROM `tb_ath` WHERE ( f_ath_mdid=34 AND (f_ath_rlid=1) )  [ RunTime:0.000594s ]
SQL: SELECT * FROM `tb_ath` WHERE ( f_ath_mdid=35 AND (f_ath_rlid=1) )  [ RunTime:0.001144s ]
SQL: SELECT * FROM `tb_ath` WHERE ( f_ath_mdid=36 AND (f_ath_rlid=1) )  [ RunTime:0.000801s ]
SQL: SELECT * FROM `tb_ath` WHERE ( f_ath_mdid=37 AND (f_ath_rlid=1) )  [ RunTime:0.000945s ]
SQL: SELECT * FROM `tb_ath` WHERE ( f_ath_mdid=38 AND (f_ath_rlid=1) )  [ RunTime:0.000650s ]
SQL: SELECT * FROM `tb_btn` WHERE ( f_btn_usrid=1 AND btnnm='bs3' ) LIMIT 1   [ RunTime:0.000263s ]
SQL: SELECT * FROM `tb_btn` WHERE ( f_btn_usrid=1 AND btnnm='bs3' ) LIMIT 1   [ RunTime:0.000242s ]
NOTIC: [2] Missing argument 8 for NBAction::NB(), called in C:\wamp\www\xx\admin\Lib\Action\MdAction.class.php on line 92 and defined C:\wamp\www\xx\admin\Lib\NB\NBAction.class.php 第 46 行.
NOTIC: [8] Undefined index: NBsqlstc C:\wamp\www\xx\admin\Lib\NB\NBAction.class.php 第 49 行.
NOTIC: [8] Undefined index: NBsqlstc C:\wamp\www\xx\admin\Lib\NB\NBAction.class.php 第 49 行.
NOTIC: [8] Undefined index: fld C:\wamp\www\xx\admin\Lib\NB\NBAction.class.php 第 139 行.
NOTIC: [8] Undefined index: fld C:\wamp\www\xx\admin\Lib\NB\NBAction.class.php 第 141 行.
NOTIC: [8] Undefined index: cdt C:\wamp\www\xx\admin\Lib\NB\NBAction.class.php 第 144 行.
NOTIC: [8] Undefined index: cdt C:\wamp\www\xx\admin\Lib\NB\NBAction.class.php 第 146 行.
NOTIC: [8] Undefined index: spccdt C:\wamp\www\xx\admin\Lib\NB\NBAction.class.php 第 149 行.
NOTIC: [8] Undefined index: spccdt C:\wamp\www\xx\admin\Lib\NB\NBAction.class.php 第 151 行.
NOTIC: [8] Undefined index: odr C:\wamp\www\xx\admin\Lib\NB\NBAction.class.php 第 154 行.
NOTIC: [8] Undefined index: odr C:\wamp\www\xx\admin\Lib\NB\NBAction.class.php 第 156 行.
NOTIC: [8] Undefined index: lmt C:\wamp\www\xx\admin\Lib\NB\NBAction.class.php 第 159 行.
NOTIC: [8] Undefined index: lmt C:\wamp\www\xx\admin\Lib\NB\NBAction.class.php 第 161 行.
NOTIC: [8] Undefined variable: odrpcd C:\wamp\www\xx\admin\Lib\NB\NBAction.class.php 第 33 行.
NOTIC: [8] Undefined variable: lsyon C:\wamp\www\xx\admin\Lib\NB\NBAction.class.php 第 182 行.
SQL: SELECT COUNT(*) AS tp_count FROM `tb_md` WHERE ( 1=1 ) ORDER BY mdid ASC LIMIT 1   [ RunTime:0.000288s ]
NOTIC: [8] Undefined variable: sqlstc C:\wamp\www\xx\admin\Lib\NB\NBAction.class.php 第 201 行.
SQL: SELECT `mdid`,`mdmk`,`mdnm` FROM `tb_md` WHERE ( 1=1 ) ORDER BY mdid ASC LIMIT 0,20   [ RunTime:0.000465s ]
NOTIC: [8] Undefined variable: sqlstc C:\wamp\www\xx\admin\Lib\NB\NBAction.class.php 第 258 行.
NOTIC: [8] Undefined variable: mlsforcount C:\wamp\www\xx\admin\Lib\NB\NBAction.class.php 第 267 行.
INFO: [ view_parse ] --START--
NOTIC: [8] Use of undefined constant lbid - assumed 'lbid' C:\wamp\www\xx\admin\Runtime\Cache\b84f5e3fea2b03d28212a1fe20cfd5c7.php 第 145 行.
NOTIC: [8] Use of undefined constant lbid - assumed 'lbid' C:\wamp\www\xx\admin\Runtime\Cache\b84f5e3fea2b03d28212a1fe20cfd5c7.php 第 145 行.
NOTIC: [8] Use of undefined constant lbid - assumed 'lbid' C:\wamp\www\xx\admin\Runtime\Cache\b84f5e3fea2b03d28212a1fe20cfd5c7.php 第 145 行.
INFO: ParseTemplate Behavior ::run [ RunTime:0.019027s ]
INFO: [ view_parse ] --END-- [ RunTime:0.019208s ]
INFO: [ view_filter ] --START--
INFO: ContentReplace Behavior ::run [ RunTime:0.000654s ]
INFO: TokenBuild Behavior ::run [ RunTime:0.000549s ]
INFO: WriteHtmlCache Behavior ::run [ RunTime:0.000376s ]
INFO: ShowRuntime Behavior ::run [ RunTime:0.000640s ]
INFO: [ view_filter ] --END-- [ RunTime:0.002558s ]
INFO: [ view_end ] --START--
INFO: ShowPageTrace Behavior ::run [ RunTime:0.000669s ]
INFO: [ view_end ] --END-- [ RunTime:0.000791s ]

[ 2015-04-02T08:25:41+08:00 ] 127.0.0.1 /xx/admin.php/Lbmd/query
INFO: [ route_check ] --START--
INFO: CheckRoute Behavior ::run [ RunTime:0.000949s ]
INFO: [ route_check ] --END-- [ RunTime:0.001093s ]
INFO: [ app_begin ] --START--
INFO: ReadHtmlCache Behavior ::run [ RunTime:0.000639s ]
INFO: [ app_begin ] --END-- [ RunTime:0.000764s ]
SQL: SHOW COLUMNS FROM `tb_usr` [ RunTime:0.002748s ]
SQL: SELECT * FROM `tb_usr` WHERE ( usrid=1 AND usrps=1 ) LIMIT 1   [ RunTime:0.000337s ]
SQL: SELECT * FROM `tb_usr` WHERE ( usrid=1 ) LIMIT 1   [ RunTime:0.000267s ]
SQL: SHOW COLUMNS FROM `tb_md` [ RunTime:0.003366s ]
SQL: SELECT * FROM `tb_md` WHERE ( mdmk='Lbmd' ) LIMIT 1   [ RunTime:0.000403s ]
SQL: SELECT * FROM `tb_usr` WHERE ( usrid=1 AND usrps=1 ) LIMIT 1   [ RunTime:0.000446s ]
SQL: SHOW COLUMNS FROM `tb_usrrl` [ RunTime:0.002649s ]
SQL: SELECT * FROM `tb_usrrl` WHERE ( f_usrrl_usrid=1 )  [ RunTime:0.000356s ]
SQL: SHOW COLUMNS FROM `tb_ath` [ RunTime:0.002617s ]
SQL: SELECT * FROM `tb_ath` WHERE ( f_ath_mdid=15 AND (f_ath_rlid=1) )  [ RunTime:0.000688s ]
SQL: SELECT * FROM `tb_md` WHERE ( mdmk='Usr' ) LIMIT 1   [ RunTime:0.000305s ]
SQL: SELECT * FROM `tb_usr` WHERE ( usrid=1 AND usrps=1 ) LIMIT 1   [ RunTime:0.000338s ]
SQL: SELECT * FROM `tb_usrrl` WHERE ( f_usrrl_usrid=1 )  [ RunTime:0.000300s ]
SQL: SELECT * FROM `tb_ath` WHERE ( f_ath_mdid=2 AND (f_ath_rlid=1) )  [ RunTime:0.000714s ]
SQL: SELECT COUNT(*) AS tp_count FROM `tb_usr` WHERE ( usrvw=0 ) LIMIT 1   [ RunTime:0.000304s ]
SQL: SELECT * FROM `tb_md` WHERE ( mdmk='Cstmusr' ) LIMIT 1   [ RunTime:0.000264s ]
SQL: SELECT * FROM `tb_usr` WHERE ( usrid=1 AND usrps=1 ) LIMIT 1   [ RunTime:0.000300s ]
SQL: SELECT * FROM `tb_usrrl` WHERE ( f_usrrl_usrid=1 )  [ RunTime:0.000255s ]
SQL: SELECT * FROM `tb_ath` WHERE ( f_ath_mdid=16 AND (f_ath_rlid=1) )  [ RunTime:0.000601s ]
SQL: SHOW COLUMNS FROM `tb_cstmusr` [ RunTime:0.002779s ]
SQL: SELECT COUNT(*) AS tp_count FROM `tb_cstmusr` WHERE ( cstmusrvw=0 ) LIMIT 1   [ RunTime:0.000270s ]
SQL: SELECT * FROM `tb_md` WHERE ( mdmk='Atc' ) LIMIT 1   [ RunTime:0.000256s ]
SQL: SELECT * FROM `tb_usr` WHERE ( usrid=1 AND usrps=1 ) LIMIT 1   [ RunTime:0.000472s ]
SQL: SELECT * FROM `tb_usrrl` WHERE ( f_usrrl_usrid=1 )  [ RunTime:0.000297s ]
SQL: SELECT * FROM `tb_ath` WHERE ( f_ath_mdid=6 AND (f_ath_rlid=1) )  [ RunTime:0.000622s ]
SQL: SHOW COLUMNS FROM `tb_atc` [ RunTime:0.003237s ]
SQL: SELECT COUNT(*) AS tp_count FROM `tb_atc` WHERE ( atcvw=0 ) LIMIT 1   [ RunTime:0.000362s ]
NOTIC: [8] Undefined variable: ntfstrusr C:\wamp\www\xx\admin\Lib\NTF\NTFAction.class.php 第 52 行.
NOTIC: [8] Undefined variable: ntfstrcstmusr C:\wamp\www\xx\admin\Lib\NTF\NTFAction.class.php 第 52 行.
SQL: SHOW COLUMNS FROM `tb_btn` [ RunTime:0.002559s ]
SQL: SELECT * FROM `tb_btn` WHERE ( f_btn_usrid=1 AND btnnm='lft' ) LIMIT 1   [ RunTime:0.000296s ]
SQL: SELECT * FROM `tb_btn` WHERE ( f_btn_usrid=1 AND btnnm='lft' ) LIMIT 1   [ RunTime:0.000260s ]
SQL: SELECT * FROM `tb_usrrl` WHERE ( f_usrrl_usrid=1 )  [ RunTime:0.000262s ]
SQL: SHOW COLUMNS FROM `tb_lb` [ RunTime:0.002396s ]
SQL: SHOW COLUMNS FROM `tb_lbmd` [ RunTime:0.002984s ]
SQL: SELECT * FROM `tb_lb`  [ RunTime:0.000273s ]
SQL: SELECT * FROM `tb_lbmd` LEFT JOIN tb_md ON f_lbmd_mdid=mdid WHERE ( f_lbmd_lbid=1 )  [ RunTime:0.000481s ]
SQL: SELECT * FROM `tb_ath` WHERE ( f_ath_mdid=1 AND (f_ath_rlid=1) )  [ RunTime:0.000862s ]
SQL: SELECT * FROM `tb_ath` WHERE ( f_ath_mdid=2 AND (f_ath_rlid=1) )  [ RunTime:0.000622s ]
SQL: SELECT * FROM `tb_ath` WHERE ( f_ath_mdid=3 AND (f_ath_rlid=1) )  [ RunTime:0.000606s ]
SQL: SELECT * FROM `tb_ath` WHERE ( f_ath_mdid=4 AND (f_ath_rlid=1) )  [ RunTime:0.000604s ]
SQL: SELECT * FROM `tb_ath` WHERE ( f_ath_mdid=5 AND (f_ath_rlid=1) )  [ RunTime:0.000606s ]
SQL: SELECT * FROM `tb_ath` WHERE ( f_ath_mdid=6 AND (f_ath_rlid=1) )  [ RunTime:0.000598s ]
SQL: SELECT * FROM `tb_ath` WHERE ( f_ath_mdid=7 AND (f_ath_rlid=1) )  [ RunTime:0.000598s ]
SQL: SELECT * FROM `tb_ath` WHERE ( f_ath_mdid=8 AND (f_ath_rlid=1) )  [ RunTime:0.000607s ]
SQL: SELECT * FROM `tb_ath` WHERE ( f_ath_mdid=9 AND (f_ath_rlid=1) )  [ RunTime:0.000594s ]
SQL: SELECT * FROM `tb_ath` WHERE ( f_ath_mdid=11 AND (f_ath_rlid=1) )  [ RunTime:0.000605s ]
SQL: SELECT * FROM `tb_ath` WHERE ( f_ath_mdid=12 AND (f_ath_rlid=1) )  [ RunTime:0.000614s ]
SQL: SELECT * FROM `tb_ath` WHERE ( f_ath_mdid=13 AND (f_ath_rlid=1) )  [ RunTime:0.000879s ]
SQL: SELECT * FROM `tb_ath` WHERE ( f_ath_mdid=14 AND (f_ath_rlid=1) )  [ RunTime:0.000617s ]
SQL: SELECT * FROM `tb_ath` WHERE ( f_ath_mdid=15 AND (f_ath_rlid=1) )  [ RunTime:0.000600s ]
SQL: SELECT * FROM `tb_ath` WHERE ( f_ath_mdid=24 AND (f_ath_rlid=1) )  [ RunTime:0.000895s ]
SQL: SELECT * FROM `tb_btn` WHERE ( f_btn_usrid=1 AND btnnm='bs1' ) LIMIT 1   [ RunTime:0.000320s ]
SQL: SELECT * FROM `tb_btn` WHERE ( f_btn_usrid=1 AND btnnm='bs1' ) LIMIT 1   [ RunTime:0.000257s ]
SQL: SELECT * FROM `tb_lbmd` LEFT JOIN tb_md ON f_lbmd_mdid=mdid WHERE ( f_lbmd_lbid=2 )  [ RunTime:0.000332s ]
SQL: SELECT * FROM `tb_ath` WHERE ( f_ath_mdid=16 AND (f_ath_rlid=1) )  [ RunTime:0.000613s ]
SQL: SELECT * FROM `tb_ath` WHERE ( f_ath_mdid=17 AND (f_ath_rlid=1) )  [ RunTime:0.000603s ]
SQL: SELECT * FROM `tb_ath` WHERE ( f_ath_mdid=18 AND (f_ath_rlid=1) )  [ RunTime:0.000601s ]
SQL: SELECT * FROM `tb_ath` WHERE ( f_ath_mdid=19 AND (f_ath_rlid=1) )  [ RunTime:0.000606s ]
SQL: SELECT * FROM `tb_ath` WHERE ( f_ath_mdid=20 AND (f_ath_rlid=1) )  [ RunTime:0.000603s ]
SQL: SELECT * FROM `tb_ath` WHERE ( f_ath_mdid=21 AND (f_ath_rlid=1) )  [ RunTime:0.000605s ]
SQL: SELECT * FROM `tb_ath` WHERE ( f_ath_mdid=22 AND (f_ath_rlid=1) )  [ RunTime:0.000607s ]
SQL: SELECT * FROM `tb_ath` WHERE ( f_ath_mdid=23 AND (f_ath_rlid=1) )  [ RunTime:0.000600s ]
SQL: SELECT * FROM `tb_btn` WHERE ( f_btn_usrid=1 AND btnnm='bs2' ) LIMIT 1   [ RunTime:0.000257s ]
SQL: SELECT * FROM `tb_btn` WHERE ( f_btn_usrid=1 AND btnnm='bs2' ) LIMIT 1   [ RunTime:0.000517s ]
SQL: SELECT * FROM `tb_lbmd` LEFT JOIN tb_md ON f_lbmd_mdid=mdid WHERE ( f_lbmd_lbid=3 )  [ RunTime:0.000446s ]
SQL: SELECT * FROM `tb_ath` WHERE ( f_ath_mdid=25 AND (f_ath_rlid=1) )  [ RunTime:0.000622s ]
SQL: SELECT * FROM `tb_ath` WHERE ( f_ath_mdid=26 AND (f_ath_rlid=1) )  [ RunTime:0.000817s ]
SQL: SELECT * FROM `tb_ath` WHERE ( f_ath_mdid=27 AND (f_ath_rlid=1) )  [ RunTime:0.000804s ]
SQL: SELECT * FROM `tb_ath` WHERE ( f_ath_mdid=28 AND (f_ath_rlid=1) )  [ RunTime:0.000612s ]
SQL: SELECT * FROM `tb_ath` WHERE ( f_ath_mdid=29 AND (f_ath_rlid=1) )  [ RunTime:0.000607s ]
SQL: SELECT * FROM `tb_ath` WHERE ( f_ath_mdid=30 AND (f_ath_rlid=1) )  [ RunTime:0.000599s ]
SQL: SELECT * FROM `tb_ath` WHERE ( f_ath_mdid=31 AND (f_ath_rlid=1) )  [ RunTime:0.000604s ]
SQL: SELECT * FROM `tb_ath` WHERE ( f_ath_mdid=32 AND (f_ath_rlid=1) )  [ RunTime:0.000596s ]
SQL: SELECT * FROM `tb_ath` WHERE ( f_ath_mdid=33 AND (f_ath_rlid=1) )  [ RunTime:0.000594s ]
SQL: SELECT * FROM `tb_ath` WHERE ( f_ath_mdid=34 AND (f_ath_rlid=1) )  [ RunTime:0.000602s ]
SQL: SELECT * FROM `tb_ath` WHERE ( f_ath_mdid=35 AND (f_ath_rlid=1) )  [ RunTime:0.000597s ]
SQL: SELECT * FROM `tb_ath` WHERE ( f_ath_mdid=36 AND (f_ath_rlid=1) )  [ RunTime:0.000601s ]
SQL: SELECT * FROM `tb_ath` WHERE ( f_ath_mdid=37 AND (f_ath_rlid=1) )  [ RunTime:0.000602s ]
SQL: SELECT * FROM `tb_ath` WHERE ( f_ath_mdid=38 AND (f_ath_rlid=1) )  [ RunTime:0.000592s ]
SQL: SELECT * FROM `tb_btn` WHERE ( f_btn_usrid=1 AND btnnm='bs3' ) LIMIT 1   [ RunTime:0.000279s ]
SQL: SELECT * FROM `tb_btn` WHERE ( f_btn_usrid=1 AND btnnm='bs3' ) LIMIT 1   [ RunTime:0.000307s ]
NOTIC: [2] Missing argument 8 for NBAction::NB(), called in C:\wamp\www\xx\admin\Lib\Action\LbmdAction.class.php on line 107 and defined C:\wamp\www\xx\admin\Lib\NB\NBAction.class.php 第 46 行.
NOTIC: [8] Undefined index: NBsqlstc C:\wamp\www\xx\admin\Lib\NB\NBAction.class.php 第 49 行.
NOTIC: [8] Undefined index: NBsqlstc C:\wamp\www\xx\admin\Lib\NB\NBAction.class.php 第 49 行.
NOTIC: [8] Undefined index: fld C:\wamp\www\xx\admin\Lib\NB\NBAction.class.php 第 139 行.
NOTIC: [8] Undefined index: fld C:\wamp\www\xx\admin\Lib\NB\NBAction.class.php 第 141 行.
NOTIC: [8] Undefined index: cdt C:\wamp\www\xx\admin\Lib\NB\NBAction.class.php 第 144 行.
NOTIC: [8] Undefined index: cdt C:\wamp\www\xx\admin\Lib\NB\NBAction.class.php 第 146 行.
NOTIC: [8] Undefined index: spccdt C:\wamp\www\xx\admin\Lib\NB\NBAction.class.php 第 149 行.
NOTIC: [8] Undefined index: spccdt C:\wamp\www\xx\admin\Lib\NB\NBAction.class.php 第 151 行.
NOTIC: [8] Undefined index: odr C:\wamp\www\xx\admin\Lib\NB\NBAction.class.php 第 154 行.
NOTIC: [8] Undefined index: odr C:\wamp\www\xx\admin\Lib\NB\NBAction.class.php 第 156 行.
NOTIC: [8] Undefined index: lmt C:\wamp\www\xx\admin\Lib\NB\NBAction.class.php 第 159 行.
NOTIC: [8] Undefined index: lmt C:\wamp\www\xx\admin\Lib\NB\NBAction.class.php 第 161 行.
NOTIC: [8] Undefined variable: odrpcd C:\wamp\www\xx\admin\Lib\NB\NBAction.class.php 第 41 行.
NOTIC: [8] Undefined variable: lsyon C:\wamp\www\xx\admin\Lib\NB\NBAction.class.php 第 182 行.
SQL: SELECT COUNT(*) AS tp_count FROM `tb_lbmd` LEFT JOIN tb_lb ON f_lbmd_lbid=lbid LEFT JOIN tb_md ON f_lbmd_mdid=mdid WHERE ( 1=1 ) LIMIT 1   [ RunTime:0.000534s ]
NOTIC: [8] Undefined variable: sqlstc C:\wamp\www\xx\admin\Lib\NB\NBAction.class.php 第 201 行.
SQL: SELECT `lbmdid`,`lbnm`,`mdnm` FROM `tb_lbmd` LEFT JOIN tb_lb ON f_lbmd_lbid=lbid LEFT JOIN tb_md ON f_lbmd_mdid=mdid WHERE ( 1=1 ) LIMIT 0,20   [ RunTime:0.000444s ]
NOTIC: [8] Undefined variable: sqlstc C:\wamp\www\xx\admin\Lib\NB\NBAction.class.php 第 258 行.
NOTIC: [8] Undefined variable: mlsforcount C:\wamp\www\xx\admin\Lib\NB\NBAction.class.php 第 267 行.
SQL: SELECT * FROM `tb_lb`  [ RunTime:0.000208s ]
SQL: SELECT * FROM `tb_md`  [ RunTime:0.000327s ]
INFO: [ view_parse ] --START--
NOTIC: [8] Use of undefined constant lbid - assumed 'lbid' C:\wamp\www\xx\admin\Runtime\Cache\14fee5d10fc185aed197731dee2c6e3e.php 第 144 行.
NOTIC: [8] Use of undefined constant lbid - assumed 'lbid' C:\wamp\www\xx\admin\Runtime\Cache\14fee5d10fc185aed197731dee2c6e3e.php 第 144 行.
NOTIC: [8] Use of undefined constant lbid - assumed 'lbid' C:\wamp\www\xx\admin\Runtime\Cache\14fee5d10fc185aed197731dee2c6e3e.php 第 144 行.
INFO: ParseTemplate Behavior ::run [ RunTime:0.056445s ]
INFO: [ view_parse ] --END-- [ RunTime:0.056640s ]
INFO: [ view_filter ] --START--
INFO: ContentReplace Behavior ::run [ RunTime:0.000733s ]
INFO: TokenBuild Behavior ::run [ RunTime:0.000550s ]
INFO: WriteHtmlCache Behavior ::run [ RunTime:0.000373s ]
INFO: ShowRuntime Behavior ::run [ RunTime:0.000660s ]
INFO: [ view_filter ] --END-- [ RunTime:0.002650s ]
INFO: [ view_end ] --START--
INFO: ShowPageTrace Behavior ::run [ RunTime:0.000670s ]
INFO: [ view_end ] --END-- [ RunTime:0.000789s ]

[ 2015-04-02T08:25:45+08:00 ] 127.0.0.1 /xx/admin.php/Lbmd/gtxpg/x/updt/lbmdid/0
INFO: [ route_check ] --START--
INFO: CheckRoute Behavior ::run [ RunTime:0.000947s ]
INFO: [ route_check ] --END-- [ RunTime:0.001091s ]
INFO: [ app_begin ] --START--
INFO: ReadHtmlCache Behavior ::run [ RunTime:0.000643s ]
INFO: [ app_begin ] --END-- [ RunTime:0.000766s ]
SQL: SHOW COLUMNS FROM `tb_usr` [ RunTime:0.002906s ]
SQL: SELECT * FROM `tb_usr` WHERE ( usrid=1 AND usrps=1 ) LIMIT 1   [ RunTime:0.000494s ]
SQL: SELECT * FROM `tb_usr` WHERE ( usrid=1 ) LIMIT 1   [ RunTime:0.000304s ]
SQL: SHOW COLUMNS FROM `tb_md` [ RunTime:0.002607s ]
SQL: SELECT * FROM `tb_md` WHERE ( mdmk='Lbmd' ) LIMIT 1   [ RunTime:0.045151s ]
SQL: SELECT * FROM `tb_usr` WHERE ( usrid=1 AND usrps=1 ) LIMIT 1   [ RunTime:0.000320s ]
SQL: SHOW COLUMNS FROM `tb_usrrl` [ RunTime:0.002508s ]
SQL: SELECT * FROM `tb_usrrl` WHERE ( f_usrrl_usrid=1 )  [ RunTime:0.000363s ]
SQL: SHOW COLUMNS FROM `tb_ath` [ RunTime:0.002574s ]
SQL: SELECT * FROM `tb_ath` WHERE ( f_ath_mdid=15 AND (f_ath_rlid=1) )  [ RunTime:0.000712s ]
SQL: SELECT * FROM `tb_md` WHERE ( mdmk='Usr' ) LIMIT 1   [ RunTime:0.000343s ]
SQL: SELECT * FROM `tb_usr` WHERE ( usrid=1 AND usrps=1 ) LIMIT 1   [ RunTime:0.000395s ]
SQL: SELECT * FROM `tb_usrrl` WHERE ( f_usrrl_usrid=1 )  [ RunTime:0.000284s ]
SQL: SELECT * FROM `tb_ath` WHERE ( f_ath_mdid=2 AND (f_ath_rlid=1) )  [ RunTime:0.000715s ]
SQL: SELECT COUNT(*) AS tp_count FROM `tb_usr` WHERE ( usrvw=0 ) LIMIT 1   [ RunTime:0.000251s ]
SQL: SELECT * FROM `tb_md` WHERE ( mdmk='Cstmusr' ) LIMIT 1   [ RunTime:0.000276s ]
SQL: SELECT * FROM `tb_usr` WHERE ( usrid=1 AND usrps=1 ) LIMIT 1   [ RunTime:0.000300s ]
SQL: SELECT * FROM `tb_usrrl` WHERE ( f_usrrl_usrid=1 )  [ RunTime:0.000259s ]
SQL: SELECT * FROM `tb_ath` WHERE ( f_ath_mdid=16 AND (f_ath_rlid=1) )  [ RunTime:0.000593s ]
SQL: SHOW COLUMNS FROM `tb_cstmusr` [ RunTime:0.002720s ]
SQL: SELECT COUNT(*) AS tp_count FROM `tb_cstmusr` WHERE ( cstmusrvw=0 ) LIMIT 1   [ RunTime:0.000276s ]
SQL: SELECT * FROM `tb_md` WHERE ( mdmk='Atc' ) LIMIT 1   [ RunTime:0.000257s ]
SQL: SELECT * FROM `tb_usr` WHERE ( usrid=1 AND usrps=1 ) LIMIT 1   [ RunTime:0.000302s ]
SQL: SELECT * FROM `tb_usrrl` WHERE ( f_usrrl_usrid=1 )  [ RunTime:0.000260s ]
SQL: SELECT * FROM `tb_ath` WHERE ( f_ath_mdid=6 AND (f_ath_rlid=1) )  [ RunTime:0.000606s ]
SQL: SHOW COLUMNS FROM `tb_atc` [ RunTime:0.002811s ]
SQL: SELECT COUNT(*) AS tp_count FROM `tb_atc` WHERE ( atcvw=0 ) LIMIT 1   [ RunTime:0.000343s ]
NOTIC: [8] Undefined variable: ntfstrusr C:\wamp\www\xx\admin\Lib\NTF\NTFAction.class.php 第 52 行.
NOTIC: [8] Undefined variable: ntfstrcstmusr C:\wamp\www\xx\admin\Lib\NTF\NTFAction.class.php 第 52 行.
SQL: SHOW COLUMNS FROM `tb_btn` [ RunTime:0.002543s ]
SQL: SELECT * FROM `tb_btn` WHERE ( f_btn_usrid=1 AND btnnm='lft' ) LIMIT 1   [ RunTime:0.000296s ]
SQL: SELECT * FROM `tb_btn` WHERE ( f_btn_usrid=1 AND btnnm='lft' ) LIMIT 1   [ RunTime:0.000257s ]
SQL: SELECT * FROM `tb_usrrl` WHERE ( f_usrrl_usrid=1 )  [ RunTime:0.000256s ]
SQL: SHOW COLUMNS FROM `tb_lb` [ RunTime:0.002340s ]
SQL: SHOW COLUMNS FROM `tb_lbmd` [ RunTime:0.002339s ]
SQL: SELECT * FROM `tb_lb`  [ RunTime:0.000247s ]
SQL: SELECT * FROM `tb_lbmd` LEFT JOIN tb_md ON f_lbmd_mdid=mdid WHERE ( f_lbmd_lbid=1 )  [ RunTime:0.000354s ]
SQL: SELECT * FROM `tb_ath` WHERE ( f_ath_mdid=1 AND (f_ath_rlid=1) )  [ RunTime:0.000612s ]
SQL: SELECT * FROM `tb_ath` WHERE ( f_ath_mdid=2 AND (f_ath_rlid=1) )  [ RunTime:0.000791s ]
SQL: SELECT * FROM `tb_ath` WHERE ( f_ath_mdid=3 AND (f_ath_rlid=1) )  [ RunTime:0.000621s ]
SQL: SELECT * FROM `tb_ath` WHERE ( f_ath_mdid=4 AND (f_ath_rlid=1) )  [ RunTime:0.000882s ]
SQL: SELECT * FROM `tb_ath` WHERE ( f_ath_mdid=5 AND (f_ath_rlid=1) )  [ RunTime:0.000611s ]
SQL: SELECT * FROM `tb_ath` WHERE ( f_ath_mdid=6 AND (f_ath_rlid=1) )  [ RunTime:0.000599s ]
SQL: SELECT * FROM `tb_ath` WHERE ( f_ath_mdid=7 AND (f_ath_rlid=1) )  [ RunTime:0.000591s ]
SQL: SELECT * FROM `tb_ath` WHERE ( f_ath_mdid=8 AND (f_ath_rlid=1) )  [ RunTime:0.000603s ]
SQL: SELECT * FROM `tb_ath` WHERE ( f_ath_mdid=9 AND (f_ath_rlid=1) )  [ RunTime:0.000596s ]
SQL: SELECT * FROM `tb_ath` WHERE ( f_ath_mdid=11 AND (f_ath_rlid=1) )  [ RunTime:0.000601s ]
SQL: SELECT * FROM `tb_ath` WHERE ( f_ath_mdid=12 AND (f_ath_rlid=1) )  [ RunTime:0.000602s ]
SQL: SELECT * FROM `tb_ath` WHERE ( f_ath_mdid=13 AND (f_ath_rlid=1) )  [ RunTime:0.000596s ]
SQL: SELECT * FROM `tb_ath` WHERE ( f_ath_mdid=14 AND (f_ath_rlid=1) )  [ RunTime:0.000600s ]
SQL: SELECT * FROM `tb_ath` WHERE ( f_ath_mdid=15 AND (f_ath_rlid=1) )  [ RunTime:0.000595s ]
SQL: SELECT * FROM `tb_ath` WHERE ( f_ath_mdid=24 AND (f_ath_rlid=1) )  [ RunTime:0.000602s ]
SQL: SELECT * FROM `tb_btn` WHERE ( f_btn_usrid=1 AND btnnm='bs1' ) LIMIT 1   [ RunTime:0.000255s ]
SQL: SELECT * FROM `tb_btn` WHERE ( f_btn_usrid=1 AND btnnm='bs1' ) LIMIT 1   [ RunTime:0.000249s ]
SQL: SELECT * FROM `tb_lbmd` LEFT JOIN tb_md ON f_lbmd_mdid=mdid WHERE ( f_lbmd_lbid=2 )  [ RunTime:0.000359s ]
SQL: SELECT * FROM `tb_ath` WHERE ( f_ath_mdid=16 AND (f_ath_rlid=1) )  [ RunTime:0.000977s ]
SQL: SELECT * FROM `tb_ath` WHERE ( f_ath_mdid=17 AND (f_ath_rlid=1) )  [ RunTime:0.000889s ]
SQL: SELECT * FROM `tb_ath` WHERE ( f_ath_mdid=18 AND (f_ath_rlid=1) )  [ RunTime:0.000596s ]
SQL: SELECT * FROM `tb_ath` WHERE ( f_ath_mdid=19 AND (f_ath_rlid=1) )  [ RunTime:0.000606s ]
SQL: SELECT * FROM `tb_ath` WHERE ( f_ath_mdid=20 AND (f_ath_rlid=1) )  [ RunTime:0.000596s ]
SQL: SELECT * FROM `tb_ath` WHERE ( f_ath_mdid=21 AND (f_ath_rlid=1) )  [ RunTime:0.000607s ]
SQL: SELECT * FROM `tb_ath` WHERE ( f_ath_mdid=22 AND (f_ath_rlid=1) )  [ RunTime:0.000608s ]
SQL: SELECT * FROM `tb_ath` WHERE ( f_ath_mdid=23 AND (f_ath_rlid=1) )  [ RunTime:0.000594s ]
SQL: SELECT * FROM `tb_btn` WHERE ( f_btn_usrid=1 AND btnnm='bs2' ) LIMIT 1   [ RunTime:0.000265s ]
SQL: SELECT * FROM `tb_btn` WHERE ( f_btn_usrid=1 AND btnnm='bs2' ) LIMIT 1   [ RunTime:0.000253s ]
SQL: SELECT * FROM `tb_lbmd` LEFT JOIN tb_md ON f_lbmd_mdid=mdid WHERE ( f_lbmd_lbid=3 )  [ RunTime:0.000350s ]
SQL: SELECT * FROM `tb_ath` WHERE ( f_ath_mdid=25 AND (f_ath_rlid=1) )  [ RunTime:0.000603s ]
SQL: SELECT * FROM `tb_ath` WHERE ( f_ath_mdid=26 AND (f_ath_rlid=1) )  [ RunTime:0.000605s ]
SQL: SELECT * FROM `tb_ath` WHERE ( f_ath_mdid=27 AND (f_ath_rlid=1) )  [ RunTime:0.000618s ]
SQL: SELECT * FROM `tb_ath` WHERE ( f_ath_mdid=28 AND (f_ath_rlid=1) )  [ RunTime:0.000616s ]
SQL: SELECT * FROM `tb_ath` WHERE ( f_ath_mdid=29 AND (f_ath_rlid=1) )  [ RunTime:0.000768s ]
SQL: SELECT * FROM `tb_ath` WHERE ( f_ath_mdid=30 AND (f_ath_rlid=1) )  [ RunTime:0.000723s ]
SQL: SELECT * FROM `tb_ath` WHERE ( f_ath_mdid=31 AND (f_ath_rlid=1) )  [ RunTime:0.000994s ]
SQL: SELECT * FROM `tb_ath` WHERE ( f_ath_mdid=32 AND (f_ath_rlid=1) )  [ RunTime:0.000636s ]
SQL: SELECT * FROM `tb_ath` WHERE ( f_ath_mdid=33 AND (f_ath_rlid=1) )  [ RunTime:0.000599s ]
SQL: SELECT * FROM `tb_ath` WHERE ( f_ath_mdid=34 AND (f_ath_rlid=1) )  [ RunTime:0.000597s ]
SQL: SELECT * FROM `tb_ath` WHERE ( f_ath_mdid=35 AND (f_ath_rlid=1) )  [ RunTime:0.000619s ]
SQL: SELECT * FROM `tb_ath` WHERE ( f_ath_mdid=36 AND (f_ath_rlid=1) )  [ RunTime:0.000607s ]
SQL: SELECT * FROM `tb_ath` WHERE ( f_ath_mdid=37 AND (f_ath_rlid=1) )  [ RunTime:0.000592s ]
SQL: SELECT * FROM `tb_ath` WHERE ( f_ath_mdid=38 AND (f_ath_rlid=1) )  [ RunTime:0.000558s ]
SQL: SELECT * FROM `tb_btn` WHERE ( f_btn_usrid=1 AND btnnm='bs3' ) LIMIT 1   [ RunTime:0.000231s ]
SQL: SELECT * FROM `tb_btn` WHERE ( f_btn_usrid=1 AND btnnm='bs3' ) LIMIT 1   [ RunTime:0.000234s ]
SQL: SELECT * FROM `tb_md` LEFT JOIN tb_lbmd ON f_lbmd_mdid=mdid WHERE ( lbmdid IS NULL )  [ RunTime:0.019541s ]
SQL: SELECT * FROM `tb_lb`  [ RunTime:0.000323s ]
INFO: [ view_parse ] --START--
NOTIC: [8] Use of undefined constant lbid - assumed 'lbid' C:\wamp\www\xx\admin\Runtime\Cache\4b2e4afd5d7fb3d446af1a6f244a3eb0.php 第 147 行.
NOTIC: [8] Use of undefined constant lbid - assumed 'lbid' C:\wamp\www\xx\admin\Runtime\Cache\4b2e4afd5d7fb3d446af1a6f244a3eb0.php 第 147 行.
NOTIC: [8] Use of undefined constant lbid - assumed 'lbid' C:\wamp\www\xx\admin\Runtime\Cache\4b2e4afd5d7fb3d446af1a6f244a3eb0.php 第 147 行.
NOTIC: [8] Undefined index: f_lbmd_lbid C:\wamp\www\xx\admin\Runtime\Cache\4b2e4afd5d7fb3d446af1a6f244a3eb0.php 第 174 行.
NOTIC: [8] Undefined index: f_lbmd_mdid C:\wamp\www\xx\admin\Runtime\Cache\4b2e4afd5d7fb3d446af1a6f244a3eb0.php 第 184 行.
INFO: ParseTemplate Behavior ::run [ RunTime:0.060660s ]
INFO: [ view_parse ] --END-- [ RunTime:0.060839s ]
INFO: [ view_filter ] --START--
INFO: ContentReplace Behavior ::run [ RunTime:0.000791s ]
INFO: TokenBuild Behavior ::run [ RunTime:0.000582s ]
INFO: WriteHtmlCache Behavior ::run [ RunTime:0.000436s ]
INFO: ShowRuntime Behavior ::run [ RunTime:0.000643s ]
INFO: [ view_filter ] --END-- [ RunTime:0.002942s ]
INFO: [ view_end ] --START--
INFO: ShowPageTrace Behavior ::run [ RunTime:0.000677s ]
INFO: [ view_end ] --END-- [ RunTime:0.000798s ]

[ 2015-04-02T08:25:48+08:00 ] 127.0.0.1 /xx/admin.php/Lbmd/update
INFO: [ route_check ] --START--
INFO: CheckRoute Behavior ::run [ RunTime:0.001415s ]
INFO: [ route_check ] --END-- [ RunTime:0.001604s ]
INFO: [ app_begin ] --START--
INFO: ReadHtmlCache Behavior ::run [ RunTime:0.000808s ]
INFO: [ app_begin ] --END-- [ RunTime:0.000949s ]
SQL: SHOW COLUMNS FROM `tb_lbmd` [ RunTime:0.002992s ]
SQL: SELECT * FROM `tb_lbmd` WHERE ( f_lbmd_lbid=3 AND f_lbmd_mdid=39 ) LIMIT 1   [ RunTime:0.000382s ]
SQL: INSERT INTO `tb_lbmd` (`f_lbmd_lbid`,`f_lbmd_mdid`) VALUES (3,39) [ RunTime:0.361280s ]

[ 2015-04-02T08:25:49+08:00 ] 127.0.0.1 /xx/admin.php/Lbmd/query
INFO: [ route_check ] --START--
INFO: CheckRoute Behavior ::run [ RunTime:0.000950s ]
INFO: [ route_check ] --END-- [ RunTime:0.001094s ]
INFO: [ app_begin ] --START--
INFO: ReadHtmlCache Behavior ::run [ RunTime:0.000639s ]
INFO: [ app_begin ] --END-- [ RunTime:0.000761s ]
SQL: SHOW COLUMNS FROM `tb_usr` [ RunTime:0.003294s ]
SQL: SELECT * FROM `tb_usr` WHERE ( usrid=1 AND usrps=1 ) LIMIT 1   [ RunTime:0.000503s ]
SQL: SELECT * FROM `tb_usr` WHERE ( usrid=1 ) LIMIT 1   [ RunTime:0.000377s ]
SQL: SHOW COLUMNS FROM `tb_md` [ RunTime:0.002853s ]
SQL: SELECT * FROM `tb_md` WHERE ( mdmk='Lbmd' ) LIMIT 1   [ RunTime:0.000363s ]
SQL: SELECT * FROM `tb_usr` WHERE ( usrid=1 AND usrps=1 ) LIMIT 1   [ RunTime:0.000326s ]
SQL: SHOW COLUMNS FROM `tb_usrrl` [ RunTime:0.002507s ]
SQL: SELECT * FROM `tb_usrrl` WHERE ( f_usrrl_usrid=1 )  [ RunTime:0.000290s ]
SQL: SHOW COLUMNS FROM `tb_ath` [ RunTime:0.002539s ]
SQL: SELECT * FROM `tb_ath` WHERE ( f_ath_mdid=15 AND (f_ath_rlid=1) )  [ RunTime:0.000648s ]
SQL: SELECT * FROM `tb_md` WHERE ( mdmk='Usr' ) LIMIT 1   [ RunTime:0.000263s ]
SQL: SELECT * FROM `tb_usr` WHERE ( usrid=1 AND usrps=1 ) LIMIT 1   [ RunTime:0.000309s ]
SQL: SELECT * FROM `tb_usrrl` WHERE ( f_usrrl_usrid=1 )  [ RunTime:0.000376s ]
SQL: SELECT * FROM `tb_ath` WHERE ( f_ath_mdid=2 AND (f_ath_rlid=1) )  [ RunTime:0.000806s ]
SQL: SELECT COUNT(*) AS tp_count FROM `tb_usr` WHERE ( usrvw=0 ) LIMIT 1   [ RunTime:0.000271s ]
SQL: SELECT * FROM `tb_md` WHERE ( mdmk='Cstmusr' ) LIMIT 1   [ RunTime:0.000271s ]
SQL: SELECT * FROM `tb_usr` WHERE ( usrid=1 AND usrps=1 ) LIMIT 1   [ RunTime:0.000305s ]
SQL: SELECT * FROM `tb_usrrl` WHERE ( f_usrrl_usrid=1 )  [ RunTime:0.000263s ]
SQL: SELECT * FROM `tb_ath` WHERE ( f_ath_mdid=16 AND (f_ath_rlid=1) )  [ RunTime:0.000608s ]
SQL: SHOW COLUMNS FROM `tb_cstmusr` [ RunTime:0.002856s ]
SQL: SELECT COUNT(*) AS tp_count FROM `tb_cstmusr` WHERE ( cstmusrvw=0 ) LIMIT 1   [ RunTime:0.000277s ]
SQL: SELECT * FROM `tb_md` WHERE ( mdmk='Atc' ) LIMIT 1   [ RunTime:0.000269s ]
SQL: SELECT * FROM `tb_usr` WHERE ( usrid=1 AND usrps=1 ) LIMIT 1   [ RunTime:0.000308s ]
SQL: SELECT * FROM `tb_usrrl` WHERE ( f_usrrl_usrid=1 )  [ RunTime:0.000263s ]
SQL: SELECT * FROM `tb_ath` WHERE ( f_ath_mdid=6 AND (f_ath_rlid=1) )  [ RunTime:0.000613s ]
SQL: SHOW COLUMNS FROM `tb_atc` [ RunTime:0.003108s ]
SQL: SELECT COUNT(*) AS tp_count FROM `tb_atc` WHERE ( atcvw=0 ) LIMIT 1   [ RunTime:0.000302s ]
NOTIC: [8] Undefined variable: ntfstrusr C:\wamp\www\xx\admin\Lib\NTF\NTFAction.class.php 第 52 行.
NOTIC: [8] Undefined variable: ntfstrcstmusr C:\wamp\www\xx\admin\Lib\NTF\NTFAction.class.php 第 52 行.
SQL: SHOW COLUMNS FROM `tb_btn` [ RunTime:0.002609s ]
SQL: SELECT * FROM `tb_btn` WHERE ( f_btn_usrid=1 AND btnnm='lft' ) LIMIT 1   [ RunTime:0.000303s ]
SQL: SELECT * FROM `tb_btn` WHERE ( f_btn_usrid=1 AND btnnm='lft' ) LIMIT 1   [ RunTime:0.000272s ]
SQL: SELECT * FROM `tb_usrrl` WHERE ( f_usrrl_usrid=1 )  [ RunTime:0.000269s ]
SQL: SHOW COLUMNS FROM `tb_lb` [ RunTime:0.002374s ]
SQL: SHOW COLUMNS FROM `tb_lbmd` [ RunTime:0.002333s ]
SQL: SELECT * FROM `tb_lb`  [ RunTime:0.000251s ]
SQL: SELECT * FROM `tb_lbmd` LEFT JOIN tb_md ON f_lbmd_mdid=mdid WHERE ( f_lbmd_lbid=1 )  [ RunTime:0.000373s ]
SQL: SELECT * FROM `tb_ath` WHERE ( f_ath_mdid=1 AND (f_ath_rlid=1) )  [ RunTime:0.000911s ]
SQL: SELECT * FROM `tb_ath` WHERE ( f_ath_mdid=2 AND (f_ath_rlid=1) )  [ RunTime:0.000613s ]
SQL: SELECT * FROM `tb_ath` WHERE ( f_ath_mdid=3 AND (f_ath_rlid=1) )  [ RunTime:0.000630s ]
SQL: SELECT * FROM `tb_ath` WHERE ( f_ath_mdid=4 AND (f_ath_rlid=1) )  [ RunTime:0.000611s ]
SQL: SELECT * FROM `tb_ath` WHERE ( f_ath_mdid=5 AND (f_ath_rlid=1) )  [ RunTime:0.000612s ]
SQL: SELECT * FROM `tb_ath` WHERE ( f_ath_mdid=6 AND (f_ath_rlid=1) )  [ RunTime:0.000610s ]
SQL: SELECT * FROM `tb_ath` WHERE ( f_ath_mdid=7 AND (f_ath_rlid=1) )  [ RunTime:0.000604s ]
SQL: SELECT * FROM `tb_ath` WHERE ( f_ath_mdid=8 AND (f_ath_rlid=1) )  [ RunTime:0.000603s ]
SQL: SELECT * FROM `tb_ath` WHERE ( f_ath_mdid=9 AND (f_ath_rlid=1) )  [ RunTime:0.000598s ]
SQL: SELECT * FROM `tb_ath` WHERE ( f_ath_mdid=11 AND (f_ath_rlid=1) )  [ RunTime:0.000606s ]
SQL: SELECT * FROM `tb_ath` WHERE ( f_ath_mdid=12 AND (f_ath_rlid=1) )  [ RunTime:0.000608s ]
SQL: SELECT * FROM `tb_ath` WHERE ( f_ath_mdid=13 AND (f_ath_rlid=1) )  [ RunTime:0.000596s ]
SQL: SELECT * FROM `tb_ath` WHERE ( f_ath_mdid=14 AND (f_ath_rlid=1) )  [ RunTime:0.000603s ]
SQL: SELECT * FROM `tb_ath` WHERE ( f_ath_mdid=15 AND (f_ath_rlid=1) )  [ RunTime:0.000601s ]
SQL: SELECT * FROM `tb_ath` WHERE ( f_ath_mdid=24 AND (f_ath_rlid=1) )  [ RunTime:0.000605s ]
SQL: SELECT * FROM `tb_btn` WHERE ( f_btn_usrid=1 AND btnnm='bs1' ) LIMIT 1   [ RunTime:0.000260s ]
SQL: SELECT * FROM `tb_btn` WHERE ( f_btn_usrid=1 AND btnnm='bs1' ) LIMIT 1   [ RunTime:0.000572s ]
SQL: SELECT * FROM `tb_lbmd` LEFT JOIN tb_md ON f_lbmd_mdid=mdid WHERE ( f_lbmd_lbid=2 )  [ RunTime:0.000430s ]
SQL: SELECT * FROM `tb_ath` WHERE ( f_ath_mdid=16 AND (f_ath_rlid=1) )  [ RunTime:0.000612s ]
SQL: SELECT * FROM `tb_ath` WHERE ( f_ath_mdid=17 AND (f_ath_rlid=1) )  [ RunTime:0.000631s ]
SQL: SELECT * FROM `tb_ath` WHERE ( f_ath_mdid=18 AND (f_ath_rlid=1) )  [ RunTime:0.000610s ]
SQL: SELECT * FROM `tb_ath` WHERE ( f_ath_mdid=19 AND (f_ath_rlid=1) )  [ RunTime:0.000613s ]
SQL: SELECT * FROM `tb_ath` WHERE ( f_ath_mdid=20 AND (f_ath_rlid=1) )  [ RunTime:0.000602s ]
SQL: SELECT * FROM `tb_ath` WHERE ( f_ath_mdid=21 AND (f_ath_rlid=1) )  [ RunTime:0.000609s ]
SQL: SELECT * FROM `tb_ath` WHERE ( f_ath_mdid=22 AND (f_ath_rlid=1) )  [ RunTime:0.000611s ]
SQL: SELECT * FROM `tb_ath` WHERE ( f_ath_mdid=23 AND (f_ath_rlid=1) )  [ RunTime:0.000605s ]
SQL: SELECT * FROM `tb_btn` WHERE ( f_btn_usrid=1 AND btnnm='bs2' ) LIMIT 1   [ RunTime:0.000264s ]
SQL: SELECT * FROM `tb_btn` WHERE ( f_btn_usrid=1 AND btnnm='bs2' ) LIMIT 1   [ RunTime:0.000257s ]
SQL: SELECT * FROM `tb_lbmd` LEFT JOIN tb_md ON f_lbmd_mdid=mdid WHERE ( f_lbmd_lbid=3 )  [ RunTime:0.000352s ]
SQL: SELECT * FROM `tb_ath` WHERE ( f_ath_mdid=25 AND (f_ath_rlid=1) )  [ RunTime:0.000612s ]
SQL: SELECT * FROM `tb_ath` WHERE ( f_ath_mdid=26 AND (f_ath_rlid=1) )  [ RunTime:0.000605s ]
SQL: SELECT * FROM `tb_ath` WHERE ( f_ath_mdid=27 AND (f_ath_rlid=1) )  [ RunTime:0.000607s ]
SQL: SELECT * FROM `tb_ath` WHERE ( f_ath_mdid=28 AND (f_ath_rlid=1) )  [ RunTime:0.000612s ]
SQL: SELECT * FROM `tb_ath` WHERE ( f_ath_mdid=29 AND (f_ath_rlid=1) )  [ RunTime:0.000865s ]
SQL: SELECT * FROM `tb_ath` WHERE ( f_ath_mdid=30 AND (f_ath_rlid=1) )  [ RunTime:0.000909s ]
SQL: SELECT * FROM `tb_ath` WHERE ( f_ath_mdid=31 AND (f_ath_rlid=1) )  [ RunTime:0.000613s ]
SQL: SELECT * FROM `tb_ath` WHERE ( f_ath_mdid=32 AND (f_ath_rlid=1) )  [ RunTime:0.000612s ]
SQL: SELECT * FROM `tb_ath` WHERE ( f_ath_mdid=33 AND (f_ath_rlid=1) )  [ RunTime:0.000604s ]
SQL: SELECT * FROM `tb_ath` WHERE ( f_ath_mdid=34 AND (f_ath_rlid=1) )  [ RunTime:0.000607s ]
SQL: SELECT * FROM `tb_ath` WHERE ( f_ath_mdid=35 AND (f_ath_rlid=1) )  [ RunTime:0.000608s ]
SQL: SELECT * FROM `tb_ath` WHERE ( f_ath_mdid=36 AND (f_ath_rlid=1) )  [ RunTime:0.000600s ]
SQL: SELECT * FROM `tb_ath` WHERE ( f_ath_mdid=37 AND (f_ath_rlid=1) )  [ RunTime:0.000601s ]
SQL: SELECT * FROM `tb_ath` WHERE ( f_ath_mdid=38 AND (f_ath_rlid=1) )  [ RunTime:0.000597s ]
SQL: SELECT * FROM `tb_ath` WHERE ( f_ath_mdid=39 AND (f_ath_rlid=1) )  [ RunTime:0.000600s ]
SQL: SELECT * FROM `tb_btn` WHERE ( f_btn_usrid=1 AND btnnm='bs3' ) LIMIT 1   [ RunTime:0.000258s ]
SQL: SELECT * FROM `tb_btn` WHERE ( f_btn_usrid=1 AND btnnm='bs3' ) LIMIT 1   [ RunTime:0.000256s ]
NOTIC: [2] Missing argument 8 for NBAction::NB(), called in C:\wamp\www\xx\admin\Lib\Action\LbmdAction.class.php on line 107 and defined C:\wamp\www\xx\admin\Lib\NB\NBAction.class.php 第 46 行.
NOTIC: [8] Undefined index: NBsqlstc C:\wamp\www\xx\admin\Lib\NB\NBAction.class.php 第 49 行.
NOTIC: [8] Undefined index: NBsqlstc C:\wamp\www\xx\admin\Lib\NB\NBAction.class.php 第 49 行.
NOTIC: [8] Undefined index: fld C:\wamp\www\xx\admin\Lib\NB\NBAction.class.php 第 139 行.
NOTIC: [8] Undefined index: fld C:\wamp\www\xx\admin\Lib\NB\NBAction.class.php 第 141 行.
NOTIC: [8] Undefined index: cdt C:\wamp\www\xx\admin\Lib\NB\NBAction.class.php 第 144 行.
NOTIC: [8] Undefined index: cdt C:\wamp\www\xx\admin\Lib\NB\NBAction.class.php 第 146 行.
NOTIC: [8] Undefined index: spccdt C:\wamp\www\xx\admin\Lib\NB\NBAction.class.php 第 149 行.
NOTIC: [8] Undefined index: spccdt C:\wamp\www\xx\admin\Lib\NB\NBAction.class.php 第 151 行.
NOTIC: [8] Undefined index: odr C:\wamp\www\xx\admin\Lib\NB\NBAction.class.php 第 154 行.
NOTIC: [8] Undefined index: odr C:\wamp\www\xx\admin\Lib\NB\NBAction.class.php 第 156 行.
NOTIC: [8] Undefined index: lmt C:\wamp\www\xx\admin\Lib\NB\NBAction.class.php 第 159 行.
NOTIC: [8] Undefined index: lmt C:\wamp\www\xx\admin\Lib\NB\NBAction.class.php 第 161 行.
NOTIC: [8] Undefined variable: odrpcd C:\wamp\www\xx\admin\Lib\NB\NBAction.class.php 第 41 行.
NOTIC: [8] Undefined variable: lsyon C:\wamp\www\xx\admin\Lib\NB\NBAction.class.php 第 182 行.
SQL: SELECT COUNT(*) AS tp_count FROM `tb_lbmd` LEFT JOIN tb_lb ON f_lbmd_lbid=lbid LEFT JOIN tb_md ON f_lbmd_mdid=mdid WHERE ( 1=1 ) LIMIT 1   [ RunTime:0.000479s ]
NOTIC: [8] Undefined variable: sqlstc C:\wamp\www\xx\admin\Lib\NB\NBAction.class.php 第 201 行.
SQL: SELECT `lbmdid`,`lbnm`,`mdnm` FROM `tb_lbmd` LEFT JOIN tb_lb ON f_lbmd_lbid=lbid LEFT JOIN tb_md ON f_lbmd_mdid=mdid WHERE ( 1=1 ) LIMIT 0,20   [ RunTime:0.000458s ]
NOTIC: [8] Undefined variable: sqlstc C:\wamp\www\xx\admin\Lib\NB\NBAction.class.php 第 258 行.
NOTIC: [8] Undefined variable: mlsforcount C:\wamp\www\xx\admin\Lib\NB\NBAction.class.php 第 267 行.
SQL: SELECT * FROM `tb_lb`  [ RunTime:0.000236s ]
SQL: SELECT * FROM `tb_md`  [ RunTime:0.000334s ]
INFO: [ view_parse ] --START--
NOTIC: [8] Use of undefined constant lbid - assumed 'lbid' C:\wamp\www\xx\admin\Runtime\Cache\14fee5d10fc185aed197731dee2c6e3e.php 第 144 行.
NOTIC: [8] Use of undefined constant lbid - assumed 'lbid' C:\wamp\www\xx\admin\Runtime\Cache\14fee5d10fc185aed197731dee2c6e3e.php 第 144 行.
NOTIC: [8] Use of undefined constant lbid - assumed 'lbid' C:\wamp\www\xx\admin\Runtime\Cache\14fee5d10fc185aed197731dee2c6e3e.php 第 144 行.
INFO: ParseTemplate Behavior ::run [ RunTime:0.023958s ]
INFO: [ view_parse ] --END-- [ RunTime:0.024097s ]
INFO: [ view_filter ] --START--
INFO: ContentReplace Behavior ::run [ RunTime:0.000699s ]
INFO: TokenBuild Behavior ::run [ RunTime:0.000554s ]
INFO: WriteHtmlCache Behavior ::run [ RunTime:0.000522s ]
INFO: ShowRuntime Behavior ::run [ RunTime:0.000687s ]
INFO: [ view_filter ] --END-- [ RunTime:0.002820s ]
INFO: [ view_end ] --START--
INFO: ShowPageTrace Behavior ::run [ RunTime:0.000686s ]
INFO: [ view_end ] --END-- [ RunTime:0.000809s ]

[ 2015-04-02T08:25:55+08:00 ] 127.0.0.1 /xx/admin.php/Std/query
INFO: [ route_check ] --START--
INFO: CheckRoute Behavior ::run [ RunTime:0.000957s ]
INFO: [ route_check ] --END-- [ RunTime:0.001100s ]
INFO: [ app_begin ] --START--
INFO: ReadHtmlCache Behavior ::run [ RunTime:0.000638s ]
INFO: [ app_begin ] --END-- [ RunTime:0.000763s ]
SQL: SHOW COLUMNS FROM `tb_usr` [ RunTime:0.003337s ]
SQL: SELECT * FROM `tb_usr` WHERE ( usrid=1 AND usrps=1 ) LIMIT 1   [ RunTime:0.000378s ]
SQL: SELECT * FROM `tb_usr` WHERE ( usrid=1 ) LIMIT 1   [ RunTime:0.000293s ]
SQL: SHOW COLUMNS FROM `tb_md` [ RunTime:0.002562s ]
SQL: SELECT * FROM `tb_md` WHERE ( mdmk='Std' ) LIMIT 1   [ RunTime:0.000413s ]
SQL: SELECT * FROM `tb_usr` WHERE ( usrid=1 AND usrps=1 ) LIMIT 1   [ RunTime:0.000414s ]
SQL: SHOW COLUMNS FROM `tb_usrrl` [ RunTime:0.002555s ]
SQL: SELECT * FROM `tb_usrrl` WHERE ( f_usrrl_usrid=1 )  [ RunTime:0.000333s ]
SQL: SHOW COLUMNS FROM `tb_ath` [ RunTime:0.002562s ]
SQL: SELECT * FROM `tb_ath` WHERE ( f_ath_mdid=39 AND (f_ath_rlid=1) )  [ RunTime:0.000633s ]
SQL: SHOW COLUMNS FROM `tb_std` [ RunTime:0.036613s ]
ERR: 1146:Table 'db_xx.tb_std' doesn't exist
 [ SQL语句 ] : SHOW COLUMNS FROM `tb_std`
SQL: SHOW COLUMNS FROM `tb_dft` [ RunTime:0.002181s ]
ERR: 1146:Table 'db_xx.tb_dft' doesn't exist
 [ SQL语句 ] : SHOW COLUMNS FROM `tb_dft`
SQL: SELECT * FROM `tb_dft` WHERE ( dftid=1 ) LIMIT 1   [ RunTime:0.000331s ]
ERR: 1146:Table 'db_xx.tb_dft' doesn't exist
 [ SQL语句 ] : SELECT * FROM `tb_dft` WHERE ( dftid=1 ) LIMIT 1  
NOTIC: [2] Missing argument 8 for NBAction::NB(), called in C:\wamp\www\xx\admin\Lib\Action\StdAction.class.php on line 291 and defined C:\wamp\www\xx\admin\Lib\NB\NBAction.class.php 第 46 行.
NOTIC: [8] Undefined index: NBsqlstc C:\wamp\www\xx\admin\Lib\NB\NBAction.class.php 第 49 行.
NOTIC: [8] Undefined index: NBsqlstc C:\wamp\www\xx\admin\Lib\NB\NBAction.class.php 第 49 行.
NOTIC: [8] Undefined index: fld C:\wamp\www\xx\admin\Lib\NB\NBAction.class.php 第 139 行.
NOTIC: [8] Undefined index: fld C:\wamp\www\xx\admin\Lib\NB\NBAction.class.php 第 141 行.
NOTIC: [8] Undefined index: cdt C:\wamp\www\xx\admin\Lib\NB\NBAction.class.php 第 144 行.
NOTIC: [8] Undefined index: cdt C:\wamp\www\xx\admin\Lib\NB\NBAction.class.php 第 146 行.
NOTIC: [8] Undefined index: spccdt C:\wamp\www\xx\admin\Lib\NB\NBAction.class.php 第 149 行.
NOTIC: [8] Undefined index: spccdt C:\wamp\www\xx\admin\Lib\NB\NBAction.class.php 第 151 行.
NOTIC: [8] Undefined index: odr C:\wamp\www\xx\admin\Lib\NB\NBAction.class.php 第 154 行.
NOTIC: [8] Undefined index: odr C:\wamp\www\xx\admin\Lib\NB\NBAction.class.php 第 156 行.
NOTIC: [8] Undefined index: lmt C:\wamp\www\xx\admin\Lib\NB\NBAction.class.php 第 159 行.
NOTIC: [8] Undefined index: lmt C:\wamp\www\xx\admin\Lib\NB\NBAction.class.php 第 161 行.
NOTIC: [8] Undefined variable: odrpcd C:\wamp\www\xx\admin\Lib\NB\NBAction.class.php 第 35 行.
NOTIC: [8] Undefined variable: lsyon C:\wamp\www\xx\admin\Lib\NB\NBAction.class.php 第 182 行.
SQL: SELECT COUNT(*) AS tp_count FROM `tb_std` LEFT JOIN tb_bxxs ON f_std_bxxsid=bxxsid LEFT JOIN tb_stt ON f_std_sttid=sttid LEFT JOIN tb_grd ON f_std_grdid=grdid LEFT JOIN tb_mj ON f_std_mjid=mjid LEFT JOIN tb_cc ON f_mj_ccid=ccid LEFT JOIN tb_kl ON f_mj_klid=klid LEFT JOIN tb_xxxs ON f_mj_xxxsid=xxxsid LEFT JOIN tb_zsfw ON f_mj_zsfwid=zsfwid LEFT JOIN tb_xz ON f_mj_xzid=xzid LEFT JOIN tb_cls ON f_std_clsid=clsid LEFT JOIN tb_dm ON f_std_dmid=dmid LEFT JOIN tb_sex ON f_std_sexid=sexid LEFT JOIN tb_rc ON f_std_rcid=rcid LEFT JOIN tb_zzmm ON f_std_zzmmid=zzmmid LEFT JOIN tb_xl ON f_std_xlid=xlid LEFT JOIN tb_stat ON f_std_statid=statid WHERE ( 1=1 AND f_std_sttid= AND f_std_grdid= AND f_mj_ccid=3 AND f_mj_xxxsid=2 AND f_mj_zsfwid=2 AND f_mj_xzid=2 AND f_std_statid=5 ) ORDER BY f_std_bxxsid ASC,f_std_clsid ASC,stdno ASC LIMIT 1   [ RunTime:0.006284s ]
ERR: 1064:You have an error in your SQL syntax; check the manual that corresponds to your MySQL server version for the right syntax to use near 'AND f_std_grdid= AND f_mj_ccid=3 AND f_mj_xxxsid=2 AND f_mj_zsfwid=2 AND f_mj_xz' at line 1
 [ SQL语句 ] : SELECT COUNT(*) AS tp_count FROM `tb_std` LEFT JOIN tb_bxxs ON f_std_bxxsid=bxxsid LEFT JOIN tb_stt ON f_std_sttid=sttid LEFT JOIN tb_grd ON f_std_grdid=grdid LEFT JOIN tb_mj ON f_std_mjid=mjid LEFT JOIN tb_cc ON f_mj_ccid=ccid LEFT JOIN tb_kl ON f_mj_klid=klid LEFT JOIN tb_xxxs ON f_mj_xxxsid=xxxsid LEFT JOIN tb_zsfw ON f_mj_zsfwid=zsfwid LEFT JOIN tb_xz ON f_mj_xzid=xzid LEFT JOIN tb_cls ON f_std_clsid=clsid LEFT JOIN tb_dm ON f_std_dmid=dmid LEFT JOIN tb_sex ON f_std_sexid=sexid LEFT JOIN tb_rc ON f_std_rcid=rcid LEFT JOIN tb_zzmm ON f_std_zzmmid=zzmmid LEFT JOIN tb_xl ON f_std_xlid=xlid LEFT JOIN tb_stat ON f_std_statid=statid WHERE ( 1=1 AND f_std_sttid= AND f_std_grdid= AND f_mj_ccid=3 AND f_mj_xxxsid=2 AND f_mj_zsfwid=2 AND f_mj_xzid=2 AND f_std_statid=5 ) ORDER BY f_std_bxxsid ASC,f_std_clsid ASC,stdno ASC LIMIT 1  
NOTIC: [8] Undefined variable: sqlstc C:\wamp\www\xx\admin\Lib\NB\NBAction.class.php 第 201 行.
SQL: SELECT `stdid`,`bxxsnm`,`sttnm`,`grdnm`,`clsnm`,`stdaplno`,`stdno`,`stdnm`,`sexnm`,`mjnm`,`statnm` FROM `tb_std` LEFT JOIN tb_bxxs ON f_std_bxxsid=bxxsid LEFT JOIN tb_stt ON f_std_sttid=sttid LEFT JOIN tb_grd ON f_std_grdid=grdid LEFT JOIN tb_mj ON f_std_mjid=mjid LEFT JOIN tb_cc ON f_mj_ccid=ccid LEFT JOIN tb_kl ON f_mj_klid=klid LEFT JOIN tb_xxxs ON f_mj_xxxsid=xxxsid LEFT JOIN tb_zsfw ON f_mj_zsfwid=zsfwid LEFT JOIN tb_xz ON f_mj_xzid=xzid LEFT JOIN tb_cls ON f_std_clsid=clsid LEFT JOIN tb_dm ON f_std_dmid=dmid LEFT JOIN tb_sex ON f_std_sexid=sexid LEFT JOIN tb_rc ON f_std_rcid=rcid LEFT JOIN tb_zzmm ON f_std_zzmmid=zzmmid LEFT JOIN tb_xl ON f_std_xlid=xlid LEFT JOIN tb_stat ON f_std_statid=statid WHERE ( 1=1 AND f_std_sttid= AND f_std_grdid= AND f_mj_ccid=3 AND f_mj_xxxsid=2 AND f_mj_zsfwid=2 AND f_mj_xzid=2 AND f_std_statid=5 ) ORDER BY f_std_bxxsid ASC,f_std_clsid ASC,stdno ASC LIMIT 0,20   [ RunTime:0.000275s ]
ERR: 1064:You have an error in your SQL syntax; check the manual that corresponds to your MySQL server version for the right syntax to use near 'AND f_std_grdid= AND f_mj_ccid=3 AND f_mj_xxxsid=2 AND f_mj_zsfwid=2 AND f_mj_xz' at line 1
 [ SQL语句 ] : SELECT `stdid`,`bxxsnm`,`sttnm`,`grdnm`,`clsnm`,`stdaplno`,`stdno`,`stdnm`,`sexnm`,`mjnm`,`statnm` FROM `tb_std` LEFT JOIN tb_bxxs ON f_std_bxxsid=bxxsid LEFT JOIN tb_stt ON f_std_sttid=sttid LEFT JOIN tb_grd ON f_std_grdid=grdid LEFT JOIN tb_mj ON f_std_mjid=mjid LEFT JOIN tb_cc ON f_mj_ccid=ccid LEFT JOIN tb_kl ON f_mj_klid=klid LEFT JOIN tb_xxxs ON f_mj_xxxsid=xxxsid LEFT JOIN tb_zsfw ON f_mj_zsfwid=zsfwid LEFT JOIN tb_xz ON f_mj_xzid=xzid LEFT JOIN tb_cls ON f_std_clsid=clsid LEFT JOIN tb_dm ON f_std_dmid=dmid LEFT JOIN tb_sex ON f_std_sexid=sexid LEFT JOIN tb_rc ON f_std_rcid=rcid LEFT JOIN tb_zzmm ON f_std_zzmmid=zzmmid LEFT JOIN tb_xl ON f_std_xlid=xlid LEFT JOIN tb_stat ON f_std_statid=statid WHERE ( 1=1 AND f_std_sttid= AND f_std_grdid= AND f_mj_ccid=3 AND f_mj_xxxsid=2 AND f_mj_zsfwid=2 AND f_mj_xzid=2 AND f_std_statid=5 ) ORDER BY f_std_bxxsid ASC,f_std_clsid ASC,stdno ASC LIMIT 0,20  
NOTIC: [8] Undefined variable: sqlstc C:\wamp\www\xx\admin\Lib\NB\NBAction.class.php 第 258 行.
NOTIC: [8] Undefined variable: mlsforcount C:\wamp\www\xx\admin\Lib\NB\NBAction.class.php 第 267 行.
SQL: SHOW COLUMNS FROM `tb_bxxs` [ RunTime:0.035351s ]
SQL: SELECT * FROM `tb_bxxs`  [ RunTime:0.008487s ]
SQL: SHOW COLUMNS FROM `tb_stt` [ RunTime:0.026397s ]
SQL: SELECT * FROM `tb_stt`  [ RunTime:0.014142s ]
SQL: SHOW COLUMNS FROM `tb_cc` [ RunTime:0.015795s ]
SQL: SELECT * FROM `tb_cc`  [ RunTime:0.005097s ]
SQL: SHOW COLUMNS FROM `tb_kl` [ RunTime:0.005191s ]
SQL: SELECT * FROM `tb_kl`  [ RunTime:0.012383s ]
SQL: SHOW COLUMNS FROM `tb_xxxs` [ RunTime:0.026132s ]
SQL: SELECT * FROM `tb_xxxs`  [ RunTime:0.009158s ]
SQL: SHOW COLUMNS FROM `tb_zsfw` [ RunTime:0.028132s ]
SQL: SELECT * FROM `tb_zsfw`  [ RunTime:0.000626s ]
SQL: SHOW COLUMNS FROM `tb_xz` [ RunTime:0.010402s ]
SQL: SELECT * FROM `tb_xz`  [ RunTime:0.009214s ]
SQL: SHOW COLUMNS FROM `tb_grd` [ RunTime:0.010665s ]
SQL: SELECT * FROM `tb_grd` ORDER BY grdnm DESC  [ RunTime:0.012916s ]
SQL: SHOW COLUMNS FROM `tb_cls` [ RunTime:0.014038s ]
ERR: 1146:Table 'db_xx.tb_cls' doesn't exist
 [ SQL语句 ] : SHOW COLUMNS FROM `tb_cls`
SQL: SELECT * FROM `tb_cls` WHERE ( 1=1 AND f_cls_sttid= AND f_cls_grdid= )  [ RunTime:0.000280s ]
ERR: 1064:You have an error in your SQL syntax; check the manual that corresponds to your MySQL server version for the right syntax to use near 'AND f_cls_grdid= )' at line 1
 [ SQL语句 ] : SELECT * FROM `tb_cls` WHERE ( 1=1 AND f_cls_sttid= AND f_cls_grdid= ) 
SQL: SHOW COLUMNS FROM `tb_dm` [ RunTime:0.003076s ]
SQL: SELECT * FROM `tb_dm`  [ RunTime:0.013162s ]
SQL: SHOW COLUMNS FROM `tb_sex` [ RunTime:0.006766s ]
SQL: SELECT * FROM `tb_sex`  [ RunTime:0.000655s ]
SQL: SHOW COLUMNS FROM `tb_rc` [ RunTime:0.003372s ]
SQL: SELECT * FROM `tb_rc`  [ RunTime:0.000727s ]
SQL: SHOW COLUMNS FROM `tb_zzmm` [ RunTime:0.003205s ]
SQL: SELECT * FROM `tb_zzmm`  [ RunTime:0.004055s ]
SQL: SHOW COLUMNS FROM `tb_xl` [ RunTime:0.003252s ]
SQL: SELECT * FROM `tb_xl`  [ RunTime:0.000629s ]
SQL: SHOW COLUMNS FROM `tb_mj` [ RunTime:0.009092s ]
SQL: SELECT * FROM `tb_mj` RIGHT JOIN tb_zszy ON mjid=f_zszy_mjid WHERE ( 1=1 AND f_mj_ccid=3 AND f_mj_xxxsid=2 AND f_mj_zsfwid=2 AND f_mj_xzid=2 AND f_zszy_sttid= AND f_zszy_grdid= )  [ RunTime:0.000230s ]
ERR: 1064:You have an error in your SQL syntax; check the manual that corresponds to your MySQL server version for the right syntax to use near 'AND f_zszy_grdid= )' at line 1
 [ SQL语句 ] : SELECT * FROM `tb_mj` RIGHT JOIN tb_zszy ON mjid=f_zszy_mjid WHERE ( 1=1 AND f_mj_ccid=3 AND f_mj_xxxsid=2 AND f_mj_zsfwid=2 AND f_mj_xzid=2 AND f_zszy_sttid= AND f_zszy_grdid= ) 
SQL: SHOW COLUMNS FROM `tb_stat` [ RunTime:0.002382s ]
ERR: 1146:Table 'db_xx.tb_stat' doesn't exist
 [ SQL语句 ] : SHOW COLUMNS FROM `tb_stat`
SQL: SELECT * FROM `tb_stat`  [ RunTime:0.000344s ]
ERR: 1146:Table 'db_xx.tb_stat' doesn't exist
 [ SQL语句 ] : SELECT * FROM `tb_stat` 
INFO: [ view_parse ] --START--
NOTIC: [8] Undefined variable: ntfstr C:\wamp\www\xx\admin\Runtime\Cache\535cb40c3f6aed42adf94d3fbf743a6c.php 第 44 行.
NOTIC: [8] Undefined variable: uoss C:\wamp\www\xx\admin\Runtime\Cache\535cb40c3f6aed42adf94d3fbf743a6c.php 第 117 行.
NOTIC: [8] Undefined variable: u C:\wamp\www\xx\admin\Runtime\Cache\535cb40c3f6aed42adf94d3fbf743a6c.php 第 537 行.
NOTIC: [8] Undefined variable: u C:\wamp\www\xx\admin\Runtime\Cache\535cb40c3f6aed42adf94d3fbf743a6c.php 第 552 行.
INFO: ParseTemplate Behavior ::run [ RunTime:0.055635s ]
INFO: [ view_parse ] --END-- [ RunTime:0.055841s ]
INFO: [ view_filter ] --START--
INFO: ContentReplace Behavior ::run [ RunTime:0.000687s ]
INFO: TokenBuild Behavior ::run [ RunTime:0.000549s ]
INFO: WriteHtmlCache Behavior ::run [ RunTime:0.000376s ]
INFO: ShowRuntime Behavior ::run [ RunTime:0.000641s ]
INFO: [ view_filter ] --END-- [ RunTime:0.002589s ]
INFO: [ view_end ] --START--
INFO: ShowPageTrace Behavior ::run [ RunTime:0.000666s ]
INFO: [ view_end ] --END-- [ RunTime:0.000786s ]

