[ 2015-11-28T00:21:59+08:00 ] 203.208.60.181 /xx/admin.php
INFO: [ app_begin ] --START--
INFO: ReadHtmlCache Behavior ::run [ RunTime:0.007680s ]
INFO: [ app_begin ] --END-- [ RunTime:0.007838s ]
INFO: [ view_parse ] --START--
INFO: ParseTemplate Behavior ::run [ RunTime:0.062296s ]
INFO: [ view_parse ] --END-- [ RunTime:0.062460s ]
INFO: [ view_filter ] --START--
INFO: ContentReplace Behavior ::run [ RunTime:0.007748s ]
INFO: TokenBuild Behavior ::run [ RunTime:0.007114s ]
INFO: WriteHtmlCache Behavior ::run [ RunTime:0.007079s ]
INFO: ShowRuntime Behavior ::run [ RunTime:0.007242s ]
INFO: [ view_filter ] --END-- [ RunTime:0.029517s ]
INFO: [ view_end ] --START--
INFO: ShowPageTrace Behavior ::run [ RunTime:0.007842s ]
INFO: [ view_end ] --END-- [ RunTime:0.007966s ]

[ 2015-11-28T07:03:30+08:00 ] 203.208.60.170 /xx/admin.php
INFO: [ app_begin ] --START--
INFO: ReadHtmlCache Behavior ::run [ RunTime:0.007398s ]
INFO: [ app_begin ] --END-- [ RunTime:0.007555s ]
INFO: [ view_parse ] --START--
INFO: ParseTemplate Behavior ::run [ RunTime:0.058124s ]
INFO: [ view_parse ] --END-- [ RunTime:0.058282s ]
INFO: [ view_filter ] --START--
INFO: ContentReplace Behavior ::run [ RunTime:0.014337s ]
INFO: TokenBuild Behavior ::run [ RunTime:0.007358s ]
INFO: WriteHtmlCache Behavior ::run [ RunTime:0.006900s ]
INFO: ShowRuntime Behavior ::run [ RunTime:0.007844s ]
INFO: [ view_filter ] --END-- [ RunTime:0.037166s ]
INFO: [ view_end ] --START--
INFO: ShowPageTrace Behavior ::run [ RunTime:0.007581s ]
INFO: [ view_end ] --END-- [ RunTime:0.007697s ]

[ 2015-11-28T08:52:37+08:00 ] 68.180.228.176 /xx/admin.php
INFO: [ app_begin ] --START--
INFO: ReadHtmlCache Behavior ::run [ RunTime:0.007725s ]
INFO: [ app_begin ] --END-- [ RunTime:0.007889s ]
INFO: [ view_parse ] --START--
INFO: ParseTemplate Behavior ::run [ RunTime:0.076064s ]
INFO: [ view_parse ] --END-- [ RunTime:0.076229s ]
INFO: [ view_filter ] --START--
INFO: ContentReplace Behavior ::run [ RunTime:0.007689s ]
INFO: TokenBuild Behavior ::run [ RunTime:0.007088s ]
INFO: WriteHtmlCache Behavior ::run [ RunTime:0.007329s ]
INFO: ShowRuntime Behavior ::run [ RunTime:0.007260s ]
INFO: [ view_filter ] --END-- [ RunTime:0.029713s ]
INFO: [ view_end ] --START--
INFO: ShowPageTrace Behavior ::run [ RunTime:0.008636s ]
INFO: [ view_end ] --END-- [ RunTime:0.008803s ]

[ 2015-11-28T09:41:33+08:00 ] 203.208.60.174 /xx/admin.php
INFO: [ app_begin ] --START--
INFO: ReadHtmlCache Behavior ::run [ RunTime:0.007639s ]
INFO: [ app_begin ] --END-- [ RunTime:0.007801s ]
INFO: [ view_parse ] --START--
INFO: ParseTemplate Behavior ::run [ RunTime:0.060928s ]
INFO: [ view_parse ] --END-- [ RunTime:0.061091s ]
INFO: [ view_filter ] --START--
INFO: ContentReplace Behavior ::run [ RunTime:0.007269s ]
INFO: TokenBuild Behavior ::run [ RunTime:0.007398s ]
INFO: WriteHtmlCache Behavior ::run [ RunTime:0.006949s ]
INFO: ShowRuntime Behavior ::run [ RunTime:0.007414s ]
INFO: [ view_filter ] --END-- [ RunTime:0.029363s ]
INFO: [ view_end ] --START--
INFO: ShowPageTrace Behavior ::run [ RunTime:0.007559s ]
INFO: [ view_end ] --END-- [ RunTime:0.007676s ]

