[ 2015-11-11T05:43:21+08:00 ] 123.126.113.125 /xx/admin.php
INFO: [ app_begin ] --START--
INFO: ReadHtmlCache Behavior ::run [ RunTime:0.007400s ]
INFO: [ app_begin ] --END-- [ RunTime:0.007555s ]
INFO: [ view_parse ] --START--
INFO: ParseTemplate Behavior ::run [ RunTime:0.061909s ]
INFO: [ view_parse ] --END-- [ RunTime:0.062067s ]
INFO: [ view_filter ] --START--
INFO: ContentReplace Behavior ::run [ RunTime:0.007254s ]
INFO: TokenBuild Behavior ::run [ RunTime:0.007132s ]
INFO: WriteHtmlCache Behavior ::run [ RunTime:0.007029s ]
INFO: ShowRuntime Behavior ::run [ RunTime:0.007236s ]
INFO: [ view_filter ] --END-- [ RunTime:0.028974s ]
INFO: [ view_end ] --START--
INFO: ShowPageTrace Behavior ::run [ RunTime:0.007574s ]
INFO: [ view_end ] --END-- [ RunTime:0.007691s ]

[ 2015-11-11T07:05:23+08:00 ] 136.243.36.92 /xx/admin.php
INFO: [ app_begin ] --START--
INFO: ReadHtmlCache Behavior ::run [ RunTime:0.007386s ]
INFO: [ app_begin ] --END-- [ RunTime:0.007538s ]
INFO: [ view_parse ] --START--
INFO: ParseTemplate Behavior ::run [ RunTime:0.064214s ]
INFO: [ view_parse ] --END-- [ RunTime:0.064426s ]
INFO: [ view_filter ] --START--
INFO: ContentReplace Behavior ::run [ RunTime:0.007801s ]
INFO: TokenBuild Behavior ::run [ RunTime:0.007072s ]
INFO: WriteHtmlCache Behavior ::run [ RunTime:0.007250s ]
INFO: ShowRuntime Behavior ::run [ RunTime:0.007204s ]
INFO: [ view_filter ] --END-- [ RunTime:0.029667s ]
INFO: [ view_end ] --START--
INFO: ShowPageTrace Behavior ::run [ RunTime:0.007522s ]
INFO: [ view_end ] --END-- [ RunTime:0.007641s ]

[ 2015-11-11T07:41:52+08:00 ] 66.249.74.70 /xx/admin.php
INFO: [ app_begin ] --START--
INFO: ReadHtmlCache Behavior ::run [ RunTime:0.007455s ]
INFO: [ app_begin ] --END-- [ RunTime:0.007609s ]
INFO: [ view_parse ] --START--
INFO: ParseTemplate Behavior ::run [ RunTime:0.061400s ]
INFO: [ view_parse ] --END-- [ RunTime:0.061556s ]
INFO: [ view_filter ] --START--
INFO: ContentReplace Behavior ::run [ RunTime:0.008210s ]
INFO: TokenBuild Behavior ::run [ RunTime:0.007069s ]
INFO: WriteHtmlCache Behavior ::run [ RunTime:0.009786s ]
INFO: ShowRuntime Behavior ::run [ RunTime:0.007246s ]
INFO: [ view_filter ] --END-- [ RunTime:0.032680s ]
INFO: [ view_end ] --START--
INFO: ShowPageTrace Behavior ::run [ RunTime:0.007453s ]
INFO: [ view_end ] --END-- [ RunTime:0.007569s ]

[ 2015-11-11T12:21:26+08:00 ] 66.249.74.72 /xx/admin.php
INFO: [ app_begin ] --START--
INFO: ReadHtmlCache Behavior ::run [ RunTime:0.007453s ]
INFO: [ app_begin ] --END-- [ RunTime:0.007607s ]
INFO: [ view_parse ] --START--
INFO: ParseTemplate Behavior ::run [ RunTime:0.057817s ]
INFO: [ view_parse ] --END-- [ RunTime:0.057980s ]
INFO: [ view_filter ] --START--
INFO: ContentReplace Behavior ::run [ RunTime:0.007123s ]
INFO: TokenBuild Behavior ::run [ RunTime:0.007134s ]
INFO: WriteHtmlCache Behavior ::run [ RunTime:0.006861s ]
INFO: ShowRuntime Behavior ::run [ RunTime:0.007224s ]
INFO: [ view_filter ] --END-- [ RunTime:0.028663s ]
INFO: [ view_end ] --START--
INFO: ShowPageTrace Behavior ::run [ RunTime:0.007505s ]
INFO: [ view_end ] --END-- [ RunTime:0.007623s ]

[ 2015-11-11T13:42:41+08:00 ] 123.126.113.125 /xx/admin.php
INFO: [ app_begin ] --START--
INFO: ReadHtmlCache Behavior ::run [ RunTime:0.007630s ]
INFO: [ app_begin ] --END-- [ RunTime:0.007866s ]
INFO: [ view_parse ] --START--
INFO: ParseTemplate Behavior ::run [ RunTime:0.061934s ]
INFO: [ view_parse ] --END-- [ RunTime:0.062100s ]
INFO: [ view_filter ] --START--
INFO: ContentReplace Behavior ::run [ RunTime:0.007134s ]
INFO: TokenBuild Behavior ::run [ RunTime:0.007180s ]
INFO: WriteHtmlCache Behavior ::run [ RunTime:0.006893s ]
INFO: ShowRuntime Behavior ::run [ RunTime:0.007314s ]
INFO: [ view_filter ] --END-- [ RunTime:0.028843s ]
INFO: [ view_end ] --START--
INFO: ShowPageTrace Behavior ::run [ RunTime:0.007475s ]
INFO: [ view_end ] --END-- [ RunTime:0.007589s ]

