[ 2015-10-03T08:46:57+08:00 ] 112.17.241.254 /xx/admin.php
INFO: [ app_begin ] --START--
INFO: ReadHtmlCache Behavior ::run [ RunTime:0.007536s ]
INFO: [ app_begin ] --END-- [ RunTime:0.007709s ]
INFO: [ view_parse ] --START--
INFO: ParseTemplate Behavior ::run [ RunTime:0.064922s ]
INFO: [ view_parse ] --END-- [ RunTime:0.065094s ]
INFO: [ view_filter ] --START--
INFO: ContentReplace Behavior ::run [ RunTime:0.007436s ]
INFO: TokenBuild Behavior ::run [ RunTime:0.007132s ]
INFO: WriteHtmlCache Behavior ::run [ RunTime:0.006868s ]
INFO: ShowRuntime Behavior ::run [ RunTime:0.008107s ]
INFO: [ view_filter ] --END-- [ RunTime:0.029884s ]
INFO: [ view_end ] --START--
INFO: ShowPageTrace Behavior ::run [ RunTime:0.007500s ]
INFO: [ view_end ] --END-- [ RunTime:0.007617s ]

[ 2015-10-03T15:57:23+08:00 ] 68.180.228.176 /xx/admin.php/Usr/gtxpg/x/forget
INFO: [ route_check ] --START--
INFO: CheckRoute Behavior ::run [ RunTime:0.012062s ]
INFO: [ route_check ] --END-- [ RunTime:0.012257s ]
INFO: [ app_begin ] --START--
INFO: ReadHtmlCache Behavior ::run [ RunTime:0.007453s ]
INFO: [ app_begin ] --END-- [ RunTime:0.007590s ]
SQL: SHOW COLUMNS FROM `tb_usr` [ RunTime:0.003401s ]
SQL: SELECT * FROM `tb_usr` WHERE ( usrid= ) LIMIT 1   [ RunTime:0.000183s ]
ERR: 1064:You have an error in your SQL syntax; check the manual that corresponds to your MySQL server version for the right syntax to use near ') LIMIT 1' at line 1
 [ SQL语句 ] : SELECT * FROM `tb_usr` WHERE ( usrid= ) LIMIT 1  
SQL: SHOW COLUMNS FROM `tb_usrrl` [ RunTime:0.002528s ]
SQL: SELECT * FROM `tb_usrrl` LEFT JOIN tb_usr ON f_usrrl_usrid=usrid LEFT JOIN tb_rl ON f_usrrl_rlid=rlid WHERE ( f_usrrl_usrid= )  [ RunTime:0.000613s ]
ERR: 1064:You have an error in your SQL syntax; check the manual that corresponds to your MySQL server version for the right syntax to use near ')' at line 1
 [ SQL语句 ] : SELECT * FROM `tb_usrrl` LEFT JOIN tb_usr ON f_usrrl_usrid=usrid LEFT JOIN tb_rl ON f_usrrl_rlid=rlid WHERE ( f_usrrl_usrid= ) 
NOTIC: [2] Invalid argument supplied for foreach() D:\Program Files\Apache Software Foundation\Apache2.2\htdocs\xx\admin\Lib\SS\SSAction.class.php 第 16 行.
SQL: SHOW COLUMNS FROM `tb_md` [ RunTime:0.002453s ]
SQL: SELECT * FROM `tb_md` WHERE ( mdmk='Usr' ) LIMIT 1   [ RunTime:0.000538s ]
SQL: SHOW COLUMNS FROM `tb_btn` [ RunTime:0.002612s ]
SQL: SELECT * FROM `tb_btn` WHERE ( f_btn_usrid= AND btnnm='lft' ) LIMIT 1   [ RunTime:0.000534s ]
ERR: 1064:You have an error in your SQL syntax; check the manual that corresponds to your MySQL server version for the right syntax to use near 'AND btnnm='lft' ) LIMIT 1' at line 1
 [ SQL语句 ] : SELECT * FROM `tb_btn` WHERE ( f_btn_usrid= AND btnnm='lft' ) LIMIT 1  
SQL: SELECT * FROM `tb_usrrl` WHERE ( f_usrrl_usrid= )  [ RunTime:0.000135s ]
ERR: 1064:You have an error in your SQL syntax; check the manual that corresponds to your MySQL server version for the right syntax to use near ')' at line 1
 [ SQL语句 ] : SELECT * FROM `tb_usrrl` WHERE ( f_usrrl_usrid= ) 
SQL: SHOW COLUMNS FROM `tb_lb` [ RunTime:0.002403s ]
SQL: SHOW COLUMNS FROM `tb_lbmd` [ RunTime:0.003107s ]
SQL: SELECT * FROM `tb_lb`  [ RunTime:0.000589s ]
SQL: SELECT * FROM `tb_lbmd` LEFT JOIN tb_md ON f_lbmd_mdid=mdid WHERE ( f_lbmd_lbid=1 )  [ RunTime:0.000141s ]
SQL: SHOW COLUMNS FROM `tb_ath` [ RunTime:0.002667s ]
SQL: SELECT * FROM `tb_ath` WHERE ( f_ath_mdid=1 AND (f_ath_rlid=) )  [ RunTime:0.000577s ]
ERR: 1064:You have an error in your SQL syntax; check the manual that corresponds to your MySQL server version for the right syntax to use near ') )' at line 1
 [ SQL语句 ] : SELECT * FROM `tb_ath` WHERE ( f_ath_mdid=1 AND (f_ath_rlid=) ) 
NOTIC: [2] Invalid argument supplied for foreach() D:\Program Files\Apache Software Foundation\Apache2.2\htdocs\xx\admin\Lib\KZMB\KZMBAction.class.php 第 62 行.
SQL: SELECT * FROM `tb_ath` WHERE ( f_ath_mdid=2 AND (f_ath_rlid=) )  [ RunTime:0.000139s ]
ERR: 1064:You have an error in your SQL syntax; check the manual that corresponds to your MySQL server version for the right syntax to use near ') )' at line 1
 [ SQL语句 ] : SELECT * FROM `tb_ath` WHERE ( f_ath_mdid=2 AND (f_ath_rlid=) ) 
NOTIC: [2] Invalid argument supplied for foreach() D:\Program Files\Apache Software Foundation\Apache2.2\htdocs\xx\admin\Lib\KZMB\KZMBAction.class.php 第 62 行.
SQL: SELECT * FROM `tb_ath` WHERE ( f_ath_mdid=3 AND (f_ath_rlid=) )  [ RunTime:0.000141s ]
ERR: 1064:You have an error in your SQL syntax; check the manual that corresponds to your MySQL server version for the right syntax to use near ') )' at line 1
 [ SQL语句 ] : SELECT * FROM `tb_ath` WHERE ( f_ath_mdid=3 AND (f_ath_rlid=) ) 
NOTIC: [2] Invalid argument supplied for foreach() D:\Program Files\Apache Software Foundation\Apache2.2\htdocs\xx\admin\Lib\KZMB\KZMBAction.class.php 第 62 行.
SQL: SELECT * FROM `tb_ath` WHERE ( f_ath_mdid=4 AND (f_ath_rlid=) )  [ RunTime:0.000149s ]
ERR: 1064:You have an error in your SQL syntax; check the manual that corresponds to your MySQL server version for the right syntax to use near ') )' at line 1
 [ SQL语句 ] : SELECT * FROM `tb_ath` WHERE ( f_ath_mdid=4 AND (f_ath_rlid=) ) 
NOTIC: [2] Invalid argument supplied for foreach() D:\Program Files\Apache Software Foundation\Apache2.2\htdocs\xx\admin\Lib\KZMB\KZMBAction.class.php 第 62 行.
SQL: SELECT * FROM `tb_ath` WHERE ( f_ath_mdid=5 AND (f_ath_rlid=) )  [ RunTime:0.000138s ]
ERR: 1064:You have an error in your SQL syntax; check the manual that corresponds to your MySQL server version for the right syntax to use near ') )' at line 1
 [ SQL语句 ] : SELECT * FROM `tb_ath` WHERE ( f_ath_mdid=5 AND (f_ath_rlid=) ) 
NOTIC: [2] Invalid argument supplied for foreach() D:\Program Files\Apache Software Foundation\Apache2.2\htdocs\xx\admin\Lib\KZMB\KZMBAction.class.php 第 62 行.
SQL: SELECT * FROM `tb_ath` WHERE ( f_ath_mdid=6 AND (f_ath_rlid=) )  [ RunTime:0.000128s ]
ERR: 1064:You have an error in your SQL syntax; check the manual that corresponds to your MySQL server version for the right syntax to use near ') )' at line 1
 [ SQL语句 ] : SELECT * FROM `tb_ath` WHERE ( f_ath_mdid=6 AND (f_ath_rlid=) ) 
NOTIC: [2] Invalid argument supplied for foreach() D:\Program Files\Apache Software Foundation\Apache2.2\htdocs\xx\admin\Lib\KZMB\KZMBAction.class.php 第 62 行.
SQL: SELECT * FROM `tb_ath` WHERE ( f_ath_mdid=7 AND (f_ath_rlid=) )  [ RunTime:0.000128s ]
ERR: 1064:You have an error in your SQL syntax; check the manual that corresponds to your MySQL server version for the right syntax to use near ') )' at line 1
 [ SQL语句 ] : SELECT * FROM `tb_ath` WHERE ( f_ath_mdid=7 AND (f_ath_rlid=) ) 
NOTIC: [2] Invalid argument supplied for foreach() D:\Program Files\Apache Software Foundation\Apache2.2\htdocs\xx\admin\Lib\KZMB\KZMBAction.class.php 第 62 行.
SQL: SELECT * FROM `tb_ath` WHERE ( f_ath_mdid=8 AND (f_ath_rlid=) )  [ RunTime:0.000129s ]
ERR: 1064:You have an error in your SQL syntax; check the manual that corresponds to your MySQL server version for the right syntax to use near ') )' at line 1
 [ SQL语句 ] : SELECT * FROM `tb_ath` WHERE ( f_ath_mdid=8 AND (f_ath_rlid=) ) 
NOTIC: [2] Invalid argument supplied for foreach() D:\Program Files\Apache Software Foundation\Apache2.2\htdocs\xx\admin\Lib\KZMB\KZMBAction.class.php 第 62 行.
SQL: SELECT * FROM `tb_ath` WHERE ( f_ath_mdid=9 AND (f_ath_rlid=) )  [ RunTime:0.000162s ]
ERR: 1064:You have an error in your SQL syntax; check the manual that corresponds to your MySQL server version for the right syntax to use near ') )' at line 1
 [ SQL语句 ] : SELECT * FROM `tb_ath` WHERE ( f_ath_mdid=9 AND (f_ath_rlid=) ) 
NOTIC: [2] Invalid argument supplied for foreach() D:\Program Files\Apache Software Foundation\Apache2.2\htdocs\xx\admin\Lib\KZMB\KZMBAction.class.php 第 62 行.
SQL: SELECT * FROM `tb_ath` WHERE ( f_ath_mdid=11 AND (f_ath_rlid=) )  [ RunTime:0.000198s ]
ERR: 1064:You have an error in your SQL syntax; check the manual that corresponds to your MySQL server version for the right syntax to use near ') )' at line 1
 [ SQL语句 ] : SELECT * FROM `tb_ath` WHERE ( f_ath_mdid=11 AND (f_ath_rlid=) ) 
NOTIC: [2] Invalid argument supplied for foreach() D:\Program Files\Apache Software Foundation\Apache2.2\htdocs\xx\admin\Lib\KZMB\KZMBAction.class.php 第 62 行.
SQL: SELECT * FROM `tb_ath` WHERE ( f_ath_mdid=12 AND (f_ath_rlid=) )  [ RunTime:0.000133s ]
ERR: 1064:You have an error in your SQL syntax; check the manual that corresponds to your MySQL server version for the right syntax to use near ') )' at line 1
 [ SQL语句 ] : SELECT * FROM `tb_ath` WHERE ( f_ath_mdid=12 AND (f_ath_rlid=) ) 
NOTIC: [2] Invalid argument supplied for foreach() D:\Program Files\Apache Software Foundation\Apache2.2\htdocs\xx\admin\Lib\KZMB\KZMBAction.class.php 第 62 行.
SQL: SELECT * FROM `tb_ath` WHERE ( f_ath_mdid=13 AND (f_ath_rlid=) )  [ RunTime:0.000131s ]
ERR: 1064:You have an error in your SQL syntax; check the manual that corresponds to your MySQL server version for the right syntax to use near ') )' at line 1
 [ SQL语句 ] : SELECT * FROM `tb_ath` WHERE ( f_ath_mdid=13 AND (f_ath_rlid=) ) 
NOTIC: [2] Invalid argument supplied for foreach() D:\Program Files\Apache Software Foundation\Apache2.2\htdocs\xx\admin\Lib\KZMB\KZMBAction.class.php 第 62 行.
SQL: SELECT * FROM `tb_ath` WHERE ( f_ath_mdid=14 AND (f_ath_rlid=) )  [ RunTime:0.000129s ]
ERR: 1064:You have an error in your SQL syntax; check the manual that corresponds to your MySQL server version for the right syntax to use near ') )' at line 1
 [ SQL语句 ] : SELECT * FROM `tb_ath` WHERE ( f_ath_mdid=14 AND (f_ath_rlid=) ) 
NOTIC: [2] Invalid argument supplied for foreach() D:\Program Files\Apache Software Foundation\Apache2.2\htdocs\xx\admin\Lib\KZMB\KZMBAction.class.php 第 62 行.
SQL: SELECT * FROM `tb_ath` WHERE ( f_ath_mdid=15 AND (f_ath_rlid=) )  [ RunTime:0.000129s ]
ERR: 1064:You have an error in your SQL syntax; check the manual that corresponds to your MySQL server version for the right syntax to use near ') )' at line 1
 [ SQL语句 ] : SELECT * FROM `tb_ath` WHERE ( f_ath_mdid=15 AND (f_ath_rlid=) ) 
NOTIC: [2] Invalid argument supplied for foreach() D:\Program Files\Apache Software Foundation\Apache2.2\htdocs\xx\admin\Lib\KZMB\KZMBAction.class.php 第 62 行.
SQL: SELECT * FROM `tb_ath` WHERE ( f_ath_mdid=24 AND (f_ath_rlid=) )  [ RunTime:0.000129s ]
ERR: 1064:You have an error in your SQL syntax; check the manual that corresponds to your MySQL server version for the right syntax to use near ') )' at line 1
 [ SQL语句 ] : SELECT * FROM `tb_ath` WHERE ( f_ath_mdid=24 AND (f_ath_rlid=) ) 
NOTIC: [2] Invalid argument supplied for foreach() D:\Program Files\Apache Software Foundation\Apache2.2\htdocs\xx\admin\Lib\KZMB\KZMBAction.class.php 第 62 行.
NOTIC: [8] Undefined variable: athofn D:\Program Files\Apache Software Foundation\Apache2.2\htdocs\xx\admin\Lib\KZMB\KZMBAction.class.php 第 94 行.
NOTIC: [8] Undefined variable: athofn D:\Program Files\Apache Software Foundation\Apache2.2\htdocs\xx\admin\Lib\KZMB\KZMBAction.class.php 第 94 行.
NOTIC: [8] Undefined variable: athofn D:\Program Files\Apache Software Foundation\Apache2.2\htdocs\xx\admin\Lib\KZMB\KZMBAction.class.php 第 94 行.
NOTIC: [8] Undefined variable: athofn D:\Program Files\Apache Software Foundation\Apache2.2\htdocs\xx\admin\Lib\KZMB\KZMBAction.class.php 第 94 行.
NOTIC: [8] Undefined variable: athofn D:\Program Files\Apache Software Foundation\Apache2.2\htdocs\xx\admin\Lib\KZMB\KZMBAction.class.php 第 94 行.
NOTIC: [8] Undefined variable: athofn D:\Program Files\Apache Software Foundation\Apache2.2\htdocs\xx\admin\Lib\KZMB\KZMBAction.class.php 第 94 行.
NOTIC: [8] Undefined variable: athofn D:\Program Files\Apache Software Foundation\Apache2.2\htdocs\xx\admin\Lib\KZMB\KZMBAction.class.php 第 94 行.
NOTIC: [8] Undefined variable: athofn D:\Program Files\Apache Software Foundation\Apache2.2\htdocs\xx\admin\Lib\KZMB\KZMBAction.class.php 第 94 行.
NOTIC: [8] Undefined variable: athofn D:\Program Files\Apache Software Foundation\Apache2.2\htdocs\xx\admin\Lib\KZMB\KZMBAction.class.php 第 94 行.
NOTIC: [8] Undefined variable: athofn D:\Program Files\Apache Software Foundation\Apache2.2\htdocs\xx\admin\Lib\KZMB\KZMBAction.class.php 第 94 行.
NOTIC: [8] Undefined variable: athofn D:\Program Files\Apache Software Foundation\Apache2.2\htdocs\xx\admin\Lib\KZMB\KZMBAction.class.php 第 94 行.
NOTIC: [8] Undefined variable: athofn D:\Program Files\Apache Software Foundation\Apache2.2\htdocs\xx\admin\Lib\KZMB\KZMBAction.class.php 第 94 行.
NOTIC: [8] Undefined variable: athofn D:\Program Files\Apache Software Foundation\Apache2.2\htdocs\xx\admin\Lib\KZMB\KZMBAction.class.php 第 94 行.
NOTIC: [8] Undefined variable: athofn D:\Program Files\Apache Software Foundation\Apache2.2\htdocs\xx\admin\Lib\KZMB\KZMBAction.class.php 第 94 行.
NOTIC: [8] Undefined variable: athofn D:\Program Files\Apache Software Foundation\Apache2.2\htdocs\xx\admin\Lib\KZMB\KZMBAction.class.php 第 94 行.
SQL: SELECT * FROM `tb_lbmd` LEFT JOIN tb_md ON f_lbmd_mdid=mdid WHERE ( f_lbmd_lbid=2 )  [ RunTime:0.000131s ]
SQL: SELECT * FROM `tb_ath` WHERE ( f_ath_mdid=16 AND (f_ath_rlid=) )  [ RunTime:0.000128s ]
ERR: 1064:You have an error in your SQL syntax; check the manual that corresponds to your MySQL server version for the right syntax to use near ') )' at line 1
 [ SQL语句 ] : SELECT * FROM `tb_ath` WHERE ( f_ath_mdid=16 AND (f_ath_rlid=) ) 
NOTIC: [2] Invalid argument supplied for foreach() D:\Program Files\Apache Software Foundation\Apache2.2\htdocs\xx\admin\Lib\KZMB\KZMBAction.class.php 第 62 行.
SQL: SELECT * FROM `tb_ath` WHERE ( f_ath_mdid=17 AND (f_ath_rlid=) )  [ RunTime:0.000129s ]
ERR: 1064:You have an error in your SQL syntax; check the manual that corresponds to your MySQL server version for the right syntax to use near ') )' at line 1
 [ SQL语句 ] : SELECT * FROM `tb_ath` WHERE ( f_ath_mdid=17 AND (f_ath_rlid=) ) 
NOTIC: [2] Invalid argument supplied for foreach() D:\Program Files\Apache Software Foundation\Apache2.2\htdocs\xx\admin\Lib\KZMB\KZMBAction.class.php 第 62 行.
SQL: SELECT * FROM `tb_ath` WHERE ( f_ath_mdid=18 AND (f_ath_rlid=) )  [ RunTime:0.000155s ]
ERR: 1064:You have an error in your SQL syntax; check the manual that corresponds to your MySQL server version for the right syntax to use near ') )' at line 1
 [ SQL语句 ] : SELECT * FROM `tb_ath` WHERE ( f_ath_mdid=18 AND (f_ath_rlid=) ) 
NOTIC: [2] Invalid argument supplied for foreach() D:\Program Files\Apache Software Foundation\Apache2.2\htdocs\xx\admin\Lib\KZMB\KZMBAction.class.php 第 62 行.
SQL: SELECT * FROM `tb_ath` WHERE ( f_ath_mdid=19 AND (f_ath_rlid=) )  [ RunTime:0.000139s ]
ERR: 1064:You have an error in your SQL syntax; check the manual that corresponds to your MySQL server version for the right syntax to use near ') )' at line 1
 [ SQL语句 ] : SELECT * FROM `tb_ath` WHERE ( f_ath_mdid=19 AND (f_ath_rlid=) ) 
NOTIC: [2] Invalid argument supplied for foreach() D:\Program Files\Apache Software Foundation\Apache2.2\htdocs\xx\admin\Lib\KZMB\KZMBAction.class.php 第 62 行.
SQL: SELECT * FROM `tb_ath` WHERE ( f_ath_mdid=20 AND (f_ath_rlid=) )  [ RunTime:0.000130s ]
ERR: 1064:You have an error in your SQL syntax; check the manual that corresponds to your MySQL server version for the right syntax to use near ') )' at line 1
 [ SQL语句 ] : SELECT * FROM `tb_ath` WHERE ( f_ath_mdid=20 AND (f_ath_rlid=) ) 
NOTIC: [2] Invalid argument supplied for foreach() D:\Program Files\Apache Software Foundation\Apache2.2\htdocs\xx\admin\Lib\KZMB\KZMBAction.class.php 第 62 行.
SQL: SELECT * FROM `tb_ath` WHERE ( f_ath_mdid=21 AND (f_ath_rlid=) )  [ RunTime:0.000128s ]
ERR: 1064:You have an error in your SQL syntax; check the manual that corresponds to your MySQL server version for the right syntax to use near ') )' at line 1
 [ SQL语句 ] : SELECT * FROM `tb_ath` WHERE ( f_ath_mdid=21 AND (f_ath_rlid=) ) 
NOTIC: [2] Invalid argument supplied for foreach() D:\Program Files\Apache Software Foundation\Apache2.2\htdocs\xx\admin\Lib\KZMB\KZMBAction.class.php 第 62 行.
SQL: SELECT * FROM `tb_ath` WHERE ( f_ath_mdid=22 AND (f_ath_rlid=) )  [ RunTime:0.000127s ]
ERR: 1064:You have an error in your SQL syntax; check the manual that corresponds to your MySQL server version for the right syntax to use near ') )' at line 1
 [ SQL语句 ] : SELECT * FROM `tb_ath` WHERE ( f_ath_mdid=22 AND (f_ath_rlid=) ) 
NOTIC: [2] Invalid argument supplied for foreach() D:\Program Files\Apache Software Foundation\Apache2.2\htdocs\xx\admin\Lib\KZMB\KZMBAction.class.php 第 62 行.
SQL: SELECT * FROM `tb_ath` WHERE ( f_ath_mdid=23 AND (f_ath_rlid=) )  [ RunTime:0.000128s ]
ERR: 1064:You have an error in your SQL syntax; check the manual that corresponds to your MySQL server version for the right syntax to use near ') )' at line 1
 [ SQL语句 ] : SELECT * FROM `tb_ath` WHERE ( f_ath_mdid=23 AND (f_ath_rlid=) ) 
NOTIC: [2] Invalid argument supplied for foreach() D:\Program Files\Apache Software Foundation\Apache2.2\htdocs\xx\admin\Lib\KZMB\KZMBAction.class.php 第 62 行.
NOTIC: [8] Undefined variable: athofn D:\Program Files\Apache Software Foundation\Apache2.2\htdocs\xx\admin\Lib\KZMB\KZMBAction.class.php 第 94 行.
NOTIC: [8] Undefined variable: athofn D:\Program Files\Apache Software Foundation\Apache2.2\htdocs\xx\admin\Lib\KZMB\KZMBAction.class.php 第 94 行.
NOTIC: [8] Undefined variable: athofn D:\Program Files\Apache Software Foundation\Apache2.2\htdocs\xx\admin\Lib\KZMB\KZMBAction.class.php 第 94 行.
NOTIC: [8] Undefined variable: athofn D:\Program Files\Apache Software Foundation\Apache2.2\htdocs\xx\admin\Lib\KZMB\KZMBAction.class.php 第 94 行.
NOTIC: [8] Undefined variable: athofn D:\Program Files\Apache Software Foundation\Apache2.2\htdocs\xx\admin\Lib\KZMB\KZMBAction.class.php 第 94 行.
NOTIC: [8] Undefined variable: athofn D:\Program Files\Apache Software Foundation\Apache2.2\htdocs\xx\admin\Lib\KZMB\KZMBAction.class.php 第 94 行.
NOTIC: [8] Undefined variable: athofn D:\Program Files\Apache Software Foundation\Apache2.2\htdocs\xx\admin\Lib\KZMB\KZMBAction.class.php 第 94 行.
NOTIC: [8] Undefined variable: athofn D:\Program Files\Apache Software Foundation\Apache2.2\htdocs\xx\admin\Lib\KZMB\KZMBAction.class.php 第 94 行.
SQL: SELECT * FROM `tb_lbmd` LEFT JOIN tb_md ON f_lbmd_mdid=mdid WHERE ( f_lbmd_lbid=3 )  [ RunTime:0.000135s ]
SQL: SELECT * FROM `tb_ath` WHERE ( f_ath_mdid=25 AND (f_ath_rlid=) )  [ RunTime:0.000131s ]
ERR: 1064:You have an error in your SQL syntax; check the manual that corresponds to your MySQL server version for the right syntax to use near ') )' at line 1
 [ SQL语句 ] : SELECT * FROM `tb_ath` WHERE ( f_ath_mdid=25 AND (f_ath_rlid=) ) 
NOTIC: [2] Invalid argument supplied for foreach() D:\Program Files\Apache Software Foundation\Apache2.2\htdocs\xx\admin\Lib\KZMB\KZMBAction.class.php 第 62 行.
SQL: SELECT * FROM `tb_ath` WHERE ( f_ath_mdid=26 AND (f_ath_rlid=) )  [ RunTime:0.000130s ]
ERR: 1064:You have an error in your SQL syntax; check the manual that corresponds to your MySQL server version for the right syntax to use near ') )' at line 1
 [ SQL语句 ] : SELECT * FROM `tb_ath` WHERE ( f_ath_mdid=26 AND (f_ath_rlid=) ) 
NOTIC: [2] Invalid argument supplied for foreach() D:\Program Files\Apache Software Foundation\Apache2.2\htdocs\xx\admin\Lib\KZMB\KZMBAction.class.php 第 62 行.
SQL: SELECT * FROM `tb_ath` WHERE ( f_ath_mdid=27 AND (f_ath_rlid=) )  [ RunTime:0.000127s ]
ERR: 1064:You have an error in your SQL syntax; check the manual that corresponds to your MySQL server version for the right syntax to use near ') )' at line 1
 [ SQL语句 ] : SELECT * FROM `tb_ath` WHERE ( f_ath_mdid=27 AND (f_ath_rlid=) ) 
NOTIC: [2] Invalid argument supplied for foreach() D:\Program Files\Apache Software Foundation\Apache2.2\htdocs\xx\admin\Lib\KZMB\KZMBAction.class.php 第 62 行.
SQL: SELECT * FROM `tb_ath` WHERE ( f_ath_mdid=28 AND (f_ath_rlid=) )  [ RunTime:0.000129s ]
ERR: 1064:You have an error in your SQL syntax; check the manual that corresponds to your MySQL server version for the right syntax to use near ') )' at line 1
 [ SQL语句 ] : SELECT * FROM `tb_ath` WHERE ( f_ath_mdid=28 AND (f_ath_rlid=) ) 
NOTIC: [2] Invalid argument supplied for foreach() D:\Program Files\Apache Software Foundation\Apache2.2\htdocs\xx\admin\Lib\KZMB\KZMBAction.class.php 第 62 行.
SQL: SELECT * FROM `tb_ath` WHERE ( f_ath_mdid=29 AND (f_ath_rlid=) )  [ RunTime:0.000127s ]
ERR: 1064:You have an error in your SQL syntax; check the manual that corresponds to your MySQL server version for the right syntax to use near ') )' at line 1
 [ SQL语句 ] : SELECT * FROM `tb_ath` WHERE ( f_ath_mdid=29 AND (f_ath_rlid=) ) 
NOTIC: [2] Invalid argument supplied for foreach() D:\Program Files\Apache Software Foundation\Apache2.2\htdocs\xx\admin\Lib\KZMB\KZMBAction.class.php 第 62 行.
SQL: SELECT * FROM `tb_ath` WHERE ( f_ath_mdid=30 AND (f_ath_rlid=) )  [ RunTime:0.000127s ]
ERR: 1064:You have an error in your SQL syntax; check the manual that corresponds to your MySQL server version for the right syntax to use near ') )' at line 1
 [ SQL语句 ] : SELECT * FROM `tb_ath` WHERE ( f_ath_mdid=30 AND (f_ath_rlid=) ) 
NOTIC: [2] Invalid argument supplied for foreach() D:\Program Files\Apache Software Foundation\Apache2.2\htdocs\xx\admin\Lib\KZMB\KZMBAction.class.php 第 62 行.
SQL: SELECT * FROM `tb_ath` WHERE ( f_ath_mdid=31 AND (f_ath_rlid=) )  [ RunTime:0.000128s ]
ERR: 1064:You have an error in your SQL syntax; check the manual that corresponds to your MySQL server version for the right syntax to use near ') )' at line 1
 [ SQL语句 ] : SELECT * FROM `tb_ath` WHERE ( f_ath_mdid=31 AND (f_ath_rlid=) ) 
NOTIC: [2] Invalid argument supplied for foreach() D:\Program Files\Apache Software Foundation\Apache2.2\htdocs\xx\admin\Lib\KZMB\KZMBAction.class.php 第 62 行.
SQL: SELECT * FROM `tb_ath` WHERE ( f_ath_mdid=32 AND (f_ath_rlid=) )  [ RunTime:0.000128s ]
ERR: 1064:You have an error in your SQL syntax; check the manual that corresponds to your MySQL server version for the right syntax to use near ') )' at line 1
 [ SQL语句 ] : SELECT * FROM `tb_ath` WHERE ( f_ath_mdid=32 AND (f_ath_rlid=) ) 
NOTIC: [2] Invalid argument supplied for foreach() D:\Program Files\Apache Software Foundation\Apache2.2\htdocs\xx\admin\Lib\KZMB\KZMBAction.class.php 第 62 行.
SQL: SELECT * FROM `tb_ath` WHERE ( f_ath_mdid=33 AND (f_ath_rlid=) )  [ RunTime:0.000131s ]
ERR: 1064:You have an error in your SQL syntax; check the manual that corresponds to your MySQL server version for the right syntax to use near ') )' at line 1
 [ SQL语句 ] : SELECT * FROM `tb_ath` WHERE ( f_ath_mdid=33 AND (f_ath_rlid=) ) 
NOTIC: [2] Invalid argument supplied for foreach() D:\Program Files\Apache Software Foundation\Apache2.2\htdocs\xx\admin\Lib\KZMB\KZMBAction.class.php 第 62 行.
SQL: SELECT * FROM `tb_ath` WHERE ( f_ath_mdid=34 AND (f_ath_rlid=) )  [ RunTime:0.000129s ]
ERR: 1064:You have an error in your SQL syntax; check the manual that corresponds to your MySQL server version for the right syntax to use near ') )' at line 1
 [ SQL语句 ] : SELECT * FROM `tb_ath` WHERE ( f_ath_mdid=34 AND (f_ath_rlid=) ) 
NOTIC: [2] Invalid argument supplied for foreach() D:\Program Files\Apache Software Foundation\Apache2.2\htdocs\xx\admin\Lib\KZMB\KZMBAction.class.php 第 62 行.
SQL: SELECT * FROM `tb_ath` WHERE ( f_ath_mdid=35 AND (f_ath_rlid=) )  [ RunTime:0.000142s ]
ERR: 1064:You have an error in your SQL syntax; check the manual that corresponds to your MySQL server version for the right syntax to use near ') )' at line 1
 [ SQL语句 ] : SELECT * FROM `tb_ath` WHERE ( f_ath_mdid=35 AND (f_ath_rlid=) ) 
NOTIC: [2] Invalid argument supplied for foreach() D:\Program Files\Apache Software Foundation\Apache2.2\htdocs\xx\admin\Lib\KZMB\KZMBAction.class.php 第 62 行.
SQL: SELECT * FROM `tb_ath` WHERE ( f_ath_mdid=36 AND (f_ath_rlid=) )  [ RunTime:0.000133s ]
ERR: 1064:You have an error in your SQL syntax; check the manual that corresponds to your MySQL server version for the right syntax to use near ') )' at line 1
 [ SQL语句 ] : SELECT * FROM `tb_ath` WHERE ( f_ath_mdid=36 AND (f_ath_rlid=) ) 
NOTIC: [2] Invalid argument supplied for foreach() D:\Program Files\Apache Software Foundation\Apache2.2\htdocs\xx\admin\Lib\KZMB\KZMBAction.class.php 第 62 行.
SQL: SELECT * FROM `tb_ath` WHERE ( f_ath_mdid=37 AND (f_ath_rlid=) )  [ RunTime:0.000129s ]
ERR: 1064:You have an error in your SQL syntax; check the manual that corresponds to your MySQL server version for the right syntax to use near ') )' at line 1
 [ SQL语句 ] : SELECT * FROM `tb_ath` WHERE ( f_ath_mdid=37 AND (f_ath_rlid=) ) 
NOTIC: [2] Invalid argument supplied for foreach() D:\Program Files\Apache Software Foundation\Apache2.2\htdocs\xx\admin\Lib\KZMB\KZMBAction.class.php 第 62 行.
SQL: SELECT * FROM `tb_ath` WHERE ( f_ath_mdid=38 AND (f_ath_rlid=) )  [ RunTime:0.000130s ]
ERR: 1064:You have an error in your SQL syntax; check the manual that corresponds to your MySQL server version for the right syntax to use near ') )' at line 1
 [ SQL语句 ] : SELECT * FROM `tb_ath` WHERE ( f_ath_mdid=38 AND (f_ath_rlid=) ) 
NOTIC: [2] Invalid argument supplied for foreach() D:\Program Files\Apache Software Foundation\Apache2.2\htdocs\xx\admin\Lib\KZMB\KZMBAction.class.php 第 62 行.
SQL: SELECT * FROM `tb_ath` WHERE ( f_ath_mdid=39 AND (f_ath_rlid=) )  [ RunTime:0.000129s ]
ERR: 1064:You have an error in your SQL syntax; check the manual that corresponds to your MySQL server version for the right syntax to use near ') )' at line 1
 [ SQL语句 ] : SELECT * FROM `tb_ath` WHERE ( f_ath_mdid=39 AND (f_ath_rlid=) ) 
NOTIC: [2] Invalid argument supplied for foreach() D:\Program Files\Apache Software Foundation\Apache2.2\htdocs\xx\admin\Lib\KZMB\KZMBAction.class.php 第 62 行.
SQL: SELECT * FROM `tb_ath` WHERE ( f_ath_mdid=40 AND (f_ath_rlid=) )  [ RunTime:0.000128s ]
ERR: 1064:You have an error in your SQL syntax; check the manual that corresponds to your MySQL server version for the right syntax to use near ') )' at line 1
 [ SQL语句 ] : SELECT * FROM `tb_ath` WHERE ( f_ath_mdid=40 AND (f_ath_rlid=) ) 
NOTIC: [2] Invalid argument supplied for foreach() D:\Program Files\Apache Software Foundation\Apache2.2\htdocs\xx\admin\Lib\KZMB\KZMBAction.class.php 第 62 行.
SQL: SELECT * FROM `tb_ath` WHERE ( f_ath_mdid=41 AND (f_ath_rlid=) )  [ RunTime:0.000129s ]
ERR: 1064:You have an error in your SQL syntax; check the manual that corresponds to your MySQL server version for the right syntax to use near ') )' at line 1
 [ SQL语句 ] : SELECT * FROM `tb_ath` WHERE ( f_ath_mdid=41 AND (f_ath_rlid=) ) 
NOTIC: [2] Invalid argument supplied for foreach() D:\Program Files\Apache Software Foundation\Apache2.2\htdocs\xx\admin\Lib\KZMB\KZMBAction.class.php 第 62 行.
SQL: SELECT * FROM `tb_ath` WHERE ( f_ath_mdid=42 AND (f_ath_rlid=) )  [ RunTime:0.000128s ]
ERR: 1064:You have an error in your SQL syntax; check the manual that corresponds to your MySQL server version for the right syntax to use near ') )' at line 1
 [ SQL语句 ] : SELECT * FROM `tb_ath` WHERE ( f_ath_mdid=42 AND (f_ath_rlid=) ) 
NOTIC: [2] Invalid argument supplied for foreach() D:\Program Files\Apache Software Foundation\Apache2.2\htdocs\xx\admin\Lib\KZMB\KZMBAction.class.php 第 62 行.
SQL: SELECT * FROM `tb_ath` WHERE ( f_ath_mdid=43 AND (f_ath_rlid=) )  [ RunTime:0.000127s ]
ERR: 1064:You have an error in your SQL syntax; check the manual that corresponds to your MySQL server version for the right syntax to use near ') )' at line 1
 [ SQL语句 ] : SELECT * FROM `tb_ath` WHERE ( f_ath_mdid=43 AND (f_ath_rlid=) ) 
NOTIC: [2] Invalid argument supplied for foreach() D:\Program Files\Apache Software Foundation\Apache2.2\htdocs\xx\admin\Lib\KZMB\KZMBAction.class.php 第 62 行.
SQL: SELECT * FROM `tb_ath` WHERE ( f_ath_mdid=44 AND (f_ath_rlid=) )  [ RunTime:0.000127s ]
ERR: 1064:You have an error in your SQL syntax; check the manual that corresponds to your MySQL server version for the right syntax to use near ') )' at line 1
 [ SQL语句 ] : SELECT * FROM `tb_ath` WHERE ( f_ath_mdid=44 AND (f_ath_rlid=) ) 
NOTIC: [2] Invalid argument supplied for foreach() D:\Program Files\Apache Software Foundation\Apache2.2\htdocs\xx\admin\Lib\KZMB\KZMBAction.class.php 第 62 行.
SQL: SELECT * FROM `tb_ath` WHERE ( f_ath_mdid=49 AND (f_ath_rlid=) )  [ RunTime:0.000128s ]
ERR: 1064:You have an error in your SQL syntax; check the manual that corresponds to your MySQL server version for the right syntax to use near ') )' at line 1
 [ SQL语句 ] : SELECT * FROM `tb_ath` WHERE ( f_ath_mdid=49 AND (f_ath_rlid=) ) 
NOTIC: [2] Invalid argument supplied for foreach() D:\Program Files\Apache Software Foundation\Apache2.2\htdocs\xx\admin\Lib\KZMB\KZMBAction.class.php 第 62 行.
SQL: SELECT * FROM `tb_ath` WHERE ( f_ath_mdid=61 AND (f_ath_rlid=) )  [ RunTime:0.000128s ]
ERR: 1064:You have an error in your SQL syntax; check the manual that corresponds to your MySQL server version for the right syntax to use near ') )' at line 1
 [ SQL语句 ] : SELECT * FROM `tb_ath` WHERE ( f_ath_mdid=61 AND (f_ath_rlid=) ) 
NOTIC: [2] Invalid argument supplied for foreach() D:\Program Files\Apache Software Foundation\Apache2.2\htdocs\xx\admin\Lib\KZMB\KZMBAction.class.php 第 62 行.
NOTIC: [8] Undefined variable: athofn D:\Program Files\Apache Software Foundation\Apache2.2\htdocs\xx\admin\Lib\KZMB\KZMBAction.class.php 第 94 行.
NOTIC: [8] Undefined variable: athofn D:\Program Files\Apache Software Foundation\Apache2.2\htdocs\xx\admin\Lib\KZMB\KZMBAction.class.php 第 94 行.
NOTIC: [8] Undefined variable: athofn D:\Program Files\Apache Software Foundation\Apache2.2\htdocs\xx\admin\Lib\KZMB\KZMBAction.class.php 第 94 行.
NOTIC: [8] Undefined variable: athofn D:\Program Files\Apache Software Foundation\Apache2.2\htdocs\xx\admin\Lib\KZMB\KZMBAction.class.php 第 94 行.
NOTIC: [8] Undefined variable: athofn D:\Program Files\Apache Software Foundation\Apache2.2\htdocs\xx\admin\Lib\KZMB\KZMBAction.class.php 第 94 行.
NOTIC: [8] Undefined variable: athofn D:\Program Files\Apache Software Foundation\Apache2.2\htdocs\xx\admin\Lib\KZMB\KZMBAction.class.php 第 94 行.
NOTIC: [8] Undefined variable: athofn D:\Program Files\Apache Software Foundation\Apache2.2\htdocs\xx\admin\Lib\KZMB\KZMBAction.class.php 第 94 行.
NOTIC: [8] Undefined variable: athofn D:\Program Files\Apache Software Foundation\Apache2.2\htdocs\xx\admin\Lib\KZMB\KZMBAction.class.php 第 94 行.
NOTIC: [8] Undefined variable: athofn D:\Program Files\Apache Software Foundation\Apache2.2\htdocs\xx\admin\Lib\KZMB\KZMBAction.class.php 第 94 行.
NOTIC: [8] Undefined variable: athofn D:\Program Files\Apache Software Foundation\Apache2.2\htdocs\xx\admin\Lib\KZMB\KZMBAction.class.php 第 94 行.
NOTIC: [8] Undefined variable: athofn D:\Program Files\Apache Software Foundation\Apache2.2\htdocs\xx\admin\Lib\KZMB\KZMBAction.class.php 第 94 行.
NOTIC: [8] Undefined variable: athofn D:\Program Files\Apache Software Foundation\Apache2.2\htdocs\xx\admin\Lib\KZMB\KZMBAction.class.php 第 94 行.
NOTIC: [8] Undefined variable: athofn D:\Program Files\Apache Software Foundation\Apache2.2\htdocs\xx\admin\Lib\KZMB\KZMBAction.class.php 第 94 行.
NOTIC: [8] Undefined variable: athofn D:\Program Files\Apache Software Foundation\Apache2.2\htdocs\xx\admin\Lib\KZMB\KZMBAction.class.php 第 94 行.
NOTIC: [8] Undefined variable: athofn D:\Program Files\Apache Software Foundation\Apache2.2\htdocs\xx\admin\Lib\KZMB\KZMBAction.class.php 第 94 行.
NOTIC: [8] Undefined variable: athofn D:\Program Files\Apache Software Foundation\Apache2.2\htdocs\xx\admin\Lib\KZMB\KZMBAction.class.php 第 94 行.
NOTIC: [8] Undefined variable: athofn D:\Program Files\Apache Software Foundation\Apache2.2\htdocs\xx\admin\Lib\KZMB\KZMBAction.class.php 第 94 行.
NOTIC: [8] Undefined variable: athofn D:\Program Files\Apache Software Foundation\Apache2.2\htdocs\xx\admin\Lib\KZMB\KZMBAction.class.php 第 94 行.
NOTIC: [8] Undefined variable: athofn D:\Program Files\Apache Software Foundation\Apache2.2\htdocs\xx\admin\Lib\KZMB\KZMBAction.class.php 第 94 行.
NOTIC: [8] Undefined variable: athofn D:\Program Files\Apache Software Foundation\Apache2.2\htdocs\xx\admin\Lib\KZMB\KZMBAction.class.php 第 94 行.
NOTIC: [8] Undefined variable: athofn D:\Program Files\Apache Software Foundation\Apache2.2\htdocs\xx\admin\Lib\KZMB\KZMBAction.class.php 第 94 行.
NOTIC: [8] Undefined variable: athofn D:\Program Files\Apache Software Foundation\Apache2.2\htdocs\xx\admin\Lib\KZMB\KZMBAction.class.php 第 94 行.
SQL: SELECT * FROM `tb_lbmd` LEFT JOIN tb_md ON f_lbmd_mdid=mdid WHERE ( f_lbmd_lbid=4 )  [ RunTime:0.000716s ]
SQL: SELECT * FROM `tb_ath` WHERE ( f_ath_mdid=45 AND (f_ath_rlid=) )  [ RunTime:0.000151s ]
ERR: 1064:You have an error in your SQL syntax; check the manual that corresponds to your MySQL server version for the right syntax to use near ') )' at line 1
 [ SQL语句 ] : SELECT * FROM `tb_ath` WHERE ( f_ath_mdid=45 AND (f_ath_rlid=) ) 
NOTIC: [2] Invalid argument supplied for foreach() D:\Program Files\Apache Software Foundation\Apache2.2\htdocs\xx\admin\Lib\KZMB\KZMBAction.class.php 第 62 行.
SQL: SELECT * FROM `tb_ath` WHERE ( f_ath_mdid=50 AND (f_ath_rlid=) )  [ RunTime:0.000131s ]
ERR: 1064:You have an error in your SQL syntax; check the manual that corresponds to your MySQL server version for the right syntax to use near ') )' at line 1
 [ SQL语句 ] : SELECT * FROM `tb_ath` WHERE ( f_ath_mdid=50 AND (f_ath_rlid=) ) 
NOTIC: [2] Invalid argument supplied for foreach() D:\Program Files\Apache Software Foundation\Apache2.2\htdocs\xx\admin\Lib\KZMB\KZMBAction.class.php 第 62 行.
SQL: SELECT * FROM `tb_ath` WHERE ( f_ath_mdid=51 AND (f_ath_rlid=) )  [ RunTime:0.000130s ]
ERR: 1064:You have an error in your SQL syntax; check the manual that corresponds to your MySQL server version for the right syntax to use near ') )' at line 1
 [ SQL语句 ] : SELECT * FROM `tb_ath` WHERE ( f_ath_mdid=51 AND (f_ath_rlid=) ) 
NOTIC: [2] Invalid argument supplied for foreach() D:\Program Files\Apache Software Foundation\Apache2.2\htdocs\xx\admin\Lib\KZMB\KZMBAction.class.php 第 62 行.
SQL: SELECT * FROM `tb_ath` WHERE ( f_ath_mdid=62 AND (f_ath_rlid=) )  [ RunTime:0.000137s ]
ERR: 1064:You have an error in your SQL syntax; check the manual that corresponds to your MySQL server version for the right syntax to use near ') )' at line 1
 [ SQL语句 ] : SELECT * FROM `tb_ath` WHERE ( f_ath_mdid=62 AND (f_ath_rlid=) ) 
NOTIC: [2] Invalid argument supplied for foreach() D:\Program Files\Apache Software Foundation\Apache2.2\htdocs\xx\admin\Lib\KZMB\KZMBAction.class.php 第 62 行.
SQL: SELECT * FROM `tb_ath` WHERE ( f_ath_mdid=63 AND (f_ath_rlid=) )  [ RunTime:0.000137s ]
ERR: 1064:You have an error in your SQL syntax; check the manual that corresponds to your MySQL server version for the right syntax to use near ') )' at line 1
 [ SQL语句 ] : SELECT * FROM `tb_ath` WHERE ( f_ath_mdid=63 AND (f_ath_rlid=) ) 
NOTIC: [2] Invalid argument supplied for foreach() D:\Program Files\Apache Software Foundation\Apache2.2\htdocs\xx\admin\Lib\KZMB\KZMBAction.class.php 第 62 行.
SQL: SELECT * FROM `tb_ath` WHERE ( f_ath_mdid=64 AND (f_ath_rlid=) )  [ RunTime:0.000142s ]
ERR: 1064:You have an error in your SQL syntax; check the manual that corresponds to your MySQL server version for the right syntax to use near ') )' at line 1
 [ SQL语句 ] : SELECT * FROM `tb_ath` WHERE ( f_ath_mdid=64 AND (f_ath_rlid=) ) 
NOTIC: [2] Invalid argument supplied for foreach() D:\Program Files\Apache Software Foundation\Apache2.2\htdocs\xx\admin\Lib\KZMB\KZMBAction.class.php 第 62 行.
NOTIC: [8] Undefined variable: athofn D:\Program Files\Apache Software Foundation\Apache2.2\htdocs\xx\admin\Lib\KZMB\KZMBAction.class.php 第 94 行.
NOTIC: [8] Undefined variable: athofn D:\Program Files\Apache Software Foundation\Apache2.2\htdocs\xx\admin\Lib\KZMB\KZMBAction.class.php 第 94 行.
NOTIC: [8] Undefined variable: athofn D:\Program Files\Apache Software Foundation\Apache2.2\htdocs\xx\admin\Lib\KZMB\KZMBAction.class.php 第 94 行.
NOTIC: [8] Undefined variable: athofn D:\Program Files\Apache Software Foundation\Apache2.2\htdocs\xx\admin\Lib\KZMB\KZMBAction.class.php 第 94 行.
NOTIC: [8] Undefined variable: athofn D:\Program Files\Apache Software Foundation\Apache2.2\htdocs\xx\admin\Lib\KZMB\KZMBAction.class.php 第 94 行.
NOTIC: [8] Undefined variable: athofn D:\Program Files\Apache Software Foundation\Apache2.2\htdocs\xx\admin\Lib\KZMB\KZMBAction.class.php 第 94 行.
SQL: SELECT * FROM `tb_lbmd` LEFT JOIN tb_md ON f_lbmd_mdid=mdid WHERE ( f_lbmd_lbid=5 )  [ RunTime:0.000127s ]
SQL: SELECT * FROM `tb_ath` WHERE ( f_ath_mdid=46 AND (f_ath_rlid=) )  [ RunTime:0.000128s ]
ERR: 1064:You have an error in your SQL syntax; check the manual that corresponds to your MySQL server version for the right syntax to use near ') )' at line 1
 [ SQL语句 ] : SELECT * FROM `tb_ath` WHERE ( f_ath_mdid=46 AND (f_ath_rlid=) ) 
NOTIC: [2] Invalid argument supplied for foreach() D:\Program Files\Apache Software Foundation\Apache2.2\htdocs\xx\admin\Lib\KZMB\KZMBAction.class.php 第 62 行.
SQL: SELECT * FROM `tb_ath` WHERE ( f_ath_mdid=47 AND (f_ath_rlid=) )  [ RunTime:0.000129s ]
ERR: 1064:You have an error in your SQL syntax; check the manual that corresponds to your MySQL server version for the right syntax to use near ') )' at line 1
 [ SQL语句 ] : SELECT * FROM `tb_ath` WHERE ( f_ath_mdid=47 AND (f_ath_rlid=) ) 
NOTIC: [2] Invalid argument supplied for foreach() D:\Program Files\Apache Software Foundation\Apache2.2\htdocs\xx\admin\Lib\KZMB\KZMBAction.class.php 第 62 行.
SQL: SELECT * FROM `tb_ath` WHERE ( f_ath_mdid=48 AND (f_ath_rlid=) )  [ RunTime:0.000128s ]
ERR: 1064:You have an error in your SQL syntax; check the manual that corresponds to your MySQL server version for the right syntax to use near ') )' at line 1
 [ SQL语句 ] : SELECT * FROM `tb_ath` WHERE ( f_ath_mdid=48 AND (f_ath_rlid=) ) 
NOTIC: [2] Invalid argument supplied for foreach() D:\Program Files\Apache Software Foundation\Apache2.2\htdocs\xx\admin\Lib\KZMB\KZMBAction.class.php 第 62 行.
NOTIC: [8] Undefined variable: athofn D:\Program Files\Apache Software Foundation\Apache2.2\htdocs\xx\admin\Lib\KZMB\KZMBAction.class.php 第 94 行.
NOTIC: [8] Undefined variable: athofn D:\Program Files\Apache Software Foundation\Apache2.2\htdocs\xx\admin\Lib\KZMB\KZMBAction.class.php 第 94 行.
NOTIC: [8] Undefined variable: athofn D:\Program Files\Apache Software Foundation\Apache2.2\htdocs\xx\admin\Lib\KZMB\KZMBAction.class.php 第 94 行.
SQL: SELECT * FROM `tb_lbmd` LEFT JOIN tb_md ON f_lbmd_mdid=mdid WHERE ( f_lbmd_lbid=6 )  [ RunTime:0.000127s ]
SQL: SELECT * FROM `tb_ath` WHERE ( f_ath_mdid=52 AND (f_ath_rlid=) )  [ RunTime:0.000129s ]
ERR: 1064:You have an error in your SQL syntax; check the manual that corresponds to your MySQL server version for the right syntax to use near ') )' at line 1
 [ SQL语句 ] : SELECT * FROM `tb_ath` WHERE ( f_ath_mdid=52 AND (f_ath_rlid=) ) 
NOTIC: [2] Invalid argument supplied for foreach() D:\Program Files\Apache Software Foundation\Apache2.2\htdocs\xx\admin\Lib\KZMB\KZMBAction.class.php 第 62 行.
SQL: SELECT * FROM `tb_ath` WHERE ( f_ath_mdid=53 AND (f_ath_rlid=) )  [ RunTime:0.000129s ]
ERR: 1064:You have an error in your SQL syntax; check the manual that corresponds to your MySQL server version for the right syntax to use near ') )' at line 1
 [ SQL语句 ] : SELECT * FROM `tb_ath` WHERE ( f_ath_mdid=53 AND (f_ath_rlid=) ) 
NOTIC: [2] Invalid argument supplied for foreach() D:\Program Files\Apache Software Foundation\Apache2.2\htdocs\xx\admin\Lib\KZMB\KZMBAction.class.php 第 62 行.
SQL: SELECT * FROM `tb_ath` WHERE ( f_ath_mdid=54 AND (f_ath_rlid=) )  [ RunTime:0.000128s ]
ERR: 1064:You have an error in your SQL syntax; check the manual that corresponds to your MySQL server version for the right syntax to use near ') )' at line 1
 [ SQL语句 ] : SELECT * FROM `tb_ath` WHERE ( f_ath_mdid=54 AND (f_ath_rlid=) ) 
NOTIC: [2] Invalid argument supplied for foreach() D:\Program Files\Apache Software Foundation\Apache2.2\htdocs\xx\admin\Lib\KZMB\KZMBAction.class.php 第 62 行.
SQL: SELECT * FROM `tb_ath` WHERE ( f_ath_mdid=55 AND (f_ath_rlid=) )  [ RunTime:0.000127s ]
ERR: 1064:You have an error in your SQL syntax; check the manual that corresponds to your MySQL server version for the right syntax to use near ') )' at line 1
 [ SQL语句 ] : SELECT * FROM `tb_ath` WHERE ( f_ath_mdid=55 AND (f_ath_rlid=) ) 
NOTIC: [2] Invalid argument supplied for foreach() D:\Program Files\Apache Software Foundation\Apache2.2\htdocs\xx\admin\Lib\KZMB\KZMBAction.class.php 第 62 行.
SQL: SELECT * FROM `tb_ath` WHERE ( f_ath_mdid=56 AND (f_ath_rlid=) )  [ RunTime:0.000130s ]
ERR: 1064:You have an error in your SQL syntax; check the manual that corresponds to your MySQL server version for the right syntax to use near ') )' at line 1
 [ SQL语句 ] : SELECT * FROM `tb_ath` WHERE ( f_ath_mdid=56 AND (f_ath_rlid=) ) 
NOTIC: [2] Invalid argument supplied for foreach() D:\Program Files\Apache Software Foundation\Apache2.2\htdocs\xx\admin\Lib\KZMB\KZMBAction.class.php 第 62 行.
SQL: SELECT * FROM `tb_ath` WHERE ( f_ath_mdid=57 AND (f_ath_rlid=) )  [ RunTime:0.000127s ]
ERR: 1064:You have an error in your SQL syntax; check the manual that corresponds to your MySQL server version for the right syntax to use near ') )' at line 1
 [ SQL语句 ] : SELECT * FROM `tb_ath` WHERE ( f_ath_mdid=57 AND (f_ath_rlid=) ) 
NOTIC: [2] Invalid argument supplied for foreach() D:\Program Files\Apache Software Foundation\Apache2.2\htdocs\xx\admin\Lib\KZMB\KZMBAction.class.php 第 62 行.
SQL: SELECT * FROM `tb_ath` WHERE ( f_ath_mdid=58 AND (f_ath_rlid=) )  [ RunTime:0.000127s ]
ERR: 1064:You have an error in your SQL syntax; check the manual that corresponds to your MySQL server version for the right syntax to use near ') )' at line 1
 [ SQL语句 ] : SELECT * FROM `tb_ath` WHERE ( f_ath_mdid=58 AND (f_ath_rlid=) ) 
NOTIC: [2] Invalid argument supplied for foreach() D:\Program Files\Apache Software Foundation\Apache2.2\htdocs\xx\admin\Lib\KZMB\KZMBAction.class.php 第 62 行.
SQL: SELECT * FROM `tb_ath` WHERE ( f_ath_mdid=59 AND (f_ath_rlid=) )  [ RunTime:0.000128s ]
ERR: 1064:You have an error in your SQL syntax; check the manual that corresponds to your MySQL server version for the right syntax to use near ') )' at line 1
 [ SQL语句 ] : SELECT * FROM `tb_ath` WHERE ( f_ath_mdid=59 AND (f_ath_rlid=) ) 
NOTIC: [2] Invalid argument supplied for foreach() D:\Program Files\Apache Software Foundation\Apache2.2\htdocs\xx\admin\Lib\KZMB\KZMBAction.class.php 第 62 行.
SQL: SELECT * FROM `tb_ath` WHERE ( f_ath_mdid=60 AND (f_ath_rlid=) )  [ RunTime:0.000129s ]
ERR: 1064:You have an error in your SQL syntax; check the manual that corresponds to your MySQL server version for the right syntax to use near ') )' at line 1
 [ SQL语句 ] : SELECT * FROM `tb_ath` WHERE ( f_ath_mdid=60 AND (f_ath_rlid=) ) 
NOTIC: [2] Invalid argument supplied for foreach() D:\Program Files\Apache Software Foundation\Apache2.2\htdocs\xx\admin\Lib\KZMB\KZMBAction.class.php 第 62 行.
NOTIC: [8] Undefined variable: athofn D:\Program Files\Apache Software Foundation\Apache2.2\htdocs\xx\admin\Lib\KZMB\KZMBAction.class.php 第 94 行.
NOTIC: [8] Undefined variable: athofn D:\Program Files\Apache Software Foundation\Apache2.2\htdocs\xx\admin\Lib\KZMB\KZMBAction.class.php 第 94 行.
NOTIC: [8] Undefined variable: athofn D:\Program Files\Apache Software Foundation\Apache2.2\htdocs\xx\admin\Lib\KZMB\KZMBAction.class.php 第 94 行.
NOTIC: [8] Undefined variable: athofn D:\Program Files\Apache Software Foundation\Apache2.2\htdocs\xx\admin\Lib\KZMB\KZMBAction.class.php 第 94 行.
NOTIC: [8] Undefined variable: athofn D:\Program Files\Apache Software Foundation\Apache2.2\htdocs\xx\admin\Lib\KZMB\KZMBAction.class.php 第 94 行.
NOTIC: [8] Undefined variable: athofn D:\Program Files\Apache Software Foundation\Apache2.2\htdocs\xx\admin\Lib\KZMB\KZMBAction.class.php 第 94 行.
NOTIC: [8] Undefined variable: athofn D:\Program Files\Apache Software Foundation\Apache2.2\htdocs\xx\admin\Lib\KZMB\KZMBAction.class.php 第 94 行.
NOTIC: [8] Undefined variable: athofn D:\Program Files\Apache Software Foundation\Apache2.2\htdocs\xx\admin\Lib\KZMB\KZMBAction.class.php 第 94 行.
NOTIC: [8] Undefined variable: athofn D:\Program Files\Apache Software Foundation\Apache2.2\htdocs\xx\admin\Lib\KZMB\KZMBAction.class.php 第 94 行.
SQL: SELECT * FROM `tb_lbmd` LEFT JOIN tb_md ON f_lbmd_mdid=mdid WHERE ( f_lbmd_lbid=7 )  [ RunTime:0.000137s ]
SQL: SELECT * FROM `tb_ath` WHERE ( f_ath_mdid=65 AND (f_ath_rlid=) )  [ RunTime:0.000136s ]
ERR: 1064:You have an error in your SQL syntax; check the manual that corresponds to your MySQL server version for the right syntax to use near ') )' at line 1
 [ SQL语句 ] : SELECT * FROM `tb_ath` WHERE ( f_ath_mdid=65 AND (f_ath_rlid=) ) 
NOTIC: [2] Invalid argument supplied for foreach() D:\Program Files\Apache Software Foundation\Apache2.2\htdocs\xx\admin\Lib\KZMB\KZMBAction.class.php 第 62 行.
SQL: SELECT * FROM `tb_ath` WHERE ( f_ath_mdid=66 AND (f_ath_rlid=) )  [ RunTime:0.000131s ]
ERR: 1064:You have an error in your SQL syntax; check the manual that corresponds to your MySQL server version for the right syntax to use near ') )' at line 1
 [ SQL语句 ] : SELECT * FROM `tb_ath` WHERE ( f_ath_mdid=66 AND (f_ath_rlid=) ) 
NOTIC: [2] Invalid argument supplied for foreach() D:\Program Files\Apache Software Foundation\Apache2.2\htdocs\xx\admin\Lib\KZMB\KZMBAction.class.php 第 62 行.
NOTIC: [8] Undefined variable: athofn D:\Program Files\Apache Software Foundation\Apache2.2\htdocs\xx\admin\Lib\KZMB\KZMBAction.class.php 第 94 行.
NOTIC: [8] Undefined variable: athofn D:\Program Files\Apache Software Foundation\Apache2.2\htdocs\xx\admin\Lib\KZMB\KZMBAction.class.php 第 94 行.
INFO: [ view_parse ] --START--
INFO: ParseTemplate Behavior ::run [ RunTime:0.061953s ]
INFO: [ view_parse ] --END-- [ RunTime:0.062111s ]
INFO: [ view_filter ] --START--
INFO: ContentReplace Behavior ::run [ RunTime:0.007220s ]
INFO: TokenBuild Behavior ::run [ RunTime:0.007112s ]
INFO: WriteHtmlCache Behavior ::run [ RunTime:0.007178s ]
INFO: ShowRuntime Behavior ::run [ RunTime:0.007263s ]
INFO: [ view_filter ] --END-- [ RunTime:0.029102s ]
INFO: [ view_end ] --START--
INFO: ShowPageTrace Behavior ::run [ RunTime:0.008067s ]
INFO: [ view_end ] --END-- [ RunTime:0.008192s ]

