[ 2015-12-09T02:24:23+08:00 ] 42.62.36.165 /xx/admin.php/Usr/gtxpg/x/forget
INFO: [ route_check ] --START--
INFO: CheckRoute Behavior ::run [ RunTime:0.008341s ]
INFO: [ route_check ] --END-- [ RunTime:0.008505s ]
INFO: [ app_begin ] --START--
INFO: ReadHtmlCache Behavior ::run [ RunTime:0.007468s ]
INFO: [ app_begin ] --END-- [ RunTime:0.007590s ]
SQL: SHOW COLUMNS FROM `tb_usr` [ RunTime:0.003460s ]
SQL: SELECT * FROM `tb_usr` WHERE ( usrid= ) LIMIT 1   [ RunTime:0.000408s ]
ERR: 1064:You have an error in your SQL syntax; check the manual that corresponds to your MySQL server version for the right syntax to use near ') LIMIT 1' at line 1
 [ SQL语句 ] : SELECT * FROM `tb_usr` WHERE ( usrid= ) LIMIT 1  
SQL: SHOW COLUMNS FROM `tb_usrrl` [ RunTime:0.002536s ]
SQL: SELECT * FROM `tb_usrrl` LEFT JOIN tb_usr ON f_usrrl_usrid=usrid LEFT JOIN tb_rl ON f_usrrl_rlid=rlid WHERE ( f_usrrl_usrid= )  [ RunTime:0.000686s ]
ERR: 1064:You have an error in your SQL syntax; check the manual that corresponds to your MySQL server version for the right syntax to use near ')' at line 1
 [ SQL语句 ] : SELECT * FROM `tb_usrrl` LEFT JOIN tb_usr ON f_usrrl_usrid=usrid LEFT JOIN tb_rl ON f_usrrl_rlid=rlid WHERE ( f_usrrl_usrid= ) 
NOTIC: [2] Invalid argument supplied for foreach() D:\Program Files\Apache Software Foundation\Apache2.2\htdocs\xx\admin\Lib\SS\SSAction.class.php 第 16 行.
SQL: SHOW COLUMNS FROM `tb_md` [ RunTime:0.002524s ]
SQL: SELECT * FROM `tb_md` WHERE ( mdmk='Usr' ) LIMIT 1   [ RunTime:0.000623s ]
SQL: SHOW COLUMNS FROM `tb_btn` [ RunTime:0.002798s ]
SQL: SELECT * FROM `tb_btn` WHERE ( f_btn_usrid= AND btnnm='lft' ) LIMIT 1   [ RunTime:0.000595s ]
ERR: 1064:You have an error in your SQL syntax; check the manual that corresponds to your MySQL server version for the right syntax to use near 'AND btnnm='lft' ) LIMIT 1' at line 1
 [ SQL语句 ] : SELECT * FROM `tb_btn` WHERE ( f_btn_usrid= AND btnnm='lft' ) LIMIT 1  
SQL: SELECT * FROM `tb_usrrl` WHERE ( f_usrrl_usrid= )  [ RunTime:0.000138s ]
ERR: 1064:You have an error in your SQL syntax; check the manual that corresponds to your MySQL server version for the right syntax to use near ')' at line 1
 [ SQL语句 ] : SELECT * FROM `tb_usrrl` WHERE ( f_usrrl_usrid= ) 
SQL: SHOW COLUMNS FROM `tb_lb` [ RunTime:0.002470s ]
SQL: SHOW COLUMNS FROM `tb_lbmd` [ RunTime:0.003004s ]
SQL: SELECT * FROM `tb_lb`  [ RunTime:0.000617s ]
SQL: SELECT * FROM `tb_lbmd` LEFT JOIN tb_md ON f_lbmd_mdid=mdid WHERE ( f_lbmd_lbid=1 )  [ RunTime:0.000140s ]
SQL: SHOW COLUMNS FROM `tb_ath` [ RunTime:0.002740s ]
SQL: SELECT * FROM `tb_ath` WHERE ( f_ath_mdid=1 AND (f_ath_rlid=) )  [ RunTime:0.000802s ]
ERR: 1064:You have an error in your SQL syntax; check the manual that corresponds to your MySQL server version for the right syntax to use near ') )' at line 1
 [ SQL语句 ] : SELECT * FROM `tb_ath` WHERE ( f_ath_mdid=1 AND (f_ath_rlid=) ) 
NOTIC: [2] Invalid argument supplied for foreach() D:\Program Files\Apache Software Foundation\Apache2.2\htdocs\xx\admin\Lib\KZMB\KZMBAction.class.php 第 62 行.
SQL: SELECT * FROM `tb_ath` WHERE ( f_ath_mdid=2 AND (f_ath_rlid=) )  [ RunTime:0.000148s ]
ERR: 1064:You have an error in your SQL syntax; check the manual that corresponds to your MySQL server version for the right syntax to use near ') )' at line 1
 [ SQL语句 ] : SELECT * FROM `tb_ath` WHERE ( f_ath_mdid=2 AND (f_ath_rlid=) ) 
NOTIC: [2] Invalid argument supplied for foreach() D:\Program Files\Apache Software Foundation\Apache2.2\htdocs\xx\admin\Lib\KZMB\KZMBAction.class.php 第 62 行.
SQL: SELECT * FROM `tb_ath` WHERE ( f_ath_mdid=3 AND (f_ath_rlid=) )  [ RunTime:0.000143s ]
ERR: 1064:You have an error in your SQL syntax; check the manual that corresponds to your MySQL server version for the right syntax to use near ') )' at line 1
 [ SQL语句 ] : SELECT * FROM `tb_ath` WHERE ( f_ath_mdid=3 AND (f_ath_rlid=) ) 
NOTIC: [2] Invalid argument supplied for foreach() D:\Program Files\Apache Software Foundation\Apache2.2\htdocs\xx\admin\Lib\KZMB\KZMBAction.class.php 第 62 行.
SQL: SELECT * FROM `tb_ath` WHERE ( f_ath_mdid=4 AND (f_ath_rlid=) )  [ RunTime:0.000137s ]
ERR: 1064:You have an error in your SQL syntax; check the manual that corresponds to your MySQL server version for the right syntax to use near ') )' at line 1
 [ SQL语句 ] : SELECT * FROM `tb_ath` WHERE ( f_ath_mdid=4 AND (f_ath_rlid=) ) 
NOTIC: [2] Invalid argument supplied for foreach() D:\Program Files\Apache Software Foundation\Apache2.2\htdocs\xx\admin\Lib\KZMB\KZMBAction.class.php 第 62 行.
SQL: SELECT * FROM `tb_ath` WHERE ( f_ath_mdid=5 AND (f_ath_rlid=) )  [ RunTime:0.000131s ]
ERR: 1064:You have an error in your SQL syntax; check the manual that corresponds to your MySQL server version for the right syntax to use near ') )' at line 1
 [ SQL语句 ] : SELECT * FROM `tb_ath` WHERE ( f_ath_mdid=5 AND (f_ath_rlid=) ) 
NOTIC: [2] Invalid argument supplied for foreach() D:\Program Files\Apache Software Foundation\Apache2.2\htdocs\xx\admin\Lib\KZMB\KZMBAction.class.php 第 62 行.
SQL: SELECT * FROM `tb_ath` WHERE ( f_ath_mdid=6 AND (f_ath_rlid=) )  [ RunTime:0.000130s ]
ERR: 1064:You have an error in your SQL syntax; check the manual that corresponds to your MySQL server version for the right syntax to use near ') )' at line 1
 [ SQL语句 ] : SELECT * FROM `tb_ath` WHERE ( f_ath_mdid=6 AND (f_ath_rlid=) ) 
NOTIC: [2] Invalid argument supplied for foreach() D:\Program Files\Apache Software Foundation\Apache2.2\htdocs\xx\admin\Lib\KZMB\KZMBAction.class.php 第 62 行.
SQL: SELECT * FROM `tb_ath` WHERE ( f_ath_mdid=7 AND (f_ath_rlid=) )  [ RunTime:0.000128s ]
ERR: 1064:You have an error in your SQL syntax; check the manual that corresponds to your MySQL server version for the right syntax to use near ') )' at line 1
 [ SQL语句 ] : SELECT * FROM `tb_ath` WHERE ( f_ath_mdid=7 AND (f_ath_rlid=) ) 
NOTIC: [2] Invalid argument supplied for foreach() D:\Program Files\Apache Software Foundation\Apache2.2\htdocs\xx\admin\Lib\KZMB\KZMBAction.class.php 第 62 行.
SQL: SELECT * FROM `tb_ath` WHERE ( f_ath_mdid=8 AND (f_ath_rlid=) )  [ RunTime:0.000131s ]
ERR: 1064:You have an error in your SQL syntax; check the manual that corresponds to your MySQL server version for the right syntax to use near ') )' at line 1
 [ SQL语句 ] : SELECT * FROM `tb_ath` WHERE ( f_ath_mdid=8 AND (f_ath_rlid=) ) 
NOTIC: [2] Invalid argument supplied for foreach() D:\Program Files\Apache Software Foundation\Apache2.2\htdocs\xx\admin\Lib\KZMB\KZMBAction.class.php 第 62 行.
SQL: SELECT * FROM `tb_ath` WHERE ( f_ath_mdid=9 AND (f_ath_rlid=) )  [ RunTime:0.000128s ]
ERR: 1064:You have an error in your SQL syntax; check the manual that corresponds to your MySQL server version for the right syntax to use near ') )' at line 1
 [ SQL语句 ] : SELECT * FROM `tb_ath` WHERE ( f_ath_mdid=9 AND (f_ath_rlid=) ) 
NOTIC: [2] Invalid argument supplied for foreach() D:\Program Files\Apache Software Foundation\Apache2.2\htdocs\xx\admin\Lib\KZMB\KZMBAction.class.php 第 62 行.
SQL: SELECT * FROM `tb_ath` WHERE ( f_ath_mdid=11 AND (f_ath_rlid=) )  [ RunTime:0.000131s ]
ERR: 1064:You have an error in your SQL syntax; check the manual that corresponds to your MySQL server version for the right syntax to use near ') )' at line 1
 [ SQL语句 ] : SELECT * FROM `tb_ath` WHERE ( f_ath_mdid=11 AND (f_ath_rlid=) ) 
NOTIC: [2] Invalid argument supplied for foreach() D:\Program Files\Apache Software Foundation\Apache2.2\htdocs\xx\admin\Lib\KZMB\KZMBAction.class.php 第 62 行.
SQL: SELECT * FROM `tb_ath` WHERE ( f_ath_mdid=12 AND (f_ath_rlid=) )  [ RunTime:0.000129s ]
ERR: 1064:You have an error in your SQL syntax; check the manual that corresponds to your MySQL server version for the right syntax to use near ') )' at line 1
 [ SQL语句 ] : SELECT * FROM `tb_ath` WHERE ( f_ath_mdid=12 AND (f_ath_rlid=) ) 
NOTIC: [2] Invalid argument supplied for foreach() D:\Program Files\Apache Software Foundation\Apache2.2\htdocs\xx\admin\Lib\KZMB\KZMBAction.class.php 第 62 行.
SQL: SELECT * FROM `tb_ath` WHERE ( f_ath_mdid=13 AND (f_ath_rlid=) )  [ RunTime:0.000130s ]
ERR: 1064:You have an error in your SQL syntax; check the manual that corresponds to your MySQL server version for the right syntax to use near ') )' at line 1
 [ SQL语句 ] : SELECT * FROM `tb_ath` WHERE ( f_ath_mdid=13 AND (f_ath_rlid=) ) 
NOTIC: [2] Invalid argument supplied for foreach() D:\Program Files\Apache Software Foundation\Apache2.2\htdocs\xx\admin\Lib\KZMB\KZMBAction.class.php 第 62 行.
SQL: SELECT * FROM `tb_ath` WHERE ( f_ath_mdid=14 AND (f_ath_rlid=) )  [ RunTime:0.000129s ]
ERR: 1064:You have an error in your SQL syntax; check the manual that corresponds to your MySQL server version for the right syntax to use near ') )' at line 1
 [ SQL语句 ] : SELECT * FROM `tb_ath` WHERE ( f_ath_mdid=14 AND (f_ath_rlid=) ) 
NOTIC: [2] Invalid argument supplied for foreach() D:\Program Files\Apache Software Foundation\Apache2.2\htdocs\xx\admin\Lib\KZMB\KZMBAction.class.php 第 62 行.
SQL: SELECT * FROM `tb_ath` WHERE ( f_ath_mdid=15 AND (f_ath_rlid=) )  [ RunTime:0.000129s ]
ERR: 1064:You have an error in your SQL syntax; check the manual that corresponds to your MySQL server version for the right syntax to use near ') )' at line 1
 [ SQL语句 ] : SELECT * FROM `tb_ath` WHERE ( f_ath_mdid=15 AND (f_ath_rlid=) ) 
NOTIC: [2] Invalid argument supplied for foreach() D:\Program Files\Apache Software Foundation\Apache2.2\htdocs\xx\admin\Lib\KZMB\KZMBAction.class.php 第 62 行.
SQL: SELECT * FROM `tb_ath` WHERE ( f_ath_mdid=24 AND (f_ath_rlid=) )  [ RunTime:0.000129s ]
ERR: 1064:You have an error in your SQL syntax; check the manual that corresponds to your MySQL server version for the right syntax to use near ') )' at line 1
 [ SQL语句 ] : SELECT * FROM `tb_ath` WHERE ( f_ath_mdid=24 AND (f_ath_rlid=) ) 
NOTIC: [2] Invalid argument supplied for foreach() D:\Program Files\Apache Software Foundation\Apache2.2\htdocs\xx\admin\Lib\KZMB\KZMBAction.class.php 第 62 行.
NOTIC: [8] Undefined variable: athofn D:\Program Files\Apache Software Foundation\Apache2.2\htdocs\xx\admin\Lib\KZMB\KZMBAction.class.php 第 94 行.
NOTIC: [8] Undefined variable: athofn D:\Program Files\Apache Software Foundation\Apache2.2\htdocs\xx\admin\Lib\KZMB\KZMBAction.class.php 第 94 行.
NOTIC: [8] Undefined variable: athofn D:\Program Files\Apache Software Foundation\Apache2.2\htdocs\xx\admin\Lib\KZMB\KZMBAction.class.php 第 94 行.
NOTIC: [8] Undefined variable: athofn D:\Program Files\Apache Software Foundation\Apache2.2\htdocs\xx\admin\Lib\KZMB\KZMBAction.class.php 第 94 行.
NOTIC: [8] Undefined variable: athofn D:\Program Files\Apache Software Foundation\Apache2.2\htdocs\xx\admin\Lib\KZMB\KZMBAction.class.php 第 94 行.
NOTIC: [8] Undefined variable: athofn D:\Program Files\Apache Software Foundation\Apache2.2\htdocs\xx\admin\Lib\KZMB\KZMBAction.class.php 第 94 行.
NOTIC: [8] Undefined variable: athofn D:\Program Files\Apache Software Foundation\Apache2.2\htdocs\xx\admin\Lib\KZMB\KZMBAction.class.php 第 94 行.
NOTIC: [8] Undefined variable: athofn D:\Program Files\Apache Software Foundation\Apache2.2\htdocs\xx\admin\Lib\KZMB\KZMBAction.class.php 第 94 行.
NOTIC: [8] Undefined variable: athofn D:\Program Files\Apache Software Foundation\Apache2.2\htdocs\xx\admin\Lib\KZMB\KZMBAction.class.php 第 94 行.
NOTIC: [8] Undefined variable: athofn D:\Program Files\Apache Software Foundation\Apache2.2\htdocs\xx\admin\Lib\KZMB\KZMBAction.class.php 第 94 行.
NOTIC: [8] Undefined variable: athofn D:\Program Files\Apache Software Foundation\Apache2.2\htdocs\xx\admin\Lib\KZMB\KZMBAction.class.php 第 94 行.
NOTIC: [8] Undefined variable: athofn D:\Program Files\Apache Software Foundation\Apache2.2\htdocs\xx\admin\Lib\KZMB\KZMBAction.class.php 第 94 行.
NOTIC: [8] Undefined variable: athofn D:\Program Files\Apache Software Foundation\Apache2.2\htdocs\xx\admin\Lib\KZMB\KZMBAction.class.php 第 94 行.
NOTIC: [8] Undefined variable: athofn D:\Program Files\Apache Software Foundation\Apache2.2\htdocs\xx\admin\Lib\KZMB\KZMBAction.class.php 第 94 行.
NOTIC: [8] Undefined variable: athofn D:\Program Files\Apache Software Foundation\Apache2.2\htdocs\xx\admin\Lib\KZMB\KZMBAction.class.php 第 94 行.
SQL: SELECT * FROM `tb_lbmd` LEFT JOIN tb_md ON f_lbmd_mdid=mdid WHERE ( f_lbmd_lbid=2 )  [ RunTime:0.000145s ]
SQL: SELECT * FROM `tb_ath` WHERE ( f_ath_mdid=16 AND (f_ath_rlid=) )  [ RunTime:0.000130s ]
ERR: 1064:You have an error in your SQL syntax; check the manual that corresponds to your MySQL server version for the right syntax to use near ') )' at line 1
 [ SQL语句 ] : SELECT * FROM `tb_ath` WHERE ( f_ath_mdid=16 AND (f_ath_rlid=) ) 
NOTIC: [2] Invalid argument supplied for foreach() D:\Program Files\Apache Software Foundation\Apache2.2\htdocs\xx\admin\Lib\KZMB\KZMBAction.class.php 第 62 行.
SQL: SELECT * FROM `tb_ath` WHERE ( f_ath_mdid=17 AND (f_ath_rlid=) )  [ RunTime:0.000130s ]
ERR: 1064:You have an error in your SQL syntax; check the manual that corresponds to your MySQL server version for the right syntax to use near ') )' at line 1
 [ SQL语句 ] : SELECT * FROM `tb_ath` WHERE ( f_ath_mdid=17 AND (f_ath_rlid=) ) 
NOTIC: [2] Invalid argument supplied for foreach() D:\Program Files\Apache Software Foundation\Apache2.2\htdocs\xx\admin\Lib\KZMB\KZMBAction.class.php 第 62 行.
SQL: SELECT * FROM `tb_ath` WHERE ( f_ath_mdid=18 AND (f_ath_rlid=) )  [ RunTime:0.000129s ]
ERR: 1064:You have an error in your SQL syntax; check the manual that corresponds to your MySQL server version for the right syntax to use near ') )' at line 1
 [ SQL语句 ] : SELECT * FROM `tb_ath` WHERE ( f_ath_mdid=18 AND (f_ath_rlid=) ) 
NOTIC: [2] Invalid argument supplied for foreach() D:\Program Files\Apache Software Foundation\Apache2.2\htdocs\xx\admin\Lib\KZMB\KZMBAction.class.php 第 62 行.
SQL: SELECT * FROM `tb_ath` WHERE ( f_ath_mdid=19 AND (f_ath_rlid=) )  [ RunTime:0.000145s ]
ERR: 1064:You have an error in your SQL syntax; check the manual that corresponds to your MySQL server version for the right syntax to use near ') )' at line 1
 [ SQL语句 ] : SELECT * FROM `tb_ath` WHERE ( f_ath_mdid=19 AND (f_ath_rlid=) ) 
NOTIC: [2] Invalid argument supplied for foreach() D:\Program Files\Apache Software Foundation\Apache2.2\htdocs\xx\admin\Lib\KZMB\KZMBAction.class.php 第 62 行.
SQL: SELECT * FROM `tb_ath` WHERE ( f_ath_mdid=20 AND (f_ath_rlid=) )  [ RunTime:0.000153s ]
ERR: 1064:You have an error in your SQL syntax; check the manual that corresponds to your MySQL server version for the right syntax to use near ') )' at line 1
 [ SQL语句 ] : SELECT * FROM `tb_ath` WHERE ( f_ath_mdid=20 AND (f_ath_rlid=) ) 
NOTIC: [2] Invalid argument supplied for foreach() D:\Program Files\Apache Software Foundation\Apache2.2\htdocs\xx\admin\Lib\KZMB\KZMBAction.class.php 第 62 行.
SQL: SELECT * FROM `tb_ath` WHERE ( f_ath_mdid=21 AND (f_ath_rlid=) )  [ RunTime:0.000155s ]
ERR: 1064:You have an error in your SQL syntax; check the manual that corresponds to your MySQL server version for the right syntax to use near ') )' at line 1
 [ SQL语句 ] : SELECT * FROM `tb_ath` WHERE ( f_ath_mdid=21 AND (f_ath_rlid=) ) 
NOTIC: [2] Invalid argument supplied for foreach() D:\Program Files\Apache Software Foundation\Apache2.2\htdocs\xx\admin\Lib\KZMB\KZMBAction.class.php 第 62 行.
SQL: SELECT * FROM `tb_ath` WHERE ( f_ath_mdid=22 AND (f_ath_rlid=) )  [ RunTime:0.000152s ]
ERR: 1064:You have an error in your SQL syntax; check the manual that corresponds to your MySQL server version for the right syntax to use near ') )' at line 1
 [ SQL语句 ] : SELECT * FROM `tb_ath` WHERE ( f_ath_mdid=22 AND (f_ath_rlid=) ) 
NOTIC: [2] Invalid argument supplied for foreach() D:\Program Files\Apache Software Foundation\Apache2.2\htdocs\xx\admin\Lib\KZMB\KZMBAction.class.php 第 62 行.
SQL: SELECT * FROM `tb_ath` WHERE ( f_ath_mdid=23 AND (f_ath_rlid=) )  [ RunTime:0.000155s ]
ERR: 1064:You have an error in your SQL syntax; check the manual that corresponds to your MySQL server version for the right syntax to use near ') )' at line 1
 [ SQL语句 ] : SELECT * FROM `tb_ath` WHERE ( f_ath_mdid=23 AND (f_ath_rlid=) ) 
NOTIC: [2] Invalid argument supplied for foreach() D:\Program Files\Apache Software Foundation\Apache2.2\htdocs\xx\admin\Lib\KZMB\KZMBAction.class.php 第 62 行.
NOTIC: [8] Undefined variable: athofn D:\Program Files\Apache Software Foundation\Apache2.2\htdocs\xx\admin\Lib\KZMB\KZMBAction.class.php 第 94 行.
NOTIC: [8] Undefined variable: athofn D:\Program Files\Apache Software Foundation\Apache2.2\htdocs\xx\admin\Lib\KZMB\KZMBAction.class.php 第 94 行.
NOTIC: [8] Undefined variable: athofn D:\Program Files\Apache Software Foundation\Apache2.2\htdocs\xx\admin\Lib\KZMB\KZMBAction.class.php 第 94 行.
NOTIC: [8] Undefined variable: athofn D:\Program Files\Apache Software Foundation\Apache2.2\htdocs\xx\admin\Lib\KZMB\KZMBAction.class.php 第 94 行.
NOTIC: [8] Undefined variable: athofn D:\Program Files\Apache Software Foundation\Apache2.2\htdocs\xx\admin\Lib\KZMB\KZMBAction.class.php 第 94 行.
NOTIC: [8] Undefined variable: athofn D:\Program Files\Apache Software Foundation\Apache2.2\htdocs\xx\admin\Lib\KZMB\KZMBAction.class.php 第 94 行.
NOTIC: [8] Undefined variable: athofn D:\Program Files\Apache Software Foundation\Apache2.2\htdocs\xx\admin\Lib\KZMB\KZMBAction.class.php 第 94 行.
NOTIC: [8] Undefined variable: athofn D:\Program Files\Apache Software Foundation\Apache2.2\htdocs\xx\admin\Lib\KZMB\KZMBAction.class.php 第 94 行.
SQL: SELECT * FROM `tb_lbmd` LEFT JOIN tb_md ON f_lbmd_mdid=mdid WHERE ( f_lbmd_lbid=3 )  [ RunTime:0.000158s ]
SQL: SELECT * FROM `tb_ath` WHERE ( f_ath_mdid=25 AND (f_ath_rlid=) )  [ RunTime:0.000172s ]
ERR: 1064:You have an error in your SQL syntax; check the manual that corresponds to your MySQL server version for the right syntax to use near ') )' at line 1
 [ SQL语句 ] : SELECT * FROM `tb_ath` WHERE ( f_ath_mdid=25 AND (f_ath_rlid=) ) 
NOTIC: [2] Invalid argument supplied for foreach() D:\Program Files\Apache Software Foundation\Apache2.2\htdocs\xx\admin\Lib\KZMB\KZMBAction.class.php 第 62 行.
SQL: SELECT * FROM `tb_ath` WHERE ( f_ath_mdid=26 AND (f_ath_rlid=) )  [ RunTime:0.013903s ]
ERR: 1064:You have an error in your SQL syntax; check the manual that corresponds to your MySQL server version for the right syntax to use near ') )' at line 1
 [ SQL语句 ] : SELECT * FROM `tb_ath` WHERE ( f_ath_mdid=26 AND (f_ath_rlid=) ) 
NOTIC: [2] Invalid argument supplied for foreach() D:\Program Files\Apache Software Foundation\Apache2.2\htdocs\xx\admin\Lib\KZMB\KZMBAction.class.php 第 62 行.
SQL: SELECT * FROM `tb_ath` WHERE ( f_ath_mdid=27 AND (f_ath_rlid=) )  [ RunTime:0.000247s ]
ERR: 1064:You have an error in your SQL syntax; check the manual that corresponds to your MySQL server version for the right syntax to use near ') )' at line 1
 [ SQL语句 ] : SELECT * FROM `tb_ath` WHERE ( f_ath_mdid=27 AND (f_ath_rlid=) ) 
NOTIC: [2] Invalid argument supplied for foreach() D:\Program Files\Apache Software Foundation\Apache2.2\htdocs\xx\admin\Lib\KZMB\KZMBAction.class.php 第 62 行.
SQL: SELECT * FROM `tb_ath` WHERE ( f_ath_mdid=28 AND (f_ath_rlid=) )  [ RunTime:0.000520s ]
ERR: 1064:You have an error in your SQL syntax; check the manual that corresponds to your MySQL server version for the right syntax to use near ') )' at line 1
 [ SQL语句 ] : SELECT * FROM `tb_ath` WHERE ( f_ath_mdid=28 AND (f_ath_rlid=) ) 
NOTIC: [2] Invalid argument supplied for foreach() D:\Program Files\Apache Software Foundation\Apache2.2\htdocs\xx\admin\Lib\KZMB\KZMBAction.class.php 第 62 行.
SQL: SELECT * FROM `tb_ath` WHERE ( f_ath_mdid=29 AND (f_ath_rlid=) )  [ RunTime:0.000203s ]
ERR: 1064:You have an error in your SQL syntax; check the manual that corresponds to your MySQL server version for the right syntax to use near ') )' at line 1
 [ SQL语句 ] : SELECT * FROM `tb_ath` WHERE ( f_ath_mdid=29 AND (f_ath_rlid=) ) 
NOTIC: [2] Invalid argument supplied for foreach() D:\Program Files\Apache Software Foundation\Apache2.2\htdocs\xx\admin\Lib\KZMB\KZMBAction.class.php 第 62 行.
SQL: SELECT * FROM `tb_ath` WHERE ( f_ath_mdid=30 AND (f_ath_rlid=) )  [ RunTime:0.000256s ]
ERR: 1064:You have an error in your SQL syntax; check the manual that corresponds to your MySQL server version for the right syntax to use near ') )' at line 1
 [ SQL语句 ] : SELECT * FROM `tb_ath` WHERE ( f_ath_mdid=30 AND (f_ath_rlid=) ) 
NOTIC: [2] Invalid argument supplied for foreach() D:\Program Files\Apache Software Foundation\Apache2.2\htdocs\xx\admin\Lib\KZMB\KZMBAction.class.php 第 62 行.
SQL: SELECT * FROM `tb_ath` WHERE ( f_ath_mdid=31 AND (f_ath_rlid=) )  [ RunTime:0.000135s ]
ERR: 1064:You have an error in your SQL syntax; check the manual that corresponds to your MySQL server version for the right syntax to use near ') )' at line 1
 [ SQL语句 ] : SELECT * FROM `tb_ath` WHERE ( f_ath_mdid=31 AND (f_ath_rlid=) ) 
NOTIC: [2] Invalid argument supplied for foreach() D:\Program Files\Apache Software Foundation\Apache2.2\htdocs\xx\admin\Lib\KZMB\KZMBAction.class.php 第 62 行.
SQL: SELECT * FROM `tb_ath` WHERE ( f_ath_mdid=32 AND (f_ath_rlid=) )  [ RunTime:0.000131s ]
ERR: 1064:You have an error in your SQL syntax; check the manual that corresponds to your MySQL server version for the right syntax to use near ') )' at line 1
 [ SQL语句 ] : SELECT * FROM `tb_ath` WHERE ( f_ath_mdid=32 AND (f_ath_rlid=) ) 
NOTIC: [2] Invalid argument supplied for foreach() D:\Program Files\Apache Software Foundation\Apache2.2\htdocs\xx\admin\Lib\KZMB\KZMBAction.class.php 第 62 行.
SQL: SELECT * FROM `tb_ath` WHERE ( f_ath_mdid=33 AND (f_ath_rlid=) )  [ RunTime:0.000133s ]
ERR: 1064:You have an error in your SQL syntax; check the manual that corresponds to your MySQL server version for the right syntax to use near ') )' at line 1
 [ SQL语句 ] : SELECT * FROM `tb_ath` WHERE ( f_ath_mdid=33 AND (f_ath_rlid=) ) 
NOTIC: [2] Invalid argument supplied for foreach() D:\Program Files\Apache Software Foundation\Apache2.2\htdocs\xx\admin\Lib\KZMB\KZMBAction.class.php 第 62 行.
SQL: SELECT * FROM `tb_ath` WHERE ( f_ath_mdid=34 AND (f_ath_rlid=) )  [ RunTime:0.000130s ]
ERR: 1064:You have an error in your SQL syntax; check the manual that corresponds to your MySQL server version for the right syntax to use near ') )' at line 1
 [ SQL语句 ] : SELECT * FROM `tb_ath` WHERE ( f_ath_mdid=34 AND (f_ath_rlid=) ) 
NOTIC: [2] Invalid argument supplied for foreach() D:\Program Files\Apache Software Foundation\Apache2.2\htdocs\xx\admin\Lib\KZMB\KZMBAction.class.php 第 62 行.
SQL: SELECT * FROM `tb_ath` WHERE ( f_ath_mdid=35 AND (f_ath_rlid=) )  [ RunTime:0.000129s ]
ERR: 1064:You have an error in your SQL syntax; check the manual that corresponds to your MySQL server version for the right syntax to use near ') )' at line 1
 [ SQL语句 ] : SELECT * FROM `tb_ath` WHERE ( f_ath_mdid=35 AND (f_ath_rlid=) ) 
NOTIC: [2] Invalid argument supplied for foreach() D:\Program Files\Apache Software Foundation\Apache2.2\htdocs\xx\admin\Lib\KZMB\KZMBAction.class.php 第 62 行.
SQL: SELECT * FROM `tb_ath` WHERE ( f_ath_mdid=36 AND (f_ath_rlid=) )  [ RunTime:0.000129s ]
ERR: 1064:You have an error in your SQL syntax; check the manual that corresponds to your MySQL server version for the right syntax to use near ') )' at line 1
 [ SQL语句 ] : SELECT * FROM `tb_ath` WHERE ( f_ath_mdid=36 AND (f_ath_rlid=) ) 
NOTIC: [2] Invalid argument supplied for foreach() D:\Program Files\Apache Software Foundation\Apache2.2\htdocs\xx\admin\Lib\KZMB\KZMBAction.class.php 第 62 行.
SQL: SELECT * FROM `tb_ath` WHERE ( f_ath_mdid=37 AND (f_ath_rlid=) )  [ RunTime:0.000128s ]
ERR: 1064:You have an error in your SQL syntax; check the manual that corresponds to your MySQL server version for the right syntax to use near ') )' at line 1
 [ SQL语句 ] : SELECT * FROM `tb_ath` WHERE ( f_ath_mdid=37 AND (f_ath_rlid=) ) 
NOTIC: [2] Invalid argument supplied for foreach() D:\Program Files\Apache Software Foundation\Apache2.2\htdocs\xx\admin\Lib\KZMB\KZMBAction.class.php 第 62 行.
SQL: SELECT * FROM `tb_ath` WHERE ( f_ath_mdid=38 AND (f_ath_rlid=) )  [ RunTime:0.000134s ]
ERR: 1064:You have an error in your SQL syntax; check the manual that corresponds to your MySQL server version for the right syntax to use near ') )' at line 1
 [ SQL语句 ] : SELECT * FROM `tb_ath` WHERE ( f_ath_mdid=38 AND (f_ath_rlid=) ) 
NOTIC: [2] Invalid argument supplied for foreach() D:\Program Files\Apache Software Foundation\Apache2.2\htdocs\xx\admin\Lib\KZMB\KZMBAction.class.php 第 62 行.
SQL: SELECT * FROM `tb_ath` WHERE ( f_ath_mdid=39 AND (f_ath_rlid=) )  [ RunTime:0.000128s ]
ERR: 1064:You have an error in your SQL syntax; check the manual that corresponds to your MySQL server version for the right syntax to use near ') )' at line 1
 [ SQL语句 ] : SELECT * FROM `tb_ath` WHERE ( f_ath_mdid=39 AND (f_ath_rlid=) ) 
NOTIC: [2] Invalid argument supplied for foreach() D:\Program Files\Apache Software Foundation\Apache2.2\htdocs\xx\admin\Lib\KZMB\KZMBAction.class.php 第 62 行.
SQL: SELECT * FROM `tb_ath` WHERE ( f_ath_mdid=40 AND (f_ath_rlid=) )  [ RunTime:0.000133s ]
ERR: 1064:You have an error in your SQL syntax; check the manual that corresponds to your MySQL server version for the right syntax to use near ') )' at line 1
 [ SQL语句 ] : SELECT * FROM `tb_ath` WHERE ( f_ath_mdid=40 AND (f_ath_rlid=) ) 
NOTIC: [2] Invalid argument supplied for foreach() D:\Program Files\Apache Software Foundation\Apache2.2\htdocs\xx\admin\Lib\KZMB\KZMBAction.class.php 第 62 行.
SQL: SELECT * FROM `tb_ath` WHERE ( f_ath_mdid=41 AND (f_ath_rlid=) )  [ RunTime:0.000140s ]
ERR: 1064:You have an error in your SQL syntax; check the manual that corresponds to your MySQL server version for the right syntax to use near ') )' at line 1
 [ SQL语句 ] : SELECT * FROM `tb_ath` WHERE ( f_ath_mdid=41 AND (f_ath_rlid=) ) 
NOTIC: [2] Invalid argument supplied for foreach() D:\Program Files\Apache Software Foundation\Apache2.2\htdocs\xx\admin\Lib\KZMB\KZMBAction.class.php 第 62 行.
SQL: SELECT * FROM `tb_ath` WHERE ( f_ath_mdid=42 AND (f_ath_rlid=) )  [ RunTime:0.000140s ]
ERR: 1064:You have an error in your SQL syntax; check the manual that corresponds to your MySQL server version for the right syntax to use near ') )' at line 1
 [ SQL语句 ] : SELECT * FROM `tb_ath` WHERE ( f_ath_mdid=42 AND (f_ath_rlid=) ) 
NOTIC: [2] Invalid argument supplied for foreach() D:\Program Files\Apache Software Foundation\Apache2.2\htdocs\xx\admin\Lib\KZMB\KZMBAction.class.php 第 62 行.
SQL: SELECT * FROM `tb_ath` WHERE ( f_ath_mdid=43 AND (f_ath_rlid=) )  [ RunTime:0.000131s ]
ERR: 1064:You have an error in your SQL syntax; check the manual that corresponds to your MySQL server version for the right syntax to use near ') )' at line 1
 [ SQL语句 ] : SELECT * FROM `tb_ath` WHERE ( f_ath_mdid=43 AND (f_ath_rlid=) ) 
NOTIC: [2] Invalid argument supplied for foreach() D:\Program Files\Apache Software Foundation\Apache2.2\htdocs\xx\admin\Lib\KZMB\KZMBAction.class.php 第 62 行.
SQL: SELECT * FROM `tb_ath` WHERE ( f_ath_mdid=44 AND (f_ath_rlid=) )  [ RunTime:0.000130s ]
ERR: 1064:You have an error in your SQL syntax; check the manual that corresponds to your MySQL server version for the right syntax to use near ') )' at line 1
 [ SQL语句 ] : SELECT * FROM `tb_ath` WHERE ( f_ath_mdid=44 AND (f_ath_rlid=) ) 
NOTIC: [2] Invalid argument supplied for foreach() D:\Program Files\Apache Software Foundation\Apache2.2\htdocs\xx\admin\Lib\KZMB\KZMBAction.class.php 第 62 行.
SQL: SELECT * FROM `tb_ath` WHERE ( f_ath_mdid=49 AND (f_ath_rlid=) )  [ RunTime:0.000130s ]
ERR: 1064:You have an error in your SQL syntax; check the manual that corresponds to your MySQL server version for the right syntax to use near ') )' at line 1
 [ SQL语句 ] : SELECT * FROM `tb_ath` WHERE ( f_ath_mdid=49 AND (f_ath_rlid=) ) 
NOTIC: [2] Invalid argument supplied for foreach() D:\Program Files\Apache Software Foundation\Apache2.2\htdocs\xx\admin\Lib\KZMB\KZMBAction.class.php 第 62 行.
SQL: SELECT * FROM `tb_ath` WHERE ( f_ath_mdid=61 AND (f_ath_rlid=) )  [ RunTime:0.000127s ]
ERR: 1064:You have an error in your SQL syntax; check the manual that corresponds to your MySQL server version for the right syntax to use near ') )' at line 1
 [ SQL语句 ] : SELECT * FROM `tb_ath` WHERE ( f_ath_mdid=61 AND (f_ath_rlid=) ) 
NOTIC: [2] Invalid argument supplied for foreach() D:\Program Files\Apache Software Foundation\Apache2.2\htdocs\xx\admin\Lib\KZMB\KZMBAction.class.php 第 62 行.
NOTIC: [8] Undefined variable: athofn D:\Program Files\Apache Software Foundation\Apache2.2\htdocs\xx\admin\Lib\KZMB\KZMBAction.class.php 第 94 行.
NOTIC: [8] Undefined variable: athofn D:\Program Files\Apache Software Foundation\Apache2.2\htdocs\xx\admin\Lib\KZMB\KZMBAction.class.php 第 94 行.
NOTIC: [8] Undefined variable: athofn D:\Program Files\Apache Software Foundation\Apache2.2\htdocs\xx\admin\Lib\KZMB\KZMBAction.class.php 第 94 行.
NOTIC: [8] Undefined variable: athofn D:\Program Files\Apache Software Foundation\Apache2.2\htdocs\xx\admin\Lib\KZMB\KZMBAction.class.php 第 94 行.
NOTIC: [8] Undefined variable: athofn D:\Program Files\Apache Software Foundation\Apache2.2\htdocs\xx\admin\Lib\KZMB\KZMBAction.class.php 第 94 行.
NOTIC: [8] Undefined variable: athofn D:\Program Files\Apache Software Foundation\Apache2.2\htdocs\xx\admin\Lib\KZMB\KZMBAction.class.php 第 94 行.
NOTIC: [8] Undefined variable: athofn D:\Program Files\Apache Software Foundation\Apache2.2\htdocs\xx\admin\Lib\KZMB\KZMBAction.class.php 第 94 行.
NOTIC: [8] Undefined variable: athofn D:\Program Files\Apache Software Foundation\Apache2.2\htdocs\xx\admin\Lib\KZMB\KZMBAction.class.php 第 94 行.
NOTIC: [8] Undefined variable: athofn D:\Program Files\Apache Software Foundation\Apache2.2\htdocs\xx\admin\Lib\KZMB\KZMBAction.class.php 第 94 行.
NOTIC: [8] Undefined variable: athofn D:\Program Files\Apache Software Foundation\Apache2.2\htdocs\xx\admin\Lib\KZMB\KZMBAction.class.php 第 94 行.
NOTIC: [8] Undefined variable: athofn D:\Program Files\Apache Software Foundation\Apache2.2\htdocs\xx\admin\Lib\KZMB\KZMBAction.class.php 第 94 行.
NOTIC: [8] Undefined variable: athofn D:\Program Files\Apache Software Foundation\Apache2.2\htdocs\xx\admin\Lib\KZMB\KZMBAction.class.php 第 94 行.
NOTIC: [8] Undefined variable: athofn D:\Program Files\Apache Software Foundation\Apache2.2\htdocs\xx\admin\Lib\KZMB\KZMBAction.class.php 第 94 行.
NOTIC: [8] Undefined variable: athofn D:\Program Files\Apache Software Foundation\Apache2.2\htdocs\xx\admin\Lib\KZMB\KZMBAction.class.php 第 94 行.
NOTIC: [8] Undefined variable: athofn D:\Program Files\Apache Software Foundation\Apache2.2\htdocs\xx\admin\Lib\KZMB\KZMBAction.class.php 第 94 行.
NOTIC: [8] Undefined variable: athofn D:\Program Files\Apache Software Foundation\Apache2.2\htdocs\xx\admin\Lib\KZMB\KZMBAction.class.php 第 94 行.
NOTIC: [8] Undefined variable: athofn D:\Program Files\Apache Software Foundation\Apache2.2\htdocs\xx\admin\Lib\KZMB\KZMBAction.class.php 第 94 行.
NOTIC: [8] Undefined variable: athofn D:\Program Files\Apache Software Foundation\Apache2.2\htdocs\xx\admin\Lib\KZMB\KZMBAction.class.php 第 94 行.
NOTIC: [8] Undefined variable: athofn D:\Program Files\Apache Software Foundation\Apache2.2\htdocs\xx\admin\Lib\KZMB\KZMBAction.class.php 第 94 行.
NOTIC: [8] Undefined variable: athofn D:\Program Files\Apache Software Foundation\Apache2.2\htdocs\xx\admin\Lib\KZMB\KZMBAction.class.php 第 94 行.
NOTIC: [8] Undefined variable: athofn D:\Program Files\Apache Software Foundation\Apache2.2\htdocs\xx\admin\Lib\KZMB\KZMBAction.class.php 第 94 行.
NOTIC: [8] Undefined variable: athofn D:\Program Files\Apache Software Foundation\Apache2.2\htdocs\xx\admin\Lib\KZMB\KZMBAction.class.php 第 94 行.
SQL: SELECT * FROM `tb_lbmd` LEFT JOIN tb_md ON f_lbmd_mdid=mdid WHERE ( f_lbmd_lbid=4 )  [ RunTime:0.000151s ]
SQL: SELECT * FROM `tb_ath` WHERE ( f_ath_mdid=45 AND (f_ath_rlid=) )  [ RunTime:0.000136s ]
ERR: 1064:You have an error in your SQL syntax; check the manual that corresponds to your MySQL server version for the right syntax to use near ') )' at line 1
 [ SQL语句 ] : SELECT * FROM `tb_ath` WHERE ( f_ath_mdid=45 AND (f_ath_rlid=) ) 
NOTIC: [2] Invalid argument supplied for foreach() D:\Program Files\Apache Software Foundation\Apache2.2\htdocs\xx\admin\Lib\KZMB\KZMBAction.class.php 第 62 行.
SQL: SELECT * FROM `tb_ath` WHERE ( f_ath_mdid=50 AND (f_ath_rlid=) )  [ RunTime:0.000132s ]
ERR: 1064:You have an error in your SQL syntax; check the manual that corresponds to your MySQL server version for the right syntax to use near ') )' at line 1
 [ SQL语句 ] : SELECT * FROM `tb_ath` WHERE ( f_ath_mdid=50 AND (f_ath_rlid=) ) 
NOTIC: [2] Invalid argument supplied for foreach() D:\Program Files\Apache Software Foundation\Apache2.2\htdocs\xx\admin\Lib\KZMB\KZMBAction.class.php 第 62 行.
SQL: SELECT * FROM `tb_ath` WHERE ( f_ath_mdid=51 AND (f_ath_rlid=) )  [ RunTime:0.000130s ]
ERR: 1064:You have an error in your SQL syntax; check the manual that corresponds to your MySQL server version for the right syntax to use near ') )' at line 1
 [ SQL语句 ] : SELECT * FROM `tb_ath` WHERE ( f_ath_mdid=51 AND (f_ath_rlid=) ) 
NOTIC: [2] Invalid argument supplied for foreach() D:\Program Files\Apache Software Foundation\Apache2.2\htdocs\xx\admin\Lib\KZMB\KZMBAction.class.php 第 62 行.
SQL: SELECT * FROM `tb_ath` WHERE ( f_ath_mdid=62 AND (f_ath_rlid=) )  [ RunTime:0.000128s ]
ERR: 1064:You have an error in your SQL syntax; check the manual that corresponds to your MySQL server version for the right syntax to use near ') )' at line 1
 [ SQL语句 ] : SELECT * FROM `tb_ath` WHERE ( f_ath_mdid=62 AND (f_ath_rlid=) ) 
NOTIC: [2] Invalid argument supplied for foreach() D:\Program Files\Apache Software Foundation\Apache2.2\htdocs\xx\admin\Lib\KZMB\KZMBAction.class.php 第 62 行.
SQL: SELECT * FROM `tb_ath` WHERE ( f_ath_mdid=63 AND (f_ath_rlid=) )  [ RunTime:0.000127s ]
ERR: 1064:You have an error in your SQL syntax; check the manual that corresponds to your MySQL server version for the right syntax to use near ') )' at line 1
 [ SQL语句 ] : SELECT * FROM `tb_ath` WHERE ( f_ath_mdid=63 AND (f_ath_rlid=) ) 
NOTIC: [2] Invalid argument supplied for foreach() D:\Program Files\Apache Software Foundation\Apache2.2\htdocs\xx\admin\Lib\KZMB\KZMBAction.class.php 第 62 行.
SQL: SELECT * FROM `tb_ath` WHERE ( f_ath_mdid=64 AND (f_ath_rlid=) )  [ RunTime:0.000130s ]
ERR: 1064:You have an error in your SQL syntax; check the manual that corresponds to your MySQL server version for the right syntax to use near ') )' at line 1
 [ SQL语句 ] : SELECT * FROM `tb_ath` WHERE ( f_ath_mdid=64 AND (f_ath_rlid=) ) 
NOTIC: [2] Invalid argument supplied for foreach() D:\Program Files\Apache Software Foundation\Apache2.2\htdocs\xx\admin\Lib\KZMB\KZMBAction.class.php 第 62 行.
NOTIC: [8] Undefined variable: athofn D:\Program Files\Apache Software Foundation\Apache2.2\htdocs\xx\admin\Lib\KZMB\KZMBAction.class.php 第 94 行.
NOTIC: [8] Undefined variable: athofn D:\Program Files\Apache Software Foundation\Apache2.2\htdocs\xx\admin\Lib\KZMB\KZMBAction.class.php 第 94 行.
NOTIC: [8] Undefined variable: athofn D:\Program Files\Apache Software Foundation\Apache2.2\htdocs\xx\admin\Lib\KZMB\KZMBAction.class.php 第 94 行.
NOTIC: [8] Undefined variable: athofn D:\Program Files\Apache Software Foundation\Apache2.2\htdocs\xx\admin\Lib\KZMB\KZMBAction.class.php 第 94 行.
NOTIC: [8] Undefined variable: athofn D:\Program Files\Apache Software Foundation\Apache2.2\htdocs\xx\admin\Lib\KZMB\KZMBAction.class.php 第 94 行.
NOTIC: [8] Undefined variable: athofn D:\Program Files\Apache Software Foundation\Apache2.2\htdocs\xx\admin\Lib\KZMB\KZMBAction.class.php 第 94 行.
SQL: SELECT * FROM `tb_lbmd` LEFT JOIN tb_md ON f_lbmd_mdid=mdid WHERE ( f_lbmd_lbid=5 )  [ RunTime:0.000127s ]
SQL: SELECT * FROM `tb_ath` WHERE ( f_ath_mdid=46 AND (f_ath_rlid=) )  [ RunTime:0.000128s ]
ERR: 1064:You have an error in your SQL syntax; check the manual that corresponds to your MySQL server version for the right syntax to use near ') )' at line 1
 [ SQL语句 ] : SELECT * FROM `tb_ath` WHERE ( f_ath_mdid=46 AND (f_ath_rlid=) ) 
NOTIC: [2] Invalid argument supplied for foreach() D:\Program Files\Apache Software Foundation\Apache2.2\htdocs\xx\admin\Lib\KZMB\KZMBAction.class.php 第 62 行.
SQL: SELECT * FROM `tb_ath` WHERE ( f_ath_mdid=47 AND (f_ath_rlid=) )  [ RunTime:0.000135s ]
ERR: 1064:You have an error in your SQL syntax; check the manual that corresponds to your MySQL server version for the right syntax to use near ') )' at line 1
 [ SQL语句 ] : SELECT * FROM `tb_ath` WHERE ( f_ath_mdid=47 AND (f_ath_rlid=) ) 
NOTIC: [2] Invalid argument supplied for foreach() D:\Program Files\Apache Software Foundation\Apache2.2\htdocs\xx\admin\Lib\KZMB\KZMBAction.class.php 第 62 行.
SQL: SELECT * FROM `tb_ath` WHERE ( f_ath_mdid=48 AND (f_ath_rlid=) )  [ RunTime:0.000128s ]
ERR: 1064:You have an error in your SQL syntax; check the manual that corresponds to your MySQL server version for the right syntax to use near ') )' at line 1
 [ SQL语句 ] : SELECT * FROM `tb_ath` WHERE ( f_ath_mdid=48 AND (f_ath_rlid=) ) 
NOTIC: [2] Invalid argument supplied for foreach() D:\Program Files\Apache Software Foundation\Apache2.2\htdocs\xx\admin\Lib\KZMB\KZMBAction.class.php 第 62 行.
NOTIC: [8] Undefined variable: athofn D:\Program Files\Apache Software Foundation\Apache2.2\htdocs\xx\admin\Lib\KZMB\KZMBAction.class.php 第 94 行.
NOTIC: [8] Undefined variable: athofn D:\Program Files\Apache Software Foundation\Apache2.2\htdocs\xx\admin\Lib\KZMB\KZMBAction.class.php 第 94 行.
NOTIC: [8] Undefined variable: athofn D:\Program Files\Apache Software Foundation\Apache2.2\htdocs\xx\admin\Lib\KZMB\KZMBAction.class.php 第 94 行.
SQL: SELECT * FROM `tb_lbmd` LEFT JOIN tb_md ON f_lbmd_mdid=mdid WHERE ( f_lbmd_lbid=6 )  [ RunTime:0.000141s ]
SQL: SELECT * FROM `tb_ath` WHERE ( f_ath_mdid=52 AND (f_ath_rlid=) )  [ RunTime:0.000137s ]
ERR: 1064:You have an error in your SQL syntax; check the manual that corresponds to your MySQL server version for the right syntax to use near ') )' at line 1
 [ SQL语句 ] : SELECT * FROM `tb_ath` WHERE ( f_ath_mdid=52 AND (f_ath_rlid=) ) 
NOTIC: [2] Invalid argument supplied for foreach() D:\Program Files\Apache Software Foundation\Apache2.2\htdocs\xx\admin\Lib\KZMB\KZMBAction.class.php 第 62 行.
SQL: SELECT * FROM `tb_ath` WHERE ( f_ath_mdid=53 AND (f_ath_rlid=) )  [ RunTime:0.000131s ]
ERR: 1064:You have an error in your SQL syntax; check the manual that corresponds to your MySQL server version for the right syntax to use near ') )' at line 1
 [ SQL语句 ] : SELECT * FROM `tb_ath` WHERE ( f_ath_mdid=53 AND (f_ath_rlid=) ) 
NOTIC: [2] Invalid argument supplied for foreach() D:\Program Files\Apache Software Foundation\Apache2.2\htdocs\xx\admin\Lib\KZMB\KZMBAction.class.php 第 62 行.
SQL: SELECT * FROM `tb_ath` WHERE ( f_ath_mdid=54 AND (f_ath_rlid=) )  [ RunTime:0.000130s ]
ERR: 1064:You have an error in your SQL syntax; check the manual that corresponds to your MySQL server version for the right syntax to use near ') )' at line 1
 [ SQL语句 ] : SELECT * FROM `tb_ath` WHERE ( f_ath_mdid=54 AND (f_ath_rlid=) ) 
NOTIC: [2] Invalid argument supplied for foreach() D:\Program Files\Apache Software Foundation\Apache2.2\htdocs\xx\admin\Lib\KZMB\KZMBAction.class.php 第 62 行.
SQL: SELECT * FROM `tb_ath` WHERE ( f_ath_mdid=55 AND (f_ath_rlid=) )  [ RunTime:0.000129s ]
ERR: 1064:You have an error in your SQL syntax; check the manual that corresponds to your MySQL server version for the right syntax to use near ') )' at line 1
 [ SQL语句 ] : SELECT * FROM `tb_ath` WHERE ( f_ath_mdid=55 AND (f_ath_rlid=) ) 
NOTIC: [2] Invalid argument supplied for foreach() D:\Program Files\Apache Software Foundation\Apache2.2\htdocs\xx\admin\Lib\KZMB\KZMBAction.class.php 第 62 行.
SQL: SELECT * FROM `tb_ath` WHERE ( f_ath_mdid=56 AND (f_ath_rlid=) )  [ RunTime:0.000130s ]
ERR: 1064:You have an error in your SQL syntax; check the manual that corresponds to your MySQL server version for the right syntax to use near ') )' at line 1
 [ SQL语句 ] : SELECT * FROM `tb_ath` WHERE ( f_ath_mdid=56 AND (f_ath_rlid=) ) 
NOTIC: [2] Invalid argument supplied for foreach() D:\Program Files\Apache Software Foundation\Apache2.2\htdocs\xx\admin\Lib\KZMB\KZMBAction.class.php 第 62 行.
SQL: SELECT * FROM `tb_ath` WHERE ( f_ath_mdid=57 AND (f_ath_rlid=) )  [ RunTime:0.000133s ]
ERR: 1064:You have an error in your SQL syntax; check the manual that corresponds to your MySQL server version for the right syntax to use near ') )' at line 1
 [ SQL语句 ] : SELECT * FROM `tb_ath` WHERE ( f_ath_mdid=57 AND (f_ath_rlid=) ) 
NOTIC: [2] Invalid argument supplied for foreach() D:\Program Files\Apache Software Foundation\Apache2.2\htdocs\xx\admin\Lib\KZMB\KZMBAction.class.php 第 62 行.
SQL: SELECT * FROM `tb_ath` WHERE ( f_ath_mdid=58 AND (f_ath_rlid=) )  [ RunTime:0.000130s ]
ERR: 1064:You have an error in your SQL syntax; check the manual that corresponds to your MySQL server version for the right syntax to use near ') )' at line 1
 [ SQL语句 ] : SELECT * FROM `tb_ath` WHERE ( f_ath_mdid=58 AND (f_ath_rlid=) ) 
NOTIC: [2] Invalid argument supplied for foreach() D:\Program Files\Apache Software Foundation\Apache2.2\htdocs\xx\admin\Lib\KZMB\KZMBAction.class.php 第 62 行.
SQL: SELECT * FROM `tb_ath` WHERE ( f_ath_mdid=59 AND (f_ath_rlid=) )  [ RunTime:0.000131s ]
ERR: 1064:You have an error in your SQL syntax; check the manual that corresponds to your MySQL server version for the right syntax to use near ') )' at line 1
 [ SQL语句 ] : SELECT * FROM `tb_ath` WHERE ( f_ath_mdid=59 AND (f_ath_rlid=) ) 
NOTIC: [2] Invalid argument supplied for foreach() D:\Program Files\Apache Software Foundation\Apache2.2\htdocs\xx\admin\Lib\KZMB\KZMBAction.class.php 第 62 行.
SQL: SELECT * FROM `tb_ath` WHERE ( f_ath_mdid=60 AND (f_ath_rlid=) )  [ RunTime:0.000131s ]
ERR: 1064:You have an error in your SQL syntax; check the manual that corresponds to your MySQL server version for the right syntax to use near ') )' at line 1
 [ SQL语句 ] : SELECT * FROM `tb_ath` WHERE ( f_ath_mdid=60 AND (f_ath_rlid=) ) 
NOTIC: [2] Invalid argument supplied for foreach() D:\Program Files\Apache Software Foundation\Apache2.2\htdocs\xx\admin\Lib\KZMB\KZMBAction.class.php 第 62 行.
SQL: SELECT * FROM `tb_ath` WHERE ( f_ath_mdid=67 AND (f_ath_rlid=) )  [ RunTime:0.000137s ]
ERR: 1064:You have an error in your SQL syntax; check the manual that corresponds to your MySQL server version for the right syntax to use near ') )' at line 1
 [ SQL语句 ] : SELECT * FROM `tb_ath` WHERE ( f_ath_mdid=67 AND (f_ath_rlid=) ) 
NOTIC: [2] Invalid argument supplied for foreach() D:\Program Files\Apache Software Foundation\Apache2.2\htdocs\xx\admin\Lib\KZMB\KZMBAction.class.php 第 62 行.
NOTIC: [8] Undefined variable: athofn D:\Program Files\Apache Software Foundation\Apache2.2\htdocs\xx\admin\Lib\KZMB\KZMBAction.class.php 第 94 行.
NOTIC: [8] Undefined variable: athofn D:\Program Files\Apache Software Foundation\Apache2.2\htdocs\xx\admin\Lib\KZMB\KZMBAction.class.php 第 94 行.
NOTIC: [8] Undefined variable: athofn D:\Program Files\Apache Software Foundation\Apache2.2\htdocs\xx\admin\Lib\KZMB\KZMBAction.class.php 第 94 行.
NOTIC: [8] Undefined variable: athofn D:\Program Files\Apache Software Foundation\Apache2.2\htdocs\xx\admin\Lib\KZMB\KZMBAction.class.php 第 94 行.
NOTIC: [8] Undefined variable: athofn D:\Program Files\Apache Software Foundation\Apache2.2\htdocs\xx\admin\Lib\KZMB\KZMBAction.class.php 第 94 行.
NOTIC: [8] Undefined variable: athofn D:\Program Files\Apache Software Foundation\Apache2.2\htdocs\xx\admin\Lib\KZMB\KZMBAction.class.php 第 94 行.
NOTIC: [8] Undefined variable: athofn D:\Program Files\Apache Software Foundation\Apache2.2\htdocs\xx\admin\Lib\KZMB\KZMBAction.class.php 第 94 行.
NOTIC: [8] Undefined variable: athofn D:\Program Files\Apache Software Foundation\Apache2.2\htdocs\xx\admin\Lib\KZMB\KZMBAction.class.php 第 94 行.
NOTIC: [8] Undefined variable: athofn D:\Program Files\Apache Software Foundation\Apache2.2\htdocs\xx\admin\Lib\KZMB\KZMBAction.class.php 第 94 行.
NOTIC: [8] Undefined variable: athofn D:\Program Files\Apache Software Foundation\Apache2.2\htdocs\xx\admin\Lib\KZMB\KZMBAction.class.php 第 94 行.
SQL: SELECT * FROM `tb_lbmd` LEFT JOIN tb_md ON f_lbmd_mdid=mdid WHERE ( f_lbmd_lbid=7 )  [ RunTime:0.000133s ]
SQL: SELECT * FROM `tb_ath` WHERE ( f_ath_mdid=65 AND (f_ath_rlid=) )  [ RunTime:0.000132s ]
ERR: 1064:You have an error in your SQL syntax; check the manual that corresponds to your MySQL server version for the right syntax to use near ') )' at line 1
 [ SQL语句 ] : SELECT * FROM `tb_ath` WHERE ( f_ath_mdid=65 AND (f_ath_rlid=) ) 
NOTIC: [2] Invalid argument supplied for foreach() D:\Program Files\Apache Software Foundation\Apache2.2\htdocs\xx\admin\Lib\KZMB\KZMBAction.class.php 第 62 行.
SQL: SELECT * FROM `tb_ath` WHERE ( f_ath_mdid=66 AND (f_ath_rlid=) )  [ RunTime:0.000129s ]
ERR: 1064:You have an error in your SQL syntax; check the manual that corresponds to your MySQL server version for the right syntax to use near ') )' at line 1
 [ SQL语句 ] : SELECT * FROM `tb_ath` WHERE ( f_ath_mdid=66 AND (f_ath_rlid=) ) 
NOTIC: [2] Invalid argument supplied for foreach() D:\Program Files\Apache Software Foundation\Apache2.2\htdocs\xx\admin\Lib\KZMB\KZMBAction.class.php 第 62 行.
NOTIC: [8] Undefined variable: athofn D:\Program Files\Apache Software Foundation\Apache2.2\htdocs\xx\admin\Lib\KZMB\KZMBAction.class.php 第 94 行.
NOTIC: [8] Undefined variable: athofn D:\Program Files\Apache Software Foundation\Apache2.2\htdocs\xx\admin\Lib\KZMB\KZMBAction.class.php 第 94 行.
INFO: [ view_parse ] --START--
INFO: ParseTemplate Behavior ::run [ RunTime:0.059251s ]
INFO: [ view_parse ] --END-- [ RunTime:0.059416s ]
INFO: [ view_filter ] --START--
INFO: ContentReplace Behavior ::run [ RunTime:0.007471s ]
INFO: TokenBuild Behavior ::run [ RunTime:0.007125s ]
INFO: WriteHtmlCache Behavior ::run [ RunTime:0.006996s ]
INFO: ShowRuntime Behavior ::run [ RunTime:0.007310s ]
INFO: [ view_filter ] --END-- [ RunTime:0.029234s ]
INFO: [ view_end ] --START--
INFO: ShowPageTrace Behavior ::run [ RunTime:0.007556s ]
INFO: [ view_end ] --END-- [ RunTime:0.007685s ]

[ 2015-12-09T02:24:24+08:00 ] 42.62.36.165 /xx/admin.php/Usr/gtxpg/x/forget
INFO: [ route_check ] --START--
INFO: CheckRoute Behavior ::run [ RunTime:0.008458s ]
INFO: [ route_check ] --END-- [ RunTime:0.008629s ]
INFO: [ app_begin ] --START--
INFO: ReadHtmlCache Behavior ::run [ RunTime:0.006279s ]
INFO: [ app_begin ] --END-- [ RunTime:0.006432s ]
SQL: SHOW COLUMNS FROM `tb_usr` [ RunTime:0.003050s ]
SQL: SELECT * FROM `tb_usr` WHERE ( usrid= ) LIMIT 1   [ RunTime:0.000272s ]
ERR: 1064:You have an error in your SQL syntax; check the manual that corresponds to your MySQL server version for the right syntax to use near ') LIMIT 1' at line 1
 [ SQL语句 ] : SELECT * FROM `tb_usr` WHERE ( usrid= ) LIMIT 1  
SQL: SHOW COLUMNS FROM `tb_usrrl` [ RunTime:0.002138s ]
SQL: SELECT * FROM `tb_usrrl` LEFT JOIN tb_usr ON f_usrrl_usrid=usrid LEFT JOIN tb_rl ON f_usrrl_rlid=rlid WHERE ( f_usrrl_usrid= )  [ RunTime:0.000628s ]
ERR: 1064:You have an error in your SQL syntax; check the manual that corresponds to your MySQL server version for the right syntax to use near ')' at line 1
 [ SQL语句 ] : SELECT * FROM `tb_usrrl` LEFT JOIN tb_usr ON f_usrrl_usrid=usrid LEFT JOIN tb_rl ON f_usrrl_rlid=rlid WHERE ( f_usrrl_usrid= ) 
NOTIC: [2] Invalid argument supplied for foreach() D:\Program Files\Apache Software Foundation\Apache2.2\htdocs\xx\admin\Lib\SS\SSAction.class.php 第 16 行.
SQL: SHOW COLUMNS FROM `tb_md` [ RunTime:0.002088s ]
SQL: SELECT * FROM `tb_md` WHERE ( mdmk='Usr' ) LIMIT 1   [ RunTime:0.000582s ]
SQL: SHOW COLUMNS FROM `tb_btn` [ RunTime:0.002245s ]
SQL: SELECT * FROM `tb_btn` WHERE ( f_btn_usrid= AND btnnm='lft' ) LIMIT 1   [ RunTime:0.000706s ]
ERR: 1064:You have an error in your SQL syntax; check the manual that corresponds to your MySQL server version for the right syntax to use near 'AND btnnm='lft' ) LIMIT 1' at line 1
 [ SQL语句 ] : SELECT * FROM `tb_btn` WHERE ( f_btn_usrid= AND btnnm='lft' ) LIMIT 1  
SQL: SELECT * FROM `tb_usrrl` WHERE ( f_usrrl_usrid= )  [ RunTime:0.000139s ]
ERR: 1064:You have an error in your SQL syntax; check the manual that corresponds to your MySQL server version for the right syntax to use near ')' at line 1
 [ SQL语句 ] : SELECT * FROM `tb_usrrl` WHERE ( f_usrrl_usrid= ) 
SQL: SHOW COLUMNS FROM `tb_lb` [ RunTime:0.002089s ]
SQL: SHOW COLUMNS FROM `tb_lbmd` [ RunTime:0.002701s ]
SQL: SELECT * FROM `tb_lb`  [ RunTime:0.000606s ]
SQL: SELECT * FROM `tb_lbmd` LEFT JOIN tb_md ON f_lbmd_mdid=mdid WHERE ( f_lbmd_lbid=1 )  [ RunTime:0.000139s ]
SQL: SHOW COLUMNS FROM `tb_ath` [ RunTime:0.002473s ]
SQL: SELECT * FROM `tb_ath` WHERE ( f_ath_mdid=1 AND (f_ath_rlid=) )  [ RunTime:0.000551s ]
ERR: 1064:You have an error in your SQL syntax; check the manual that corresponds to your MySQL server version for the right syntax to use near ') )' at line 1
 [ SQL语句 ] : SELECT * FROM `tb_ath` WHERE ( f_ath_mdid=1 AND (f_ath_rlid=) ) 
NOTIC: [2] Invalid argument supplied for foreach() D:\Program Files\Apache Software Foundation\Apache2.2\htdocs\xx\admin\Lib\KZMB\KZMBAction.class.php 第 62 行.
SQL: SELECT * FROM `tb_ath` WHERE ( f_ath_mdid=2 AND (f_ath_rlid=) )  [ RunTime:0.000140s ]
ERR: 1064:You have an error in your SQL syntax; check the manual that corresponds to your MySQL server version for the right syntax to use near ') )' at line 1
 [ SQL语句 ] : SELECT * FROM `tb_ath` WHERE ( f_ath_mdid=2 AND (f_ath_rlid=) ) 
NOTIC: [2] Invalid argument supplied for foreach() D:\Program Files\Apache Software Foundation\Apache2.2\htdocs\xx\admin\Lib\KZMB\KZMBAction.class.php 第 62 行.
SQL: SELECT * FROM `tb_ath` WHERE ( f_ath_mdid=3 AND (f_ath_rlid=) )  [ RunTime:0.000131s ]
ERR: 1064:You have an error in your SQL syntax; check the manual that corresponds to your MySQL server version for the right syntax to use near ') )' at line 1
 [ SQL语句 ] : SELECT * FROM `tb_ath` WHERE ( f_ath_mdid=3 AND (f_ath_rlid=) ) 
NOTIC: [2] Invalid argument supplied for foreach() D:\Program Files\Apache Software Foundation\Apache2.2\htdocs\xx\admin\Lib\KZMB\KZMBAction.class.php 第 62 行.
SQL: SELECT * FROM `tb_ath` WHERE ( f_ath_mdid=4 AND (f_ath_rlid=) )  [ RunTime:0.000129s ]
ERR: 1064:You have an error in your SQL syntax; check the manual that corresponds to your MySQL server version for the right syntax to use near ') )' at line 1
 [ SQL语句 ] : SELECT * FROM `tb_ath` WHERE ( f_ath_mdid=4 AND (f_ath_rlid=) ) 
NOTIC: [2] Invalid argument supplied for foreach() D:\Program Files\Apache Software Foundation\Apache2.2\htdocs\xx\admin\Lib\KZMB\KZMBAction.class.php 第 62 行.
SQL: SELECT * FROM `tb_ath` WHERE ( f_ath_mdid=5 AND (f_ath_rlid=) )  [ RunTime:0.000136s ]
ERR: 1064:You have an error in your SQL syntax; check the manual that corresponds to your MySQL server version for the right syntax to use near ') )' at line 1
 [ SQL语句 ] : SELECT * FROM `tb_ath` WHERE ( f_ath_mdid=5 AND (f_ath_rlid=) ) 
NOTIC: [2] Invalid argument supplied for foreach() D:\Program Files\Apache Software Foundation\Apache2.2\htdocs\xx\admin\Lib\KZMB\KZMBAction.class.php 第 62 行.
SQL: SELECT * FROM `tb_ath` WHERE ( f_ath_mdid=6 AND (f_ath_rlid=) )  [ RunTime:0.000150s ]
ERR: 1064:You have an error in your SQL syntax; check the manual that corresponds to your MySQL server version for the right syntax to use near ') )' at line 1
 [ SQL语句 ] : SELECT * FROM `tb_ath` WHERE ( f_ath_mdid=6 AND (f_ath_rlid=) ) 
NOTIC: [2] Invalid argument supplied for foreach() D:\Program Files\Apache Software Foundation\Apache2.2\htdocs\xx\admin\Lib\KZMB\KZMBAction.class.php 第 62 行.
SQL: SELECT * FROM `tb_ath` WHERE ( f_ath_mdid=7 AND (f_ath_rlid=) )  [ RunTime:0.000140s ]
ERR: 1064:You have an error in your SQL syntax; check the manual that corresponds to your MySQL server version for the right syntax to use near ') )' at line 1
 [ SQL语句 ] : SELECT * FROM `tb_ath` WHERE ( f_ath_mdid=7 AND (f_ath_rlid=) ) 
NOTIC: [2] Invalid argument supplied for foreach() D:\Program Files\Apache Software Foundation\Apache2.2\htdocs\xx\admin\Lib\KZMB\KZMBAction.class.php 第 62 行.
SQL: SELECT * FROM `tb_ath` WHERE ( f_ath_mdid=8 AND (f_ath_rlid=) )  [ RunTime:0.000129s ]
ERR: 1064:You have an error in your SQL syntax; check the manual that corresponds to your MySQL server version for the right syntax to use near ') )' at line 1
 [ SQL语句 ] : SELECT * FROM `tb_ath` WHERE ( f_ath_mdid=8 AND (f_ath_rlid=) ) 
NOTIC: [2] Invalid argument supplied for foreach() D:\Program Files\Apache Software Foundation\Apache2.2\htdocs\xx\admin\Lib\KZMB\KZMBAction.class.php 第 62 行.
SQL: SELECT * FROM `tb_ath` WHERE ( f_ath_mdid=9 AND (f_ath_rlid=) )  [ RunTime:0.000127s ]
ERR: 1064:You have an error in your SQL syntax; check the manual that corresponds to your MySQL server version for the right syntax to use near ') )' at line 1
 [ SQL语句 ] : SELECT * FROM `tb_ath` WHERE ( f_ath_mdid=9 AND (f_ath_rlid=) ) 
NOTIC: [2] Invalid argument supplied for foreach() D:\Program Files\Apache Software Foundation\Apache2.2\htdocs\xx\admin\Lib\KZMB\KZMBAction.class.php 第 62 行.
SQL: SELECT * FROM `tb_ath` WHERE ( f_ath_mdid=11 AND (f_ath_rlid=) )  [ RunTime:0.000130s ]
ERR: 1064:You have an error in your SQL syntax; check the manual that corresponds to your MySQL server version for the right syntax to use near ') )' at line 1
 [ SQL语句 ] : SELECT * FROM `tb_ath` WHERE ( f_ath_mdid=11 AND (f_ath_rlid=) ) 
NOTIC: [2] Invalid argument supplied for foreach() D:\Program Files\Apache Software Foundation\Apache2.2\htdocs\xx\admin\Lib\KZMB\KZMBAction.class.php 第 62 行.
SQL: SELECT * FROM `tb_ath` WHERE ( f_ath_mdid=12 AND (f_ath_rlid=) )  [ RunTime:0.000129s ]
ERR: 1064:You have an error in your SQL syntax; check the manual that corresponds to your MySQL server version for the right syntax to use near ') )' at line 1
 [ SQL语句 ] : SELECT * FROM `tb_ath` WHERE ( f_ath_mdid=12 AND (f_ath_rlid=) ) 
NOTIC: [2] Invalid argument supplied for foreach() D:\Program Files\Apache Software Foundation\Apache2.2\htdocs\xx\admin\Lib\KZMB\KZMBAction.class.php 第 62 行.
SQL: SELECT * FROM `tb_ath` WHERE ( f_ath_mdid=13 AND (f_ath_rlid=) )  [ RunTime:0.000130s ]
ERR: 1064:You have an error in your SQL syntax; check the manual that corresponds to your MySQL server version for the right syntax to use near ') )' at line 1
 [ SQL语句 ] : SELECT * FROM `tb_ath` WHERE ( f_ath_mdid=13 AND (f_ath_rlid=) ) 
NOTIC: [2] Invalid argument supplied for foreach() D:\Program Files\Apache Software Foundation\Apache2.2\htdocs\xx\admin\Lib\KZMB\KZMBAction.class.php 第 62 行.
SQL: SELECT * FROM `tb_ath` WHERE ( f_ath_mdid=14 AND (f_ath_rlid=) )  [ RunTime:0.000128s ]
ERR: 1064:You have an error in your SQL syntax; check the manual that corresponds to your MySQL server version for the right syntax to use near ') )' at line 1
 [ SQL语句 ] : SELECT * FROM `tb_ath` WHERE ( f_ath_mdid=14 AND (f_ath_rlid=) ) 
NOTIC: [2] Invalid argument supplied for foreach() D:\Program Files\Apache Software Foundation\Apache2.2\htdocs\xx\admin\Lib\KZMB\KZMBAction.class.php 第 62 行.
SQL: SELECT * FROM `tb_ath` WHERE ( f_ath_mdid=15 AND (f_ath_rlid=) )  [ RunTime:0.000132s ]
ERR: 1064:You have an error in your SQL syntax; check the manual that corresponds to your MySQL server version for the right syntax to use near ') )' at line 1
 [ SQL语句 ] : SELECT * FROM `tb_ath` WHERE ( f_ath_mdid=15 AND (f_ath_rlid=) ) 
NOTIC: [2] Invalid argument supplied for foreach() D:\Program Files\Apache Software Foundation\Apache2.2\htdocs\xx\admin\Lib\KZMB\KZMBAction.class.php 第 62 行.
SQL: SELECT * FROM `tb_ath` WHERE ( f_ath_mdid=24 AND (f_ath_rlid=) )  [ RunTime:0.000128s ]
ERR: 1064:You have an error in your SQL syntax; check the manual that corresponds to your MySQL server version for the right syntax to use near ') )' at line 1
 [ SQL语句 ] : SELECT * FROM `tb_ath` WHERE ( f_ath_mdid=24 AND (f_ath_rlid=) ) 
NOTIC: [2] Invalid argument supplied for foreach() D:\Program Files\Apache Software Foundation\Apache2.2\htdocs\xx\admin\Lib\KZMB\KZMBAction.class.php 第 62 行.
NOTIC: [8] Undefined variable: athofn D:\Program Files\Apache Software Foundation\Apache2.2\htdocs\xx\admin\Lib\KZMB\KZMBAction.class.php 第 94 行.
NOTIC: [8] Undefined variable: athofn D:\Program Files\Apache Software Foundation\Apache2.2\htdocs\xx\admin\Lib\KZMB\KZMBAction.class.php 第 94 行.
NOTIC: [8] Undefined variable: athofn D:\Program Files\Apache Software Foundation\Apache2.2\htdocs\xx\admin\Lib\KZMB\KZMBAction.class.php 第 94 行.
NOTIC: [8] Undefined variable: athofn D:\Program Files\Apache Software Foundation\Apache2.2\htdocs\xx\admin\Lib\KZMB\KZMBAction.class.php 第 94 行.
NOTIC: [8] Undefined variable: athofn D:\Program Files\Apache Software Foundation\Apache2.2\htdocs\xx\admin\Lib\KZMB\KZMBAction.class.php 第 94 行.
NOTIC: [8] Undefined variable: athofn D:\Program Files\Apache Software Foundation\Apache2.2\htdocs\xx\admin\Lib\KZMB\KZMBAction.class.php 第 94 行.
NOTIC: [8] Undefined variable: athofn D:\Program Files\Apache Software Foundation\Apache2.2\htdocs\xx\admin\Lib\KZMB\KZMBAction.class.php 第 94 行.
NOTIC: [8] Undefined variable: athofn D:\Program Files\Apache Software Foundation\Apache2.2\htdocs\xx\admin\Lib\KZMB\KZMBAction.class.php 第 94 行.
NOTIC: [8] Undefined variable: athofn D:\Program Files\Apache Software Foundation\Apache2.2\htdocs\xx\admin\Lib\KZMB\KZMBAction.class.php 第 94 行.
NOTIC: [8] Undefined variable: athofn D:\Program Files\Apache Software Foundation\Apache2.2\htdocs\xx\admin\Lib\KZMB\KZMBAction.class.php 第 94 行.
NOTIC: [8] Undefined variable: athofn D:\Program Files\Apache Software Foundation\Apache2.2\htdocs\xx\admin\Lib\KZMB\KZMBAction.class.php 第 94 行.
NOTIC: [8] Undefined variable: athofn D:\Program Files\Apache Software Foundation\Apache2.2\htdocs\xx\admin\Lib\KZMB\KZMBAction.class.php 第 94 行.
NOTIC: [8] Undefined variable: athofn D:\Program Files\Apache Software Foundation\Apache2.2\htdocs\xx\admin\Lib\KZMB\KZMBAction.class.php 第 94 行.
NOTIC: [8] Undefined variable: athofn D:\Program Files\Apache Software Foundation\Apache2.2\htdocs\xx\admin\Lib\KZMB\KZMBAction.class.php 第 94 行.
NOTIC: [8] Undefined variable: athofn D:\Program Files\Apache Software Foundation\Apache2.2\htdocs\xx\admin\Lib\KZMB\KZMBAction.class.php 第 94 行.
SQL: SELECT * FROM `tb_lbmd` LEFT JOIN tb_md ON f_lbmd_mdid=mdid WHERE ( f_lbmd_lbid=2 )  [ RunTime:0.000181s ]
SQL: SELECT * FROM `tb_ath` WHERE ( f_ath_mdid=16 AND (f_ath_rlid=) )  [ RunTime:0.000134s ]
ERR: 1064:You have an error in your SQL syntax; check the manual that corresponds to your MySQL server version for the right syntax to use near ') )' at line 1
 [ SQL语句 ] : SELECT * FROM `tb_ath` WHERE ( f_ath_mdid=16 AND (f_ath_rlid=) ) 
NOTIC: [2] Invalid argument supplied for foreach() D:\Program Files\Apache Software Foundation\Apache2.2\htdocs\xx\admin\Lib\KZMB\KZMBAction.class.php 第 62 行.
SQL: SELECT * FROM `tb_ath` WHERE ( f_ath_mdid=17 AND (f_ath_rlid=) )  [ RunTime:0.000134s ]
ERR: 1064:You have an error in your SQL syntax; check the manual that corresponds to your MySQL server version for the right syntax to use near ') )' at line 1
 [ SQL语句 ] : SELECT * FROM `tb_ath` WHERE ( f_ath_mdid=17 AND (f_ath_rlid=) ) 
NOTIC: [2] Invalid argument supplied for foreach() D:\Program Files\Apache Software Foundation\Apache2.2\htdocs\xx\admin\Lib\KZMB\KZMBAction.class.php 第 62 行.
SQL: SELECT * FROM `tb_ath` WHERE ( f_ath_mdid=18 AND (f_ath_rlid=) )  [ RunTime:0.000133s ]
ERR: 1064:You have an error in your SQL syntax; check the manual that corresponds to your MySQL server version for the right syntax to use near ') )' at line 1
 [ SQL语句 ] : SELECT * FROM `tb_ath` WHERE ( f_ath_mdid=18 AND (f_ath_rlid=) ) 
NOTIC: [2] Invalid argument supplied for foreach() D:\Program Files\Apache Software Foundation\Apache2.2\htdocs\xx\admin\Lib\KZMB\KZMBAction.class.php 第 62 行.
SQL: SELECT * FROM `tb_ath` WHERE ( f_ath_mdid=19 AND (f_ath_rlid=) )  [ RunTime:0.000135s ]
ERR: 1064:You have an error in your SQL syntax; check the manual that corresponds to your MySQL server version for the right syntax to use near ') )' at line 1
 [ SQL语句 ] : SELECT * FROM `tb_ath` WHERE ( f_ath_mdid=19 AND (f_ath_rlid=) ) 
NOTIC: [2] Invalid argument supplied for foreach() D:\Program Files\Apache Software Foundation\Apache2.2\htdocs\xx\admin\Lib\KZMB\KZMBAction.class.php 第 62 行.
SQL: SELECT * FROM `tb_ath` WHERE ( f_ath_mdid=20 AND (f_ath_rlid=) )  [ RunTime:0.000129s ]
ERR: 1064:You have an error in your SQL syntax; check the manual that corresponds to your MySQL server version for the right syntax to use near ') )' at line 1
 [ SQL语句 ] : SELECT * FROM `tb_ath` WHERE ( f_ath_mdid=20 AND (f_ath_rlid=) ) 
NOTIC: [2] Invalid argument supplied for foreach() D:\Program Files\Apache Software Foundation\Apache2.2\htdocs\xx\admin\Lib\KZMB\KZMBAction.class.php 第 62 行.
SQL: SELECT * FROM `tb_ath` WHERE ( f_ath_mdid=21 AND (f_ath_rlid=) )  [ RunTime:0.000142s ]
ERR: 1064:You have an error in your SQL syntax; check the manual that corresponds to your MySQL server version for the right syntax to use near ') )' at line 1
 [ SQL语句 ] : SELECT * FROM `tb_ath` WHERE ( f_ath_mdid=21 AND (f_ath_rlid=) ) 
NOTIC: [2] Invalid argument supplied for foreach() D:\Program Files\Apache Software Foundation\Apache2.2\htdocs\xx\admin\Lib\KZMB\KZMBAction.class.php 第 62 行.
SQL: SELECT * FROM `tb_ath` WHERE ( f_ath_mdid=22 AND (f_ath_rlid=) )  [ RunTime:0.000138s ]
ERR: 1064:You have an error in your SQL syntax; check the manual that corresponds to your MySQL server version for the right syntax to use near ') )' at line 1
 [ SQL语句 ] : SELECT * FROM `tb_ath` WHERE ( f_ath_mdid=22 AND (f_ath_rlid=) ) 
NOTIC: [2] Invalid argument supplied for foreach() D:\Program Files\Apache Software Foundation\Apache2.2\htdocs\xx\admin\Lib\KZMB\KZMBAction.class.php 第 62 行.
SQL: SELECT * FROM `tb_ath` WHERE ( f_ath_mdid=23 AND (f_ath_rlid=) )  [ RunTime:0.000142s ]
ERR: 1064:You have an error in your SQL syntax; check the manual that corresponds to your MySQL server version for the right syntax to use near ') )' at line 1
 [ SQL语句 ] : SELECT * FROM `tb_ath` WHERE ( f_ath_mdid=23 AND (f_ath_rlid=) ) 
NOTIC: [2] Invalid argument supplied for foreach() D:\Program Files\Apache Software Foundation\Apache2.2\htdocs\xx\admin\Lib\KZMB\KZMBAction.class.php 第 62 行.
NOTIC: [8] Undefined variable: athofn D:\Program Files\Apache Software Foundation\Apache2.2\htdocs\xx\admin\Lib\KZMB\KZMBAction.class.php 第 94 行.
NOTIC: [8] Undefined variable: athofn D:\Program Files\Apache Software Foundation\Apache2.2\htdocs\xx\admin\Lib\KZMB\KZMBAction.class.php 第 94 行.
NOTIC: [8] Undefined variable: athofn D:\Program Files\Apache Software Foundation\Apache2.2\htdocs\xx\admin\Lib\KZMB\KZMBAction.class.php 第 94 行.
NOTIC: [8] Undefined variable: athofn D:\Program Files\Apache Software Foundation\Apache2.2\htdocs\xx\admin\Lib\KZMB\KZMBAction.class.php 第 94 行.
NOTIC: [8] Undefined variable: athofn D:\Program Files\Apache Software Foundation\Apache2.2\htdocs\xx\admin\Lib\KZMB\KZMBAction.class.php 第 94 行.
NOTIC: [8] Undefined variable: athofn D:\Program Files\Apache Software Foundation\Apache2.2\htdocs\xx\admin\Lib\KZMB\KZMBAction.class.php 第 94 行.
NOTIC: [8] Undefined variable: athofn D:\Program Files\Apache Software Foundation\Apache2.2\htdocs\xx\admin\Lib\KZMB\KZMBAction.class.php 第 94 行.
NOTIC: [8] Undefined variable: athofn D:\Program Files\Apache Software Foundation\Apache2.2\htdocs\xx\admin\Lib\KZMB\KZMBAction.class.php 第 94 行.
SQL: SELECT * FROM `tb_lbmd` LEFT JOIN tb_md ON f_lbmd_mdid=mdid WHERE ( f_lbmd_lbid=3 )  [ RunTime:0.000142s ]
SQL: SELECT * FROM `tb_ath` WHERE ( f_ath_mdid=25 AND (f_ath_rlid=) )  [ RunTime:0.000135s ]
ERR: 1064:You have an error in your SQL syntax; check the manual that corresponds to your MySQL server version for the right syntax to use near ') )' at line 1
 [ SQL语句 ] : SELECT * FROM `tb_ath` WHERE ( f_ath_mdid=25 AND (f_ath_rlid=) ) 
NOTIC: [2] Invalid argument supplied for foreach() D:\Program Files\Apache Software Foundation\Apache2.2\htdocs\xx\admin\Lib\KZMB\KZMBAction.class.php 第 62 行.
SQL: SELECT * FROM `tb_ath` WHERE ( f_ath_mdid=26 AND (f_ath_rlid=) )  [ RunTime:0.000130s ]
ERR: 1064:You have an error in your SQL syntax; check the manual that corresponds to your MySQL server version for the right syntax to use near ') )' at line 1
 [ SQL语句 ] : SELECT * FROM `tb_ath` WHERE ( f_ath_mdid=26 AND (f_ath_rlid=) ) 
NOTIC: [2] Invalid argument supplied for foreach() D:\Program Files\Apache Software Foundation\Apache2.2\htdocs\xx\admin\Lib\KZMB\KZMBAction.class.php 第 62 行.
SQL: SELECT * FROM `tb_ath` WHERE ( f_ath_mdid=27 AND (f_ath_rlid=) )  [ RunTime:0.000128s ]
ERR: 1064:You have an error in your SQL syntax; check the manual that corresponds to your MySQL server version for the right syntax to use near ') )' at line 1
 [ SQL语句 ] : SELECT * FROM `tb_ath` WHERE ( f_ath_mdid=27 AND (f_ath_rlid=) ) 
NOTIC: [2] Invalid argument supplied for foreach() D:\Program Files\Apache Software Foundation\Apache2.2\htdocs\xx\admin\Lib\KZMB\KZMBAction.class.php 第 62 行.
SQL: SELECT * FROM `tb_ath` WHERE ( f_ath_mdid=28 AND (f_ath_rlid=) )  [ RunTime:0.000128s ]
ERR: 1064:You have an error in your SQL syntax; check the manual that corresponds to your MySQL server version for the right syntax to use near ') )' at line 1
 [ SQL语句 ] : SELECT * FROM `tb_ath` WHERE ( f_ath_mdid=28 AND (f_ath_rlid=) ) 
NOTIC: [2] Invalid argument supplied for foreach() D:\Program Files\Apache Software Foundation\Apache2.2\htdocs\xx\admin\Lib\KZMB\KZMBAction.class.php 第 62 行.
SQL: SELECT * FROM `tb_ath` WHERE ( f_ath_mdid=29 AND (f_ath_rlid=) )  [ RunTime:0.000128s ]
ERR: 1064:You have an error in your SQL syntax; check the manual that corresponds to your MySQL server version for the right syntax to use near ') )' at line 1
 [ SQL语句 ] : SELECT * FROM `tb_ath` WHERE ( f_ath_mdid=29 AND (f_ath_rlid=) ) 
NOTIC: [2] Invalid argument supplied for foreach() D:\Program Files\Apache Software Foundation\Apache2.2\htdocs\xx\admin\Lib\KZMB\KZMBAction.class.php 第 62 行.
SQL: SELECT * FROM `tb_ath` WHERE ( f_ath_mdid=30 AND (f_ath_rlid=) )  [ RunTime:0.000127s ]
ERR: 1064:You have an error in your SQL syntax; check the manual that corresponds to your MySQL server version for the right syntax to use near ') )' at line 1
 [ SQL语句 ] : SELECT * FROM `tb_ath` WHERE ( f_ath_mdid=30 AND (f_ath_rlid=) ) 
NOTIC: [2] Invalid argument supplied for foreach() D:\Program Files\Apache Software Foundation\Apache2.2\htdocs\xx\admin\Lib\KZMB\KZMBAction.class.php 第 62 行.
SQL: SELECT * FROM `tb_ath` WHERE ( f_ath_mdid=31 AND (f_ath_rlid=) )  [ RunTime:0.000144s ]
ERR: 1064:You have an error in your SQL syntax; check the manual that corresponds to your MySQL server version for the right syntax to use near ') )' at line 1
 [ SQL语句 ] : SELECT * FROM `tb_ath` WHERE ( f_ath_mdid=31 AND (f_ath_rlid=) ) 
NOTIC: [2] Invalid argument supplied for foreach() D:\Program Files\Apache Software Foundation\Apache2.2\htdocs\xx\admin\Lib\KZMB\KZMBAction.class.php 第 62 行.
SQL: SELECT * FROM `tb_ath` WHERE ( f_ath_mdid=32 AND (f_ath_rlid=) )  [ RunTime:0.000133s ]
ERR: 1064:You have an error in your SQL syntax; check the manual that corresponds to your MySQL server version for the right syntax to use near ') )' at line 1
 [ SQL语句 ] : SELECT * FROM `tb_ath` WHERE ( f_ath_mdid=32 AND (f_ath_rlid=) ) 
NOTIC: [2] Invalid argument supplied for foreach() D:\Program Files\Apache Software Foundation\Apache2.2\htdocs\xx\admin\Lib\KZMB\KZMBAction.class.php 第 62 行.
SQL: SELECT * FROM `tb_ath` WHERE ( f_ath_mdid=33 AND (f_ath_rlid=) )  [ RunTime:0.000130s ]
ERR: 1064:You have an error in your SQL syntax; check the manual that corresponds to your MySQL server version for the right syntax to use near ') )' at line 1
 [ SQL语句 ] : SELECT * FROM `tb_ath` WHERE ( f_ath_mdid=33 AND (f_ath_rlid=) ) 
NOTIC: [2] Invalid argument supplied for foreach() D:\Program Files\Apache Software Foundation\Apache2.2\htdocs\xx\admin\Lib\KZMB\KZMBAction.class.php 第 62 行.
SQL: SELECT * FROM `tb_ath` WHERE ( f_ath_mdid=34 AND (f_ath_rlid=) )  [ RunTime:0.000131s ]
ERR: 1064:You have an error in your SQL syntax; check the manual that corresponds to your MySQL server version for the right syntax to use near ') )' at line 1
 [ SQL语句 ] : SELECT * FROM `tb_ath` WHERE ( f_ath_mdid=34 AND (f_ath_rlid=) ) 
NOTIC: [2] Invalid argument supplied for foreach() D:\Program Files\Apache Software Foundation\Apache2.2\htdocs\xx\admin\Lib\KZMB\KZMBAction.class.php 第 62 行.
SQL: SELECT * FROM `tb_ath` WHERE ( f_ath_mdid=35 AND (f_ath_rlid=) )  [ RunTime:0.000130s ]
ERR: 1064:You have an error in your SQL syntax; check the manual that corresponds to your MySQL server version for the right syntax to use near ') )' at line 1
 [ SQL语句 ] : SELECT * FROM `tb_ath` WHERE ( f_ath_mdid=35 AND (f_ath_rlid=) ) 
NOTIC: [2] Invalid argument supplied for foreach() D:\Program Files\Apache Software Foundation\Apache2.2\htdocs\xx\admin\Lib\KZMB\KZMBAction.class.php 第 62 行.
SQL: SELECT * FROM `tb_ath` WHERE ( f_ath_mdid=36 AND (f_ath_rlid=) )  [ RunTime:0.000128s ]
ERR: 1064:You have an error in your SQL syntax; check the manual that corresponds to your MySQL server version for the right syntax to use near ') )' at line 1
 [ SQL语句 ] : SELECT * FROM `tb_ath` WHERE ( f_ath_mdid=36 AND (f_ath_rlid=) ) 
NOTIC: [2] Invalid argument supplied for foreach() D:\Program Files\Apache Software Foundation\Apache2.2\htdocs\xx\admin\Lib\KZMB\KZMBAction.class.php 第 62 行.
SQL: SELECT * FROM `tb_ath` WHERE ( f_ath_mdid=37 AND (f_ath_rlid=) )  [ RunTime:0.000131s ]
ERR: 1064:You have an error in your SQL syntax; check the manual that corresponds to your MySQL server version for the right syntax to use near ') )' at line 1
 [ SQL语句 ] : SELECT * FROM `tb_ath` WHERE ( f_ath_mdid=37 AND (f_ath_rlid=) ) 
NOTIC: [2] Invalid argument supplied for foreach() D:\Program Files\Apache Software Foundation\Apache2.2\htdocs\xx\admin\Lib\KZMB\KZMBAction.class.php 第 62 行.
SQL: SELECT * FROM `tb_ath` WHERE ( f_ath_mdid=38 AND (f_ath_rlid=) )  [ RunTime:0.000142s ]
ERR: 1064:You have an error in your SQL syntax; check the manual that corresponds to your MySQL server version for the right syntax to use near ') )' at line 1
 [ SQL语句 ] : SELECT * FROM `tb_ath` WHERE ( f_ath_mdid=38 AND (f_ath_rlid=) ) 
NOTIC: [2] Invalid argument supplied for foreach() D:\Program Files\Apache Software Foundation\Apache2.2\htdocs\xx\admin\Lib\KZMB\KZMBAction.class.php 第 62 行.
SQL: SELECT * FROM `tb_ath` WHERE ( f_ath_mdid=39 AND (f_ath_rlid=) )  [ RunTime:0.000142s ]
ERR: 1064:You have an error in your SQL syntax; check the manual that corresponds to your MySQL server version for the right syntax to use near ') )' at line 1
 [ SQL语句 ] : SELECT * FROM `tb_ath` WHERE ( f_ath_mdid=39 AND (f_ath_rlid=) ) 
NOTIC: [2] Invalid argument supplied for foreach() D:\Program Files\Apache Software Foundation\Apache2.2\htdocs\xx\admin\Lib\KZMB\KZMBAction.class.php 第 62 行.
SQL: SELECT * FROM `tb_ath` WHERE ( f_ath_mdid=40 AND (f_ath_rlid=) )  [ RunTime:0.000131s ]
ERR: 1064:You have an error in your SQL syntax; check the manual that corresponds to your MySQL server version for the right syntax to use near ') )' at line 1
 [ SQL语句 ] : SELECT * FROM `tb_ath` WHERE ( f_ath_mdid=40 AND (f_ath_rlid=) ) 
NOTIC: [2] Invalid argument supplied for foreach() D:\Program Files\Apache Software Foundation\Apache2.2\htdocs\xx\admin\Lib\KZMB\KZMBAction.class.php 第 62 行.
SQL: SELECT * FROM `tb_ath` WHERE ( f_ath_mdid=41 AND (f_ath_rlid=) )  [ RunTime:0.000130s ]
ERR: 1064:You have an error in your SQL syntax; check the manual that corresponds to your MySQL server version for the right syntax to use near ') )' at line 1
 [ SQL语句 ] : SELECT * FROM `tb_ath` WHERE ( f_ath_mdid=41 AND (f_ath_rlid=) ) 
NOTIC: [2] Invalid argument supplied for foreach() D:\Program Files\Apache Software Foundation\Apache2.2\htdocs\xx\admin\Lib\KZMB\KZMBAction.class.php 第 62 行.
SQL: SELECT * FROM `tb_ath` WHERE ( f_ath_mdid=42 AND (f_ath_rlid=) )  [ RunTime:0.000127s ]
ERR: 1064:You have an error in your SQL syntax; check the manual that corresponds to your MySQL server version for the right syntax to use near ') )' at line 1
 [ SQL语句 ] : SELECT * FROM `tb_ath` WHERE ( f_ath_mdid=42 AND (f_ath_rlid=) ) 
NOTIC: [2] Invalid argument supplied for foreach() D:\Program Files\Apache Software Foundation\Apache2.2\htdocs\xx\admin\Lib\KZMB\KZMBAction.class.php 第 62 行.
SQL: SELECT * FROM `tb_ath` WHERE ( f_ath_mdid=43 AND (f_ath_rlid=) )  [ RunTime:0.000134s ]
ERR: 1064:You have an error in your SQL syntax; check the manual that corresponds to your MySQL server version for the right syntax to use near ') )' at line 1
 [ SQL语句 ] : SELECT * FROM `tb_ath` WHERE ( f_ath_mdid=43 AND (f_ath_rlid=) ) 
NOTIC: [2] Invalid argument supplied for foreach() D:\Program Files\Apache Software Foundation\Apache2.2\htdocs\xx\admin\Lib\KZMB\KZMBAction.class.php 第 62 行.
SQL: SELECT * FROM `tb_ath` WHERE ( f_ath_mdid=44 AND (f_ath_rlid=) )  [ RunTime:0.000130s ]
ERR: 1064:You have an error in your SQL syntax; check the manual that corresponds to your MySQL server version for the right syntax to use near ') )' at line 1
 [ SQL语句 ] : SELECT * FROM `tb_ath` WHERE ( f_ath_mdid=44 AND (f_ath_rlid=) ) 
NOTIC: [2] Invalid argument supplied for foreach() D:\Program Files\Apache Software Foundation\Apache2.2\htdocs\xx\admin\Lib\KZMB\KZMBAction.class.php 第 62 行.
SQL: SELECT * FROM `tb_ath` WHERE ( f_ath_mdid=49 AND (f_ath_rlid=) )  [ RunTime:0.000128s ]
ERR: 1064:You have an error in your SQL syntax; check the manual that corresponds to your MySQL server version for the right syntax to use near ') )' at line 1
 [ SQL语句 ] : SELECT * FROM `tb_ath` WHERE ( f_ath_mdid=49 AND (f_ath_rlid=) ) 
NOTIC: [2] Invalid argument supplied for foreach() D:\Program Files\Apache Software Foundation\Apache2.2\htdocs\xx\admin\Lib\KZMB\KZMBAction.class.php 第 62 行.
SQL: SELECT * FROM `tb_ath` WHERE ( f_ath_mdid=61 AND (f_ath_rlid=) )  [ RunTime:0.000128s ]
ERR: 1064:You have an error in your SQL syntax; check the manual that corresponds to your MySQL server version for the right syntax to use near ') )' at line 1
 [ SQL语句 ] : SELECT * FROM `tb_ath` WHERE ( f_ath_mdid=61 AND (f_ath_rlid=) ) 
NOTIC: [2] Invalid argument supplied for foreach() D:\Program Files\Apache Software Foundation\Apache2.2\htdocs\xx\admin\Lib\KZMB\KZMBAction.class.php 第 62 行.
NOTIC: [8] Undefined variable: athofn D:\Program Files\Apache Software Foundation\Apache2.2\htdocs\xx\admin\Lib\KZMB\KZMBAction.class.php 第 94 行.
NOTIC: [8] Undefined variable: athofn D:\Program Files\Apache Software Foundation\Apache2.2\htdocs\xx\admin\Lib\KZMB\KZMBAction.class.php 第 94 行.
NOTIC: [8] Undefined variable: athofn D:\Program Files\Apache Software Foundation\Apache2.2\htdocs\xx\admin\Lib\KZMB\KZMBAction.class.php 第 94 行.
NOTIC: [8] Undefined variable: athofn D:\Program Files\Apache Software Foundation\Apache2.2\htdocs\xx\admin\Lib\KZMB\KZMBAction.class.php 第 94 行.
NOTIC: [8] Undefined variable: athofn D:\Program Files\Apache Software Foundation\Apache2.2\htdocs\xx\admin\Lib\KZMB\KZMBAction.class.php 第 94 行.
NOTIC: [8] Undefined variable: athofn D:\Program Files\Apache Software Foundation\Apache2.2\htdocs\xx\admin\Lib\KZMB\KZMBAction.class.php 第 94 行.
NOTIC: [8] Undefined variable: athofn D:\Program Files\Apache Software Foundation\Apache2.2\htdocs\xx\admin\Lib\KZMB\KZMBAction.class.php 第 94 行.
NOTIC: [8] Undefined variable: athofn D:\Program Files\Apache Software Foundation\Apache2.2\htdocs\xx\admin\Lib\KZMB\KZMBAction.class.php 第 94 行.
NOTIC: [8] Undefined variable: athofn D:\Program Files\Apache Software Foundation\Apache2.2\htdocs\xx\admin\Lib\KZMB\KZMBAction.class.php 第 94 行.
NOTIC: [8] Undefined variable: athofn D:\Program Files\Apache Software Foundation\Apache2.2\htdocs\xx\admin\Lib\KZMB\KZMBAction.class.php 第 94 行.
NOTIC: [8] Undefined variable: athofn D:\Program Files\Apache Software Foundation\Apache2.2\htdocs\xx\admin\Lib\KZMB\KZMBAction.class.php 第 94 行.
NOTIC: [8] Undefined variable: athofn D:\Program Files\Apache Software Foundation\Apache2.2\htdocs\xx\admin\Lib\KZMB\KZMBAction.class.php 第 94 行.
NOTIC: [8] Undefined variable: athofn D:\Program Files\Apache Software Foundation\Apache2.2\htdocs\xx\admin\Lib\KZMB\KZMBAction.class.php 第 94 行.
NOTIC: [8] Undefined variable: athofn D:\Program Files\Apache Software Foundation\Apache2.2\htdocs\xx\admin\Lib\KZMB\KZMBAction.class.php 第 94 行.
NOTIC: [8] Undefined variable: athofn D:\Program Files\Apache Software Foundation\Apache2.2\htdocs\xx\admin\Lib\KZMB\KZMBAction.class.php 第 94 行.
NOTIC: [8] Undefined variable: athofn D:\Program Files\Apache Software Foundation\Apache2.2\htdocs\xx\admin\Lib\KZMB\KZMBAction.class.php 第 94 行.
NOTIC: [8] Undefined variable: athofn D:\Program Files\Apache Software Foundation\Apache2.2\htdocs\xx\admin\Lib\KZMB\KZMBAction.class.php 第 94 行.
NOTIC: [8] Undefined variable: athofn D:\Program Files\Apache Software Foundation\Apache2.2\htdocs\xx\admin\Lib\KZMB\KZMBAction.class.php 第 94 行.
NOTIC: [8] Undefined variable: athofn D:\Program Files\Apache Software Foundation\Apache2.2\htdocs\xx\admin\Lib\KZMB\KZMBAction.class.php 第 94 行.
NOTIC: [8] Undefined variable: athofn D:\Program Files\Apache Software Foundation\Apache2.2\htdocs\xx\admin\Lib\KZMB\KZMBAction.class.php 第 94 行.
NOTIC: [8] Undefined variable: athofn D:\Program Files\Apache Software Foundation\Apache2.2\htdocs\xx\admin\Lib\KZMB\KZMBAction.class.php 第 94 行.
NOTIC: [8] Undefined variable: athofn D:\Program Files\Apache Software Foundation\Apache2.2\htdocs\xx\admin\Lib\KZMB\KZMBAction.class.php 第 94 行.
SQL: SELECT * FROM `tb_lbmd` LEFT JOIN tb_md ON f_lbmd_mdid=mdid WHERE ( f_lbmd_lbid=4 )  [ RunTime:0.000128s ]
SQL: SELECT * FROM `tb_ath` WHERE ( f_ath_mdid=45 AND (f_ath_rlid=) )  [ RunTime:0.000128s ]
ERR: 1064:You have an error in your SQL syntax; check the manual that corresponds to your MySQL server version for the right syntax to use near ') )' at line 1
 [ SQL语句 ] : SELECT * FROM `tb_ath` WHERE ( f_ath_mdid=45 AND (f_ath_rlid=) ) 
NOTIC: [2] Invalid argument supplied for foreach() D:\Program Files\Apache Software Foundation\Apache2.2\htdocs\xx\admin\Lib\KZMB\KZMBAction.class.php 第 62 行.
SQL: SELECT * FROM `tb_ath` WHERE ( f_ath_mdid=50 AND (f_ath_rlid=) )  [ RunTime:0.000128s ]
ERR: 1064:You have an error in your SQL syntax; check the manual that corresponds to your MySQL server version for the right syntax to use near ') )' at line 1
 [ SQL语句 ] : SELECT * FROM `tb_ath` WHERE ( f_ath_mdid=50 AND (f_ath_rlid=) ) 
NOTIC: [2] Invalid argument supplied for foreach() D:\Program Files\Apache Software Foundation\Apache2.2\htdocs\xx\admin\Lib\KZMB\KZMBAction.class.php 第 62 行.
SQL: SELECT * FROM `tb_ath` WHERE ( f_ath_mdid=51 AND (f_ath_rlid=) )  [ RunTime:0.000127s ]
ERR: 1064:You have an error in your SQL syntax; check the manual that corresponds to your MySQL server version for the right syntax to use near ') )' at line 1
 [ SQL语句 ] : SELECT * FROM `tb_ath` WHERE ( f_ath_mdid=51 AND (f_ath_rlid=) ) 
NOTIC: [2] Invalid argument supplied for foreach() D:\Program Files\Apache Software Foundation\Apache2.2\htdocs\xx\admin\Lib\KZMB\KZMBAction.class.php 第 62 行.
SQL: SELECT * FROM `tb_ath` WHERE ( f_ath_mdid=62 AND (f_ath_rlid=) )  [ RunTime:0.000175s ]
ERR: 1064:You have an error in your SQL syntax; check the manual that corresponds to your MySQL server version for the right syntax to use near ') )' at line 1
 [ SQL语句 ] : SELECT * FROM `tb_ath` WHERE ( f_ath_mdid=62 AND (f_ath_rlid=) ) 
NOTIC: [2] Invalid argument supplied for foreach() D:\Program Files\Apache Software Foundation\Apache2.2\htdocs\xx\admin\Lib\KZMB\KZMBAction.class.php 第 62 行.
SQL: SELECT * FROM `tb_ath` WHERE ( f_ath_mdid=63 AND (f_ath_rlid=) )  [ RunTime:0.000140s ]
ERR: 1064:You have an error in your SQL syntax; check the manual that corresponds to your MySQL server version for the right syntax to use near ') )' at line 1
 [ SQL语句 ] : SELECT * FROM `tb_ath` WHERE ( f_ath_mdid=63 AND (f_ath_rlid=) ) 
NOTIC: [2] Invalid argument supplied for foreach() D:\Program Files\Apache Software Foundation\Apache2.2\htdocs\xx\admin\Lib\KZMB\KZMBAction.class.php 第 62 行.
SQL: SELECT * FROM `tb_ath` WHERE ( f_ath_mdid=64 AND (f_ath_rlid=) )  [ RunTime:0.000132s ]
ERR: 1064:You have an error in your SQL syntax; check the manual that corresponds to your MySQL server version for the right syntax to use near ') )' at line 1
 [ SQL语句 ] : SELECT * FROM `tb_ath` WHERE ( f_ath_mdid=64 AND (f_ath_rlid=) ) 
NOTIC: [2] Invalid argument supplied for foreach() D:\Program Files\Apache Software Foundation\Apache2.2\htdocs\xx\admin\Lib\KZMB\KZMBAction.class.php 第 62 行.
NOTIC: [8] Undefined variable: athofn D:\Program Files\Apache Software Foundation\Apache2.2\htdocs\xx\admin\Lib\KZMB\KZMBAction.class.php 第 94 行.
NOTIC: [8] Undefined variable: athofn D:\Program Files\Apache Software Foundation\Apache2.2\htdocs\xx\admin\Lib\KZMB\KZMBAction.class.php 第 94 行.
NOTIC: [8] Undefined variable: athofn D:\Program Files\Apache Software Foundation\Apache2.2\htdocs\xx\admin\Lib\KZMB\KZMBAction.class.php 第 94 行.
NOTIC: [8] Undefined variable: athofn D:\Program Files\Apache Software Foundation\Apache2.2\htdocs\xx\admin\Lib\KZMB\KZMBAction.class.php 第 94 行.
NOTIC: [8] Undefined variable: athofn D:\Program Files\Apache Software Foundation\Apache2.2\htdocs\xx\admin\Lib\KZMB\KZMBAction.class.php 第 94 行.
NOTIC: [8] Undefined variable: athofn D:\Program Files\Apache Software Foundation\Apache2.2\htdocs\xx\admin\Lib\KZMB\KZMBAction.class.php 第 94 行.
SQL: SELECT * FROM `tb_lbmd` LEFT JOIN tb_md ON f_lbmd_mdid=mdid WHERE ( f_lbmd_lbid=5 )  [ RunTime:0.000129s ]
SQL: SELECT * FROM `tb_ath` WHERE ( f_ath_mdid=46 AND (f_ath_rlid=) )  [ RunTime:0.000131s ]
ERR: 1064:You have an error in your SQL syntax; check the manual that corresponds to your MySQL server version for the right syntax to use near ') )' at line 1
 [ SQL语句 ] : SELECT * FROM `tb_ath` WHERE ( f_ath_mdid=46 AND (f_ath_rlid=) ) 
NOTIC: [2] Invalid argument supplied for foreach() D:\Program Files\Apache Software Foundation\Apache2.2\htdocs\xx\admin\Lib\KZMB\KZMBAction.class.php 第 62 行.
SQL: SELECT * FROM `tb_ath` WHERE ( f_ath_mdid=47 AND (f_ath_rlid=) )  [ RunTime:0.000127s ]
ERR: 1064:You have an error in your SQL syntax; check the manual that corresponds to your MySQL server version for the right syntax to use near ') )' at line 1
 [ SQL语句 ] : SELECT * FROM `tb_ath` WHERE ( f_ath_mdid=47 AND (f_ath_rlid=) ) 
NOTIC: [2] Invalid argument supplied for foreach() D:\Program Files\Apache Software Foundation\Apache2.2\htdocs\xx\admin\Lib\KZMB\KZMBAction.class.php 第 62 行.
SQL: SELECT * FROM `tb_ath` WHERE ( f_ath_mdid=48 AND (f_ath_rlid=) )  [ RunTime:0.000132s ]
ERR: 1064:You have an error in your SQL syntax; check the manual that corresponds to your MySQL server version for the right syntax to use near ') )' at line 1
 [ SQL语句 ] : SELECT * FROM `tb_ath` WHERE ( f_ath_mdid=48 AND (f_ath_rlid=) ) 
NOTIC: [2] Invalid argument supplied for foreach() D:\Program Files\Apache Software Foundation\Apache2.2\htdocs\xx\admin\Lib\KZMB\KZMBAction.class.php 第 62 行.
NOTIC: [8] Undefined variable: athofn D:\Program Files\Apache Software Foundation\Apache2.2\htdocs\xx\admin\Lib\KZMB\KZMBAction.class.php 第 94 行.
NOTIC: [8] Undefined variable: athofn D:\Program Files\Apache Software Foundation\Apache2.2\htdocs\xx\admin\Lib\KZMB\KZMBAction.class.php 第 94 行.
NOTIC: [8] Undefined variable: athofn D:\Program Files\Apache Software Foundation\Apache2.2\htdocs\xx\admin\Lib\KZMB\KZMBAction.class.php 第 94 行.
SQL: SELECT * FROM `tb_lbmd` LEFT JOIN tb_md ON f_lbmd_mdid=mdid WHERE ( f_lbmd_lbid=6 )  [ RunTime:0.000129s ]
SQL: SELECT * FROM `tb_ath` WHERE ( f_ath_mdid=52 AND (f_ath_rlid=) )  [ RunTime:0.000127s ]
ERR: 1064:You have an error in your SQL syntax; check the manual that corresponds to your MySQL server version for the right syntax to use near ') )' at line 1
 [ SQL语句 ] : SELECT * FROM `tb_ath` WHERE ( f_ath_mdid=52 AND (f_ath_rlid=) ) 
NOTIC: [2] Invalid argument supplied for foreach() D:\Program Files\Apache Software Foundation\Apache2.2\htdocs\xx\admin\Lib\KZMB\KZMBAction.class.php 第 62 行.
SQL: SELECT * FROM `tb_ath` WHERE ( f_ath_mdid=53 AND (f_ath_rlid=) )  [ RunTime:0.000127s ]
ERR: 1064:You have an error in your SQL syntax; check the manual that corresponds to your MySQL server version for the right syntax to use near ') )' at line 1
 [ SQL语句 ] : SELECT * FROM `tb_ath` WHERE ( f_ath_mdid=53 AND (f_ath_rlid=) ) 
NOTIC: [2] Invalid argument supplied for foreach() D:\Program Files\Apache Software Foundation\Apache2.2\htdocs\xx\admin\Lib\KZMB\KZMBAction.class.php 第 62 行.
SQL: SELECT * FROM `tb_ath` WHERE ( f_ath_mdid=54 AND (f_ath_rlid=) )  [ RunTime:0.000137s ]
ERR: 1064:You have an error in your SQL syntax; check the manual that corresponds to your MySQL server version for the right syntax to use near ') )' at line 1
 [ SQL语句 ] : SELECT * FROM `tb_ath` WHERE ( f_ath_mdid=54 AND (f_ath_rlid=) ) 
NOTIC: [2] Invalid argument supplied for foreach() D:\Program Files\Apache Software Foundation\Apache2.2\htdocs\xx\admin\Lib\KZMB\KZMBAction.class.php 第 62 行.
SQL: SELECT * FROM `tb_ath` WHERE ( f_ath_mdid=55 AND (f_ath_rlid=) )  [ RunTime:0.000128s ]
ERR: 1064:You have an error in your SQL syntax; check the manual that corresponds to your MySQL server version for the right syntax to use near ') )' at line 1
 [ SQL语句 ] : SELECT * FROM `tb_ath` WHERE ( f_ath_mdid=55 AND (f_ath_rlid=) ) 
NOTIC: [2] Invalid argument supplied for foreach() D:\Program Files\Apache Software Foundation\Apache2.2\htdocs\xx\admin\Lib\KZMB\KZMBAction.class.php 第 62 行.
SQL: SELECT * FROM `tb_ath` WHERE ( f_ath_mdid=56 AND (f_ath_rlid=) )  [ RunTime:0.000130s ]
ERR: 1064:You have an error in your SQL syntax; check the manual that corresponds to your MySQL server version for the right syntax to use near ') )' at line 1
 [ SQL语句 ] : SELECT * FROM `tb_ath` WHERE ( f_ath_mdid=56 AND (f_ath_rlid=) ) 
NOTIC: [2] Invalid argument supplied for foreach() D:\Program Files\Apache Software Foundation\Apache2.2\htdocs\xx\admin\Lib\KZMB\KZMBAction.class.php 第 62 行.
SQL: SELECT * FROM `tb_ath` WHERE ( f_ath_mdid=57 AND (f_ath_rlid=) )  [ RunTime:0.000128s ]
ERR: 1064:You have an error in your SQL syntax; check the manual that corresponds to your MySQL server version for the right syntax to use near ') )' at line 1
 [ SQL语句 ] : SELECT * FROM `tb_ath` WHERE ( f_ath_mdid=57 AND (f_ath_rlid=) ) 
NOTIC: [2] Invalid argument supplied for foreach() D:\Program Files\Apache Software Foundation\Apache2.2\htdocs\xx\admin\Lib\KZMB\KZMBAction.class.php 第 62 行.
SQL: SELECT * FROM `tb_ath` WHERE ( f_ath_mdid=58 AND (f_ath_rlid=) )  [ RunTime:0.000130s ]
ERR: 1064:You have an error in your SQL syntax; check the manual that corresponds to your MySQL server version for the right syntax to use near ') )' at line 1
 [ SQL语句 ] : SELECT * FROM `tb_ath` WHERE ( f_ath_mdid=58 AND (f_ath_rlid=) ) 
NOTIC: [2] Invalid argument supplied for foreach() D:\Program Files\Apache Software Foundation\Apache2.2\htdocs\xx\admin\Lib\KZMB\KZMBAction.class.php 第 62 行.
SQL: SELECT * FROM `tb_ath` WHERE ( f_ath_mdid=59 AND (f_ath_rlid=) )  [ RunTime:0.000133s ]
ERR: 1064:You have an error in your SQL syntax; check the manual that corresponds to your MySQL server version for the right syntax to use near ') )' at line 1
 [ SQL语句 ] : SELECT * FROM `tb_ath` WHERE ( f_ath_mdid=59 AND (f_ath_rlid=) ) 
NOTIC: [2] Invalid argument supplied for foreach() D:\Program Files\Apache Software Foundation\Apache2.2\htdocs\xx\admin\Lib\KZMB\KZMBAction.class.php 第 62 行.
SQL: SELECT * FROM `tb_ath` WHERE ( f_ath_mdid=60 AND (f_ath_rlid=) )  [ RunTime:0.000147s ]
ERR: 1064:You have an error in your SQL syntax; check the manual that corresponds to your MySQL server version for the right syntax to use near ') )' at line 1
 [ SQL语句 ] : SELECT * FROM `tb_ath` WHERE ( f_ath_mdid=60 AND (f_ath_rlid=) ) 
NOTIC: [2] Invalid argument supplied for foreach() D:\Program Files\Apache Software Foundation\Apache2.2\htdocs\xx\admin\Lib\KZMB\KZMBAction.class.php 第 62 行.
SQL: SELECT * FROM `tb_ath` WHERE ( f_ath_mdid=67 AND (f_ath_rlid=) )  [ RunTime:0.000136s ]
ERR: 1064:You have an error in your SQL syntax; check the manual that corresponds to your MySQL server version for the right syntax to use near ') )' at line 1
 [ SQL语句 ] : SELECT * FROM `tb_ath` WHERE ( f_ath_mdid=67 AND (f_ath_rlid=) ) 
NOTIC: [2] Invalid argument supplied for foreach() D:\Program Files\Apache Software Foundation\Apache2.2\htdocs\xx\admin\Lib\KZMB\KZMBAction.class.php 第 62 行.
NOTIC: [8] Undefined variable: athofn D:\Program Files\Apache Software Foundation\Apache2.2\htdocs\xx\admin\Lib\KZMB\KZMBAction.class.php 第 94 行.
NOTIC: [8] Undefined variable: athofn D:\Program Files\Apache Software Foundation\Apache2.2\htdocs\xx\admin\Lib\KZMB\KZMBAction.class.php 第 94 行.
NOTIC: [8] Undefined variable: athofn D:\Program Files\Apache Software Foundation\Apache2.2\htdocs\xx\admin\Lib\KZMB\KZMBAction.class.php 第 94 行.
NOTIC: [8] Undefined variable: athofn D:\Program Files\Apache Software Foundation\Apache2.2\htdocs\xx\admin\Lib\KZMB\KZMBAction.class.php 第 94 行.
NOTIC: [8] Undefined variable: athofn D:\Program Files\Apache Software Foundation\Apache2.2\htdocs\xx\admin\Lib\KZMB\KZMBAction.class.php 第 94 行.
NOTIC: [8] Undefined variable: athofn D:\Program Files\Apache Software Foundation\Apache2.2\htdocs\xx\admin\Lib\KZMB\KZMBAction.class.php 第 94 行.
NOTIC: [8] Undefined variable: athofn D:\Program Files\Apache Software Foundation\Apache2.2\htdocs\xx\admin\Lib\KZMB\KZMBAction.class.php 第 94 行.
NOTIC: [8] Undefined variable: athofn D:\Program Files\Apache Software Foundation\Apache2.2\htdocs\xx\admin\Lib\KZMB\KZMBAction.class.php 第 94 行.
NOTIC: [8] Undefined variable: athofn D:\Program Files\Apache Software Foundation\Apache2.2\htdocs\xx\admin\Lib\KZMB\KZMBAction.class.php 第 94 行.
NOTIC: [8] Undefined variable: athofn D:\Program Files\Apache Software Foundation\Apache2.2\htdocs\xx\admin\Lib\KZMB\KZMBAction.class.php 第 94 行.
SQL: SELECT * FROM `tb_lbmd` LEFT JOIN tb_md ON f_lbmd_mdid=mdid WHERE ( f_lbmd_lbid=7 )  [ RunTime:0.000136s ]
SQL: SELECT * FROM `tb_ath` WHERE ( f_ath_mdid=65 AND (f_ath_rlid=) )  [ RunTime:0.000133s ]
ERR: 1064:You have an error in your SQL syntax; check the manual that corresponds to your MySQL server version for the right syntax to use near ') )' at line 1
 [ SQL语句 ] : SELECT * FROM `tb_ath` WHERE ( f_ath_mdid=65 AND (f_ath_rlid=) ) 
NOTIC: [2] Invalid argument supplied for foreach() D:\Program Files\Apache Software Foundation\Apache2.2\htdocs\xx\admin\Lib\KZMB\KZMBAction.class.php 第 62 行.
SQL: SELECT * FROM `tb_ath` WHERE ( f_ath_mdid=66 AND (f_ath_rlid=) )  [ RunTime:0.000131s ]
ERR: 1064:You have an error in your SQL syntax; check the manual that corresponds to your MySQL server version for the right syntax to use near ') )' at line 1
 [ SQL语句 ] : SELECT * FROM `tb_ath` WHERE ( f_ath_mdid=66 AND (f_ath_rlid=) ) 
NOTIC: [2] Invalid argument supplied for foreach() D:\Program Files\Apache Software Foundation\Apache2.2\htdocs\xx\admin\Lib\KZMB\KZMBAction.class.php 第 62 行.
NOTIC: [8] Undefined variable: athofn D:\Program Files\Apache Software Foundation\Apache2.2\htdocs\xx\admin\Lib\KZMB\KZMBAction.class.php 第 94 行.
NOTIC: [8] Undefined variable: athofn D:\Program Files\Apache Software Foundation\Apache2.2\htdocs\xx\admin\Lib\KZMB\KZMBAction.class.php 第 94 行.
INFO: [ view_parse ] --START--
INFO: ParseTemplate Behavior ::run [ RunTime:0.057273s ]
INFO: [ view_parse ] --END-- [ RunTime:0.057437s ]
INFO: [ view_filter ] --START--
INFO: ContentReplace Behavior ::run [ RunTime:0.007233s ]
INFO: TokenBuild Behavior ::run [ RunTime:0.007079s ]
INFO: WriteHtmlCache Behavior ::run [ RunTime:0.007038s ]
INFO: ShowRuntime Behavior ::run [ RunTime:0.007291s ]
INFO: [ view_filter ] --END-- [ RunTime:0.028967s ]
INFO: [ view_end ] --START--
INFO: ShowPageTrace Behavior ::run [ RunTime:0.007512s ]
INFO: [ view_end ] --END-- [ RunTime:0.007629s ]

[ 2015-12-09T12:55:38+08:00 ] 123.126.113.125 /xx/admin.php
INFO: [ app_begin ] --START--
INFO: ReadHtmlCache Behavior ::run [ RunTime:0.007751s ]
INFO: [ app_begin ] --END-- [ RunTime:0.007912s ]
INFO: [ view_parse ] --START--
INFO: ParseTemplate Behavior ::run [ RunTime:0.105025s ]
INFO: [ view_parse ] --END-- [ RunTime:0.105210s ]
INFO: [ view_filter ] --START--
INFO: ContentReplace Behavior ::run [ RunTime:0.007515s ]
INFO: TokenBuild Behavior ::run [ RunTime:0.008792s ]
INFO: WriteHtmlCache Behavior ::run [ RunTime:0.014387s ]
INFO: ShowRuntime Behavior ::run [ RunTime:0.007627s ]
INFO: [ view_filter ] --END-- [ RunTime:0.038730s ]
INFO: [ view_end ] --START--
INFO: ShowPageTrace Behavior ::run [ RunTime:0.007760s ]
INFO: [ view_end ] --END-- [ RunTime:0.007877s ]

