[ 2015-11-19T01:25:01+08:00 ] 123.125.71.45 /xx/admin.php/Zsjx/query
INFO: [ route_check ] --START--
INFO: CheckRoute Behavior ::run [ RunTime:0.008016s ]
INFO: [ route_check ] --END-- [ RunTime:0.008178s ]
INFO: [ app_begin ] --START--
INFO: ReadHtmlCache Behavior ::run [ RunTime:0.007409s ]
INFO: [ app_begin ] --END-- [ RunTime:0.007537s ]
SQL: SHOW COLUMNS FROM `tb_usr` [ RunTime:0.003448s ]
SQL: SELECT * FROM `tb_usr` WHERE ( usrid= ) LIMIT 1   [ RunTime:0.000402s ]
ERR: 1064:You have an error in your SQL syntax; check the manual that corresponds to your MySQL server version for the right syntax to use near ') LIMIT 1' at line 1
 [ SQL语句 ] : SELECT * FROM `tb_usr` WHERE ( usrid= ) LIMIT 1  
SQL: SHOW COLUMNS FROM `tb_usrrl` [ RunTime:0.002551s ]
SQL: SELECT * FROM `tb_usrrl` LEFT JOIN tb_usr ON f_usrrl_usrid=usrid LEFT JOIN tb_rl ON f_usrrl_rlid=rlid WHERE ( f_usrrl_usrid= )  [ RunTime:0.000589s ]
ERR: 1064:You have an error in your SQL syntax; check the manual that corresponds to your MySQL server version for the right syntax to use near ')' at line 1
 [ SQL语句 ] : SELECT * FROM `tb_usrrl` LEFT JOIN tb_usr ON f_usrrl_usrid=usrid LEFT JOIN tb_rl ON f_usrrl_rlid=rlid WHERE ( f_usrrl_usrid= ) 
NOTIC: [2] Invalid argument supplied for foreach() D:\Program Files\Apache Software Foundation\Apache2.2\htdocs\xx\admin\Lib\SS\SSAction.class.php 第 16 行.
SQL: SHOW COLUMNS FROM `tb_md` [ RunTime:0.003053s ]
SQL: SELECT * FROM `tb_md` WHERE ( mdmk='Zsjx' ) LIMIT 1   [ RunTime:0.000488s ]
INFO: [ view_parse ] --START--
INFO: ParseTemplate Behavior ::run [ RunTime:0.048648s ]
INFO: [ view_parse ] --END-- [ RunTime:0.048803s ]
INFO: [ view_filter ] --START--
INFO: ContentReplace Behavior ::run [ RunTime:0.007623s ]
INFO: TokenBuild Behavior ::run [ RunTime:0.007098s ]
INFO: WriteHtmlCache Behavior ::run [ RunTime:0.007051s ]
INFO: ShowRuntime Behavior ::run [ RunTime:0.007232s ]
INFO: [ view_filter ] --END-- [ RunTime:0.029333s ]
INFO: [ view_end ] --START--
INFO: ShowPageTrace Behavior ::run [ RunTime:0.007963s ]
INFO: [ view_end ] --END-- [ RunTime:0.008087s ]

[ 2015-11-19T09:32:14+08:00 ] 123.126.113.125 /xx/admin.php
INFO: [ app_begin ] --START--
INFO: ReadHtmlCache Behavior ::run [ RunTime:0.007863s ]
INFO: [ app_begin ] --END-- [ RunTime:0.008023s ]
INFO: [ view_parse ] --START--
INFO: ParseTemplate Behavior ::run [ RunTime:0.061579s ]
INFO: [ view_parse ] --END-- [ RunTime:0.061812s ]
INFO: [ view_filter ] --START--
INFO: ContentReplace Behavior ::run [ RunTime:0.007290s ]
INFO: TokenBuild Behavior ::run [ RunTime:0.007154s ]
INFO: WriteHtmlCache Behavior ::run [ RunTime:0.006891s ]
INFO: ShowRuntime Behavior ::run [ RunTime:0.007214s ]
INFO: [ view_filter ] --END-- [ RunTime:0.028878s ]
INFO: [ view_end ] --START--
INFO: ShowPageTrace Behavior ::run [ RunTime:0.007993s ]
INFO: [ view_end ] --END-- [ RunTime:0.008117s ]

[ 2015-11-19T18:51:53+08:00 ] 157.55.39.253 /xx/admin.php
INFO: [ app_begin ] --START--
INFO: ReadHtmlCache Behavior ::run [ RunTime:0.007734s ]
INFO: [ app_begin ] --END-- [ RunTime:0.007890s ]
INFO: [ view_parse ] --START--
INFO: ParseTemplate Behavior ::run [ RunTime:0.072601s ]
INFO: [ view_parse ] --END-- [ RunTime:0.072764s ]
INFO: [ view_filter ] --START--
INFO: ContentReplace Behavior ::run [ RunTime:0.007865s ]
INFO: TokenBuild Behavior ::run [ RunTime:0.007516s ]
INFO: WriteHtmlCache Behavior ::run [ RunTime:0.003987s ]
INFO: ShowRuntime Behavior ::run [ RunTime:0.010127s ]
INFO: [ view_filter ] --END-- [ RunTime:0.029854s ]
INFO: [ view_end ] --START--
INFO: ShowPageTrace Behavior ::run [ RunTime:0.007885s ]
INFO: [ view_end ] --END-- [ RunTime:0.008010s ]

[ 2015-11-19T19:03:06+08:00 ] 123.125.71.85 /xx/admin.php/Zsstd/query
INFO: [ route_check ] --START--
INFO: CheckRoute Behavior ::run [ RunTime:0.008219s ]
INFO: [ route_check ] --END-- [ RunTime:0.008692s ]
INFO: [ app_begin ] --START--
INFO: ReadHtmlCache Behavior ::run [ RunTime:0.007857s ]
INFO: [ app_begin ] --END-- [ RunTime:0.007982s ]
SQL: SHOW COLUMNS FROM `tb_usr` [ RunTime:0.029724s ]
SQL: SELECT * FROM `tb_usr` WHERE ( usrid= ) LIMIT 1   [ RunTime:0.000210s ]
ERR: 1064:You have an error in your SQL syntax; check the manual that corresponds to your MySQL server version for the right syntax to use near ') LIMIT 1' at line 1
 [ SQL语句 ] : SELECT * FROM `tb_usr` WHERE ( usrid= ) LIMIT 1  
SQL: SHOW COLUMNS FROM `tb_usrrl` [ RunTime:0.008351s ]
SQL: SELECT * FROM `tb_usrrl` LEFT JOIN tb_usr ON f_usrrl_usrid=usrid LEFT JOIN tb_rl ON f_usrrl_rlid=rlid WHERE ( f_usrrl_usrid= )  [ RunTime:0.000451s ]
ERR: 1064:You have an error in your SQL syntax; check the manual that corresponds to your MySQL server version for the right syntax to use near ')' at line 1
 [ SQL语句 ] : SELECT * FROM `tb_usrrl` LEFT JOIN tb_usr ON f_usrrl_usrid=usrid LEFT JOIN tb_rl ON f_usrrl_rlid=rlid WHERE ( f_usrrl_usrid= ) 
NOTIC: [2] Invalid argument supplied for foreach() D:\Program Files\Apache Software Foundation\Apache2.2\htdocs\xx\admin\Lib\SS\SSAction.class.php 第 16 行.
SQL: SHOW COLUMNS FROM `tb_md` [ RunTime:0.007761s ]
SQL: SELECT * FROM `tb_md` WHERE ( mdmk='Zsstd' ) LIMIT 1   [ RunTime:0.000527s ]
INFO: [ view_parse ] --START--
INFO: ParseTemplate Behavior ::run [ RunTime:0.053568s ]
INFO: [ view_parse ] --END-- [ RunTime:0.053726s ]
INFO: [ view_filter ] --START--
INFO: ContentReplace Behavior ::run [ RunTime:0.010112s ]
INFO: TokenBuild Behavior ::run [ RunTime:0.007797s ]
INFO: WriteHtmlCache Behavior ::run [ RunTime:0.007144s ]
INFO: ShowRuntime Behavior ::run [ RunTime:0.007418s ]
INFO: [ view_filter ] --END-- [ RunTime:0.032837s ]
INFO: [ view_end ] --START--
INFO: ShowPageTrace Behavior ::run [ RunTime:0.007722s ]
INFO: [ view_end ] --END-- [ RunTime:0.007986s ]

