[ 2015-11-10T15:58:59+08:00 ] 10.50.10.29 /xx/admin.php/Zsyx/query/fld/-stdid-f_std_grdid-f_stdxqcls_xqid-stdno-stdnm-f_stdxqcls_clsid-clsnm-sexnm-mjnm-cwyjxfsm-cwyjjckwfsm-cwyjzsfsm-cwsjxfsm-cwsjjckwfsm-cwsjzsfsm-stdbtd-zsjxsg-zsjxtz-zsjxxm-zspxhschqtm-/cdt/-sp-stdnm-lk-%E6%9D%A8%E9%9D%99-sp-f_std_sttid-eq-1-sp-f_std_grdid-eq-4-sp-f_stdxqcls_xqid-eq-3-sp-f_stdxqmj_xqid-eq-3-sp-f_stdxqdm_xqid-eq-3-sp-/spccdt/-sp-(f_std_statid-ls--mr-9)-sp-/odr/-clsid%20ASC-mjid%20ASC-stdno%20ASC-/lmt/20
INFO: [ route_check ] --START--
INFO: CheckRoute Behavior ::run [ RunTime:0.007875s ]
INFO: [ route_check ] --END-- [ RunTime:0.008031s ]
INFO: [ app_begin ] --START--
INFO: ReadHtmlCache Behavior ::run [ RunTime:0.007350s ]
INFO: [ app_begin ] --END-- [ RunTime:0.007477s ]
SQL: SHOW COLUMNS FROM `tb_usr` [ RunTime:0.002920s ]
SQL: SELECT * FROM `tb_usr` WHERE ( usrid=32 AND usrps=1 ) LIMIT 1   [ RunTime:0.000371s ]
SQL: SELECT * FROM `tb_usr` WHERE ( usrid=32 ) LIMIT 1   [ RunTime:0.000215s ]
SQL: SHOW COLUMNS FROM `tb_usrrl` [ RunTime:0.002229s ]
SQL: SELECT * FROM `tb_usrrl` LEFT JOIN tb_usr ON f_usrrl_usrid=usrid LEFT JOIN tb_rl ON f_usrrl_rlid=rlid WHERE ( f_usrrl_usrid=32 )  [ RunTime:0.000529s ]
NOTIC: [8] Undefined variable: runmu D:\Program Files\Apache Software Foundation\Apache2.2\htdocs\xx\admin\Lib\SS\SSAction.class.php 第 18 行.
SQL: SHOW COLUMNS FROM `tb_md` [ RunTime:0.002035s ]
SQL: SELECT * FROM `tb_md` WHERE ( mdmk='Zsyx' ) LIMIT 1   [ RunTime:0.000528s ]
SQL: SELECT * FROM `tb_usr` WHERE ( usrid=32 AND usrps=1 ) LIMIT 1   [ RunTime:0.000156s ]
SQL: SELECT * FROM `tb_usrrl` WHERE ( f_usrrl_usrid=32 )  [ RunTime:0.000147s ]
SQL: SHOW COLUMNS FROM `tb_ath` [ RunTime:0.002461s ]
SQL: SELECT * FROM `tb_ath` WHERE ( f_ath_mdid=64 AND (f_ath_rlid=17) )  [ RunTime:0.000514s ]
SQL: SELECT * FROM `tb_md` WHERE ( mdid=64 ) LIMIT 1   [ RunTime:0.000128s ]
NOTIC: [8] Undefined index:  zsyxid D:\Program Files\Apache Software Foundation\Apache2.2\htdocs\xx\admin\Lib\IDTATH\IdtathAction.class.php 第 91 行.
SQL: SELECT * FROM `tb_md` WHERE ( mdmk='Usr' ) LIMIT 1   [ RunTime:0.000136s ]
SQL: SELECT * FROM `tb_usr` WHERE ( usrid=32 AND usrps=1 ) LIMIT 1   [ RunTime:0.000135s ]
SQL: SELECT * FROM `tb_usrrl` WHERE ( f_usrrl_usrid=32 )  [ RunTime:0.000120s ]
SQL: SELECT * FROM `tb_ath` WHERE ( f_ath_mdid=2 AND (f_ath_rlid=17) )  [ RunTime:0.000124s ]
SQL: SELECT * FROM `tb_md` WHERE ( mdmk='Cstmusr' ) LIMIT 1   [ RunTime:0.000122s ]
SQL: SELECT * FROM `tb_usr` WHERE ( usrid=32 AND usrps=1 ) LIMIT 1   [ RunTime:0.000132s ]
SQL: SELECT * FROM `tb_usrrl` WHERE ( f_usrrl_usrid=32 )  [ RunTime:0.000118s ]
SQL: SELECT * FROM `tb_ath` WHERE ( f_ath_mdid=16 AND (f_ath_rlid=17) )  [ RunTime:0.000127s ]
SQL: SELECT * FROM `tb_md` WHERE ( mdmk='Atc' ) LIMIT 1   [ RunTime:0.000122s ]
SQL: SELECT * FROM `tb_usr` WHERE ( usrid=32 AND usrps=1 ) LIMIT 1   [ RunTime:0.000154s ]
SQL: SELECT * FROM `tb_usrrl` WHERE ( f_usrrl_usrid=32 )  [ RunTime:0.000128s ]
SQL: SELECT * FROM `tb_ath` WHERE ( f_ath_mdid=6 AND (f_ath_rlid=17) )  [ RunTime:0.000129s ]
SQL: SHOW COLUMNS FROM `tb_btn` [ RunTime:0.002230s ]
SQL: SELECT * FROM `tb_btn` WHERE ( f_btn_usrid=32 AND btnnm='lft' ) LIMIT 1   [ RunTime:0.000580s ]
SQL: SELECT * FROM `tb_btn` WHERE ( f_btn_usrid=32 AND btnnm='lft' ) LIMIT 1   [ RunTime:0.000130s ]
SQL: SELECT * FROM `tb_usrrl` WHERE ( f_usrrl_usrid=32 )  [ RunTime:0.000121s ]
SQL: SHOW COLUMNS FROM `tb_lb` [ RunTime:0.001975s ]
SQL: SHOW COLUMNS FROM `tb_lbmd` [ RunTime:0.002774s ]
SQL: SELECT * FROM `tb_lb`  [ RunTime:0.000556s ]
SQL: SELECT * FROM `tb_lbmd` LEFT JOIN tb_md ON f_lbmd_mdid=mdid WHERE ( f_lbmd_lbid=1 )  [ RunTime:0.000138s ]
SQL: SELECT * FROM `tb_ath` WHERE ( f_ath_mdid=1 AND (f_ath_rlid=17) )  [ RunTime:0.000130s ]
SQL: SELECT * FROM `tb_ath` WHERE ( f_ath_mdid=2 AND (f_ath_rlid=17) )  [ RunTime:0.000125s ]
SQL: SELECT * FROM `tb_ath` WHERE ( f_ath_mdid=3 AND (f_ath_rlid=17) )  [ RunTime:0.000124s ]
SQL: SELECT * FROM `tb_ath` WHERE ( f_ath_mdid=4 AND (f_ath_rlid=17) )  [ RunTime:0.000141s ]
SQL: SELECT * FROM `tb_ath` WHERE ( f_ath_mdid=5 AND (f_ath_rlid=17) )  [ RunTime:0.000133s ]
SQL: SELECT * FROM `tb_ath` WHERE ( f_ath_mdid=6 AND (f_ath_rlid=17) )  [ RunTime:0.000127s ]
SQL: SELECT * FROM `tb_ath` WHERE ( f_ath_mdid=7 AND (f_ath_rlid=17) )  [ RunTime:0.000124s ]
SQL: SELECT * FROM `tb_ath` WHERE ( f_ath_mdid=8 AND (f_ath_rlid=17) )  [ RunTime:0.000126s ]
SQL: SELECT * FROM `tb_ath` WHERE ( f_ath_mdid=9 AND (f_ath_rlid=17) )  [ RunTime:0.000124s ]
SQL: SELECT * FROM `tb_ath` WHERE ( f_ath_mdid=11 AND (f_ath_rlid=17) )  [ RunTime:0.000126s ]
SQL: SELECT * FROM `tb_ath` WHERE ( f_ath_mdid=12 AND (f_ath_rlid=17) )  [ RunTime:0.000126s ]
SQL: SELECT * FROM `tb_ath` WHERE ( f_ath_mdid=13 AND (f_ath_rlid=17) )  [ RunTime:0.000125s ]
SQL: SELECT * FROM `tb_ath` WHERE ( f_ath_mdid=14 AND (f_ath_rlid=17) )  [ RunTime:0.000124s ]
SQL: SELECT * FROM `tb_ath` WHERE ( f_ath_mdid=15 AND (f_ath_rlid=17) )  [ RunTime:0.000125s ]
SQL: SELECT * FROM `tb_ath` WHERE ( f_ath_mdid=24 AND (f_ath_rlid=17) )  [ RunTime:0.000124s ]
SQL: SELECT * FROM `tb_btn` WHERE ( f_btn_usrid=32 AND btnnm='bs1' ) LIMIT 1   [ RunTime:0.000121s ]
SQL: SELECT * FROM `tb_btn` WHERE ( f_btn_usrid=32 AND btnnm='bs1' ) LIMIT 1   [ RunTime:0.000120s ]
SQL: SELECT * FROM `tb_lbmd` LEFT JOIN tb_md ON f_lbmd_mdid=mdid WHERE ( f_lbmd_lbid=2 )  [ RunTime:0.000127s ]
SQL: SELECT * FROM `tb_ath` WHERE ( f_ath_mdid=16 AND (f_ath_rlid=17) )  [ RunTime:0.000125s ]
SQL: SELECT * FROM `tb_ath` WHERE ( f_ath_mdid=17 AND (f_ath_rlid=17) )  [ RunTime:0.000133s ]
SQL: SELECT * FROM `tb_ath` WHERE ( f_ath_mdid=18 AND (f_ath_rlid=17) )  [ RunTime:0.000132s ]
SQL: SELECT * FROM `tb_ath` WHERE ( f_ath_mdid=19 AND (f_ath_rlid=17) )  [ RunTime:0.000126s ]
SQL: SELECT * FROM `tb_ath` WHERE ( f_ath_mdid=20 AND (f_ath_rlid=17) )  [ RunTime:0.000126s ]
SQL: SELECT * FROM `tb_ath` WHERE ( f_ath_mdid=21 AND (f_ath_rlid=17) )  [ RunTime:0.000124s ]
SQL: SELECT * FROM `tb_ath` WHERE ( f_ath_mdid=22 AND (f_ath_rlid=17) )  [ RunTime:0.000125s ]
SQL: SELECT * FROM `tb_ath` WHERE ( f_ath_mdid=23 AND (f_ath_rlid=17) )  [ RunTime:0.000123s ]
SQL: SELECT * FROM `tb_lbmd` LEFT JOIN tb_md ON f_lbmd_mdid=mdid WHERE ( f_lbmd_lbid=3 )  [ RunTime:0.000133s ]
SQL: SELECT * FROM `tb_ath` WHERE ( f_ath_mdid=25 AND (f_ath_rlid=17) )  [ RunTime:0.000406s ]
SQL: SELECT * FROM `tb_ath` WHERE ( f_ath_mdid=26 AND (f_ath_rlid=17) )  [ RunTime:0.000139s ]
SQL: SELECT * FROM `tb_ath` WHERE ( f_ath_mdid=27 AND (f_ath_rlid=17) )  [ RunTime:0.000131s ]
SQL: SELECT * FROM `tb_ath` WHERE ( f_ath_mdid=28 AND (f_ath_rlid=17) )  [ RunTime:0.000125s ]
SQL: SELECT * FROM `tb_ath` WHERE ( f_ath_mdid=29 AND (f_ath_rlid=17) )  [ RunTime:0.000126s ]
SQL: SELECT * FROM `tb_ath` WHERE ( f_ath_mdid=30 AND (f_ath_rlid=17) )  [ RunTime:0.000126s ]
SQL: SELECT * FROM `tb_ath` WHERE ( f_ath_mdid=31 AND (f_ath_rlid=17) )  [ RunTime:0.000124s ]
SQL: SELECT * FROM `tb_ath` WHERE ( f_ath_mdid=32 AND (f_ath_rlid=17) )  [ RunTime:0.000126s ]
SQL: SELECT * FROM `tb_ath` WHERE ( f_ath_mdid=33 AND (f_ath_rlid=17) )  [ RunTime:0.000126s ]
SQL: SELECT * FROM `tb_ath` WHERE ( f_ath_mdid=34 AND (f_ath_rlid=17) )  [ RunTime:0.000139s ]
SQL: SELECT * FROM `tb_ath` WHERE ( f_ath_mdid=35 AND (f_ath_rlid=17) )  [ RunTime:0.000128s ]
SQL: SELECT * FROM `tb_ath` WHERE ( f_ath_mdid=36 AND (f_ath_rlid=17) )  [ RunTime:0.000129s ]
SQL: SELECT * FROM `tb_ath` WHERE ( f_ath_mdid=37 AND (f_ath_rlid=17) )  [ RunTime:0.000123s ]
SQL: SELECT * FROM `tb_ath` WHERE ( f_ath_mdid=38 AND (f_ath_rlid=17) )  [ RunTime:0.000124s ]
SQL: SELECT * FROM `tb_ath` WHERE ( f_ath_mdid=39 AND (f_ath_rlid=17) )  [ RunTime:0.000124s ]
SQL: SELECT * FROM `tb_ath` WHERE ( f_ath_mdid=40 AND (f_ath_rlid=17) )  [ RunTime:0.000125s ]
SQL: SELECT * FROM `tb_ath` WHERE ( f_ath_mdid=41 AND (f_ath_rlid=17) )  [ RunTime:0.000124s ]
SQL: SELECT * FROM `tb_ath` WHERE ( f_ath_mdid=42 AND (f_ath_rlid=17) )  [ RunTime:0.000126s ]
SQL: SELECT * FROM `tb_ath` WHERE ( f_ath_mdid=43 AND (f_ath_rlid=17) )  [ RunTime:0.000125s ]
SQL: SELECT * FROM `tb_ath` WHERE ( f_ath_mdid=44 AND (f_ath_rlid=17) )  [ RunTime:0.000126s ]
SQL: SELECT * FROM `tb_ath` WHERE ( f_ath_mdid=49 AND (f_ath_rlid=17) )  [ RunTime:0.000124s ]
SQL: SELECT * FROM `tb_ath` WHERE ( f_ath_mdid=61 AND (f_ath_rlid=17) )  [ RunTime:0.000128s ]
SQL: SELECT * FROM `tb_btn` WHERE ( f_btn_usrid=32 AND btnnm='bs3' ) LIMIT 1   [ RunTime:0.000122s ]
SQL: SELECT * FROM `tb_btn` WHERE ( f_btn_usrid=32 AND btnnm='bs3' ) LIMIT 1   [ RunTime:0.000121s ]
SQL: SELECT * FROM `tb_lbmd` LEFT JOIN tb_md ON f_lbmd_mdid=mdid WHERE ( f_lbmd_lbid=4 )  [ RunTime:0.000125s ]
SQL: SELECT * FROM `tb_ath` WHERE ( f_ath_mdid=45 AND (f_ath_rlid=17) )  [ RunTime:0.000132s ]
SQL: SELECT * FROM `tb_ath` WHERE ( f_ath_mdid=50 AND (f_ath_rlid=17) )  [ RunTime:0.000128s ]
SQL: SELECT * FROM `tb_ath` WHERE ( f_ath_mdid=51 AND (f_ath_rlid=17) )  [ RunTime:0.000127s ]
SQL: SELECT * FROM `tb_ath` WHERE ( f_ath_mdid=62 AND (f_ath_rlid=17) )  [ RunTime:0.000125s ]
SQL: SELECT * FROM `tb_ath` WHERE ( f_ath_mdid=63 AND (f_ath_rlid=17) )  [ RunTime:0.000123s ]
SQL: SELECT * FROM `tb_ath` WHERE ( f_ath_mdid=64 AND (f_ath_rlid=17) )  [ RunTime:0.000124s ]
SQL: SELECT * FROM `tb_btn` WHERE ( f_btn_usrid=32 AND btnnm='bs4' ) LIMIT 1   [ RunTime:0.000121s ]
SQL: SELECT * FROM `tb_btn` WHERE ( f_btn_usrid=32 AND btnnm='bs4' ) LIMIT 1   [ RunTime:0.000120s ]
SQL: SELECT * FROM `tb_lbmd` LEFT JOIN tb_md ON f_lbmd_mdid=mdid WHERE ( f_lbmd_lbid=5 )  [ RunTime:0.000124s ]
SQL: SELECT * FROM `tb_ath` WHERE ( f_ath_mdid=46 AND (f_ath_rlid=17) )  [ RunTime:0.000125s ]
SQL: SELECT * FROM `tb_ath` WHERE ( f_ath_mdid=47 AND (f_ath_rlid=17) )  [ RunTime:0.000126s ]
SQL: SELECT * FROM `tb_ath` WHERE ( f_ath_mdid=48 AND (f_ath_rlid=17) )  [ RunTime:0.000304s ]
SQL: SELECT * FROM `tb_lbmd` LEFT JOIN tb_md ON f_lbmd_mdid=mdid WHERE ( f_lbmd_lbid=6 )  [ RunTime:0.000133s ]
SQL: SELECT * FROM `tb_ath` WHERE ( f_ath_mdid=52 AND (f_ath_rlid=17) )  [ RunTime:0.000126s ]
SQL: SELECT * FROM `tb_ath` WHERE ( f_ath_mdid=53 AND (f_ath_rlid=17) )  [ RunTime:0.000126s ]
SQL: SELECT * FROM `tb_ath` WHERE ( f_ath_mdid=54 AND (f_ath_rlid=17) )  [ RunTime:0.000128s ]
SQL: SELECT * FROM `tb_ath` WHERE ( f_ath_mdid=55 AND (f_ath_rlid=17) )  [ RunTime:0.000124s ]
SQL: SELECT * FROM `tb_ath` WHERE ( f_ath_mdid=56 AND (f_ath_rlid=17) )  [ RunTime:0.000137s ]
SQL: SELECT * FROM `tb_ath` WHERE ( f_ath_mdid=57 AND (f_ath_rlid=17) )  [ RunTime:0.000128s ]
SQL: SELECT * FROM `tb_ath` WHERE ( f_ath_mdid=58 AND (f_ath_rlid=17) )  [ RunTime:0.000126s ]
SQL: SELECT * FROM `tb_ath` WHERE ( f_ath_mdid=59 AND (f_ath_rlid=17) )  [ RunTime:0.000127s ]
SQL: SELECT * FROM `tb_ath` WHERE ( f_ath_mdid=60 AND (f_ath_rlid=17) )  [ RunTime:0.000122s ]
SQL: SELECT * FROM `tb_ath` WHERE ( f_ath_mdid=67 AND (f_ath_rlid=17) )  [ RunTime:0.000128s ]
SQL: SELECT * FROM `tb_btn` WHERE ( f_btn_usrid=32 AND btnnm='bs6' ) LIMIT 1   [ RunTime:0.000121s ]
SQL: SELECT * FROM `tb_lbmd` LEFT JOIN tb_md ON f_lbmd_mdid=mdid WHERE ( f_lbmd_lbid=7 )  [ RunTime:0.000194s ]
SQL: SELECT * FROM `tb_ath` WHERE ( f_ath_mdid=65 AND (f_ath_rlid=17) )  [ RunTime:0.000125s ]
SQL: SELECT * FROM `tb_ath` WHERE ( f_ath_mdid=66 AND (f_ath_rlid=17) )  [ RunTime:0.000125s ]
SQL: SELECT * FROM `tb_md` WHERE ( mdmk='Stt' ) LIMIT 1   [ RunTime:0.000119s ]
SQL: SELECT * FROM `tb_usr` WHERE ( usrid=32 AND usrps=1 ) LIMIT 1   [ RunTime:0.000132s ]
SQL: SELECT * FROM `tb_usrrl` WHERE ( f_usrrl_usrid=32 )  [ RunTime:0.000122s ]
SQL: SELECT * FROM `tb_ath` WHERE ( f_ath_mdid=25 AND (f_ath_rlid=17) )  [ RunTime:0.000122s ]
SQL: SELECT * FROM `tb_usr` WHERE ( usrid=32 ) LIMIT 1   [ RunTime:0.000130s ]
SQL: SHOW COLUMNS FROM `tb_zssz` [ RunTime:0.002378s ]
SQL: SELECT * FROM `tb_zssz` LIMIT 1   [ RunTime:0.000533s ]
SQL: SHOW COLUMNS FROM `tb_grd` [ RunTime:0.001981s ]
SQL: SELECT * FROM `tb_grd` WHERE ( grdid=4 ) LIMIT 1   [ RunTime:0.000585s ]
SQL: SHOW COLUMNS FROM `tb_2015_std` [ RunTime:0.003350s ]
NOTIC: [2] Missing argument 8 for NBAction::NB(), called in D:\Program Files\Apache Software Foundation\Apache2.2\htdocs\xx\admin\Lib\Action\ZsyxAction.class.php on line 768 and defined D:\Program Files\Apache Software Foundation\Apache2.2\htdocs\xx\admin\Lib\NB\NBAction.class.php 第 46 行.
NOTIC: [2] Missing argument 9 for NBAction::NB(), called in D:\Program Files\Apache Software Foundation\Apache2.2\htdocs\xx\admin\Lib\Action\ZsyxAction.class.php on line 768 and defined D:\Program Files\Apache Software Foundation\Apache2.2\htdocs\xx\admin\Lib\NB\NBAction.class.php 第 46 行.
NOTIC: [8] Undefined index:  NBsqlstc D:\Program Files\Apache Software Foundation\Apache2.2\htdocs\xx\admin\Lib\NB\NBAction.class.php 第 49 行.
NOTIC: [8] Undefined index:  NBsqlstc D:\Program Files\Apache Software Foundation\Apache2.2\htdocs\xx\admin\Lib\NB\NBAction.class.php 第 49 行.
NOTIC: [8] Undefined variable: tkpg D:\Program Files\Apache Software Foundation\Apache2.2\htdocs\xx\admin\Lib\NB\NBAction.class.php 第 140 行.
NOTIC: [8] Undefined index:  fld D:\Program Files\Apache Software Foundation\Apache2.2\htdocs\xx\admin\Lib\NB\NBAction.class.php 第 141 行.
NOTIC: [8] Undefined index:  cdt D:\Program Files\Apache Software Foundation\Apache2.2\htdocs\xx\admin\Lib\NB\NBAction.class.php 第 146 行.
NOTIC: [8] Undefined index:  spccdt D:\Program Files\Apache Software Foundation\Apache2.2\htdocs\xx\admin\Lib\NB\NBAction.class.php 第 151 行.
NOTIC: [8] Undefined index:  odr D:\Program Files\Apache Software Foundation\Apache2.2\htdocs\xx\admin\Lib\NB\NBAction.class.php 第 156 行.
NOTIC: [8] Undefined index:  lmt D:\Program Files\Apache Software Foundation\Apache2.2\htdocs\xx\admin\Lib\NB\NBAction.class.php 第 161 行.
NOTIC: [8] Undefined variable: odrpcd D:\Program Files\Apache Software Foundation\Apache2.2\htdocs\xx\admin\Lib\NB\NBAction.class.php 第 35 行.
NOTIC: [8] Undefined variable: lsyon D:\Program Files\Apache Software Foundation\Apache2.2\htdocs\xx\admin\Lib\NB\NBAction.class.php 第 187 行.
SQL: SELECT COUNT(*) AS tp_count FROM `tb_2015_std` inner join tb_2015_stdxqdm ON stdid=f_stdxqdm_stdid inner join tb_2015_stdxqcls ON stdid=f_stdxqcls_stdid inner join tb_2015_stdxqmj ON stdid=f_stdxqmj_stdid LEFT JOIN tb_stt ON f_std_sttid=sttid LEFT JOIN tb_grd ON f_std_grdid=grdid LEFT JOIN tb_2015_mj ON f_stdxqmj_mjid=mjid LEFT JOIN tb_bxxs ON f_mj_bxxsid=bxxsid LEFT JOIN tb_cc ON f_mj_ccid=ccid LEFT JOIN tb_kl ON f_mj_klid=klid LEFT JOIN tb_xxxs ON f_mj_xxxsid=xxxsid LEFT JOIN tb_zsfw ON f_mj_zsfwid=zsfwid LEFT JOIN tb_xz ON f_mj_xzid=xzid LEFT JOIN tb_2015_cls ON f_stdxqcls_clsid=clsid LEFT JOIN tb_dm ON f_stdxqdm_dmid=dmid LEFT JOIN tb_sex ON f_std_sexid=sexid LEFT JOIN tb_rc ON f_std_rcid=rcid LEFT JOIN tb_zzmm ON f_std_zzmmid=zzmmid LEFT JOIN tb_xl ON f_std_xlid=xlid LEFT JOIN tb_stat ON f_std_statid=statid LEFT JOIN tb_xq ON f_stdxqcls_xqid=xqid LEFT JOIN tb_2015_cw ON stdid=f_cw_stdid LEFT JOIN tb_2015_zsjx ON stdid=f_zsjx_stdid LEFT JOIN tb_2015_zspxh ON stdid=f_zspxh_stdid WHERE ( 1=1 AND stdnm LIKE '%杨静%' AND f_std_sttid=1 AND f_std_grdid=4 AND f_stdxqcls_xqid=3 AND f_stdxqmj_xqid=3 AND f_stdxqdm_xqid=3 AND (f_std_statid<>9) ) ORDER BY clsid ASC,mjid ASC,stdno ASC LIMIT 1   [ RunTime:0.005344s ]
NOTIC: [8] Undefined variable: sqlstc D:\Program Files\Apache Software Foundation\Apache2.2\htdocs\xx\admin\Lib\NB\NBAction.class.php 第 209 行.
SQL: SELECT `stdid`,`f_std_grdid`,`f_stdxqcls_xqid`,`stdno`,`stdnm`,`f_stdxqcls_clsid`,`clsnm`,`sexnm`,`mjnm`,`cwyjxfsm`,`cwyjjckwfsm`,`cwyjzsfsm`,`cwsjxfsm`,`cwsjjckwfsm`,`cwsjzsfsm`,`stdbtd`,`zsjxsg`,`zsjxtz`,`zsjxxm`,`zspxhschqtm` FROM `tb_2015_std` inner join tb_2015_stdxqdm ON stdid=f_stdxqdm_stdid inner join tb_2015_stdxqcls ON stdid=f_stdxqcls_stdid inner join tb_2015_stdxqmj ON stdid=f_stdxqmj_stdid LEFT JOIN tb_stt ON f_std_sttid=sttid LEFT JOIN tb_grd ON f_std_grdid=grdid LEFT JOIN tb_2015_mj ON f_stdxqmj_mjid=mjid LEFT JOIN tb_bxxs ON f_mj_bxxsid=bxxsid LEFT JOIN tb_cc ON f_mj_ccid=ccid LEFT JOIN tb_kl ON f_mj_klid=klid LEFT JOIN tb_xxxs ON f_mj_xxxsid=xxxsid LEFT JOIN tb_zsfw ON f_mj_zsfwid=zsfwid LEFT JOIN tb_xz ON f_mj_xzid=xzid LEFT JOIN tb_2015_cls ON f_stdxqcls_clsid=clsid LEFT JOIN tb_dm ON f_stdxqdm_dmid=dmid LEFT JOIN tb_sex ON f_std_sexid=sexid LEFT JOIN tb_rc ON f_std_rcid=rcid LEFT JOIN tb_zzmm ON f_std_zzmmid=zzmmid LEFT JOIN tb_xl ON f_std_xlid=xlid LEFT JOIN tb_stat ON f_std_statid=statid LEFT JOIN tb_xq ON f_stdxqcls_xqid=xqid LEFT JOIN tb_2015_cw ON stdid=f_cw_stdid LEFT JOIN tb_2015_zsjx ON stdid=f_zsjx_stdid LEFT JOIN tb_2015_zspxh ON stdid=f_zspxh_stdid WHERE ( 1=1 AND stdnm LIKE '%杨静%' AND f_std_sttid=1 AND f_std_grdid=4 AND f_stdxqcls_xqid=3 AND f_stdxqmj_xqid=3 AND f_stdxqdm_xqid=3 AND (f_std_statid<>9) ) ORDER BY clsid ASC,mjid ASC,stdno ASC LIMIT 0,20   [ RunTime:0.005345s ]
NOTIC: [8] Undefined variable: sqlstc D:\Program Files\Apache Software Foundation\Apache2.2\htdocs\xx\admin\Lib\NB\NBAction.class.php 第 267 行.
NOTIC: [8] Undefined variable: mlsforcount D:\Program Files\Apache Software Foundation\Apache2.2\htdocs\xx\admin\Lib\NB\NBAction.class.php 第 276 行.
SQL: SHOW COLUMNS FROM `tb_2015_bzr` [ RunTime:0.002355s ]
SQL: SELECT * FROM `tb_2015_bzr` WHERE ( f_bzr_clsid=19 ) LIMIT 1   [ RunTime:0.000593s ]
SQL: SHOW COLUMNS FROM `tb_bxxs` [ RunTime:0.002022s ]
SQL: SELECT * FROM `tb_bxxs` WHERE ( 1=2 OR bxxsid=4 )  [ RunTime:0.000573s ]
SQL: SHOW COLUMNS FROM `tb_stt` [ RunTime:0.002389s ]
SQL: SELECT * FROM `tb_stt` WHERE ( sttid=1 )  [ RunTime:0.000518s ]
SQL: SHOW COLUMNS FROM `tb_cc` [ RunTime:0.002118s ]
SQL: SELECT * FROM `tb_cc` WHERE ( ccid=3 )  [ RunTime:0.000568s ]
SQL: SHOW COLUMNS FROM `tb_kl` [ RunTime:0.001982s ]
SQL: SELECT * FROM `tb_kl`  [ RunTime:0.000615s ]
SQL: SHOW COLUMNS FROM `tb_xxxs` [ RunTime:0.001981s ]
SQL: SELECT * FROM `tb_xxxs` WHERE ( xxxsid=2 )  [ RunTime:0.000577s ]
SQL: SHOW COLUMNS FROM `tb_zsfw` [ RunTime:0.001976s ]
SQL: SELECT * FROM `tb_zsfw` WHERE ( zsfwid=2 )  [ RunTime:0.000570s ]
SQL: SHOW COLUMNS FROM `tb_xz` [ RunTime:0.001954s ]
SQL: SELECT * FROM `tb_xz` WHERE ( xzid=2 )  [ RunTime:0.000574s ]
SQL: SELECT * FROM `tb_grd` WHERE ( grdid=4 ) ORDER BY grdnm DESC  [ RunTime:0.000146s ]
SQL: SHOW COLUMNS FROM `tb_xq` [ RunTime:0.002069s ]
SQL: SELECT * FROM `tb_xq` WHERE ( xqid=3 ) ORDER BY xqnm DESC  [ RunTime:0.000579s ]
SQL: SHOW COLUMNS FROM `tb_2015_cls` [ RunTime:0.002199s ]
SQL: SELECT * FROM `tb_2015_cls` LEFT JOIN tb_stt ON f_cls_sttid=sttid WHERE ( 1=1 AND f_cls_sttid=1 AND f_cls_grdid=4 AND clsactvt=1 ) ORDER BY clsnm ASC  [ RunTime:0.000503s ]
SQL: SHOW COLUMNS FROM `tb_dm` [ RunTime:0.001975s ]
SQL: SELECT * FROM `tb_dm`  [ RunTime:0.000601s ]
SQL: SHOW COLUMNS FROM `tb_sex` [ RunTime:0.002088s ]
SQL: SELECT * FROM `tb_sex`  [ RunTime:0.000593s ]
SQL: SHOW COLUMNS FROM `tb_rc` [ RunTime:0.001978s ]
SQL: SELECT * FROM `tb_rc`  [ RunTime:0.000814s ]
SQL: SHOW COLUMNS FROM `tb_zzmm` [ RunTime:0.002001s ]
SQL: SELECT * FROM `tb_zzmm`  [ RunTime:0.000588s ]
SQL: SHOW COLUMNS FROM `tb_xl` [ RunTime:0.001968s ]
SQL: SELECT * FROM `tb_xl`  [ RunTime:0.000581s ]
SQL: SHOW COLUMNS FROM `tb_2015_mj` [ RunTime:0.002464s ]
SQL: SELECT * FROM `tb_2015_mj` LEFT JOIN tb_bxxs ON f_mj_bxxsid=bxxsid WHERE ( 1=1 AND f_mj_grdid=4 ) ORDER BY f_mj_bxxsid ASC,mjdm ASC  [ RunTime:0.000414s ]
SQL: SHOW COLUMNS FROM `tb_stat` [ RunTime:0.002113s ]
SQL: SELECT * FROM `tb_stat` WHERE ( statactvt=1 AND statmk='zs' )  [ RunTime:0.000534s ]
INFO: [ view_parse ] --START--
NOTIC: [8] Undefined variable: ntfstr D:\Program Files\Apache Software Foundation\Apache2.2\htdocs\xx\admin\Runtime\Cache\286fb0a199df72de3d36d74ebc88243b.php 第 62 行.
NOTIC: [8] Use of undefined constant lbid - assumed 'lbid' D:\Program Files\Apache Software Foundation\Apache2.2\htdocs\xx\admin\Runtime\Cache\286fb0a199df72de3d36d74ebc88243b.php 第 147 行.
NOTIC: [8] Use of undefined constant lbid - assumed 'lbid' D:\Program Files\Apache Software Foundation\Apache2.2\htdocs\xx\admin\Runtime\Cache\286fb0a199df72de3d36d74ebc88243b.php 第 147 行.
NOTIC: [8] Use of undefined constant lbid - assumed 'lbid' D:\Program Files\Apache Software Foundation\Apache2.2\htdocs\xx\admin\Runtime\Cache\286fb0a199df72de3d36d74ebc88243b.php 第 147 行.
NOTIC: [8] Use of undefined constant lbid - assumed 'lbid' D:\Program Files\Apache Software Foundation\Apache2.2\htdocs\xx\admin\Runtime\Cache\286fb0a199df72de3d36d74ebc88243b.php 第 147 行.
NOTIC: [8] Undefined variable: spadm D:\Program Files\Apache Software Foundation\Apache2.2\htdocs\xx\admin\Runtime\Cache\286fb0a199df72de3d36d74ebc88243b.php 第 190 行.
NOTIC: [8] Undefined index:  sttnm D:\Program Files\Apache Software Foundation\Apache2.2\htdocs\xx\admin\Runtime\Cache\286fb0a199df72de3d36d74ebc88243b.php 第 335 行.
NOTIC: [8] Use of undefined constant zsszxnltm - assumed 'zsszxnltm' D:\Program Files\Apache Software Foundation\Apache2.2\htdocs\xx\admin\Runtime\Cache\286fb0a199df72de3d36d74ebc88243b.php 第 431 行.
NOTIC: [8] Use of undefined constant zsszxnltm - assumed 'zsszxnltm' D:\Program Files\Apache Software Foundation\Apache2.2\htdocs\xx\admin\Runtime\Cache\286fb0a199df72de3d36d74ebc88243b.php 第 432 行.
NOTIC: [8] Undefined index:  bxxsnm D:\Program Files\Apache Software Foundation\Apache2.2\htdocs\xx\admin\Runtime\Cache\286fb0a199df72de3d36d74ebc88243b.php 第 620 行.
NOTIC: [8] Undefined index:  sttnm D:\Program Files\Apache Software Foundation\Apache2.2\htdocs\xx\admin\Runtime\Cache\286fb0a199df72de3d36d74ebc88243b.php 第 621 行.
NOTIC: [8] Undefined index:  ccnm D:\Program Files\Apache Software Foundation\Apache2.2\htdocs\xx\admin\Runtime\Cache\286fb0a199df72de3d36d74ebc88243b.php 第 622 行.
NOTIC: [8] Undefined index:  klnm D:\Program Files\Apache Software Foundation\Apache2.2\htdocs\xx\admin\Runtime\Cache\286fb0a199df72de3d36d74ebc88243b.php 第 623 行.
NOTIC: [8] Undefined index:  xxxsnm D:\Program Files\Apache Software Foundation\Apache2.2\htdocs\xx\admin\Runtime\Cache\286fb0a199df72de3d36d74ebc88243b.php 第 624 行.
NOTIC: [8] Undefined index:  zsfwnm D:\Program Files\Apache Software Foundation\Apache2.2\htdocs\xx\admin\Runtime\Cache\286fb0a199df72de3d36d74ebc88243b.php 第 625 行.
NOTIC: [8] Undefined index:  xznm D:\Program Files\Apache Software Foundation\Apache2.2\htdocs\xx\admin\Runtime\Cache\286fb0a199df72de3d36d74ebc88243b.php 第 626 行.
NOTIC: [8] Undefined index:  grdnm D:\Program Files\Apache Software Foundation\Apache2.2\htdocs\xx\admin\Runtime\Cache\286fb0a199df72de3d36d74ebc88243b.php 第 627 行.
NOTIC: [8] Undefined index:  xqnm D:\Program Files\Apache Software Foundation\Apache2.2\htdocs\xx\admin\Runtime\Cache\286fb0a199df72de3d36d74ebc88243b.php 第 628 行.
NOTIC: [8] Undefined index:  stdaplno D:\Program Files\Apache Software Foundation\Apache2.2\htdocs\xx\admin\Runtime\Cache\286fb0a199df72de3d36d74ebc88243b.php 第 629 行.
NOTIC: [8] Undefined index:  stdupfnctm D:\Program Files\Apache Software Foundation\Apache2.2\htdocs\xx\admin\Runtime\Cache\286fb0a199df72de3d36d74ebc88243b.php 第 631 行.
NOTIC: [8] Undefined index:  dmnm D:\Program Files\Apache Software Foundation\Apache2.2\htdocs\xx\admin\Runtime\Cache\286fb0a199df72de3d36d74ebc88243b.php 第 635 行.
NOTIC: [8] Undefined index:  rcnm D:\Program Files\Apache Software Foundation\Apache2.2\htdocs\xx\admin\Runtime\Cache\286fb0a199df72de3d36d74ebc88243b.php 第 637 行.
NOTIC: [8] Undefined index:  zzmmnm D:\Program Files\Apache Software Foundation\Apache2.2\htdocs\xx\admin\Runtime\Cache\286fb0a199df72de3d36d74ebc88243b.php 第 638 行.
NOTIC: [8] Undefined index:  stdnp D:\Program Files\Apache Software Foundation\Apache2.2\htdocs\xx\admin\Runtime\Cache\286fb0a199df72de3d36d74ebc88243b.php 第 639 行.
NOTIC: [8] Undefined index:  stdsol D:\Program Files\Apache Software Foundation\Apache2.2\htdocs\xx\admin\Runtime\Cache\286fb0a199df72de3d36d74ebc88243b.php 第 642 行.
NOTIC: [8] Undefined index:  stdcee D:\Program Files\Apache Software Foundation\Apache2.2\htdocs\xx\admin\Runtime\Cache\286fb0a199df72de3d36d74ebc88243b.php 第 643 行.
NOTIC: [8] Undefined index:  stdsog D:\Program Files\Apache Software Foundation\Apache2.2\htdocs\xx\admin\Runtime\Cache\286fb0a199df72de3d36d74ebc88243b.php 第 644 行.
NOTIC: [8] Undefined index:  stdqq D:\Program Files\Apache Software Foundation\Apache2.2\htdocs\xx\admin\Runtime\Cache\286fb0a199df72de3d36d74ebc88243b.php 第 645 行.
NOTIC: [8] Undefined index:  xlnm D:\Program Files\Apache Software Foundation\Apache2.2\htdocs\xx\admin\Runtime\Cache\286fb0a199df72de3d36d74ebc88243b.php 第 646 行.
NOTIC: [8] Undefined index:  stdidcd D:\Program Files\Apache Software Foundation\Apache2.2\htdocs\xx\admin\Runtime\Cache\286fb0a199df72de3d36d74ebc88243b.php 第 647 行.
NOTIC: [8] Undefined index:  stdcp D:\Program Files\Apache Software Foundation\Apache2.2\htdocs\xx\admin\Runtime\Cache\286fb0a199df72de3d36d74ebc88243b.php 第 648 行.
NOTIC: [8] Undefined index:  stdrlta D:\Program Files\Apache Software Foundation\Apache2.2\htdocs\xx\admin\Runtime\Cache\286fb0a199df72de3d36d74ebc88243b.php 第 649 行.
NOTIC: [8] Undefined index:  stdrltanm D:\Program Files\Apache Software Foundation\Apache2.2\htdocs\xx\admin\Runtime\Cache\286fb0a199df72de3d36d74ebc88243b.php 第 650 行.
NOTIC: [8] Undefined index:  stdrltaocpt D:\Program Files\Apache Software Foundation\Apache2.2\htdocs\xx\admin\Runtime\Cache\286fb0a199df72de3d36d74ebc88243b.php 第 651 行.
NOTIC: [8] Undefined index:  stdrltacp D:\Program Files\Apache Software Foundation\Apache2.2\htdocs\xx\admin\Runtime\Cache\286fb0a199df72de3d36d74ebc88243b.php 第 652 行.
NOTIC: [8] Undefined index:  stdrltb D:\Program Files\Apache Software Foundation\Apache2.2\htdocs\xx\admin\Runtime\Cache\286fb0a199df72de3d36d74ebc88243b.php 第 653 行.
NOTIC: [8] Undefined index:  stdrltbnm D:\Program Files\Apache Software Foundation\Apache2.2\htdocs\xx\admin\Runtime\Cache\286fb0a199df72de3d36d74ebc88243b.php 第 654 行.
NOTIC: [8] Undefined index:  stdrltbocpt D:\Program Files\Apache Software Foundation\Apache2.2\htdocs\xx\admin\Runtime\Cache\286fb0a199df72de3d36d74ebc88243b.php 第 655 行.
NOTIC: [8] Undefined index:  stdrltbcp D:\Program Files\Apache Software Foundation\Apache2.2\htdocs\xx\admin\Runtime\Cache\286fb0a199df72de3d36d74ebc88243b.php 第 656 行.
NOTIC: [8] Undefined index:  stdhb D:\Program Files\Apache Software Foundation\Apache2.2\htdocs\xx\admin\Runtime\Cache\286fb0a199df72de3d36d74ebc88243b.php 第 657 行.
NOTIC: [8] Undefined index:  statnm D:\Program Files\Apache Software Foundation\Apache2.2\htdocs\xx\admin\Runtime\Cache\286fb0a199df72de3d36d74ebc88243b.php 第 659 行.
NOTIC: [8] Undefined index:  stdpst D:\Program Files\Apache Software Foundation\Apache2.2\htdocs\xx\admin\Runtime\Cache\286fb0a199df72de3d36d74ebc88243b.php 第 660 行.
NOTIC: [8] Undefined index:  stdads D:\Program Files\Apache Software Foundation\Apache2.2\htdocs\xx\admin\Runtime\Cache\286fb0a199df72de3d36d74ebc88243b.php 第 661 行.
NOTIC: [8] Undefined index:  stdmdftm D:\Program Files\Apache Software Foundation\Apache2.2\htdocs\xx\admin\Runtime\Cache\286fb0a199df72de3d36d74ebc88243b.php 第 662 行.
NOTIC: [8] Undefined index:  stdaddtm D:\Program Files\Apache Software Foundation\Apache2.2\htdocs\xx\admin\Runtime\Cache\286fb0a199df72de3d36d74ebc88243b.php 第 663 行.
NOTIC: [8] Undefined index:  stdtlp D:\Program Files\Apache Software Foundation\Apache2.2\htdocs\xx\admin\Runtime\Cache\286fb0a199df72de3d36d74ebc88243b.php 第 664 行.
NOTIC: [8] Undefined index:  stdpertm D:\Program Files\Apache Software Foundation\Apache2.2\htdocs\xx\admin\Runtime\Cache\286fb0a199df72de3d36d74ebc88243b.php 第 665 行.
NOTIC: [8] Undefined index:  stdertm D:\Program Files\Apache Software Foundation\Apache2.2\htdocs\xx\admin\Runtime\Cache\286fb0a199df72de3d36d74ebc88243b.php 第 666 行.
NOTIC: [8] Undefined index:  stdicbc D:\Program Files\Apache Software Foundation\Apache2.2\htdocs\xx\admin\Runtime\Cache\286fb0a199df72de3d36d74ebc88243b.php 第 667 行.
NOTIC: [8] Undefined index:  stdrcmdnm D:\Program Files\Apache Software Foundation\Apache2.2\htdocs\xx\admin\Runtime\Cache\286fb0a199df72de3d36d74ebc88243b.php 第 668 行.
NOTIC: [8] Undefined index:  stdrcmdcp D:\Program Files\Apache Software Foundation\Apache2.2\htdocs\xx\admin\Runtime\Cache\286fb0a199df72de3d36d74ebc88243b.php 第 669 行.
NOTIC: [8] Undefined index:  stdpnttm D:\Program Files\Apache Software Foundation\Apache2.2\htdocs\xx\admin\Runtime\Cache\286fb0a199df72de3d36d74ebc88243b.php 第 670 行.
NOTIC: [8] Undefined variable: athm D:\Program Files\Apache Software Foundation\Apache2.2\htdocs\xx\admin\Runtime\Cache\286fb0a199df72de3d36d74ebc88243b.php 第 686 行.
NOTIC: [8] Undefined variable: athd D:\Program Files\Apache Software Foundation\Apache2.2\htdocs\xx\admin\Runtime\Cache\286fb0a199df72de3d36d74ebc88243b.php 第 687 行.
NOTIC: [8] Undefined variable: atha D:\Program Files\Apache Software Foundation\Apache2.2\htdocs\xx\admin\Runtime\Cache\286fb0a199df72de3d36d74ebc88243b.php 第 698 行.
INFO: ParseTemplate Behavior ::run [ RunTime:0.160120s ]
INFO: [ view_parse ] --END-- [ RunTime:0.160296s ]
INFO: [ view_filter ] --START--
INFO: ContentReplace Behavior ::run [ RunTime:0.007680s ]
INFO: TokenBuild Behavior ::run [ RunTime:0.007220s ]
INFO: WriteHtmlCache Behavior ::run [ RunTime:0.006852s ]
INFO: ShowRuntime Behavior ::run [ RunTime:0.007295s ]
INFO: [ view_filter ] --END-- [ RunTime:0.029366s ]
INFO: [ view_end ] --START--
INFO: ShowPageTrace Behavior ::run [ RunTime:0.007436s ]
INFO: [ view_end ] --END-- [ RunTime:0.007549s ]

[ 2015-11-10T15:59:03+08:00 ] 10.50.10.29 /xx/admin.php/Zsyx/gtxpg/x/vw/stdid/359
INFO: [ route_check ] --START--
INFO: CheckRoute Behavior ::run [ RunTime:0.004756s ]
INFO: [ route_check ] --END-- [ RunTime:0.004909s ]
INFO: [ app_begin ] --START--
INFO: ReadHtmlCache Behavior ::run [ RunTime:0.004264s ]
INFO: [ app_begin ] --END-- [ RunTime:0.004388s ]
SQL: SHOW COLUMNS FROM `tb_usr` [ RunTime:0.003043s ]
SQL: SELECT * FROM `tb_usr` WHERE ( usrid=32 AND usrps=1 ) LIMIT 1   [ RunTime:0.000247s ]
SQL: SELECT * FROM `tb_usr` WHERE ( usrid=32 ) LIMIT 1   [ RunTime:0.000149s ]
SQL: SHOW COLUMNS FROM `tb_usrrl` [ RunTime:0.002671s ]
SQL: SELECT * FROM `tb_usrrl` LEFT JOIN tb_usr ON f_usrrl_usrid=usrid LEFT JOIN tb_rl ON f_usrrl_rlid=rlid WHERE ( f_usrrl_usrid=32 )  [ RunTime:0.000447s ]
NOTIC: [8] Undefined variable: runmu D:\Program Files\Apache Software Foundation\Apache2.2\htdocs\xx\admin\Lib\SS\SSAction.class.php 第 18 行.
SQL: SHOW COLUMNS FROM `tb_md` [ RunTime:0.002037s ]
SQL: SELECT * FROM `tb_md` WHERE ( mdmk='Zsyx' ) LIMIT 1   [ RunTime:0.000537s ]
SQL: SELECT * FROM `tb_usr` WHERE ( usrid=32 AND usrps=1 ) LIMIT 1   [ RunTime:0.000163s ]
SQL: SELECT * FROM `tb_usrrl` WHERE ( f_usrrl_usrid=32 )  [ RunTime:0.000127s ]
SQL: SHOW COLUMNS FROM `tb_ath` [ RunTime:0.002380s ]
SQL: SELECT * FROM `tb_ath` WHERE ( f_ath_mdid=64 AND (f_ath_rlid=17) )  [ RunTime:0.000567s ]
SQL: SELECT * FROM `tb_md` WHERE ( mdid=64 ) LIMIT 1   [ RunTime:0.000128s ]
NOTIC: [8] Undefined index:  zsyxid D:\Program Files\Apache Software Foundation\Apache2.2\htdocs\xx\admin\Lib\IDTATH\IdtathAction.class.php 第 91 行.
SQL: SELECT * FROM `tb_md` WHERE ( mdmk='Usr' ) LIMIT 1   [ RunTime:0.000174s ]
SQL: SELECT * FROM `tb_usr` WHERE ( usrid=32 AND usrps=1 ) LIMIT 1   [ RunTime:0.000138s ]
SQL: SELECT * FROM `tb_usrrl` WHERE ( f_usrrl_usrid=32 )  [ RunTime:0.000120s ]
SQL: SELECT * FROM `tb_ath` WHERE ( f_ath_mdid=2 AND (f_ath_rlid=17) )  [ RunTime:0.000125s ]
SQL: SELECT * FROM `tb_md` WHERE ( mdmk='Cstmusr' ) LIMIT 1   [ RunTime:0.000180s ]
SQL: SELECT * FROM `tb_usr` WHERE ( usrid=32 AND usrps=1 ) LIMIT 1   [ RunTime:0.000132s ]
SQL: SELECT * FROM `tb_usrrl` WHERE ( f_usrrl_usrid=32 )  [ RunTime:0.000119s ]
SQL: SELECT * FROM `tb_ath` WHERE ( f_ath_mdid=16 AND (f_ath_rlid=17) )  [ RunTime:0.000126s ]
SQL: SELECT * FROM `tb_md` WHERE ( mdmk='Atc' ) LIMIT 1   [ RunTime:0.000122s ]
SQL: SELECT * FROM `tb_usr` WHERE ( usrid=32 AND usrps=1 ) LIMIT 1   [ RunTime:0.000134s ]
SQL: SELECT * FROM `tb_usrrl` WHERE ( f_usrrl_usrid=32 )  [ RunTime:0.000131s ]
SQL: SELECT * FROM `tb_ath` WHERE ( f_ath_mdid=6 AND (f_ath_rlid=17) )  [ RunTime:0.000134s ]
SQL: SHOW COLUMNS FROM `tb_btn` [ RunTime:0.002392s ]
SQL: SELECT * FROM `tb_btn` WHERE ( f_btn_usrid=32 AND btnnm='lft' ) LIMIT 1   [ RunTime:0.000568s ]
SQL: SELECT * FROM `tb_btn` WHERE ( f_btn_usrid=32 AND btnnm='lft' ) LIMIT 1   [ RunTime:0.000130s ]
SQL: SELECT * FROM `tb_usrrl` WHERE ( f_usrrl_usrid=32 )  [ RunTime:0.000123s ]
SQL: SHOW COLUMNS FROM `tb_lb` [ RunTime:0.002009s ]
SQL: SHOW COLUMNS FROM `tb_lbmd` [ RunTime:0.002553s ]
SQL: SELECT * FROM `tb_lb`  [ RunTime:0.000565s ]
SQL: SELECT * FROM `tb_lbmd` LEFT JOIN tb_md ON f_lbmd_mdid=mdid WHERE ( f_lbmd_lbid=1 )  [ RunTime:0.000138s ]
SQL: SELECT * FROM `tb_ath` WHERE ( f_ath_mdid=1 AND (f_ath_rlid=17) )  [ RunTime:0.000130s ]
SQL: SELECT * FROM `tb_ath` WHERE ( f_ath_mdid=2 AND (f_ath_rlid=17) )  [ RunTime:0.000125s ]
SQL: SELECT * FROM `tb_ath` WHERE ( f_ath_mdid=3 AND (f_ath_rlid=17) )  [ RunTime:0.000124s ]
SQL: SELECT * FROM `tb_ath` WHERE ( f_ath_mdid=4 AND (f_ath_rlid=17) )  [ RunTime:0.000127s ]
SQL: SELECT * FROM `tb_ath` WHERE ( f_ath_mdid=5 AND (f_ath_rlid=17) )  [ RunTime:0.000142s ]
SQL: SELECT * FROM `tb_ath` WHERE ( f_ath_mdid=6 AND (f_ath_rlid=17) )  [ RunTime:0.000132s ]
SQL: SELECT * FROM `tb_ath` WHERE ( f_ath_mdid=7 AND (f_ath_rlid=17) )  [ RunTime:0.000125s ]
SQL: SELECT * FROM `tb_ath` WHERE ( f_ath_mdid=8 AND (f_ath_rlid=17) )  [ RunTime:0.000126s ]
SQL: SELECT * FROM `tb_ath` WHERE ( f_ath_mdid=9 AND (f_ath_rlid=17) )  [ RunTime:0.000124s ]
SQL: SELECT * FROM `tb_ath` WHERE ( f_ath_mdid=11 AND (f_ath_rlid=17) )  [ RunTime:0.000124s ]
SQL: SELECT * FROM `tb_ath` WHERE ( f_ath_mdid=12 AND (f_ath_rlid=17) )  [ RunTime:0.000126s ]
SQL: SELECT * FROM `tb_ath` WHERE ( f_ath_mdid=13 AND (f_ath_rlid=17) )  [ RunTime:0.000125s ]
SQL: SELECT * FROM `tb_ath` WHERE ( f_ath_mdid=14 AND (f_ath_rlid=17) )  [ RunTime:0.000123s ]
SQL: SELECT * FROM `tb_ath` WHERE ( f_ath_mdid=15 AND (f_ath_rlid=17) )  [ RunTime:0.000125s ]
SQL: SELECT * FROM `tb_ath` WHERE ( f_ath_mdid=24 AND (f_ath_rlid=17) )  [ RunTime:0.000124s ]
SQL: SELECT * FROM `tb_btn` WHERE ( f_btn_usrid=32 AND btnnm='bs1' ) LIMIT 1   [ RunTime:0.000123s ]
SQL: SELECT * FROM `tb_btn` WHERE ( f_btn_usrid=32 AND btnnm='bs1' ) LIMIT 1   [ RunTime:0.000136s ]
SQL: SELECT * FROM `tb_lbmd` LEFT JOIN tb_md ON f_lbmd_mdid=mdid WHERE ( f_lbmd_lbid=2 )  [ RunTime:0.000130s ]
SQL: SELECT * FROM `tb_ath` WHERE ( f_ath_mdid=16 AND (f_ath_rlid=17) )  [ RunTime:0.000125s ]
SQL: SELECT * FROM `tb_ath` WHERE ( f_ath_mdid=17 AND (f_ath_rlid=17) )  [ RunTime:0.000126s ]
SQL: SELECT * FROM `tb_ath` WHERE ( f_ath_mdid=18 AND (f_ath_rlid=17) )  [ RunTime:0.000136s ]
SQL: SELECT * FROM `tb_ath` WHERE ( f_ath_mdid=19 AND (f_ath_rlid=17) )  [ RunTime:0.000130s ]
SQL: SELECT * FROM `tb_ath` WHERE ( f_ath_mdid=20 AND (f_ath_rlid=17) )  [ RunTime:0.000125s ]
SQL: SELECT * FROM `tb_ath` WHERE ( f_ath_mdid=21 AND (f_ath_rlid=17) )  [ RunTime:0.000125s ]
SQL: SELECT * FROM `tb_ath` WHERE ( f_ath_mdid=22 AND (f_ath_rlid=17) )  [ RunTime:0.000125s ]
SQL: SELECT * FROM `tb_ath` WHERE ( f_ath_mdid=23 AND (f_ath_rlid=17) )  [ RunTime:0.000124s ]
SQL: SELECT * FROM `tb_lbmd` LEFT JOIN tb_md ON f_lbmd_mdid=mdid WHERE ( f_lbmd_lbid=3 )  [ RunTime:0.000133s ]
SQL: SELECT * FROM `tb_ath` WHERE ( f_ath_mdid=25 AND (f_ath_rlid=17) )  [ RunTime:0.000124s ]
SQL: SELECT * FROM `tb_ath` WHERE ( f_ath_mdid=26 AND (f_ath_rlid=17) )  [ RunTime:0.000124s ]
SQL: SELECT * FROM `tb_ath` WHERE ( f_ath_mdid=27 AND (f_ath_rlid=17) )  [ RunTime:0.000127s ]
SQL: SELECT * FROM `tb_ath` WHERE ( f_ath_mdid=28 AND (f_ath_rlid=17) )  [ RunTime:0.000123s ]
SQL: SELECT * FROM `tb_ath` WHERE ( f_ath_mdid=29 AND (f_ath_rlid=17) )  [ RunTime:0.000125s ]
SQL: SELECT * FROM `tb_ath` WHERE ( f_ath_mdid=30 AND (f_ath_rlid=17) )  [ RunTime:0.000124s ]
SQL: SELECT * FROM `tb_ath` WHERE ( f_ath_mdid=31 AND (f_ath_rlid=17) )  [ RunTime:0.000123s ]
SQL: SELECT * FROM `tb_ath` WHERE ( f_ath_mdid=32 AND (f_ath_rlid=17) )  [ RunTime:0.000125s ]
SQL: SELECT * FROM `tb_ath` WHERE ( f_ath_mdid=33 AND (f_ath_rlid=17) )  [ RunTime:0.000125s ]
SQL: SELECT * FROM `tb_ath` WHERE ( f_ath_mdid=34 AND (f_ath_rlid=17) )  [ RunTime:0.000126s ]
SQL: SELECT * FROM `tb_ath` WHERE ( f_ath_mdid=35 AND (f_ath_rlid=17) )  [ RunTime:0.000135s ]
SQL: SELECT * FROM `tb_ath` WHERE ( f_ath_mdid=36 AND (f_ath_rlid=17) )  [ RunTime:0.000130s ]
SQL: SELECT * FROM `tb_ath` WHERE ( f_ath_mdid=37 AND (f_ath_rlid=17) )  [ RunTime:0.000124s ]
SQL: SELECT * FROM `tb_ath` WHERE ( f_ath_mdid=38 AND (f_ath_rlid=17) )  [ RunTime:0.000123s ]
SQL: SELECT * FROM `tb_ath` WHERE ( f_ath_mdid=39 AND (f_ath_rlid=17) )  [ RunTime:0.000125s ]
SQL: SELECT * FROM `tb_ath` WHERE ( f_ath_mdid=40 AND (f_ath_rlid=17) )  [ RunTime:0.000124s ]
SQL: SELECT * FROM `tb_ath` WHERE ( f_ath_mdid=41 AND (f_ath_rlid=17) )  [ RunTime:0.000123s ]
SQL: SELECT * FROM `tb_ath` WHERE ( f_ath_mdid=42 AND (f_ath_rlid=17) )  [ RunTime:0.000125s ]
SQL: SELECT * FROM `tb_ath` WHERE ( f_ath_mdid=43 AND (f_ath_rlid=17) )  [ RunTime:0.000125s ]
SQL: SELECT * FROM `tb_ath` WHERE ( f_ath_mdid=44 AND (f_ath_rlid=17) )  [ RunTime:0.000125s ]
SQL: SELECT * FROM `tb_ath` WHERE ( f_ath_mdid=49 AND (f_ath_rlid=17) )  [ RunTime:0.000123s ]
SQL: SELECT * FROM `tb_ath` WHERE ( f_ath_mdid=61 AND (f_ath_rlid=17) )  [ RunTime:0.000124s ]
SQL: SELECT * FROM `tb_btn` WHERE ( f_btn_usrid=32 AND btnnm='bs3' ) LIMIT 1   [ RunTime:0.000120s ]
SQL: SELECT * FROM `tb_btn` WHERE ( f_btn_usrid=32 AND btnnm='bs3' ) LIMIT 1   [ RunTime:0.000119s ]
SQL: SELECT * FROM `tb_lbmd` LEFT JOIN tb_md ON f_lbmd_mdid=mdid WHERE ( f_lbmd_lbid=4 )  [ RunTime:0.000124s ]
SQL: SELECT * FROM `tb_ath` WHERE ( f_ath_mdid=45 AND (f_ath_rlid=17) )  [ RunTime:0.000124s ]
SQL: SELECT * FROM `tb_ath` WHERE ( f_ath_mdid=50 AND (f_ath_rlid=17) )  [ RunTime:0.000133s ]
SQL: SELECT * FROM `tb_ath` WHERE ( f_ath_mdid=51 AND (f_ath_rlid=17) )  [ RunTime:0.000131s ]
SQL: SELECT * FROM `tb_ath` WHERE ( f_ath_mdid=62 AND (f_ath_rlid=17) )  [ RunTime:0.000126s ]
SQL: SELECT * FROM `tb_ath` WHERE ( f_ath_mdid=63 AND (f_ath_rlid=17) )  [ RunTime:0.000123s ]
SQL: SELECT * FROM `tb_ath` WHERE ( f_ath_mdid=64 AND (f_ath_rlid=17) )  [ RunTime:0.000125s ]
SQL: SELECT * FROM `tb_btn` WHERE ( f_btn_usrid=32 AND btnnm='bs4' ) LIMIT 1   [ RunTime:0.000120s ]
SQL: SELECT * FROM `tb_btn` WHERE ( f_btn_usrid=32 AND btnnm='bs4' ) LIMIT 1   [ RunTime:0.000120s ]
SQL: SELECT * FROM `tb_lbmd` LEFT JOIN tb_md ON f_lbmd_mdid=mdid WHERE ( f_lbmd_lbid=5 )  [ RunTime:0.000123s ]
SQL: SELECT * FROM `tb_ath` WHERE ( f_ath_mdid=46 AND (f_ath_rlid=17) )  [ RunTime:0.000125s ]
SQL: SELECT * FROM `tb_ath` WHERE ( f_ath_mdid=47 AND (f_ath_rlid=17) )  [ RunTime:0.000125s ]
SQL: SELECT * FROM `tb_ath` WHERE ( f_ath_mdid=48 AND (f_ath_rlid=17) )  [ RunTime:0.000124s ]
SQL: SELECT * FROM `tb_lbmd` LEFT JOIN tb_md ON f_lbmd_mdid=mdid WHERE ( f_lbmd_lbid=6 )  [ RunTime:0.000127s ]
SQL: SELECT * FROM `tb_ath` WHERE ( f_ath_mdid=52 AND (f_ath_rlid=17) )  [ RunTime:0.000122s ]
SQL: SELECT * FROM `tb_ath` WHERE ( f_ath_mdid=53 AND (f_ath_rlid=17) )  [ RunTime:0.000123s ]
SQL: SELECT * FROM `tb_ath` WHERE ( f_ath_mdid=54 AND (f_ath_rlid=17) )  [ RunTime:0.000125s ]
SQL: SELECT * FROM `tb_ath` WHERE ( f_ath_mdid=55 AND (f_ath_rlid=17) )  [ RunTime:0.000123s ]
SQL: SELECT * FROM `tb_ath` WHERE ( f_ath_mdid=56 AND (f_ath_rlid=17) )  [ RunTime:0.000124s ]
SQL: SELECT * FROM `tb_ath` WHERE ( f_ath_mdid=57 AND (f_ath_rlid=17) )  [ RunTime:0.000135s ]
SQL: SELECT * FROM `tb_ath` WHERE ( f_ath_mdid=58 AND (f_ath_rlid=17) )  [ RunTime:0.000130s ]
SQL: SELECT * FROM `tb_ath` WHERE ( f_ath_mdid=59 AND (f_ath_rlid=17) )  [ RunTime:0.000125s ]
SQL: SELECT * FROM `tb_ath` WHERE ( f_ath_mdid=60 AND (f_ath_rlid=17) )  [ RunTime:0.000125s ]
SQL: SELECT * FROM `tb_ath` WHERE ( f_ath_mdid=67 AND (f_ath_rlid=17) )  [ RunTime:0.000125s ]
SQL: SELECT * FROM `tb_btn` WHERE ( f_btn_usrid=32 AND btnnm='bs6' ) LIMIT 1   [ RunTime:0.000120s ]
SQL: SELECT * FROM `tb_lbmd` LEFT JOIN tb_md ON f_lbmd_mdid=mdid WHERE ( f_lbmd_lbid=7 )  [ RunTime:0.000125s ]
SQL: SELECT * FROM `tb_ath` WHERE ( f_ath_mdid=65 AND (f_ath_rlid=17) )  [ RunTime:0.000126s ]
SQL: SELECT * FROM `tb_ath` WHERE ( f_ath_mdid=66 AND (f_ath_rlid=17) )  [ RunTime:0.000125s ]
SQL: SHOW COLUMNS FROM `tb_zssz` [ RunTime:0.002322s ]
SQL: SELECT * FROM `tb_zssz` LIMIT 1   [ RunTime:0.000583s ]
SQL: SHOW COLUMNS FROM `tb_grd` [ RunTime:0.002039s ]
SQL: SELECT * FROM `tb_grd` WHERE ( grdid=4 ) LIMIT 1   [ RunTime:0.000544s ]
SQL: SHOW COLUMNS FROM `tb_2015_std` [ RunTime:0.003569s ]
SQL: SELECT * FROM `tb_2015_std` inner join tb_2015_stdxqdm ON stdid=f_stdxqdm_stdid inner join tb_2015_stdxqcls ON stdid=f_stdxqcls_stdid inner join tb_2015_stdxqmj ON stdid=f_stdxqmj_stdid LEFT JOIN tb_stt ON f_std_sttid=sttid LEFT JOIN tb_grd ON f_std_grdid=grdid LEFT JOIN tb_2015_mj ON f_stdxqmj_mjid=mjid LEFT JOIN tb_bxxs ON f_mj_bxxsid=bxxsid LEFT JOIN tb_cc ON f_mj_ccid=ccid LEFT JOIN tb_kl ON f_mj_klid=klid LEFT JOIN tb_xxxs ON f_mj_xxxsid=xxxsid LEFT JOIN tb_zsfw ON f_mj_zsfwid=zsfwid LEFT JOIN tb_xz ON f_mj_xzid=xzid LEFT JOIN tb_2015_cls ON f_stdxqcls_clsid=clsid LEFT JOIN tb_dm ON f_stdxqdm_dmid=dmid LEFT JOIN tb_sex ON f_std_sexid=sexid LEFT JOIN tb_rc ON f_std_rcid=rcid LEFT JOIN tb_zzmm ON f_std_zzmmid=zzmmid LEFT JOIN tb_xl ON f_std_xlid=xlid LEFT JOIN tb_stat ON f_std_statid=statid LEFT JOIN tb_xq ON f_stdxqcls_xqid=xqid WHERE ( f_stdxqcls_xqid=3 AND f_stdxqmj_xqid=3 AND f_stdxqdm_xqid=3 AND stdid=359 ) LIMIT 1   [ RunTime:0.000318s ]
SQL: SELECT * FROM `tb_grd` WHERE ( grdid=4 ) LIMIT 1   [ RunTime:0.000141s ]
SQL: SHOW COLUMNS FROM `tb_xq` [ RunTime:0.002107s ]
SQL: SHOW COLUMNS FROM `tb_2015_sttintxq` [ RunTime:0.003126s ]
SQL: SELECT * FROM `tb_2015_sttintxq` WHERE ( f_sttintxq_sttid=1 ) LIMIT 1   [ RunTime:0.000525s ]
SQL: SELECT * FROM `tb_xq` WHERE ( xqid>=3 ) ORDER BY xqid ASC LIMIT 0,10   [ RunTime:0.000134s ]
SQL: SHOW COLUMNS FROM `tb_2015_tsqk` [ RunTime:0.002365s ]
SQL: SELECT * FROM `tb_2015_tsqk` WHERE ( f_tsqk_stdid=359 ) ORDER BY tsqktm DESC  [ RunTime:0.000505s ]
INFO: [ view_parse ] --START--
NOTIC: [8] Undefined variable: ntfstr D:\Program Files\Apache Software Foundation\Apache2.2\htdocs\xx\admin\Runtime\Cache\66a0c2e9abba187a7249e94bbf8700db.php 第 62 行.
NOTIC: [8] Use of undefined constant lbid - assumed 'lbid' D:\Program Files\Apache Software Foundation\Apache2.2\htdocs\xx\admin\Runtime\Cache\66a0c2e9abba187a7249e94bbf8700db.php 第 147 行.
NOTIC: [8] Use of undefined constant lbid - assumed 'lbid' D:\Program Files\Apache Software Foundation\Apache2.2\htdocs\xx\admin\Runtime\Cache\66a0c2e9abba187a7249e94bbf8700db.php 第 147 行.
NOTIC: [8] Use of undefined constant lbid - assumed 'lbid' D:\Program Files\Apache Software Foundation\Apache2.2\htdocs\xx\admin\Runtime\Cache\66a0c2e9abba187a7249e94bbf8700db.php 第 147 行.
NOTIC: [8] Use of undefined constant lbid - assumed 'lbid' D:\Program Files\Apache Software Foundation\Apache2.2\htdocs\xx\admin\Runtime\Cache\66a0c2e9abba187a7249e94bbf8700db.php 第 147 行.
NOTIC: [8] Undefined variable: athm D:\Program Files\Apache Software Foundation\Apache2.2\htdocs\xx\admin\Runtime\Cache\66a0c2e9abba187a7249e94bbf8700db.php 第 349 行.
INFO: ParseTemplate Behavior ::run [ RunTime:0.072798s ]
INFO: [ view_parse ] --END-- [ RunTime:0.072948s ]
INFO: [ view_filter ] --START--
INFO: ContentReplace Behavior ::run [ RunTime:0.004175s ]
INFO: TokenBuild Behavior ::run [ RunTime:0.003972s ]
INFO: WriteHtmlCache Behavior ::run [ RunTime:0.003829s ]
INFO: ShowRuntime Behavior ::run [ RunTime:0.004107s ]
INFO: [ view_filter ] --END-- [ RunTime:0.016401s ]
INFO: [ view_end ] --START--
INFO: ShowPageTrace Behavior ::run [ RunTime:0.007447s ]
INFO: [ view_end ] --END-- [ RunTime:0.007560s ]

