[ 2015-10-31T03:34:11+08:00 ] 66.249.64.189 /xx/admin.php
INFO: [ app_begin ] --START--
INFO: ReadHtmlCache Behavior ::run [ RunTime:0.007457s ]
INFO: [ app_begin ] --END-- [ RunTime:0.007615s ]
INFO: [ view_parse ] --START--
INFO: ParseTemplate Behavior ::run [ RunTime:0.060799s ]
INFO: [ view_parse ] --END-- [ RunTime:0.060956s ]
INFO: [ view_filter ] --START--
INFO: ContentReplace Behavior ::run [ RunTime:0.007112s ]
INFO: TokenBuild Behavior ::run [ RunTime:0.007637s ]
INFO: WriteHtmlCache Behavior ::run [ RunTime:0.006876s ]
INFO: ShowRuntime Behavior ::run [ RunTime:0.007311s ]
INFO: [ view_filter ] --END-- [ RunTime:0.029272s ]
INFO: [ view_end ] --START--
INFO: ShowPageTrace Behavior ::run [ RunTime:0.007472s ]
INFO: [ view_end ] --END-- [ RunTime:0.007590s ]

[ 2015-10-31T05:48:00+08:00 ] 66.249.64.184 /xx/admin.php
INFO: [ app_begin ] --START--
INFO: ReadHtmlCache Behavior ::run [ RunTime:0.007387s ]
INFO: [ app_begin ] --END-- [ RunTime:0.007542s ]
INFO: [ view_parse ] --START--
INFO: ParseTemplate Behavior ::run [ RunTime:0.060812s ]
INFO: [ view_parse ] --END-- [ RunTime:0.060973s ]
INFO: [ view_filter ] --START--
INFO: ContentReplace Behavior ::run [ RunTime:0.007098s ]
INFO: TokenBuild Behavior ::run [ RunTime:0.007166s ]
INFO: WriteHtmlCache Behavior ::run [ RunTime:0.006856s ]
INFO: ShowRuntime Behavior ::run [ RunTime:0.007268s ]
INFO: [ view_filter ] --END-- [ RunTime:0.028706s ]
INFO: [ view_end ] --START--
INFO: ShowPageTrace Behavior ::run [ RunTime:0.007449s ]
INFO: [ view_end ] --END-- [ RunTime:0.007564s ]

[ 2015-10-31T06:41:06+08:00 ] 207.46.13.25 /xx/admin.php/Usr/gtxpg/x/forget
INFO: [ route_check ] --START--
INFO: CheckRoute Behavior ::run [ RunTime:0.004767s ]
INFO: [ route_check ] --END-- [ RunTime:0.004918s ]
INFO: [ app_begin ] --START--
INFO: ReadHtmlCache Behavior ::run [ RunTime:0.004252s ]
INFO: [ app_begin ] --END-- [ RunTime:0.004372s ]
SQL: SHOW COLUMNS FROM `tb_usr` [ RunTime:0.003465s ]
SQL: SELECT * FROM `tb_usr` WHERE ( usrid= ) LIMIT 1   [ RunTime:0.000255s ]
ERR: 1064:You have an error in your SQL syntax; check the manual that corresponds to your MySQL server version for the right syntax to use near ') LIMIT 1' at line 1
 [ SQL语句 ] : SELECT * FROM `tb_usr` WHERE ( usrid= ) LIMIT 1  
SQL: SHOW COLUMNS FROM `tb_usrrl` [ RunTime:0.002673s ]
SQL: SELECT * FROM `tb_usrrl` LEFT JOIN tb_usr ON f_usrrl_usrid=usrid LEFT JOIN tb_rl ON f_usrrl_rlid=rlid WHERE ( f_usrrl_usrid= )  [ RunTime:0.000585s ]
ERR: 1064:You have an error in your SQL syntax; check the manual that corresponds to your MySQL server version for the right syntax to use near ')' at line 1
 [ SQL语句 ] : SELECT * FROM `tb_usrrl` LEFT JOIN tb_usr ON f_usrrl_usrid=usrid LEFT JOIN tb_rl ON f_usrrl_rlid=rlid WHERE ( f_usrrl_usrid= ) 
NOTIC: [2] Invalid argument supplied for foreach() D:\Program Files\Apache Software Foundation\Apache2.2\htdocs\xx\admin\Lib\SS\SSAction.class.php 第 16 行.
SQL: SHOW COLUMNS FROM `tb_md` [ RunTime:0.002080s ]
SQL: SELECT * FROM `tb_md` WHERE ( mdmk='Usr' ) LIMIT 1   [ RunTime:0.000538s ]
SQL: SHOW COLUMNS FROM `tb_btn` [ RunTime:0.002625s ]
SQL: SELECT * FROM `tb_btn` WHERE ( f_btn_usrid= AND btnnm='lft' ) LIMIT 1   [ RunTime:0.000588s ]
ERR: 1064:You have an error in your SQL syntax; check the manual that corresponds to your MySQL server version for the right syntax to use near 'AND btnnm='lft' ) LIMIT 1' at line 1
 [ SQL语句 ] : SELECT * FROM `tb_btn` WHERE ( f_btn_usrid= AND btnnm='lft' ) LIMIT 1  
SQL: SELECT * FROM `tb_usrrl` WHERE ( f_usrrl_usrid= )  [ RunTime:0.000135s ]
ERR: 1064:You have an error in your SQL syntax; check the manual that corresponds to your MySQL server version for the right syntax to use near ')' at line 1
 [ SQL语句 ] : SELECT * FROM `tb_usrrl` WHERE ( f_usrrl_usrid= ) 
SQL: SHOW COLUMNS FROM `tb_lb` [ RunTime:0.002390s ]
SQL: SHOW COLUMNS FROM `tb_lbmd` [ RunTime:0.004066s ]
SQL: SELECT * FROM `tb_lb`  [ RunTime:0.005240s ]
SQL: SELECT * FROM `tb_lbmd` LEFT JOIN tb_md ON f_lbmd_mdid=mdid WHERE ( f_lbmd_lbid=1 )  [ RunTime:0.000249s ]
SQL: SHOW COLUMNS FROM `tb_ath` [ RunTime:0.003063s ]
SQL: SELECT * FROM `tb_ath` WHERE ( f_ath_mdid=1 AND (f_ath_rlid=) )  [ RunTime:0.000514s ]
ERR: 1064:You have an error in your SQL syntax; check the manual that corresponds to your MySQL server version for the right syntax to use near ') )' at line 1
 [ SQL语句 ] : SELECT * FROM `tb_ath` WHERE ( f_ath_mdid=1 AND (f_ath_rlid=) ) 
NOTIC: [2] Invalid argument supplied for foreach() D:\Program Files\Apache Software Foundation\Apache2.2\htdocs\xx\admin\Lib\KZMB\KZMBAction.class.php 第 62 行.
SQL: SELECT * FROM `tb_ath` WHERE ( f_ath_mdid=2 AND (f_ath_rlid=) )  [ RunTime:0.000421s ]
ERR: 1064:You have an error in your SQL syntax; check the manual that corresponds to your MySQL server version for the right syntax to use near ') )' at line 1
 [ SQL语句 ] : SELECT * FROM `tb_ath` WHERE ( f_ath_mdid=2 AND (f_ath_rlid=) ) 
NOTIC: [2] Invalid argument supplied for foreach() D:\Program Files\Apache Software Foundation\Apache2.2\htdocs\xx\admin\Lib\KZMB\KZMBAction.class.php 第 62 行.
SQL: SELECT * FROM `tb_ath` WHERE ( f_ath_mdid=3 AND (f_ath_rlid=) )  [ RunTime:0.000173s ]
ERR: 1064:You have an error in your SQL syntax; check the manual that corresponds to your MySQL server version for the right syntax to use near ') )' at line 1
 [ SQL语句 ] : SELECT * FROM `tb_ath` WHERE ( f_ath_mdid=3 AND (f_ath_rlid=) ) 
NOTIC: [2] Invalid argument supplied for foreach() D:\Program Files\Apache Software Foundation\Apache2.2\htdocs\xx\admin\Lib\KZMB\KZMBAction.class.php 第 62 行.
SQL: SELECT * FROM `tb_ath` WHERE ( f_ath_mdid=4 AND (f_ath_rlid=) )  [ RunTime:0.000146s ]
ERR: 1064:You have an error in your SQL syntax; check the manual that corresponds to your MySQL server version for the right syntax to use near ') )' at line 1
 [ SQL语句 ] : SELECT * FROM `tb_ath` WHERE ( f_ath_mdid=4 AND (f_ath_rlid=) ) 
NOTIC: [2] Invalid argument supplied for foreach() D:\Program Files\Apache Software Foundation\Apache2.2\htdocs\xx\admin\Lib\KZMB\KZMBAction.class.php 第 62 行.
SQL: SELECT * FROM `tb_ath` WHERE ( f_ath_mdid=5 AND (f_ath_rlid=) )  [ RunTime:0.000134s ]
ERR: 1064:You have an error in your SQL syntax; check the manual that corresponds to your MySQL server version for the right syntax to use near ') )' at line 1
 [ SQL语句 ] : SELECT * FROM `tb_ath` WHERE ( f_ath_mdid=5 AND (f_ath_rlid=) ) 
NOTIC: [2] Invalid argument supplied for foreach() D:\Program Files\Apache Software Foundation\Apache2.2\htdocs\xx\admin\Lib\KZMB\KZMBAction.class.php 第 62 行.
SQL: SELECT * FROM `tb_ath` WHERE ( f_ath_mdid=6 AND (f_ath_rlid=) )  [ RunTime:0.000130s ]
ERR: 1064:You have an error in your SQL syntax; check the manual that corresponds to your MySQL server version for the right syntax to use near ') )' at line 1
 [ SQL语句 ] : SELECT * FROM `tb_ath` WHERE ( f_ath_mdid=6 AND (f_ath_rlid=) ) 
NOTIC: [2] Invalid argument supplied for foreach() D:\Program Files\Apache Software Foundation\Apache2.2\htdocs\xx\admin\Lib\KZMB\KZMBAction.class.php 第 62 行.
SQL: SELECT * FROM `tb_ath` WHERE ( f_ath_mdid=7 AND (f_ath_rlid=) )  [ RunTime:0.000130s ]
ERR: 1064:You have an error in your SQL syntax; check the manual that corresponds to your MySQL server version for the right syntax to use near ') )' at line 1
 [ SQL语句 ] : SELECT * FROM `tb_ath` WHERE ( f_ath_mdid=7 AND (f_ath_rlid=) ) 
NOTIC: [2] Invalid argument supplied for foreach() D:\Program Files\Apache Software Foundation\Apache2.2\htdocs\xx\admin\Lib\KZMB\KZMBAction.class.php 第 62 行.
SQL: SELECT * FROM `tb_ath` WHERE ( f_ath_mdid=8 AND (f_ath_rlid=) )  [ RunTime:0.000131s ]
ERR: 1064:You have an error in your SQL syntax; check the manual that corresponds to your MySQL server version for the right syntax to use near ') )' at line 1
 [ SQL语句 ] : SELECT * FROM `tb_ath` WHERE ( f_ath_mdid=8 AND (f_ath_rlid=) ) 
NOTIC: [2] Invalid argument supplied for foreach() D:\Program Files\Apache Software Foundation\Apache2.2\htdocs\xx\admin\Lib\KZMB\KZMBAction.class.php 第 62 行.
SQL: SELECT * FROM `tb_ath` WHERE ( f_ath_mdid=9 AND (f_ath_rlid=) )  [ RunTime:0.000130s ]
ERR: 1064:You have an error in your SQL syntax; check the manual that corresponds to your MySQL server version for the right syntax to use near ') )' at line 1
 [ SQL语句 ] : SELECT * FROM `tb_ath` WHERE ( f_ath_mdid=9 AND (f_ath_rlid=) ) 
NOTIC: [2] Invalid argument supplied for foreach() D:\Program Files\Apache Software Foundation\Apache2.2\htdocs\xx\admin\Lib\KZMB\KZMBAction.class.php 第 62 行.
SQL: SELECT * FROM `tb_ath` WHERE ( f_ath_mdid=11 AND (f_ath_rlid=) )  [ RunTime:0.000129s ]
ERR: 1064:You have an error in your SQL syntax; check the manual that corresponds to your MySQL server version for the right syntax to use near ') )' at line 1
 [ SQL语句 ] : SELECT * FROM `tb_ath` WHERE ( f_ath_mdid=11 AND (f_ath_rlid=) ) 
NOTIC: [2] Invalid argument supplied for foreach() D:\Program Files\Apache Software Foundation\Apache2.2\htdocs\xx\admin\Lib\KZMB\KZMBAction.class.php 第 62 行.
SQL: SELECT * FROM `tb_ath` WHERE ( f_ath_mdid=12 AND (f_ath_rlid=) )  [ RunTime:0.000142s ]
ERR: 1064:You have an error in your SQL syntax; check the manual that corresponds to your MySQL server version for the right syntax to use near ') )' at line 1
 [ SQL语句 ] : SELECT * FROM `tb_ath` WHERE ( f_ath_mdid=12 AND (f_ath_rlid=) ) 
NOTIC: [2] Invalid argument supplied for foreach() D:\Program Files\Apache Software Foundation\Apache2.2\htdocs\xx\admin\Lib\KZMB\KZMBAction.class.php 第 62 行.
SQL: SELECT * FROM `tb_ath` WHERE ( f_ath_mdid=13 AND (f_ath_rlid=) )  [ RunTime:0.000139s ]
ERR: 1064:You have an error in your SQL syntax; check the manual that corresponds to your MySQL server version for the right syntax to use near ') )' at line 1
 [ SQL语句 ] : SELECT * FROM `tb_ath` WHERE ( f_ath_mdid=13 AND (f_ath_rlid=) ) 
NOTIC: [2] Invalid argument supplied for foreach() D:\Program Files\Apache Software Foundation\Apache2.2\htdocs\xx\admin\Lib\KZMB\KZMBAction.class.php 第 62 行.
SQL: SELECT * FROM `tb_ath` WHERE ( f_ath_mdid=14 AND (f_ath_rlid=) )  [ RunTime:0.000130s ]
ERR: 1064:You have an error in your SQL syntax; check the manual that corresponds to your MySQL server version for the right syntax to use near ') )' at line 1
 [ SQL语句 ] : SELECT * FROM `tb_ath` WHERE ( f_ath_mdid=14 AND (f_ath_rlid=) ) 
NOTIC: [2] Invalid argument supplied for foreach() D:\Program Files\Apache Software Foundation\Apache2.2\htdocs\xx\admin\Lib\KZMB\KZMBAction.class.php 第 62 行.
SQL: SELECT * FROM `tb_ath` WHERE ( f_ath_mdid=15 AND (f_ath_rlid=) )  [ RunTime:0.000129s ]
ERR: 1064:You have an error in your SQL syntax; check the manual that corresponds to your MySQL server version for the right syntax to use near ') )' at line 1
 [ SQL语句 ] : SELECT * FROM `tb_ath` WHERE ( f_ath_mdid=15 AND (f_ath_rlid=) ) 
NOTIC: [2] Invalid argument supplied for foreach() D:\Program Files\Apache Software Foundation\Apache2.2\htdocs\xx\admin\Lib\KZMB\KZMBAction.class.php 第 62 行.
SQL: SELECT * FROM `tb_ath` WHERE ( f_ath_mdid=24 AND (f_ath_rlid=) )  [ RunTime:0.000128s ]
ERR: 1064:You have an error in your SQL syntax; check the manual that corresponds to your MySQL server version for the right syntax to use near ') )' at line 1
 [ SQL语句 ] : SELECT * FROM `tb_ath` WHERE ( f_ath_mdid=24 AND (f_ath_rlid=) ) 
NOTIC: [2] Invalid argument supplied for foreach() D:\Program Files\Apache Software Foundation\Apache2.2\htdocs\xx\admin\Lib\KZMB\KZMBAction.class.php 第 62 行.
NOTIC: [8] Undefined variable: athofn D:\Program Files\Apache Software Foundation\Apache2.2\htdocs\xx\admin\Lib\KZMB\KZMBAction.class.php 第 94 行.
NOTIC: [8] Undefined variable: athofn D:\Program Files\Apache Software Foundation\Apache2.2\htdocs\xx\admin\Lib\KZMB\KZMBAction.class.php 第 94 行.
NOTIC: [8] Undefined variable: athofn D:\Program Files\Apache Software Foundation\Apache2.2\htdocs\xx\admin\Lib\KZMB\KZMBAction.class.php 第 94 行.
NOTIC: [8] Undefined variable: athofn D:\Program Files\Apache Software Foundation\Apache2.2\htdocs\xx\admin\Lib\KZMB\KZMBAction.class.php 第 94 行.
NOTIC: [8] Undefined variable: athofn D:\Program Files\Apache Software Foundation\Apache2.2\htdocs\xx\admin\Lib\KZMB\KZMBAction.class.php 第 94 行.
NOTIC: [8] Undefined variable: athofn D:\Program Files\Apache Software Foundation\Apache2.2\htdocs\xx\admin\Lib\KZMB\KZMBAction.class.php 第 94 行.
NOTIC: [8] Undefined variable: athofn D:\Program Files\Apache Software Foundation\Apache2.2\htdocs\xx\admin\Lib\KZMB\KZMBAction.class.php 第 94 行.
NOTIC: [8] Undefined variable: athofn D:\Program Files\Apache Software Foundation\Apache2.2\htdocs\xx\admin\Lib\KZMB\KZMBAction.class.php 第 94 行.
NOTIC: [8] Undefined variable: athofn D:\Program Files\Apache Software Foundation\Apache2.2\htdocs\xx\admin\Lib\KZMB\KZMBAction.class.php 第 94 行.
NOTIC: [8] Undefined variable: athofn D:\Program Files\Apache Software Foundation\Apache2.2\htdocs\xx\admin\Lib\KZMB\KZMBAction.class.php 第 94 行.
NOTIC: [8] Undefined variable: athofn D:\Program Files\Apache Software Foundation\Apache2.2\htdocs\xx\admin\Lib\KZMB\KZMBAction.class.php 第 94 行.
NOTIC: [8] Undefined variable: athofn D:\Program Files\Apache Software Foundation\Apache2.2\htdocs\xx\admin\Lib\KZMB\KZMBAction.class.php 第 94 行.
NOTIC: [8] Undefined variable: athofn D:\Program Files\Apache Software Foundation\Apache2.2\htdocs\xx\admin\Lib\KZMB\KZMBAction.class.php 第 94 行.
NOTIC: [8] Undefined variable: athofn D:\Program Files\Apache Software Foundation\Apache2.2\htdocs\xx\admin\Lib\KZMB\KZMBAction.class.php 第 94 行.
NOTIC: [8] Undefined variable: athofn D:\Program Files\Apache Software Foundation\Apache2.2\htdocs\xx\admin\Lib\KZMB\KZMBAction.class.php 第 94 行.
SQL: SELECT * FROM `tb_lbmd` LEFT JOIN tb_md ON f_lbmd_mdid=mdid WHERE ( f_lbmd_lbid=2 )  [ RunTime:0.000134s ]
SQL: SELECT * FROM `tb_ath` WHERE ( f_ath_mdid=16 AND (f_ath_rlid=) )  [ RunTime:0.000127s ]
ERR: 1064:You have an error in your SQL syntax; check the manual that corresponds to your MySQL server version for the right syntax to use near ') )' at line 1
 [ SQL语句 ] : SELECT * FROM `tb_ath` WHERE ( f_ath_mdid=16 AND (f_ath_rlid=) ) 
NOTIC: [2] Invalid argument supplied for foreach() D:\Program Files\Apache Software Foundation\Apache2.2\htdocs\xx\admin\Lib\KZMB\KZMBAction.class.php 第 62 行.
SQL: SELECT * FROM `tb_ath` WHERE ( f_ath_mdid=17 AND (f_ath_rlid=) )  [ RunTime:0.000127s ]
ERR: 1064:You have an error in your SQL syntax; check the manual that corresponds to your MySQL server version for the right syntax to use near ') )' at line 1
 [ SQL语句 ] : SELECT * FROM `tb_ath` WHERE ( f_ath_mdid=17 AND (f_ath_rlid=) ) 
NOTIC: [2] Invalid argument supplied for foreach() D:\Program Files\Apache Software Foundation\Apache2.2\htdocs\xx\admin\Lib\KZMB\KZMBAction.class.php 第 62 行.
SQL: SELECT * FROM `tb_ath` WHERE ( f_ath_mdid=18 AND (f_ath_rlid=) )  [ RunTime:0.000127s ]
ERR: 1064:You have an error in your SQL syntax; check the manual that corresponds to your MySQL server version for the right syntax to use near ') )' at line 1
 [ SQL语句 ] : SELECT * FROM `tb_ath` WHERE ( f_ath_mdid=18 AND (f_ath_rlid=) ) 
NOTIC: [2] Invalid argument supplied for foreach() D:\Program Files\Apache Software Foundation\Apache2.2\htdocs\xx\admin\Lib\KZMB\KZMBAction.class.php 第 62 行.
SQL: SELECT * FROM `tb_ath` WHERE ( f_ath_mdid=19 AND (f_ath_rlid=) )  [ RunTime:0.000126s ]
ERR: 1064:You have an error in your SQL syntax; check the manual that corresponds to your MySQL server version for the right syntax to use near ') )' at line 1
 [ SQL语句 ] : SELECT * FROM `tb_ath` WHERE ( f_ath_mdid=19 AND (f_ath_rlid=) ) 
NOTIC: [2] Invalid argument supplied for foreach() D:\Program Files\Apache Software Foundation\Apache2.2\htdocs\xx\admin\Lib\KZMB\KZMBAction.class.php 第 62 行.
SQL: SELECT * FROM `tb_ath` WHERE ( f_ath_mdid=20 AND (f_ath_rlid=) )  [ RunTime:0.000127s ]
ERR: 1064:You have an error in your SQL syntax; check the manual that corresponds to your MySQL server version for the right syntax to use near ') )' at line 1
 [ SQL语句 ] : SELECT * FROM `tb_ath` WHERE ( f_ath_mdid=20 AND (f_ath_rlid=) ) 
NOTIC: [2] Invalid argument supplied for foreach() D:\Program Files\Apache Software Foundation\Apache2.2\htdocs\xx\admin\Lib\KZMB\KZMBAction.class.php 第 62 行.
SQL: SELECT * FROM `tb_ath` WHERE ( f_ath_mdid=21 AND (f_ath_rlid=) )  [ RunTime:0.000128s ]
ERR: 1064:You have an error in your SQL syntax; check the manual that corresponds to your MySQL server version for the right syntax to use near ') )' at line 1
 [ SQL语句 ] : SELECT * FROM `tb_ath` WHERE ( f_ath_mdid=21 AND (f_ath_rlid=) ) 
NOTIC: [2] Invalid argument supplied for foreach() D:\Program Files\Apache Software Foundation\Apache2.2\htdocs\xx\admin\Lib\KZMB\KZMBAction.class.php 第 62 行.
SQL: SELECT * FROM `tb_ath` WHERE ( f_ath_mdid=22 AND (f_ath_rlid=) )  [ RunTime:0.000126s ]
ERR: 1064:You have an error in your SQL syntax; check the manual that corresponds to your MySQL server version for the right syntax to use near ') )' at line 1
 [ SQL语句 ] : SELECT * FROM `tb_ath` WHERE ( f_ath_mdid=22 AND (f_ath_rlid=) ) 
NOTIC: [2] Invalid argument supplied for foreach() D:\Program Files\Apache Software Foundation\Apache2.2\htdocs\xx\admin\Lib\KZMB\KZMBAction.class.php 第 62 行.
SQL: SELECT * FROM `tb_ath` WHERE ( f_ath_mdid=23 AND (f_ath_rlid=) )  [ RunTime:0.000127s ]
ERR: 1064:You have an error in your SQL syntax; check the manual that corresponds to your MySQL server version for the right syntax to use near ') )' at line 1
 [ SQL语句 ] : SELECT * FROM `tb_ath` WHERE ( f_ath_mdid=23 AND (f_ath_rlid=) ) 
NOTIC: [2] Invalid argument supplied for foreach() D:\Program Files\Apache Software Foundation\Apache2.2\htdocs\xx\admin\Lib\KZMB\KZMBAction.class.php 第 62 行.
NOTIC: [8] Undefined variable: athofn D:\Program Files\Apache Software Foundation\Apache2.2\htdocs\xx\admin\Lib\KZMB\KZMBAction.class.php 第 94 行.
NOTIC: [8] Undefined variable: athofn D:\Program Files\Apache Software Foundation\Apache2.2\htdocs\xx\admin\Lib\KZMB\KZMBAction.class.php 第 94 行.
NOTIC: [8] Undefined variable: athofn D:\Program Files\Apache Software Foundation\Apache2.2\htdocs\xx\admin\Lib\KZMB\KZMBAction.class.php 第 94 行.
NOTIC: [8] Undefined variable: athofn D:\Program Files\Apache Software Foundation\Apache2.2\htdocs\xx\admin\Lib\KZMB\KZMBAction.class.php 第 94 行.
NOTIC: [8] Undefined variable: athofn D:\Program Files\Apache Software Foundation\Apache2.2\htdocs\xx\admin\Lib\KZMB\KZMBAction.class.php 第 94 行.
NOTIC: [8] Undefined variable: athofn D:\Program Files\Apache Software Foundation\Apache2.2\htdocs\xx\admin\Lib\KZMB\KZMBAction.class.php 第 94 行.
NOTIC: [8] Undefined variable: athofn D:\Program Files\Apache Software Foundation\Apache2.2\htdocs\xx\admin\Lib\KZMB\KZMBAction.class.php 第 94 行.
NOTIC: [8] Undefined variable: athofn D:\Program Files\Apache Software Foundation\Apache2.2\htdocs\xx\admin\Lib\KZMB\KZMBAction.class.php 第 94 行.
SQL: SELECT * FROM `tb_lbmd` LEFT JOIN tb_md ON f_lbmd_mdid=mdid WHERE ( f_lbmd_lbid=3 )  [ RunTime:0.000134s ]
SQL: SELECT * FROM `tb_ath` WHERE ( f_ath_mdid=25 AND (f_ath_rlid=) )  [ RunTime:0.000127s ]
ERR: 1064:You have an error in your SQL syntax; check the manual that corresponds to your MySQL server version for the right syntax to use near ') )' at line 1
 [ SQL语句 ] : SELECT * FROM `tb_ath` WHERE ( f_ath_mdid=25 AND (f_ath_rlid=) ) 
NOTIC: [2] Invalid argument supplied for foreach() D:\Program Files\Apache Software Foundation\Apache2.2\htdocs\xx\admin\Lib\KZMB\KZMBAction.class.php 第 62 行.
SQL: SELECT * FROM `tb_ath` WHERE ( f_ath_mdid=26 AND (f_ath_rlid=) )  [ RunTime:0.000130s ]
ERR: 1064:You have an error in your SQL syntax; check the manual that corresponds to your MySQL server version for the right syntax to use near ') )' at line 1
 [ SQL语句 ] : SELECT * FROM `tb_ath` WHERE ( f_ath_mdid=26 AND (f_ath_rlid=) ) 
NOTIC: [2] Invalid argument supplied for foreach() D:\Program Files\Apache Software Foundation\Apache2.2\htdocs\xx\admin\Lib\KZMB\KZMBAction.class.php 第 62 行.
SQL: SELECT * FROM `tb_ath` WHERE ( f_ath_mdid=27 AND (f_ath_rlid=) )  [ RunTime:0.000143s ]
ERR: 1064:You have an error in your SQL syntax; check the manual that corresponds to your MySQL server version for the right syntax to use near ') )' at line 1
 [ SQL语句 ] : SELECT * FROM `tb_ath` WHERE ( f_ath_mdid=27 AND (f_ath_rlid=) ) 
NOTIC: [2] Invalid argument supplied for foreach() D:\Program Files\Apache Software Foundation\Apache2.2\htdocs\xx\admin\Lib\KZMB\KZMBAction.class.php 第 62 行.
SQL: SELECT * FROM `tb_ath` WHERE ( f_ath_mdid=28 AND (f_ath_rlid=) )  [ RunTime:0.000134s ]
ERR: 1064:You have an error in your SQL syntax; check the manual that corresponds to your MySQL server version for the right syntax to use near ') )' at line 1
 [ SQL语句 ] : SELECT * FROM `tb_ath` WHERE ( f_ath_mdid=28 AND (f_ath_rlid=) ) 
NOTIC: [2] Invalid argument supplied for foreach() D:\Program Files\Apache Software Foundation\Apache2.2\htdocs\xx\admin\Lib\KZMB\KZMBAction.class.php 第 62 行.
SQL: SELECT * FROM `tb_ath` WHERE ( f_ath_mdid=29 AND (f_ath_rlid=) )  [ RunTime:0.000128s ]
ERR: 1064:You have an error in your SQL syntax; check the manual that corresponds to your MySQL server version for the right syntax to use near ') )' at line 1
 [ SQL语句 ] : SELECT * FROM `tb_ath` WHERE ( f_ath_mdid=29 AND (f_ath_rlid=) ) 
NOTIC: [2] Invalid argument supplied for foreach() D:\Program Files\Apache Software Foundation\Apache2.2\htdocs\xx\admin\Lib\KZMB\KZMBAction.class.php 第 62 行.
SQL: SELECT * FROM `tb_ath` WHERE ( f_ath_mdid=30 AND (f_ath_rlid=) )  [ RunTime:0.000128s ]
ERR: 1064:You have an error in your SQL syntax; check the manual that corresponds to your MySQL server version for the right syntax to use near ') )' at line 1
 [ SQL语句 ] : SELECT * FROM `tb_ath` WHERE ( f_ath_mdid=30 AND (f_ath_rlid=) ) 
NOTIC: [2] Invalid argument supplied for foreach() D:\Program Files\Apache Software Foundation\Apache2.2\htdocs\xx\admin\Lib\KZMB\KZMBAction.class.php 第 62 行.
SQL: SELECT * FROM `tb_ath` WHERE ( f_ath_mdid=31 AND (f_ath_rlid=) )  [ RunTime:0.000134s ]
ERR: 1064:You have an error in your SQL syntax; check the manual that corresponds to your MySQL server version for the right syntax to use near ') )' at line 1
 [ SQL语句 ] : SELECT * FROM `tb_ath` WHERE ( f_ath_mdid=31 AND (f_ath_rlid=) ) 
NOTIC: [2] Invalid argument supplied for foreach() D:\Program Files\Apache Software Foundation\Apache2.2\htdocs\xx\admin\Lib\KZMB\KZMBAction.class.php 第 62 行.
SQL: SELECT * FROM `tb_ath` WHERE ( f_ath_mdid=32 AND (f_ath_rlid=) )  [ RunTime:0.000129s ]
ERR: 1064:You have an error in your SQL syntax; check the manual that corresponds to your MySQL server version for the right syntax to use near ') )' at line 1
 [ SQL语句 ] : SELECT * FROM `tb_ath` WHERE ( f_ath_mdid=32 AND (f_ath_rlid=) ) 
NOTIC: [2] Invalid argument supplied for foreach() D:\Program Files\Apache Software Foundation\Apache2.2\htdocs\xx\admin\Lib\KZMB\KZMBAction.class.php 第 62 行.
SQL: SELECT * FROM `tb_ath` WHERE ( f_ath_mdid=33 AND (f_ath_rlid=) )  [ RunTime:0.000131s ]
ERR: 1064:You have an error in your SQL syntax; check the manual that corresponds to your MySQL server version for the right syntax to use near ') )' at line 1
 [ SQL语句 ] : SELECT * FROM `tb_ath` WHERE ( f_ath_mdid=33 AND (f_ath_rlid=) ) 
NOTIC: [2] Invalid argument supplied for foreach() D:\Program Files\Apache Software Foundation\Apache2.2\htdocs\xx\admin\Lib\KZMB\KZMBAction.class.php 第 62 行.
SQL: SELECT * FROM `tb_ath` WHERE ( f_ath_mdid=34 AND (f_ath_rlid=) )  [ RunTime:0.000129s ]
ERR: 1064:You have an error in your SQL syntax; check the manual that corresponds to your MySQL server version for the right syntax to use near ') )' at line 1
 [ SQL语句 ] : SELECT * FROM `tb_ath` WHERE ( f_ath_mdid=34 AND (f_ath_rlid=) ) 
NOTIC: [2] Invalid argument supplied for foreach() D:\Program Files\Apache Software Foundation\Apache2.2\htdocs\xx\admin\Lib\KZMB\KZMBAction.class.php 第 62 行.
SQL: SELECT * FROM `tb_ath` WHERE ( f_ath_mdid=35 AND (f_ath_rlid=) )  [ RunTime:0.000127s ]
ERR: 1064:You have an error in your SQL syntax; check the manual that corresponds to your MySQL server version for the right syntax to use near ') )' at line 1
 [ SQL语句 ] : SELECT * FROM `tb_ath` WHERE ( f_ath_mdid=35 AND (f_ath_rlid=) ) 
NOTIC: [2] Invalid argument supplied for foreach() D:\Program Files\Apache Software Foundation\Apache2.2\htdocs\xx\admin\Lib\KZMB\KZMBAction.class.php 第 62 行.
SQL: SELECT * FROM `tb_ath` WHERE ( f_ath_mdid=36 AND (f_ath_rlid=) )  [ RunTime:0.000128s ]
ERR: 1064:You have an error in your SQL syntax; check the manual that corresponds to your MySQL server version for the right syntax to use near ') )' at line 1
 [ SQL语句 ] : SELECT * FROM `tb_ath` WHERE ( f_ath_mdid=36 AND (f_ath_rlid=) ) 
NOTIC: [2] Invalid argument supplied for foreach() D:\Program Files\Apache Software Foundation\Apache2.2\htdocs\xx\admin\Lib\KZMB\KZMBAction.class.php 第 62 行.
SQL: SELECT * FROM `tb_ath` WHERE ( f_ath_mdid=37 AND (f_ath_rlid=) )  [ RunTime:0.000128s ]
ERR: 1064:You have an error in your SQL syntax; check the manual that corresponds to your MySQL server version for the right syntax to use near ') )' at line 1
 [ SQL语句 ] : SELECT * FROM `tb_ath` WHERE ( f_ath_mdid=37 AND (f_ath_rlid=) ) 
NOTIC: [2] Invalid argument supplied for foreach() D:\Program Files\Apache Software Foundation\Apache2.2\htdocs\xx\admin\Lib\KZMB\KZMBAction.class.php 第 62 行.
SQL: SELECT * FROM `tb_ath` WHERE ( f_ath_mdid=38 AND (f_ath_rlid=) )  [ RunTime:0.000129s ]
ERR: 1064:You have an error in your SQL syntax; check the manual that corresponds to your MySQL server version for the right syntax to use near ') )' at line 1
 [ SQL语句 ] : SELECT * FROM `tb_ath` WHERE ( f_ath_mdid=38 AND (f_ath_rlid=) ) 
NOTIC: [2] Invalid argument supplied for foreach() D:\Program Files\Apache Software Foundation\Apache2.2\htdocs\xx\admin\Lib\KZMB\KZMBAction.class.php 第 62 行.
SQL: SELECT * FROM `tb_ath` WHERE ( f_ath_mdid=39 AND (f_ath_rlid=) )  [ RunTime:0.000129s ]
ERR: 1064:You have an error in your SQL syntax; check the manual that corresponds to your MySQL server version for the right syntax to use near ') )' at line 1
 [ SQL语句 ] : SELECT * FROM `tb_ath` WHERE ( f_ath_mdid=39 AND (f_ath_rlid=) ) 
NOTIC: [2] Invalid argument supplied for foreach() D:\Program Files\Apache Software Foundation\Apache2.2\htdocs\xx\admin\Lib\KZMB\KZMBAction.class.php 第 62 行.
SQL: SELECT * FROM `tb_ath` WHERE ( f_ath_mdid=40 AND (f_ath_rlid=) )  [ RunTime:0.000128s ]
ERR: 1064:You have an error in your SQL syntax; check the manual that corresponds to your MySQL server version for the right syntax to use near ') )' at line 1
 [ SQL语句 ] : SELECT * FROM `tb_ath` WHERE ( f_ath_mdid=40 AND (f_ath_rlid=) ) 
NOTIC: [2] Invalid argument supplied for foreach() D:\Program Files\Apache Software Foundation\Apache2.2\htdocs\xx\admin\Lib\KZMB\KZMBAction.class.php 第 62 行.
SQL: SELECT * FROM `tb_ath` WHERE ( f_ath_mdid=41 AND (f_ath_rlid=) )  [ RunTime:0.000130s ]
ERR: 1064:You have an error in your SQL syntax; check the manual that corresponds to your MySQL server version for the right syntax to use near ') )' at line 1
 [ SQL语句 ] : SELECT * FROM `tb_ath` WHERE ( f_ath_mdid=41 AND (f_ath_rlid=) ) 
NOTIC: [2] Invalid argument supplied for foreach() D:\Program Files\Apache Software Foundation\Apache2.2\htdocs\xx\admin\Lib\KZMB\KZMBAction.class.php 第 62 行.
SQL: SELECT * FROM `tb_ath` WHERE ( f_ath_mdid=42 AND (f_ath_rlid=) )  [ RunTime:0.000128s ]
ERR: 1064:You have an error in your SQL syntax; check the manual that corresponds to your MySQL server version for the right syntax to use near ') )' at line 1
 [ SQL语句 ] : SELECT * FROM `tb_ath` WHERE ( f_ath_mdid=42 AND (f_ath_rlid=) ) 
NOTIC: [2] Invalid argument supplied for foreach() D:\Program Files\Apache Software Foundation\Apache2.2\htdocs\xx\admin\Lib\KZMB\KZMBAction.class.php 第 62 行.
SQL: SELECT * FROM `tb_ath` WHERE ( f_ath_mdid=43 AND (f_ath_rlid=) )  [ RunTime:0.000135s ]
ERR: 1064:You have an error in your SQL syntax; check the manual that corresponds to your MySQL server version for the right syntax to use near ') )' at line 1
 [ SQL语句 ] : SELECT * FROM `tb_ath` WHERE ( f_ath_mdid=43 AND (f_ath_rlid=) ) 
NOTIC: [2] Invalid argument supplied for foreach() D:\Program Files\Apache Software Foundation\Apache2.2\htdocs\xx\admin\Lib\KZMB\KZMBAction.class.php 第 62 行.
SQL: SELECT * FROM `tb_ath` WHERE ( f_ath_mdid=44 AND (f_ath_rlid=) )  [ RunTime:0.000136s ]
ERR: 1064:You have an error in your SQL syntax; check the manual that corresponds to your MySQL server version for the right syntax to use near ') )' at line 1
 [ SQL语句 ] : SELECT * FROM `tb_ath` WHERE ( f_ath_mdid=44 AND (f_ath_rlid=) ) 
NOTIC: [2] Invalid argument supplied for foreach() D:\Program Files\Apache Software Foundation\Apache2.2\htdocs\xx\admin\Lib\KZMB\KZMBAction.class.php 第 62 行.
SQL: SELECT * FROM `tb_ath` WHERE ( f_ath_mdid=49 AND (f_ath_rlid=) )  [ RunTime:0.000130s ]
ERR: 1064:You have an error in your SQL syntax; check the manual that corresponds to your MySQL server version for the right syntax to use near ') )' at line 1
 [ SQL语句 ] : SELECT * FROM `tb_ath` WHERE ( f_ath_mdid=49 AND (f_ath_rlid=) ) 
NOTIC: [2] Invalid argument supplied for foreach() D:\Program Files\Apache Software Foundation\Apache2.2\htdocs\xx\admin\Lib\KZMB\KZMBAction.class.php 第 62 行.
SQL: SELECT * FROM `tb_ath` WHERE ( f_ath_mdid=61 AND (f_ath_rlid=) )  [ RunTime:0.000128s ]
ERR: 1064:You have an error in your SQL syntax; check the manual that corresponds to your MySQL server version for the right syntax to use near ') )' at line 1
 [ SQL语句 ] : SELECT * FROM `tb_ath` WHERE ( f_ath_mdid=61 AND (f_ath_rlid=) ) 
NOTIC: [2] Invalid argument supplied for foreach() D:\Program Files\Apache Software Foundation\Apache2.2\htdocs\xx\admin\Lib\KZMB\KZMBAction.class.php 第 62 行.
NOTIC: [8] Undefined variable: athofn D:\Program Files\Apache Software Foundation\Apache2.2\htdocs\xx\admin\Lib\KZMB\KZMBAction.class.php 第 94 行.
NOTIC: [8] Undefined variable: athofn D:\Program Files\Apache Software Foundation\Apache2.2\htdocs\xx\admin\Lib\KZMB\KZMBAction.class.php 第 94 行.
NOTIC: [8] Undefined variable: athofn D:\Program Files\Apache Software Foundation\Apache2.2\htdocs\xx\admin\Lib\KZMB\KZMBAction.class.php 第 94 行.
NOTIC: [8] Undefined variable: athofn D:\Program Files\Apache Software Foundation\Apache2.2\htdocs\xx\admin\Lib\KZMB\KZMBAction.class.php 第 94 行.
NOTIC: [8] Undefined variable: athofn D:\Program Files\Apache Software Foundation\Apache2.2\htdocs\xx\admin\Lib\KZMB\KZMBAction.class.php 第 94 行.
NOTIC: [8] Undefined variable: athofn D:\Program Files\Apache Software Foundation\Apache2.2\htdocs\xx\admin\Lib\KZMB\KZMBAction.class.php 第 94 行.
NOTIC: [8] Undefined variable: athofn D:\Program Files\Apache Software Foundation\Apache2.2\htdocs\xx\admin\Lib\KZMB\KZMBAction.class.php 第 94 行.
NOTIC: [8] Undefined variable: athofn D:\Program Files\Apache Software Foundation\Apache2.2\htdocs\xx\admin\Lib\KZMB\KZMBAction.class.php 第 94 行.
NOTIC: [8] Undefined variable: athofn D:\Program Files\Apache Software Foundation\Apache2.2\htdocs\xx\admin\Lib\KZMB\KZMBAction.class.php 第 94 行.
NOTIC: [8] Undefined variable: athofn D:\Program Files\Apache Software Foundation\Apache2.2\htdocs\xx\admin\Lib\KZMB\KZMBAction.class.php 第 94 行.
NOTIC: [8] Undefined variable: athofn D:\Program Files\Apache Software Foundation\Apache2.2\htdocs\xx\admin\Lib\KZMB\KZMBAction.class.php 第 94 行.
NOTIC: [8] Undefined variable: athofn D:\Program Files\Apache Software Foundation\Apache2.2\htdocs\xx\admin\Lib\KZMB\KZMBAction.class.php 第 94 行.
NOTIC: [8] Undefined variable: athofn D:\Program Files\Apache Software Foundation\Apache2.2\htdocs\xx\admin\Lib\KZMB\KZMBAction.class.php 第 94 行.
NOTIC: [8] Undefined variable: athofn D:\Program Files\Apache Software Foundation\Apache2.2\htdocs\xx\admin\Lib\KZMB\KZMBAction.class.php 第 94 行.
NOTIC: [8] Undefined variable: athofn D:\Program Files\Apache Software Foundation\Apache2.2\htdocs\xx\admin\Lib\KZMB\KZMBAction.class.php 第 94 行.
NOTIC: [8] Undefined variable: athofn D:\Program Files\Apache Software Foundation\Apache2.2\htdocs\xx\admin\Lib\KZMB\KZMBAction.class.php 第 94 行.
NOTIC: [8] Undefined variable: athofn D:\Program Files\Apache Software Foundation\Apache2.2\htdocs\xx\admin\Lib\KZMB\KZMBAction.class.php 第 94 行.
NOTIC: [8] Undefined variable: athofn D:\Program Files\Apache Software Foundation\Apache2.2\htdocs\xx\admin\Lib\KZMB\KZMBAction.class.php 第 94 行.
NOTIC: [8] Undefined variable: athofn D:\Program Files\Apache Software Foundation\Apache2.2\htdocs\xx\admin\Lib\KZMB\KZMBAction.class.php 第 94 行.
NOTIC: [8] Undefined variable: athofn D:\Program Files\Apache Software Foundation\Apache2.2\htdocs\xx\admin\Lib\KZMB\KZMBAction.class.php 第 94 行.
NOTIC: [8] Undefined variable: athofn D:\Program Files\Apache Software Foundation\Apache2.2\htdocs\xx\admin\Lib\KZMB\KZMBAction.class.php 第 94 行.
NOTIC: [8] Undefined variable: athofn D:\Program Files\Apache Software Foundation\Apache2.2\htdocs\xx\admin\Lib\KZMB\KZMBAction.class.php 第 94 行.
SQL: SELECT * FROM `tb_lbmd` LEFT JOIN tb_md ON f_lbmd_mdid=mdid WHERE ( f_lbmd_lbid=4 )  [ RunTime:0.000127s ]
SQL: SELECT * FROM `tb_ath` WHERE ( f_ath_mdid=45 AND (f_ath_rlid=) )  [ RunTime:0.000128s ]
ERR: 1064:You have an error in your SQL syntax; check the manual that corresponds to your MySQL server version for the right syntax to use near ') )' at line 1
 [ SQL语句 ] : SELECT * FROM `tb_ath` WHERE ( f_ath_mdid=45 AND (f_ath_rlid=) ) 
NOTIC: [2] Invalid argument supplied for foreach() D:\Program Files\Apache Software Foundation\Apache2.2\htdocs\xx\admin\Lib\KZMB\KZMBAction.class.php 第 62 行.
SQL: SELECT * FROM `tb_ath` WHERE ( f_ath_mdid=50 AND (f_ath_rlid=) )  [ RunTime:0.000127s ]
ERR: 1064:You have an error in your SQL syntax; check the manual that corresponds to your MySQL server version for the right syntax to use near ') )' at line 1
 [ SQL语句 ] : SELECT * FROM `tb_ath` WHERE ( f_ath_mdid=50 AND (f_ath_rlid=) ) 
NOTIC: [2] Invalid argument supplied for foreach() D:\Program Files\Apache Software Foundation\Apache2.2\htdocs\xx\admin\Lib\KZMB\KZMBAction.class.php 第 62 行.
SQL: SELECT * FROM `tb_ath` WHERE ( f_ath_mdid=51 AND (f_ath_rlid=) )  [ RunTime:0.000126s ]
ERR: 1064:You have an error in your SQL syntax; check the manual that corresponds to your MySQL server version for the right syntax to use near ') )' at line 1
 [ SQL语句 ] : SELECT * FROM `tb_ath` WHERE ( f_ath_mdid=51 AND (f_ath_rlid=) ) 
NOTIC: [2] Invalid argument supplied for foreach() D:\Program Files\Apache Software Foundation\Apache2.2\htdocs\xx\admin\Lib\KZMB\KZMBAction.class.php 第 62 行.
SQL: SELECT * FROM `tb_ath` WHERE ( f_ath_mdid=62 AND (f_ath_rlid=) )  [ RunTime:0.000126s ]
ERR: 1064:You have an error in your SQL syntax; check the manual that corresponds to your MySQL server version for the right syntax to use near ') )' at line 1
 [ SQL语句 ] : SELECT * FROM `tb_ath` WHERE ( f_ath_mdid=62 AND (f_ath_rlid=) ) 
NOTIC: [2] Invalid argument supplied for foreach() D:\Program Files\Apache Software Foundation\Apache2.2\htdocs\xx\admin\Lib\KZMB\KZMBAction.class.php 第 62 行.
SQL: SELECT * FROM `tb_ath` WHERE ( f_ath_mdid=63 AND (f_ath_rlid=) )  [ RunTime:0.000125s ]
ERR: 1064:You have an error in your SQL syntax; check the manual that corresponds to your MySQL server version for the right syntax to use near ') )' at line 1
 [ SQL语句 ] : SELECT * FROM `tb_ath` WHERE ( f_ath_mdid=63 AND (f_ath_rlid=) ) 
NOTIC: [2] Invalid argument supplied for foreach() D:\Program Files\Apache Software Foundation\Apache2.2\htdocs\xx\admin\Lib\KZMB\KZMBAction.class.php 第 62 行.
SQL: SELECT * FROM `tb_ath` WHERE ( f_ath_mdid=64 AND (f_ath_rlid=) )  [ RunTime:0.000127s ]
ERR: 1064:You have an error in your SQL syntax; check the manual that corresponds to your MySQL server version for the right syntax to use near ') )' at line 1
 [ SQL语句 ] : SELECT * FROM `tb_ath` WHERE ( f_ath_mdid=64 AND (f_ath_rlid=) ) 
NOTIC: [2] Invalid argument supplied for foreach() D:\Program Files\Apache Software Foundation\Apache2.2\htdocs\xx\admin\Lib\KZMB\KZMBAction.class.php 第 62 行.
NOTIC: [8] Undefined variable: athofn D:\Program Files\Apache Software Foundation\Apache2.2\htdocs\xx\admin\Lib\KZMB\KZMBAction.class.php 第 94 行.
NOTIC: [8] Undefined variable: athofn D:\Program Files\Apache Software Foundation\Apache2.2\htdocs\xx\admin\Lib\KZMB\KZMBAction.class.php 第 94 行.
NOTIC: [8] Undefined variable: athofn D:\Program Files\Apache Software Foundation\Apache2.2\htdocs\xx\admin\Lib\KZMB\KZMBAction.class.php 第 94 行.
NOTIC: [8] Undefined variable: athofn D:\Program Files\Apache Software Foundation\Apache2.2\htdocs\xx\admin\Lib\KZMB\KZMBAction.class.php 第 94 行.
NOTIC: [8] Undefined variable: athofn D:\Program Files\Apache Software Foundation\Apache2.2\htdocs\xx\admin\Lib\KZMB\KZMBAction.class.php 第 94 行.
NOTIC: [8] Undefined variable: athofn D:\Program Files\Apache Software Foundation\Apache2.2\htdocs\xx\admin\Lib\KZMB\KZMBAction.class.php 第 94 行.
SQL: SELECT * FROM `tb_lbmd` LEFT JOIN tb_md ON f_lbmd_mdid=mdid WHERE ( f_lbmd_lbid=5 )  [ RunTime:0.000124s ]
SQL: SELECT * FROM `tb_ath` WHERE ( f_ath_mdid=46 AND (f_ath_rlid=) )  [ RunTime:0.000124s ]
ERR: 1064:You have an error in your SQL syntax; check the manual that corresponds to your MySQL server version for the right syntax to use near ') )' at line 1
 [ SQL语句 ] : SELECT * FROM `tb_ath` WHERE ( f_ath_mdid=46 AND (f_ath_rlid=) ) 
NOTIC: [2] Invalid argument supplied for foreach() D:\Program Files\Apache Software Foundation\Apache2.2\htdocs\xx\admin\Lib\KZMB\KZMBAction.class.php 第 62 行.
SQL: SELECT * FROM `tb_ath` WHERE ( f_ath_mdid=47 AND (f_ath_rlid=) )  [ RunTime:0.000127s ]
ERR: 1064:You have an error in your SQL syntax; check the manual that corresponds to your MySQL server version for the right syntax to use near ') )' at line 1
 [ SQL语句 ] : SELECT * FROM `tb_ath` WHERE ( f_ath_mdid=47 AND (f_ath_rlid=) ) 
NOTIC: [2] Invalid argument supplied for foreach() D:\Program Files\Apache Software Foundation\Apache2.2\htdocs\xx\admin\Lib\KZMB\KZMBAction.class.php 第 62 行.
SQL: SELECT * FROM `tb_ath` WHERE ( f_ath_mdid=48 AND (f_ath_rlid=) )  [ RunTime:0.000126s ]
ERR: 1064:You have an error in your SQL syntax; check the manual that corresponds to your MySQL server version for the right syntax to use near ') )' at line 1
 [ SQL语句 ] : SELECT * FROM `tb_ath` WHERE ( f_ath_mdid=48 AND (f_ath_rlid=) ) 
NOTIC: [2] Invalid argument supplied for foreach() D:\Program Files\Apache Software Foundation\Apache2.2\htdocs\xx\admin\Lib\KZMB\KZMBAction.class.php 第 62 行.
NOTIC: [8] Undefined variable: athofn D:\Program Files\Apache Software Foundation\Apache2.2\htdocs\xx\admin\Lib\KZMB\KZMBAction.class.php 第 94 行.
NOTIC: [8] Undefined variable: athofn D:\Program Files\Apache Software Foundation\Apache2.2\htdocs\xx\admin\Lib\KZMB\KZMBAction.class.php 第 94 行.
NOTIC: [8] Undefined variable: athofn D:\Program Files\Apache Software Foundation\Apache2.2\htdocs\xx\admin\Lib\KZMB\KZMBAction.class.php 第 94 行.
SQL: SELECT * FROM `tb_lbmd` LEFT JOIN tb_md ON f_lbmd_mdid=mdid WHERE ( f_lbmd_lbid=6 )  [ RunTime:0.000128s ]
SQL: SELECT * FROM `tb_ath` WHERE ( f_ath_mdid=52 AND (f_ath_rlid=) )  [ RunTime:0.000128s ]
ERR: 1064:You have an error in your SQL syntax; check the manual that corresponds to your MySQL server version for the right syntax to use near ') )' at line 1
 [ SQL语句 ] : SELECT * FROM `tb_ath` WHERE ( f_ath_mdid=52 AND (f_ath_rlid=) ) 
NOTIC: [2] Invalid argument supplied for foreach() D:\Program Files\Apache Software Foundation\Apache2.2\htdocs\xx\admin\Lib\KZMB\KZMBAction.class.php 第 62 行.
SQL: SELECT * FROM `tb_ath` WHERE ( f_ath_mdid=53 AND (f_ath_rlid=) )  [ RunTime:0.000142s ]
ERR: 1064:You have an error in your SQL syntax; check the manual that corresponds to your MySQL server version for the right syntax to use near ') )' at line 1
 [ SQL语句 ] : SELECT * FROM `tb_ath` WHERE ( f_ath_mdid=53 AND (f_ath_rlid=) ) 
NOTIC: [2] Invalid argument supplied for foreach() D:\Program Files\Apache Software Foundation\Apache2.2\htdocs\xx\admin\Lib\KZMB\KZMBAction.class.php 第 62 行.
SQL: SELECT * FROM `tb_ath` WHERE ( f_ath_mdid=54 AND (f_ath_rlid=) )  [ RunTime:0.000427s ]
ERR: 1064:You have an error in your SQL syntax; check the manual that corresponds to your MySQL server version for the right syntax to use near ') )' at line 1
 [ SQL语句 ] : SELECT * FROM `tb_ath` WHERE ( f_ath_mdid=54 AND (f_ath_rlid=) ) 
NOTIC: [2] Invalid argument supplied for foreach() D:\Program Files\Apache Software Foundation\Apache2.2\htdocs\xx\admin\Lib\KZMB\KZMBAction.class.php 第 62 行.
SQL: SELECT * FROM `tb_ath` WHERE ( f_ath_mdid=55 AND (f_ath_rlid=) )  [ RunTime:0.000138s ]
ERR: 1064:You have an error in your SQL syntax; check the manual that corresponds to your MySQL server version for the right syntax to use near ') )' at line 1
 [ SQL语句 ] : SELECT * FROM `tb_ath` WHERE ( f_ath_mdid=55 AND (f_ath_rlid=) ) 
NOTIC: [2] Invalid argument supplied for foreach() D:\Program Files\Apache Software Foundation\Apache2.2\htdocs\xx\admin\Lib\KZMB\KZMBAction.class.php 第 62 行.
SQL: SELECT * FROM `tb_ath` WHERE ( f_ath_mdid=56 AND (f_ath_rlid=) )  [ RunTime:0.000132s ]
ERR: 1064:You have an error in your SQL syntax; check the manual that corresponds to your MySQL server version for the right syntax to use near ') )' at line 1
 [ SQL语句 ] : SELECT * FROM `tb_ath` WHERE ( f_ath_mdid=56 AND (f_ath_rlid=) ) 
NOTIC: [2] Invalid argument supplied for foreach() D:\Program Files\Apache Software Foundation\Apache2.2\htdocs\xx\admin\Lib\KZMB\KZMBAction.class.php 第 62 行.
SQL: SELECT * FROM `tb_ath` WHERE ( f_ath_mdid=57 AND (f_ath_rlid=) )  [ RunTime:0.000129s ]
ERR: 1064:You have an error in your SQL syntax; check the manual that corresponds to your MySQL server version for the right syntax to use near ') )' at line 1
 [ SQL语句 ] : SELECT * FROM `tb_ath` WHERE ( f_ath_mdid=57 AND (f_ath_rlid=) ) 
NOTIC: [2] Invalid argument supplied for foreach() D:\Program Files\Apache Software Foundation\Apache2.2\htdocs\xx\admin\Lib\KZMB\KZMBAction.class.php 第 62 行.
SQL: SELECT * FROM `tb_ath` WHERE ( f_ath_mdid=58 AND (f_ath_rlid=) )  [ RunTime:0.000129s ]
ERR: 1064:You have an error in your SQL syntax; check the manual that corresponds to your MySQL server version for the right syntax to use near ') )' at line 1
 [ SQL语句 ] : SELECT * FROM `tb_ath` WHERE ( f_ath_mdid=58 AND (f_ath_rlid=) ) 
NOTIC: [2] Invalid argument supplied for foreach() D:\Program Files\Apache Software Foundation\Apache2.2\htdocs\xx\admin\Lib\KZMB\KZMBAction.class.php 第 62 行.
SQL: SELECT * FROM `tb_ath` WHERE ( f_ath_mdid=59 AND (f_ath_rlid=) )  [ RunTime:0.000129s ]
ERR: 1064:You have an error in your SQL syntax; check the manual that corresponds to your MySQL server version for the right syntax to use near ') )' at line 1
 [ SQL语句 ] : SELECT * FROM `tb_ath` WHERE ( f_ath_mdid=59 AND (f_ath_rlid=) ) 
NOTIC: [2] Invalid argument supplied for foreach() D:\Program Files\Apache Software Foundation\Apache2.2\htdocs\xx\admin\Lib\KZMB\KZMBAction.class.php 第 62 行.
SQL: SELECT * FROM `tb_ath` WHERE ( f_ath_mdid=60 AND (f_ath_rlid=) )  [ RunTime:0.000129s ]
ERR: 1064:You have an error in your SQL syntax; check the manual that corresponds to your MySQL server version for the right syntax to use near ') )' at line 1
 [ SQL语句 ] : SELECT * FROM `tb_ath` WHERE ( f_ath_mdid=60 AND (f_ath_rlid=) ) 
NOTIC: [2] Invalid argument supplied for foreach() D:\Program Files\Apache Software Foundation\Apache2.2\htdocs\xx\admin\Lib\KZMB\KZMBAction.class.php 第 62 行.
SQL: SELECT * FROM `tb_ath` WHERE ( f_ath_mdid=67 AND (f_ath_rlid=) )  [ RunTime:0.000128s ]
ERR: 1064:You have an error in your SQL syntax; check the manual that corresponds to your MySQL server version for the right syntax to use near ') )' at line 1
 [ SQL语句 ] : SELECT * FROM `tb_ath` WHERE ( f_ath_mdid=67 AND (f_ath_rlid=) ) 
NOTIC: [2] Invalid argument supplied for foreach() D:\Program Files\Apache Software Foundation\Apache2.2\htdocs\xx\admin\Lib\KZMB\KZMBAction.class.php 第 62 行.
NOTIC: [8] Undefined variable: athofn D:\Program Files\Apache Software Foundation\Apache2.2\htdocs\xx\admin\Lib\KZMB\KZMBAction.class.php 第 94 行.
NOTIC: [8] Undefined variable: athofn D:\Program Files\Apache Software Foundation\Apache2.2\htdocs\xx\admin\Lib\KZMB\KZMBAction.class.php 第 94 行.
NOTIC: [8] Undefined variable: athofn D:\Program Files\Apache Software Foundation\Apache2.2\htdocs\xx\admin\Lib\KZMB\KZMBAction.class.php 第 94 行.
NOTIC: [8] Undefined variable: athofn D:\Program Files\Apache Software Foundation\Apache2.2\htdocs\xx\admin\Lib\KZMB\KZMBAction.class.php 第 94 行.
NOTIC: [8] Undefined variable: athofn D:\Program Files\Apache Software Foundation\Apache2.2\htdocs\xx\admin\Lib\KZMB\KZMBAction.class.php 第 94 行.
NOTIC: [8] Undefined variable: athofn D:\Program Files\Apache Software Foundation\Apache2.2\htdocs\xx\admin\Lib\KZMB\KZMBAction.class.php 第 94 行.
NOTIC: [8] Undefined variable: athofn D:\Program Files\Apache Software Foundation\Apache2.2\htdocs\xx\admin\Lib\KZMB\KZMBAction.class.php 第 94 行.
NOTIC: [8] Undefined variable: athofn D:\Program Files\Apache Software Foundation\Apache2.2\htdocs\xx\admin\Lib\KZMB\KZMBAction.class.php 第 94 行.
NOTIC: [8] Undefined variable: athofn D:\Program Files\Apache Software Foundation\Apache2.2\htdocs\xx\admin\Lib\KZMB\KZMBAction.class.php 第 94 行.
NOTIC: [8] Undefined variable: athofn D:\Program Files\Apache Software Foundation\Apache2.2\htdocs\xx\admin\Lib\KZMB\KZMBAction.class.php 第 94 行.
SQL: SELECT * FROM `tb_lbmd` LEFT JOIN tb_md ON f_lbmd_mdid=mdid WHERE ( f_lbmd_lbid=7 )  [ RunTime:0.000131s ]
SQL: SELECT * FROM `tb_ath` WHERE ( f_ath_mdid=65 AND (f_ath_rlid=) )  [ RunTime:0.000129s ]
ERR: 1064:You have an error in your SQL syntax; check the manual that corresponds to your MySQL server version for the right syntax to use near ') )' at line 1
 [ SQL语句 ] : SELECT * FROM `tb_ath` WHERE ( f_ath_mdid=65 AND (f_ath_rlid=) ) 
NOTIC: [2] Invalid argument supplied for foreach() D:\Program Files\Apache Software Foundation\Apache2.2\htdocs\xx\admin\Lib\KZMB\KZMBAction.class.php 第 62 行.
SQL: SELECT * FROM `tb_ath` WHERE ( f_ath_mdid=66 AND (f_ath_rlid=) )  [ RunTime:0.000129s ]
ERR: 1064:You have an error in your SQL syntax; check the manual that corresponds to your MySQL server version for the right syntax to use near ') )' at line 1
 [ SQL语句 ] : SELECT * FROM `tb_ath` WHERE ( f_ath_mdid=66 AND (f_ath_rlid=) ) 
NOTIC: [2] Invalid argument supplied for foreach() D:\Program Files\Apache Software Foundation\Apache2.2\htdocs\xx\admin\Lib\KZMB\KZMBAction.class.php 第 62 行.
NOTIC: [8] Undefined variable: athofn D:\Program Files\Apache Software Foundation\Apache2.2\htdocs\xx\admin\Lib\KZMB\KZMBAction.class.php 第 94 行.
NOTIC: [8] Undefined variable: athofn D:\Program Files\Apache Software Foundation\Apache2.2\htdocs\xx\admin\Lib\KZMB\KZMBAction.class.php 第 94 行.
INFO: [ view_parse ] --START--
INFO: ParseTemplate Behavior ::run [ RunTime:0.047292s ]
INFO: [ view_parse ] --END-- [ RunTime:0.047442s ]
INFO: [ view_filter ] --START--
INFO: ContentReplace Behavior ::run [ RunTime:0.007378s ]
INFO: TokenBuild Behavior ::run [ RunTime:0.007066s ]
INFO: WriteHtmlCache Behavior ::run [ RunTime:0.007416s ]
INFO: ShowRuntime Behavior ::run [ RunTime:0.007952s ]
INFO: [ view_filter ] --END-- [ RunTime:0.030214s ]
INFO: [ view_end ] --START--
INFO: ShowPageTrace Behavior ::run [ RunTime:0.008437s ]
INFO: [ view_end ] --END-- [ RunTime:0.008612s ]

[ 2015-10-31T15:34:26+08:00 ] 124.112.163.9 /xx/admin.php
INFO: [ app_begin ] --START--
INFO: ReadHtmlCache Behavior ::run [ RunTime:0.008220s ]
INFO: [ app_begin ] --END-- [ RunTime:0.008357s ]
INFO: [ view_parse ] --START--
INFO: ParseTemplate Behavior ::run [ RunTime:0.068399s ]
INFO: [ view_parse ] --END-- [ RunTime:0.068550s ]
INFO: [ view_filter ] --START--
INFO: ContentReplace Behavior ::run [ RunTime:0.007917s ]
INFO: TokenBuild Behavior ::run [ RunTime:0.008866s ]
INFO: WriteHtmlCache Behavior ::run [ RunTime:0.007715s ]
INFO: ShowRuntime Behavior ::run [ RunTime:0.008031s ]
INFO: [ view_filter ] --END-- [ RunTime:0.032875s ]
INFO: [ view_end ] --START--
INFO: ShowPageTrace Behavior ::run [ RunTime:0.007514s ]
INFO: [ view_end ] --END-- [ RunTime:0.007635s ]

