[ 2015-09-29T15:36:27+08:00 ] 180.162.248.77 /xx/zspt.php
INFO: [ app_begin ] --START--
INFO: ReadHtmlCache Behavior ::run [ RunTime:0.007478s ]
INFO: [ app_begin ] --END-- [ RunTime:0.007635s ]
SQL: SHOW COLUMNS FROM `tb_zssz` [ RunTime:0.002980s ]
SQL: SELECT * FROM `tb_zssz` LIMIT 1   [ RunTime:0.000462s ]
SQL: SHOW COLUMNS FROM `tb_grd` [ RunTime:0.002421s ]
SQL: SELECT * FROM `tb_grd` WHERE ( grdid=4 ) LIMIT 1   [ RunTime:0.000565s ]
SQL: SHOW COLUMNS FROM `tb_2015_std` [ RunTime:0.003911s ]
SQL: SELECT * FROM `tb_2015_std` WHERE ( stdid= ) LIMIT 1   [ RunTime:0.000184s ]
ERR: 1064:You have an error in your SQL syntax; check the manual that corresponds to your MySQL server version for the right syntax to use near ') LIMIT 1' at line 1
 [ SQL语句 ] : SELECT * FROM `tb_2015_std` WHERE ( stdid= ) LIMIT 1  
SQL: SHOW COLUMNS FROM `tb_atc` [ RunTime:0.003133s ]
SQL: SELECT * FROM `tb_atc` LEFT JOIN tb_bd ON f_atc_bdid=bdid WHERE ( atcps=1 AND atcvw=1 AND atczs=1 ) ORDER BY atctp DESC,atcmdftm DESC LIMIT 0,10   [ RunTime:0.000745s ]
INFO: [ view_parse ] --START--
INFO: ParseTemplate Behavior ::run [ RunTime:0.062795s ]
INFO: [ view_parse ] --END-- [ RunTime:0.062952s ]
INFO: [ view_filter ] --START--
INFO: ContentReplace Behavior ::run [ RunTime:0.007183s ]
INFO: TokenBuild Behavior ::run [ RunTime:0.011855s ]
INFO: WriteHtmlCache Behavior ::run [ RunTime:0.007005s ]
INFO: ShowRuntime Behavior ::run [ RunTime:0.007355s ]
INFO: [ view_filter ] --END-- [ RunTime:0.033751s ]
INFO: [ view_end ] --START--
INFO: ShowPageTrace Behavior ::run [ RunTime:0.007543s ]
INFO: [ view_end ] --END-- [ RunTime:0.007655s ]

