[ 2015-09-23T04:33:22+08:00 ] 68.180.228.176 /xx/zspt.php/Std/gtxpg/x/updt/stdid/0
INFO: [ route_check ] --START--
INFO: CheckRoute Behavior ::run [ RunTime:0.007986s ]
INFO: [ route_check ] --END-- [ RunTime:0.008140s ]
INFO: [ app_begin ] --START--
INFO: ReadHtmlCache Behavior ::run [ RunTime:0.004475s ]
INFO: [ app_begin ] --END-- [ RunTime:0.004599s ]
SQL: SHOW COLUMNS FROM `tb_zssz` [ RunTime:0.003032s ]
SQL: SELECT * FROM `tb_zssz` LIMIT 1   [ RunTime:0.000523s ]
SQL: SHOW COLUMNS FROM `tb_grd` [ RunTime:0.002515s ]
SQL: SELECT * FROM `tb_grd` WHERE ( grdid=4 ) LIMIT 1   [ RunTime:0.000745s ]
SQL: SHOW COLUMNS FROM `tb_2015_std` [ RunTime:0.003852s ]
SQL: SELECT * FROM `tb_2015_std` WHERE ( stdid= ) LIMIT 1   [ RunTime:0.000190s ]
ERR: 1064:You have an error in your SQL syntax; check the manual that corresponds to your MySQL server version for the right syntax to use near ') LIMIT 1' at line 1
 [ SQL语句 ] : SELECT * FROM `tb_2015_std` WHERE ( stdid= ) LIMIT 1  
SQL: SELECT * FROM `tb_zssz` LIMIT 1   [ RunTime:0.000142s ]
SQL: SELECT * FROM `tb_grd` WHERE ( grdid=4 ) LIMIT 1   [ RunTime:0.000124s ]
SQL: SHOW COLUMNS FROM `tb_2015_cls` [ RunTime:0.002638s ]
SQL: SELECT * FROM `tb_2015_cls` LEFT JOIN tb_stt ON f_cls_sttid=sttid WHERE ( 1=1 AND f_cls_sttid=1 AND f_cls_grdid=4 ) ORDER BY clsnm ASC  [ RunTime:0.000562s ]
SQL: SHOW COLUMNS FROM `tb_2015_mj` [ RunTime:0.002852s ]
SQL: SELECT * FROM `tb_2015_mj`  [ RunTime:0.000503s ]
SQL: SELECT * FROM `tb_2015_mj` LEFT JOIN tb_bxxs ON f_mj_bxxsid=bxxsid LEFT JOIN tb_kl ON f_mj_klid=klid WHERE ( 1=1 AND mjbbzs=1 AND mjsttu LIKE '%-1-%' AND (1=2 OR f_mj_bxxsid=4) AND f_mj_grdid=4 ) ORDER BY f_mj_bxxsid ASC,mjdm ASC  [ RunTime:0.000168s ]
SQL: SHOW COLUMNS FROM `tb_bxxs` [ RunTime:0.002477s ]
SQL: SELECT * FROM `tb_bxxs` WHERE ( 1=1 AND (1=2 OR bxxsid=4) )  [ RunTime:0.000585s ]
SQL: SHOW COLUMNS FROM `tb_sex` [ RunTime:0.002413s ]
SQL: SELECT * FROM `tb_sex`  [ RunTime:0.000581s ]
SQL: SHOW COLUMNS FROM `tb_rc` [ RunTime:0.002392s ]
SQL: SELECT * FROM `tb_rc`  [ RunTime:0.000604s ]
SQL: SHOW COLUMNS FROM `tb_zzmm` [ RunTime:0.002405s ]
SQL: SELECT * FROM `tb_zzmm`  [ RunTime:0.000583s ]
SQL: SHOW COLUMNS FROM `tb_xl` [ RunTime:0.002501s ]
SQL: SELECT * FROM `tb_xl`  [ RunTime:0.000569s ]
SQL: SHOW COLUMNS FROM `tb_dm` [ RunTime:0.002397s ]
SQL: SELECT * FROM `tb_dm`  [ RunTime:0.000592s ]
SQL: SHOW COLUMNS FROM `tb_stat` [ RunTime:0.002504s ]
SQL: SELECT * FROM `tb_stat`  [ RunTime:0.000559s ]
NOTIC: [8] Undefined index:  stdrcmdnm D:\Program Files\Apache Software Foundation\Apache2.2\htdocs\xx\zspt\Lib\Action\StdAction.class.php 第 346 行.
NOTIC: [8] Undefined index:  stdrcmdcp D:\Program Files\Apache Software Foundation\Apache2.2\htdocs\xx\zspt\Lib\Action\StdAction.class.php 第 346 行.
INFO: [ view_parse ] --START--
NOTIC: [8] Undefined index:  f_mj_bxxsid D:\Program Files\Apache Software Foundation\Apache2.2\htdocs\xx\zspt\Runtime\Cache\42792852baa95d2cf6b901abc6e0c59f.php 第 149 行.
NOTIC: [8] Undefined index:  f_stdxqmj_mjid D:\Program Files\Apache Software Foundation\Apache2.2\htdocs\xx\zspt\Runtime\Cache\42792852baa95d2cf6b901abc6e0c59f.php 第 169 行.
NOTIC: [8] Undefined index:  stdnm D:\Program Files\Apache Software Foundation\Apache2.2\htdocs\xx\zspt\Runtime\Cache\42792852baa95d2cf6b901abc6e0c59f.php 第 179 行.
NOTIC: [8] Undefined index:  f_std_sexid D:\Program Files\Apache Software Foundation\Apache2.2\htdocs\xx\zspt\Runtime\Cache\42792852baa95d2cf6b901abc6e0c59f.php 第 188 行.
NOTIC: [8] Undefined index:  f_std_rcid D:\Program Files\Apache Software Foundation\Apache2.2\htdocs\xx\zspt\Runtime\Cache\42792852baa95d2cf6b901abc6e0c59f.php 第 198 行.
NOTIC: [8] Undefined index:  f_std_zzmmid D:\Program Files\Apache Software Foundation\Apache2.2\htdocs\xx\zspt\Runtime\Cache\42792852baa95d2cf6b901abc6e0c59f.php 第 208 行.
NOTIC: [8] Undefined index:  stdnp D:\Program Files\Apache Software Foundation\Apache2.2\htdocs\xx\zspt\Runtime\Cache\42792852baa95d2cf6b901abc6e0c59f.php 第 233 行.
NOTIC: [8] Undefined index:  f_std_xlid D:\Program Files\Apache Software Foundation\Apache2.2\htdocs\xx\zspt\Runtime\Cache\42792852baa95d2cf6b901abc6e0c59f.php 第 251 行.
NOTIC: [8] Undefined index:  stdcee D:\Program Files\Apache Software Foundation\Apache2.2\htdocs\xx\zspt\Runtime\Cache\42792852baa95d2cf6b901abc6e0c59f.php 第 253 行.
NOTIC: [8] Undefined index:  stdsog D:\Program Files\Apache Software Foundation\Apache2.2\htdocs\xx\zspt\Runtime\Cache\42792852baa95d2cf6b901abc6e0c59f.php 第 256 行.
NOTIC: [8] Undefined index:  stdcp D:\Program Files\Apache Software Foundation\Apache2.2\htdocs\xx\zspt\Runtime\Cache\42792852baa95d2cf6b901abc6e0c59f.php 第 257 行.
NOTIC: [8] Undefined index:  stdidcd D:\Program Files\Apache Software Foundation\Apache2.2\htdocs\xx\zspt\Runtime\Cache\42792852baa95d2cf6b901abc6e0c59f.php 第 260 行.
NOTIC: [8] Undefined index:  stdtlp D:\Program Files\Apache Software Foundation\Apache2.2\htdocs\xx\zspt\Runtime\Cache\42792852baa95d2cf6b901abc6e0c59f.php 第 261 行.
NOTIC: [8] Undefined index:  stdbtd D:\Program Files\Apache Software Foundation\Apache2.2\htdocs\xx\zspt\Runtime\Cache\42792852baa95d2cf6b901abc6e0c59f.php 第 262 行.
NOTIC: [8] Undefined index:  stdqq D:\Program Files\Apache Software Foundation\Apache2.2\htdocs\xx\zspt\Runtime\Cache\42792852baa95d2cf6b901abc6e0c59f.php 第 263 行.
NOTIC: [8] Undefined index:  stdrlta D:\Program Files\Apache Software Foundation\Apache2.2\htdocs\xx\zspt\Runtime\Cache\42792852baa95d2cf6b901abc6e0c59f.php 第 266 行.
NOTIC: [8] Undefined index:  stdrltanm D:\Program Files\Apache Software Foundation\Apache2.2\htdocs\xx\zspt\Runtime\Cache\42792852baa95d2cf6b901abc6e0c59f.php 第 267 行.
NOTIC: [8] Undefined index:  stdrltaocpt D:\Program Files\Apache Software Foundation\Apache2.2\htdocs\xx\zspt\Runtime\Cache\42792852baa95d2cf6b901abc6e0c59f.php 第 268 行.
NOTIC: [8] Undefined index:  stdrltacp D:\Program Files\Apache Software Foundation\Apache2.2\htdocs\xx\zspt\Runtime\Cache\42792852baa95d2cf6b901abc6e0c59f.php 第 269 行.
NOTIC: [8] Undefined index:  stdrltb D:\Program Files\Apache Software Foundation\Apache2.2\htdocs\xx\zspt\Runtime\Cache\42792852baa95d2cf6b901abc6e0c59f.php 第 272 行.
NOTIC: [8] Undefined index:  stdrltbnm D:\Program Files\Apache Software Foundation\Apache2.2\htdocs\xx\zspt\Runtime\Cache\42792852baa95d2cf6b901abc6e0c59f.php 第 273 行.
NOTIC: [8] Undefined index:  stdrltbocpt D:\Program Files\Apache Software Foundation\Apache2.2\htdocs\xx\zspt\Runtime\Cache\42792852baa95d2cf6b901abc6e0c59f.php 第 274 行.
NOTIC: [8] Undefined index:  stdrltbcp D:\Program Files\Apache Software Foundation\Apache2.2\htdocs\xx\zspt\Runtime\Cache\42792852baa95d2cf6b901abc6e0c59f.php 第 275 行.
NOTIC: [8] Undefined index:  stdhb D:\Program Files\Apache Software Foundation\Apache2.2\htdocs\xx\zspt\Runtime\Cache\42792852baa95d2cf6b901abc6e0c59f.php 第 278 行.
NOTIC: [8] Undefined index:  stdads D:\Program Files\Apache Software Foundation\Apache2.2\htdocs\xx\zspt\Runtime\Cache\42792852baa95d2cf6b901abc6e0c59f.php 第 279 行.
NOTIC: [8] Undefined index:  stdpst D:\Program Files\Apache Software Foundation\Apache2.2\htdocs\xx\zspt\Runtime\Cache\42792852baa95d2cf6b901abc6e0c59f.php 第 280 行.
NOTIC: [8] Undefined index:  stdrcmdnm D:\Program Files\Apache Software Foundation\Apache2.2\htdocs\xx\zspt\Runtime\Cache\42792852baa95d2cf6b901abc6e0c59f.php 第 291 行.
NOTIC: [8] Undefined index:  stdrcmdcp D:\Program Files\Apache Software Foundation\Apache2.2\htdocs\xx\zspt\Runtime\Cache\42792852baa95d2cf6b901abc6e0c59f.php 第 292 行.
INFO: ParseTemplate Behavior ::run [ RunTime:0.092737s ]
INFO: [ view_parse ] --END-- [ RunTime:0.092885s ]
INFO: [ view_filter ] --START--
INFO: ContentReplace Behavior ::run [ RunTime:0.004336s ]
INFO: TokenBuild Behavior ::run [ RunTime:0.007086s ]
INFO: WriteHtmlCache Behavior ::run [ RunTime:0.006880s ]
INFO: ShowRuntime Behavior ::run [ RunTime:0.007244s ]
INFO: [ view_filter ] --END-- [ RunTime:0.025867s ]
INFO: [ view_end ] --START--
INFO: ShowPageTrace Behavior ::run [ RunTime:0.007475s ]
INFO: [ view_end ] --END-- [ RunTime:0.007588s ]

[ 2015-09-23T05:04:54+08:00 ] 157.55.39.212 /xx/zspt.php
INFO: [ app_begin ] --START--
INFO: ReadHtmlCache Behavior ::run [ RunTime:0.007386s ]
INFO: [ app_begin ] --END-- [ RunTime:0.007545s ]
SQL: SHOW COLUMNS FROM `tb_zssz` [ RunTime:0.002953s ]
SQL: SELECT * FROM `tb_zssz` LIMIT 1   [ RunTime:0.000524s ]
SQL: SHOW COLUMNS FROM `tb_grd` [ RunTime:0.002468s ]
SQL: SELECT * FROM `tb_grd` WHERE ( grdid=4 ) LIMIT 1   [ RunTime:0.000565s ]
SQL: SHOW COLUMNS FROM `tb_2015_std` [ RunTime:0.003772s ]
SQL: SELECT * FROM `tb_2015_std` WHERE ( stdid= ) LIMIT 1   [ RunTime:0.000192s ]
ERR: 1064:You have an error in your SQL syntax; check the manual that corresponds to your MySQL server version for the right syntax to use near ') LIMIT 1' at line 1
 [ SQL语句 ] : SELECT * FROM `tb_2015_std` WHERE ( stdid= ) LIMIT 1  
SQL: SHOW COLUMNS FROM `tb_atc` [ RunTime:0.003149s ]
SQL: SELECT * FROM `tb_atc` LEFT JOIN tb_bd ON f_atc_bdid=bdid WHERE ( atcps=1 AND atcvw=1 AND atczs=1 ) ORDER BY atctp DESC,atcmdftm DESC LIMIT 0,10   [ RunTime:0.001930s ]
INFO: [ view_parse ] --START--
INFO: ParseTemplate Behavior ::run [ RunTime:0.063707s ]
INFO: [ view_parse ] --END-- [ RunTime:0.063860s ]
INFO: [ view_filter ] --START--
INFO: ContentReplace Behavior ::run [ RunTime:0.008105s ]
INFO: TokenBuild Behavior ::run [ RunTime:0.007075s ]
INFO: WriteHtmlCache Behavior ::run [ RunTime:0.006899s ]
INFO: ShowRuntime Behavior ::run [ RunTime:0.007196s ]
INFO: [ view_filter ] --END-- [ RunTime:0.029606s ]
INFO: [ view_end ] --START--
INFO: ShowPageTrace Behavior ::run [ RunTime:0.007592s ]
INFO: [ view_end ] --END-- [ RunTime:0.007706s ]

[ 2015-09-23T08:21:46+08:00 ] 10.50.10.29 /xx/zspt.php
INFO: [ app_begin ] --START--
INFO: ReadHtmlCache Behavior ::run [ RunTime:0.007377s ]
INFO: [ app_begin ] --END-- [ RunTime:0.007543s ]
SQL: SHOW COLUMNS FROM `tb_zssz` [ RunTime:0.002491s ]
SQL: SELECT * FROM `tb_zssz` LIMIT 1   [ RunTime:0.000445s ]
SQL: SHOW COLUMNS FROM `tb_grd` [ RunTime:0.002003s ]
SQL: SELECT * FROM `tb_grd` WHERE ( grdid=4 ) LIMIT 1   [ RunTime:0.000559s ]
SQL: SHOW COLUMNS FROM `tb_2015_std` [ RunTime:0.003358s ]
SQL: SELECT * FROM `tb_2015_std` WHERE ( stdid= ) LIMIT 1   [ RunTime:0.000189s ]
ERR: 1064:You have an error in your SQL syntax; check the manual that corresponds to your MySQL server version for the right syntax to use near ') LIMIT 1' at line 1
 [ SQL语句 ] : SELECT * FROM `tb_2015_std` WHERE ( stdid= ) LIMIT 1  
SQL: SHOW COLUMNS FROM `tb_atc` [ RunTime:0.003142s ]
SQL: SELECT * FROM `tb_atc` LEFT JOIN tb_bd ON f_atc_bdid=bdid WHERE ( atcps=1 AND atcvw=1 AND atczs=1 ) ORDER BY atctp DESC,atcmdftm DESC LIMIT 0,10   [ RunTime:0.000634s ]
INFO: [ view_parse ] --START--
INFO: ParseTemplate Behavior ::run [ RunTime:0.060390s ]
INFO: [ view_parse ] --END-- [ RunTime:0.060549s ]
INFO: [ view_filter ] --START--
INFO: ContentReplace Behavior ::run [ RunTime:0.007154s ]
INFO: TokenBuild Behavior ::run [ RunTime:0.007058s ]
INFO: WriteHtmlCache Behavior ::run [ RunTime:0.006939s ]
INFO: ShowRuntime Behavior ::run [ RunTime:0.007194s ]
INFO: [ view_filter ] --END-- [ RunTime:0.028663s ]
INFO: [ view_end ] --START--
INFO: ShowPageTrace Behavior ::run [ RunTime:0.007503s ]
INFO: [ view_end ] --END-- [ RunTime:0.007615s ]

[ 2015-09-23T08:21:49+08:00 ] 10.50.10.29 /xx/zspt.php/Std/gtxpg/x/updt/stdid/0
INFO: [ route_check ] --START--
INFO: CheckRoute Behavior ::run [ RunTime:0.007957s ]
INFO: [ route_check ] --END-- [ RunTime:0.008117s ]
INFO: [ app_begin ] --START--
INFO: ReadHtmlCache Behavior ::run [ RunTime:0.007679s ]
INFO: [ app_begin ] --END-- [ RunTime:0.007806s ]
SQL: SHOW COLUMNS FROM `tb_zssz` [ RunTime:0.002488s ]
SQL: SELECT * FROM `tb_zssz` LIMIT 1   [ RunTime:0.000466s ]
SQL: SHOW COLUMNS FROM `tb_grd` [ RunTime:0.002008s ]
SQL: SELECT * FROM `tb_grd` WHERE ( grdid=4 ) LIMIT 1   [ RunTime:0.000567s ]
SQL: SHOW COLUMNS FROM `tb_2015_std` [ RunTime:0.003410s ]
SQL: SELECT * FROM `tb_2015_std` WHERE ( stdid= ) LIMIT 1   [ RunTime:0.000205s ]
ERR: 1064:You have an error in your SQL syntax; check the manual that corresponds to your MySQL server version for the right syntax to use near ') LIMIT 1' at line 1
 [ SQL语句 ] : SELECT * FROM `tb_2015_std` WHERE ( stdid= ) LIMIT 1  
SQL: SELECT * FROM `tb_zssz` LIMIT 1   [ RunTime:0.000136s ]
SQL: SELECT * FROM `tb_grd` WHERE ( grdid=4 ) LIMIT 1   [ RunTime:0.000121s ]
SQL: SHOW COLUMNS FROM `tb_2015_cls` [ RunTime:0.002398s ]
SQL: SELECT * FROM `tb_2015_cls` LEFT JOIN tb_stt ON f_cls_sttid=sttid WHERE ( 1=1 AND f_cls_sttid=1 AND f_cls_grdid=4 ) ORDER BY clsnm ASC  [ RunTime:0.000529s ]
SQL: SHOW COLUMNS FROM `tb_2015_mj` [ RunTime:0.002656s ]
SQL: SELECT * FROM `tb_2015_mj`  [ RunTime:0.000484s ]
SQL: SELECT * FROM `tb_2015_mj` LEFT JOIN tb_bxxs ON f_mj_bxxsid=bxxsid LEFT JOIN tb_kl ON f_mj_klid=klid WHERE ( 1=1 AND mjbbzs=1 AND mjsttu LIKE '%-1-%' AND (1=2 OR f_mj_bxxsid=4) AND f_mj_grdid=4 ) ORDER BY f_mj_bxxsid ASC,mjdm ASC  [ RunTime:0.000162s ]
SQL: SHOW COLUMNS FROM `tb_bxxs` [ RunTime:0.002025s ]
SQL: SELECT * FROM `tb_bxxs` WHERE ( 1=1 AND (1=2 OR bxxsid=4) )  [ RunTime:0.000574s ]
SQL: SHOW COLUMNS FROM `tb_sex` [ RunTime:0.001985s ]
SQL: SELECT * FROM `tb_sex`  [ RunTime:0.000639s ]
SQL: SHOW COLUMNS FROM `tb_rc` [ RunTime:0.001999s ]
SQL: SELECT * FROM `tb_rc`  [ RunTime:0.001384s ]
SQL: SHOW COLUMNS FROM `tb_zzmm` [ RunTime:0.002438s ]
SQL: SELECT * FROM `tb_zzmm`  [ RunTime:0.001645s ]
SQL: SHOW COLUMNS FROM `tb_xl` [ RunTime:0.002799s ]
SQL: SELECT * FROM `tb_xl`  [ RunTime:0.001681s ]
SQL: SHOW COLUMNS FROM `tb_dm` [ RunTime:0.003110s ]
SQL: SELECT * FROM `tb_dm`  [ RunTime:0.001684s ]
SQL: SHOW COLUMNS FROM `tb_stat` [ RunTime:0.003289s ]
SQL: SELECT * FROM `tb_stat`  [ RunTime:0.001600s ]
NOTIC: [8] Undefined index:  stdrcmdnm D:\Program Files\Apache Software Foundation\Apache2.2\htdocs\xx\zspt\Lib\Action\StdAction.class.php 第 346 行.
NOTIC: [8] Undefined index:  stdrcmdcp D:\Program Files\Apache Software Foundation\Apache2.2\htdocs\xx\zspt\Lib\Action\StdAction.class.php 第 346 行.
INFO: [ view_parse ] --START--
NOTIC: [8] Undefined index:  f_mj_bxxsid D:\Program Files\Apache Software Foundation\Apache2.2\htdocs\xx\zspt\Runtime\Cache\42792852baa95d2cf6b901abc6e0c59f.php 第 149 行.
NOTIC: [8] Undefined index:  f_stdxqmj_mjid D:\Program Files\Apache Software Foundation\Apache2.2\htdocs\xx\zspt\Runtime\Cache\42792852baa95d2cf6b901abc6e0c59f.php 第 169 行.
NOTIC: [8] Undefined index:  stdnm D:\Program Files\Apache Software Foundation\Apache2.2\htdocs\xx\zspt\Runtime\Cache\42792852baa95d2cf6b901abc6e0c59f.php 第 179 行.
NOTIC: [8] Undefined index:  f_std_sexid D:\Program Files\Apache Software Foundation\Apache2.2\htdocs\xx\zspt\Runtime\Cache\42792852baa95d2cf6b901abc6e0c59f.php 第 188 行.
NOTIC: [8] Undefined index:  f_std_rcid D:\Program Files\Apache Software Foundation\Apache2.2\htdocs\xx\zspt\Runtime\Cache\42792852baa95d2cf6b901abc6e0c59f.php 第 198 行.
NOTIC: [8] Undefined index:  f_std_zzmmid D:\Program Files\Apache Software Foundation\Apache2.2\htdocs\xx\zspt\Runtime\Cache\42792852baa95d2cf6b901abc6e0c59f.php 第 208 行.
NOTIC: [8] Undefined index:  stdnp D:\Program Files\Apache Software Foundation\Apache2.2\htdocs\xx\zspt\Runtime\Cache\42792852baa95d2cf6b901abc6e0c59f.php 第 233 行.
NOTIC: [8] Undefined index:  f_std_xlid D:\Program Files\Apache Software Foundation\Apache2.2\htdocs\xx\zspt\Runtime\Cache\42792852baa95d2cf6b901abc6e0c59f.php 第 251 行.
NOTIC: [8] Undefined index:  stdcee D:\Program Files\Apache Software Foundation\Apache2.2\htdocs\xx\zspt\Runtime\Cache\42792852baa95d2cf6b901abc6e0c59f.php 第 253 行.
NOTIC: [8] Undefined index:  stdsog D:\Program Files\Apache Software Foundation\Apache2.2\htdocs\xx\zspt\Runtime\Cache\42792852baa95d2cf6b901abc6e0c59f.php 第 256 行.
NOTIC: [8] Undefined index:  stdcp D:\Program Files\Apache Software Foundation\Apache2.2\htdocs\xx\zspt\Runtime\Cache\42792852baa95d2cf6b901abc6e0c59f.php 第 257 行.
NOTIC: [8] Undefined index:  stdidcd D:\Program Files\Apache Software Foundation\Apache2.2\htdocs\xx\zspt\Runtime\Cache\42792852baa95d2cf6b901abc6e0c59f.php 第 260 行.
NOTIC: [8] Undefined index:  stdtlp D:\Program Files\Apache Software Foundation\Apache2.2\htdocs\xx\zspt\Runtime\Cache\42792852baa95d2cf6b901abc6e0c59f.php 第 261 行.
NOTIC: [8] Undefined index:  stdbtd D:\Program Files\Apache Software Foundation\Apache2.2\htdocs\xx\zspt\Runtime\Cache\42792852baa95d2cf6b901abc6e0c59f.php 第 262 行.
NOTIC: [8] Undefined index:  stdqq D:\Program Files\Apache Software Foundation\Apache2.2\htdocs\xx\zspt\Runtime\Cache\42792852baa95d2cf6b901abc6e0c59f.php 第 263 行.
NOTIC: [8] Undefined index:  stdrlta D:\Program Files\Apache Software Foundation\Apache2.2\htdocs\xx\zspt\Runtime\Cache\42792852baa95d2cf6b901abc6e0c59f.php 第 266 行.
NOTIC: [8] Undefined index:  stdrltanm D:\Program Files\Apache Software Foundation\Apache2.2\htdocs\xx\zspt\Runtime\Cache\42792852baa95d2cf6b901abc6e0c59f.php 第 267 行.
NOTIC: [8] Undefined index:  stdrltaocpt D:\Program Files\Apache Software Foundation\Apache2.2\htdocs\xx\zspt\Runtime\Cache\42792852baa95d2cf6b901abc6e0c59f.php 第 268 行.
NOTIC: [8] Undefined index:  stdrltacp D:\Program Files\Apache Software Foundation\Apache2.2\htdocs\xx\zspt\Runtime\Cache\42792852baa95d2cf6b901abc6e0c59f.php 第 269 行.
NOTIC: [8] Undefined index:  stdrltb D:\Program Files\Apache Software Foundation\Apache2.2\htdocs\xx\zspt\Runtime\Cache\42792852baa95d2cf6b901abc6e0c59f.php 第 272 行.
NOTIC: [8] Undefined index:  stdrltbnm D:\Program Files\Apache Software Foundation\Apache2.2\htdocs\xx\zspt\Runtime\Cache\42792852baa95d2cf6b901abc6e0c59f.php 第 273 行.
NOTIC: [8] Undefined index:  stdrltbocpt D:\Program Files\Apache Software Foundation\Apache2.2\htdocs\xx\zspt\Runtime\Cache\42792852baa95d2cf6b901abc6e0c59f.php 第 274 行.
NOTIC: [8] Undefined index:  stdrltbcp D:\Program Files\Apache Software Foundation\Apache2.2\htdocs\xx\zspt\Runtime\Cache\42792852baa95d2cf6b901abc6e0c59f.php 第 275 行.
NOTIC: [8] Undefined index:  stdhb D:\Program Files\Apache Software Foundation\Apache2.2\htdocs\xx\zspt\Runtime\Cache\42792852baa95d2cf6b901abc6e0c59f.php 第 278 行.
NOTIC: [8] Undefined index:  stdads D:\Program Files\Apache Software Foundation\Apache2.2\htdocs\xx\zspt\Runtime\Cache\42792852baa95d2cf6b901abc6e0c59f.php 第 279 行.
NOTIC: [8] Undefined index:  stdpst D:\Program Files\Apache Software Foundation\Apache2.2\htdocs\xx\zspt\Runtime\Cache\42792852baa95d2cf6b901abc6e0c59f.php 第 280 行.
NOTIC: [8] Undefined index:  stdrcmdnm D:\Program Files\Apache Software Foundation\Apache2.2\htdocs\xx\zspt\Runtime\Cache\42792852baa95d2cf6b901abc6e0c59f.php 第 291 行.
NOTIC: [8] Undefined index:  stdrcmdcp D:\Program Files\Apache Software Foundation\Apache2.2\htdocs\xx\zspt\Runtime\Cache\42792852baa95d2cf6b901abc6e0c59f.php 第 292 行.
INFO: ParseTemplate Behavior ::run [ RunTime:0.101846s ]
INFO: [ view_parse ] --END-- [ RunTime:0.102028s ]
INFO: [ view_filter ] --START--
INFO: ContentReplace Behavior ::run [ RunTime:0.007307s ]
INFO: TokenBuild Behavior ::run [ RunTime:0.007272s ]
INFO: WriteHtmlCache Behavior ::run [ RunTime:0.006867s ]
INFO: ShowRuntime Behavior ::run [ RunTime:0.008923s ]
INFO: [ view_filter ] --END-- [ RunTime:0.030720s ]
INFO: [ view_end ] --START--
INFO: ShowPageTrace Behavior ::run [ RunTime:0.010214s ]
INFO: [ view_end ] --END-- [ RunTime:0.010359s ]

[ 2015-09-23T08:22:07+08:00 ] 10.50.10.29 /xx/zspt.php
INFO: [ app_begin ] --START--
INFO: ReadHtmlCache Behavior ::run [ RunTime:0.007666s ]
INFO: [ app_begin ] --END-- [ RunTime:0.007832s ]
SQL: SHOW COLUMNS FROM `tb_zssz` [ RunTime:0.002503s ]
SQL: SELECT * FROM `tb_zssz` LIMIT 1   [ RunTime:0.000458s ]
SQL: SHOW COLUMNS FROM `tb_grd` [ RunTime:0.002009s ]
SQL: SELECT * FROM `tb_grd` WHERE ( grdid=4 ) LIMIT 1   [ RunTime:0.000558s ]
SQL: SHOW COLUMNS FROM `tb_2015_std` [ RunTime:0.003364s ]
SQL: SELECT * FROM `tb_2015_std` WHERE ( stdid= ) LIMIT 1   [ RunTime:0.000180s ]
ERR: 1064:You have an error in your SQL syntax; check the manual that corresponds to your MySQL server version for the right syntax to use near ') LIMIT 1' at line 1
 [ SQL语句 ] : SELECT * FROM `tb_2015_std` WHERE ( stdid= ) LIMIT 1  
SQL: SHOW COLUMNS FROM `tb_atc` [ RunTime:0.003696s ]
SQL: SELECT * FROM `tb_atc` LEFT JOIN tb_bd ON f_atc_bdid=bdid WHERE ( atcps=1 AND atcvw=1 AND atczs=1 ) ORDER BY atctp DESC,atcmdftm DESC LIMIT 0,10   [ RunTime:0.000774s ]
INFO: [ view_parse ] --START--
INFO: ParseTemplate Behavior ::run [ RunTime:0.063519s ]
INFO: [ view_parse ] --END-- [ RunTime:0.063675s ]
INFO: [ view_filter ] --START--
INFO: ContentReplace Behavior ::run [ RunTime:0.007139s ]
INFO: TokenBuild Behavior ::run [ RunTime:0.007213s ]
INFO: WriteHtmlCache Behavior ::run [ RunTime:0.006853s ]
INFO: ShowRuntime Behavior ::run [ RunTime:0.007432s ]
INFO: [ view_filter ] --END-- [ RunTime:0.028958s ]
INFO: [ view_end ] --START--
INFO: ShowPageTrace Behavior ::run [ RunTime:0.007497s ]
INFO: [ view_end ] --END-- [ RunTime:0.007607s ]

[ 2015-09-23T08:22:10+08:00 ] 10.50.10.29 /xx/zspt.php/Std/gtxpg/x/updt/stdid/0
INFO: [ route_check ] --START--
INFO: CheckRoute Behavior ::run [ RunTime:0.007902s ]
INFO: [ route_check ] --END-- [ RunTime:0.008059s ]
INFO: [ app_begin ] --START--
INFO: ReadHtmlCache Behavior ::run [ RunTime:0.007429s ]
INFO: [ app_begin ] --END-- [ RunTime:0.007551s ]
SQL: SHOW COLUMNS FROM `tb_zssz` [ RunTime:0.002464s ]
SQL: SELECT * FROM `tb_zssz` LIMIT 1   [ RunTime:0.000527s ]
SQL: SHOW COLUMNS FROM `tb_grd` [ RunTime:0.002026s ]
SQL: SELECT * FROM `tb_grd` WHERE ( grdid=4 ) LIMIT 1   [ RunTime:0.000556s ]
SQL: SHOW COLUMNS FROM `tb_2015_std` [ RunTime:0.003455s ]
SQL: SELECT * FROM `tb_2015_std` WHERE ( stdid= ) LIMIT 1   [ RunTime:0.000185s ]
ERR: 1064:You have an error in your SQL syntax; check the manual that corresponds to your MySQL server version for the right syntax to use near ') LIMIT 1' at line 1
 [ SQL语句 ] : SELECT * FROM `tb_2015_std` WHERE ( stdid= ) LIMIT 1  
SQL: SELECT * FROM `tb_zssz` LIMIT 1   [ RunTime:0.000145s ]
SQL: SELECT * FROM `tb_grd` WHERE ( grdid=4 ) LIMIT 1   [ RunTime:0.000125s ]
SQL: SHOW COLUMNS FROM `tb_2015_cls` [ RunTime:0.002228s ]
SQL: SELECT * FROM `tb_2015_cls` LEFT JOIN tb_stt ON f_cls_sttid=sttid WHERE ( 1=1 AND f_cls_sttid=1 AND f_cls_grdid=4 ) ORDER BY clsnm ASC  [ RunTime:0.000514s ]
SQL: SHOW COLUMNS FROM `tb_2015_mj` [ RunTime:0.002513s ]
SQL: SELECT * FROM `tb_2015_mj`  [ RunTime:0.000569s ]
SQL: SELECT * FROM `tb_2015_mj` LEFT JOIN tb_bxxs ON f_mj_bxxsid=bxxsid LEFT JOIN tb_kl ON f_mj_klid=klid WHERE ( 1=1 AND mjbbzs=1 AND mjsttu LIKE '%-1-%' AND (1=2 OR f_mj_bxxsid=4) AND f_mj_grdid=4 ) ORDER BY f_mj_bxxsid ASC,mjdm ASC  [ RunTime:0.000162s ]
SQL: SHOW COLUMNS FROM `tb_bxxs` [ RunTime:0.002013s ]
SQL: SELECT * FROM `tb_bxxs` WHERE ( 1=1 AND (1=2 OR bxxsid=4) )  [ RunTime:0.000572s ]
SQL: SHOW COLUMNS FROM `tb_sex` [ RunTime:0.002731s ]
SQL: SELECT * FROM `tb_sex`  [ RunTime:0.000569s ]
SQL: SHOW COLUMNS FROM `tb_rc` [ RunTime:0.002032s ]
SQL: SELECT * FROM `tb_rc`  [ RunTime:0.000589s ]
SQL: SHOW COLUMNS FROM `tb_zzmm` [ RunTime:0.002004s ]
SQL: SELECT * FROM `tb_zzmm`  [ RunTime:0.000585s ]
SQL: SHOW COLUMNS FROM `tb_xl` [ RunTime:0.001965s ]
SQL: SELECT * FROM `tb_xl`  [ RunTime:0.000585s ]
SQL: SHOW COLUMNS FROM `tb_dm` [ RunTime:0.001979s ]
SQL: SELECT * FROM `tb_dm`  [ RunTime:0.000582s ]
SQL: SHOW COLUMNS FROM `tb_stat` [ RunTime:0.002227s ]
SQL: SELECT * FROM `tb_stat`  [ RunTime:0.000496s ]
NOTIC: [8] Undefined index:  stdrcmdnm D:\Program Files\Apache Software Foundation\Apache2.2\htdocs\xx\zspt\Lib\Action\StdAction.class.php 第 346 行.
NOTIC: [8] Undefined index:  stdrcmdcp D:\Program Files\Apache Software Foundation\Apache2.2\htdocs\xx\zspt\Lib\Action\StdAction.class.php 第 346 行.
INFO: [ view_parse ] --START--
NOTIC: [8] Undefined index:  f_mj_bxxsid D:\Program Files\Apache Software Foundation\Apache2.2\htdocs\xx\zspt\Runtime\Cache\42792852baa95d2cf6b901abc6e0c59f.php 第 149 行.
NOTIC: [8] Undefined index:  f_stdxqmj_mjid D:\Program Files\Apache Software Foundation\Apache2.2\htdocs\xx\zspt\Runtime\Cache\42792852baa95d2cf6b901abc6e0c59f.php 第 169 行.
NOTIC: [8] Undefined index:  stdnm D:\Program Files\Apache Software Foundation\Apache2.2\htdocs\xx\zspt\Runtime\Cache\42792852baa95d2cf6b901abc6e0c59f.php 第 179 行.
NOTIC: [8] Undefined index:  f_std_sexid D:\Program Files\Apache Software Foundation\Apache2.2\htdocs\xx\zspt\Runtime\Cache\42792852baa95d2cf6b901abc6e0c59f.php 第 188 行.
NOTIC: [8] Undefined index:  f_std_rcid D:\Program Files\Apache Software Foundation\Apache2.2\htdocs\xx\zspt\Runtime\Cache\42792852baa95d2cf6b901abc6e0c59f.php 第 198 行.
NOTIC: [8] Undefined index:  f_std_zzmmid D:\Program Files\Apache Software Foundation\Apache2.2\htdocs\xx\zspt\Runtime\Cache\42792852baa95d2cf6b901abc6e0c59f.php 第 208 行.
NOTIC: [8] Undefined index:  stdnp D:\Program Files\Apache Software Foundation\Apache2.2\htdocs\xx\zspt\Runtime\Cache\42792852baa95d2cf6b901abc6e0c59f.php 第 233 行.
NOTIC: [8] Undefined index:  f_std_xlid D:\Program Files\Apache Software Foundation\Apache2.2\htdocs\xx\zspt\Runtime\Cache\42792852baa95d2cf6b901abc6e0c59f.php 第 251 行.
NOTIC: [8] Undefined index:  stdcee D:\Program Files\Apache Software Foundation\Apache2.2\htdocs\xx\zspt\Runtime\Cache\42792852baa95d2cf6b901abc6e0c59f.php 第 253 行.
NOTIC: [8] Undefined index:  stdsog D:\Program Files\Apache Software Foundation\Apache2.2\htdocs\xx\zspt\Runtime\Cache\42792852baa95d2cf6b901abc6e0c59f.php 第 256 行.
NOTIC: [8] Undefined index:  stdcp D:\Program Files\Apache Software Foundation\Apache2.2\htdocs\xx\zspt\Runtime\Cache\42792852baa95d2cf6b901abc6e0c59f.php 第 257 行.
NOTIC: [8] Undefined index:  stdidcd D:\Program Files\Apache Software Foundation\Apache2.2\htdocs\xx\zspt\Runtime\Cache\42792852baa95d2cf6b901abc6e0c59f.php 第 260 行.
NOTIC: [8] Undefined index:  stdtlp D:\Program Files\Apache Software Foundation\Apache2.2\htdocs\xx\zspt\Runtime\Cache\42792852baa95d2cf6b901abc6e0c59f.php 第 261 行.
NOTIC: [8] Undefined index:  stdbtd D:\Program Files\Apache Software Foundation\Apache2.2\htdocs\xx\zspt\Runtime\Cache\42792852baa95d2cf6b901abc6e0c59f.php 第 262 行.
NOTIC: [8] Undefined index:  stdqq D:\Program Files\Apache Software Foundation\Apache2.2\htdocs\xx\zspt\Runtime\Cache\42792852baa95d2cf6b901abc6e0c59f.php 第 263 行.
NOTIC: [8] Undefined index:  stdrlta D:\Program Files\Apache Software Foundation\Apache2.2\htdocs\xx\zspt\Runtime\Cache\42792852baa95d2cf6b901abc6e0c59f.php 第 266 行.
NOTIC: [8] Undefined index:  stdrltanm D:\Program Files\Apache Software Foundation\Apache2.2\htdocs\xx\zspt\Runtime\Cache\42792852baa95d2cf6b901abc6e0c59f.php 第 267 行.
NOTIC: [8] Undefined index:  stdrltaocpt D:\Program Files\Apache Software Foundation\Apache2.2\htdocs\xx\zspt\Runtime\Cache\42792852baa95d2cf6b901abc6e0c59f.php 第 268 行.
NOTIC: [8] Undefined index:  stdrltacp D:\Program Files\Apache Software Foundation\Apache2.2\htdocs\xx\zspt\Runtime\Cache\42792852baa95d2cf6b901abc6e0c59f.php 第 269 行.
NOTIC: [8] Undefined index:  stdrltb D:\Program Files\Apache Software Foundation\Apache2.2\htdocs\xx\zspt\Runtime\Cache\42792852baa95d2cf6b901abc6e0c59f.php 第 272 行.
NOTIC: [8] Undefined index:  stdrltbnm D:\Program Files\Apache Software Foundation\Apache2.2\htdocs\xx\zspt\Runtime\Cache\42792852baa95d2cf6b901abc6e0c59f.php 第 273 行.
NOTIC: [8] Undefined index:  stdrltbocpt D:\Program Files\Apache Software Foundation\Apache2.2\htdocs\xx\zspt\Runtime\Cache\42792852baa95d2cf6b901abc6e0c59f.php 第 274 行.
NOTIC: [8] Undefined index:  stdrltbcp D:\Program Files\Apache Software Foundation\Apache2.2\htdocs\xx\zspt\Runtime\Cache\42792852baa95d2cf6b901abc6e0c59f.php 第 275 行.
NOTIC: [8] Undefined index:  stdhb D:\Program Files\Apache Software Foundation\Apache2.2\htdocs\xx\zspt\Runtime\Cache\42792852baa95d2cf6b901abc6e0c59f.php 第 278 行.
NOTIC: [8] Undefined index:  stdads D:\Program Files\Apache Software Foundation\Apache2.2\htdocs\xx\zspt\Runtime\Cache\42792852baa95d2cf6b901abc6e0c59f.php 第 279 行.
NOTIC: [8] Undefined index:  stdpst D:\Program Files\Apache Software Foundation\Apache2.2\htdocs\xx\zspt\Runtime\Cache\42792852baa95d2cf6b901abc6e0c59f.php 第 280 行.
NOTIC: [8] Undefined index:  stdrcmdnm D:\Program Files\Apache Software Foundation\Apache2.2\htdocs\xx\zspt\Runtime\Cache\42792852baa95d2cf6b901abc6e0c59f.php 第 291 行.
NOTIC: [8] Undefined index:  stdrcmdcp D:\Program Files\Apache Software Foundation\Apache2.2\htdocs\xx\zspt\Runtime\Cache\42792852baa95d2cf6b901abc6e0c59f.php 第 292 行.
INFO: ParseTemplate Behavior ::run [ RunTime:0.100296s ]
INFO: [ view_parse ] --END-- [ RunTime:0.100444s ]
INFO: [ view_filter ] --START--
INFO: ContentReplace Behavior ::run [ RunTime:0.007584s ]
INFO: TokenBuild Behavior ::run [ RunTime:0.007570s ]
INFO: WriteHtmlCache Behavior ::run [ RunTime:0.007355s ]
INFO: ShowRuntime Behavior ::run [ RunTime:0.007253s ]
INFO: [ view_filter ] --END-- [ RunTime:0.030124s ]
INFO: [ view_end ] --START--
INFO: ShowPageTrace Behavior ::run [ RunTime:0.008250s ]
INFO: [ view_end ] --END-- [ RunTime:0.008406s ]

[ 2015-09-23T08:23:11+08:00 ] 10.50.10.29 /xx/zspt.php
INFO: [ app_begin ] --START--
INFO: ReadHtmlCache Behavior ::run [ RunTime:0.007375s ]
INFO: [ app_begin ] --END-- [ RunTime:0.007531s ]
SQL: SHOW COLUMNS FROM `tb_zssz` [ RunTime:0.002706s ]
SQL: SELECT * FROM `tb_zssz` LIMIT 1   [ RunTime:0.000457s ]
SQL: SHOW COLUMNS FROM `tb_grd` [ RunTime:0.002015s ]
SQL: SELECT * FROM `tb_grd` WHERE ( grdid=4 ) LIMIT 1   [ RunTime:0.000560s ]
SQL: SHOW COLUMNS FROM `tb_2015_std` [ RunTime:0.003364s ]
SQL: SELECT * FROM `tb_2015_std` WHERE ( stdid= ) LIMIT 1   [ RunTime:0.000185s ]
ERR: 1064:You have an error in your SQL syntax; check the manual that corresponds to your MySQL server version for the right syntax to use near ') LIMIT 1' at line 1
 [ SQL语句 ] : SELECT * FROM `tb_2015_std` WHERE ( stdid= ) LIMIT 1  
SQL: SHOW COLUMNS FROM `tb_atc` [ RunTime:0.002717s ]
SQL: SELECT * FROM `tb_atc` LEFT JOIN tb_bd ON f_atc_bdid=bdid WHERE ( atcps=1 AND atcvw=1 AND atczs=1 ) ORDER BY atctp DESC,atcmdftm DESC LIMIT 0,10   [ RunTime:0.000648s ]
INFO: [ view_parse ] --START--
INFO: ParseTemplate Behavior ::run [ RunTime:0.061869s ]
INFO: [ view_parse ] --END-- [ RunTime:0.062021s ]
INFO: [ view_filter ] --START--
INFO: ContentReplace Behavior ::run [ RunTime:0.007130s ]
INFO: TokenBuild Behavior ::run [ RunTime:0.007664s ]
INFO: WriteHtmlCache Behavior ::run [ RunTime:0.006879s ]
INFO: ShowRuntime Behavior ::run [ RunTime:0.007219s ]
INFO: [ view_filter ] --END-- [ RunTime:0.029218s ]
INFO: [ view_end ] --START--
INFO: ShowPageTrace Behavior ::run [ RunTime:0.007488s ]
INFO: [ view_end ] --END-- [ RunTime:0.007599s ]

[ 2015-09-23T08:23:13+08:00 ] 10.50.10.29 /xx/zspt.php/Std/gtxpg/x/updt/stdid/0
INFO: [ route_check ] --START--
INFO: CheckRoute Behavior ::run [ RunTime:0.007975s ]
INFO: [ route_check ] --END-- [ RunTime:0.008128s ]
INFO: [ app_begin ] --START--
INFO: ReadHtmlCache Behavior ::run [ RunTime:0.007496s ]
INFO: [ app_begin ] --END-- [ RunTime:0.007625s ]
SQL: SHOW COLUMNS FROM `tb_zssz` [ RunTime:0.002460s ]
SQL: SELECT * FROM `tb_zssz` LIMIT 1   [ RunTime:0.000461s ]
SQL: SHOW COLUMNS FROM `tb_grd` [ RunTime:0.002008s ]
SQL: SELECT * FROM `tb_grd` WHERE ( grdid=4 ) LIMIT 1   [ RunTime:0.000563s ]
SQL: SHOW COLUMNS FROM `tb_2015_std` [ RunTime:0.003496s ]
SQL: SELECT * FROM `tb_2015_std` WHERE ( stdid= ) LIMIT 1   [ RunTime:0.000186s ]
ERR: 1064:You have an error in your SQL syntax; check the manual that corresponds to your MySQL server version for the right syntax to use near ') LIMIT 1' at line 1
 [ SQL语句 ] : SELECT * FROM `tb_2015_std` WHERE ( stdid= ) LIMIT 1  
SQL: SELECT * FROM `tb_zssz` LIMIT 1   [ RunTime:0.000169s ]
SQL: SELECT * FROM `tb_grd` WHERE ( grdid=4 ) LIMIT 1   [ RunTime:0.000128s ]
SQL: SHOW COLUMNS FROM `tb_2015_cls` [ RunTime:0.002311s ]
SQL: SELECT * FROM `tb_2015_cls` LEFT JOIN tb_stt ON f_cls_sttid=sttid WHERE ( 1=1 AND f_cls_sttid=1 AND f_cls_grdid=4 ) ORDER BY clsnm ASC  [ RunTime:0.000564s ]
SQL: SHOW COLUMNS FROM `tb_2015_mj` [ RunTime:0.002541s ]
SQL: SELECT * FROM `tb_2015_mj`  [ RunTime:0.000505s ]
SQL: SELECT * FROM `tb_2015_mj` LEFT JOIN tb_bxxs ON f_mj_bxxsid=bxxsid LEFT JOIN tb_kl ON f_mj_klid=klid WHERE ( 1=1 AND mjbbzs=1 AND mjsttu LIKE '%-1-%' AND (1=2 OR f_mj_bxxsid=4) AND f_mj_grdid=4 ) ORDER BY f_mj_bxxsid ASC,mjdm ASC  [ RunTime:0.000160s ]
SQL: SHOW COLUMNS FROM `tb_bxxs` [ RunTime:0.001998s ]
SQL: SELECT * FROM `tb_bxxs` WHERE ( 1=1 AND (1=2 OR bxxsid=4) )  [ RunTime:0.000560s ]
SQL: SHOW COLUMNS FROM `tb_sex` [ RunTime:0.001974s ]
SQL: SELECT * FROM `tb_sex`  [ RunTime:0.001165s ]
SQL: SHOW COLUMNS FROM `tb_rc` [ RunTime:0.002136s ]
SQL: SELECT * FROM `tb_rc`  [ RunTime:0.000572s ]
SQL: SHOW COLUMNS FROM `tb_zzmm` [ RunTime:0.002001s ]
SQL: SELECT * FROM `tb_zzmm`  [ RunTime:0.000581s ]
SQL: SHOW COLUMNS FROM `tb_xl` [ RunTime:0.001984s ]
SQL: SELECT * FROM `tb_xl`  [ RunTime:0.000588s ]
SQL: SHOW COLUMNS FROM `tb_dm` [ RunTime:0.001963s ]
SQL: SELECT * FROM `tb_dm`  [ RunTime:0.000596s ]
SQL: SHOW COLUMNS FROM `tb_stat` [ RunTime:0.002173s ]
SQL: SELECT * FROM `tb_stat`  [ RunTime:0.000491s ]
NOTIC: [8] Undefined index:  stdrcmdnm D:\Program Files\Apache Software Foundation\Apache2.2\htdocs\xx\zspt\Lib\Action\StdAction.class.php 第 346 行.
NOTIC: [8] Undefined index:  stdrcmdcp D:\Program Files\Apache Software Foundation\Apache2.2\htdocs\xx\zspt\Lib\Action\StdAction.class.php 第 346 行.
INFO: [ view_parse ] --START--
NOTIC: [8] Undefined index:  f_mj_bxxsid D:\Program Files\Apache Software Foundation\Apache2.2\htdocs\xx\zspt\Runtime\Cache\42792852baa95d2cf6b901abc6e0c59f.php 第 149 行.
NOTIC: [8] Undefined index:  f_stdxqmj_mjid D:\Program Files\Apache Software Foundation\Apache2.2\htdocs\xx\zspt\Runtime\Cache\42792852baa95d2cf6b901abc6e0c59f.php 第 169 行.
NOTIC: [8] Undefined index:  stdnm D:\Program Files\Apache Software Foundation\Apache2.2\htdocs\xx\zspt\Runtime\Cache\42792852baa95d2cf6b901abc6e0c59f.php 第 179 行.
NOTIC: [8] Undefined index:  f_std_sexid D:\Program Files\Apache Software Foundation\Apache2.2\htdocs\xx\zspt\Runtime\Cache\42792852baa95d2cf6b901abc6e0c59f.php 第 188 行.
NOTIC: [8] Undefined index:  f_std_rcid D:\Program Files\Apache Software Foundation\Apache2.2\htdocs\xx\zspt\Runtime\Cache\42792852baa95d2cf6b901abc6e0c59f.php 第 198 行.
NOTIC: [8] Undefined index:  f_std_zzmmid D:\Program Files\Apache Software Foundation\Apache2.2\htdocs\xx\zspt\Runtime\Cache\42792852baa95d2cf6b901abc6e0c59f.php 第 208 行.
NOTIC: [8] Undefined index:  stdnp D:\Program Files\Apache Software Foundation\Apache2.2\htdocs\xx\zspt\Runtime\Cache\42792852baa95d2cf6b901abc6e0c59f.php 第 233 行.
NOTIC: [8] Undefined index:  f_std_xlid D:\Program Files\Apache Software Foundation\Apache2.2\htdocs\xx\zspt\Runtime\Cache\42792852baa95d2cf6b901abc6e0c59f.php 第 251 行.
NOTIC: [8] Undefined index:  stdcee D:\Program Files\Apache Software Foundation\Apache2.2\htdocs\xx\zspt\Runtime\Cache\42792852baa95d2cf6b901abc6e0c59f.php 第 253 行.
NOTIC: [8] Undefined index:  stdsog D:\Program Files\Apache Software Foundation\Apache2.2\htdocs\xx\zspt\Runtime\Cache\42792852baa95d2cf6b901abc6e0c59f.php 第 256 行.
NOTIC: [8] Undefined index:  stdcp D:\Program Files\Apache Software Foundation\Apache2.2\htdocs\xx\zspt\Runtime\Cache\42792852baa95d2cf6b901abc6e0c59f.php 第 257 行.
NOTIC: [8] Undefined index:  stdidcd D:\Program Files\Apache Software Foundation\Apache2.2\htdocs\xx\zspt\Runtime\Cache\42792852baa95d2cf6b901abc6e0c59f.php 第 260 行.
NOTIC: [8] Undefined index:  stdtlp D:\Program Files\Apache Software Foundation\Apache2.2\htdocs\xx\zspt\Runtime\Cache\42792852baa95d2cf6b901abc6e0c59f.php 第 261 行.
NOTIC: [8] Undefined index:  stdbtd D:\Program Files\Apache Software Foundation\Apache2.2\htdocs\xx\zspt\Runtime\Cache\42792852baa95d2cf6b901abc6e0c59f.php 第 262 行.
NOTIC: [8] Undefined index:  stdqq D:\Program Files\Apache Software Foundation\Apache2.2\htdocs\xx\zspt\Runtime\Cache\42792852baa95d2cf6b901abc6e0c59f.php 第 263 行.
NOTIC: [8] Undefined index:  stdrlta D:\Program Files\Apache Software Foundation\Apache2.2\htdocs\xx\zspt\Runtime\Cache\42792852baa95d2cf6b901abc6e0c59f.php 第 266 行.
NOTIC: [8] Undefined index:  stdrltanm D:\Program Files\Apache Software Foundation\Apache2.2\htdocs\xx\zspt\Runtime\Cache\42792852baa95d2cf6b901abc6e0c59f.php 第 267 行.
NOTIC: [8] Undefined index:  stdrltaocpt D:\Program Files\Apache Software Foundation\Apache2.2\htdocs\xx\zspt\Runtime\Cache\42792852baa95d2cf6b901abc6e0c59f.php 第 268 行.
NOTIC: [8] Undefined index:  stdrltacp D:\Program Files\Apache Software Foundation\Apache2.2\htdocs\xx\zspt\Runtime\Cache\42792852baa95d2cf6b901abc6e0c59f.php 第 269 行.
NOTIC: [8] Undefined index:  stdrltb D:\Program Files\Apache Software Foundation\Apache2.2\htdocs\xx\zspt\Runtime\Cache\42792852baa95d2cf6b901abc6e0c59f.php 第 272 行.
NOTIC: [8] Undefined index:  stdrltbnm D:\Program Files\Apache Software Foundation\Apache2.2\htdocs\xx\zspt\Runtime\Cache\42792852baa95d2cf6b901abc6e0c59f.php 第 273 行.
NOTIC: [8] Undefined index:  stdrltbocpt D:\Program Files\Apache Software Foundation\Apache2.2\htdocs\xx\zspt\Runtime\Cache\42792852baa95d2cf6b901abc6e0c59f.php 第 274 行.
NOTIC: [8] Undefined index:  stdrltbcp D:\Program Files\Apache Software Foundation\Apache2.2\htdocs\xx\zspt\Runtime\Cache\42792852baa95d2cf6b901abc6e0c59f.php 第 275 行.
NOTIC: [8] Undefined index:  stdhb D:\Program Files\Apache Software Foundation\Apache2.2\htdocs\xx\zspt\Runtime\Cache\42792852baa95d2cf6b901abc6e0c59f.php 第 278 行.
NOTIC: [8] Undefined index:  stdads D:\Program Files\Apache Software Foundation\Apache2.2\htdocs\xx\zspt\Runtime\Cache\42792852baa95d2cf6b901abc6e0c59f.php 第 279 行.
NOTIC: [8] Undefined index:  stdpst D:\Program Files\Apache Software Foundation\Apache2.2\htdocs\xx\zspt\Runtime\Cache\42792852baa95d2cf6b901abc6e0c59f.php 第 280 行.
NOTIC: [8] Undefined index:  stdrcmdnm D:\Program Files\Apache Software Foundation\Apache2.2\htdocs\xx\zspt\Runtime\Cache\42792852baa95d2cf6b901abc6e0c59f.php 第 291 行.
NOTIC: [8] Undefined index:  stdrcmdcp D:\Program Files\Apache Software Foundation\Apache2.2\htdocs\xx\zspt\Runtime\Cache\42792852baa95d2cf6b901abc6e0c59f.php 第 292 行.
INFO: ParseTemplate Behavior ::run [ RunTime:0.096508s ]
INFO: [ view_parse ] --END-- [ RunTime:0.096654s ]
INFO: [ view_filter ] --START--
INFO: ContentReplace Behavior ::run [ RunTime:0.007255s ]
INFO: TokenBuild Behavior ::run [ RunTime:0.005603s ]
INFO: WriteHtmlCache Behavior ::run [ RunTime:0.006848s ]
INFO: ShowRuntime Behavior ::run [ RunTime:0.007729s ]
INFO: [ view_filter ] --END-- [ RunTime:0.027757s ]
INFO: [ view_end ] --START--
INFO: ShowPageTrace Behavior ::run [ RunTime:0.007452s ]
INFO: [ view_end ] --END-- [ RunTime:0.007567s ]

[ 2015-09-23T08:43:40+08:00 ] 10.50.10.29 /xx/zspt.php/Std/update
INFO: [ route_check ] --START--
INFO: CheckRoute Behavior ::run [ RunTime:0.007872s ]
INFO: [ route_check ] --END-- [ RunTime:0.008025s ]
INFO: [ app_begin ] --START--
INFO: ReadHtmlCache Behavior ::run [ RunTime:0.007576s ]
INFO: [ app_begin ] --END-- [ RunTime:0.007690s ]
SQL: SHOW COLUMNS FROM `tb_zssz` [ RunTime:0.002557s ]
SQL: SELECT * FROM `tb_zssz` LIMIT 1   [ RunTime:0.000509s ]
SQL: SHOW COLUMNS FROM `tb_grd` [ RunTime:0.002033s ]
SQL: SELECT * FROM `tb_grd` WHERE ( grdid=4 ) LIMIT 1   [ RunTime:0.000562s ]
SQL: SHOW COLUMNS FROM `tb_2015_std` [ RunTime:0.003374s ]
SQL: SHOW COLUMNS FROM `tb_bxxs` [ RunTime:0.002162s ]
SQL: SELECT * FROM `tb_bxxs` WHERE ( bxxsid=4 ) LIMIT 1   [ RunTime:0.000574s ]
NOTIC: [8] Undefined index:  stdaplno D:\Program Files\Apache Software Foundation\Apache2.2\htdocs\xx\zspt\Lib\Action\StdAction.class.php 第 808 行.
SQL: SELECT * FROM `tb_bxxs` WHERE ( bxxsid=4 ) LIMIT 1   [ RunTime:0.000128s ]
SQL: SELECT `stdaplno` FROM `tb_2015_std` WHERE ( stdaplno LIKE '%J2015%' ) ORDER BY stdaplno DESC  [ RunTime:0.001468s ]
SQL: SELECT * FROM `tb_2015_std` WHERE ( stdidcd='331181199802014589' ) LIMIT 1   [ RunTime:0.001606s ]

[ 2015-09-23T08:48:27+08:00 ] 66.249.64.149 /xx/zspt.php/Std/updatejb
INFO: [ route_check ] --START--
INFO: CheckRoute Behavior ::run [ RunTime:0.007987s ]
INFO: [ route_check ] --END-- [ RunTime:0.008148s ]
INFO: [ app_begin ] --START--
INFO: ReadHtmlCache Behavior ::run [ RunTime:0.007590s ]
INFO: [ app_begin ] --END-- [ RunTime:0.007716s ]
ERR: 非法操作:updatejb

[ 2015-09-23T13:59:48+08:00 ] 207.46.13.3 /xx/zspt.php
INFO: [ app_begin ] --START--
INFO: ReadHtmlCache Behavior ::run [ RunTime:0.007923s ]
INFO: [ app_begin ] --END-- [ RunTime:0.008093s ]
SQL: SHOW COLUMNS FROM `tb_zssz` [ RunTime:0.002997s ]
SQL: SELECT * FROM `tb_zssz` LIMIT 1   [ RunTime:0.000506s ]
SQL: SHOW COLUMNS FROM `tb_grd` [ RunTime:0.002424s ]
SQL: SELECT * FROM `tb_grd` WHERE ( grdid=4 ) LIMIT 1   [ RunTime:0.000557s ]
SQL: SHOW COLUMNS FROM `tb_2015_std` [ RunTime:0.003787s ]
SQL: SELECT * FROM `tb_2015_std` WHERE ( stdid= ) LIMIT 1   [ RunTime:0.000187s ]
ERR: 1064:You have an error in your SQL syntax; check the manual that corresponds to your MySQL server version for the right syntax to use near ') LIMIT 1' at line 1
 [ SQL语句 ] : SELECT * FROM `tb_2015_std` WHERE ( stdid= ) LIMIT 1  
SQL: SHOW COLUMNS FROM `tb_atc` [ RunTime:0.003189s ]
SQL: SELECT * FROM `tb_atc` LEFT JOIN tb_bd ON f_atc_bdid=bdid WHERE ( atcps=1 AND atcvw=1 AND atczs=1 ) ORDER BY atctp DESC,atcmdftm DESC LIMIT 0,10   [ RunTime:0.000635s ]
INFO: [ view_parse ] --START--
INFO: ParseTemplate Behavior ::run [ RunTime:0.062884s ]
INFO: [ view_parse ] --END-- [ RunTime:0.063039s ]
INFO: [ view_filter ] --START--
INFO: ContentReplace Behavior ::run [ RunTime:0.007138s ]
INFO: TokenBuild Behavior ::run [ RunTime:0.007184s ]
INFO: WriteHtmlCache Behavior ::run [ RunTime:0.006857s ]
INFO: ShowRuntime Behavior ::run [ RunTime:0.007619s ]
INFO: [ view_filter ] --END-- [ RunTime:0.029117s ]
INFO: [ view_end ] --START--
INFO: ShowPageTrace Behavior ::run [ RunTime:0.007487s ]
INFO: [ view_end ] --END-- [ RunTime:0.007599s ]

