[ 2015-09-25T02:01:13+08:00 ] 66.249.67.118 /xx/zspt.php
INFO: [ app_begin ] --START--
INFO: ReadHtmlCache Behavior ::run [ RunTime:0.007481s ]
INFO: [ app_begin ] --END-- [ RunTime:0.007640s ]
SQL: SHOW COLUMNS FROM `tb_zssz` [ RunTime:0.002973s ]
SQL: SELECT * FROM `tb_zssz` LIMIT 1   [ RunTime:0.000469s ]
SQL: SHOW COLUMNS FROM `tb_grd` [ RunTime:0.002897s ]
SQL: SELECT * FROM `tb_grd` WHERE ( grdid=4 ) LIMIT 1   [ RunTime:0.000490s ]
SQL: SHOW COLUMNS FROM `tb_2015_std` [ RunTime:0.003899s ]
SQL: SELECT * FROM `tb_2015_std` WHERE ( stdid= ) LIMIT 1   [ RunTime:0.000206s ]
ERR: 1064:You have an error in your SQL syntax; check the manual that corresponds to your MySQL server version for the right syntax to use near ') LIMIT 1' at line 1
 [ SQL语句 ] : SELECT * FROM `tb_2015_std` WHERE ( stdid= ) LIMIT 1  
SQL: SHOW COLUMNS FROM `tb_atc` [ RunTime:0.003104s ]
SQL: SELECT * FROM `tb_atc` LEFT JOIN tb_bd ON f_atc_bdid=bdid WHERE ( atcps=1 AND atcvw=1 AND atczs=1 ) ORDER BY atctp DESC,atcmdftm DESC LIMIT 0,10   [ RunTime:0.000655s ]
INFO: [ view_parse ] --START--
INFO: ParseTemplate Behavior ::run [ RunTime:0.056156s ]
INFO: [ view_parse ] --END-- [ RunTime:0.056319s ]
INFO: [ view_filter ] --START--
INFO: ContentReplace Behavior ::run [ RunTime:0.007246s ]
INFO: TokenBuild Behavior ::run [ RunTime:0.004012s ]
INFO: WriteHtmlCache Behavior ::run [ RunTime:0.006902s ]
INFO: ShowRuntime Behavior ::run [ RunTime:0.007505s ]
INFO: [ view_filter ] --END-- [ RunTime:0.025990s ]
INFO: [ view_end ] --START--
INFO: ShowPageTrace Behavior ::run [ RunTime:0.007517s ]
INFO: [ view_end ] --END-- [ RunTime:0.007629s ]

[ 2015-09-25T17:10:57+08:00 ] 66.249.67.106 /xx/zspt.php
INFO: [ app_begin ] --START--
INFO: ReadHtmlCache Behavior ::run [ RunTime:0.007466s ]
INFO: [ app_begin ] --END-- [ RunTime:0.007624s ]
SQL: SHOW COLUMNS FROM `tb_zssz` [ RunTime:0.002945s ]
SQL: SELECT * FROM `tb_zssz` LIMIT 1   [ RunTime:0.000507s ]
SQL: SHOW COLUMNS FROM `tb_grd` [ RunTime:0.002455s ]
SQL: SELECT * FROM `tb_grd` WHERE ( grdid=4 ) LIMIT 1   [ RunTime:0.000583s ]
SQL: SHOW COLUMNS FROM `tb_2015_std` [ RunTime:0.005004s ]
SQL: SELECT * FROM `tb_2015_std` WHERE ( stdid= ) LIMIT 1   [ RunTime:0.058538s ]
ERR: 1064:You have an error in your SQL syntax; check the manual that corresponds to your MySQL server version for the right syntax to use near ') LIMIT 1' at line 1
 [ SQL语句 ] : SELECT * FROM `tb_2015_std` WHERE ( stdid= ) LIMIT 1  
SQL: SHOW COLUMNS FROM `tb_atc` [ RunTime:0.003807s ]
SQL: SELECT * FROM `tb_atc` LEFT JOIN tb_bd ON f_atc_bdid=bdid WHERE ( atcps=1 AND atcvw=1 AND atczs=1 ) ORDER BY atctp DESC,atcmdftm DESC LIMIT 0,10   [ RunTime:0.001954s ]
INFO: [ view_parse ] --START--
INFO: ParseTemplate Behavior ::run [ RunTime:0.062888s ]
INFO: [ view_parse ] --END-- [ RunTime:0.063043s ]
INFO: [ view_filter ] --START--
INFO: ContentReplace Behavior ::run [ RunTime:0.007219s ]
INFO: TokenBuild Behavior ::run [ RunTime:0.007099s ]
INFO: WriteHtmlCache Behavior ::run [ RunTime:0.006898s ]
INFO: ShowRuntime Behavior ::run [ RunTime:0.012144s ]
INFO: [ view_filter ] --END-- [ RunTime:0.033706s ]
INFO: [ view_end ] --START--
INFO: ShowPageTrace Behavior ::run [ RunTime:0.007935s ]
INFO: [ view_end ] --END-- [ RunTime:0.008058s ]

[ 2015-09-25T22:25:51+08:00 ] 101.226.166.203 /xx/zspt.php
INFO: [ app_begin ] --START--
INFO: ReadHtmlCache Behavior ::run [ RunTime:0.007678s ]
INFO: [ app_begin ] --END-- [ RunTime:0.007835s ]
SQL: SHOW COLUMNS FROM `tb_zssz` [ RunTime:0.002939s ]
SQL: SELECT * FROM `tb_zssz` LIMIT 1   [ RunTime:0.000510s ]
SQL: SHOW COLUMNS FROM `tb_grd` [ RunTime:0.002531s ]
SQL: SELECT * FROM `tb_grd` WHERE ( grdid=4 ) LIMIT 1   [ RunTime:0.000528s ]
SQL: SHOW COLUMNS FROM `tb_2015_std` [ RunTime:0.003802s ]
SQL: SELECT * FROM `tb_2015_std` WHERE ( stdid= ) LIMIT 1   [ RunTime:0.000190s ]
ERR: 1064:You have an error in your SQL syntax; check the manual that corresponds to your MySQL server version for the right syntax to use near ') LIMIT 1' at line 1
 [ SQL语句 ] : SELECT * FROM `tb_2015_std` WHERE ( stdid= ) LIMIT 1  
SQL: SHOW COLUMNS FROM `tb_atc` [ RunTime:0.003083s ]
SQL: SELECT * FROM `tb_atc` LEFT JOIN tb_bd ON f_atc_bdid=bdid WHERE ( atcps=1 AND atcvw=1 AND atczs=1 ) ORDER BY atctp DESC,atcmdftm DESC LIMIT 0,10   [ RunTime:0.001856s ]
INFO: [ view_parse ] --START--
INFO: ParseTemplate Behavior ::run [ RunTime:0.065398s ]
INFO: [ view_parse ] --END-- [ RunTime:0.065569s ]
INFO: [ view_filter ] --START--
INFO: ContentReplace Behavior ::run [ RunTime:0.007147s ]
INFO: TokenBuild Behavior ::run [ RunTime:0.005252s ]
INFO: WriteHtmlCache Behavior ::run [ RunTime:0.007518s ]
INFO: ShowRuntime Behavior ::run [ RunTime:0.007267s ]
INFO: [ view_filter ] --END-- [ RunTime:0.028708s ]
INFO: [ view_end ] --START--
INFO: ShowPageTrace Behavior ::run [ RunTime:0.007510s ]
INFO: [ view_end ] --END-- [ RunTime:0.007623s ]

