[ 2015-07-17T09:16:12+08:00 ] 127.0.0.1 /xx/zspt.php
INFO: [ app_begin ] --START--
INFO: ReadHtmlCache Behavior ::run [ RunTime:0.007092s ]
INFO: [ app_begin ] --END-- [ RunTime:0.007259s ]
SQL: SHOW COLUMNS FROM `tb_zssz` [ RunTime:0.047674s ]
SQL: SELECT * FROM `tb_zssz` LIMIT 1   [ RunTime:0.000364s ]
SQL: SHOW COLUMNS FROM `tb_grd` [ RunTime:0.002681s ]
SQL: SELECT * FROM `tb_grd` WHERE ( grdid=4 ) LIMIT 1   [ RunTime:0.000340s ]
SQL: SHOW COLUMNS FROM `tb_2015_std` [ RunTime:0.021333s ]
SQL: SELECT * FROM `tb_2015_std` WHERE ( stdid= ) LIMIT 1   [ RunTime:0.000224s ]
ERR: 1064:You have an error in your SQL syntax; check the manual that corresponds to your MySQL server version for the right syntax to use near ') LIMIT 1' at line 1
 [ SQL语句 ] : SELECT * FROM `tb_2015_std` WHERE ( stdid= ) LIMIT 1  
SQL: SHOW COLUMNS FROM `tb_atc` [ RunTime:0.004182s ]
SQL: SELECT * FROM `tb_atc` LEFT JOIN tb_bd ON f_atc_bdid=bdid WHERE ( atcps=1 AND atcvw=1 AND atczs=1 ) ORDER BY atctp DESC,atcmdftm DESC LIMIT 0,10   [ RunTime:0.010041s ]
INFO: [ view_parse ] --START--
INFO: ParseTemplate Behavior ::run [ RunTime:0.122087s ]
INFO: [ view_parse ] --END-- [ RunTime:0.122312s ]
INFO: [ view_filter ] --START--
INFO: ContentReplace Behavior ::run [ RunTime:0.014355s ]
INFO: TokenBuild Behavior ::run [ RunTime:0.008960s ]
INFO: WriteHtmlCache Behavior ::run [ RunTime:0.000903s ]
INFO: ShowRuntime Behavior ::run [ RunTime:0.010042s ]
INFO: [ view_filter ] --END-- [ RunTime:0.034839s ]
INFO: [ view_end ] --START--
INFO: ShowPageTrace Behavior ::run [ RunTime:0.006637s ]
INFO: [ view_end ] --END-- [ RunTime:0.006852s ]

[ 2015-07-17T09:16:14+08:00 ] 127.0.0.1 /xx/zspt.php/Std/gtxpg/x/updt/stdid/0
INFO: [ route_check ] --START--
INFO: CheckRoute Behavior ::run [ RunTime:0.049702s ]
INFO: [ route_check ] --END-- [ RunTime:0.049864s ]
INFO: [ app_begin ] --START--
INFO: ReadHtmlCache Behavior ::run [ RunTime:0.000732s ]
INFO: [ app_begin ] --END-- [ RunTime:0.000860s ]
SQL: SHOW COLUMNS FROM `tb_zssz` [ RunTime:0.002818s ]
SQL: SELECT * FROM `tb_zssz` LIMIT 1   [ RunTime:0.000283s ]
SQL: SHOW COLUMNS FROM `tb_grd` [ RunTime:0.002552s ]
SQL: SELECT * FROM `tb_grd` WHERE ( grdid=4 ) LIMIT 1   [ RunTime:0.000263s ]
SQL: SHOW COLUMNS FROM `tb_2015_std` [ RunTime:0.005222s ]
SQL: SELECT * FROM `tb_2015_std` WHERE ( stdid= ) LIMIT 1   [ RunTime:0.000251s ]
ERR: 1064:You have an error in your SQL syntax; check the manual that corresponds to your MySQL server version for the right syntax to use near ') LIMIT 1' at line 1
 [ SQL语句 ] : SELECT * FROM `tb_2015_std` WHERE ( stdid= ) LIMIT 1  
SQL: SELECT * FROM `tb_zssz` LIMIT 1   [ RunTime:0.000315s ]
SQL: SELECT * FROM `tb_grd` WHERE ( grdid=4 ) LIMIT 1   [ RunTime:0.000287s ]
SQL: SHOW COLUMNS FROM `tb_2015_cls` [ RunTime:0.039885s ]
SQL: SELECT * FROM `tb_2015_cls` LEFT JOIN tb_stt ON f_cls_sttid=sttid WHERE ( 1=1 AND f_cls_sttid=1 AND f_cls_grdid=4 ) ORDER BY clsnm ASC  [ RunTime:0.000582s ]
SQL: SHOW COLUMNS FROM `tb_2015_mj` [ RunTime:0.004271s ]
SQL: SELECT * FROM `tb_2015_mj`  [ RunTime:0.000376s ]
SQL: SELECT * FROM `tb_2015_mj` LEFT JOIN tb_bxxs ON f_mj_bxxsid=bxxsid LEFT JOIN tb_kl ON f_mj_klid=klid WHERE ( 1=1 AND mjbbzs=1 AND mjsttu LIKE '%-1-%' AND (1=2 OR f_mj_bxxsid=4) AND f_mj_grdid=4 ) ORDER BY f_mj_bxxsid ASC,mjdm ASC  [ RunTime:0.000897s ]
SQL: SHOW COLUMNS FROM `tb_bxxs` [ RunTime:0.003397s ]
SQL: SELECT * FROM `tb_bxxs` WHERE ( 1=1 AND (1=2 OR bxxsid=4) )  [ RunTime:0.000353s ]
SQL: SHOW COLUMNS FROM `tb_sex` [ RunTime:0.003770s ]
SQL: SELECT * FROM `tb_sex`  [ RunTime:0.000442s ]
SQL: SHOW COLUMNS FROM `tb_rc` [ RunTime:0.003651s ]
SQL: SELECT * FROM `tb_rc`  [ RunTime:0.000468s ]
SQL: SHOW COLUMNS FROM `tb_zzmm` [ RunTime:0.003311s ]
SQL: SELECT * FROM `tb_zzmm`  [ RunTime:0.000286s ]
SQL: SHOW COLUMNS FROM `tb_xl` [ RunTime:0.003031s ]
SQL: SELECT * FROM `tb_xl`  [ RunTime:0.000238s ]
SQL: SHOW COLUMNS FROM `tb_dm` [ RunTime:0.002603s ]
SQL: SELECT * FROM `tb_dm`  [ RunTime:0.000230s ]
SQL: SHOW COLUMNS FROM `tb_stat` [ RunTime:0.002651s ]
SQL: SELECT * FROM `tb_stat`  [ RunTime:0.000354s ]
NOTIC: [8] Undefined index: stdrcmdnm C:\wamp\www\xx\zspt\Lib\Action\StdAction.class.php 第 346 行.
NOTIC: [8] Undefined index: stdrcmdcp C:\wamp\www\xx\zspt\Lib\Action\StdAction.class.php 第 346 行.
INFO: [ view_parse ] --START--
NOTIC: [8] Undefined index: f_mj_bxxsid C:\wamp\www\xx\zspt\Runtime\Cache\42792852baa95d2cf6b901abc6e0c59f.php 第 149 行.
NOTIC: [8] Undefined index: f_stdxqmj_mjid C:\wamp\www\xx\zspt\Runtime\Cache\42792852baa95d2cf6b901abc6e0c59f.php 第 169 行.
NOTIC: [8] Undefined index: stdnm C:\wamp\www\xx\zspt\Runtime\Cache\42792852baa95d2cf6b901abc6e0c59f.php 第 179 行.
NOTIC: [8] Undefined index: f_std_sexid C:\wamp\www\xx\zspt\Runtime\Cache\42792852baa95d2cf6b901abc6e0c59f.php 第 188 行.
NOTIC: [8] Undefined index: f_std_rcid C:\wamp\www\xx\zspt\Runtime\Cache\42792852baa95d2cf6b901abc6e0c59f.php 第 198 行.
NOTIC: [8] Undefined index: f_std_zzmmid C:\wamp\www\xx\zspt\Runtime\Cache\42792852baa95d2cf6b901abc6e0c59f.php 第 208 行.
NOTIC: [8] Undefined index: stdnp C:\wamp\www\xx\zspt\Runtime\Cache\42792852baa95d2cf6b901abc6e0c59f.php 第 233 行.
NOTIC: [8] Undefined index: f_std_xlid C:\wamp\www\xx\zspt\Runtime\Cache\42792852baa95d2cf6b901abc6e0c59f.php 第 251 行.
NOTIC: [8] Undefined index: stdcee C:\wamp\www\xx\zspt\Runtime\Cache\42792852baa95d2cf6b901abc6e0c59f.php 第 253 行.
NOTIC: [8] Undefined index: stdsog C:\wamp\www\xx\zspt\Runtime\Cache\42792852baa95d2cf6b901abc6e0c59f.php 第 256 行.
NOTIC: [8] Undefined index: stdcp C:\wamp\www\xx\zspt\Runtime\Cache\42792852baa95d2cf6b901abc6e0c59f.php 第 257 行.
NOTIC: [8] Undefined index: stdidcd C:\wamp\www\xx\zspt\Runtime\Cache\42792852baa95d2cf6b901abc6e0c59f.php 第 260 行.
NOTIC: [8] Undefined index: stdtlp C:\wamp\www\xx\zspt\Runtime\Cache\42792852baa95d2cf6b901abc6e0c59f.php 第 261 行.
NOTIC: [8] Undefined index: stdbtd C:\wamp\www\xx\zspt\Runtime\Cache\42792852baa95d2cf6b901abc6e0c59f.php 第 262 行.
NOTIC: [8] Undefined index: stdqq C:\wamp\www\xx\zspt\Runtime\Cache\42792852baa95d2cf6b901abc6e0c59f.php 第 263 行.
NOTIC: [8] Undefined index: stdrlta C:\wamp\www\xx\zspt\Runtime\Cache\42792852baa95d2cf6b901abc6e0c59f.php 第 266 行.
NOTIC: [8] Undefined index: stdrltanm C:\wamp\www\xx\zspt\Runtime\Cache\42792852baa95d2cf6b901abc6e0c59f.php 第 267 行.
NOTIC: [8] Undefined index: stdrltaocpt C:\wamp\www\xx\zspt\Runtime\Cache\42792852baa95d2cf6b901abc6e0c59f.php 第 268 行.
NOTIC: [8] Undefined index: stdrltacp C:\wamp\www\xx\zspt\Runtime\Cache\42792852baa95d2cf6b901abc6e0c59f.php 第 269 行.
NOTIC: [8] Undefined index: stdrltb C:\wamp\www\xx\zspt\Runtime\Cache\42792852baa95d2cf6b901abc6e0c59f.php 第 272 行.
NOTIC: [8] Undefined index: stdrltbnm C:\wamp\www\xx\zspt\Runtime\Cache\42792852baa95d2cf6b901abc6e0c59f.php 第 273 行.
NOTIC: [8] Undefined index: stdrltbocpt C:\wamp\www\xx\zspt\Runtime\Cache\42792852baa95d2cf6b901abc6e0c59f.php 第 274 行.
NOTIC: [8] Undefined index: stdrltbcp C:\wamp\www\xx\zspt\Runtime\Cache\42792852baa95d2cf6b901abc6e0c59f.php 第 275 行.
NOTIC: [8] Undefined index: stdhb C:\wamp\www\xx\zspt\Runtime\Cache\42792852baa95d2cf6b901abc6e0c59f.php 第 278 行.
NOTIC: [8] Undefined index: stdads C:\wamp\www\xx\zspt\Runtime\Cache\42792852baa95d2cf6b901abc6e0c59f.php 第 279 行.
NOTIC: [8] Undefined index: stdpst C:\wamp\www\xx\zspt\Runtime\Cache\42792852baa95d2cf6b901abc6e0c59f.php 第 280 行.
NOTIC: [8] Undefined index: stdrcmdnm C:\wamp\www\xx\zspt\Runtime\Cache\42792852baa95d2cf6b901abc6e0c59f.php 第 291 行.
NOTIC: [8] Undefined index: stdrcmdcp C:\wamp\www\xx\zspt\Runtime\Cache\42792852baa95d2cf6b901abc6e0c59f.php 第 292 行.
INFO: ParseTemplate Behavior ::run [ RunTime:0.125006s ]
INFO: [ view_parse ] --END-- [ RunTime:0.125183s ]
INFO: [ view_filter ] --START--
INFO: ContentReplace Behavior ::run [ RunTime:0.000958s ]
INFO: TokenBuild Behavior ::run [ RunTime:0.000801s ]
INFO: WriteHtmlCache Behavior ::run [ RunTime:0.000468s ]
INFO: ShowRuntime Behavior ::run [ RunTime:0.000662s ]
INFO: [ view_filter ] --END-- [ RunTime:0.004376s ]
INFO: [ view_end ] --START--
INFO: ShowPageTrace Behavior ::run [ RunTime:0.000688s ]
INFO: [ view_end ] --END-- [ RunTime:0.000809s ]

