[ 2015-09-18T01:14:54+08:00 ] 220.181.108.105 /xx/zspt.php/Atc/gtxpg/x/vw/atcid/holder.js/300x200
INFO: [ route_check ] --START--
INFO: CheckRoute Behavior ::run [ RunTime:0.004857s ]
INFO: [ route_check ] --END-- [ RunTime:0.005018s ]
INFO: [ app_begin ] --START--
INFO: ReadHtmlCache Behavior ::run [ RunTime:0.004280s ]
INFO: [ app_begin ] --END-- [ RunTime:0.004403s ]
SQL: SHOW COLUMNS FROM `tb_zssz` [ RunTime:0.002967s ]
SQL: SELECT * FROM `tb_zssz` LIMIT 1   [ RunTime:0.000514s ]
SQL: SHOW COLUMNS FROM `tb_grd` [ RunTime:0.002444s ]
SQL: SELECT * FROM `tb_grd` WHERE ( grdid=4 ) LIMIT 1   [ RunTime:0.000562s ]
SQL: SHOW COLUMNS FROM `tb_2015_std` [ RunTime:0.003806s ]
SQL: SELECT * FROM `tb_2015_std` WHERE ( stdid= ) LIMIT 1   [ RunTime:0.000189s ]
ERR: 1064:You have an error in your SQL syntax; check the manual that corresponds to your MySQL server version for the right syntax to use near ') LIMIT 1' at line 1
 [ SQL语句 ] : SELECT * FROM `tb_2015_std` WHERE ( stdid= ) LIMIT 1  
SQL: SHOW COLUMNS FROM `tb_atc` [ RunTime:0.003235s ]
SQL: SELECT * FROM `tb_atc` LEFT JOIN tb_bd ON f_atc_bdid=bdid WHERE ( atcid=holder.js ) LIMIT 1   [ RunTime:0.000980s ]
ERR: 1054:Unknown column 'holder.js' in 'where clause'
 [ SQL语句 ] : SELECT * FROM `tb_atc` LEFT JOIN tb_bd ON f_atc_bdid=bdid WHERE ( atcid=holder.js ) LIMIT 1  
SQL: SHOW COLUMNS FROM `tb_bd` [ RunTime:0.002205s ]
SQL: SELECT * FROM `tb_bd` ORDER BY bdodr ASC  [ RunTime:0.000562s ]
SQL: UPDATE `tb_atc` SET `atccnt`=1 WHERE ( atcid= ) [ RunTime:0.000146s ]
ERR: 1064:You have an error in your SQL syntax; check the manual that corresponds to your MySQL server version for the right syntax to use near ')' at line 1
 [ SQL语句 ] : UPDATE `tb_atc` SET `atccnt`=1 WHERE ( atcid= )
NOTIC: [8] Undefined index:  atccv D:\Program Files\Apache Software Foundation\Apache2.2\htdocs\xx\zspt\Lib\Action\AtcAction.class.php 第 44 行.
NOTIC: [8] Undefined index:  atccv D:\Program Files\Apache Software Foundation\Apache2.2\htdocs\xx\zspt\Lib\Action\AtcAction.class.php 第 45 行.
NOTIC: [8] Undefined index:  atccv D:\Program Files\Apache Software Foundation\Apache2.2\htdocs\xx\zspt\Lib\Action\AtcAction.class.php 第 48 行.
SQL: SHOW COLUMNS FROM `tb_sys` [ RunTime:0.002526s ]
SQL: SELECT * FROM `tb_sys` LIMIT 1   [ RunTime:0.000570s ]
INFO: [ view_parse ] --START--
NOTIC: [8] Undefined index:  atctpc D:\Program Files\Apache Software Foundation\Apache2.2\htdocs\xx\zspt\Runtime\Cache\35bee216c0dde56464e23249b341665f.php 第 124 行.
NOTIC: [8] Undefined index:  atcsmr D:\Program Files\Apache Software Foundation\Apache2.2\htdocs\xx\zspt\Runtime\Cache\35bee216c0dde56464e23249b341665f.php 第 125 行.
NOTIC: [8] Undefined index:  atcath D:\Program Files\Apache Software Foundation\Apache2.2\htdocs\xx\zspt\Runtime\Cache\35bee216c0dde56464e23249b341665f.php 第 129 行.
NOTIC: [8] Undefined index:  atcmdftm D:\Program Files\Apache Software Foundation\Apache2.2\htdocs\xx\zspt\Runtime\Cache\35bee216c0dde56464e23249b341665f.php 第 130 行.
NOTIC: [8] Undefined index:  atccv D:\Program Files\Apache Software Foundation\Apache2.2\htdocs\xx\zspt\Runtime\Cache\35bee216c0dde56464e23249b341665f.php 第 136 行.
NOTIC: [8] Undefined index:  atcctt D:\Program Files\Apache Software Foundation\Apache2.2\htdocs\xx\zspt\Runtime\Cache\35bee216c0dde56464e23249b341665f.php 第 142 行.
NOTIC: [8] Undefined variable: schzysc D:\Program Files\Apache Software Foundation\Apache2.2\htdocs\xx\zspt\Runtime\Cache\35bee216c0dde56464e23249b341665f.php 第 154 行.
NOTIC: [8] Undefined variable: clctcss D:\Program Files\Apache Software Foundation\Apache2.2\htdocs\xx\zspt\Runtime\Cache\35bee216c0dde56464e23249b341665f.php 第 155 行.
NOTIC: [8] Undefined index:  atcid D:\Program Files\Apache Software Foundation\Apache2.2\htdocs\xx\zspt\Runtime\Cache\35bee216c0dde56464e23249b341665f.php 第 155 行.
NOTIC: [8] Undefined variable: heartcss D:\Program Files\Apache Software Foundation\Apache2.2\htdocs\xx\zspt\Runtime\Cache\35bee216c0dde56464e23249b341665f.php 第 155 行.
NOTIC: [8] Undefined index:  atcid D:\Program Files\Apache Software Foundation\Apache2.2\htdocs\xx\zspt\Runtime\Cache\35bee216c0dde56464e23249b341665f.php 第 157 行.
NOTIC: [8] Undefined index:  atczn D:\Program Files\Apache Software Foundation\Apache2.2\htdocs\xx\zspt\Runtime\Cache\35bee216c0dde56464e23249b341665f.php 第 157 行.
NOTIC: [8] Undefined index:  atcid D:\Program Files\Apache Software Foundation\Apache2.2\htdocs\xx\zspt\Runtime\Cache\35bee216c0dde56464e23249b341665f.php 第 158 行.
NOTIC: [8] Undefined index:  atctc D:\Program Files\Apache Software Foundation\Apache2.2\htdocs\xx\zspt\Runtime\Cache\35bee216c0dde56464e23249b341665f.php 第 158 行.
NOTIC: [8] Undefined index:  atctpc D:\Program Files\Apache Software Foundation\Apache2.2\htdocs\xx\zspt\Runtime\Cache\35bee216c0dde56464e23249b341665f.php 第 163 行.
INFO: ParseTemplate Behavior ::run [ RunTime:0.055466s ]
INFO: [ view_parse ] --END-- [ RunTime:0.055618s ]
INFO: [ view_filter ] --START--
INFO: ContentReplace Behavior ::run [ RunTime:0.004292s ]
INFO: TokenBuild Behavior ::run [ RunTime:0.003976s ]
INFO: WriteHtmlCache Behavior ::run [ RunTime:0.003774s ]
INFO: ShowRuntime Behavior ::run [ RunTime:0.004122s ]
INFO: [ view_filter ] --END-- [ RunTime:0.016482s ]
INFO: [ view_end ] --START--
INFO: ShowPageTrace Behavior ::run [ RunTime:0.007501s ]
INFO: [ view_end ] --END-- [ RunTime:0.007618s ]

[ 2015-09-18T06:28:22+08:00 ] 68.180.228.176 /xx/zspt.php
INFO: [ app_begin ] --START--
INFO: ReadHtmlCache Behavior ::run [ RunTime:0.007519s ]
INFO: [ app_begin ] --END-- [ RunTime:0.007676s ]
SQL: SHOW COLUMNS FROM `tb_zssz` [ RunTime:0.002957s ]
SQL: SELECT * FROM `tb_zssz` LIMIT 1   [ RunTime:0.000516s ]
SQL: SHOW COLUMNS FROM `tb_grd` [ RunTime:0.002602s ]
SQL: SELECT * FROM `tb_grd` WHERE ( grdid=4 ) LIMIT 1   [ RunTime:0.000800s ]
SQL: SHOW COLUMNS FROM `tb_2015_std` [ RunTime:0.003885s ]
SQL: SELECT * FROM `tb_2015_std` WHERE ( stdid= ) LIMIT 1   [ RunTime:0.000189s ]
ERR: 1064:You have an error in your SQL syntax; check the manual that corresponds to your MySQL server version for the right syntax to use near ') LIMIT 1' at line 1
 [ SQL语句 ] : SELECT * FROM `tb_2015_std` WHERE ( stdid= ) LIMIT 1  
SQL: SHOW COLUMNS FROM `tb_atc` [ RunTime:0.003097s ]
SQL: SELECT * FROM `tb_atc` LEFT JOIN tb_bd ON f_atc_bdid=bdid WHERE ( atcps=1 AND atcvw=1 AND atczs=1 ) ORDER BY atctp DESC,atcmdftm DESC LIMIT 0,10   [ RunTime:0.002002s ]
INFO: [ view_parse ] --START--
INFO: ParseTemplate Behavior ::run [ RunTime:0.061621s ]
INFO: [ view_parse ] --END-- [ RunTime:0.061799s ]
INFO: [ view_filter ] --START--
INFO: ContentReplace Behavior ::run [ RunTime:0.007166s ]
INFO: TokenBuild Behavior ::run [ RunTime:0.007113s ]
INFO: WriteHtmlCache Behavior ::run [ RunTime:0.006905s ]
INFO: ShowRuntime Behavior ::run [ RunTime:0.007222s ]
INFO: [ view_filter ] --END-- [ RunTime:0.028723s ]
INFO: [ view_end ] --START--
INFO: ShowPageTrace Behavior ::run [ RunTime:0.007581s ]
INFO: [ view_end ] --END-- [ RunTime:0.007695s ]

[ 2015-09-18T15:41:06+08:00 ] 10.50.10.176 /xx/zspt.php
INFO: [ app_begin ] --START--
INFO: ReadHtmlCache Behavior ::run [ RunTime:0.007369s ]
INFO: [ app_begin ] --END-- [ RunTime:0.007524s ]
SQL: SHOW COLUMNS FROM `tb_zssz` [ RunTime:0.003032s ]
SQL: SELECT * FROM `tb_zssz` LIMIT 1   [ RunTime:0.001214s ]
SQL: SHOW COLUMNS FROM `tb_grd` [ RunTime:0.002135s ]
SQL: SELECT * FROM `tb_grd` WHERE ( grdid=4 ) LIMIT 1   [ RunTime:0.000524s ]
SQL: SHOW COLUMNS FROM `tb_2015_std` [ RunTime:0.003389s ]
SQL: SELECT * FROM `tb_2015_std` WHERE ( stdid= ) LIMIT 1   [ RunTime:0.000183s ]
ERR: 1064:You have an error in your SQL syntax; check the manual that corresponds to your MySQL server version for the right syntax to use near ') LIMIT 1' at line 1
 [ SQL语句 ] : SELECT * FROM `tb_2015_std` WHERE ( stdid= ) LIMIT 1  
SQL: SHOW COLUMNS FROM `tb_atc` [ RunTime:0.003154s ]
SQL: SELECT * FROM `tb_atc` LEFT JOIN tb_bd ON f_atc_bdid=bdid WHERE ( atcps=1 AND atcvw=1 AND atczs=1 ) ORDER BY atctp DESC,atcmdftm DESC LIMIT 0,10   [ RunTime:0.000571s ]
INFO: [ view_parse ] --START--
INFO: ParseTemplate Behavior ::run [ RunTime:0.066349s ]
INFO: [ view_parse ] --END-- [ RunTime:0.066505s ]
INFO: [ view_filter ] --START--
INFO: ContentReplace Behavior ::run [ RunTime:0.007263s ]
INFO: TokenBuild Behavior ::run [ RunTime:0.007059s ]
INFO: WriteHtmlCache Behavior ::run [ RunTime:0.007704s ]
INFO: ShowRuntime Behavior ::run [ RunTime:0.007238s ]
INFO: [ view_filter ] --END-- [ RunTime:0.029593s ]
INFO: [ view_end ] --START--
INFO: ShowPageTrace Behavior ::run [ RunTime:0.007636s ]
INFO: [ view_end ] --END-- [ RunTime:0.007749s ]

[ 2015-09-18T15:41:08+08:00 ] 10.50.10.176 /xx/zspt.php/Std/gtxpg/x/updt/stdid/0
INFO: [ route_check ] --START--
INFO: CheckRoute Behavior ::run [ RunTime:0.007853s ]
INFO: [ route_check ] --END-- [ RunTime:0.008006s ]
INFO: [ app_begin ] --START--
INFO: ReadHtmlCache Behavior ::run [ RunTime:0.007327s ]
INFO: [ app_begin ] --END-- [ RunTime:0.007448s ]
SQL: SHOW COLUMNS FROM `tb_zssz` [ RunTime:0.002467s ]
SQL: SELECT * FROM `tb_zssz` LIMIT 1   [ RunTime:0.000738s ]
SQL: SHOW COLUMNS FROM `tb_grd` [ RunTime:0.002069s ]
SQL: SELECT * FROM `tb_grd` WHERE ( grdid=4 ) LIMIT 1   [ RunTime:0.000618s ]
SQL: SHOW COLUMNS FROM `tb_2015_std` [ RunTime:0.003509s ]
SQL: SELECT * FROM `tb_2015_std` WHERE ( stdid= ) LIMIT 1   [ RunTime:0.000190s ]
ERR: 1064:You have an error in your SQL syntax; check the manual that corresponds to your MySQL server version for the right syntax to use near ') LIMIT 1' at line 1
 [ SQL语句 ] : SELECT * FROM `tb_2015_std` WHERE ( stdid= ) LIMIT 1  
SQL: SELECT * FROM `tb_zssz` LIMIT 1   [ RunTime:0.000138s ]
SQL: SELECT * FROM `tb_grd` WHERE ( grdid=4 ) LIMIT 1   [ RunTime:0.000122s ]
SQL: SHOW COLUMNS FROM `tb_2015_cls` [ RunTime:0.002234s ]
SQL: SELECT * FROM `tb_2015_cls` LEFT JOIN tb_stt ON f_cls_sttid=sttid WHERE ( 1=1 AND f_cls_sttid=1 AND f_cls_grdid=4 ) ORDER BY clsnm ASC  [ RunTime:0.000570s ]
SQL: SHOW COLUMNS FROM `tb_2015_mj` [ RunTime:0.002772s ]
SQL: SELECT * FROM `tb_2015_mj`  [ RunTime:0.000521s ]
SQL: SELECT * FROM `tb_2015_mj` LEFT JOIN tb_bxxs ON f_mj_bxxsid=bxxsid LEFT JOIN tb_kl ON f_mj_klid=klid WHERE ( 1=1 AND mjbbzs=1 AND mjsttu LIKE '%-1-%' AND (1=2 OR f_mj_bxxsid=4) AND f_mj_grdid=4 ) ORDER BY f_mj_bxxsid ASC,mjdm ASC  [ RunTime:0.000162s ]
SQL: SHOW COLUMNS FROM `tb_bxxs` [ RunTime:0.002036s ]
SQL: SELECT * FROM `tb_bxxs` WHERE ( 1=1 AND (1=2 OR bxxsid=4) )  [ RunTime:0.000545s ]
SQL: SHOW COLUMNS FROM `tb_sex` [ RunTime:0.001992s ]
SQL: SELECT * FROM `tb_sex`  [ RunTime:0.000590s ]
SQL: SHOW COLUMNS FROM `tb_rc` [ RunTime:0.001985s ]
SQL: SELECT * FROM `tb_rc`  [ RunTime:0.000601s ]
SQL: SHOW COLUMNS FROM `tb_zzmm` [ RunTime:0.002000s ]
SQL: SELECT * FROM `tb_zzmm`  [ RunTime:0.000589s ]
SQL: SHOW COLUMNS FROM `tb_xl` [ RunTime:0.001990s ]
SQL: SELECT * FROM `tb_xl`  [ RunTime:0.000581s ]
SQL: SHOW COLUMNS FROM `tb_dm` [ RunTime:0.001985s ]
SQL: SELECT * FROM `tb_dm`  [ RunTime:0.000582s ]
SQL: SHOW COLUMNS FROM `tb_stat` [ RunTime:0.002127s ]
SQL: SELECT * FROM `tb_stat`  [ RunTime:0.000523s ]
NOTIC: [8] Undefined index:  stdrcmdnm D:\Program Files\Apache Software Foundation\Apache2.2\htdocs\xx\zspt\Lib\Action\StdAction.class.php 第 346 行.
NOTIC: [8] Undefined index:  stdrcmdcp D:\Program Files\Apache Software Foundation\Apache2.2\htdocs\xx\zspt\Lib\Action\StdAction.class.php 第 346 行.
INFO: [ view_parse ] --START--
NOTIC: [8] Undefined index:  f_mj_bxxsid D:\Program Files\Apache Software Foundation\Apache2.2\htdocs\xx\zspt\Runtime\Cache\42792852baa95d2cf6b901abc6e0c59f.php 第 149 行.
NOTIC: [8] Undefined index:  f_stdxqmj_mjid D:\Program Files\Apache Software Foundation\Apache2.2\htdocs\xx\zspt\Runtime\Cache\42792852baa95d2cf6b901abc6e0c59f.php 第 169 行.
NOTIC: [8] Undefined index:  stdnm D:\Program Files\Apache Software Foundation\Apache2.2\htdocs\xx\zspt\Runtime\Cache\42792852baa95d2cf6b901abc6e0c59f.php 第 179 行.
NOTIC: [8] Undefined index:  f_std_sexid D:\Program Files\Apache Software Foundation\Apache2.2\htdocs\xx\zspt\Runtime\Cache\42792852baa95d2cf6b901abc6e0c59f.php 第 188 行.
NOTIC: [8] Undefined index:  f_std_rcid D:\Program Files\Apache Software Foundation\Apache2.2\htdocs\xx\zspt\Runtime\Cache\42792852baa95d2cf6b901abc6e0c59f.php 第 198 行.
NOTIC: [8] Undefined index:  f_std_zzmmid D:\Program Files\Apache Software Foundation\Apache2.2\htdocs\xx\zspt\Runtime\Cache\42792852baa95d2cf6b901abc6e0c59f.php 第 208 行.
NOTIC: [8] Undefined index:  stdnp D:\Program Files\Apache Software Foundation\Apache2.2\htdocs\xx\zspt\Runtime\Cache\42792852baa95d2cf6b901abc6e0c59f.php 第 233 行.
NOTIC: [8] Undefined index:  f_std_xlid D:\Program Files\Apache Software Foundation\Apache2.2\htdocs\xx\zspt\Runtime\Cache\42792852baa95d2cf6b901abc6e0c59f.php 第 251 行.
NOTIC: [8] Undefined index:  stdcee D:\Program Files\Apache Software Foundation\Apache2.2\htdocs\xx\zspt\Runtime\Cache\42792852baa95d2cf6b901abc6e0c59f.php 第 253 行.
NOTIC: [8] Undefined index:  stdsog D:\Program Files\Apache Software Foundation\Apache2.2\htdocs\xx\zspt\Runtime\Cache\42792852baa95d2cf6b901abc6e0c59f.php 第 256 行.
NOTIC: [8] Undefined index:  stdcp D:\Program Files\Apache Software Foundation\Apache2.2\htdocs\xx\zspt\Runtime\Cache\42792852baa95d2cf6b901abc6e0c59f.php 第 257 行.
NOTIC: [8] Undefined index:  stdidcd D:\Program Files\Apache Software Foundation\Apache2.2\htdocs\xx\zspt\Runtime\Cache\42792852baa95d2cf6b901abc6e0c59f.php 第 260 行.
NOTIC: [8] Undefined index:  stdtlp D:\Program Files\Apache Software Foundation\Apache2.2\htdocs\xx\zspt\Runtime\Cache\42792852baa95d2cf6b901abc6e0c59f.php 第 261 行.
NOTIC: [8] Undefined index:  stdbtd D:\Program Files\Apache Software Foundation\Apache2.2\htdocs\xx\zspt\Runtime\Cache\42792852baa95d2cf6b901abc6e0c59f.php 第 262 行.
NOTIC: [8] Undefined index:  stdqq D:\Program Files\Apache Software Foundation\Apache2.2\htdocs\xx\zspt\Runtime\Cache\42792852baa95d2cf6b901abc6e0c59f.php 第 263 行.
NOTIC: [8] Undefined index:  stdrlta D:\Program Files\Apache Software Foundation\Apache2.2\htdocs\xx\zspt\Runtime\Cache\42792852baa95d2cf6b901abc6e0c59f.php 第 266 行.
NOTIC: [8] Undefined index:  stdrltanm D:\Program Files\Apache Software Foundation\Apache2.2\htdocs\xx\zspt\Runtime\Cache\42792852baa95d2cf6b901abc6e0c59f.php 第 267 行.
NOTIC: [8] Undefined index:  stdrltaocpt D:\Program Files\Apache Software Foundation\Apache2.2\htdocs\xx\zspt\Runtime\Cache\42792852baa95d2cf6b901abc6e0c59f.php 第 268 行.
NOTIC: [8] Undefined index:  stdrltacp D:\Program Files\Apache Software Foundation\Apache2.2\htdocs\xx\zspt\Runtime\Cache\42792852baa95d2cf6b901abc6e0c59f.php 第 269 行.
NOTIC: [8] Undefined index:  stdrltb D:\Program Files\Apache Software Foundation\Apache2.2\htdocs\xx\zspt\Runtime\Cache\42792852baa95d2cf6b901abc6e0c59f.php 第 272 行.
NOTIC: [8] Undefined index:  stdrltbnm D:\Program Files\Apache Software Foundation\Apache2.2\htdocs\xx\zspt\Runtime\Cache\42792852baa95d2cf6b901abc6e0c59f.php 第 273 行.
NOTIC: [8] Undefined index:  stdrltbocpt D:\Program Files\Apache Software Foundation\Apache2.2\htdocs\xx\zspt\Runtime\Cache\42792852baa95d2cf6b901abc6e0c59f.php 第 274 行.
NOTIC: [8] Undefined index:  stdrltbcp D:\Program Files\Apache Software Foundation\Apache2.2\htdocs\xx\zspt\Runtime\Cache\42792852baa95d2cf6b901abc6e0c59f.php 第 275 行.
NOTIC: [8] Undefined index:  stdhb D:\Program Files\Apache Software Foundation\Apache2.2\htdocs\xx\zspt\Runtime\Cache\42792852baa95d2cf6b901abc6e0c59f.php 第 278 行.
NOTIC: [8] Undefined index:  stdads D:\Program Files\Apache Software Foundation\Apache2.2\htdocs\xx\zspt\Runtime\Cache\42792852baa95d2cf6b901abc6e0c59f.php 第 279 行.
NOTIC: [8] Undefined index:  stdpst D:\Program Files\Apache Software Foundation\Apache2.2\htdocs\xx\zspt\Runtime\Cache\42792852baa95d2cf6b901abc6e0c59f.php 第 280 行.
NOTIC: [8] Undefined index:  stdrcmdnm D:\Program Files\Apache Software Foundation\Apache2.2\htdocs\xx\zspt\Runtime\Cache\42792852baa95d2cf6b901abc6e0c59f.php 第 291 行.
NOTIC: [8] Undefined index:  stdrcmdcp D:\Program Files\Apache Software Foundation\Apache2.2\htdocs\xx\zspt\Runtime\Cache\42792852baa95d2cf6b901abc6e0c59f.php 第 292 行.
INFO: ParseTemplate Behavior ::run [ RunTime:0.103888s ]
INFO: [ view_parse ] --END-- [ RunTime:0.104032s ]
INFO: [ view_filter ] --START--
INFO: ContentReplace Behavior ::run [ RunTime:0.007281s ]
INFO: TokenBuild Behavior ::run [ RunTime:0.007693s ]
INFO: WriteHtmlCache Behavior ::run [ RunTime:0.006864s ]
INFO: ShowRuntime Behavior ::run [ RunTime:0.007231s ]
INFO: [ view_filter ] --END-- [ RunTime:0.029392s ]
INFO: [ view_end ] --START--
INFO: ShowPageTrace Behavior ::run [ RunTime:0.007446s ]
INFO: [ view_end ] --END-- [ RunTime:0.007559s ]

[ 2015-09-18T15:52:15+08:00 ] 10.50.10.176 /xx/zspt.php
INFO: [ app_begin ] --START--
INFO: ReadHtmlCache Behavior ::run [ RunTime:0.007413s ]
INFO: [ app_begin ] --END-- [ RunTime:0.007570s ]
SQL: SHOW COLUMNS FROM `tb_zssz` [ RunTime:0.002873s ]
SQL: SELECT * FROM `tb_zssz` LIMIT 1   [ RunTime:0.000511s ]
SQL: SHOW COLUMNS FROM `tb_grd` [ RunTime:0.002403s ]
SQL: SELECT * FROM `tb_grd` WHERE ( grdid=4 ) LIMIT 1   [ RunTime:0.000583s ]
SQL: SHOW COLUMNS FROM `tb_2015_std` [ RunTime:0.003952s ]
SQL: SELECT * FROM `tb_2015_std` WHERE ( stdid= ) LIMIT 1   [ RunTime:0.000215s ]
ERR: 1064:You have an error in your SQL syntax; check the manual that corresponds to your MySQL server version for the right syntax to use near ') LIMIT 1' at line 1
 [ SQL语句 ] : SELECT * FROM `tb_2015_std` WHERE ( stdid= ) LIMIT 1  
SQL: SHOW COLUMNS FROM `tb_atc` [ RunTime:0.003110s ]
SQL: SELECT * FROM `tb_atc` LEFT JOIN tb_bd ON f_atc_bdid=bdid WHERE ( atcps=1 AND atcvw=1 AND atczs=1 ) ORDER BY atctp DESC,atcmdftm DESC LIMIT 0,10   [ RunTime:0.000655s ]
INFO: [ view_parse ] --START--
INFO: ParseTemplate Behavior ::run [ RunTime:0.056651s ]
INFO: [ view_parse ] --END-- [ RunTime:0.056809s ]
INFO: [ view_filter ] --START--
INFO: ContentReplace Behavior ::run [ RunTime:0.007172s ]
INFO: TokenBuild Behavior ::run [ RunTime:0.004676s ]
INFO: WriteHtmlCache Behavior ::run [ RunTime:0.003778s ]
INFO: ShowRuntime Behavior ::run [ RunTime:0.007232s ]
INFO: [ view_filter ] --END-- [ RunTime:0.023183s ]
INFO: [ view_end ] --START--
INFO: ShowPageTrace Behavior ::run [ RunTime:0.007568s ]
INFO: [ view_end ] --END-- [ RunTime:0.007682s ]

[ 2015-09-18T15:52:17+08:00 ] 10.50.10.176 /xx/zspt.php/Std/gtxpg/x/updt/stdid/0
INFO: [ route_check ] --START--
INFO: CheckRoute Behavior ::run [ RunTime:0.009251s ]
INFO: [ route_check ] --END-- [ RunTime:0.009502s ]
INFO: [ app_begin ] --START--
INFO: ReadHtmlCache Behavior ::run [ RunTime:0.006683s ]
INFO: [ app_begin ] --END-- [ RunTime:0.006903s ]
SQL: SHOW COLUMNS FROM `tb_zssz` [ RunTime:0.002503s ]
SQL: SELECT * FROM `tb_zssz` LIMIT 1   [ RunTime:0.000464s ]
SQL: SHOW COLUMNS FROM `tb_grd` [ RunTime:0.003449s ]
SQL: SELECT * FROM `tb_grd` WHERE ( grdid=4 ) LIMIT 1   [ RunTime:0.000777s ]
SQL: SHOW COLUMNS FROM `tb_2015_std` [ RunTime:0.003585s ]
SQL: SELECT * FROM `tb_2015_std` WHERE ( stdid= ) LIMIT 1   [ RunTime:0.000192s ]
ERR: 1064:You have an error in your SQL syntax; check the manual that corresponds to your MySQL server version for the right syntax to use near ') LIMIT 1' at line 1
 [ SQL语句 ] : SELECT * FROM `tb_2015_std` WHERE ( stdid= ) LIMIT 1  
SQL: SELECT * FROM `tb_zssz` LIMIT 1   [ RunTime:0.000136s ]
SQL: SELECT * FROM `tb_grd` WHERE ( grdid=4 ) LIMIT 1   [ RunTime:0.000121s ]
SQL: SHOW COLUMNS FROM `tb_2015_cls` [ RunTime:0.002666s ]
SQL: SELECT * FROM `tb_2015_cls` LEFT JOIN tb_stt ON f_cls_sttid=sttid WHERE ( 1=1 AND f_cls_sttid=1 AND f_cls_grdid=4 ) ORDER BY clsnm ASC  [ RunTime:0.000525s ]
SQL: SHOW COLUMNS FROM `tb_2015_mj` [ RunTime:0.003137s ]
SQL: SELECT * FROM `tb_2015_mj`  [ RunTime:0.000543s ]
SQL: SELECT * FROM `tb_2015_mj` LEFT JOIN tb_bxxs ON f_mj_bxxsid=bxxsid LEFT JOIN tb_kl ON f_mj_klid=klid WHERE ( 1=1 AND mjbbzs=1 AND mjsttu LIKE '%-1-%' AND (1=2 OR f_mj_bxxsid=4) AND f_mj_grdid=4 ) ORDER BY f_mj_bxxsid ASC,mjdm ASC  [ RunTime:0.000174s ]
SQL: SHOW COLUMNS FROM `tb_bxxs` [ RunTime:0.002498s ]
SQL: SELECT * FROM `tb_bxxs` WHERE ( 1=1 AND (1=2 OR bxxsid=4) )  [ RunTime:0.000539s ]
SQL: SHOW COLUMNS FROM `tb_sex` [ RunTime:0.002399s ]
SQL: SELECT * FROM `tb_sex`  [ RunTime:0.000588s ]
SQL: SHOW COLUMNS FROM `tb_rc` [ RunTime:0.002386s ]
SQL: SELECT * FROM `tb_rc`  [ RunTime:0.000599s ]
SQL: SHOW COLUMNS FROM `tb_zzmm` [ RunTime:0.002751s ]
SQL: SELECT * FROM `tb_zzmm`  [ RunTime:0.000594s ]
SQL: SHOW COLUMNS FROM `tb_xl` [ RunTime:0.002425s ]
SQL: SELECT * FROM `tb_xl`  [ RunTime:0.000649s ]
SQL: SHOW COLUMNS FROM `tb_dm` [ RunTime:0.002388s ]
SQL: SELECT * FROM `tb_dm`  [ RunTime:0.000588s ]
SQL: SHOW COLUMNS FROM `tb_stat` [ RunTime:0.002524s ]
SQL: SELECT * FROM `tb_stat`  [ RunTime:0.000563s ]
NOTIC: [8] Undefined index:  stdrcmdnm D:\Program Files\Apache Software Foundation\Apache2.2\htdocs\xx\zspt\Lib\Action\StdAction.class.php 第 346 行.
NOTIC: [8] Undefined index:  stdrcmdcp D:\Program Files\Apache Software Foundation\Apache2.2\htdocs\xx\zspt\Lib\Action\StdAction.class.php 第 346 行.
INFO: [ view_parse ] --START--
NOTIC: [8] Undefined index:  f_mj_bxxsid D:\Program Files\Apache Software Foundation\Apache2.2\htdocs\xx\zspt\Runtime\Cache\42792852baa95d2cf6b901abc6e0c59f.php 第 149 行.
NOTIC: [8] Undefined index:  f_stdxqmj_mjid D:\Program Files\Apache Software Foundation\Apache2.2\htdocs\xx\zspt\Runtime\Cache\42792852baa95d2cf6b901abc6e0c59f.php 第 169 行.
NOTIC: [8] Undefined index:  stdnm D:\Program Files\Apache Software Foundation\Apache2.2\htdocs\xx\zspt\Runtime\Cache\42792852baa95d2cf6b901abc6e0c59f.php 第 179 行.
NOTIC: [8] Undefined index:  f_std_sexid D:\Program Files\Apache Software Foundation\Apache2.2\htdocs\xx\zspt\Runtime\Cache\42792852baa95d2cf6b901abc6e0c59f.php 第 188 行.
NOTIC: [8] Undefined index:  f_std_rcid D:\Program Files\Apache Software Foundation\Apache2.2\htdocs\xx\zspt\Runtime\Cache\42792852baa95d2cf6b901abc6e0c59f.php 第 198 行.
NOTIC: [8] Undefined index:  f_std_zzmmid D:\Program Files\Apache Software Foundation\Apache2.2\htdocs\xx\zspt\Runtime\Cache\42792852baa95d2cf6b901abc6e0c59f.php 第 208 行.
NOTIC: [8] Undefined index:  stdnp D:\Program Files\Apache Software Foundation\Apache2.2\htdocs\xx\zspt\Runtime\Cache\42792852baa95d2cf6b901abc6e0c59f.php 第 233 行.
NOTIC: [8] Undefined index:  f_std_xlid D:\Program Files\Apache Software Foundation\Apache2.2\htdocs\xx\zspt\Runtime\Cache\42792852baa95d2cf6b901abc6e0c59f.php 第 251 行.
NOTIC: [8] Undefined index:  stdcee D:\Program Files\Apache Software Foundation\Apache2.2\htdocs\xx\zspt\Runtime\Cache\42792852baa95d2cf6b901abc6e0c59f.php 第 253 行.
NOTIC: [8] Undefined index:  stdsog D:\Program Files\Apache Software Foundation\Apache2.2\htdocs\xx\zspt\Runtime\Cache\42792852baa95d2cf6b901abc6e0c59f.php 第 256 行.
NOTIC: [8] Undefined index:  stdcp D:\Program Files\Apache Software Foundation\Apache2.2\htdocs\xx\zspt\Runtime\Cache\42792852baa95d2cf6b901abc6e0c59f.php 第 257 行.
NOTIC: [8] Undefined index:  stdidcd D:\Program Files\Apache Software Foundation\Apache2.2\htdocs\xx\zspt\Runtime\Cache\42792852baa95d2cf6b901abc6e0c59f.php 第 260 行.
NOTIC: [8] Undefined index:  stdtlp D:\Program Files\Apache Software Foundation\Apache2.2\htdocs\xx\zspt\Runtime\Cache\42792852baa95d2cf6b901abc6e0c59f.php 第 261 行.
NOTIC: [8] Undefined index:  stdbtd D:\Program Files\Apache Software Foundation\Apache2.2\htdocs\xx\zspt\Runtime\Cache\42792852baa95d2cf6b901abc6e0c59f.php 第 262 行.
NOTIC: [8] Undefined index:  stdqq D:\Program Files\Apache Software Foundation\Apache2.2\htdocs\xx\zspt\Runtime\Cache\42792852baa95d2cf6b901abc6e0c59f.php 第 263 行.
NOTIC: [8] Undefined index:  stdrlta D:\Program Files\Apache Software Foundation\Apache2.2\htdocs\xx\zspt\Runtime\Cache\42792852baa95d2cf6b901abc6e0c59f.php 第 266 行.
NOTIC: [8] Undefined index:  stdrltanm D:\Program Files\Apache Software Foundation\Apache2.2\htdocs\xx\zspt\Runtime\Cache\42792852baa95d2cf6b901abc6e0c59f.php 第 267 行.
NOTIC: [8] Undefined index:  stdrltaocpt D:\Program Files\Apache Software Foundation\Apache2.2\htdocs\xx\zspt\Runtime\Cache\42792852baa95d2cf6b901abc6e0c59f.php 第 268 行.
NOTIC: [8] Undefined index:  stdrltacp D:\Program Files\Apache Software Foundation\Apache2.2\htdocs\xx\zspt\Runtime\Cache\42792852baa95d2cf6b901abc6e0c59f.php 第 269 行.
NOTIC: [8] Undefined index:  stdrltb D:\Program Files\Apache Software Foundation\Apache2.2\htdocs\xx\zspt\Runtime\Cache\42792852baa95d2cf6b901abc6e0c59f.php 第 272 行.
NOTIC: [8] Undefined index:  stdrltbnm D:\Program Files\Apache Software Foundation\Apache2.2\htdocs\xx\zspt\Runtime\Cache\42792852baa95d2cf6b901abc6e0c59f.php 第 273 行.
NOTIC: [8] Undefined index:  stdrltbocpt D:\Program Files\Apache Software Foundation\Apache2.2\htdocs\xx\zspt\Runtime\Cache\42792852baa95d2cf6b901abc6e0c59f.php 第 274 行.
NOTIC: [8] Undefined index:  stdrltbcp D:\Program Files\Apache Software Foundation\Apache2.2\htdocs\xx\zspt\Runtime\Cache\42792852baa95d2cf6b901abc6e0c59f.php 第 275 行.
NOTIC: [8] Undefined index:  stdhb D:\Program Files\Apache Software Foundation\Apache2.2\htdocs\xx\zspt\Runtime\Cache\42792852baa95d2cf6b901abc6e0c59f.php 第 278 行.
NOTIC: [8] Undefined index:  stdads D:\Program Files\Apache Software Foundation\Apache2.2\htdocs\xx\zspt\Runtime\Cache\42792852baa95d2cf6b901abc6e0c59f.php 第 279 行.
NOTIC: [8] Undefined index:  stdpst D:\Program Files\Apache Software Foundation\Apache2.2\htdocs\xx\zspt\Runtime\Cache\42792852baa95d2cf6b901abc6e0c59f.php 第 280 行.
NOTIC: [8] Undefined index:  stdrcmdnm D:\Program Files\Apache Software Foundation\Apache2.2\htdocs\xx\zspt\Runtime\Cache\42792852baa95d2cf6b901abc6e0c59f.php 第 291 行.
NOTIC: [8] Undefined index:  stdrcmdcp D:\Program Files\Apache Software Foundation\Apache2.2\htdocs\xx\zspt\Runtime\Cache\42792852baa95d2cf6b901abc6e0c59f.php 第 292 行.
INFO: ParseTemplate Behavior ::run [ RunTime:0.084846s ]
INFO: [ view_parse ] --END-- [ RunTime:0.085039s ]
INFO: [ view_filter ] --START--
INFO: ContentReplace Behavior ::run [ RunTime:0.005733s ]
INFO: TokenBuild Behavior ::run [ RunTime:0.000846s ]
INFO: WriteHtmlCache Behavior ::run [ RunTime:0.002505s ]
INFO: ShowRuntime Behavior ::run [ RunTime:0.007238s ]
INFO: [ view_filter ] --END-- [ RunTime:0.016637s ]
INFO: [ view_end ] --START--
INFO: ShowPageTrace Behavior ::run [ RunTime:0.007457s ]
INFO: [ view_end ] --END-- [ RunTime:0.007771s ]

[ 2015-09-18T15:54:55+08:00 ] 10.50.10.176 /xx/zspt.php
INFO: [ app_begin ] --START--
INFO: ReadHtmlCache Behavior ::run [ RunTime:0.004325s ]
INFO: [ app_begin ] --END-- [ RunTime:0.004478s ]
SQL: SHOW COLUMNS FROM `tb_zssz` [ RunTime:0.002457s ]
SQL: SELECT * FROM `tb_zssz` LIMIT 1   [ RunTime:0.000459s ]
SQL: SHOW COLUMNS FROM `tb_grd` [ RunTime:0.002397s ]
SQL: SELECT * FROM `tb_grd` WHERE ( grdid=4 ) LIMIT 1   [ RunTime:0.000521s ]
SQL: SHOW COLUMNS FROM `tb_2015_std` [ RunTime:0.003386s ]
SQL: SELECT * FROM `tb_2015_std` WHERE ( stdid= ) LIMIT 1   [ RunTime:0.000194s ]
ERR: 1064:You have an error in your SQL syntax; check the manual that corresponds to your MySQL server version for the right syntax to use near ') LIMIT 1' at line 1
 [ SQL语句 ] : SELECT * FROM `tb_2015_std` WHERE ( stdid= ) LIMIT 1  
SQL: SHOW COLUMNS FROM `tb_atc` [ RunTime:0.002655s ]
SQL: SELECT * FROM `tb_atc` LEFT JOIN tb_bd ON f_atc_bdid=bdid WHERE ( atcps=1 AND atcvw=1 AND atczs=1 ) ORDER BY atctp DESC,atcmdftm DESC LIMIT 0,10   [ RunTime:0.000707s ]
INFO: [ view_parse ] --START--
INFO: ParseTemplate Behavior ::run [ RunTime:0.052732s ]
INFO: [ view_parse ] --END-- [ RunTime:0.052886s ]
INFO: [ view_filter ] --START--
INFO: ContentReplace Behavior ::run [ RunTime:0.004044s ]
INFO: TokenBuild Behavior ::run [ RunTime:0.003969s ]
INFO: WriteHtmlCache Behavior ::run [ RunTime:0.004370s ]
INFO: ShowRuntime Behavior ::run [ RunTime:0.007249s ]
INFO: [ view_filter ] --END-- [ RunTime:0.019962s ]
INFO: [ view_end ] --START--
INFO: ShowPageTrace Behavior ::run [ RunTime:0.007629s ]
INFO: [ view_end ] --END-- [ RunTime:0.007744s ]

[ 2015-09-18T15:55:04+08:00 ] 10.50.10.176 /xx/zspt.php/Std/gtxpg/x/updt/stdid/0
INFO: [ route_check ] --START--
INFO: CheckRoute Behavior ::run [ RunTime:0.008023s ]
INFO: [ route_check ] --END-- [ RunTime:0.008180s ]
INFO: [ app_begin ] --START--
INFO: ReadHtmlCache Behavior ::run [ RunTime:0.004279s ]
INFO: [ app_begin ] --END-- [ RunTime:0.004410s ]
SQL: SHOW COLUMNS FROM `tb_zssz` [ RunTime:0.003038s ]
SQL: SELECT * FROM `tb_zssz` LIMIT 1   [ RunTime:0.000492s ]
SQL: SHOW COLUMNS FROM `tb_grd` [ RunTime:0.002050s ]
SQL: SELECT * FROM `tb_grd` WHERE ( grdid=4 ) LIMIT 1   [ RunTime:0.000546s ]
SQL: SHOW COLUMNS FROM `tb_2015_std` [ RunTime:0.003323s ]
SQL: SELECT * FROM `tb_2015_std` WHERE ( stdid= ) LIMIT 1   [ RunTime:0.000180s ]
ERR: 1064:You have an error in your SQL syntax; check the manual that corresponds to your MySQL server version for the right syntax to use near ') LIMIT 1' at line 1
 [ SQL语句 ] : SELECT * FROM `tb_2015_std` WHERE ( stdid= ) LIMIT 1  
SQL: SELECT * FROM `tb_zssz` LIMIT 1   [ RunTime:0.000134s ]
SQL: SELECT * FROM `tb_grd` WHERE ( grdid=4 ) LIMIT 1   [ RunTime:0.000121s ]
SQL: SHOW COLUMNS FROM `tb_2015_cls` [ RunTime:0.002212s ]
SQL: SELECT * FROM `tb_2015_cls` LEFT JOIN tb_stt ON f_cls_sttid=sttid WHERE ( 1=1 AND f_cls_sttid=1 AND f_cls_grdid=4 ) ORDER BY clsnm ASC  [ RunTime:0.000533s ]
SQL: SHOW COLUMNS FROM `tb_2015_mj` [ RunTime:0.002419s ]
SQL: SELECT * FROM `tb_2015_mj`  [ RunTime:0.000501s ]
SQL: SELECT * FROM `tb_2015_mj` LEFT JOIN tb_bxxs ON f_mj_bxxsid=bxxsid LEFT JOIN tb_kl ON f_mj_klid=klid WHERE ( 1=1 AND mjbbzs=1 AND mjsttu LIKE '%-1-%' AND (1=2 OR f_mj_bxxsid=4) AND f_mj_grdid=4 ) ORDER BY f_mj_bxxsid ASC,mjdm ASC  [ RunTime:0.000161s ]
SQL: SHOW COLUMNS FROM `tb_bxxs` [ RunTime:0.001996s ]
SQL: SELECT * FROM `tb_bxxs` WHERE ( 1=1 AND (1=2 OR bxxsid=4) )  [ RunTime:0.000546s ]
SQL: SHOW COLUMNS FROM `tb_sex` [ RunTime:0.001971s ]
SQL: SELECT * FROM `tb_sex`  [ RunTime:0.000587s ]
SQL: SHOW COLUMNS FROM `tb_rc` [ RunTime:0.001973s ]
SQL: SELECT * FROM `tb_rc`  [ RunTime:0.000607s ]
SQL: SHOW COLUMNS FROM `tb_zzmm` [ RunTime:0.003501s ]
SQL: SELECT * FROM `tb_zzmm`  [ RunTime:0.000180s ]
SQL: SHOW COLUMNS FROM `tb_xl` [ RunTime:0.002723s ]
SQL: SELECT * FROM `tb_xl`  [ RunTime:0.001718s ]
SQL: SHOW COLUMNS FROM `tb_dm` [ RunTime:0.002799s ]
SQL: SELECT * FROM `tb_dm`  [ RunTime:0.002355s ]
SQL: SHOW COLUMNS FROM `tb_stat` [ RunTime:0.004221s ]
SQL: SELECT * FROM `tb_stat`  [ RunTime:0.002180s ]
NOTIC: [8] Undefined index:  stdrcmdnm D:\Program Files\Apache Software Foundation\Apache2.2\htdocs\xx\zspt\Lib\Action\StdAction.class.php 第 346 行.
NOTIC: [8] Undefined index:  stdrcmdcp D:\Program Files\Apache Software Foundation\Apache2.2\htdocs\xx\zspt\Lib\Action\StdAction.class.php 第 346 行.
INFO: [ view_parse ] --START--
NOTIC: [8] Undefined index:  f_mj_bxxsid D:\Program Files\Apache Software Foundation\Apache2.2\htdocs\xx\zspt\Runtime\Cache\42792852baa95d2cf6b901abc6e0c59f.php 第 149 行.
NOTIC: [8] Undefined index:  f_stdxqmj_mjid D:\Program Files\Apache Software Foundation\Apache2.2\htdocs\xx\zspt\Runtime\Cache\42792852baa95d2cf6b901abc6e0c59f.php 第 169 行.
NOTIC: [8] Undefined index:  stdnm D:\Program Files\Apache Software Foundation\Apache2.2\htdocs\xx\zspt\Runtime\Cache\42792852baa95d2cf6b901abc6e0c59f.php 第 179 行.
NOTIC: [8] Undefined index:  f_std_sexid D:\Program Files\Apache Software Foundation\Apache2.2\htdocs\xx\zspt\Runtime\Cache\42792852baa95d2cf6b901abc6e0c59f.php 第 188 行.
NOTIC: [8] Undefined index:  f_std_rcid D:\Program Files\Apache Software Foundation\Apache2.2\htdocs\xx\zspt\Runtime\Cache\42792852baa95d2cf6b901abc6e0c59f.php 第 198 行.
NOTIC: [8] Undefined index:  f_std_zzmmid D:\Program Files\Apache Software Foundation\Apache2.2\htdocs\xx\zspt\Runtime\Cache\42792852baa95d2cf6b901abc6e0c59f.php 第 208 行.
NOTIC: [8] Undefined index:  stdnp D:\Program Files\Apache Software Foundation\Apache2.2\htdocs\xx\zspt\Runtime\Cache\42792852baa95d2cf6b901abc6e0c59f.php 第 233 行.
NOTIC: [8] Undefined index:  f_std_xlid D:\Program Files\Apache Software Foundation\Apache2.2\htdocs\xx\zspt\Runtime\Cache\42792852baa95d2cf6b901abc6e0c59f.php 第 251 行.
NOTIC: [8] Undefined index:  stdcee D:\Program Files\Apache Software Foundation\Apache2.2\htdocs\xx\zspt\Runtime\Cache\42792852baa95d2cf6b901abc6e0c59f.php 第 253 行.
NOTIC: [8] Undefined index:  stdsog D:\Program Files\Apache Software Foundation\Apache2.2\htdocs\xx\zspt\Runtime\Cache\42792852baa95d2cf6b901abc6e0c59f.php 第 256 行.
NOTIC: [8] Undefined index:  stdcp D:\Program Files\Apache Software Foundation\Apache2.2\htdocs\xx\zspt\Runtime\Cache\42792852baa95d2cf6b901abc6e0c59f.php 第 257 行.
NOTIC: [8] Undefined index:  stdidcd D:\Program Files\Apache Software Foundation\Apache2.2\htdocs\xx\zspt\Runtime\Cache\42792852baa95d2cf6b901abc6e0c59f.php 第 260 行.
NOTIC: [8] Undefined index:  stdtlp D:\Program Files\Apache Software Foundation\Apache2.2\htdocs\xx\zspt\Runtime\Cache\42792852baa95d2cf6b901abc6e0c59f.php 第 261 行.
NOTIC: [8] Undefined index:  stdbtd D:\Program Files\Apache Software Foundation\Apache2.2\htdocs\xx\zspt\Runtime\Cache\42792852baa95d2cf6b901abc6e0c59f.php 第 262 行.
NOTIC: [8] Undefined index:  stdqq D:\Program Files\Apache Software Foundation\Apache2.2\htdocs\xx\zspt\Runtime\Cache\42792852baa95d2cf6b901abc6e0c59f.php 第 263 行.
NOTIC: [8] Undefined index:  stdrlta D:\Program Files\Apache Software Foundation\Apache2.2\htdocs\xx\zspt\Runtime\Cache\42792852baa95d2cf6b901abc6e0c59f.php 第 266 行.
NOTIC: [8] Undefined index:  stdrltanm D:\Program Files\Apache Software Foundation\Apache2.2\htdocs\xx\zspt\Runtime\Cache\42792852baa95d2cf6b901abc6e0c59f.php 第 267 行.
NOTIC: [8] Undefined index:  stdrltaocpt D:\Program Files\Apache Software Foundation\Apache2.2\htdocs\xx\zspt\Runtime\Cache\42792852baa95d2cf6b901abc6e0c59f.php 第 268 行.
NOTIC: [8] Undefined index:  stdrltacp D:\Program Files\Apache Software Foundation\Apache2.2\htdocs\xx\zspt\Runtime\Cache\42792852baa95d2cf6b901abc6e0c59f.php 第 269 行.
NOTIC: [8] Undefined index:  stdrltb D:\Program Files\Apache Software Foundation\Apache2.2\htdocs\xx\zspt\Runtime\Cache\42792852baa95d2cf6b901abc6e0c59f.php 第 272 行.
NOTIC: [8] Undefined index:  stdrltbnm D:\Program Files\Apache Software Foundation\Apache2.2\htdocs\xx\zspt\Runtime\Cache\42792852baa95d2cf6b901abc6e0c59f.php 第 273 行.
NOTIC: [8] Undefined index:  stdrltbocpt D:\Program Files\Apache Software Foundation\Apache2.2\htdocs\xx\zspt\Runtime\Cache\42792852baa95d2cf6b901abc6e0c59f.php 第 274 行.
NOTIC: [8] Undefined index:  stdrltbcp D:\Program Files\Apache Software Foundation\Apache2.2\htdocs\xx\zspt\Runtime\Cache\42792852baa95d2cf6b901abc6e0c59f.php 第 275 行.
NOTIC: [8] Undefined index:  stdhb D:\Program Files\Apache Software Foundation\Apache2.2\htdocs\xx\zspt\Runtime\Cache\42792852baa95d2cf6b901abc6e0c59f.php 第 278 行.
NOTIC: [8] Undefined index:  stdads D:\Program Files\Apache Software Foundation\Apache2.2\htdocs\xx\zspt\Runtime\Cache\42792852baa95d2cf6b901abc6e0c59f.php 第 279 行.
NOTIC: [8] Undefined index:  stdpst D:\Program Files\Apache Software Foundation\Apache2.2\htdocs\xx\zspt\Runtime\Cache\42792852baa95d2cf6b901abc6e0c59f.php 第 280 行.
NOTIC: [8] Undefined index:  stdrcmdnm D:\Program Files\Apache Software Foundation\Apache2.2\htdocs\xx\zspt\Runtime\Cache\42792852baa95d2cf6b901abc6e0c59f.php 第 291 行.
NOTIC: [8] Undefined index:  stdrcmdcp D:\Program Files\Apache Software Foundation\Apache2.2\htdocs\xx\zspt\Runtime\Cache\42792852baa95d2cf6b901abc6e0c59f.php 第 292 行.
INFO: ParseTemplate Behavior ::run [ RunTime:0.092239s ]
INFO: [ view_parse ] --END-- [ RunTime:0.092469s ]
INFO: [ view_filter ] --START--
INFO: ContentReplace Behavior ::run [ RunTime:0.007262s ]
INFO: TokenBuild Behavior ::run [ RunTime:0.004587s ]
INFO: WriteHtmlCache Behavior ::run [ RunTime:0.003767s ]
INFO: ShowRuntime Behavior ::run [ RunTime:0.004105s ]
INFO: [ view_filter ] --END-- [ RunTime:0.020042s ]
INFO: [ view_end ] --START--
INFO: ShowPageTrace Behavior ::run [ RunTime:0.007490s ]
INFO: [ view_end ] --END-- [ RunTime:0.007607s ]

[ 2015-09-18T15:58:47+08:00 ] 10.50.10.176 /xx/zspt.php/Std/update
INFO: [ route_check ] --START--
INFO: CheckRoute Behavior ::run [ RunTime:0.008120s ]
INFO: [ route_check ] --END-- [ RunTime:0.008281s ]
INFO: [ app_begin ] --START--
INFO: ReadHtmlCache Behavior ::run [ RunTime:0.008221s ]
INFO: [ app_begin ] --END-- [ RunTime:0.008340s ]
SQL: SHOW COLUMNS FROM `tb_zssz` [ RunTime:0.003662s ]
SQL: SELECT * FROM `tb_zssz` LIMIT 1   [ RunTime:0.000471s ]
SQL: SHOW COLUMNS FROM `tb_grd` [ RunTime:0.002055s ]
SQL: SELECT * FROM `tb_grd` WHERE ( grdid=4 ) LIMIT 1   [ RunTime:0.000557s ]
SQL: SHOW COLUMNS FROM `tb_2015_std` [ RunTime:0.003345s ]
SQL: SHOW COLUMNS FROM `tb_bxxs` [ RunTime:0.002131s ]
SQL: SELECT * FROM `tb_bxxs` WHERE ( bxxsid=4 ) LIMIT 1   [ RunTime:0.000545s ]
NOTIC: [8] Undefined index:  stdaplno D:\Program Files\Apache Software Foundation\Apache2.2\htdocs\xx\zspt\Lib\Action\StdAction.class.php 第 808 行.
SQL: SELECT * FROM `tb_bxxs` WHERE ( bxxsid=4 ) LIMIT 1   [ RunTime:0.000128s ]
SQL: SELECT `stdaplno` FROM `tb_2015_std` WHERE ( stdaplno LIKE '%J2015%' ) ORDER BY stdaplno DESC  [ RunTime:0.001724s ]
SQL: SELECT * FROM `tb_2015_std` WHERE ( stdidcd='332624199411110611' ) LIMIT 1   [ RunTime:0.002151s ]
SQL: INSERT INTO `tb_2015_std` (`f_std_sttid`,`f_std_grdid`,`stdaplno`,`stdno`,`stdupfnctm`,`stdnm`,`stdpw`,`stdpt`,`f_std_sexid`,`f_std_rcid`,`f_std_zzmmid`,`stdnp`,`stdbtd`,`stdsol`,`stdcee`,`stdsog`,`stdqq`,`f_std_xlid`,`stdidcd`,`stdcp`,`stdrlta`,`stdrltanm`,`stdrltaocpt`,`stdrltacp`,`stdrltb`,`stdrltbnm`,`stdrltbocpt`,`stdrltbcp`,`stdhb`,`f_std_statid`,`stdpst`,`stdads`,`stdmdftm`,`stdaddtm`,`stdtlp`,`stdpertm`,`stdertm`,`stdicbc`,`stdrcmdnm`,`stdrcmdcp`,`stdpnttm`) VALUES (1,4,'J20150362','','','赵施恩','1bbd886460827015e5d605ed44252251','/xx/Public/IMG/default.jpg',1,1,2,'台州','1994-11-11','文科','','仙居职高','',1,'332624199411110611','13131313667','父子','赵镇峰','个体','18657661766','','','','','',1,'','杭州江干区天城东路145号','2015-09-18 15:58:47','2015-09-18 15:58:47','','','','','办公室','','') [ RunTime:0.018551s ]
SQL: SELECT * FROM `tb_2015_std` WHERE ( stdidcd='332624199411110611' ) LIMIT 1   [ RunTime:0.002165s ]
SQL: SHOW COLUMNS FROM `tb_2015_stdxqcls` [ RunTime:0.002815s ]
SQL: INSERT INTO `tb_2015_stdxqcls` (`f_stdxqcls_stdid`,`f_stdxqcls_xqid`,`f_stdxqcls_clsid`) VALUES (364,3,0) [ RunTime:0.053685s ]
SQL: SHOW COLUMNS FROM `tb_2015_stdxqmj` [ RunTime:0.002819s ]
SQL: INSERT INTO `tb_2015_stdxqmj` (`f_stdxqmj_stdid`,`f_stdxqmj_xqid`,`f_stdxqmj_mjid`) VALUES (364,3,6) [ RunTime:0.020441s ]
SQL: SHOW COLUMNS FROM `tb_2015_stdxqdm` [ RunTime:0.002741s ]
SQL: INSERT INTO `tb_2015_stdxqdm` (`f_stdxqdm_stdid`,`f_stdxqdm_xqid`,`f_stdxqdm_dmid`) VALUES (364,3,3) [ RunTime:0.014600s ]
SQL: SHOW COLUMNS FROM `tb_2015_mj` [ RunTime:0.002461s ]
SQL: SELECT * FROM `tb_2015_mj` WHERE ( mjid=6 ) LIMIT 1   [ RunTime:0.000499s ]
SQL: SHOW COLUMNS FROM `tb_2015_xf` [ RunTime:0.002751s ]
SQL: SELECT * FROM `tb_2015_xf` WHERE ( f_xf_sttid=1 AND f_xf_bxxsid=4 AND f_xf_ccid=3 AND f_xf_klid=2 ) LIMIT 1   [ RunTime:0.000519s ]
SQL: SHOW COLUMNS FROM `tb_2015_zsf` [ RunTime:0.002479s ]
SQL: SELECT * FROM `tb_2015_zsf` WHERE ( f_zsf_dmid=3 ) LIMIT 1   [ RunTime:0.000562s ]
SQL: SHOW COLUMNS FROM `tb_2015_cw` [ RunTime:0.002805s ]
SQL: SHOW COLUMNS FROM `tb_xq` [ RunTime:0.003001s ]
SQL: SELECT * FROM `tb_xq` WHERE ( xqid=3 ) LIMIT 1   [ RunTime:0.000480s ]
NOTIC: [8] Use of undefined constant xqnm - assumed 'xqnm' D:\Program Files\Apache Software Foundation\Apache2.2\htdocs\xx\zspt\Lib\Action\StdAction.class.php 第 978 行.
SQL: SHOW COLUMNS FROM `tb_xn` [ RunTime:0.002426s ]
SQL: SELECT * FROM `tb_xn` WHERE ( xnnm='2015' ) LIMIT 1   [ RunTime:0.000556s ]
SQL: INSERT INTO `tb_2015_cw` (`f_cw_grdid`,`f_cw_xnid`,`cwzcxqid`,`f_cw_stdid`,`cwyjxfsm`,`cwyjjckwfsm`,`cwyjzsfsm`,`cwsjxfsm`,`cwsjjckwfsm`,`cwsjzsfsm`) VALUES (4,2,3,364,13900,1000,0,0,0,0) [ RunTime:0.019027s ]

[ 2015-09-18T15:58:47+08:00 ] 10.50.10.176 /xx/zspt.php/Std/gtxpg/x/vw/stdid/364/bmcg/y
INFO: [ route_check ] --START--
INFO: CheckRoute Behavior ::run [ RunTime:0.008214s ]
INFO: [ route_check ] --END-- [ RunTime:0.008383s ]
INFO: [ app_begin ] --START--
INFO: ReadHtmlCache Behavior ::run [ RunTime:0.007362s ]
INFO: [ app_begin ] --END-- [ RunTime:0.007487s ]
SQL: SHOW COLUMNS FROM `tb_zssz` [ RunTime:0.002781s ]
SQL: SELECT * FROM `tb_zssz` LIMIT 1   [ RunTime:0.000492s ]
SQL: SHOW COLUMNS FROM `tb_grd` [ RunTime:0.002068s ]
SQL: SELECT * FROM `tb_grd` WHERE ( grdid=4 ) LIMIT 1   [ RunTime:0.000560s ]
SQL: SHOW COLUMNS FROM `tb_2015_std` [ RunTime:0.003438s ]
SQL: SELECT * FROM `tb_2015_std` WHERE ( stdid= ) LIMIT 1   [ RunTime:0.000185s ]
ERR: 1064:You have an error in your SQL syntax; check the manual that corresponds to your MySQL server version for the right syntax to use near ') LIMIT 1' at line 1
 [ SQL语句 ] : SELECT * FROM `tb_2015_std` WHERE ( stdid= ) LIMIT 1  
SQL: SELECT * FROM `tb_zssz` LIMIT 1   [ RunTime:0.000148s ]
SQL: SELECT * FROM `tb_grd` WHERE ( grdid=4 ) LIMIT 1   [ RunTime:0.000126s ]
SQL: SELECT * FROM `tb_2015_std` inner join tb_2015_stdxqdm ON stdid=f_stdxqdm_stdid inner join tb_2015_stdxqcls ON stdid=f_stdxqcls_stdid inner join tb_2015_stdxqmj ON stdid=f_stdxqmj_stdid LEFT JOIN tb_stt ON f_std_sttid=sttid LEFT JOIN tb_grd ON f_std_grdid=grdid LEFT JOIN tb_2015_mj ON f_stdxqmj_mjid=mjid LEFT JOIN tb_bxxs ON f_mj_bxxsid=bxxsid LEFT JOIN tb_cc ON f_mj_ccid=ccid LEFT JOIN tb_kl ON f_mj_klid=klid LEFT JOIN tb_xxxs ON f_mj_xxxsid=xxxsid LEFT JOIN tb_zsfw ON f_mj_zsfwid=zsfwid LEFT JOIN tb_xz ON f_mj_xzid=xzid LEFT JOIN tb_2015_cls ON f_stdxqcls_clsid=clsid LEFT JOIN tb_dm ON f_stdxqdm_dmid=dmid LEFT JOIN tb_sex ON f_std_sexid=sexid LEFT JOIN tb_rc ON f_std_rcid=rcid LEFT JOIN tb_zzmm ON f_std_zzmmid=zzmmid LEFT JOIN tb_xl ON f_std_xlid=xlid LEFT JOIN tb_stat ON f_std_statid=statid LEFT JOIN tb_xq ON f_stdxqcls_xqid=xqid WHERE ( f_stdxqcls_xqid=3 AND f_stdxqmj_xqid=3 AND f_stdxqdm_xqid=3 AND stdid=364 ) LIMIT 1   [ RunTime:0.004676s ]
SQL: SELECT * FROM `tb_grd` WHERE ( grdid=4 ) LIMIT 1   [ RunTime:0.000157s ]
SQL: SHOW COLUMNS FROM `tb_xq` [ RunTime:0.002220s ]
SQL: SHOW COLUMNS FROM `tb_2015_sttintxq` [ RunTime:0.003068s ]
SQL: SELECT * FROM `tb_2015_sttintxq` WHERE ( f_sttintxq_sttid=1 ) LIMIT 1   [ RunTime:0.000510s ]
SQL: SELECT * FROM `tb_xq` WHERE ( xqid>=3 ) ORDER BY xqid ASC LIMIT 0,10   [ RunTime:0.000130s ]
SQL: SHOW COLUMNS FROM `tb_2015_tsqk` [ RunTime:0.002562s ]
SQL: SELECT * FROM `tb_2015_tsqk` WHERE ( f_tsqk_stdid=364 ) ORDER BY tsqktm DESC  [ RunTime:0.000955s ]
INFO: [ view_parse ] --START--
NOTIC: [8] Undefined variable: dmls D:\Program Files\Apache Software Foundation\Apache2.2\htdocs\xx\zspt\Runtime\Cache\48449d0f0d4b67d562a44de0bb93b3b1.php 第 264 行.
NOTIC: [8] Undefined variable: aths D:\Program Files\Apache Software Foundation\Apache2.2\htdocs\xx\zspt\Runtime\Cache\48449d0f0d4b67d562a44de0bb93b3b1.php 第 280 行.
INFO: ParseTemplate Behavior ::run [ RunTime:0.085256s ]
INFO: [ view_parse ] --END-- [ RunTime:0.085402s ]
INFO: [ view_filter ] --START--
INFO: ContentReplace Behavior ::run [ RunTime:0.007407s ]
INFO: TokenBuild Behavior ::run [ RunTime:0.007084s ]
INFO: WriteHtmlCache Behavior ::run [ RunTime:0.007543s ]
INFO: ShowRuntime Behavior ::run [ RunTime:0.007233s ]
INFO: [ view_filter ] --END-- [ RunTime:0.029616s ]
INFO: [ view_end ] --START--
INFO: ShowPageTrace Behavior ::run [ RunTime:0.007529s ]
INFO: [ view_end ] --END-- [ RunTime:0.007647s ]

[ 2015-09-18T18:22:14+08:00 ] 42.156.139.107 /xx/zspt.php/Atc/gtxpg/x/vw/atcid/20
INFO: [ route_check ] --START--
INFO: CheckRoute Behavior ::run [ RunTime:0.008503s ]
INFO: [ route_check ] --END-- [ RunTime:0.008731s ]
INFO: [ app_begin ] --START--
INFO: ReadHtmlCache Behavior ::run [ RunTime:0.007874s ]
INFO: [ app_begin ] --END-- [ RunTime:0.008092s ]
SQL: SHOW COLUMNS FROM `tb_zssz` [ RunTime:0.003041s ]
SQL: SELECT * FROM `tb_zssz` LIMIT 1   [ RunTime:0.000531s ]
SQL: SHOW COLUMNS FROM `tb_grd` [ RunTime:0.002455s ]
SQL: SELECT * FROM `tb_grd` WHERE ( grdid=4 ) LIMIT 1   [ RunTime:0.000549s ]
SQL: SHOW COLUMNS FROM `tb_2015_std` [ RunTime:0.003911s ]
SQL: SELECT * FROM `tb_2015_std` WHERE ( stdid= ) LIMIT 1   [ RunTime:0.000185s ]
ERR: 1064:You have an error in your SQL syntax; check the manual that corresponds to your MySQL server version for the right syntax to use near ') LIMIT 1' at line 1
 [ SQL语句 ] : SELECT * FROM `tb_2015_std` WHERE ( stdid= ) LIMIT 1  
SQL: SHOW COLUMNS FROM `tb_atc` [ RunTime:0.003222s ]
SQL: SELECT * FROM `tb_atc` LEFT JOIN tb_bd ON f_atc_bdid=bdid WHERE ( atcid=20 ) LIMIT 1   [ RunTime:0.002792s ]
SQL: SHOW COLUMNS FROM `tb_bd` [ RunTime:0.002372s ]
SQL: SELECT * FROM `tb_bd` ORDER BY bdodr ASC  [ RunTime:0.000600s ]
SQL: UPDATE `tb_atc` SET `atccnt`=342 WHERE ( atcid=20 ) [ RunTime:0.016915s ]
NOTIC: [8] Undefined variable: alt D:\Program Files\Apache Software Foundation\Apache2.2\htdocs\xx\zspt\Lib\Action\AtcAction.class.php 第 47 行.
SQL: SHOW COLUMNS FROM `tb_sys` [ RunTime:0.002634s ]
SQL: SELECT * FROM `tb_sys` LIMIT 1   [ RunTime:0.000607s ]
INFO: [ view_parse ] --START--
NOTIC: [8] Undefined variable: schzysc D:\Program Files\Apache Software Foundation\Apache2.2\htdocs\xx\zspt\Runtime\Cache\35bee216c0dde56464e23249b341665f.php 第 154 行.
NOTIC: [8] Undefined variable: clctcss D:\Program Files\Apache Software Foundation\Apache2.2\htdocs\xx\zspt\Runtime\Cache\35bee216c0dde56464e23249b341665f.php 第 155 行.
NOTIC: [8] Undefined variable: heartcss D:\Program Files\Apache Software Foundation\Apache2.2\htdocs\xx\zspt\Runtime\Cache\35bee216c0dde56464e23249b341665f.php 第 155 行.
INFO: ParseTemplate Behavior ::run [ RunTime:0.065273s ]
INFO: [ view_parse ] --END-- [ RunTime:0.065448s ]
INFO: [ view_filter ] --START--
INFO: ContentReplace Behavior ::run [ RunTime:0.008399s ]
INFO: TokenBuild Behavior ::run [ RunTime:0.007136s ]
INFO: WriteHtmlCache Behavior ::run [ RunTime:0.006930s ]
INFO: ShowRuntime Behavior ::run [ RunTime:0.007326s ]
INFO: [ view_filter ] --END-- [ RunTime:0.030138s ]
INFO: [ view_end ] --START--
INFO: ShowPageTrace Behavior ::run [ RunTime:0.007948s ]
INFO: [ view_end ] --END-- [ RunTime:0.008072s ]

[ 2015-09-18T18:22:25+08:00 ] 42.156.137.107 /xx/zspt.php
INFO: [ app_begin ] --START--
INFO: ReadHtmlCache Behavior ::run [ RunTime:0.007551s ]
INFO: [ app_begin ] --END-- [ RunTime:0.007710s ]
SQL: SHOW COLUMNS FROM `tb_zssz` [ RunTime:0.002678s ]
SQL: SELECT * FROM `tb_zssz` LIMIT 1   [ RunTime:0.000337s ]
SQL: SHOW COLUMNS FROM `tb_grd` [ RunTime:0.002023s ]
SQL: SELECT * FROM `tb_grd` WHERE ( grdid=4 ) LIMIT 1   [ RunTime:0.000614s ]
SQL: SHOW COLUMNS FROM `tb_2015_std` [ RunTime:0.003343s ]
SQL: SELECT * FROM `tb_2015_std` WHERE ( stdid= ) LIMIT 1   [ RunTime:0.000203s ]
ERR: 1064:You have an error in your SQL syntax; check the manual that corresponds to your MySQL server version for the right syntax to use near ') LIMIT 1' at line 1
 [ SQL语句 ] : SELECT * FROM `tb_2015_std` WHERE ( stdid= ) LIMIT 1  
SQL: SHOW COLUMNS FROM `tb_atc` [ RunTime:0.002663s ]
SQL: SELECT * FROM `tb_atc` LEFT JOIN tb_bd ON f_atc_bdid=bdid WHERE ( atcps=1 AND atcvw=1 AND atczs=1 ) ORDER BY atctp DESC,atcmdftm DESC LIMIT 0,10   [ RunTime:0.001477s ]
INFO: [ view_parse ] --START--
INFO: ParseTemplate Behavior ::run [ RunTime:0.067650s ]
INFO: [ view_parse ] --END-- [ RunTime:0.067818s ]
INFO: [ view_filter ] --START--
INFO: ContentReplace Behavior ::run [ RunTime:0.007171s ]
INFO: TokenBuild Behavior ::run [ RunTime:0.007069s ]
INFO: WriteHtmlCache Behavior ::run [ RunTime:0.006880s ]
INFO: ShowRuntime Behavior ::run [ RunTime:0.007608s ]
INFO: [ view_filter ] --END-- [ RunTime:0.029049s ]
INFO: [ view_end ] --START--
INFO: ShowPageTrace Behavior ::run [ RunTime:0.007509s ]
INFO: [ view_end ] --END-- [ RunTime:0.007622s ]

