[ 2015-05-29T00:16:36+08:00 ] 127.0.0.1 /xx/zspt.php
INFO: [ app_begin ] --START--
INFO: ReadHtmlCache Behavior ::run [ RunTime:0.002613s ]
INFO: [ app_begin ] --END-- [ RunTime:0.002822s ]
SQL: SHOW COLUMNS FROM `tb_zssz` [ RunTime:0.003438s ]
SQL: SELECT * FROM `tb_zssz` LIMIT 1   [ RunTime:0.000352s ]
SQL: SHOW COLUMNS FROM `tb_grd` [ RunTime:0.003246s ]
SQL: SELECT * FROM `tb_grd` WHERE ( grdid=4 ) LIMIT 1   [ RunTime:0.000234s ]
SQL: SHOW COLUMNS FROM `tb_2015_std` [ RunTime:0.004230s ]
SQL: SELECT * FROM `tb_2015_std` WHERE ( stdid= ) LIMIT 1   [ RunTime:0.000265s ]
ERR: 1064:You have an error in your SQL syntax; check the manual that corresponds to your MySQL server version for the right syntax to use near ') LIMIT 1' at line 1
 [ SQL语句 ] : SELECT * FROM `tb_2015_std` WHERE ( stdid= ) LIMIT 1  
SQL: SHOW COLUMNS FROM `tb_atc` [ RunTime:0.003757s ]
SQL: SELECT * FROM `tb_atc` LEFT JOIN tb_bd ON f_atc_bdid=bdid WHERE ( atcps=1 AND atcvw=1 AND atczs=1 ) ORDER BY atctp DESC,atcmdftm DESC LIMIT 0,10   [ RunTime:0.039482s ]
INFO: [ view_parse ] --START--
INFO: ParseTemplate Behavior ::run [ RunTime:0.054434s ]
INFO: [ view_parse ] --END-- [ RunTime:0.054610s ]
INFO: [ view_filter ] --START--
INFO: ContentReplace Behavior ::run [ RunTime:0.000782s ]
INFO: TokenBuild Behavior ::run [ RunTime:0.000728s ]
INFO: WriteHtmlCache Behavior ::run [ RunTime:0.000588s ]
INFO: ShowRuntime Behavior ::run [ RunTime:0.000831s ]
INFO: [ view_filter ] --END-- [ RunTime:0.003272s ]
INFO: [ view_end ] --START--
INFO: ShowPageTrace Behavior ::run [ RunTime:0.000992s ]
INFO: [ view_end ] --END-- [ RunTime:0.001118s ]

[ 2015-05-29T00:16:40+08:00 ] 127.0.0.1 /xx/zspt.php/Std/gtxpg/x/updt/stdid/0
INFO: [ route_check ] --START--
INFO: CheckRoute Behavior ::run [ RunTime:0.024983s ]
INFO: [ route_check ] --END-- [ RunTime:0.025147s ]
INFO: [ app_begin ] --START--
INFO: ReadHtmlCache Behavior ::run [ RunTime:0.000777s ]
INFO: [ app_begin ] --END-- [ RunTime:0.000920s ]
SQL: SHOW COLUMNS FROM `tb_zssz` [ RunTime:0.003462s ]
SQL: SELECT * FROM `tb_zssz` LIMIT 1   [ RunTime:0.000289s ]
SQL: SHOW COLUMNS FROM `tb_grd` [ RunTime:0.003455s ]
SQL: SELECT * FROM `tb_grd` WHERE ( grdid=4 ) LIMIT 1   [ RunTime:0.000404s ]
SQL: SHOW COLUMNS FROM `tb_2015_std` [ RunTime:0.005289s ]
SQL: SELECT * FROM `tb_2015_std` WHERE ( stdid= ) LIMIT 1   [ RunTime:0.000247s ]
ERR: 1064:You have an error in your SQL syntax; check the manual that corresponds to your MySQL server version for the right syntax to use near ') LIMIT 1' at line 1
 [ SQL语句 ] : SELECT * FROM `tb_2015_std` WHERE ( stdid= ) LIMIT 1  
SQL: SELECT * FROM `tb_zssz` LIMIT 1   [ RunTime:0.000321s ]
SQL: SELECT * FROM `tb_grd` WHERE ( grdid=4 ) LIMIT 1   [ RunTime:0.000287s ]
SQL: SHOW COLUMNS FROM `tb_2015_cls` [ RunTime:0.003744s ]
SQL: SELECT * FROM `tb_2015_cls` LEFT JOIN tb_stt ON f_cls_sttid=sttid WHERE ( 1=1 AND f_cls_sttid=1 AND f_cls_grdid=4 ) ORDER BY clsnm ASC  [ RunTime:0.000498s ]
SQL: SHOW COLUMNS FROM `tb_2015_mj` [ RunTime:0.003781s ]
SQL: SELECT * FROM `tb_2015_mj`  [ RunTime:0.000532s ]
SQL: SELECT * FROM `tb_2015_mj` LEFT JOIN tb_bxxs ON f_mj_bxxsid=bxxsid LEFT JOIN tb_kl ON f_mj_klid=klid WHERE ( 1=1 AND mjbbzs=1 AND mjsttu LIKE '%-1-%' AND (1=2 OR f_mj_bxxsid=4) AND f_mj_grdid=4 ) ORDER BY f_mj_bxxsid ASC,mjdm ASC  [ RunTime:0.000696s ]
SQL: SHOW COLUMNS FROM `tb_bxxs` [ RunTime:0.004095s ]
SQL: SELECT * FROM `tb_bxxs` WHERE ( 1=1 AND (1=2 OR bxxsid=4) )  [ RunTime:0.000286s ]
SQL: SHOW COLUMNS FROM `tb_sex` [ RunTime:0.003310s ]
SQL: SELECT * FROM `tb_sex`  [ RunTime:0.000240s ]
SQL: SHOW COLUMNS FROM `tb_rc` [ RunTime:0.004228s ]
SQL: SELECT * FROM `tb_rc`  [ RunTime:0.000395s ]
SQL: SHOW COLUMNS FROM `tb_zzmm` [ RunTime:0.003378s ]
SQL: SELECT * FROM `tb_zzmm`  [ RunTime:0.000260s ]
SQL: SHOW COLUMNS FROM `tb_xl` [ RunTime:0.003584s ]
SQL: SELECT * FROM `tb_xl`  [ RunTime:0.000244s ]
SQL: SHOW COLUMNS FROM `tb_dm` [ RunTime:0.004304s ]
SQL: SELECT * FROM `tb_dm`  [ RunTime:0.000245s ]
SQL: SHOW COLUMNS FROM `tb_stat` [ RunTime:0.003329s ]
SQL: SELECT * FROM `tb_stat`  [ RunTime:0.000263s ]
NOTIC: [8] Undefined index: stdrcmdnm C:\wamp\www\xx\zspt\Lib\Action\StdAction.class.php 第 345 行.
NOTIC: [8] Undefined index: stdrcmdcp C:\wamp\www\xx\zspt\Lib\Action\StdAction.class.php 第 345 行.
INFO: [ view_parse ] --START--
NOTIC: [8] Undefined index: f_mj_bxxsid C:\wamp\www\xx\zspt\Runtime\Cache\42792852baa95d2cf6b901abc6e0c59f.php 第 149 行.
NOTIC: [8] Undefined index: f_stdxqmj_mjid C:\wamp\www\xx\zspt\Runtime\Cache\42792852baa95d2cf6b901abc6e0c59f.php 第 169 行.
NOTIC: [8] Undefined index: stdnm C:\wamp\www\xx\zspt\Runtime\Cache\42792852baa95d2cf6b901abc6e0c59f.php 第 179 行.
NOTIC: [8] Undefined index: f_std_sexid C:\wamp\www\xx\zspt\Runtime\Cache\42792852baa95d2cf6b901abc6e0c59f.php 第 188 行.
NOTIC: [8] Undefined index: f_std_rcid C:\wamp\www\xx\zspt\Runtime\Cache\42792852baa95d2cf6b901abc6e0c59f.php 第 198 行.
NOTIC: [8] Undefined index: f_std_zzmmid C:\wamp\www\xx\zspt\Runtime\Cache\42792852baa95d2cf6b901abc6e0c59f.php 第 208 行.
NOTIC: [8] Undefined index: stdnp C:\wamp\www\xx\zspt\Runtime\Cache\42792852baa95d2cf6b901abc6e0c59f.php 第 233 行.
NOTIC: [8] Undefined index: f_std_xlid C:\wamp\www\xx\zspt\Runtime\Cache\42792852baa95d2cf6b901abc6e0c59f.php 第 251 行.
NOTIC: [8] Undefined index: stdcee C:\wamp\www\xx\zspt\Runtime\Cache\42792852baa95d2cf6b901abc6e0c59f.php 第 253 行.
NOTIC: [8] Undefined index: stdsog C:\wamp\www\xx\zspt\Runtime\Cache\42792852baa95d2cf6b901abc6e0c59f.php 第 256 行.
NOTIC: [8] Undefined index: stdcp C:\wamp\www\xx\zspt\Runtime\Cache\42792852baa95d2cf6b901abc6e0c59f.php 第 257 行.
NOTIC: [8] Undefined index: stdidcd C:\wamp\www\xx\zspt\Runtime\Cache\42792852baa95d2cf6b901abc6e0c59f.php 第 260 行.
NOTIC: [8] Undefined index: stdtlp C:\wamp\www\xx\zspt\Runtime\Cache\42792852baa95d2cf6b901abc6e0c59f.php 第 261 行.
NOTIC: [8] Undefined index: stdbtd C:\wamp\www\xx\zspt\Runtime\Cache\42792852baa95d2cf6b901abc6e0c59f.php 第 262 行.
NOTIC: [8] Undefined index: stdqq C:\wamp\www\xx\zspt\Runtime\Cache\42792852baa95d2cf6b901abc6e0c59f.php 第 263 行.
NOTIC: [8] Undefined index: stdrlta C:\wamp\www\xx\zspt\Runtime\Cache\42792852baa95d2cf6b901abc6e0c59f.php 第 266 行.
NOTIC: [8] Undefined index: stdrltanm C:\wamp\www\xx\zspt\Runtime\Cache\42792852baa95d2cf6b901abc6e0c59f.php 第 267 行.
NOTIC: [8] Undefined index: stdrltaocpt C:\wamp\www\xx\zspt\Runtime\Cache\42792852baa95d2cf6b901abc6e0c59f.php 第 268 行.
NOTIC: [8] Undefined index: stdrltacp C:\wamp\www\xx\zspt\Runtime\Cache\42792852baa95d2cf6b901abc6e0c59f.php 第 269 行.
NOTIC: [8] Undefined index: stdrltb C:\wamp\www\xx\zspt\Runtime\Cache\42792852baa95d2cf6b901abc6e0c59f.php 第 272 行.
NOTIC: [8] Undefined index: stdrltbnm C:\wamp\www\xx\zspt\Runtime\Cache\42792852baa95d2cf6b901abc6e0c59f.php 第 273 行.
NOTIC: [8] Undefined index: stdrltbocpt C:\wamp\www\xx\zspt\Runtime\Cache\42792852baa95d2cf6b901abc6e0c59f.php 第 274 行.
NOTIC: [8] Undefined index: stdrltbcp C:\wamp\www\xx\zspt\Runtime\Cache\42792852baa95d2cf6b901abc6e0c59f.php 第 275 行.
NOTIC: [8] Undefined index: stdhb C:\wamp\www\xx\zspt\Runtime\Cache\42792852baa95d2cf6b901abc6e0c59f.php 第 278 行.
NOTIC: [8] Undefined index: stdads C:\wamp\www\xx\zspt\Runtime\Cache\42792852baa95d2cf6b901abc6e0c59f.php 第 279 行.
NOTIC: [8] Undefined index: stdpst C:\wamp\www\xx\zspt\Runtime\Cache\42792852baa95d2cf6b901abc6e0c59f.php 第 280 行.
NOTIC: [8] Undefined index: stdrcmdnm C:\wamp\www\xx\zspt\Runtime\Cache\42792852baa95d2cf6b901abc6e0c59f.php 第 291 行.
NOTIC: [8] Undefined index: stdrcmdcp C:\wamp\www\xx\zspt\Runtime\Cache\42792852baa95d2cf6b901abc6e0c59f.php 第 292 行.
INFO: ParseTemplate Behavior ::run [ RunTime:0.127732s ]
INFO: [ view_parse ] --END-- [ RunTime:0.127885s ]
INFO: [ view_filter ] --START--
INFO: ContentReplace Behavior ::run [ RunTime:0.000734s ]
INFO: TokenBuild Behavior ::run [ RunTime:0.000619s ]
INFO: WriteHtmlCache Behavior ::run [ RunTime:0.000443s ]
INFO: ShowRuntime Behavior ::run [ RunTime:0.000678s ]
INFO: [ view_filter ] --END-- [ RunTime:0.002818s ]
INFO: [ view_end ] --START--
INFO: ShowPageTrace Behavior ::run [ RunTime:0.000839s ]
INFO: [ view_end ] --END-- [ RunTime:0.000965s ]

[ 2015-05-29T00:18:02+08:00 ] 127.0.0.1 /xx/zspt.php/Std/update
INFO: [ route_check ] --START--
INFO: CheckRoute Behavior ::run [ RunTime:0.001065s ]
INFO: [ route_check ] --END-- [ RunTime:0.001211s ]
INFO: [ app_begin ] --START--
INFO: ReadHtmlCache Behavior ::run [ RunTime:0.000865s ]
INFO: [ app_begin ] --END-- [ RunTime:0.000981s ]
SQL: SHOW COLUMNS FROM `tb_zssz` [ RunTime:0.003837s ]
SQL: SELECT * FROM `tb_zssz` LIMIT 1   [ RunTime:0.000349s ]
SQL: SHOW COLUMNS FROM `tb_grd` [ RunTime:0.004649s ]
SQL: SELECT * FROM `tb_grd` WHERE ( grdid=4 ) LIMIT 1   [ RunTime:0.000341s ]
SQL: SHOW COLUMNS FROM `tb_2015_std` [ RunTime:0.006799s ]
SQL: SHOW COLUMNS FROM `tb_bxxs` [ RunTime:0.003734s ]
SQL: SELECT * FROM `tb_bxxs` WHERE ( bxxsid=4 ) LIMIT 1   [ RunTime:0.000333s ]
NOTIC: [8] Undefined index: stdaplno C:\wamp\www\xx\zspt\Lib\Action\StdAction.class.php 第 749 行.
SQL: SELECT * FROM `tb_bxxs` WHERE ( bxxsid=4 ) LIMIT 1   [ RunTime:0.000289s ]
SQL: SELECT `stdaplno` FROM `tb_2015_std` WHERE ( stdaplno LIKE '%J2015%' ) ORDER BY stdaplno DESC  [ RunTime:0.000387s ]
SQL: SELECT * FROM `tb_2015_std` WHERE ( stdidcd='330506198611160816' ) LIMIT 1   [ RunTime:0.000643s ]
SQL: INSERT INTO `tb_2015_std` (`f_std_sttid`,`f_std_grdid`,`stdaplno`,`stdno`,`stdupfnctm`,`stdnm`,`stdpw`,`stdpt`,`f_std_dmid`,`f_std_sexid`,`f_std_rcid`,`f_std_zzmmid`,`stdnp`,`stdbtd`,`stdsol`,`stdcee`,`stdsog`,`stdqq`,`f_std_xlid`,`stdidcd`,`stdcp`,`stdrlta`,`stdrltanm`,`stdrltaocpt`,`stdrltacp`,`stdrltb`,`stdrltbnm`,`stdrltbocpt`,`stdrltbcp`,`stdhb`,`f_std_statid`,`stdpst`,`stdads`,`stdmdftm`,`stdaddtm`,`stdtlp`,`stdpertm`,`stdertm`,`stdicbc`,`stdrcmdnm`,`stdrcmdcp`,`stdpnttm`) VALUES (1,4,'J20150008','','','保罗6','1bbd886460827015e5d605ed44252251','/xx/Public/IMG/default.jpg',3,1,1,1,'非洲','1986-11-16','文科','','','',1,'330506198611160816','13333333333','父子','宝气','宝气','13333333333','','','','','',1,'','','2015-05-29 00:18:02','2015-05-29 00:18:02','','','','','','','') [ RunTime:0.090973s ]
SQL: SELECT * FROM `tb_2015_std` WHERE ( stdidcd='330506198611160816' ) LIMIT 1   [ RunTime:0.000746s ]
SQL: SHOW COLUMNS FROM `tb_2015_stdxqcls` [ RunTime:0.003722s ]
SQL: INSERT INTO `tb_2015_stdxqcls` (`f_stdxqcls_stdid`,`f_stdxqcls_xqid`,`f_stdxqcls_clsid`) VALUES (9,3,0) [ RunTime:0.094004s ]
SQL: SHOW COLUMNS FROM `tb_2015_stdxqmj` [ RunTime:0.003902s ]
SQL: INSERT INTO `tb_2015_stdxqmj` (`f_stdxqmj_stdid`,`f_stdxqmj_xqid`,`f_stdxqmj_mjid`) VALUES (9,3,1) [ RunTime:0.106002s ]
SQL: SHOW COLUMNS FROM `tb_2015_mj` [ RunTime:0.004658s ]
SQL: SELECT * FROM `tb_2015_mj` WHERE ( mjid=1 ) LIMIT 1   [ RunTime:0.000353s ]
SQL: SHOW COLUMNS FROM `tb_2015_xf` [ RunTime:0.003718s ]
SQL: SELECT * FROM `tb_2015_xf` WHERE ( f_xf_sttid=1 AND f_xf_bxxsid=4 AND f_xf_ccid=3 AND f_xf_klid=2 ) LIMIT 1   [ RunTime:0.000336s ]
SQL: SHOW COLUMNS FROM `tb_2015_zsf` [ RunTime:0.003525s ]
SQL: SELECT * FROM `tb_2015_zsf` WHERE ( f_zsf_dmid=3 ) LIMIT 1   [ RunTime:0.000379s ]
SQL: SHOW COLUMNS FROM `tb_2015_cw` [ RunTime:0.003681s ]
SQL: SHOW COLUMNS FROM `tb_xq` [ RunTime:0.003346s ]
SQL: SELECT * FROM `tb_xq` WHERE ( xqid=3 ) LIMIT 1   [ RunTime:0.000332s ]
NOTIC: [8] Use of undefined constant xqnm - assumed 'xqnm' C:\wamp\www\xx\zspt\Lib\Action\StdAction.class.php 第 910 行.
SQL: SHOW COLUMNS FROM `tb_xn` [ RunTime:0.004617s ]
SQL: SELECT * FROM `tb_xn` WHERE ( xnnm='2015' ) LIMIT 1   [ RunTime:0.000373s ]
SQL: INSERT INTO `tb_2015_cw` (`f_cw_grdid`,`f_cw_xnid`,`cwzcxqid`,`f_cw_stdid`,`cwyjxfsm`,`cwyjjckwfsm`,`cwyjzsfsm`,`cwsjxfsm`,`cwsjjckwfsm`,`cwsjzsfsm`) VALUES (4,2,3,9,13900,1000,0,0,0,0) [ RunTime:0.100117s ]

[ 2015-05-29T00:18:03+08:00 ] 127.0.0.1 /xx/zspt.php/Std/gtxpg/x/vw/stdid/9/bmcg/y
INFO: [ route_check ] --START--
INFO: CheckRoute Behavior ::run [ RunTime:0.001719s ]
INFO: [ route_check ] --END-- [ RunTime:0.001957s ]
INFO: [ app_begin ] --START--
INFO: ReadHtmlCache Behavior ::run [ RunTime:0.001110s ]
INFO: [ app_begin ] --END-- [ RunTime:0.001289s ]
SQL: SHOW COLUMNS FROM `tb_zssz` [ RunTime:0.004320s ]
SQL: SELECT * FROM `tb_zssz` LIMIT 1   [ RunTime:0.000359s ]
SQL: SHOW COLUMNS FROM `tb_grd` [ RunTime:0.003975s ]
SQL: SELECT * FROM `tb_grd` WHERE ( grdid=4 ) LIMIT 1   [ RunTime:0.000319s ]
SQL: SHOW COLUMNS FROM `tb_2015_std` [ RunTime:0.004778s ]
SQL: SELECT * FROM `tb_2015_std` WHERE ( stdid= ) LIMIT 1   [ RunTime:0.000370s ]
ERR: 1064:You have an error in your SQL syntax; check the manual that corresponds to your MySQL server version for the right syntax to use near ') LIMIT 1' at line 1
 [ SQL语句 ] : SELECT * FROM `tb_2015_std` WHERE ( stdid= ) LIMIT 1  
SQL: SELECT * FROM `tb_zssz` LIMIT 1   [ RunTime:0.000372s ]
SQL: SELECT * FROM `tb_grd` WHERE ( grdid=4 ) LIMIT 1   [ RunTime:0.000277s ]
SQL: SELECT * FROM `tb_2015_std` inner join tb_2015_stdxqcls ON stdid=f_stdxqcls_stdid inner join tb_2015_stdxqmj ON stdid=f_stdxqmj_stdid LEFT JOIN tb_stt ON f_std_sttid=sttid LEFT JOIN tb_grd ON f_std_grdid=grdid LEFT JOIN tb_2015_mj ON f_stdxqmj_mjid=mjid LEFT JOIN tb_bxxs ON f_mj_bxxsid=bxxsid LEFT JOIN tb_cc ON f_mj_ccid=ccid LEFT JOIN tb_kl ON f_mj_klid=klid LEFT JOIN tb_xxxs ON f_mj_xxxsid=xxxsid LEFT JOIN tb_zsfw ON f_mj_zsfwid=zsfwid LEFT JOIN tb_xz ON f_mj_xzid=xzid LEFT JOIN tb_2015_cls ON f_stdxqcls_clsid=clsid LEFT JOIN tb_dm ON f_std_dmid=dmid LEFT JOIN tb_sex ON f_std_sexid=sexid LEFT JOIN tb_rc ON f_std_rcid=rcid LEFT JOIN tb_zzmm ON f_std_zzmmid=zzmmid LEFT JOIN tb_xl ON f_std_xlid=xlid LEFT JOIN tb_stat ON f_std_statid=statid LEFT JOIN tb_xq ON f_stdxqcls_xqid=xqid WHERE ( f_stdxqcls_xqid=3 AND f_stdxqmj_xqid=3 AND stdid=9 ) LIMIT 1   [ RunTime:0.001354s ]
SQL: SELECT * FROM `tb_grd` WHERE ( grdid=4 ) LIMIT 1   [ RunTime:0.000465s ]
SQL: SHOW COLUMNS FROM `tb_xq` [ RunTime:0.003776s ]
SQL: SHOW COLUMNS FROM `tb_2015_sttintxq` [ RunTime:0.003527s ]
SQL: SELECT * FROM `tb_2015_sttintxq` WHERE ( f_sttintxq_sttid=1 ) LIMIT 1   [ RunTime:0.000295s ]
SQL: SELECT * FROM `tb_xq` WHERE ( xqid>=3 ) ORDER BY xqid ASC LIMIT 0,10   [ RunTime:0.000280s ]
SQL: SHOW COLUMNS FROM `tb_2015_tsqk` [ RunTime:0.003339s ]
SQL: SELECT * FROM `tb_2015_tsqk` WHERE ( f_tsqk_stdid=9 ) ORDER BY tsqktm DESC  [ RunTime:0.000301s ]
INFO: [ view_parse ] --START--
NOTIC: [8] Undefined variable: dmls C:\wamp\www\xx\zspt\Runtime\Cache\48449d0f0d4b67d562a44de0bb93b3b1.php 第 264 行.
NOTIC: [8] Undefined variable: aths C:\wamp\www\xx\zspt\Runtime\Cache\48449d0f0d4b67d562a44de0bb93b3b1.php 第 280 行.
INFO: ParseTemplate Behavior ::run [ RunTime:0.046346s ]
INFO: [ view_parse ] --END-- [ RunTime:0.046524s ]
INFO: [ view_filter ] --START--
INFO: ContentReplace Behavior ::run [ RunTime:0.000812s ]
INFO: TokenBuild Behavior ::run [ RunTime:0.000754s ]
INFO: WriteHtmlCache Behavior ::run [ RunTime:0.000599s ]
INFO: ShowRuntime Behavior ::run [ RunTime:0.000843s ]
INFO: [ view_filter ] --END-- [ RunTime:0.003353s ]
INFO: [ view_end ] --START--
INFO: ShowPageTrace Behavior ::run [ RunTime:0.000876s ]
INFO: [ view_end ] --END-- [ RunTime:0.000996s ]

[ 2015-05-29T10:03:54+08:00 ] 127.0.0.1 /xx/zspt.php
INFO: [ app_begin ] --START--
INFO: ReadHtmlCache Behavior ::run [ RunTime:0.001267s ]
INFO: [ app_begin ] --END-- [ RunTime:0.001424s ]
SQL: SHOW COLUMNS FROM `tb_zssz` [ RunTime:0.003504s ]
SQL: SELECT * FROM `tb_zssz` LIMIT 1   [ RunTime:0.000271s ]
SQL: SHOW COLUMNS FROM `tb_grd` [ RunTime:0.003145s ]
SQL: SELECT * FROM `tb_grd` WHERE ( grdid=4 ) LIMIT 1   [ RunTime:0.000230s ]
SQL: SHOW COLUMNS FROM `tb_2015_std` [ RunTime:0.004378s ]
SQL: SELECT * FROM `tb_2015_std` WHERE ( stdid= ) LIMIT 1   [ RunTime:0.000153s ]
ERR: 1064:You have an error in your SQL syntax; check the manual that corresponds to your MySQL server version for the right syntax to use near ') LIMIT 1' at line 1
 [ SQL语句 ] : SELECT * FROM `tb_2015_std` WHERE ( stdid= ) LIMIT 1  
SQL: SHOW COLUMNS FROM `tb_atc` [ RunTime:0.004258s ]
SQL: SELECT * FROM `tb_atc` LEFT JOIN tb_bd ON f_atc_bdid=bdid WHERE ( atcps=1 AND atcvw=1 AND atczs=1 ) ORDER BY atctp DESC,atcmdftm DESC LIMIT 0,10   [ RunTime:0.011959s ]
INFO: [ view_parse ] --START--
INFO: ParseTemplate Behavior ::run [ RunTime:0.098694s ]
INFO: [ view_parse ] --END-- [ RunTime:0.098855s ]
INFO: [ view_filter ] --START--
INFO: ContentReplace Behavior ::run [ RunTime:0.010724s ]
INFO: TokenBuild Behavior ::run [ RunTime:0.008936s ]
INFO: WriteHtmlCache Behavior ::run [ RunTime:0.000722s ]
INFO: ShowRuntime Behavior ::run [ RunTime:0.010277s ]
INFO: [ view_filter ] --END-- [ RunTime:0.031020s ]
INFO: [ view_end ] --START--
INFO: ShowPageTrace Behavior ::run [ RunTime:0.006883s ]
INFO: [ view_end ] --END-- [ RunTime:0.007006s ]

[ 2015-05-29T10:07:36+08:00 ] 127.0.0.1 /xx/zspt.php/Std/loginin
INFO: [ route_check ] --START--
INFO: CheckRoute Behavior ::run [ RunTime:0.036654s ]
INFO: [ route_check ] --END-- [ RunTime:0.036821s ]
INFO: [ app_begin ] --START--
INFO: ReadHtmlCache Behavior ::run [ RunTime:0.000815s ]
INFO: [ app_begin ] --END-- [ RunTime:0.000931s ]
SQL: SHOW COLUMNS FROM `tb_zssz` [ RunTime:0.003693s ]
SQL: SELECT * FROM `tb_zssz` LIMIT 1   [ RunTime:0.000269s ]
SQL: SHOW COLUMNS FROM `tb_grd` [ RunTime:0.004166s ]
SQL: SELECT * FROM `tb_grd` WHERE ( grdid=4 ) LIMIT 1   [ RunTime:0.000309s ]
SQL: SHOW COLUMNS FROM `tb_2015_std` [ RunTime:0.004491s ]
SQL: SELECT * FROM `tb_2015_std` WHERE ( stdnm='保罗6' ) LIMIT 1   [ RunTime:0.000587s ]
SQL: SELECT * FROM `tb_2015_std` WHERE ( stdnm='保罗6' AND stdidcd='330506198611160816' ) LIMIT 1   [ RunTime:0.000478s ]
SQL: SELECT * FROM `tb_2015_std` WHERE ( stdnm='保罗6' AND stdidcd='330506198611160816' ) LIMIT 1   [ RunTime:0.000448s ]

[ 2015-05-29T10:07:36+08:00 ] 127.0.0.1 /xx/zspt.php
INFO: [ app_begin ] --START--
INFO: ReadHtmlCache Behavior ::run [ RunTime:0.000668s ]
INFO: [ app_begin ] --END-- [ RunTime:0.000810s ]
SQL: SHOW COLUMNS FROM `tb_zssz` [ RunTime:0.003615s ]
SQL: SELECT * FROM `tb_zssz` LIMIT 1   [ RunTime:0.000309s ]
SQL: SHOW COLUMNS FROM `tb_grd` [ RunTime:0.003555s ]
SQL: SELECT * FROM `tb_grd` WHERE ( grdid=4 ) LIMIT 1   [ RunTime:0.000250s ]
SQL: SHOW COLUMNS FROM `tb_2015_std` [ RunTime:0.004252s ]
SQL: SELECT * FROM `tb_2015_std` WHERE ( stdid=9 ) LIMIT 1   [ RunTime:0.000528s ]
SQL: SHOW COLUMNS FROM `tb_atc` [ RunTime:0.003695s ]
SQL: SELECT * FROM `tb_atc` LEFT JOIN tb_bd ON f_atc_bdid=bdid WHERE ( atcps=1 AND atcvw=1 AND atczs=1 ) ORDER BY atctp DESC,atcmdftm DESC LIMIT 0,10   [ RunTime:0.000800s ]
INFO: [ view_parse ] --START--
INFO: ParseTemplate Behavior ::run [ RunTime:0.014708s ]
INFO: [ view_parse ] --END-- [ RunTime:0.014868s ]
INFO: [ view_filter ] --START--
INFO: ContentReplace Behavior ::run [ RunTime:0.000696s ]
INFO: TokenBuild Behavior ::run [ RunTime:0.000617s ]
INFO: WriteHtmlCache Behavior ::run [ RunTime:0.000452s ]
INFO: ShowRuntime Behavior ::run [ RunTime:0.000716s ]
INFO: [ view_filter ] --END-- [ RunTime:0.002820s ]
INFO: [ view_end ] --START--
INFO: ShowPageTrace Behavior ::run [ RunTime:0.000768s ]
INFO: [ view_end ] --END-- [ RunTime:0.000887s ]

[ 2015-05-29T10:07:39+08:00 ] 127.0.0.1 /xx/zspt.php/Std/gtxpg/x/vw/stdid/9
INFO: [ route_check ] --START--
INFO: CheckRoute Behavior ::run [ RunTime:0.001262s ]
INFO: [ route_check ] --END-- [ RunTime:0.001494s ]
INFO: [ app_begin ] --START--
INFO: ReadHtmlCache Behavior ::run [ RunTime:0.000680s ]
INFO: [ app_begin ] --END-- [ RunTime:0.000806s ]
SQL: SHOW COLUMNS FROM `tb_zssz` [ RunTime:0.003444s ]
SQL: SELECT * FROM `tb_zssz` LIMIT 1   [ RunTime:0.000255s ]
SQL: SHOW COLUMNS FROM `tb_grd` [ RunTime:0.003238s ]
SQL: SELECT * FROM `tb_grd` WHERE ( grdid=4 ) LIMIT 1   [ RunTime:0.000268s ]
SQL: SHOW COLUMNS FROM `tb_2015_std` [ RunTime:0.005261s ]
SQL: SELECT * FROM `tb_2015_std` WHERE ( stdid=9 ) LIMIT 1   [ RunTime:0.000547s ]
NOTIC: [8] Undefined index: bmcg C:\wamp\www\xx\zspt\Lib\Action\StdAction.class.php 第 69 行.
SQL: SELECT * FROM `tb_zssz` LIMIT 1   [ RunTime:0.000289s ]
SQL: SELECT * FROM `tb_grd` WHERE ( grdid=4 ) LIMIT 1   [ RunTime:0.000333s ]
SQL: SELECT * FROM `tb_2015_std` inner join tb_2015_stdxqcls ON stdid=f_stdxqcls_stdid inner join tb_2015_stdxqmj ON stdid=f_stdxqmj_stdid LEFT JOIN tb_stt ON f_std_sttid=sttid LEFT JOIN tb_grd ON f_std_grdid=grdid LEFT JOIN tb_2015_mj ON f_stdxqmj_mjid=mjid LEFT JOIN tb_bxxs ON f_mj_bxxsid=bxxsid LEFT JOIN tb_cc ON f_mj_ccid=ccid LEFT JOIN tb_kl ON f_mj_klid=klid LEFT JOIN tb_xxxs ON f_mj_xxxsid=xxxsid LEFT JOIN tb_zsfw ON f_mj_zsfwid=zsfwid LEFT JOIN tb_xz ON f_mj_xzid=xzid LEFT JOIN tb_2015_cls ON f_stdxqcls_clsid=clsid LEFT JOIN tb_dm ON f_std_dmid=dmid LEFT JOIN tb_sex ON f_std_sexid=sexid LEFT JOIN tb_rc ON f_std_rcid=rcid LEFT JOIN tb_zzmm ON f_std_zzmmid=zzmmid LEFT JOIN tb_xl ON f_std_xlid=xlid LEFT JOIN tb_stat ON f_std_statid=statid LEFT JOIN tb_xq ON f_stdxqcls_xqid=xqid WHERE ( f_stdxqcls_xqid=3 AND f_stdxqmj_xqid=3 AND stdid=9 ) LIMIT 1   [ RunTime:0.087120s ]
SQL: SELECT * FROM `tb_grd` WHERE ( grdid=4 ) LIMIT 1   [ RunTime:0.000371s ]
SQL: SHOW COLUMNS FROM `tb_xq` [ RunTime:0.003654s ]
SQL: SHOW COLUMNS FROM `tb_2015_sttintxq` [ RunTime:0.003223s ]
SQL: SELECT * FROM `tb_2015_sttintxq` WHERE ( f_sttintxq_sttid=1 ) LIMIT 1   [ RunTime:0.000231s ]
SQL: SELECT * FROM `tb_xq` WHERE ( xqid>=3 ) ORDER BY xqid ASC LIMIT 0,10   [ RunTime:0.000217s ]
SQL: SHOW COLUMNS FROM `tb_2015_tsqk` [ RunTime:0.003304s ]
SQL: SELECT * FROM `tb_2015_tsqk` WHERE ( f_tsqk_stdid=9 ) ORDER BY tsqktm DESC  [ RunTime:0.000320s ]
INFO: [ view_parse ] --START--
NOTIC: [8] Undefined variable: bmcg C:\wamp\www\xx\zspt\Runtime\Cache\48449d0f0d4b67d562a44de0bb93b3b1.php 第 121 行.
NOTIC: [8] Undefined variable: dmls C:\wamp\www\xx\zspt\Runtime\Cache\48449d0f0d4b67d562a44de0bb93b3b1.php 第 264 行.
NOTIC: [8] Undefined variable: aths C:\wamp\www\xx\zspt\Runtime\Cache\48449d0f0d4b67d562a44de0bb93b3b1.php 第 280 行.
INFO: ParseTemplate Behavior ::run [ RunTime:0.026436s ]
INFO: [ view_parse ] --END-- [ RunTime:0.026572s ]
INFO: [ view_filter ] --START--
INFO: ContentReplace Behavior ::run [ RunTime:0.000581s ]
INFO: TokenBuild Behavior ::run [ RunTime:0.000538s ]
INFO: WriteHtmlCache Behavior ::run [ RunTime:0.000379s ]
INFO: ShowRuntime Behavior ::run [ RunTime:0.000638s ]
INFO: [ view_filter ] --END-- [ RunTime:0.002467s ]
INFO: [ view_end ] --START--
INFO: ShowPageTrace Behavior ::run [ RunTime:0.000668s ]
INFO: [ view_end ] --END-- [ RunTime:0.000787s ]

[ 2015-05-29T16:16:39+08:00 ] 127.0.0.1 /xx/zspt.php/Std/gtxpg/x/vw/stdid/1/bmcg/y
INFO: [ route_check ] --START--
INFO: CheckRoute Behavior ::run [ RunTime:0.025264s ]
INFO: [ route_check ] --END-- [ RunTime:0.025468s ]
INFO: [ app_begin ] --START--
INFO: ReadHtmlCache Behavior ::run [ RunTime:0.001295s ]
INFO: [ app_begin ] --END-- [ RunTime:0.001449s ]
SQL: SHOW COLUMNS FROM `tb_zssz` [ RunTime:0.040442s ]
SQL: SELECT * FROM `tb_zssz` LIMIT 1   [ RunTime:0.000362s ]
SQL: SHOW COLUMNS FROM `tb_grd` [ RunTime:0.013551s ]
SQL: SELECT * FROM `tb_grd` WHERE ( grdid=4 ) LIMIT 1   [ RunTime:0.000328s ]
SQL: SHOW COLUMNS FROM `tb_2015_std` [ RunTime:0.005544s ]
SQL: SELECT * FROM `tb_2015_std` WHERE ( stdid= ) LIMIT 1   [ RunTime:0.000178s ]
ERR: 1064:You have an error in your SQL syntax; check the manual that corresponds to your MySQL server version for the right syntax to use near ') LIMIT 1' at line 1
 [ SQL语句 ] : SELECT * FROM `tb_2015_std` WHERE ( stdid= ) LIMIT 1  
SQL: SELECT * FROM `tb_zssz` LIMIT 1   [ RunTime:0.000282s ]
SQL: SELECT * FROM `tb_grd` WHERE ( grdid=4 ) LIMIT 1   [ RunTime:0.000271s ]
SQL: SELECT * FROM `tb_2015_std` inner join tb_2015_stdxqcls ON stdid=f_stdxqcls_stdid inner join tb_2015_stdxqmj ON stdid=f_stdxqmj_stdid LEFT JOIN tb_stt ON f_std_sttid=sttid LEFT JOIN tb_grd ON f_std_grdid=grdid LEFT JOIN tb_2015_mj ON f_stdxqmj_mjid=mjid LEFT JOIN tb_bxxs ON f_mj_bxxsid=bxxsid LEFT JOIN tb_cc ON f_mj_ccid=ccid LEFT JOIN tb_kl ON f_mj_klid=klid LEFT JOIN tb_xxxs ON f_mj_xxxsid=xxxsid LEFT JOIN tb_zsfw ON f_mj_zsfwid=zsfwid LEFT JOIN tb_xz ON f_mj_xzid=xzid LEFT JOIN tb_2015_cls ON f_stdxqcls_clsid=clsid LEFT JOIN tb_dm ON f_std_dmid=dmid LEFT JOIN tb_sex ON f_std_sexid=sexid LEFT JOIN tb_rc ON f_std_rcid=rcid LEFT JOIN tb_zzmm ON f_std_zzmmid=zzmmid LEFT JOIN tb_xl ON f_std_xlid=xlid LEFT JOIN tb_stat ON f_std_statid=statid LEFT JOIN tb_xq ON f_stdxqcls_xqid=xqid WHERE ( f_stdxqcls_xqid=3 AND f_stdxqmj_xqid=3 AND stdid= ) LIMIT 1   [ RunTime:0.000290s ]
ERR: 1064:You have an error in your SQL syntax; check the manual that corresponds to your MySQL server version for the right syntax to use near ') LIMIT 1' at line 1
 [ SQL语句 ] : SELECT * FROM `tb_2015_std` inner join tb_2015_stdxqcls ON stdid=f_stdxqcls_stdid inner join tb_2015_stdxqmj ON stdid=f_stdxqmj_stdid LEFT JOIN tb_stt ON f_std_sttid=sttid LEFT JOIN tb_grd ON f_std_grdid=grdid LEFT JOIN tb_2015_mj ON f_stdxqmj_mjid=mjid LEFT JOIN tb_bxxs ON f_mj_bxxsid=bxxsid LEFT JOIN tb_cc ON f_mj_ccid=ccid LEFT JOIN tb_kl ON f_mj_klid=klid LEFT JOIN tb_xxxs ON f_mj_xxxsid=xxxsid LEFT JOIN tb_zsfw ON f_mj_zsfwid=zsfwid LEFT JOIN tb_xz ON f_mj_xzid=xzid LEFT JOIN tb_2015_cls ON f_stdxqcls_clsid=clsid LEFT JOIN tb_dm ON f_std_dmid=dmid LEFT JOIN tb_sex ON f_std_sexid=sexid LEFT JOIN tb_rc ON f_std_rcid=rcid LEFT JOIN tb_zzmm ON f_std_zzmmid=zzmmid LEFT JOIN tb_xl ON f_std_xlid=xlid LEFT JOIN tb_stat ON f_std_statid=statid LEFT JOIN tb_xq ON f_stdxqcls_xqid=xqid WHERE ( f_stdxqcls_xqid=3 AND f_stdxqmj_xqid=3 AND stdid= ) LIMIT 1  
NOTIC: [8] Undefined index: f_std_sttid C:\wamp\www\xx\zspt\Lib\Action\StdAction.class.php 第 99 行.
SQL: SELECT * FROM `tb_grd` WHERE ( grdid=4 ) LIMIT 1   [ RunTime:0.000377s ]
SQL: SHOW COLUMNS FROM `tb_xq` [ RunTime:0.004637s ]
SQL: SHOW COLUMNS FROM `tb_2015_sttintxq` [ RunTime:0.004471s ]
SQL: SELECT * FROM `tb_2015_sttintxq` WHERE ( f_sttintxq_sttid= ) LIMIT 1   [ RunTime:0.000205s ]
ERR: 1064:You have an error in your SQL syntax; check the manual that corresponds to your MySQL server version for the right syntax to use near ') LIMIT 1' at line 1
 [ SQL语句 ] : SELECT * FROM `tb_2015_sttintxq` WHERE ( f_sttintxq_sttid= ) LIMIT 1  
SQL: SELECT * FROM `tb_xq` WHERE ( xqid>= ) ORDER BY xqid ASC LIMIT 0,10   [ RunTime:0.000178s ]
ERR: 1064:You have an error in your SQL syntax; check the manual that corresponds to your MySQL server version for the right syntax to use near ') ORDER BY xqid ASC LIMIT 0,10' at line 1
 [ SQL语句 ] : SELECT * FROM `tb_xq` WHERE ( xqid>= ) ORDER BY xqid ASC LIMIT 0,10  
NOTIC: [2] Invalid argument supplied for foreach() C:\wamp\www\xx\zspt\Lib\XQ\XQAction.class.php 第 28 行.
NOTIC: [8] Undefined index: stdrcmdnm C:\wamp\www\xx\zspt\Lib\Action\StdAction.class.php 第 107 行.
NOTIC: [8] Undefined index: stdrcmdcp C:\wamp\www\xx\zspt\Lib\Action\StdAction.class.php 第 107 行.
SQL: SHOW COLUMNS FROM `tb_2015_tsqk` [ RunTime:0.005966s ]
SQL: SELECT * FROM `tb_2015_tsqk` WHERE ( f_tsqk_stdid= ) ORDER BY tsqktm DESC  [ RunTime:0.000278s ]
ERR: 1064:You have an error in your SQL syntax; check the manual that corresponds to your MySQL server version for the right syntax to use near ') ORDER BY tsqktm DESC' at line 1
 [ SQL语句 ] : SELECT * FROM `tb_2015_tsqk` WHERE ( f_tsqk_stdid= ) ORDER BY tsqktm DESC 
INFO: [ view_parse ] --START--
NOTIC: [8] Undefined index: stdaplno C:\wamp\www\xx\zspt\Runtime\Cache\48449d0f0d4b67d562a44de0bb93b3b1.php 第 132 行.
NOTIC: [8] Undefined index: stdno C:\wamp\www\xx\zspt\Runtime\Cache\48449d0f0d4b67d562a44de0bb93b3b1.php 第 133 行.
NOTIC: [8] Undefined index: stdid C:\wamp\www\xx\zspt\Runtime\Cache\48449d0f0d4b67d562a44de0bb93b3b1.php 第 144 行.
NOTIC: [8] Undefined index: bxxsnm C:\wamp\www\xx\zspt\Runtime\Cache\48449d0f0d4b67d562a44de0bb93b3b1.php 第 148 行.
NOTIC: [8] Undefined index: clsnm C:\wamp\www\xx\zspt\Runtime\Cache\48449d0f0d4b67d562a44de0bb93b3b1.php 第 153 行.
NOTIC: [8] Undefined index: mjnm C:\wamp\www\xx\zspt\Runtime\Cache\48449d0f0d4b67d562a44de0bb93b3b1.php 第 157 行.
NOTIC: [8] Undefined index: mjdsc C:\wamp\www\xx\zspt\Runtime\Cache\48449d0f0d4b67d562a44de0bb93b3b1.php 第 157 行.
NOTIC: [8] Undefined index: stdnm C:\wamp\www\xx\zspt\Runtime\Cache\48449d0f0d4b67d562a44de0bb93b3b1.php 第 166 行.
NOTIC: [8] Undefined index: sexnm C:\wamp\www\xx\zspt\Runtime\Cache\48449d0f0d4b67d562a44de0bb93b3b1.php 第 171 行.
NOTIC: [8] Undefined index: rcnm C:\wamp\www\xx\zspt\Runtime\Cache\48449d0f0d4b67d562a44de0bb93b3b1.php 第 176 行.
NOTIC: [8] Undefined index: zzmmnm C:\wamp\www\xx\zspt\Runtime\Cache\48449d0f0d4b67d562a44de0bb93b3b1.php 第 181 行.
NOTIC: [8] Undefined index: stdpt C:\wamp\www\xx\zspt\Runtime\Cache\48449d0f0d4b67d562a44de0bb93b3b1.php 第 185 行.
NOTIC: [8] Undefined index: stdnp C:\wamp\www\xx\zspt\Runtime\Cache\48449d0f0d4b67d562a44de0bb93b3b1.php 第 191 行.
NOTIC: [8] Undefined index: stdsol C:\wamp\www\xx\zspt\Runtime\Cache\48449d0f0d4b67d562a44de0bb93b3b1.php 第 194 行.
NOTIC: [8] Undefined index: xlnm C:\wamp\www\xx\zspt\Runtime\Cache\48449d0f0d4b67d562a44de0bb93b3b1.php 第 200 行.
NOTIC: [8] Undefined index: stdcee C:\wamp\www\xx\zspt\Runtime\Cache\48449d0f0d4b67d562a44de0bb93b3b1.php 第 202 行.
NOTIC: [8] Undefined index: stdsog C:\wamp\www\xx\zspt\Runtime\Cache\48449d0f0d4b67d562a44de0bb93b3b1.php 第 205 行.
NOTIC: [8] Undefined index: stdcp C:\wamp\www\xx\zspt\Runtime\Cache\48449d0f0d4b67d562a44de0bb93b3b1.php 第 206 行.
NOTIC: [8] Undefined index: stdidcd C:\wamp\www\xx\zspt\Runtime\Cache\48449d0f0d4b67d562a44de0bb93b3b1.php 第 209 行.
NOTIC: [8] Undefined index: stdtlp C:\wamp\www\xx\zspt\Runtime\Cache\48449d0f0d4b67d562a44de0bb93b3b1.php 第 210 行.
NOTIC: [8] Undefined index: stdbtd C:\wamp\www\xx\zspt\Runtime\Cache\48449d0f0d4b67d562a44de0bb93b3b1.php 第 211 行.
NOTIC: [8] Undefined index: stdqq C:\wamp\www\xx\zspt\Runtime\Cache\48449d0f0d4b67d562a44de0bb93b3b1.php 第 212 行.
NOTIC: [8] Undefined index: stdrlta C:\wamp\www\xx\zspt\Runtime\Cache\48449d0f0d4b67d562a44de0bb93b3b1.php 第 215 行.
NOTIC: [8] Undefined index: stdrltanm C:\wamp\www\xx\zspt\Runtime\Cache\48449d0f0d4b67d562a44de0bb93b3b1.php 第 216 行.
NOTIC: [8] Undefined index: stdrltaocpt C:\wamp\www\xx\zspt\Runtime\Cache\48449d0f0d4b67d562a44de0bb93b3b1.php 第 217 行.
NOTIC: [8] Undefined index: stdrltacp C:\wamp\www\xx\zspt\Runtime\Cache\48449d0f0d4b67d562a44de0bb93b3b1.php 第 218 行.
NOTIC: [8] Undefined index: stdrltb C:\wamp\www\xx\zspt\Runtime\Cache\48449d0f0d4b67d562a44de0bb93b3b1.php 第 221 行.
NOTIC: [8] Undefined index: stdrltbnm C:\wamp\www\xx\zspt\Runtime\Cache\48449d0f0d4b67d562a44de0bb93b3b1.php 第 222 行.
NOTIC: [8] Undefined index: stdrltbocpt C:\wamp\www\xx\zspt\Runtime\Cache\48449d0f0d4b67d562a44de0bb93b3b1.php 第 223 行.
NOTIC: [8] Undefined index: stdrltbcp C:\wamp\www\xx\zspt\Runtime\Cache\48449d0f0d4b67d562a44de0bb93b3b1.php 第 224 行.
NOTIC: [8] Undefined index: stdhb C:\wamp\www\xx\zspt\Runtime\Cache\48449d0f0d4b67d562a44de0bb93b3b1.php 第 227 行.
NOTIC: [8] Undefined index: stdads C:\wamp\www\xx\zspt\Runtime\Cache\48449d0f0d4b67d562a44de0bb93b3b1.php 第 228 行.
NOTIC: [8] Undefined index: stdpst C:\wamp\www\xx\zspt\Runtime\Cache\48449d0f0d4b67d562a44de0bb93b3b1.php 第 229 行.
NOTIC: [8] Undefined index: stdrcmdnm C:\wamp\www\xx\zspt\Runtime\Cache\48449d0f0d4b67d562a44de0bb93b3b1.php 第 236 行.
NOTIC: [8] Undefined index: stdrcmdcp C:\wamp\www\xx\zspt\Runtime\Cache\48449d0f0d4b67d562a44de0bb93b3b1.php 第 237 行.
NOTIC: [8] Undefined index: statnm C:\wamp\www\xx\zspt\Runtime\Cache\48449d0f0d4b67d562a44de0bb93b3b1.php 第 242 行.
NOTIC: [8] Undefined index: stdid C:\wamp\www\xx\zspt\Runtime\Cache\48449d0f0d4b67d562a44de0bb93b3b1.php 第 252 行.
NOTIC: [8] Undefined index: stdid C:\wamp\www\xx\zspt\Runtime\Cache\48449d0f0d4b67d562a44de0bb93b3b1.php 第 280 行.
INFO: ParseTemplate Behavior ::run [ RunTime:0.113219s ]
INFO: [ view_parse ] --END-- [ RunTime:0.113404s ]
INFO: [ view_filter ] --START--
INFO: ContentReplace Behavior ::run [ RunTime:0.013058s ]
INFO: TokenBuild Behavior ::run [ RunTime:0.009206s ]
INFO: WriteHtmlCache Behavior ::run [ RunTime:0.000943s ]
INFO: ShowRuntime Behavior ::run [ RunTime:0.009725s ]
INFO: [ view_filter ] --END-- [ RunTime:0.033447s ]
INFO: [ view_end ] --START--
INFO: ShowPageTrace Behavior ::run [ RunTime:0.006662s ]
INFO: [ view_end ] --END-- [ RunTime:0.006826s ]

[ 2015-05-29T16:16:51+08:00 ] 127.0.0.1 /xx/zspt.php/Std/gtxpg/x/vw
INFO: [ route_check ] --START--
INFO: CheckRoute Behavior ::run [ RunTime:0.000977s ]
INFO: [ route_check ] --END-- [ RunTime:0.001159s ]
INFO: [ app_begin ] --START--
INFO: ReadHtmlCache Behavior ::run [ RunTime:0.000966s ]
INFO: [ app_begin ] --END-- [ RunTime:0.001160s ]
SQL: SHOW COLUMNS FROM `tb_zssz` [ RunTime:0.005559s ]
SQL: SELECT * FROM `tb_zssz` LIMIT 1   [ RunTime:0.000406s ]
SQL: SHOW COLUMNS FROM `tb_grd` [ RunTime:0.004661s ]
SQL: SELECT * FROM `tb_grd` WHERE ( grdid=4 ) LIMIT 1   [ RunTime:0.000374s ]
SQL: SHOW COLUMNS FROM `tb_2015_std` [ RunTime:0.005632s ]
SQL: SELECT * FROM `tb_2015_std` WHERE ( stdid= ) LIMIT 1   [ RunTime:0.000216s ]
ERR: 1064:You have an error in your SQL syntax; check the manual that corresponds to your MySQL server version for the right syntax to use near ') LIMIT 1' at line 1
 [ SQL语句 ] : SELECT * FROM `tb_2015_std` WHERE ( stdid= ) LIMIT 1  
NOTIC: [8] Undefined index: bmcg C:\wamp\www\xx\zspt\Lib\Action\StdAction.class.php 第 69 行.
SQL: SELECT * FROM `tb_zssz` LIMIT 1   [ RunTime:0.000296s ]
SQL: SELECT * FROM `tb_grd` WHERE ( grdid=4 ) LIMIT 1   [ RunTime:0.000261s ]
SQL: SELECT * FROM `tb_2015_std` inner join tb_2015_stdxqcls ON stdid=f_stdxqcls_stdid inner join tb_2015_stdxqmj ON stdid=f_stdxqmj_stdid LEFT JOIN tb_stt ON f_std_sttid=sttid LEFT JOIN tb_grd ON f_std_grdid=grdid LEFT JOIN tb_2015_mj ON f_stdxqmj_mjid=mjid LEFT JOIN tb_bxxs ON f_mj_bxxsid=bxxsid LEFT JOIN tb_cc ON f_mj_ccid=ccid LEFT JOIN tb_kl ON f_mj_klid=klid LEFT JOIN tb_xxxs ON f_mj_xxxsid=xxxsid LEFT JOIN tb_zsfw ON f_mj_zsfwid=zsfwid LEFT JOIN tb_xz ON f_mj_xzid=xzid LEFT JOIN tb_2015_cls ON f_stdxqcls_clsid=clsid LEFT JOIN tb_dm ON f_std_dmid=dmid LEFT JOIN tb_sex ON f_std_sexid=sexid LEFT JOIN tb_rc ON f_std_rcid=rcid LEFT JOIN tb_zzmm ON f_std_zzmmid=zzmmid LEFT JOIN tb_xl ON f_std_xlid=xlid LEFT JOIN tb_stat ON f_std_statid=statid LEFT JOIN tb_xq ON f_stdxqcls_xqid=xqid WHERE ( f_stdxqcls_xqid=3 AND f_stdxqmj_xqid=3 AND stdid= ) LIMIT 1   [ RunTime:0.000213s ]
ERR: 1064:You have an error in your SQL syntax; check the manual that corresponds to your MySQL server version for the right syntax to use near ') LIMIT 1' at line 1
 [ SQL语句 ] : SELECT * FROM `tb_2015_std` inner join tb_2015_stdxqcls ON stdid=f_stdxqcls_stdid inner join tb_2015_stdxqmj ON stdid=f_stdxqmj_stdid LEFT JOIN tb_stt ON f_std_sttid=sttid LEFT JOIN tb_grd ON f_std_grdid=grdid LEFT JOIN tb_2015_mj ON f_stdxqmj_mjid=mjid LEFT JOIN tb_bxxs ON f_mj_bxxsid=bxxsid LEFT JOIN tb_cc ON f_mj_ccid=ccid LEFT JOIN tb_kl ON f_mj_klid=klid LEFT JOIN tb_xxxs ON f_mj_xxxsid=xxxsid LEFT JOIN tb_zsfw ON f_mj_zsfwid=zsfwid LEFT JOIN tb_xz ON f_mj_xzid=xzid LEFT JOIN tb_2015_cls ON f_stdxqcls_clsid=clsid LEFT JOIN tb_dm ON f_std_dmid=dmid LEFT JOIN tb_sex ON f_std_sexid=sexid LEFT JOIN tb_rc ON f_std_rcid=rcid LEFT JOIN tb_zzmm ON f_std_zzmmid=zzmmid LEFT JOIN tb_xl ON f_std_xlid=xlid LEFT JOIN tb_stat ON f_std_statid=statid LEFT JOIN tb_xq ON f_stdxqcls_xqid=xqid WHERE ( f_stdxqcls_xqid=3 AND f_stdxqmj_xqid=3 AND stdid= ) LIMIT 1  
NOTIC: [8] Undefined index: f_std_sttid C:\wamp\www\xx\zspt\Lib\Action\StdAction.class.php 第 99 行.
SQL: SELECT * FROM `tb_grd` WHERE ( grdid=4 ) LIMIT 1   [ RunTime:0.000227s ]
SQL: SHOW COLUMNS FROM `tb_xq` [ RunTime:0.003358s ]
SQL: SHOW COLUMNS FROM `tb_2015_sttintxq` [ RunTime:0.003135s ]
SQL: SELECT * FROM `tb_2015_sttintxq` WHERE ( f_sttintxq_sttid= ) LIMIT 1   [ RunTime:0.000177s ]
ERR: 1064:You have an error in your SQL syntax; check the manual that corresponds to your MySQL server version for the right syntax to use near ') LIMIT 1' at line 1
 [ SQL语句 ] : SELECT * FROM `tb_2015_sttintxq` WHERE ( f_sttintxq_sttid= ) LIMIT 1  
SQL: SELECT * FROM `tb_xq` WHERE ( xqid>= ) ORDER BY xqid ASC LIMIT 0,10   [ RunTime:0.000195s ]
ERR: 1064:You have an error in your SQL syntax; check the manual that corresponds to your MySQL server version for the right syntax to use near ') ORDER BY xqid ASC LIMIT 0,10' at line 1
 [ SQL语句 ] : SELECT * FROM `tb_xq` WHERE ( xqid>= ) ORDER BY xqid ASC LIMIT 0,10  
NOTIC: [2] Invalid argument supplied for foreach() C:\wamp\www\xx\zspt\Lib\XQ\XQAction.class.php 第 28 行.
NOTIC: [8] Undefined index: stdrcmdnm C:\wamp\www\xx\zspt\Lib\Action\StdAction.class.php 第 107 行.
NOTIC: [8] Undefined index: stdrcmdcp C:\wamp\www\xx\zspt\Lib\Action\StdAction.class.php 第 107 行.
SQL: SHOW COLUMNS FROM `tb_2015_tsqk` [ RunTime:0.003671s ]
SQL: SELECT * FROM `tb_2015_tsqk` WHERE ( f_tsqk_stdid= ) ORDER BY tsqktm DESC  [ RunTime:0.000202s ]
ERR: 1064:You have an error in your SQL syntax; check the manual that corresponds to your MySQL server version for the right syntax to use near ') ORDER BY tsqktm DESC' at line 1
 [ SQL语句 ] : SELECT * FROM `tb_2015_tsqk` WHERE ( f_tsqk_stdid= ) ORDER BY tsqktm DESC 
INFO: [ view_parse ] --START--
NOTIC: [8] Undefined variable: bmcg C:\wamp\www\xx\zspt\Runtime\Cache\48449d0f0d4b67d562a44de0bb93b3b1.php 第 121 行.
NOTIC: [8] Undefined index: stdaplno C:\wamp\www\xx\zspt\Runtime\Cache\48449d0f0d4b67d562a44de0bb93b3b1.php 第 132 行.
NOTIC: [8] Undefined index: stdno C:\wamp\www\xx\zspt\Runtime\Cache\48449d0f0d4b67d562a44de0bb93b3b1.php 第 133 行.
NOTIC: [8] Undefined index: stdid C:\wamp\www\xx\zspt\Runtime\Cache\48449d0f0d4b67d562a44de0bb93b3b1.php 第 144 行.
NOTIC: [8] Undefined index: bxxsnm C:\wamp\www\xx\zspt\Runtime\Cache\48449d0f0d4b67d562a44de0bb93b3b1.php 第 148 行.
NOTIC: [8] Undefined index: clsnm C:\wamp\www\xx\zspt\Runtime\Cache\48449d0f0d4b67d562a44de0bb93b3b1.php 第 153 行.
NOTIC: [8] Undefined index: mjnm C:\wamp\www\xx\zspt\Runtime\Cache\48449d0f0d4b67d562a44de0bb93b3b1.php 第 157 行.
NOTIC: [8] Undefined index: mjdsc C:\wamp\www\xx\zspt\Runtime\Cache\48449d0f0d4b67d562a44de0bb93b3b1.php 第 157 行.
NOTIC: [8] Undefined index: stdnm C:\wamp\www\xx\zspt\Runtime\Cache\48449d0f0d4b67d562a44de0bb93b3b1.php 第 166 行.
NOTIC: [8] Undefined index: sexnm C:\wamp\www\xx\zspt\Runtime\Cache\48449d0f0d4b67d562a44de0bb93b3b1.php 第 171 行.
NOTIC: [8] Undefined index: rcnm C:\wamp\www\xx\zspt\Runtime\Cache\48449d0f0d4b67d562a44de0bb93b3b1.php 第 176 行.
NOTIC: [8] Undefined index: zzmmnm C:\wamp\www\xx\zspt\Runtime\Cache\48449d0f0d4b67d562a44de0bb93b3b1.php 第 181 行.
NOTIC: [8] Undefined index: stdpt C:\wamp\www\xx\zspt\Runtime\Cache\48449d0f0d4b67d562a44de0bb93b3b1.php 第 185 行.
NOTIC: [8] Undefined index: stdnp C:\wamp\www\xx\zspt\Runtime\Cache\48449d0f0d4b67d562a44de0bb93b3b1.php 第 191 行.
NOTIC: [8] Undefined index: stdsol C:\wamp\www\xx\zspt\Runtime\Cache\48449d0f0d4b67d562a44de0bb93b3b1.php 第 194 行.
NOTIC: [8] Undefined index: xlnm C:\wamp\www\xx\zspt\Runtime\Cache\48449d0f0d4b67d562a44de0bb93b3b1.php 第 200 行.
NOTIC: [8] Undefined index: stdcee C:\wamp\www\xx\zspt\Runtime\Cache\48449d0f0d4b67d562a44de0bb93b3b1.php 第 202 行.
NOTIC: [8] Undefined index: stdsog C:\wamp\www\xx\zspt\Runtime\Cache\48449d0f0d4b67d562a44de0bb93b3b1.php 第 205 行.
NOTIC: [8] Undefined index: stdcp C:\wamp\www\xx\zspt\Runtime\Cache\48449d0f0d4b67d562a44de0bb93b3b1.php 第 206 行.
NOTIC: [8] Undefined index: stdidcd C:\wamp\www\xx\zspt\Runtime\Cache\48449d0f0d4b67d562a44de0bb93b3b1.php 第 209 行.
NOTIC: [8] Undefined index: stdtlp C:\wamp\www\xx\zspt\Runtime\Cache\48449d0f0d4b67d562a44de0bb93b3b1.php 第 210 行.
NOTIC: [8] Undefined index: stdbtd C:\wamp\www\xx\zspt\Runtime\Cache\48449d0f0d4b67d562a44de0bb93b3b1.php 第 211 行.
NOTIC: [8] Undefined index: stdqq C:\wamp\www\xx\zspt\Runtime\Cache\48449d0f0d4b67d562a44de0bb93b3b1.php 第 212 行.
NOTIC: [8] Undefined index: stdrlta C:\wamp\www\xx\zspt\Runtime\Cache\48449d0f0d4b67d562a44de0bb93b3b1.php 第 215 行.
NOTIC: [8] Undefined index: stdrltanm C:\wamp\www\xx\zspt\Runtime\Cache\48449d0f0d4b67d562a44de0bb93b3b1.php 第 216 行.
NOTIC: [8] Undefined index: stdrltaocpt C:\wamp\www\xx\zspt\Runtime\Cache\48449d0f0d4b67d562a44de0bb93b3b1.php 第 217 行.
NOTIC: [8] Undefined index: stdrltacp C:\wamp\www\xx\zspt\Runtime\Cache\48449d0f0d4b67d562a44de0bb93b3b1.php 第 218 行.
NOTIC: [8] Undefined index: stdrltb C:\wamp\www\xx\zspt\Runtime\Cache\48449d0f0d4b67d562a44de0bb93b3b1.php 第 221 行.
NOTIC: [8] Undefined index: stdrltbnm C:\wamp\www\xx\zspt\Runtime\Cache\48449d0f0d4b67d562a44de0bb93b3b1.php 第 222 行.
NOTIC: [8] Undefined index: stdrltbocpt C:\wamp\www\xx\zspt\Runtime\Cache\48449d0f0d4b67d562a44de0bb93b3b1.php 第 223 行.
NOTIC: [8] Undefined index: stdrltbcp C:\wamp\www\xx\zspt\Runtime\Cache\48449d0f0d4b67d562a44de0bb93b3b1.php 第 224 行.
NOTIC: [8] Undefined index: stdhb C:\wamp\www\xx\zspt\Runtime\Cache\48449d0f0d4b67d562a44de0bb93b3b1.php 第 227 行.
NOTIC: [8] Undefined index: stdads C:\wamp\www\xx\zspt\Runtime\Cache\48449d0f0d4b67d562a44de0bb93b3b1.php 第 228 行.
NOTIC: [8] Undefined index: stdpst C:\wamp\www\xx\zspt\Runtime\Cache\48449d0f0d4b67d562a44de0bb93b3b1.php 第 229 行.
NOTIC: [8] Undefined index: stdrcmdnm C:\wamp\www\xx\zspt\Runtime\Cache\48449d0f0d4b67d562a44de0bb93b3b1.php 第 236 行.
NOTIC: [8] Undefined index: stdrcmdcp C:\wamp\www\xx\zspt\Runtime\Cache\48449d0f0d4b67d562a44de0bb93b3b1.php 第 237 行.
NOTIC: [8] Undefined index: statnm C:\wamp\www\xx\zspt\Runtime\Cache\48449d0f0d4b67d562a44de0bb93b3b1.php 第 242 行.
NOTIC: [8] Undefined index: stdid C:\wamp\www\xx\zspt\Runtime\Cache\48449d0f0d4b67d562a44de0bb93b3b1.php 第 252 行.
NOTIC: [8] Undefined index: stdid C:\wamp\www\xx\zspt\Runtime\Cache\48449d0f0d4b67d562a44de0bb93b3b1.php 第 280 行.
INFO: ParseTemplate Behavior ::run [ RunTime:0.024598s ]
INFO: [ view_parse ] --END-- [ RunTime:0.024734s ]
INFO: [ view_filter ] --START--
INFO: ContentReplace Behavior ::run [ RunTime:0.000681s ]
INFO: TokenBuild Behavior ::run [ RunTime:0.000550s ]
INFO: WriteHtmlCache Behavior ::run [ RunTime:0.000382s ]
INFO: ShowRuntime Behavior ::run [ RunTime:0.000639s ]
INFO: [ view_filter ] --END-- [ RunTime:0.002585s ]
INFO: [ view_end ] --START--
INFO: ShowPageTrace Behavior ::run [ RunTime:0.000924s ]
INFO: [ view_end ] --END-- [ RunTime:0.001089s ]

[ 2015-05-29T16:16:55+08:00 ] 127.0.0.1 /xx/zspt.php
INFO: [ app_begin ] --START--
INFO: ReadHtmlCache Behavior ::run [ RunTime:0.000666s ]
INFO: [ app_begin ] --END-- [ RunTime:0.000808s ]
SQL: SHOW COLUMNS FROM `tb_zssz` [ RunTime:0.003734s ]
SQL: SELECT * FROM `tb_zssz` LIMIT 1   [ RunTime:0.000301s ]
SQL: SHOW COLUMNS FROM `tb_grd` [ RunTime:0.004795s ]
SQL: SELECT * FROM `tb_grd` WHERE ( grdid=4 ) LIMIT 1   [ RunTime:0.000380s ]
SQL: SHOW COLUMNS FROM `tb_2015_std` [ RunTime:0.004618s ]
SQL: SELECT * FROM `tb_2015_std` WHERE ( stdid= ) LIMIT 1   [ RunTime:0.000224s ]
ERR: 1064:You have an error in your SQL syntax; check the manual that corresponds to your MySQL server version for the right syntax to use near ') LIMIT 1' at line 1
 [ SQL语句 ] : SELECT * FROM `tb_2015_std` WHERE ( stdid= ) LIMIT 1  
SQL: SHOW COLUMNS FROM `tb_atc` [ RunTime:0.015052s ]
SQL: SELECT * FROM `tb_atc` LEFT JOIN tb_bd ON f_atc_bdid=bdid WHERE ( atcps=1 AND atcvw=1 AND atczs=1 ) ORDER BY atctp DESC,atcmdftm DESC LIMIT 0,10   [ RunTime:0.001128s ]
INFO: [ view_parse ] --START--
INFO: ParseTemplate Behavior ::run [ RunTime:0.028718s ]
INFO: [ view_parse ] --END-- [ RunTime:0.028932s ]
INFO: [ view_filter ] --START--
INFO: ContentReplace Behavior ::run [ RunTime:0.000853s ]
INFO: TokenBuild Behavior ::run [ RunTime:0.000959s ]
INFO: WriteHtmlCache Behavior ::run [ RunTime:0.000823s ]
INFO: ShowRuntime Behavior ::run [ RunTime:0.000817s ]
INFO: [ view_filter ] --END-- [ RunTime:0.004015s ]
INFO: [ view_end ] --START--
INFO: ShowPageTrace Behavior ::run [ RunTime:0.000878s ]
INFO: [ view_end ] --END-- [ RunTime:0.001045s ]

[ 2015-05-29T16:16:58+08:00 ] 127.0.0.1 /xx/zspt.php/Std/gtxpg/x/updt/stdid/0
INFO: [ route_check ] --START--
INFO: CheckRoute Behavior ::run [ RunTime:0.001125s ]
INFO: [ route_check ] --END-- [ RunTime:0.001310s ]
INFO: [ app_begin ] --START--
INFO: ReadHtmlCache Behavior ::run [ RunTime:0.000702s ]
INFO: [ app_begin ] --END-- [ RunTime:0.000833s ]
SQL: SHOW COLUMNS FROM `tb_zssz` [ RunTime:0.004064s ]
SQL: SELECT * FROM `tb_zssz` LIMIT 1   [ RunTime:0.000384s ]
SQL: SHOW COLUMNS FROM `tb_grd` [ RunTime:0.004480s ]
SQL: SELECT * FROM `tb_grd` WHERE ( grdid=4 ) LIMIT 1   [ RunTime:0.000325s ]
SQL: SHOW COLUMNS FROM `tb_2015_std` [ RunTime:0.005758s ]
SQL: SELECT * FROM `tb_2015_std` WHERE ( stdid= ) LIMIT 1   [ RunTime:0.000291s ]
ERR: 1064:You have an error in your SQL syntax; check the manual that corresponds to your MySQL server version for the right syntax to use near ') LIMIT 1' at line 1
 [ SQL语句 ] : SELECT * FROM `tb_2015_std` WHERE ( stdid= ) LIMIT 1  
SQL: SELECT * FROM `tb_zssz` LIMIT 1   [ RunTime:0.000352s ]
SQL: SELECT * FROM `tb_grd` WHERE ( grdid=4 ) LIMIT 1   [ RunTime:0.000392s ]
SQL: SHOW COLUMNS FROM `tb_2015_cls` [ RunTime:0.003851s ]
SQL: SELECT * FROM `tb_2015_cls` LEFT JOIN tb_stt ON f_cls_sttid=sttid WHERE ( 1=1 AND f_cls_sttid=1 AND f_cls_grdid=4 ) ORDER BY clsnm ASC  [ RunTime:0.000522s ]
SQL: SHOW COLUMNS FROM `tb_2015_mj` [ RunTime:0.004550s ]
SQL: SELECT * FROM `tb_2015_mj`  [ RunTime:0.000390s ]
SQL: SELECT * FROM `tb_2015_mj` LEFT JOIN tb_bxxs ON f_mj_bxxsid=bxxsid LEFT JOIN tb_kl ON f_mj_klid=klid WHERE ( 1=1 AND mjbbzs=1 AND mjsttu LIKE '%-1-%' AND (1=2 OR f_mj_bxxsid=4) AND f_mj_grdid=4 ) ORDER BY f_mj_bxxsid ASC,mjdm ASC  [ RunTime:0.001264s ]
SQL: SHOW COLUMNS FROM `tb_bxxs` [ RunTime:0.004193s ]
SQL: SELECT * FROM `tb_bxxs` WHERE ( 1=1 AND (1=2 OR bxxsid=4) )  [ RunTime:0.000303s ]
SQL: SHOW COLUMNS FROM `tb_sex` [ RunTime:0.004353s ]
SQL: SELECT * FROM `tb_sex`  [ RunTime:0.000235s ]
SQL: SHOW COLUMNS FROM `tb_rc` [ RunTime:0.003229s ]
SQL: SELECT * FROM `tb_rc`  [ RunTime:0.000402s ]
SQL: SHOW COLUMNS FROM `tb_zzmm` [ RunTime:0.003220s ]
SQL: SELECT * FROM `tb_zzmm`  [ RunTime:0.000261s ]
SQL: SHOW COLUMNS FROM `tb_xl` [ RunTime:0.003157s ]
SQL: SELECT * FROM `tb_xl`  [ RunTime:0.000249s ]
SQL: SHOW COLUMNS FROM `tb_dm` [ RunTime:0.003209s ]
SQL: SELECT * FROM `tb_dm`  [ RunTime:0.000253s ]
SQL: SHOW COLUMNS FROM `tb_stat` [ RunTime:0.003188s ]
SQL: SELECT * FROM `tb_stat`  [ RunTime:0.000283s ]
NOTIC: [8] Undefined index: stdrcmdnm C:\wamp\www\xx\zspt\Lib\Action\StdAction.class.php 第 345 行.
NOTIC: [8] Undefined index: stdrcmdcp C:\wamp\www\xx\zspt\Lib\Action\StdAction.class.php 第 345 行.
INFO: [ view_parse ] --START--
NOTIC: [8] Undefined index: f_mj_bxxsid C:\wamp\www\xx\zspt\Runtime\Cache\42792852baa95d2cf6b901abc6e0c59f.php 第 149 行.
NOTIC: [8] Undefined index: f_stdxqmj_mjid C:\wamp\www\xx\zspt\Runtime\Cache\42792852baa95d2cf6b901abc6e0c59f.php 第 169 行.
NOTIC: [8] Undefined index: stdnm C:\wamp\www\xx\zspt\Runtime\Cache\42792852baa95d2cf6b901abc6e0c59f.php 第 179 行.
NOTIC: [8] Undefined index: f_std_sexid C:\wamp\www\xx\zspt\Runtime\Cache\42792852baa95d2cf6b901abc6e0c59f.php 第 188 行.
NOTIC: [8] Undefined index: f_std_rcid C:\wamp\www\xx\zspt\Runtime\Cache\42792852baa95d2cf6b901abc6e0c59f.php 第 198 行.
NOTIC: [8] Undefined index: f_std_zzmmid C:\wamp\www\xx\zspt\Runtime\Cache\42792852baa95d2cf6b901abc6e0c59f.php 第 208 行.
NOTIC: [8] Undefined index: stdnp C:\wamp\www\xx\zspt\Runtime\Cache\42792852baa95d2cf6b901abc6e0c59f.php 第 233 行.
NOTIC: [8] Undefined index: f_std_xlid C:\wamp\www\xx\zspt\Runtime\Cache\42792852baa95d2cf6b901abc6e0c59f.php 第 251 行.
NOTIC: [8] Undefined index: stdcee C:\wamp\www\xx\zspt\Runtime\Cache\42792852baa95d2cf6b901abc6e0c59f.php 第 253 行.
NOTIC: [8] Undefined index: stdsog C:\wamp\www\xx\zspt\Runtime\Cache\42792852baa95d2cf6b901abc6e0c59f.php 第 256 行.
NOTIC: [8] Undefined index: stdcp C:\wamp\www\xx\zspt\Runtime\Cache\42792852baa95d2cf6b901abc6e0c59f.php 第 257 行.
NOTIC: [8] Undefined index: stdidcd C:\wamp\www\xx\zspt\Runtime\Cache\42792852baa95d2cf6b901abc6e0c59f.php 第 260 行.
NOTIC: [8] Undefined index: stdtlp C:\wamp\www\xx\zspt\Runtime\Cache\42792852baa95d2cf6b901abc6e0c59f.php 第 261 行.
NOTIC: [8] Undefined index: stdbtd C:\wamp\www\xx\zspt\Runtime\Cache\42792852baa95d2cf6b901abc6e0c59f.php 第 262 行.
NOTIC: [8] Undefined index: stdqq C:\wamp\www\xx\zspt\Runtime\Cache\42792852baa95d2cf6b901abc6e0c59f.php 第 263 行.
NOTIC: [8] Undefined index: stdrlta C:\wamp\www\xx\zspt\Runtime\Cache\42792852baa95d2cf6b901abc6e0c59f.php 第 266 行.
NOTIC: [8] Undefined index: stdrltanm C:\wamp\www\xx\zspt\Runtime\Cache\42792852baa95d2cf6b901abc6e0c59f.php 第 267 行.
NOTIC: [8] Undefined index: stdrltaocpt C:\wamp\www\xx\zspt\Runtime\Cache\42792852baa95d2cf6b901abc6e0c59f.php 第 268 行.
NOTIC: [8] Undefined index: stdrltacp C:\wamp\www\xx\zspt\Runtime\Cache\42792852baa95d2cf6b901abc6e0c59f.php 第 269 行.
NOTIC: [8] Undefined index: stdrltb C:\wamp\www\xx\zspt\Runtime\Cache\42792852baa95d2cf6b901abc6e0c59f.php 第 272 行.
NOTIC: [8] Undefined index: stdrltbnm C:\wamp\www\xx\zspt\Runtime\Cache\42792852baa95d2cf6b901abc6e0c59f.php 第 273 行.
NOTIC: [8] Undefined index: stdrltbocpt C:\wamp\www\xx\zspt\Runtime\Cache\42792852baa95d2cf6b901abc6e0c59f.php 第 274 行.
NOTIC: [8] Undefined index: stdrltbcp C:\wamp\www\xx\zspt\Runtime\Cache\42792852baa95d2cf6b901abc6e0c59f.php 第 275 行.
NOTIC: [8] Undefined index: stdhb C:\wamp\www\xx\zspt\Runtime\Cache\42792852baa95d2cf6b901abc6e0c59f.php 第 278 行.
NOTIC: [8] Undefined index: stdads C:\wamp\www\xx\zspt\Runtime\Cache\42792852baa95d2cf6b901abc6e0c59f.php 第 279 行.
NOTIC: [8] Undefined index: stdpst C:\wamp\www\xx\zspt\Runtime\Cache\42792852baa95d2cf6b901abc6e0c59f.php 第 280 行.
NOTIC: [8] Undefined index: stdrcmdnm C:\wamp\www\xx\zspt\Runtime\Cache\42792852baa95d2cf6b901abc6e0c59f.php 第 291 行.
NOTIC: [8] Undefined index: stdrcmdcp C:\wamp\www\xx\zspt\Runtime\Cache\42792852baa95d2cf6b901abc6e0c59f.php 第 292 行.
INFO: ParseTemplate Behavior ::run [ RunTime:0.063532s ]
INFO: [ view_parse ] --END-- [ RunTime:0.063702s ]
INFO: [ view_filter ] --START--
INFO: ContentReplace Behavior ::run [ RunTime:0.000645s ]
INFO: TokenBuild Behavior ::run [ RunTime:0.000589s ]
INFO: WriteHtmlCache Behavior ::run [ RunTime:0.000398s ]
INFO: ShowRuntime Behavior ::run [ RunTime:0.000653s ]
INFO: [ view_filter ] --END-- [ RunTime:0.002635s ]
INFO: [ view_end ] --START--
INFO: ShowPageTrace Behavior ::run [ RunTime:0.000962s ]
INFO: [ view_end ] --END-- [ RunTime:0.001128s ]

[ 2015-05-29T16:17:26+08:00 ] 127.0.0.1 /xx/zspt.php/Std/loginin
INFO: [ route_check ] --START--
INFO: CheckRoute Behavior ::run [ RunTime:0.001046s ]
INFO: [ route_check ] --END-- [ RunTime:0.001195s ]
INFO: [ app_begin ] --START--
INFO: ReadHtmlCache Behavior ::run [ RunTime:0.000920s ]
INFO: [ app_begin ] --END-- [ RunTime:0.001033s ]
SQL: SHOW COLUMNS FROM `tb_zssz` [ RunTime:0.003839s ]
SQL: SELECT * FROM `tb_zssz` LIMIT 1   [ RunTime:0.000291s ]
SQL: SHOW COLUMNS FROM `tb_grd` [ RunTime:0.003229s ]
SQL: SELECT * FROM `tb_grd` WHERE ( grdid=4 ) LIMIT 1   [ RunTime:0.000354s ]
SQL: SHOW COLUMNS FROM `tb_2015_std` [ RunTime:0.004553s ]
SQL: SELECT * FROM `tb_2015_std` WHERE ( stdnm='保罗6' ) LIMIT 1   [ RunTime:0.000830s ]
SQL: SELECT * FROM `tb_2015_std` WHERE ( stdnm='保罗6' AND stdidcd='330506198611160816' ) LIMIT 1   [ RunTime:0.000546s ]
SQL: SELECT * FROM `tb_2015_std` WHERE ( stdnm='保罗6' AND stdidcd='330506198611160816' ) LIMIT 1   [ RunTime:0.000541s ]

[ 2015-05-29T16:17:27+08:00 ] 127.0.0.1 /xx/zspt.php
INFO: [ app_begin ] --START--
INFO: ReadHtmlCache Behavior ::run [ RunTime:0.000665s ]
INFO: [ app_begin ] --END-- [ RunTime:0.000807s ]
SQL: SHOW COLUMNS FROM `tb_zssz` [ RunTime:0.003650s ]
SQL: SELECT * FROM `tb_zssz` LIMIT 1   [ RunTime:0.000319s ]
SQL: SHOW COLUMNS FROM `tb_grd` [ RunTime:0.003258s ]
SQL: SELECT * FROM `tb_grd` WHERE ( grdid=4 ) LIMIT 1   [ RunTime:0.000721s ]
SQL: SHOW COLUMNS FROM `tb_2015_std` [ RunTime:0.005351s ]
SQL: SELECT * FROM `tb_2015_std` WHERE ( stdid=9 ) LIMIT 1   [ RunTime:0.000807s ]
SQL: SHOW COLUMNS FROM `tb_atc` [ RunTime:0.006400s ]
SQL: SELECT * FROM `tb_atc` LEFT JOIN tb_bd ON f_atc_bdid=bdid WHERE ( atcps=1 AND atcvw=1 AND atczs=1 ) ORDER BY atctp DESC,atcmdftm DESC LIMIT 0,10   [ RunTime:0.001153s ]
INFO: [ view_parse ] --START--
INFO: ParseTemplate Behavior ::run [ RunTime:0.015925s ]
INFO: [ view_parse ] --END-- [ RunTime:0.016134s ]
INFO: [ view_filter ] --START--
INFO: ContentReplace Behavior ::run [ RunTime:0.000793s ]
INFO: TokenBuild Behavior ::run [ RunTime:0.000786s ]
INFO: WriteHtmlCache Behavior ::run [ RunTime:0.000660s ]
INFO: ShowRuntime Behavior ::run [ RunTime:0.001097s ]
INFO: [ view_filter ] --END-- [ RunTime:0.003784s ]
INFO: [ view_end ] --START--
INFO: ShowPageTrace Behavior ::run [ RunTime:0.001139s ]
INFO: [ view_end ] --END-- [ RunTime:0.001328s ]

[ 2015-05-29T16:17:30+08:00 ] 127.0.0.1 /xx/zspt.php/Std/gtxpg/x/vw/stdid/9
INFO: [ route_check ] --START--
INFO: CheckRoute Behavior ::run [ RunTime:0.000839s ]
INFO: [ route_check ] --END-- [ RunTime:0.000984s ]
INFO: [ app_begin ] --START--
INFO: ReadHtmlCache Behavior ::run [ RunTime:0.000664s ]
INFO: [ app_begin ] --END-- [ RunTime:0.000788s ]
SQL: SHOW COLUMNS FROM `tb_zssz` [ RunTime:0.003518s ]
SQL: SELECT * FROM `tb_zssz` LIMIT 1   [ RunTime:0.000397s ]
SQL: SHOW COLUMNS FROM `tb_grd` [ RunTime:0.003899s ]
SQL: SELECT * FROM `tb_grd` WHERE ( grdid=4 ) LIMIT 1   [ RunTime:0.000330s ]
SQL: SHOW COLUMNS FROM `tb_2015_std` [ RunTime:0.004283s ]
SQL: SELECT * FROM `tb_2015_std` WHERE ( stdid=9 ) LIMIT 1   [ RunTime:0.000535s ]
NOTIC: [8] Undefined index: bmcg C:\wamp\www\xx\zspt\Lib\Action\StdAction.class.php 第 69 行.
SQL: SELECT * FROM `tb_zssz` LIMIT 1   [ RunTime:0.000223s ]
SQL: SELECT * FROM `tb_grd` WHERE ( grdid=4 ) LIMIT 1   [ RunTime:0.000271s ]
SQL: SELECT * FROM `tb_2015_std` inner join tb_2015_stdxqcls ON stdid=f_stdxqcls_stdid inner join tb_2015_stdxqmj ON stdid=f_stdxqmj_stdid LEFT JOIN tb_stt ON f_std_sttid=sttid LEFT JOIN tb_grd ON f_std_grdid=grdid LEFT JOIN tb_2015_mj ON f_stdxqmj_mjid=mjid LEFT JOIN tb_bxxs ON f_mj_bxxsid=bxxsid LEFT JOIN tb_cc ON f_mj_ccid=ccid LEFT JOIN tb_kl ON f_mj_klid=klid LEFT JOIN tb_xxxs ON f_mj_xxxsid=xxxsid LEFT JOIN tb_zsfw ON f_mj_zsfwid=zsfwid LEFT JOIN tb_xz ON f_mj_xzid=xzid LEFT JOIN tb_2015_cls ON f_stdxqcls_clsid=clsid LEFT JOIN tb_dm ON f_std_dmid=dmid LEFT JOIN tb_sex ON f_std_sexid=sexid LEFT JOIN tb_rc ON f_std_rcid=rcid LEFT JOIN tb_zzmm ON f_std_zzmmid=zzmmid LEFT JOIN tb_xl ON f_std_xlid=xlid LEFT JOIN tb_stat ON f_std_statid=statid LEFT JOIN tb_xq ON f_stdxqcls_xqid=xqid WHERE ( f_stdxqcls_xqid=3 AND f_stdxqmj_xqid=3 AND stdid=9 ) LIMIT 1   [ RunTime:0.001347s ]
SQL: SELECT * FROM `tb_grd` WHERE ( grdid=4 ) LIMIT 1   [ RunTime:0.000271s ]
SQL: SHOW COLUMNS FROM `tb_xq` [ RunTime:0.003531s ]
SQL: SHOW COLUMNS FROM `tb_2015_sttintxq` [ RunTime:0.003408s ]
SQL: SELECT * FROM `tb_2015_sttintxq` WHERE ( f_sttintxq_sttid=1 ) LIMIT 1   [ RunTime:0.000285s ]
SQL: SELECT * FROM `tb_xq` WHERE ( xqid>=3 ) ORDER BY xqid ASC LIMIT 0,10   [ RunTime:0.000292s ]
SQL: SHOW COLUMNS FROM `tb_2015_tsqk` [ RunTime:0.004014s ]
SQL: SELECT * FROM `tb_2015_tsqk` WHERE ( f_tsqk_stdid=9 ) ORDER BY tsqktm DESC  [ RunTime:0.000284s ]
INFO: [ view_parse ] --START--
NOTIC: [8] Undefined variable: bmcg C:\wamp\www\xx\zspt\Runtime\Cache\48449d0f0d4b67d562a44de0bb93b3b1.php 第 121 行.
NOTIC: [8] Undefined variable: dmls C:\wamp\www\xx\zspt\Runtime\Cache\48449d0f0d4b67d562a44de0bb93b3b1.php 第 264 行.
NOTIC: [8] Undefined variable: aths C:\wamp\www\xx\zspt\Runtime\Cache\48449d0f0d4b67d562a44de0bb93b3b1.php 第 280 行.
INFO: ParseTemplate Behavior ::run [ RunTime:0.024245s ]
INFO: [ view_parse ] --END-- [ RunTime:0.024381s ]
INFO: [ view_filter ] --START--
INFO: ContentReplace Behavior ::run [ RunTime:0.000620s ]
INFO: TokenBuild Behavior ::run [ RunTime:0.000547s ]
INFO: WriteHtmlCache Behavior ::run [ RunTime:0.000381s ]
INFO: ShowRuntime Behavior ::run [ RunTime:0.000647s ]
INFO: [ view_filter ] --END-- [ RunTime:0.002532s ]
INFO: [ view_end ] --START--
INFO: ShowPageTrace Behavior ::run [ RunTime:0.000682s ]
INFO: [ view_end ] --END-- [ RunTime:0.000801s ]

[ 2015-05-29T16:18:37+08:00 ] 127.0.0.1 /xx/zspt.php
INFO: [ app_begin ] --START--
INFO: ReadHtmlCache Behavior ::run [ RunTime:0.000684s ]
INFO: [ app_begin ] --END-- [ RunTime:0.000836s ]
SQL: SHOW COLUMNS FROM `tb_zssz` [ RunTime:0.003489s ]
SQL: SELECT * FROM `tb_zssz` LIMIT 1   [ RunTime:0.000315s ]
SQL: SHOW COLUMNS FROM `tb_grd` [ RunTime:0.003399s ]
SQL: SELECT * FROM `tb_grd` WHERE ( grdid=4 ) LIMIT 1   [ RunTime:0.000338s ]
SQL: SHOW COLUMNS FROM `tb_2015_std` [ RunTime:0.004590s ]
SQL: SELECT * FROM `tb_2015_std` WHERE ( stdid=9 ) LIMIT 1   [ RunTime:0.000645s ]
SQL: SHOW COLUMNS FROM `tb_atc` [ RunTime:0.004584s ]
SQL: SELECT * FROM `tb_atc` LEFT JOIN tb_bd ON f_atc_bdid=bdid WHERE ( atcps=1 AND atcvw=1 AND atczs=1 ) ORDER BY atctp DESC,atcmdftm DESC LIMIT 0,10   [ RunTime:0.001154s ]
INFO: [ view_parse ] --START--
INFO: ParseTemplate Behavior ::run [ RunTime:0.014520s ]
INFO: [ view_parse ] --END-- [ RunTime:0.014718s ]
INFO: [ view_filter ] --START--
INFO: ContentReplace Behavior ::run [ RunTime:0.000622s ]
INFO: TokenBuild Behavior ::run [ RunTime:0.000545s ]
INFO: WriteHtmlCache Behavior ::run [ RunTime:0.000379s ]
INFO: ShowRuntime Behavior ::run [ RunTime:0.000643s ]
INFO: [ view_filter ] --END-- [ RunTime:0.002526s ]
INFO: [ view_end ] --START--
INFO: ShowPageTrace Behavior ::run [ RunTime:0.000694s ]
INFO: [ view_end ] --END-- [ RunTime:0.000814s ]

[ 2015-05-29T16:18:44+08:00 ] 127.0.0.1 /xx/zspt.php/Std/gtxpg/x/vw
INFO: [ route_check ] --START--
INFO: CheckRoute Behavior ::run [ RunTime:0.001181s ]
INFO: [ route_check ] --END-- [ RunTime:0.001343s ]
INFO: [ app_begin ] --START--
INFO: ReadHtmlCache Behavior ::run [ RunTime:0.000748s ]
INFO: [ app_begin ] --END-- [ RunTime:0.000879s ]
SQL: SHOW COLUMNS FROM `tb_zssz` [ RunTime:0.004484s ]
SQL: SELECT * FROM `tb_zssz` LIMIT 1   [ RunTime:0.000436s ]
SQL: SHOW COLUMNS FROM `tb_grd` [ RunTime:0.003472s ]
SQL: SELECT * FROM `tb_grd` WHERE ( grdid=4 ) LIMIT 1   [ RunTime:0.000371s ]
SQL: SHOW COLUMNS FROM `tb_2015_std` [ RunTime:0.005829s ]
SQL: SELECT * FROM `tb_2015_std` WHERE ( stdid=9 ) LIMIT 1   [ RunTime:0.000702s ]
NOTIC: [8] Undefined index: bmcg C:\wamp\www\xx\zspt\Lib\Action\StdAction.class.php 第 69 行.
SQL: SELECT * FROM `tb_zssz` LIMIT 1   [ RunTime:0.000298s ]
SQL: SELECT * FROM `tb_grd` WHERE ( grdid=4 ) LIMIT 1   [ RunTime:0.000293s ]
SQL: SELECT * FROM `tb_2015_std` inner join tb_2015_stdxqcls ON stdid=f_stdxqcls_stdid inner join tb_2015_stdxqmj ON stdid=f_stdxqmj_stdid LEFT JOIN tb_stt ON f_std_sttid=sttid LEFT JOIN tb_grd ON f_std_grdid=grdid LEFT JOIN tb_2015_mj ON f_stdxqmj_mjid=mjid LEFT JOIN tb_bxxs ON f_mj_bxxsid=bxxsid LEFT JOIN tb_cc ON f_mj_ccid=ccid LEFT JOIN tb_kl ON f_mj_klid=klid LEFT JOIN tb_xxxs ON f_mj_xxxsid=xxxsid LEFT JOIN tb_zsfw ON f_mj_zsfwid=zsfwid LEFT JOIN tb_xz ON f_mj_xzid=xzid LEFT JOIN tb_2015_cls ON f_stdxqcls_clsid=clsid LEFT JOIN tb_dm ON f_std_dmid=dmid LEFT JOIN tb_sex ON f_std_sexid=sexid LEFT JOIN tb_rc ON f_std_rcid=rcid LEFT JOIN tb_zzmm ON f_std_zzmmid=zzmmid LEFT JOIN tb_xl ON f_std_xlid=xlid LEFT JOIN tb_stat ON f_std_statid=statid LEFT JOIN tb_xq ON f_stdxqcls_xqid=xqid WHERE ( f_stdxqcls_xqid=3 AND f_stdxqmj_xqid=3 AND stdid=9 ) LIMIT 1   [ RunTime:0.001393s ]
SQL: SELECT * FROM `tb_grd` WHERE ( grdid=4 ) LIMIT 1   [ RunTime:0.000326s ]
SQL: SHOW COLUMNS FROM `tb_xq` [ RunTime:0.004563s ]
SQL: SHOW COLUMNS FROM `tb_2015_sttintxq` [ RunTime:0.003884s ]
SQL: SELECT * FROM `tb_2015_sttintxq` WHERE ( f_sttintxq_sttid=1 ) LIMIT 1   [ RunTime:0.000283s ]
SQL: SELECT * FROM `tb_xq` WHERE ( xqid>=3 ) ORDER BY xqid ASC LIMIT 0,10   [ RunTime:0.000310s ]
SQL: SHOW COLUMNS FROM `tb_2015_tsqk` [ RunTime:0.004465s ]
SQL: SELECT * FROM `tb_2015_tsqk` WHERE ( f_tsqk_stdid=9 ) ORDER BY tsqktm DESC  [ RunTime:0.000336s ]
INFO: [ view_parse ] --START--
NOTIC: [8] Undefined variable: bmcg C:\wamp\www\xx\zspt\Runtime\Cache\48449d0f0d4b67d562a44de0bb93b3b1.php 第 121 行.
NOTIC: [8] Undefined variable: dmls C:\wamp\www\xx\zspt\Runtime\Cache\48449d0f0d4b67d562a44de0bb93b3b1.php 第 264 行.
NOTIC: [8] Undefined variable: aths C:\wamp\www\xx\zspt\Runtime\Cache\48449d0f0d4b67d562a44de0bb93b3b1.php 第 280 行.
INFO: ParseTemplate Behavior ::run [ RunTime:0.025388s ]
INFO: [ view_parse ] --END-- [ RunTime:0.025558s ]
INFO: [ view_filter ] --START--
INFO: ContentReplace Behavior ::run [ RunTime:0.000667s ]
INFO: TokenBuild Behavior ::run [ RunTime:0.000667s ]
INFO: WriteHtmlCache Behavior ::run [ RunTime:0.000683s ]
INFO: ShowRuntime Behavior ::run [ RunTime:0.000842s ]
INFO: [ view_filter ] --END-- [ RunTime:0.003283s ]
INFO: [ view_end ] --START--
INFO: ShowPageTrace Behavior ::run [ RunTime:0.000768s ]
INFO: [ view_end ] --END-- [ RunTime:0.000888s ]

[ 2015-05-29T16:21:53+08:00 ] 127.0.0.1 /xx/zspt.php
INFO: [ app_begin ] --START--
INFO: ReadHtmlCache Behavior ::run [ RunTime:0.000866s ]
INFO: [ app_begin ] --END-- [ RunTime:0.001010s ]
SQL: SHOW COLUMNS FROM `tb_zssz` [ RunTime:0.018942s ]
SQL: SELECT * FROM `tb_zssz` LIMIT 1   [ RunTime:0.000291s ]
SQL: SHOW COLUMNS FROM `tb_grd` [ RunTime:0.003183s ]
SQL: SELECT * FROM `tb_grd` WHERE ( grdid=4 ) LIMIT 1   [ RunTime:0.000299s ]
SQL: SHOW COLUMNS FROM `tb_2015_std` [ RunTime:0.004293s ]
SQL: SELECT * FROM `tb_2015_std` WHERE ( stdid=9 ) LIMIT 1   [ RunTime:0.000570s ]
SQL: SHOW COLUMNS FROM `tb_atc` [ RunTime:0.003486s ]
SQL: SELECT * FROM `tb_atc` LEFT JOIN tb_bd ON f_atc_bdid=bdid WHERE ( atcps=1 AND atcvw=1 AND atczs=1 ) ORDER BY atctp DESC,atcmdftm DESC LIMIT 0,10   [ RunTime:0.000878s ]
INFO: [ view_parse ] --START--
INFO: ParseTemplate Behavior ::run [ RunTime:0.020929s ]
INFO: [ view_parse ] --END-- [ RunTime:0.021184s ]
INFO: [ view_filter ] --START--
INFO: ContentReplace Behavior ::run [ RunTime:0.001571s ]
INFO: TokenBuild Behavior ::run [ RunTime:0.001071s ]
INFO: WriteHtmlCache Behavior ::run [ RunTime:0.000545s ]
INFO: ShowRuntime Behavior ::run [ RunTime:0.000901s ]
INFO: [ view_filter ] --END-- [ RunTime:0.004628s ]
INFO: [ view_end ] --START--
INFO: ShowPageTrace Behavior ::run [ RunTime:0.000966s ]
INFO: [ view_end ] --END-- [ RunTime:0.001125s ]

[ 2015-05-29T16:21:59+08:00 ] 127.0.0.1 /xx/zspt.php/Std/gtxpg/x/ylqtz
INFO: [ route_check ] --START--
INFO: CheckRoute Behavior ::run [ RunTime:0.000960s ]
INFO: [ route_check ] --END-- [ RunTime:0.001111s ]
INFO: [ app_begin ] --START--
INFO: ReadHtmlCache Behavior ::run [ RunTime:0.000662s ]
INFO: [ app_begin ] --END-- [ RunTime:0.000802s ]
SQL: SHOW COLUMNS FROM `tb_zssz` [ RunTime:0.017769s ]
SQL: SELECT * FROM `tb_zssz` LIMIT 1   [ RunTime:0.000407s ]
SQL: SHOW COLUMNS FROM `tb_grd` [ RunTime:0.004179s ]
SQL: SELECT * FROM `tb_grd` WHERE ( grdid=4 ) LIMIT 1   [ RunTime:0.000380s ]
SQL: SHOW COLUMNS FROM `tb_2015_std` [ RunTime:0.004611s ]
SQL: SELECT * FROM `tb_2015_std` WHERE ( stdid=9 ) LIMIT 1   [ RunTime:0.000753s ]
SQL: SELECT * FROM `tb_zssz` LIMIT 1   [ RunTime:0.000351s ]
SQL: SHOW COLUMNS FROM `tb_xq` [ RunTime:0.004879s ]
SQL: SELECT * FROM `tb_xq` WHERE ( xqid=3 ) LIMIT 1   [ RunTime:0.000306s ]
NOTIC: [8] Use of undefined constant xqnm - assumed 'xqnm' C:\wamp\www\xx\zspt\Lib\Action\StdAction.class.php 第 365 行.
SQL: SHOW COLUMNS FROM `tb_xn` [ RunTime:0.003824s ]
SQL: SELECT * FROM `tb_xn` WHERE ( xnnm='2015' ) LIMIT 1   [ RunTime:0.000301s ]
SQL: SELECT * FROM `tb_grd` WHERE ( grdid=4 ) LIMIT 1   [ RunTime:0.000198s ]
SQL: SHOW COLUMNS FROM `tb_2015_cw` [ RunTime:0.004933s ]
SQL: SELECT * FROM `tb_2015_cw` WHERE ( f_cw_stdid=9 AND f_cw_xnid=2 ) LIMIT 1   [ RunTime:0.000401s ]
SQL: SELECT * FROM `tb_2015_cw` LEFT JOIN tb_2015_std ON f_cw_stdid=stdid inner join tb_2015_stdxqcls ON stdid=f_stdxqcls_stdid inner join tb_2015_stdxqmj ON stdid=f_stdxqmj_stdid LEFT JOIN tb_xn ON f_cw_xnid=xnid LEFT JOIN tb_stt ON f_std_sttid=sttid LEFT JOIN tb_grd ON f_std_grdid=grdid LEFT JOIN tb_2015_mj ON f_stdxqmj_mjid=mjid LEFT JOIN tb_bxxs ON f_mj_bxxsid=bxxsid LEFT JOIN tb_cc ON f_mj_ccid=ccid LEFT JOIN tb_kl ON f_mj_klid=klid LEFT JOIN tb_xxxs ON f_mj_xxxsid=xxxsid LEFT JOIN tb_zsfw ON f_mj_zsfwid=zsfwid LEFT JOIN tb_xz ON f_mj_xzid=xzid LEFT JOIN tb_2015_cls ON f_stdxqcls_clsid=clsid LEFT JOIN tb_dm ON f_std_dmid=dmid LEFT JOIN tb_sex ON f_std_sexid=sexid LEFT JOIN tb_rc ON f_std_rcid=rcid LEFT JOIN tb_zzmm ON f_std_zzmmid=zzmmid LEFT JOIN tb_xl ON f_std_xlid=xlid LEFT JOIN tb_stat ON f_std_statid=statid LEFT JOIN tb_xq ON f_stdxqcls_xqid=xqid WHERE ( f_stdxqcls_xqid=3 AND f_stdxqmj_xqid=3 AND cwid=6 ) LIMIT 1   [ RunTime:0.001286s ]
SQL: SELECT * FROM `tb_grd` WHERE ( grdid=4 ) LIMIT 1   [ RunTime:0.000337s ]
SQL: SHOW COLUMNS FROM `tb_2015_sttintxq` [ RunTime:0.003553s ]
SQL: SELECT * FROM `tb_2015_sttintxq` WHERE ( f_sttintxq_sttid=1 ) LIMIT 1   [ RunTime:0.000311s ]
SQL: SELECT * FROM `tb_xq` WHERE ( xqid>=3 ) ORDER BY xqid ASC LIMIT 0,10   [ RunTime:0.000301s ]
SQL: SHOW COLUMNS FROM `tb_2015_mj` [ RunTime:0.003541s ]
SQL: SELECT * FROM `tb_2015_mj` WHERE ( mjid=1 ) LIMIT 1   [ RunTime:0.000348s ]
SQL: SHOW COLUMNS FROM `tb_2015_xf` [ RunTime:0.003423s ]
SQL: SELECT * FROM `tb_2015_xf` WHERE ( f_xf_sttid=1 AND f_xf_bxxsid=4 AND f_xf_ccid=3 AND f_xf_klid=2 ) LIMIT 1   [ RunTime:0.000296s ]
SQL: SHOW COLUMNS FROM `tb_2015_zsf` [ RunTime:0.004431s ]
SQL: SELECT * FROM `tb_2015_zsf` WHERE ( f_zsf_dmid=3 ) LIMIT 1   [ RunTime:0.000349s ]
INFO: [ view_parse ] --START--
SQL: SELECT * FROM `tb_zssz` LIMIT 1   [ RunTime:0.000367s ]
INFO: ParseTemplate Behavior ::run [ RunTime:0.034141s ]
INFO: [ view_parse ] --END-- [ RunTime:0.034322s ]
INFO: [ view_filter ] --START--
INFO: ContentReplace Behavior ::run [ RunTime:0.001051s ]
INFO: TokenBuild Behavior ::run [ RunTime:0.000807s ]
INFO: WriteHtmlCache Behavior ::run [ RunTime:0.000543s ]
INFO: ShowRuntime Behavior ::run [ RunTime:0.000889s ]
INFO: [ view_filter ] --END-- [ RunTime:0.003781s ]
INFO: [ view_end ] --START--
INFO: ShowPageTrace Behavior ::run [ RunTime:0.000780s ]
INFO: [ view_end ] --END-- [ RunTime:0.000902s ]

[ 2015-05-29T16:21:59+08:00 ] 127.0.0.1 /xx/zspt.php/Std/gtxpg/x/JS/jquery.js
INFO: [ route_check ] --START--
INFO: CheckRoute Behavior ::run [ RunTime:0.000841s ]
INFO: [ route_check ] --END-- [ RunTime:0.000986s ]
INFO: [ app_begin ] --START--
INFO: ReadHtmlCache Behavior ::run [ RunTime:0.000656s ]
INFO: [ app_begin ] --END-- [ RunTime:0.000781s ]
SQL: SHOW COLUMNS FROM `tb_zssz` [ RunTime:0.006526s ]
SQL: SELECT * FROM `tb_zssz` LIMIT 1   [ RunTime:0.000464s ]
SQL: SHOW COLUMNS FROM `tb_grd` [ RunTime:0.004833s ]
SQL: SELECT * FROM `tb_grd` WHERE ( grdid=4 ) LIMIT 1   [ RunTime:0.000363s ]
SQL: SHOW COLUMNS FROM `tb_2015_std` [ RunTime:0.007392s ]
SQL: SELECT * FROM `tb_2015_std` WHERE ( stdid=9 ) LIMIT 1   [ RunTime:0.000800s ]

[ 2015-05-29T19:16:36+08:00 ] 127.0.0.1 /xx/zspt.php/Std/gtxpg/x/vw
INFO: [ route_check ] --START--
INFO: CheckRoute Behavior ::run [ RunTime:0.018083s ]
INFO: [ route_check ] --END-- [ RunTime:0.018315s ]
INFO: [ app_begin ] --START--
INFO: ReadHtmlCache Behavior ::run [ RunTime:0.001089s ]
INFO: [ app_begin ] --END-- [ RunTime:0.001221s ]
SQL: SHOW COLUMNS FROM `tb_zssz` [ RunTime:0.003720s ]
SQL: SELECT * FROM `tb_zssz` LIMIT 1   [ RunTime:0.000267s ]
SQL: SHOW COLUMNS FROM `tb_grd` [ RunTime:0.003922s ]
SQL: SELECT * FROM `tb_grd` WHERE ( grdid=4 ) LIMIT 1   [ RunTime:0.000408s ]
SQL: SHOW COLUMNS FROM `tb_2015_std` [ RunTime:0.004747s ]
SQL: SELECT * FROM `tb_2015_std` WHERE ( stdid=9 ) LIMIT 1   [ RunTime:0.000673s ]
NOTIC: [8] Undefined index: bmcg C:\wamp\www\xx\zspt\Lib\Action\StdAction.class.php 第 69 行.
SQL: SELECT * FROM `tb_zssz` LIMIT 1   [ RunTime:0.000369s ]
SQL: SELECT * FROM `tb_grd` WHERE ( grdid=4 ) LIMIT 1   [ RunTime:0.000349s ]
SQL: SELECT * FROM `tb_2015_std` inner join tb_2015_stdxqcls ON stdid=f_stdxqcls_stdid inner join tb_2015_stdxqmj ON stdid=f_stdxqmj_stdid LEFT JOIN tb_stt ON f_std_sttid=sttid LEFT JOIN tb_grd ON f_std_grdid=grdid LEFT JOIN tb_2015_mj ON f_stdxqmj_mjid=mjid LEFT JOIN tb_bxxs ON f_mj_bxxsid=bxxsid LEFT JOIN tb_cc ON f_mj_ccid=ccid LEFT JOIN tb_kl ON f_mj_klid=klid LEFT JOIN tb_xxxs ON f_mj_xxxsid=xxxsid LEFT JOIN tb_zsfw ON f_mj_zsfwid=zsfwid LEFT JOIN tb_xz ON f_mj_xzid=xzid LEFT JOIN tb_2015_cls ON f_stdxqcls_clsid=clsid LEFT JOIN tb_dm ON f_std_dmid=dmid LEFT JOIN tb_sex ON f_std_sexid=sexid LEFT JOIN tb_rc ON f_std_rcid=rcid LEFT JOIN tb_zzmm ON f_std_zzmmid=zzmmid LEFT JOIN tb_xl ON f_std_xlid=xlid LEFT JOIN tb_stat ON f_std_statid=statid LEFT JOIN tb_xq ON f_stdxqcls_xqid=xqid WHERE ( f_stdxqcls_xqid=3 AND f_stdxqmj_xqid=3 AND stdid=9 ) LIMIT 1   [ RunTime:0.001142s ]
SQL: SELECT * FROM `tb_grd` WHERE ( grdid=4 ) LIMIT 1   [ RunTime:0.000435s ]
SQL: SHOW COLUMNS FROM `tb_xq` [ RunTime:0.005669s ]
SQL: SHOW COLUMNS FROM `tb_2015_sttintxq` [ RunTime:0.004669s ]
SQL: SELECT * FROM `tb_2015_sttintxq` WHERE ( f_sttintxq_sttid=1 ) LIMIT 1   [ RunTime:0.000344s ]
SQL: SELECT * FROM `tb_xq` WHERE ( xqid>=3 ) ORDER BY xqid ASC LIMIT 0,10   [ RunTime:0.000333s ]
SQL: SHOW COLUMNS FROM `tb_2015_tsqk` [ RunTime:0.003918s ]
SQL: SELECT * FROM `tb_2015_tsqk` WHERE ( f_tsqk_stdid=9 ) ORDER BY tsqktm DESC  [ RunTime:0.000392s ]
INFO: [ view_parse ] --START--
NOTIC: [8] Undefined variable: bmcg C:\wamp\www\xx\zspt\Runtime\Cache\48449d0f0d4b67d562a44de0bb93b3b1.php 第 121 行.
NOTIC: [8] Undefined variable: dmls C:\wamp\www\xx\zspt\Runtime\Cache\48449d0f0d4b67d562a44de0bb93b3b1.php 第 264 行.
NOTIC: [8] Undefined variable: aths C:\wamp\www\xx\zspt\Runtime\Cache\48449d0f0d4b67d562a44de0bb93b3b1.php 第 280 行.
INFO: ParseTemplate Behavior ::run [ RunTime:0.065068s ]
INFO: [ view_parse ] --END-- [ RunTime:0.065210s ]
INFO: [ view_filter ] --START--
INFO: ContentReplace Behavior ::run [ RunTime:0.009517s ]
INFO: TokenBuild Behavior ::run [ RunTime:0.008932s ]
INFO: WriteHtmlCache Behavior ::run [ RunTime:0.000850s ]
INFO: ShowRuntime Behavior ::run [ RunTime:0.010234s ]
INFO: [ view_filter ] --END-- [ RunTime:0.029976s ]
INFO: [ view_end ] --START--
INFO: ShowPageTrace Behavior ::run [ RunTime:0.006773s ]
INFO: [ view_end ] --END-- [ RunTime:0.006931s ]

[ 2015-05-29T19:16:42+08:00 ] 127.0.0.1 /xx/zspt.php/Cw/gtxpg/x/vw
INFO: [ route_check ] --START--
INFO: CheckRoute Behavior ::run [ RunTime:0.000828s ]
INFO: [ route_check ] --END-- [ RunTime:0.000972s ]
INFO: [ app_begin ] --START--
INFO: ReadHtmlCache Behavior ::run [ RunTime:0.000646s ]
INFO: [ app_begin ] --END-- [ RunTime:0.000772s ]
SQL: SHOW COLUMNS FROM `tb_zssz` [ RunTime:0.005244s ]
SQL: SELECT * FROM `tb_zssz` LIMIT 1   [ RunTime:0.000559s ]
SQL: SHOW COLUMNS FROM `tb_grd` [ RunTime:0.005056s ]
SQL: SELECT * FROM `tb_grd` WHERE ( grdid=4 ) LIMIT 1   [ RunTime:0.000341s ]
SQL: SHOW COLUMNS FROM `tb_2015_std` [ RunTime:0.006134s ]
SQL: SELECT * FROM `tb_2015_std` WHERE ( stdid=9 ) LIMIT 1   [ RunTime:0.000918s ]
SQL: SELECT * FROM `tb_zssz` LIMIT 1   [ RunTime:0.000301s ]
SQL: SHOW COLUMNS FROM `tb_xq` [ RunTime:0.005468s ]
SQL: SELECT * FROM `tb_xq` WHERE ( xqid=3 ) LIMIT 1   [ RunTime:0.000508s ]
NOTIC: [8] Use of undefined constant xqnm - assumed 'xqnm' C:\wamp\www\xx\zspt\Lib\Action\CwAction.class.php 第 30 行.
SQL: SHOW COLUMNS FROM `tb_xn` [ RunTime:0.006007s ]
SQL: SELECT * FROM `tb_xn` WHERE ( xnnm='2015' ) LIMIT 1   [ RunTime:0.000380s ]
SQL: SELECT * FROM `tb_grd` WHERE ( grdid=4 ) LIMIT 1   [ RunTime:0.000300s ]
SQL: SHOW COLUMNS FROM `tb_2015_cw` [ RunTime:0.005434s ]
SQL: SELECT * FROM `tb_2015_cw` WHERE ( f_cw_stdid=9 AND f_cw_xnid=2 ) LIMIT 1   [ RunTime:0.000401s ]
SQL: SELECT * FROM `tb_2015_cw` LEFT JOIN tb_2015_std ON f_cw_stdid=stdid inner join tb_2015_stdxqcls ON stdid=f_stdxqcls_stdid inner join tb_2015_stdxqmj ON stdid=f_stdxqmj_stdid LEFT JOIN tb_xn ON f_cw_xnid=xnid LEFT JOIN tb_stt ON f_std_sttid=sttid LEFT JOIN tb_grd ON f_std_grdid=grdid LEFT JOIN tb_2015_mj ON f_stdxqmj_mjid=mjid LEFT JOIN tb_bxxs ON f_mj_bxxsid=bxxsid LEFT JOIN tb_cc ON f_mj_ccid=ccid LEFT JOIN tb_kl ON f_mj_klid=klid LEFT JOIN tb_xxxs ON f_mj_xxxsid=xxxsid LEFT JOIN tb_zsfw ON f_mj_zsfwid=zsfwid LEFT JOIN tb_xz ON f_mj_xzid=xzid LEFT JOIN tb_2015_cls ON f_stdxqcls_clsid=clsid LEFT JOIN tb_dm ON f_std_dmid=dmid LEFT JOIN tb_sex ON f_std_sexid=sexid LEFT JOIN tb_rc ON f_std_rcid=rcid LEFT JOIN tb_zzmm ON f_std_zzmmid=zzmmid LEFT JOIN tb_xl ON f_std_xlid=xlid LEFT JOIN tb_stat ON f_std_statid=statid LEFT JOIN tb_xq ON f_stdxqcls_xqid=xqid WHERE ( f_stdxqcls_xqid=3 AND f_stdxqmj_xqid=3 AND cwid=6 ) LIMIT 1   [ RunTime:0.001472s ]
SQL: SELECT * FROM `tb_grd` WHERE ( grdid=4 ) LIMIT 1   [ RunTime:0.000375s ]
SQL: SHOW COLUMNS FROM `tb_2015_sttintxq` [ RunTime:0.003526s ]
SQL: SELECT * FROM `tb_2015_sttintxq` WHERE ( f_sttintxq_sttid=1 ) LIMIT 1   [ RunTime:0.000379s ]
SQL: SELECT * FROM `tb_xq` WHERE ( xqid>=3 ) ORDER BY xqid ASC LIMIT 0,10   [ RunTime:0.000364s ]
INFO: [ view_parse ] --START--
INFO: ParseTemplate Behavior ::run [ RunTime:0.013136s ]
INFO: [ view_parse ] --END-- [ RunTime:0.013282s ]
INFO: [ view_filter ] --START--
INFO: ContentReplace Behavior ::run [ RunTime:0.000562s ]
INFO: TokenBuild Behavior ::run [ RunTime:0.000536s ]
INFO: WriteHtmlCache Behavior ::run [ RunTime:0.000378s ]
INFO: ShowRuntime Behavior ::run [ RunTime:0.000637s ]
INFO: [ view_filter ] --END-- [ RunTime:0.002449s ]
INFO: [ view_end ] --START--
INFO: ShowPageTrace Behavior ::run [ RunTime:0.000693s ]
INFO: [ view_end ] --END-- [ RunTime:0.000813s ]

