[ 2015-09-27T06:28:13+08:00 ] 66.249.79.222 /xx/zspt.php
INFO: [ app_begin ] --START--
INFO: ReadHtmlCache Behavior ::run [ RunTime:0.007445s ]
INFO: [ app_begin ] --END-- [ RunTime:0.007600s ]
SQL: SHOW COLUMNS FROM `tb_zssz` [ RunTime:0.002947s ]
SQL: SELECT * FROM `tb_zssz` LIMIT 1   [ RunTime:0.000499s ]
SQL: SHOW COLUMNS FROM `tb_grd` [ RunTime:0.002439s ]
SQL: SELECT * FROM `tb_grd` WHERE ( grdid=4 ) LIMIT 1   [ RunTime:0.000590s ]
SQL: SHOW COLUMNS FROM `tb_2015_std` [ RunTime:0.004774s ]
SQL: SELECT * FROM `tb_2015_std` WHERE ( stdid= ) LIMIT 1   [ RunTime:0.001341s ]
ERR: 1064:You have an error in your SQL syntax; check the manual that corresponds to your MySQL server version for the right syntax to use near ') LIMIT 1' at line 1
 [ SQL语句 ] : SELECT * FROM `tb_2015_std` WHERE ( stdid= ) LIMIT 1  
SQL: SHOW COLUMNS FROM `tb_atc` [ RunTime:0.003346s ]
SQL: SELECT * FROM `tb_atc` LEFT JOIN tb_bd ON f_atc_bdid=bdid WHERE ( atcps=1 AND atcvw=1 AND atczs=1 ) ORDER BY atctp DESC,atcmdftm DESC LIMIT 0,10   [ RunTime:0.001671s ]
INFO: [ view_parse ] --START--
INFO: ParseTemplate Behavior ::run [ RunTime:0.067866s ]
INFO: [ view_parse ] --END-- [ RunTime:0.068033s ]
INFO: [ view_filter ] --START--
INFO: ContentReplace Behavior ::run [ RunTime:0.007194s ]
INFO: TokenBuild Behavior ::run [ RunTime:0.004724s ]
INFO: WriteHtmlCache Behavior ::run [ RunTime:0.006926s ]
INFO: ShowRuntime Behavior ::run [ RunTime:0.007679s ]
INFO: [ view_filter ] --END-- [ RunTime:0.026865s ]
INFO: [ view_end ] --START--
INFO: ShowPageTrace Behavior ::run [ RunTime:0.007535s ]
INFO: [ view_end ] --END-- [ RunTime:0.007647s ]

