[ 2015-10-04T00:26:53+08:00 ] 66.249.79.222 /xx/zspt.php
INFO: [ app_begin ] --START--
INFO: ReadHtmlCache Behavior ::run [ RunTime:0.012017s ]
INFO: [ app_begin ] --END-- [ RunTime:0.012207s ]
SQL: SHOW COLUMNS FROM `tb_zssz` [ RunTime:0.002969s ]
SQL: SELECT * FROM `tb_zssz` LIMIT 1   [ RunTime:0.000517s ]
SQL: SHOW COLUMNS FROM `tb_grd` [ RunTime:0.002431s ]
SQL: SELECT * FROM `tb_grd` WHERE ( grdid=4 ) LIMIT 1   [ RunTime:0.000569s ]
SQL: SHOW COLUMNS FROM `tb_2015_std` [ RunTime:0.003796s ]
SQL: SELECT * FROM `tb_2015_std` WHERE ( stdid= ) LIMIT 1   [ RunTime:0.000184s ]
ERR: 1064:You have an error in your SQL syntax; check the manual that corresponds to your MySQL server version for the right syntax to use near ') LIMIT 1' at line 1
 [ SQL语句 ] : SELECT * FROM `tb_2015_std` WHERE ( stdid= ) LIMIT 1  
SQL: SHOW COLUMNS FROM `tb_atc` [ RunTime:0.003238s ]
SQL: SELECT * FROM `tb_atc` LEFT JOIN tb_bd ON f_atc_bdid=bdid WHERE ( atcps=1 AND atcvw=1 AND atczs=1 ) ORDER BY atctp DESC,atcmdftm DESC LIMIT 0,10   [ RunTime:0.002046s ]
INFO: [ view_parse ] --START--
INFO: ParseTemplate Behavior ::run [ RunTime:0.067254s ]
INFO: [ view_parse ] --END-- [ RunTime:0.067410s ]
INFO: [ view_filter ] --START--
INFO: ContentReplace Behavior ::run [ RunTime:0.007479s ]
INFO: TokenBuild Behavior ::run [ RunTime:0.007089s ]
INFO: WriteHtmlCache Behavior ::run [ RunTime:0.007018s ]
INFO: ShowRuntime Behavior ::run [ RunTime:0.007244s ]
INFO: [ view_filter ] --END-- [ RunTime:0.029158s ]
INFO: [ view_end ] --START--
INFO: ShowPageTrace Behavior ::run [ RunTime:0.007700s ]
INFO: [ view_end ] --END-- [ RunTime:0.007816s ]

[ 2015-10-04T02:46:11+08:00 ] 157.55.39.40 /xx/zspt.php
INFO: [ app_begin ] --START--
INFO: ReadHtmlCache Behavior ::run [ RunTime:0.004331s ]
INFO: [ app_begin ] --END-- [ RunTime:0.004486s ]
SQL: SHOW COLUMNS FROM `tb_zssz` [ RunTime:0.002988s ]
SQL: SELECT * FROM `tb_zssz` LIMIT 1   [ RunTime:0.001070s ]
SQL: SHOW COLUMNS FROM `tb_grd` [ RunTime:0.002502s ]
SQL: SELECT * FROM `tb_grd` WHERE ( grdid=4 ) LIMIT 1   [ RunTime:0.001195s ]
SQL: SHOW COLUMNS FROM `tb_2015_std` [ RunTime:0.003885s ]
SQL: SELECT * FROM `tb_2015_std` WHERE ( stdid= ) LIMIT 1   [ RunTime:0.001169s ]
ERR: 1064:You have an error in your SQL syntax; check the manual that corresponds to your MySQL server version for the right syntax to use near ') LIMIT 1' at line 1
 [ SQL语句 ] : SELECT * FROM `tb_2015_std` WHERE ( stdid= ) LIMIT 1  
SQL: SHOW COLUMNS FROM `tb_atc` [ RunTime:0.003150s ]
SQL: SELECT * FROM `tb_atc` LEFT JOIN tb_bd ON f_atc_bdid=bdid WHERE ( atcps=1 AND atcvw=1 AND atczs=1 ) ORDER BY atctp DESC,atcmdftm DESC LIMIT 0,10   [ RunTime:0.001628s ]
INFO: [ view_parse ] --START--
INFO: ParseTemplate Behavior ::run [ RunTime:0.052867s ]
INFO: [ view_parse ] --END-- [ RunTime:0.053039s ]
INFO: [ view_filter ] --START--
INFO: ContentReplace Behavior ::run [ RunTime:0.004034s ]
INFO: TokenBuild Behavior ::run [ RunTime:0.004606s ]
INFO: WriteHtmlCache Behavior ::run [ RunTime:0.003792s ]
INFO: ShowRuntime Behavior ::run [ RunTime:0.007223s ]
INFO: [ view_filter ] --END-- [ RunTime:0.019977s ]
INFO: [ view_end ] --START--
INFO: ShowPageTrace Behavior ::run [ RunTime:0.007839s ]
INFO: [ view_end ] --END-- [ RunTime:0.007968s ]

[ 2015-10-04T07:07:40+08:00 ] 66.249.79.215 /xx/zspt.php
INFO: [ app_begin ] --START--
INFO: ReadHtmlCache Behavior ::run [ RunTime:0.008887s ]
INFO: [ app_begin ] --END-- [ RunTime:0.009155s ]
SQL: SHOW COLUMNS FROM `tb_zssz` [ RunTime:0.002942s ]
SQL: SELECT * FROM `tb_zssz` LIMIT 1   [ RunTime:0.000449s ]
SQL: SHOW COLUMNS FROM `tb_grd` [ RunTime:0.002474s ]
SQL: SELECT * FROM `tb_grd` WHERE ( grdid=4 ) LIMIT 1   [ RunTime:0.000576s ]
SQL: SHOW COLUMNS FROM `tb_2015_std` [ RunTime:0.003822s ]
SQL: SELECT * FROM `tb_2015_std` WHERE ( stdid= ) LIMIT 1   [ RunTime:0.000190s ]
ERR: 1064:You have an error in your SQL syntax; check the manual that corresponds to your MySQL server version for the right syntax to use near ') LIMIT 1' at line 1
 [ SQL语句 ] : SELECT * FROM `tb_2015_std` WHERE ( stdid= ) LIMIT 1  
SQL: SHOW COLUMNS FROM `tb_atc` [ RunTime:0.003070s ]
SQL: SELECT * FROM `tb_atc` LEFT JOIN tb_bd ON f_atc_bdid=bdid WHERE ( atcps=1 AND atcvw=1 AND atczs=1 ) ORDER BY atctp DESC,atcmdftm DESC LIMIT 0,10   [ RunTime:0.000717s ]
INFO: [ view_parse ] --START--
INFO: ParseTemplate Behavior ::run [ RunTime:0.063760s ]
INFO: [ view_parse ] --END-- [ RunTime:0.063917s ]
INFO: [ view_filter ] --START--
INFO: ContentReplace Behavior ::run [ RunTime:0.007168s ]
INFO: TokenBuild Behavior ::run [ RunTime:0.007073s ]
INFO: WriteHtmlCache Behavior ::run [ RunTime:0.007308s ]
INFO: ShowRuntime Behavior ::run [ RunTime:0.007241s ]
INFO: [ view_filter ] --END-- [ RunTime:0.029109s ]
INFO: [ view_end ] --START--
INFO: ShowPageTrace Behavior ::run [ RunTime:0.007561s ]
INFO: [ view_end ] --END-- [ RunTime:0.007675s ]

[ 2015-10-04T18:20:52+08:00 ] 42.156.139.44 /xx/zspt.php
INFO: [ app_begin ] --START--
INFO: ReadHtmlCache Behavior ::run [ RunTime:0.007430s ]
INFO: [ app_begin ] --END-- [ RunTime:0.007585s ]
SQL: SHOW COLUMNS FROM `tb_zssz` [ RunTime:0.002985s ]
SQL: SELECT * FROM `tb_zssz` LIMIT 1   [ RunTime:0.000524s ]
SQL: SHOW COLUMNS FROM `tb_grd` [ RunTime:0.002449s ]
SQL: SELECT * FROM `tb_grd` WHERE ( grdid=4 ) LIMIT 1   [ RunTime:0.000585s ]
SQL: SHOW COLUMNS FROM `tb_2015_std` [ RunTime:0.003964s ]
SQL: SELECT * FROM `tb_2015_std` WHERE ( stdid= ) LIMIT 1   [ RunTime:0.000183s ]
ERR: 1064:You have an error in your SQL syntax; check the manual that corresponds to your MySQL server version for the right syntax to use near ') LIMIT 1' at line 1
 [ SQL语句 ] : SELECT * FROM `tb_2015_std` WHERE ( stdid= ) LIMIT 1  
SQL: SHOW COLUMNS FROM `tb_atc` [ RunTime:0.005404s ]
SQL: SELECT * FROM `tb_atc` LEFT JOIN tb_bd ON f_atc_bdid=bdid WHERE ( atcps=1 AND atcvw=1 AND atczs=1 ) ORDER BY atctp DESC,atcmdftm DESC LIMIT 0,10   [ RunTime:0.000670s ]
INFO: [ view_parse ] --START--
INFO: ParseTemplate Behavior ::run [ RunTime:0.069109s ]
INFO: [ view_parse ] --END-- [ RunTime:0.069325s ]
INFO: [ view_filter ] --START--
INFO: ContentReplace Behavior ::run [ RunTime:0.007175s ]
INFO: TokenBuild Behavior ::run [ RunTime:0.007778s ]
INFO: WriteHtmlCache Behavior ::run [ RunTime:0.007000s ]
INFO: ShowRuntime Behavior ::run [ RunTime:0.007231s ]
INFO: [ view_filter ] --END-- [ RunTime:0.029519s ]
INFO: [ view_end ] --START--
INFO: ShowPageTrace Behavior ::run [ RunTime:0.007583s ]
INFO: [ view_end ] --END-- [ RunTime:0.007696s ]

