[ 2015-10-02T22:26:20+08:00 ] 211.97.130.251 /xx/zspt.php
INFO: [ app_begin ] --START--
INFO: ReadHtmlCache Behavior ::run [ RunTime:0.007417s ]
INFO: [ app_begin ] --END-- [ RunTime:0.007573s ]
SQL: SHOW COLUMNS FROM `tb_zssz` [ RunTime:0.002949s ]
SQL: SELECT * FROM `tb_zssz` LIMIT 1   [ RunTime:0.000466s ]
SQL: SHOW COLUMNS FROM `tb_grd` [ RunTime:0.002443s ]
SQL: SELECT * FROM `tb_grd` WHERE ( grdid=4 ) LIMIT 1   [ RunTime:0.000556s ]
SQL: SHOW COLUMNS FROM `tb_2015_std` [ RunTime:0.003796s ]
SQL: SELECT * FROM `tb_2015_std` WHERE ( stdid= ) LIMIT 1   [ RunTime:0.000268s ]
ERR: 1064:You have an error in your SQL syntax; check the manual that corresponds to your MySQL server version for the right syntax to use near ') LIMIT 1' at line 1
 [ SQL语句 ] : SELECT * FROM `tb_2015_std` WHERE ( stdid= ) LIMIT 1  
SQL: SHOW COLUMNS FROM `tb_atc` [ RunTime:0.003271s ]
SQL: SELECT * FROM `tb_atc` LEFT JOIN tb_bd ON f_atc_bdid=bdid WHERE ( atcps=1 AND atcvw=1 AND atczs=1 ) ORDER BY atctp DESC,atcmdftm DESC LIMIT 0,10   [ RunTime:0.001853s ]
INFO: [ view_parse ] --START--
INFO: ParseTemplate Behavior ::run [ RunTime:0.065324s ]
INFO: [ view_parse ] --END-- [ RunTime:0.065475s ]
INFO: [ view_filter ] --START--
INFO: ContentReplace Behavior ::run [ RunTime:0.007332s ]
INFO: TokenBuild Behavior ::run [ RunTime:0.007068s ]
INFO: WriteHtmlCache Behavior ::run [ RunTime:0.007099s ]
INFO: ShowRuntime Behavior ::run [ RunTime:0.007236s ]
INFO: [ view_filter ] --END-- [ RunTime:0.029056s ]
INFO: [ view_end ] --START--
INFO: ShowPageTrace Behavior ::run [ RunTime:0.008025s ]
INFO: [ view_end ] --END-- [ RunTime:0.008151s ]

