[ 2015-11-25T16:04:34+08:00 ] 112.64.235.246 /xx/zspt.php
INFO: [ app_begin ] --START--
INFO: ReadHtmlCache Behavior ::run [ RunTime:0.007794s ]
INFO: [ app_begin ] --END-- [ RunTime:0.007963s ]
SQL: SHOW COLUMNS FROM `tb_zssz` [ RunTime:0.002954s ]
SQL: SELECT * FROM `tb_zssz` LIMIT 1   [ RunTime:0.000517s ]
SQL: SHOW COLUMNS FROM `tb_grd` [ RunTime:0.002423s ]
SQL: SELECT * FROM `tb_grd` WHERE ( grdid=4 ) LIMIT 1   [ RunTime:0.000691s ]
SQL: SHOW COLUMNS FROM `tb_2015_std` [ RunTime:0.003817s ]
SQL: SELECT * FROM `tb_2015_std` WHERE ( stdid= ) LIMIT 1   [ RunTime:0.000186s ]
ERR: 1064:You have an error in your SQL syntax; check the manual that corresponds to your MySQL server version for the right syntax to use near ') LIMIT 1' at line 1
 [ SQL语句 ] : SELECT * FROM `tb_2015_std` WHERE ( stdid= ) LIMIT 1  
SQL: SHOW COLUMNS FROM `tb_atc` [ RunTime:0.003097s ]
SQL: SELECT * FROM `tb_atc` LEFT JOIN tb_bd ON f_atc_bdid=bdid WHERE ( atcps=1 AND atcvw=1 AND atczs=1 ) ORDER BY atctp DESC,atcmdftm DESC LIMIT 0,10   [ RunTime:0.001932s ]
INFO: [ view_parse ] --START--
INFO: ParseTemplate Behavior ::run [ RunTime:0.066955s ]
INFO: [ view_parse ] --END-- [ RunTime:0.067124s ]
INFO: [ view_filter ] --START--
INFO: ContentReplace Behavior ::run [ RunTime:0.007237s ]
INFO: TokenBuild Behavior ::run [ RunTime:0.007158s ]
INFO: WriteHtmlCache Behavior ::run [ RunTime:0.003747s ]
INFO: ShowRuntime Behavior ::run [ RunTime:0.007206s ]
INFO: [ view_filter ] --END-- [ RunTime:0.025663s ]
INFO: [ view_end ] --START--
INFO: ShowPageTrace Behavior ::run [ RunTime:0.007701s ]
INFO: [ view_end ] --END-- [ RunTime:0.007816s ]

[ 2015-11-25T16:04:37+08:00 ] 112.64.235.246 /xx/zspt.php
INFO: [ app_begin ] --START--
INFO: ReadHtmlCache Behavior ::run [ RunTime:0.007399s ]
INFO: [ app_begin ] --END-- [ RunTime:0.007549s ]
SQL: SHOW COLUMNS FROM `tb_zssz` [ RunTime:0.002551s ]
SQL: SELECT * FROM `tb_zssz` LIMIT 1   [ RunTime:0.000458s ]
SQL: SHOW COLUMNS FROM `tb_grd` [ RunTime:0.002018s ]
SQL: SELECT * FROM `tb_grd` WHERE ( grdid=4 ) LIMIT 1   [ RunTime:0.000610s ]
SQL: SHOW COLUMNS FROM `tb_2015_std` [ RunTime:0.003362s ]
SQL: SELECT * FROM `tb_2015_std` WHERE ( stdid= ) LIMIT 1   [ RunTime:0.000205s ]
ERR: 1064:You have an error in your SQL syntax; check the manual that corresponds to your MySQL server version for the right syntax to use near ') LIMIT 1' at line 1
 [ SQL语句 ] : SELECT * FROM `tb_2015_std` WHERE ( stdid= ) LIMIT 1  
SQL: SHOW COLUMNS FROM `tb_atc` [ RunTime:0.002694s ]
SQL: SELECT * FROM `tb_atc` LEFT JOIN tb_bd ON f_atc_bdid=bdid WHERE ( atcps=1 AND atcvw=1 AND atczs=1 ) ORDER BY atctp DESC,atcmdftm DESC LIMIT 0,10   [ RunTime:0.000637s ]
INFO: [ view_parse ] --START--
INFO: ParseTemplate Behavior ::run [ RunTime:0.060829s ]
INFO: [ view_parse ] --END-- [ RunTime:0.060985s ]
INFO: [ view_filter ] --START--
INFO: ContentReplace Behavior ::run [ RunTime:0.007123s ]
INFO: TokenBuild Behavior ::run [ RunTime:0.007061s ]
INFO: WriteHtmlCache Behavior ::run [ RunTime:0.002646s ]
INFO: ShowRuntime Behavior ::run [ RunTime:0.007224s ]
INFO: [ view_filter ] --END-- [ RunTime:0.024380s ]
INFO: [ view_end ] --START--
INFO: ShowPageTrace Behavior ::run [ RunTime:0.007559s ]
INFO: [ view_end ] --END-- [ RunTime:0.007672s ]

[ 2015-11-25T18:16:48+08:00 ] 42.156.139.46 /xx/zspt.php
INFO: [ app_begin ] --START--
INFO: ReadHtmlCache Behavior ::run [ RunTime:0.007445s ]
INFO: [ app_begin ] --END-- [ RunTime:0.007599s ]
SQL: SHOW COLUMNS FROM `tb_zssz` [ RunTime:0.003039s ]
SQL: SELECT * FROM `tb_zssz` LIMIT 1   [ RunTime:0.000515s ]
SQL: SHOW COLUMNS FROM `tb_grd` [ RunTime:0.002442s ]
SQL: SELECT * FROM `tb_grd` WHERE ( grdid=4 ) LIMIT 1   [ RunTime:0.000622s ]
SQL: SHOW COLUMNS FROM `tb_2015_std` [ RunTime:0.004104s ]
SQL: SELECT * FROM `tb_2015_std` WHERE ( stdid= ) LIMIT 1   [ RunTime:0.000209s ]
ERR: 1064:You have an error in your SQL syntax; check the manual that corresponds to your MySQL server version for the right syntax to use near ') LIMIT 1' at line 1
 [ SQL语句 ] : SELECT * FROM `tb_2015_std` WHERE ( stdid= ) LIMIT 1  
SQL: SHOW COLUMNS FROM `tb_atc` [ RunTime:0.003141s ]
SQL: SELECT * FROM `tb_atc` LEFT JOIN tb_bd ON f_atc_bdid=bdid WHERE ( atcps=1 AND atcvw=1 AND atczs=1 ) ORDER BY atctp DESC,atcmdftm DESC LIMIT 0,10   [ RunTime:0.000699s ]
INFO: [ view_parse ] --START--
INFO: ParseTemplate Behavior ::run [ RunTime:0.063906s ]
INFO: [ view_parse ] --END-- [ RunTime:0.064067s ]
INFO: [ view_filter ] --START--
INFO: ContentReplace Behavior ::run [ RunTime:0.007360s ]
INFO: TokenBuild Behavior ::run [ RunTime:0.007130s ]
INFO: WriteHtmlCache Behavior ::run [ RunTime:0.006935s ]
INFO: ShowRuntime Behavior ::run [ RunTime:0.007279s ]
INFO: [ view_filter ] --END-- [ RunTime:0.029025s ]
INFO: [ view_end ] --START--
INFO: ShowPageTrace Behavior ::run [ RunTime:0.008320s ]
INFO: [ view_end ] --END-- [ RunTime:0.008442s ]

[ 2015-11-25T18:16:56+08:00 ] 42.156.136.46 /xx/zspt.php/Atc/gtxpg/x/vw/atcid/20
INFO: [ route_check ] --START--
INFO: CheckRoute Behavior ::run [ RunTime:0.008066s ]
INFO: [ route_check ] --END-- [ RunTime:0.008229s ]
INFO: [ app_begin ] --START--
INFO: ReadHtmlCache Behavior ::run [ RunTime:0.007679s ]
INFO: [ app_begin ] --END-- [ RunTime:0.007809s ]
SQL: SHOW COLUMNS FROM `tb_zssz` [ RunTime:0.002572s ]
SQL: SELECT * FROM `tb_zssz` LIMIT 1   [ RunTime:0.000564s ]
SQL: SHOW COLUMNS FROM `tb_grd` [ RunTime:0.002028s ]
SQL: SELECT * FROM `tb_grd` WHERE ( grdid=4 ) LIMIT 1   [ RunTime:0.000620s ]
SQL: SHOW COLUMNS FROM `tb_2015_std` [ RunTime:0.003400s ]
SQL: SELECT * FROM `tb_2015_std` WHERE ( stdid= ) LIMIT 1   [ RunTime:0.000206s ]
ERR: 1064:You have an error in your SQL syntax; check the manual that corresponds to your MySQL server version for the right syntax to use near ') LIMIT 1' at line 1
 [ SQL语句 ] : SELECT * FROM `tb_2015_std` WHERE ( stdid= ) LIMIT 1  
SQL: SHOW COLUMNS FROM `tb_atc` [ RunTime:0.002707s ]
SQL: SELECT * FROM `tb_atc` LEFT JOIN tb_bd ON f_atc_bdid=bdid WHERE ( atcid=20 ) LIMIT 1   [ RunTime:0.001914s ]
SQL: SHOW COLUMNS FROM `tb_bd` [ RunTime:0.002399s ]
SQL: SELECT * FROM `tb_bd` ORDER BY bdodr ASC  [ RunTime:0.000589s ]
SQL: UPDATE `tb_atc` SET `atccnt`=422 WHERE ( atcid=20 ) [ RunTime:0.019007s ]
NOTIC: [8] Undefined variable: alt D:\Program Files\Apache Software Foundation\Apache2.2\htdocs\xx\zspt\Lib\Action\AtcAction.class.php 第 47 行.
SQL: SHOW COLUMNS FROM `tb_sys` [ RunTime:0.002580s ]
SQL: SELECT * FROM `tb_sys` LIMIT 1   [ RunTime:0.000630s ]
INFO: [ view_parse ] --START--
NOTIC: [8] Undefined variable: schzysc D:\Program Files\Apache Software Foundation\Apache2.2\htdocs\xx\zspt\Runtime\Cache\35bee216c0dde56464e23249b341665f.php 第 154 行.
NOTIC: [8] Undefined variable: clctcss D:\Program Files\Apache Software Foundation\Apache2.2\htdocs\xx\zspt\Runtime\Cache\35bee216c0dde56464e23249b341665f.php 第 155 行.
NOTIC: [8] Undefined variable: heartcss D:\Program Files\Apache Software Foundation\Apache2.2\htdocs\xx\zspt\Runtime\Cache\35bee216c0dde56464e23249b341665f.php 第 155 行.
INFO: ParseTemplate Behavior ::run [ RunTime:0.068897s ]
INFO: [ view_parse ] --END-- [ RunTime:0.069072s ]
INFO: [ view_filter ] --START--
INFO: ContentReplace Behavior ::run [ RunTime:0.008198s ]
INFO: TokenBuild Behavior ::run [ RunTime:0.007238s ]
INFO: WriteHtmlCache Behavior ::run [ RunTime:0.008286s ]
INFO: ShowRuntime Behavior ::run [ RunTime:0.007373s ]
INFO: [ view_filter ] --END-- [ RunTime:0.031447s ]
INFO: [ view_end ] --START--
INFO: ShowPageTrace Behavior ::run [ RunTime:0.007629s ]
INFO: [ view_end ] --END-- [ RunTime:0.007746s ]

