[ 2015-11-10T10:54:46+08:00 ] 10.50.10.139 /xx/zspt.php
INFO: [ app_begin ] --START--
INFO: ReadHtmlCache Behavior ::run [ RunTime:0.007364s ]
INFO: [ app_begin ] --END-- [ RunTime:0.007519s ]
SQL: SHOW COLUMNS FROM `tb_zssz` [ RunTime:0.002945s ]
SQL: SELECT * FROM `tb_zssz` LIMIT 1   [ RunTime:0.000518s ]
SQL: SHOW COLUMNS FROM `tb_grd` [ RunTime:0.002444s ]
SQL: SELECT * FROM `tb_grd` WHERE ( grdid=4 ) LIMIT 1   [ RunTime:0.000585s ]
SQL: SHOW COLUMNS FROM `tb_2015_std` [ RunTime:0.004037s ]
SQL: SELECT * FROM `tb_2015_std` WHERE ( stdid= ) LIMIT 1   [ RunTime:0.000196s ]
ERR: 1064:You have an error in your SQL syntax; check the manual that corresponds to your MySQL server version for the right syntax to use near ') LIMIT 1' at line 1
 [ SQL语句 ] : SELECT * FROM `tb_2015_std` WHERE ( stdid= ) LIMIT 1  
SQL: SHOW COLUMNS FROM `tb_atc` [ RunTime:0.003046s ]
SQL: SELECT * FROM `tb_atc` LEFT JOIN tb_bd ON f_atc_bdid=bdid WHERE ( atcps=1 AND atcvw=1 AND atczs=1 ) ORDER BY atctp DESC,atcmdftm DESC LIMIT 0,10   [ RunTime:0.001956s ]
INFO: [ view_parse ] --START--
INFO: ParseTemplate Behavior ::run [ RunTime:0.060850s ]
INFO: [ view_parse ] --END-- [ RunTime:0.061009s ]
INFO: [ view_filter ] --START--
INFO: ContentReplace Behavior ::run [ RunTime:0.007125s ]
INFO: TokenBuild Behavior ::run [ RunTime:0.007108s ]
INFO: WriteHtmlCache Behavior ::run [ RunTime:0.006865s ]
INFO: ShowRuntime Behavior ::run [ RunTime:0.007384s ]
INFO: [ view_filter ] --END-- [ RunTime:0.028799s ]
INFO: [ view_end ] --START--
INFO: ShowPageTrace Behavior ::run [ RunTime:0.007489s ]
INFO: [ view_end ] --END-- [ RunTime:0.007600s ]

[ 2015-11-10T10:54:51+08:00 ] 10.50.10.139 /xx/zspt.php/Std/gtxpg/x/updt/stdid/0
INFO: [ route_check ] --START--
INFO: CheckRoute Behavior ::run [ RunTime:0.007889s ]
INFO: [ route_check ] --END-- [ RunTime:0.008041s ]
INFO: [ app_begin ] --START--
INFO: ReadHtmlCache Behavior ::run [ RunTime:0.007332s ]
INFO: [ app_begin ] --END-- [ RunTime:0.007455s ]
SQL: SHOW COLUMNS FROM `tb_zssz` [ RunTime:0.002585s ]
SQL: SELECT * FROM `tb_zssz` LIMIT 1   [ RunTime:0.000470s ]
SQL: SHOW COLUMNS FROM `tb_grd` [ RunTime:0.002007s ]
SQL: SELECT * FROM `tb_grd` WHERE ( grdid=4 ) LIMIT 1   [ RunTime:0.000574s ]
SQL: SHOW COLUMNS FROM `tb_2015_std` [ RunTime:0.003560s ]
SQL: SELECT * FROM `tb_2015_std` WHERE ( stdid= ) LIMIT 1   [ RunTime:0.000188s ]
ERR: 1064:You have an error in your SQL syntax; check the manual that corresponds to your MySQL server version for the right syntax to use near ') LIMIT 1' at line 1
 [ SQL语句 ] : SELECT * FROM `tb_2015_std` WHERE ( stdid= ) LIMIT 1  
SQL: SELECT * FROM `tb_zssz` LIMIT 1   [ RunTime:0.000139s ]
SQL: SELECT * FROM `tb_grd` WHERE ( grdid=4 ) LIMIT 1   [ RunTime:0.000121s ]
SQL: SHOW COLUMNS FROM `tb_2015_cls` [ RunTime:0.002655s ]
SQL: SELECT * FROM `tb_2015_cls` LEFT JOIN tb_stt ON f_cls_sttid=sttid WHERE ( 1=1 AND f_cls_sttid=1 AND f_cls_grdid=4 ) ORDER BY clsnm ASC  [ RunTime:0.000562s ]
SQL: SHOW COLUMNS FROM `tb_2015_mj` [ RunTime:0.002963s ]
SQL: SELECT * FROM `tb_2015_mj`  [ RunTime:0.000533s ]
SQL: SELECT * FROM `tb_2015_mj` LEFT JOIN tb_bxxs ON f_mj_bxxsid=bxxsid LEFT JOIN tb_kl ON f_mj_klid=klid WHERE ( 1=1 AND mjbbzs=1 AND mjsttu LIKE '%-1-%' AND (1=2 OR f_mj_bxxsid=4) AND f_mj_grdid=4 ) ORDER BY f_mj_bxxsid ASC,mjdm ASC  [ RunTime:0.000164s ]
SQL: SHOW COLUMNS FROM `tb_bxxs` [ RunTime:0.002444s ]
SQL: SELECT * FROM `tb_bxxs` WHERE ( 1=1 AND (1=2 OR bxxsid=4) )  [ RunTime:0.000550s ]
SQL: SHOW COLUMNS FROM `tb_sex` [ RunTime:0.002373s ]
SQL: SELECT * FROM `tb_sex`  [ RunTime:0.000589s ]
SQL: SHOW COLUMNS FROM `tb_rc` [ RunTime:0.002392s ]
SQL: SELECT * FROM `tb_rc`  [ RunTime:0.000600s ]
SQL: SHOW COLUMNS FROM `tb_zzmm` [ RunTime:0.002480s ]
SQL: SELECT * FROM `tb_zzmm`  [ RunTime:0.000564s ]
SQL: SHOW COLUMNS FROM `tb_xl` [ RunTime:0.002391s ]
SQL: SELECT * FROM `tb_xl`  [ RunTime:0.000585s ]
SQL: SHOW COLUMNS FROM `tb_dm` [ RunTime:0.002376s ]
SQL: SELECT * FROM `tb_dm`  [ RunTime:0.000591s ]
SQL: SHOW COLUMNS FROM `tb_stat` [ RunTime:0.002501s ]
SQL: SELECT * FROM `tb_stat`  [ RunTime:0.000518s ]
NOTIC: [8] Undefined index:  stdrcmdnm D:\Program Files\Apache Software Foundation\Apache2.2\htdocs\xx\zspt\Lib\Action\StdAction.class.php 第 346 行.
NOTIC: [8] Undefined index:  stdrcmdcp D:\Program Files\Apache Software Foundation\Apache2.2\htdocs\xx\zspt\Lib\Action\StdAction.class.php 第 346 行.
INFO: [ view_parse ] --START--
NOTIC: [8] Undefined index:  f_mj_bxxsid D:\Program Files\Apache Software Foundation\Apache2.2\htdocs\xx\zspt\Runtime\Cache\42792852baa95d2cf6b901abc6e0c59f.php 第 149 行.
NOTIC: [8] Undefined index:  f_stdxqmj_mjid D:\Program Files\Apache Software Foundation\Apache2.2\htdocs\xx\zspt\Runtime\Cache\42792852baa95d2cf6b901abc6e0c59f.php 第 169 行.
NOTIC: [8] Undefined index:  stdnm D:\Program Files\Apache Software Foundation\Apache2.2\htdocs\xx\zspt\Runtime\Cache\42792852baa95d2cf6b901abc6e0c59f.php 第 179 行.
NOTIC: [8] Undefined index:  f_std_sexid D:\Program Files\Apache Software Foundation\Apache2.2\htdocs\xx\zspt\Runtime\Cache\42792852baa95d2cf6b901abc6e0c59f.php 第 188 行.
NOTIC: [8] Undefined index:  f_std_rcid D:\Program Files\Apache Software Foundation\Apache2.2\htdocs\xx\zspt\Runtime\Cache\42792852baa95d2cf6b901abc6e0c59f.php 第 198 行.
NOTIC: [8] Undefined index:  f_std_zzmmid D:\Program Files\Apache Software Foundation\Apache2.2\htdocs\xx\zspt\Runtime\Cache\42792852baa95d2cf6b901abc6e0c59f.php 第 208 行.
NOTIC: [8] Undefined index:  stdnp D:\Program Files\Apache Software Foundation\Apache2.2\htdocs\xx\zspt\Runtime\Cache\42792852baa95d2cf6b901abc6e0c59f.php 第 233 行.
NOTIC: [8] Undefined index:  f_std_xlid D:\Program Files\Apache Software Foundation\Apache2.2\htdocs\xx\zspt\Runtime\Cache\42792852baa95d2cf6b901abc6e0c59f.php 第 251 行.
NOTIC: [8] Undefined index:  stdcee D:\Program Files\Apache Software Foundation\Apache2.2\htdocs\xx\zspt\Runtime\Cache\42792852baa95d2cf6b901abc6e0c59f.php 第 253 行.
NOTIC: [8] Undefined index:  stdsog D:\Program Files\Apache Software Foundation\Apache2.2\htdocs\xx\zspt\Runtime\Cache\42792852baa95d2cf6b901abc6e0c59f.php 第 256 行.
NOTIC: [8] Undefined index:  stdcp D:\Program Files\Apache Software Foundation\Apache2.2\htdocs\xx\zspt\Runtime\Cache\42792852baa95d2cf6b901abc6e0c59f.php 第 257 行.
NOTIC: [8] Undefined index:  stdidcd D:\Program Files\Apache Software Foundation\Apache2.2\htdocs\xx\zspt\Runtime\Cache\42792852baa95d2cf6b901abc6e0c59f.php 第 260 行.
NOTIC: [8] Undefined index:  stdtlp D:\Program Files\Apache Software Foundation\Apache2.2\htdocs\xx\zspt\Runtime\Cache\42792852baa95d2cf6b901abc6e0c59f.php 第 261 行.
NOTIC: [8] Undefined index:  stdbtd D:\Program Files\Apache Software Foundation\Apache2.2\htdocs\xx\zspt\Runtime\Cache\42792852baa95d2cf6b901abc6e0c59f.php 第 262 行.
NOTIC: [8] Undefined index:  stdqq D:\Program Files\Apache Software Foundation\Apache2.2\htdocs\xx\zspt\Runtime\Cache\42792852baa95d2cf6b901abc6e0c59f.php 第 263 行.
NOTIC: [8] Undefined index:  stdrlta D:\Program Files\Apache Software Foundation\Apache2.2\htdocs\xx\zspt\Runtime\Cache\42792852baa95d2cf6b901abc6e0c59f.php 第 266 行.
NOTIC: [8] Undefined index:  stdrltanm D:\Program Files\Apache Software Foundation\Apache2.2\htdocs\xx\zspt\Runtime\Cache\42792852baa95d2cf6b901abc6e0c59f.php 第 267 行.
NOTIC: [8] Undefined index:  stdrltaocpt D:\Program Files\Apache Software Foundation\Apache2.2\htdocs\xx\zspt\Runtime\Cache\42792852baa95d2cf6b901abc6e0c59f.php 第 268 行.
NOTIC: [8] Undefined index:  stdrltacp D:\Program Files\Apache Software Foundation\Apache2.2\htdocs\xx\zspt\Runtime\Cache\42792852baa95d2cf6b901abc6e0c59f.php 第 269 行.
NOTIC: [8] Undefined index:  stdrltb D:\Program Files\Apache Software Foundation\Apache2.2\htdocs\xx\zspt\Runtime\Cache\42792852baa95d2cf6b901abc6e0c59f.php 第 272 行.
NOTIC: [8] Undefined index:  stdrltbnm D:\Program Files\Apache Software Foundation\Apache2.2\htdocs\xx\zspt\Runtime\Cache\42792852baa95d2cf6b901abc6e0c59f.php 第 273 行.
NOTIC: [8] Undefined index:  stdrltbocpt D:\Program Files\Apache Software Foundation\Apache2.2\htdocs\xx\zspt\Runtime\Cache\42792852baa95d2cf6b901abc6e0c59f.php 第 274 行.
NOTIC: [8] Undefined index:  stdrltbcp D:\Program Files\Apache Software Foundation\Apache2.2\htdocs\xx\zspt\Runtime\Cache\42792852baa95d2cf6b901abc6e0c59f.php 第 275 行.
NOTIC: [8] Undefined index:  stdhb D:\Program Files\Apache Software Foundation\Apache2.2\htdocs\xx\zspt\Runtime\Cache\42792852baa95d2cf6b901abc6e0c59f.php 第 278 行.
NOTIC: [8] Undefined index:  stdads D:\Program Files\Apache Software Foundation\Apache2.2\htdocs\xx\zspt\Runtime\Cache\42792852baa95d2cf6b901abc6e0c59f.php 第 279 行.
NOTIC: [8] Undefined index:  stdpst D:\Program Files\Apache Software Foundation\Apache2.2\htdocs\xx\zspt\Runtime\Cache\42792852baa95d2cf6b901abc6e0c59f.php 第 280 行.
NOTIC: [8] Undefined index:  stdrcmdnm D:\Program Files\Apache Software Foundation\Apache2.2\htdocs\xx\zspt\Runtime\Cache\42792852baa95d2cf6b901abc6e0c59f.php 第 291 行.
NOTIC: [8] Undefined index:  stdrcmdcp D:\Program Files\Apache Software Foundation\Apache2.2\htdocs\xx\zspt\Runtime\Cache\42792852baa95d2cf6b901abc6e0c59f.php 第 292 行.
INFO: ParseTemplate Behavior ::run [ RunTime:0.097747s ]
INFO: [ view_parse ] --END-- [ RunTime:0.097892s ]
INFO: [ view_filter ] --START--
INFO: ContentReplace Behavior ::run [ RunTime:0.007257s ]
INFO: TokenBuild Behavior ::run [ RunTime:0.007118s ]
INFO: WriteHtmlCache Behavior ::run [ RunTime:0.006881s ]
INFO: ShowRuntime Behavior ::run [ RunTime:0.007412s ]
INFO: [ view_filter ] --END-- [ RunTime:0.028984s ]
INFO: [ view_end ] --START--
INFO: ShowPageTrace Behavior ::run [ RunTime:0.007441s ]
INFO: [ view_end ] --END-- [ RunTime:0.007554s ]

[ 2015-11-10T11:00:12+08:00 ] 10.50.10.139 /xx/zspt.php/Std/update
INFO: [ route_check ] --START--
INFO: CheckRoute Behavior ::run [ RunTime:0.007903s ]
INFO: [ route_check ] --END-- [ RunTime:0.008059s ]
INFO: [ app_begin ] --START--
INFO: ReadHtmlCache Behavior ::run [ RunTime:0.007481s ]
INFO: [ app_begin ] --END-- [ RunTime:0.007596s ]
SQL: SHOW COLUMNS FROM `tb_zssz` [ RunTime:0.002553s ]
SQL: SELECT * FROM `tb_zssz` LIMIT 1   [ RunTime:0.000490s ]
SQL: SHOW COLUMNS FROM `tb_grd` [ RunTime:0.002023s ]
SQL: SELECT * FROM `tb_grd` WHERE ( grdid=4 ) LIMIT 1   [ RunTime:0.000568s ]
SQL: SHOW COLUMNS FROM `tb_2015_std` [ RunTime:0.003577s ]
SQL: SHOW COLUMNS FROM `tb_bxxs` [ RunTime:0.002175s ]
SQL: SELECT * FROM `tb_bxxs` WHERE ( bxxsid=4 ) LIMIT 1   [ RunTime:0.000552s ]
NOTIC: [8] Undefined index:  stdaplno D:\Program Files\Apache Software Foundation\Apache2.2\htdocs\xx\zspt\Lib\Action\StdAction.class.php 第 808 行.
SQL: SELECT * FROM `tb_bxxs` WHERE ( bxxsid=4 ) LIMIT 1   [ RunTime:0.000128s ]
SQL: SELECT `stdaplno` FROM `tb_2015_std` WHERE ( stdaplno LIKE '%J2015%' ) ORDER BY stdaplno DESC  [ RunTime:0.000221s ]
SQL: SELECT * FROM `tb_2015_std` WHERE ( stdidcd='330621199502033518' ) LIMIT 1   [ RunTime:0.002234s ]
SQL: INSERT INTO `tb_2015_std` (`f_std_sttid`,`f_std_grdid`,`stdaplno`,`stdno`,`stdupfnctm`,`stdnm`,`stdpw`,`stdpt`,`f_std_sexid`,`f_std_rcid`,`f_std_zzmmid`,`stdnp`,`stdbtd`,`stdsol`,`stdcee`,`stdsog`,`stdqq`,`f_std_xlid`,`stdidcd`,`stdcp`,`stdrlta`,`stdrltanm`,`stdrltaocpt`,`stdrltacp`,`stdrltb`,`stdrltbnm`,`stdrltbocpt`,`stdrltbcp`,`stdhb`,`f_std_statid`,`stdpst`,`stdads`,`stdmdftm`,`stdaddtm`,`stdtlp`,`stdpertm`,`stdertm`,`stdicbc`,`stdrcmdnm`,`stdrcmdcp`,`stdpnttm`) VALUES (1,4,'J20150365','','','金佳波','1bbd886460827015e5d605ed44252251','/xx/Public/IMG/default.jpg',1,1,3,'浙江','1995-02-03','无','','','',3,'330621199502033518','18858570538','母亲','管雅琴','企业','13754385573','','','','','',1,'312000','浙江省绍兴县杨汛桥镇工业园区','2015-11-10 11:00:12','2015-11-10 11:00:12','18858570538','','','','石青锋','','') [ RunTime:0.017071s ]
SQL: SELECT * FROM `tb_2015_std` WHERE ( stdidcd='330621199502033518' ) LIMIT 1   [ RunTime:0.002119s ]
SQL: SHOW COLUMNS FROM `tb_2015_stdxqcls` [ RunTime:0.002840s ]
SQL: INSERT INTO `tb_2015_stdxqcls` (`f_stdxqcls_stdid`,`f_stdxqcls_xqid`,`f_stdxqcls_clsid`) VALUES (367,3,0) [ RunTime:0.021898s ]
SQL: SHOW COLUMNS FROM `tb_2015_stdxqmj` [ RunTime:0.002753s ]
SQL: INSERT INTO `tb_2015_stdxqmj` (`f_stdxqmj_stdid`,`f_stdxqmj_xqid`,`f_stdxqmj_mjid`) VALUES (367,3,6) [ RunTime:0.016751s ]
SQL: SHOW COLUMNS FROM `tb_2015_stdxqdm` [ RunTime:0.002664s ]
SQL: INSERT INTO `tb_2015_stdxqdm` (`f_stdxqdm_stdid`,`f_stdxqdm_xqid`,`f_stdxqdm_dmid`) VALUES (367,3,3) [ RunTime:0.014626s ]
SQL: SHOW COLUMNS FROM `tb_2015_mj` [ RunTime:0.002634s ]
SQL: SELECT * FROM `tb_2015_mj` WHERE ( mjid=6 ) LIMIT 1   [ RunTime:0.000500s ]
SQL: SHOW COLUMNS FROM `tb_2015_xf` [ RunTime:0.002914s ]
SQL: SELECT * FROM `tb_2015_xf` WHERE ( f_xf_sttid=1 AND f_xf_bxxsid=4 AND f_xf_ccid=3 AND f_xf_klid=2 ) LIMIT 1   [ RunTime:0.000488s ]
SQL: SHOW COLUMNS FROM `tb_2015_zsf` [ RunTime:0.002653s ]
SQL: SELECT * FROM `tb_2015_zsf` WHERE ( f_zsf_dmid=3 ) LIMIT 1   [ RunTime:0.000660s ]
SQL: SHOW COLUMNS FROM `tb_2015_cw` [ RunTime:0.002956s ]
SQL: SHOW COLUMNS FROM `tb_xq` [ RunTime:0.002856s ]
SQL: SELECT * FROM `tb_xq` WHERE ( xqid=3 ) LIMIT 1   [ RunTime:0.000569s ]
NOTIC: [8] Use of undefined constant xqnm - assumed 'xqnm' D:\Program Files\Apache Software Foundation\Apache2.2\htdocs\xx\zspt\Lib\Action\StdAction.class.php 第 978 行.
SQL: SHOW COLUMNS FROM `tb_xn` [ RunTime:0.003291s ]
SQL: SELECT * FROM `tb_xn` WHERE ( xnnm='2015' ) LIMIT 1   [ RunTime:0.000511s ]
SQL: INSERT INTO `tb_2015_cw` (`f_cw_grdid`,`f_cw_xnid`,`cwzcxqid`,`f_cw_stdid`,`cwyjxfsm`,`cwyjjckwfsm`,`cwyjzsfsm`,`cwsjxfsm`,`cwsjjckwfsm`,`cwsjzsfsm`) VALUES (4,2,3,367,13900,1000,0,0,0,0) [ RunTime:0.017757s ]

[ 2015-11-10T11:00:12+08:00 ] 10.50.10.139 /xx/zspt.php/Std/gtxpg/x/vw/stdid/367/bmcg/y
INFO: [ route_check ] --START--
INFO: CheckRoute Behavior ::run [ RunTime:0.008714s ]
INFO: [ route_check ] --END-- [ RunTime:0.008945s ]
INFO: [ app_begin ] --START--
INFO: ReadHtmlCache Behavior ::run [ RunTime:0.008229s ]
INFO: [ app_begin ] --END-- [ RunTime:0.008461s ]
SQL: SHOW COLUMNS FROM `tb_zssz` [ RunTime:0.002539s ]
SQL: SELECT * FROM `tb_zssz` LIMIT 1   [ RunTime:0.000566s ]
SQL: SHOW COLUMNS FROM `tb_grd` [ RunTime:0.002101s ]
SQL: SELECT * FROM `tb_grd` WHERE ( grdid=4 ) LIMIT 1   [ RunTime:0.000596s ]
SQL: SHOW COLUMNS FROM `tb_2015_std` [ RunTime:0.003601s ]
SQL: SELECT * FROM `tb_2015_std` WHERE ( stdid= ) LIMIT 1   [ RunTime:0.000194s ]
ERR: 1064:You have an error in your SQL syntax; check the manual that corresponds to your MySQL server version for the right syntax to use near ') LIMIT 1' at line 1
 [ SQL语句 ] : SELECT * FROM `tb_2015_std` WHERE ( stdid= ) LIMIT 1  
SQL: SELECT * FROM `tb_zssz` LIMIT 1   [ RunTime:0.000137s ]
SQL: SELECT * FROM `tb_grd` WHERE ( grdid=4 ) LIMIT 1   [ RunTime:0.000121s ]
SQL: SELECT * FROM `tb_2015_std` inner join tb_2015_stdxqdm ON stdid=f_stdxqdm_stdid inner join tb_2015_stdxqcls ON stdid=f_stdxqcls_stdid inner join tb_2015_stdxqmj ON stdid=f_stdxqmj_stdid LEFT JOIN tb_stt ON f_std_sttid=sttid LEFT JOIN tb_grd ON f_std_grdid=grdid LEFT JOIN tb_2015_mj ON f_stdxqmj_mjid=mjid LEFT JOIN tb_bxxs ON f_mj_bxxsid=bxxsid LEFT JOIN tb_cc ON f_mj_ccid=ccid LEFT JOIN tb_kl ON f_mj_klid=klid LEFT JOIN tb_xxxs ON f_mj_xxxsid=xxxsid LEFT JOIN tb_zsfw ON f_mj_zsfwid=zsfwid LEFT JOIN tb_xz ON f_mj_xzid=xzid LEFT JOIN tb_2015_cls ON f_stdxqcls_clsid=clsid LEFT JOIN tb_dm ON f_stdxqdm_dmid=dmid LEFT JOIN tb_sex ON f_std_sexid=sexid LEFT JOIN tb_rc ON f_std_rcid=rcid LEFT JOIN tb_zzmm ON f_std_zzmmid=zzmmid LEFT JOIN tb_xl ON f_std_xlid=xlid LEFT JOIN tb_stat ON f_std_statid=statid LEFT JOIN tb_xq ON f_stdxqcls_xqid=xqid WHERE ( f_stdxqcls_xqid=3 AND f_stdxqmj_xqid=3 AND f_stdxqdm_xqid=3 AND stdid=367 ) LIMIT 1   [ RunTime:0.004584s ]
SQL: SELECT * FROM `tb_grd` WHERE ( grdid=4 ) LIMIT 1   [ RunTime:0.000168s ]
SQL: SHOW COLUMNS FROM `tb_xq` [ RunTime:0.002217s ]
SQL: SHOW COLUMNS FROM `tb_2015_sttintxq` [ RunTime:0.003086s ]
SQL: SELECT * FROM `tb_2015_sttintxq` WHERE ( f_sttintxq_sttid=1 ) LIMIT 1   [ RunTime:0.000543s ]
SQL: SELECT * FROM `tb_xq` WHERE ( xqid>=3 ) ORDER BY xqid ASC LIMIT 0,10   [ RunTime:0.000135s ]
SQL: SHOW COLUMNS FROM `tb_2015_tsqk` [ RunTime:0.002753s ]
SQL: SELECT * FROM `tb_2015_tsqk` WHERE ( f_tsqk_stdid=367 ) ORDER BY tsqktm DESC  [ RunTime:0.000695s ]
INFO: [ view_parse ] --START--
NOTIC: [8] Undefined variable: dmls D:\Program Files\Apache Software Foundation\Apache2.2\htdocs\xx\zspt\Runtime\Cache\48449d0f0d4b67d562a44de0bb93b3b1.php 第 264 行.
NOTIC: [8] Undefined variable: aths D:\Program Files\Apache Software Foundation\Apache2.2\htdocs\xx\zspt\Runtime\Cache\48449d0f0d4b67d562a44de0bb93b3b1.php 第 280 行.
INFO: ParseTemplate Behavior ::run [ RunTime:0.077399s ]
INFO: [ view_parse ] --END-- [ RunTime:0.077544s ]
INFO: [ view_filter ] --START--
INFO: ContentReplace Behavior ::run [ RunTime:0.007205s ]
INFO: TokenBuild Behavior ::run [ RunTime:0.007190s ]
INFO: WriteHtmlCache Behavior ::run [ RunTime:0.006882s ]
INFO: ShowRuntime Behavior ::run [ RunTime:0.007278s ]
INFO: [ view_filter ] --END-- [ RunTime:0.028878s ]
INFO: [ view_end ] --START--
INFO: ShowPageTrace Behavior ::run [ RunTime:0.007466s ]
INFO: [ view_end ] --END-- [ RunTime:0.007579s ]

[ 2015-11-10T12:25:32+08:00 ] 60.191.59.2 /xx/zspt.php
INFO: [ app_begin ] --START--
INFO: ReadHtmlCache Behavior ::run [ RunTime:0.007472s ]
INFO: [ app_begin ] --END-- [ RunTime:0.007630s ]
SQL: SHOW COLUMNS FROM `tb_zssz` [ RunTime:0.002964s ]
SQL: SELECT * FROM `tb_zssz` LIMIT 1   [ RunTime:0.000467s ]
SQL: SHOW COLUMNS FROM `tb_grd` [ RunTime:0.002479s ]
SQL: SELECT * FROM `tb_grd` WHERE ( grdid=4 ) LIMIT 1   [ RunTime:0.000550s ]
SQL: SHOW COLUMNS FROM `tb_2015_std` [ RunTime:0.004040s ]
SQL: SELECT * FROM `tb_2015_std` WHERE ( stdid= ) LIMIT 1   [ RunTime:0.000187s ]
ERR: 1064:You have an error in your SQL syntax; check the manual that corresponds to your MySQL server version for the right syntax to use near ') LIMIT 1' at line 1
 [ SQL语句 ] : SELECT * FROM `tb_2015_std` WHERE ( stdid= ) LIMIT 1  
SQL: SHOW COLUMNS FROM `tb_atc` [ RunTime:0.003212s ]
SQL: SELECT * FROM `tb_atc` LEFT JOIN tb_bd ON f_atc_bdid=bdid WHERE ( atcps=1 AND atcvw=1 AND atczs=1 ) ORDER BY atctp DESC,atcmdftm DESC LIMIT 0,10   [ RunTime:0.000622s ]
INFO: [ view_parse ] --START--
INFO: ParseTemplate Behavior ::run [ RunTime:0.069345s ]
INFO: [ view_parse ] --END-- [ RunTime:0.069507s ]
INFO: [ view_filter ] --START--
INFO: ContentReplace Behavior ::run [ RunTime:0.007203s ]
INFO: TokenBuild Behavior ::run [ RunTime:0.007092s ]
INFO: WriteHtmlCache Behavior ::run [ RunTime:0.006860s ]
INFO: ShowRuntime Behavior ::run [ RunTime:0.007248s ]
INFO: [ view_filter ] --END-- [ RunTime:0.028728s ]
INFO: [ view_end ] --START--
INFO: ShowPageTrace Behavior ::run [ RunTime:0.007476s ]
INFO: [ view_end ] --END-- [ RunTime:0.007587s ]

[ 2015-11-10T12:25:36+08:00 ] 60.191.59.2 /xx/zspt.php/Std/gtxpg/x/updt/stdid/0
INFO: [ route_check ] --START--
INFO: CheckRoute Behavior ::run [ RunTime:0.007874s ]
INFO: [ route_check ] --END-- [ RunTime:0.008032s ]
INFO: [ app_begin ] --START--
INFO: ReadHtmlCache Behavior ::run [ RunTime:0.007345s ]
INFO: [ app_begin ] --END-- [ RunTime:0.007466s ]
SQL: SHOW COLUMNS FROM `tb_zssz` [ RunTime:0.002506s ]
SQL: SELECT * FROM `tb_zssz` LIMIT 1   [ RunTime:0.000369s ]
SQL: SHOW COLUMNS FROM `tb_grd` [ RunTime:0.002048s ]
SQL: SELECT * FROM `tb_grd` WHERE ( grdid=4 ) LIMIT 1   [ RunTime:0.000556s ]
SQL: SHOW COLUMNS FROM `tb_2015_std` [ RunTime:0.003639s ]
SQL: SELECT * FROM `tb_2015_std` WHERE ( stdid= ) LIMIT 1   [ RunTime:0.000178s ]
ERR: 1064:You have an error in your SQL syntax; check the manual that corresponds to your MySQL server version for the right syntax to use near ') LIMIT 1' at line 1
 [ SQL语句 ] : SELECT * FROM `tb_2015_std` WHERE ( stdid= ) LIMIT 1  
SQL: SELECT * FROM `tb_zssz` LIMIT 1   [ RunTime:0.000135s ]
SQL: SELECT * FROM `tb_grd` WHERE ( grdid=4 ) LIMIT 1   [ RunTime:0.000121s ]
SQL: SHOW COLUMNS FROM `tb_2015_cls` [ RunTime:0.002670s ]
SQL: SELECT * FROM `tb_2015_cls` LEFT JOIN tb_stt ON f_cls_sttid=sttid WHERE ( 1=1 AND f_cls_sttid=1 AND f_cls_grdid=4 ) ORDER BY clsnm ASC  [ RunTime:0.000500s ]
SQL: SHOW COLUMNS FROM `tb_2015_mj` [ RunTime:0.003638s ]
SQL: SELECT * FROM `tb_2015_mj`  [ RunTime:0.000463s ]
SQL: SELECT * FROM `tb_2015_mj` LEFT JOIN tb_bxxs ON f_mj_bxxsid=bxxsid LEFT JOIN tb_kl ON f_mj_klid=klid WHERE ( 1=1 AND mjbbzs=1 AND mjsttu LIKE '%-1-%' AND (1=2 OR f_mj_bxxsid=4) AND f_mj_grdid=4 ) ORDER BY f_mj_bxxsid ASC,mjdm ASC  [ RunTime:0.000166s ]
SQL: SHOW COLUMNS FROM `tb_bxxs` [ RunTime:0.002473s ]
SQL: SELECT * FROM `tb_bxxs` WHERE ( 1=1 AND (1=2 OR bxxsid=4) )  [ RunTime:0.000554s ]
SQL: SHOW COLUMNS FROM `tb_sex` [ RunTime:0.002390s ]
SQL: SELECT * FROM `tb_sex`  [ RunTime:0.000589s ]
SQL: SHOW COLUMNS FROM `tb_rc` [ RunTime:0.002372s ]
SQL: SELECT * FROM `tb_rc`  [ RunTime:0.000602s ]
SQL: SHOW COLUMNS FROM `tb_zzmm` [ RunTime:0.002725s ]
SQL: SELECT * FROM `tb_zzmm`  [ RunTime:0.000564s ]
SQL: SHOW COLUMNS FROM `tb_xl` [ RunTime:0.002406s ]
SQL: SELECT * FROM `tb_xl`  [ RunTime:0.000579s ]
SQL: SHOW COLUMNS FROM `tb_dm` [ RunTime:0.002396s ]
SQL: SELECT * FROM `tb_dm`  [ RunTime:0.000582s ]
SQL: SHOW COLUMNS FROM `tb_stat` [ RunTime:0.002502s ]
SQL: SELECT * FROM `tb_stat`  [ RunTime:0.000532s ]
NOTIC: [8] Undefined index:  stdrcmdnm D:\Program Files\Apache Software Foundation\Apache2.2\htdocs\xx\zspt\Lib\Action\StdAction.class.php 第 346 行.
NOTIC: [8] Undefined index:  stdrcmdcp D:\Program Files\Apache Software Foundation\Apache2.2\htdocs\xx\zspt\Lib\Action\StdAction.class.php 第 346 行.
INFO: [ view_parse ] --START--
NOTIC: [8] Undefined index:  f_mj_bxxsid D:\Program Files\Apache Software Foundation\Apache2.2\htdocs\xx\zspt\Runtime\Cache\42792852baa95d2cf6b901abc6e0c59f.php 第 149 行.
NOTIC: [8] Undefined index:  f_stdxqmj_mjid D:\Program Files\Apache Software Foundation\Apache2.2\htdocs\xx\zspt\Runtime\Cache\42792852baa95d2cf6b901abc6e0c59f.php 第 169 行.
NOTIC: [8] Undefined index:  stdnm D:\Program Files\Apache Software Foundation\Apache2.2\htdocs\xx\zspt\Runtime\Cache\42792852baa95d2cf6b901abc6e0c59f.php 第 179 行.
NOTIC: [8] Undefined index:  f_std_sexid D:\Program Files\Apache Software Foundation\Apache2.2\htdocs\xx\zspt\Runtime\Cache\42792852baa95d2cf6b901abc6e0c59f.php 第 188 行.
NOTIC: [8] Undefined index:  f_std_rcid D:\Program Files\Apache Software Foundation\Apache2.2\htdocs\xx\zspt\Runtime\Cache\42792852baa95d2cf6b901abc6e0c59f.php 第 198 行.
NOTIC: [8] Undefined index:  f_std_zzmmid D:\Program Files\Apache Software Foundation\Apache2.2\htdocs\xx\zspt\Runtime\Cache\42792852baa95d2cf6b901abc6e0c59f.php 第 208 行.
NOTIC: [8] Undefined index:  stdnp D:\Program Files\Apache Software Foundation\Apache2.2\htdocs\xx\zspt\Runtime\Cache\42792852baa95d2cf6b901abc6e0c59f.php 第 233 行.
NOTIC: [8] Undefined index:  f_std_xlid D:\Program Files\Apache Software Foundation\Apache2.2\htdocs\xx\zspt\Runtime\Cache\42792852baa95d2cf6b901abc6e0c59f.php 第 251 行.
NOTIC: [8] Undefined index:  stdcee D:\Program Files\Apache Software Foundation\Apache2.2\htdocs\xx\zspt\Runtime\Cache\42792852baa95d2cf6b901abc6e0c59f.php 第 253 行.
NOTIC: [8] Undefined index:  stdsog D:\Program Files\Apache Software Foundation\Apache2.2\htdocs\xx\zspt\Runtime\Cache\42792852baa95d2cf6b901abc6e0c59f.php 第 256 行.
NOTIC: [8] Undefined index:  stdcp D:\Program Files\Apache Software Foundation\Apache2.2\htdocs\xx\zspt\Runtime\Cache\42792852baa95d2cf6b901abc6e0c59f.php 第 257 行.
NOTIC: [8] Undefined index:  stdidcd D:\Program Files\Apache Software Foundation\Apache2.2\htdocs\xx\zspt\Runtime\Cache\42792852baa95d2cf6b901abc6e0c59f.php 第 260 行.
NOTIC: [8] Undefined index:  stdtlp D:\Program Files\Apache Software Foundation\Apache2.2\htdocs\xx\zspt\Runtime\Cache\42792852baa95d2cf6b901abc6e0c59f.php 第 261 行.
NOTIC: [8] Undefined index:  stdbtd D:\Program Files\Apache Software Foundation\Apache2.2\htdocs\xx\zspt\Runtime\Cache\42792852baa95d2cf6b901abc6e0c59f.php 第 262 行.
NOTIC: [8] Undefined index:  stdqq D:\Program Files\Apache Software Foundation\Apache2.2\htdocs\xx\zspt\Runtime\Cache\42792852baa95d2cf6b901abc6e0c59f.php 第 263 行.
NOTIC: [8] Undefined index:  stdrlta D:\Program Files\Apache Software Foundation\Apache2.2\htdocs\xx\zspt\Runtime\Cache\42792852baa95d2cf6b901abc6e0c59f.php 第 266 行.
NOTIC: [8] Undefined index:  stdrltanm D:\Program Files\Apache Software Foundation\Apache2.2\htdocs\xx\zspt\Runtime\Cache\42792852baa95d2cf6b901abc6e0c59f.php 第 267 行.
NOTIC: [8] Undefined index:  stdrltaocpt D:\Program Files\Apache Software Foundation\Apache2.2\htdocs\xx\zspt\Runtime\Cache\42792852baa95d2cf6b901abc6e0c59f.php 第 268 行.
NOTIC: [8] Undefined index:  stdrltacp D:\Program Files\Apache Software Foundation\Apache2.2\htdocs\xx\zspt\Runtime\Cache\42792852baa95d2cf6b901abc6e0c59f.php 第 269 行.
NOTIC: [8] Undefined index:  stdrltb D:\Program Files\Apache Software Foundation\Apache2.2\htdocs\xx\zspt\Runtime\Cache\42792852baa95d2cf6b901abc6e0c59f.php 第 272 行.
NOTIC: [8] Undefined index:  stdrltbnm D:\Program Files\Apache Software Foundation\Apache2.2\htdocs\xx\zspt\Runtime\Cache\42792852baa95d2cf6b901abc6e0c59f.php 第 273 行.
NOTIC: [8] Undefined index:  stdrltbocpt D:\Program Files\Apache Software Foundation\Apache2.2\htdocs\xx\zspt\Runtime\Cache\42792852baa95d2cf6b901abc6e0c59f.php 第 274 行.
NOTIC: [8] Undefined index:  stdrltbcp D:\Program Files\Apache Software Foundation\Apache2.2\htdocs\xx\zspt\Runtime\Cache\42792852baa95d2cf6b901abc6e0c59f.php 第 275 行.
NOTIC: [8] Undefined index:  stdhb D:\Program Files\Apache Software Foundation\Apache2.2\htdocs\xx\zspt\Runtime\Cache\42792852baa95d2cf6b901abc6e0c59f.php 第 278 行.
NOTIC: [8] Undefined index:  stdads D:\Program Files\Apache Software Foundation\Apache2.2\htdocs\xx\zspt\Runtime\Cache\42792852baa95d2cf6b901abc6e0c59f.php 第 279 行.
NOTIC: [8] Undefined index:  stdpst D:\Program Files\Apache Software Foundation\Apache2.2\htdocs\xx\zspt\Runtime\Cache\42792852baa95d2cf6b901abc6e0c59f.php 第 280 行.
NOTIC: [8] Undefined index:  stdrcmdnm D:\Program Files\Apache Software Foundation\Apache2.2\htdocs\xx\zspt\Runtime\Cache\42792852baa95d2cf6b901abc6e0c59f.php 第 291 行.
NOTIC: [8] Undefined index:  stdrcmdcp D:\Program Files\Apache Software Foundation\Apache2.2\htdocs\xx\zspt\Runtime\Cache\42792852baa95d2cf6b901abc6e0c59f.php 第 292 行.
INFO: ParseTemplate Behavior ::run [ RunTime:0.106593s ]
INFO: [ view_parse ] --END-- [ RunTime:0.106743s ]
INFO: [ view_filter ] --START--
INFO: ContentReplace Behavior ::run [ RunTime:0.007303s ]
INFO: TokenBuild Behavior ::run [ RunTime:0.007062s ]
INFO: WriteHtmlCache Behavior ::run [ RunTime:0.006981s ]
INFO: ShowRuntime Behavior ::run [ RunTime:0.007202s ]
INFO: [ view_filter ] --END-- [ RunTime:0.028865s ]
INFO: [ view_end ] --START--
INFO: ShowPageTrace Behavior ::run [ RunTime:0.007519s ]
INFO: [ view_end ] --END-- [ RunTime:0.007635s ]

[ 2015-11-10T14:39:13+08:00 ] 220.181.108.178 /xx/zspt.php/Atc/gtxpg/x/vw/atcid/holder.js/300x200
INFO: [ route_check ] --START--
INFO: CheckRoute Behavior ::run [ RunTime:0.004828s ]
INFO: [ route_check ] --END-- [ RunTime:0.004980s ]
INFO: [ app_begin ] --START--
INFO: ReadHtmlCache Behavior ::run [ RunTime:0.007397s ]
INFO: [ app_begin ] --END-- [ RunTime:0.007532s ]
SQL: SHOW COLUMNS FROM `tb_zssz` [ RunTime:0.002981s ]
SQL: SELECT * FROM `tb_zssz` LIMIT 1   [ RunTime:0.000516s ]
SQL: SHOW COLUMNS FROM `tb_grd` [ RunTime:0.002457s ]
SQL: SELECT * FROM `tb_grd` WHERE ( grdid=4 ) LIMIT 1   [ RunTime:0.000549s ]
SQL: SHOW COLUMNS FROM `tb_2015_std` [ RunTime:0.006601s ]
SQL: SELECT * FROM `tb_2015_std` WHERE ( stdid= ) LIMIT 1   [ RunTime:0.000204s ]
ERR: 1064:You have an error in your SQL syntax; check the manual that corresponds to your MySQL server version for the right syntax to use near ') LIMIT 1' at line 1
 [ SQL语句 ] : SELECT * FROM `tb_2015_std` WHERE ( stdid= ) LIMIT 1  
SQL: SHOW COLUMNS FROM `tb_atc` [ RunTime:0.003494s ]
SQL: SELECT * FROM `tb_atc` LEFT JOIN tb_bd ON f_atc_bdid=bdid WHERE ( atcid=holder.js ) LIMIT 1   [ RunTime:0.000969s ]
ERR: 1054:Unknown column 'holder.js' in 'where clause'
 [ SQL语句 ] : SELECT * FROM `tb_atc` LEFT JOIN tb_bd ON f_atc_bdid=bdid WHERE ( atcid=holder.js ) LIMIT 1  
SQL: SHOW COLUMNS FROM `tb_bd` [ RunTime:0.002268s ]
SQL: SELECT * FROM `tb_bd` ORDER BY bdodr ASC  [ RunTime:0.000557s ]
SQL: UPDATE `tb_atc` SET `atccnt`=1 WHERE ( atcid= ) [ RunTime:0.000148s ]
ERR: 1064:You have an error in your SQL syntax; check the manual that corresponds to your MySQL server version for the right syntax to use near ')' at line 1
 [ SQL语句 ] : UPDATE `tb_atc` SET `atccnt`=1 WHERE ( atcid= )
NOTIC: [8] Undefined index:  atccv D:\Program Files\Apache Software Foundation\Apache2.2\htdocs\xx\zspt\Lib\Action\AtcAction.class.php 第 44 行.
NOTIC: [8] Undefined index:  atccv D:\Program Files\Apache Software Foundation\Apache2.2\htdocs\xx\zspt\Lib\Action\AtcAction.class.php 第 45 行.
NOTIC: [8] Undefined index:  atccv D:\Program Files\Apache Software Foundation\Apache2.2\htdocs\xx\zspt\Lib\Action\AtcAction.class.php 第 48 行.
SQL: SHOW COLUMNS FROM `tb_sys` [ RunTime:0.002457s ]
SQL: SELECT * FROM `tb_sys` LIMIT 1   [ RunTime:0.000578s ]
INFO: [ view_parse ] --START--
NOTIC: [8] Undefined index:  atctpc D:\Program Files\Apache Software Foundation\Apache2.2\htdocs\xx\zspt\Runtime\Cache\35bee216c0dde56464e23249b341665f.php 第 124 行.
NOTIC: [8] Undefined index:  atcsmr D:\Program Files\Apache Software Foundation\Apache2.2\htdocs\xx\zspt\Runtime\Cache\35bee216c0dde56464e23249b341665f.php 第 125 行.
NOTIC: [8] Undefined index:  atcath D:\Program Files\Apache Software Foundation\Apache2.2\htdocs\xx\zspt\Runtime\Cache\35bee216c0dde56464e23249b341665f.php 第 129 行.
NOTIC: [8] Undefined index:  atcmdftm D:\Program Files\Apache Software Foundation\Apache2.2\htdocs\xx\zspt\Runtime\Cache\35bee216c0dde56464e23249b341665f.php 第 130 行.
NOTIC: [8] Undefined index:  atccv D:\Program Files\Apache Software Foundation\Apache2.2\htdocs\xx\zspt\Runtime\Cache\35bee216c0dde56464e23249b341665f.php 第 136 行.
NOTIC: [8] Undefined index:  atcctt D:\Program Files\Apache Software Foundation\Apache2.2\htdocs\xx\zspt\Runtime\Cache\35bee216c0dde56464e23249b341665f.php 第 142 行.
NOTIC: [8] Undefined variable: schzysc D:\Program Files\Apache Software Foundation\Apache2.2\htdocs\xx\zspt\Runtime\Cache\35bee216c0dde56464e23249b341665f.php 第 154 行.
NOTIC: [8] Undefined variable: clctcss D:\Program Files\Apache Software Foundation\Apache2.2\htdocs\xx\zspt\Runtime\Cache\35bee216c0dde56464e23249b341665f.php 第 155 行.
NOTIC: [8] Undefined index:  atcid D:\Program Files\Apache Software Foundation\Apache2.2\htdocs\xx\zspt\Runtime\Cache\35bee216c0dde56464e23249b341665f.php 第 155 行.
NOTIC: [8] Undefined variable: heartcss D:\Program Files\Apache Software Foundation\Apache2.2\htdocs\xx\zspt\Runtime\Cache\35bee216c0dde56464e23249b341665f.php 第 155 行.
NOTIC: [8] Undefined index:  atcid D:\Program Files\Apache Software Foundation\Apache2.2\htdocs\xx\zspt\Runtime\Cache\35bee216c0dde56464e23249b341665f.php 第 157 行.
NOTIC: [8] Undefined index:  atczn D:\Program Files\Apache Software Foundation\Apache2.2\htdocs\xx\zspt\Runtime\Cache\35bee216c0dde56464e23249b341665f.php 第 157 行.
NOTIC: [8] Undefined index:  atcid D:\Program Files\Apache Software Foundation\Apache2.2\htdocs\xx\zspt\Runtime\Cache\35bee216c0dde56464e23249b341665f.php 第 158 行.
NOTIC: [8] Undefined index:  atctc D:\Program Files\Apache Software Foundation\Apache2.2\htdocs\xx\zspt\Runtime\Cache\35bee216c0dde56464e23249b341665f.php 第 158 行.
NOTIC: [8] Undefined index:  atctpc D:\Program Files\Apache Software Foundation\Apache2.2\htdocs\xx\zspt\Runtime\Cache\35bee216c0dde56464e23249b341665f.php 第 163 行.
INFO: ParseTemplate Behavior ::run [ RunTime:0.063639s ]
INFO: [ view_parse ] --END-- [ RunTime:0.063852s ]
INFO: [ view_filter ] --START--
INFO: ContentReplace Behavior ::run [ RunTime:0.007150s ]
INFO: TokenBuild Behavior ::run [ RunTime:0.007159s ]
INFO: WriteHtmlCache Behavior ::run [ RunTime:0.006872s ]
INFO: ShowRuntime Behavior ::run [ RunTime:0.007482s ]
INFO: [ view_filter ] --END-- [ RunTime:0.028986s ]
INFO: [ view_end ] --START--
INFO: ShowPageTrace Behavior ::run [ RunTime:0.007469s ]
INFO: [ view_end ] --END-- [ RunTime:0.007585s ]

[ 2015-11-10T16:38:18+08:00 ] 180.153.236.182 /xx/zspt.php/Atc/gtxpg/x/vw/atcid/20
INFO: [ route_check ] --START--
INFO: CheckRoute Behavior ::run [ RunTime:0.007952s ]
INFO: [ route_check ] --END-- [ RunTime:0.008106s ]
INFO: [ app_begin ] --START--
INFO: ReadHtmlCache Behavior ::run [ RunTime:0.007723s ]
INFO: [ app_begin ] --END-- [ RunTime:0.007853s ]
SQL: SHOW COLUMNS FROM `tb_zssz` [ RunTime:0.003043s ]
SQL: SELECT * FROM `tb_zssz` LIMIT 1   [ RunTime:0.000504s ]
SQL: SHOW COLUMNS FROM `tb_grd` [ RunTime:0.002412s ]
SQL: SELECT * FROM `tb_grd` WHERE ( grdid=4 ) LIMIT 1   [ RunTime:0.000552s ]
SQL: SHOW COLUMNS FROM `tb_2015_std` [ RunTime:0.003993s ]
SQL: SELECT * FROM `tb_2015_std` WHERE ( stdid= ) LIMIT 1   [ RunTime:0.000187s ]
ERR: 1064:You have an error in your SQL syntax; check the manual that corresponds to your MySQL server version for the right syntax to use near ') LIMIT 1' at line 1
 [ SQL语句 ] : SELECT * FROM `tb_2015_std` WHERE ( stdid= ) LIMIT 1  
SQL: SHOW COLUMNS FROM `tb_atc` [ RunTime:0.003359s ]
SQL: SELECT * FROM `tb_atc` LEFT JOIN tb_bd ON f_atc_bdid=bdid WHERE ( atcid=20 ) LIMIT 1   [ RunTime:0.001694s ]
SQL: SHOW COLUMNS FROM `tb_bd` [ RunTime:0.002363s ]
SQL: SELECT * FROM `tb_bd` ORDER BY bdodr ASC  [ RunTime:0.000602s ]
SQL: UPDATE `tb_atc` SET `atccnt`=400 WHERE ( atcid=20 ) [ RunTime:0.018552s ]
NOTIC: [8] Undefined variable: alt D:\Program Files\Apache Software Foundation\Apache2.2\htdocs\xx\zspt\Lib\Action\AtcAction.class.php 第 47 行.
SQL: SHOW COLUMNS FROM `tb_sys` [ RunTime:0.002739s ]
SQL: SELECT * FROM `tb_sys` LIMIT 1   [ RunTime:0.000620s ]
INFO: [ view_parse ] --START--
NOTIC: [8] Undefined variable: schzysc D:\Program Files\Apache Software Foundation\Apache2.2\htdocs\xx\zspt\Runtime\Cache\35bee216c0dde56464e23249b341665f.php 第 154 行.
NOTIC: [8] Undefined variable: clctcss D:\Program Files\Apache Software Foundation\Apache2.2\htdocs\xx\zspt\Runtime\Cache\35bee216c0dde56464e23249b341665f.php 第 155 行.
NOTIC: [8] Undefined variable: heartcss D:\Program Files\Apache Software Foundation\Apache2.2\htdocs\xx\zspt\Runtime\Cache\35bee216c0dde56464e23249b341665f.php 第 155 行.
INFO: ParseTemplate Behavior ::run [ RunTime:0.064096s ]
INFO: [ view_parse ] --END-- [ RunTime:0.064267s ]
INFO: [ view_filter ] --START--
INFO: ContentReplace Behavior ::run [ RunTime:0.007754s ]
INFO: TokenBuild Behavior ::run [ RunTime:0.007102s ]
INFO: WriteHtmlCache Behavior ::run [ RunTime:0.006886s ]
INFO: ShowRuntime Behavior ::run [ RunTime:0.007296s ]
INFO: [ view_filter ] --END-- [ RunTime:0.029379s ]
INFO: [ view_end ] --START--
INFO: ShowPageTrace Behavior ::run [ RunTime:0.007938s ]
INFO: [ view_end ] --END-- [ RunTime:0.008088s ]

