[ 2015-10-05T23:14:54+08:00 ] 115.200.233.44 /xx/zspt.php
INFO: [ app_begin ] --START--
INFO: ReadHtmlCache Behavior ::run [ RunTime:0.007469s ]
INFO: [ app_begin ] --END-- [ RunTime:0.007624s ]
SQL: SHOW COLUMNS FROM `tb_zssz` [ RunTime:0.003389s ]
SQL: SELECT * FROM `tb_zssz` LIMIT 1   [ RunTime:0.001115s ]
SQL: SHOW COLUMNS FROM `tb_grd` [ RunTime:0.002697s ]
SQL: SELECT * FROM `tb_grd` WHERE ( grdid=4 ) LIMIT 1   [ RunTime:0.000572s ]
SQL: SHOW COLUMNS FROM `tb_2015_std` [ RunTime:0.003911s ]
SQL: SELECT * FROM `tb_2015_std` WHERE ( stdid= ) LIMIT 1   [ RunTime:0.000277s ]
ERR: 1064:You have an error in your SQL syntax; check the manual that corresponds to your MySQL server version for the right syntax to use near ') LIMIT 1' at line 1
 [ SQL语句 ] : SELECT * FROM `tb_2015_std` WHERE ( stdid= ) LIMIT 1  
SQL: SHOW COLUMNS FROM `tb_atc` [ RunTime:0.011695s ]
SQL: SELECT * FROM `tb_atc` LEFT JOIN tb_bd ON f_atc_bdid=bdid WHERE ( atcps=1 AND atcvw=1 AND atczs=1 ) ORDER BY atctp DESC,atcmdftm DESC LIMIT 0,10   [ RunTime:0.002064s ]
INFO: [ view_parse ] --START--
INFO: ParseTemplate Behavior ::run [ RunTime:0.066871s ]
INFO: [ view_parse ] --END-- [ RunTime:0.067036s ]
INFO: [ view_filter ] --START--
INFO: ContentReplace Behavior ::run [ RunTime:0.007222s ]
INFO: TokenBuild Behavior ::run [ RunTime:0.007096s ]
INFO: WriteHtmlCache Behavior ::run [ RunTime:0.006874s ]
INFO: ShowRuntime Behavior ::run [ RunTime:0.007731s ]
INFO: [ view_filter ] --END-- [ RunTime:0.029256s ]
INFO: [ view_end ] --START--
INFO: ShowPageTrace Behavior ::run [ RunTime:0.007504s ]
INFO: [ view_end ] --END-- [ RunTime:0.007618s ]

[ 2015-10-05T23:15:00+08:00 ] 115.200.233.44 /xx/zspt.php/Atc/gtxpg/x/vw/atcid/20
INFO: [ route_check ] --START--
INFO: CheckRoute Behavior ::run [ RunTime:0.007928s ]
INFO: [ route_check ] --END-- [ RunTime:0.008091s ]
INFO: [ app_begin ] --START--
INFO: ReadHtmlCache Behavior ::run [ RunTime:0.007367s ]
INFO: [ app_begin ] --END-- [ RunTime:0.007491s ]
SQL: SHOW COLUMNS FROM `tb_zssz` [ RunTime:0.002479s ]
SQL: SELECT * FROM `tb_zssz` LIMIT 1   [ RunTime:0.000524s ]
SQL: SHOW COLUMNS FROM `tb_grd` [ RunTime:0.002077s ]
SQL: SELECT * FROM `tb_grd` WHERE ( grdid=4 ) LIMIT 1   [ RunTime:0.000562s ]
SQL: SHOW COLUMNS FROM `tb_2015_std` [ RunTime:0.003425s ]
SQL: SELECT * FROM `tb_2015_std` WHERE ( stdid= ) LIMIT 1   [ RunTime:0.000172s ]
ERR: 1064:You have an error in your SQL syntax; check the manual that corresponds to your MySQL server version for the right syntax to use near ') LIMIT 1' at line 1
 [ SQL语句 ] : SELECT * FROM `tb_2015_std` WHERE ( stdid= ) LIMIT 1  
SQL: SHOW COLUMNS FROM `tb_atc` [ RunTime:0.002811s ]
SQL: SELECT * FROM `tb_atc` LEFT JOIN tb_bd ON f_atc_bdid=bdid WHERE ( atcid=20 ) LIMIT 1   [ RunTime:0.001352s ]
SQL: SHOW COLUMNS FROM `tb_bd` [ RunTime:0.002744s ]
SQL: SELECT * FROM `tb_bd` ORDER BY bdodr ASC  [ RunTime:0.000421s ]
SQL: UPDATE `tb_atc` SET `atccnt`=357 WHERE ( atcid=20 ) [ RunTime:0.019209s ]
NOTIC: [8] Undefined variable: alt D:\Program Files\Apache Software Foundation\Apache2.2\htdocs\xx\zspt\Lib\Action\AtcAction.class.php 第 47 行.
SQL: SHOW COLUMNS FROM `tb_sys` [ RunTime:0.002647s ]
SQL: SELECT * FROM `tb_sys` LIMIT 1   [ RunTime:0.000605s ]
INFO: [ view_parse ] --START--
NOTIC: [8] Undefined variable: schzysc D:\Program Files\Apache Software Foundation\Apache2.2\htdocs\xx\zspt\Runtime\Cache\35bee216c0dde56464e23249b341665f.php 第 154 行.
NOTIC: [8] Undefined variable: clctcss D:\Program Files\Apache Software Foundation\Apache2.2\htdocs\xx\zspt\Runtime\Cache\35bee216c0dde56464e23249b341665f.php 第 155 行.
NOTIC: [8] Undefined variable: heartcss D:\Program Files\Apache Software Foundation\Apache2.2\htdocs\xx\zspt\Runtime\Cache\35bee216c0dde56464e23249b341665f.php 第 155 行.
INFO: ParseTemplate Behavior ::run [ RunTime:0.064970s ]
INFO: [ view_parse ] --END-- [ RunTime:0.065144s ]
INFO: [ view_filter ] --START--
INFO: ContentReplace Behavior ::run [ RunTime:0.007595s ]
INFO: TokenBuild Behavior ::run [ RunTime:0.007090s ]
INFO: WriteHtmlCache Behavior ::run [ RunTime:0.007109s ]
INFO: ShowRuntime Behavior ::run [ RunTime:0.007302s ]
INFO: [ view_filter ] --END-- [ RunTime:0.029426s ]
INFO: [ view_end ] --START--
INFO: ShowPageTrace Behavior ::run [ RunTime:0.007540s ]
INFO: [ view_end ] --END-- [ RunTime:0.007655s ]

[ 2015-10-05T23:15:01+08:00 ] 115.200.233.44 /xx/zspt.php/Atc/gtxpg/x/vw/atcid/
INFO: [ route_check ] --START--
INFO: CheckRoute Behavior ::run [ RunTime:0.007856s ]
INFO: [ route_check ] --END-- [ RunTime:0.008012s ]
INFO: [ app_begin ] --START--
INFO: ReadHtmlCache Behavior ::run [ RunTime:0.007437s ]
INFO: [ app_begin ] --END-- [ RunTime:0.007560s ]
SQL: SHOW COLUMNS FROM `tb_zssz` [ RunTime:0.002537s ]
SQL: SELECT * FROM `tb_zssz` LIMIT 1   [ RunTime:0.000519s ]
SQL: SHOW COLUMNS FROM `tb_grd` [ RunTime:0.002039s ]
SQL: SELECT * FROM `tb_grd` WHERE ( grdid=4 ) LIMIT 1   [ RunTime:0.000538s ]
SQL: SHOW COLUMNS FROM `tb_2015_std` [ RunTime:0.003520s ]
SQL: SELECT * FROM `tb_2015_std` WHERE ( stdid= ) LIMIT 1   [ RunTime:0.000183s ]
ERR: 1064:You have an error in your SQL syntax; check the manual that corresponds to your MySQL server version for the right syntax to use near ') LIMIT 1' at line 1
 [ SQL语句 ] : SELECT * FROM `tb_2015_std` WHERE ( stdid= ) LIMIT 1  
NOTIC: [8] Undefined index:  atcid D:\Program Files\Apache Software Foundation\Apache2.2\htdocs\xx\zspt\Lib\Action\AtcAction.class.php 第 16 行.
SQL: SHOW COLUMNS FROM `tb_atc` [ RunTime:0.002908s ]
SQL: SELECT * FROM `tb_atc` LEFT JOIN tb_bd ON f_atc_bdid=bdid WHERE ( atcid= ) LIMIT 1   [ RunTime:0.000638s ]
ERR: 1064:You have an error in your SQL syntax; check the manual that corresponds to your MySQL server version for the right syntax to use near ') LIMIT 1' at line 1
 [ SQL语句 ] : SELECT * FROM `tb_atc` LEFT JOIN tb_bd ON f_atc_bdid=bdid WHERE ( atcid= ) LIMIT 1  
SQL: SHOW COLUMNS FROM `tb_bd` [ RunTime:0.002235s ]
SQL: SELECT * FROM `tb_bd` ORDER BY bdodr ASC  [ RunTime:0.000566s ]
SQL: UPDATE `tb_atc` SET `atccnt`=1 WHERE ( atcid= ) [ RunTime:0.000146s ]
ERR: 1064:You have an error in your SQL syntax; check the manual that corresponds to your MySQL server version for the right syntax to use near ')' at line 1
 [ SQL语句 ] : UPDATE `tb_atc` SET `atccnt`=1 WHERE ( atcid= )
NOTIC: [8] Undefined index:  atccv D:\Program Files\Apache Software Foundation\Apache2.2\htdocs\xx\zspt\Lib\Action\AtcAction.class.php 第 44 行.
NOTIC: [8] Undefined index:  atccv D:\Program Files\Apache Software Foundation\Apache2.2\htdocs\xx\zspt\Lib\Action\AtcAction.class.php 第 45 行.
NOTIC: [8] Undefined index:  atccv D:\Program Files\Apache Software Foundation\Apache2.2\htdocs\xx\zspt\Lib\Action\AtcAction.class.php 第 48 行.
SQL: SHOW COLUMNS FROM `tb_sys` [ RunTime:0.002060s ]
SQL: SELECT * FROM `tb_sys` LIMIT 1   [ RunTime:0.000601s ]
INFO: [ view_parse ] --START--
NOTIC: [8] Undefined index:  atctpc D:\Program Files\Apache Software Foundation\Apache2.2\htdocs\xx\zspt\Runtime\Cache\35bee216c0dde56464e23249b341665f.php 第 124 行.
NOTIC: [8] Undefined index:  atcsmr D:\Program Files\Apache Software Foundation\Apache2.2\htdocs\xx\zspt\Runtime\Cache\35bee216c0dde56464e23249b341665f.php 第 125 行.
NOTIC: [8] Undefined index:  atcath D:\Program Files\Apache Software Foundation\Apache2.2\htdocs\xx\zspt\Runtime\Cache\35bee216c0dde56464e23249b341665f.php 第 129 行.
NOTIC: [8] Undefined index:  atcmdftm D:\Program Files\Apache Software Foundation\Apache2.2\htdocs\xx\zspt\Runtime\Cache\35bee216c0dde56464e23249b341665f.php 第 130 行.
NOTIC: [8] Undefined index:  atccv D:\Program Files\Apache Software Foundation\Apache2.2\htdocs\xx\zspt\Runtime\Cache\35bee216c0dde56464e23249b341665f.php 第 136 行.
NOTIC: [8] Undefined index:  atcctt D:\Program Files\Apache Software Foundation\Apache2.2\htdocs\xx\zspt\Runtime\Cache\35bee216c0dde56464e23249b341665f.php 第 142 行.
NOTIC: [8] Undefined variable: schzysc D:\Program Files\Apache Software Foundation\Apache2.2\htdocs\xx\zspt\Runtime\Cache\35bee216c0dde56464e23249b341665f.php 第 154 行.
NOTIC: [8] Undefined variable: clctcss D:\Program Files\Apache Software Foundation\Apache2.2\htdocs\xx\zspt\Runtime\Cache\35bee216c0dde56464e23249b341665f.php 第 155 行.
NOTIC: [8] Undefined index:  atcid D:\Program Files\Apache Software Foundation\Apache2.2\htdocs\xx\zspt\Runtime\Cache\35bee216c0dde56464e23249b341665f.php 第 155 行.
NOTIC: [8] Undefined variable: heartcss D:\Program Files\Apache Software Foundation\Apache2.2\htdocs\xx\zspt\Runtime\Cache\35bee216c0dde56464e23249b341665f.php 第 155 行.
NOTIC: [8] Undefined index:  atcid D:\Program Files\Apache Software Foundation\Apache2.2\htdocs\xx\zspt\Runtime\Cache\35bee216c0dde56464e23249b341665f.php 第 157 行.
NOTIC: [8] Undefined index:  atczn D:\Program Files\Apache Software Foundation\Apache2.2\htdocs\xx\zspt\Runtime\Cache\35bee216c0dde56464e23249b341665f.php 第 157 行.
NOTIC: [8] Undefined index:  atcid D:\Program Files\Apache Software Foundation\Apache2.2\htdocs\xx\zspt\Runtime\Cache\35bee216c0dde56464e23249b341665f.php 第 158 行.
NOTIC: [8] Undefined index:  atctc D:\Program Files\Apache Software Foundation\Apache2.2\htdocs\xx\zspt\Runtime\Cache\35bee216c0dde56464e23249b341665f.php 第 158 行.
NOTIC: [8] Undefined index:  atctpc D:\Program Files\Apache Software Foundation\Apache2.2\htdocs\xx\zspt\Runtime\Cache\35bee216c0dde56464e23249b341665f.php 第 163 行.
INFO: ParseTemplate Behavior ::run [ RunTime:0.061795s ]
INFO: [ view_parse ] --END-- [ RunTime:0.061959s ]
INFO: [ view_filter ] --START--
INFO: ContentReplace Behavior ::run [ RunTime:0.007658s ]
INFO: TokenBuild Behavior ::run [ RunTime:0.007156s ]
INFO: WriteHtmlCache Behavior ::run [ RunTime:0.006861s ]
INFO: ShowRuntime Behavior ::run [ RunTime:0.007614s ]
INFO: [ view_filter ] --END-- [ RunTime:0.029656s ]
INFO: [ view_end ] --START--
INFO: ShowPageTrace Behavior ::run [ RunTime:0.007495s ]
INFO: [ view_end ] --END-- [ RunTime:0.007614s ]

[ 2015-10-05T23:15:06+08:00 ] 66.249.64.144 /xx/zspt.php
INFO: [ app_begin ] --START--
INFO: ReadHtmlCache Behavior ::run [ RunTime:0.007977s ]
INFO: [ app_begin ] --END-- [ RunTime:0.008139s ]
SQL: SHOW COLUMNS FROM `tb_zssz` [ RunTime:0.002985s ]
SQL: SELECT * FROM `tb_zssz` LIMIT 1   [ RunTime:0.001270s ]
SQL: SHOW COLUMNS FROM `tb_grd` [ RunTime:0.002214s ]
SQL: SELECT * FROM `tb_grd` WHERE ( grdid=4 ) LIMIT 1   [ RunTime:0.001342s ]
SQL: SHOW COLUMNS FROM `tb_2015_std` [ RunTime:0.003663s ]
SQL: SELECT * FROM `tb_2015_std` WHERE ( stdid= ) LIMIT 1   [ RunTime:0.001397s ]
ERR: 1064:You have an error in your SQL syntax; check the manual that corresponds to your MySQL server version for the right syntax to use near ') LIMIT 1' at line 1
 [ SQL语句 ] : SELECT * FROM `tb_2015_std` WHERE ( stdid= ) LIMIT 1  
SQL: SHOW COLUMNS FROM `tb_atc` [ RunTime:0.002803s ]
SQL: SELECT * FROM `tb_atc` LEFT JOIN tb_bd ON f_atc_bdid=bdid WHERE ( atcps=1 AND atcvw=1 AND atczs=1 ) ORDER BY atctp DESC,atcmdftm DESC LIMIT 0,10   [ RunTime:0.002326s ]
INFO: [ view_parse ] --START--
INFO: ParseTemplate Behavior ::run [ RunTime:0.064384s ]
INFO: [ view_parse ] --END-- [ RunTime:0.064542s ]
INFO: [ view_filter ] --START--
INFO: ContentReplace Behavior ::run [ RunTime:0.007152s ]
INFO: TokenBuild Behavior ::run [ RunTime:0.007083s ]
INFO: WriteHtmlCache Behavior ::run [ RunTime:0.006859s ]
INFO: ShowRuntime Behavior ::run [ RunTime:0.007632s ]
INFO: [ view_filter ] --END-- [ RunTime:0.029045s ]
INFO: [ view_end ] --START--
INFO: ShowPageTrace Behavior ::run [ RunTime:0.007483s ]
INFO: [ view_end ] --END-- [ RunTime:0.007596s ]

