[ 2015-10-09T11:36:47+08:00 ] 207.46.13.101 /xx/zspt.php/Atc/gtxpg/x/vw/atcid/20
INFO: [ route_check ] --START--
INFO: CheckRoute Behavior ::run [ RunTime:0.007935s ]
INFO: [ route_check ] --END-- [ RunTime:0.008097s ]
INFO: [ app_begin ] --START--
INFO: ReadHtmlCache Behavior ::run [ RunTime:0.007347s ]
INFO: [ app_begin ] --END-- [ RunTime:0.007469s ]
SQL: SHOW COLUMNS FROM `tb_zssz` [ RunTime:0.002937s ]
SQL: SELECT * FROM `tb_zssz` LIMIT 1   [ RunTime:0.000520s ]
SQL: SHOW COLUMNS FROM `tb_grd` [ RunTime:0.002764s ]
SQL: SELECT * FROM `tb_grd` WHERE ( grdid=4 ) LIMIT 1   [ RunTime:0.000498s ]
SQL: SHOW COLUMNS FROM `tb_2015_std` [ RunTime:0.003793s ]
SQL: SELECT * FROM `tb_2015_std` WHERE ( stdid= ) LIMIT 1   [ RunTime:0.000173s ]
ERR: 1064:You have an error in your SQL syntax; check the manual that corresponds to your MySQL server version for the right syntax to use near ') LIMIT 1' at line 1
 [ SQL语句 ] : SELECT * FROM `tb_2015_std` WHERE ( stdid= ) LIMIT 1  
SQL: SHOW COLUMNS FROM `tb_atc` [ RunTime:0.003088s ]
SQL: SELECT * FROM `tb_atc` LEFT JOIN tb_bd ON f_atc_bdid=bdid WHERE ( atcid=20 ) LIMIT 1   [ RunTime:0.001809s ]
SQL: SHOW COLUMNS FROM `tb_bd` [ RunTime:0.002278s ]
SQL: SELECT * FROM `tb_bd` ORDER BY bdodr ASC  [ RunTime:0.000567s ]
SQL: UPDATE `tb_atc` SET `atccnt`=362 WHERE ( atcid=20 ) [ RunTime:0.027553s ]
NOTIC: [8] Undefined variable: alt D:\Program Files\Apache Software Foundation\Apache2.2\htdocs\xx\zspt\Lib\Action\AtcAction.class.php 第 47 行.
SQL: SHOW COLUMNS FROM `tb_sys` [ RunTime:0.002701s ]
SQL: SELECT * FROM `tb_sys` LIMIT 1   [ RunTime:0.000613s ]
INFO: [ view_parse ] --START--
NOTIC: [8] Undefined variable: schzysc D:\Program Files\Apache Software Foundation\Apache2.2\htdocs\xx\zspt\Runtime\Cache\35bee216c0dde56464e23249b341665f.php 第 154 行.
NOTIC: [8] Undefined variable: clctcss D:\Program Files\Apache Software Foundation\Apache2.2\htdocs\xx\zspt\Runtime\Cache\35bee216c0dde56464e23249b341665f.php 第 155 行.
NOTIC: [8] Undefined variable: heartcss D:\Program Files\Apache Software Foundation\Apache2.2\htdocs\xx\zspt\Runtime\Cache\35bee216c0dde56464e23249b341665f.php 第 155 行.
INFO: ParseTemplate Behavior ::run [ RunTime:0.064827s ]
INFO: [ view_parse ] --END-- [ RunTime:0.065003s ]
INFO: [ view_filter ] --START--
INFO: ContentReplace Behavior ::run [ RunTime:0.007567s ]
INFO: TokenBuild Behavior ::run [ RunTime:0.007102s ]
INFO: WriteHtmlCache Behavior ::run [ RunTime:0.007052s ]
INFO: ShowRuntime Behavior ::run [ RunTime:0.007307s ]
INFO: [ view_filter ] --END-- [ RunTime:0.029368s ]
INFO: [ view_end ] --START--
INFO: ShowPageTrace Behavior ::run [ RunTime:0.007954s ]
INFO: [ view_end ] --END-- [ RunTime:0.008098s ]

[ 2015-10-09T11:53:32+08:00 ] 207.46.13.101 /xx/zspt.php/Atc/gtxpg/x/vw/atcid/20
INFO: [ route_check ] --START--
INFO: CheckRoute Behavior ::run [ RunTime:0.007928s ]
INFO: [ route_check ] --END-- [ RunTime:0.008086s ]
INFO: [ app_begin ] --START--
INFO: ReadHtmlCache Behavior ::run [ RunTime:0.007407s ]
INFO: [ app_begin ] --END-- [ RunTime:0.007535s ]
SQL: SHOW COLUMNS FROM `tb_zssz` [ RunTime:0.002915s ]
SQL: SELECT * FROM `tb_zssz` LIMIT 1   [ RunTime:0.000513s ]
SQL: SHOW COLUMNS FROM `tb_grd` [ RunTime:0.002459s ]
SQL: SELECT * FROM `tb_grd` WHERE ( grdid=4 ) LIMIT 1   [ RunTime:0.000574s ]
SQL: SHOW COLUMNS FROM `tb_2015_std` [ RunTime:0.003863s ]
SQL: SELECT * FROM `tb_2015_std` WHERE ( stdid= ) LIMIT 1   [ RunTime:0.000189s ]
ERR: 1064:You have an error in your SQL syntax; check the manual that corresponds to your MySQL server version for the right syntax to use near ') LIMIT 1' at line 1
 [ SQL语句 ] : SELECT * FROM `tb_2015_std` WHERE ( stdid= ) LIMIT 1  
SQL: SHOW COLUMNS FROM `tb_atc` [ RunTime:0.003093s ]
SQL: SELECT * FROM `tb_atc` LEFT JOIN tb_bd ON f_atc_bdid=bdid WHERE ( atcid=20 ) LIMIT 1   [ RunTime:0.001772s ]
SQL: SHOW COLUMNS FROM `tb_bd` [ RunTime:0.002336s ]
SQL: SELECT * FROM `tb_bd` ORDER BY bdodr ASC  [ RunTime:0.000560s ]
SQL: UPDATE `tb_atc` SET `atccnt`=363 WHERE ( atcid=20 ) [ RunTime:0.021212s ]
NOTIC: [8] Undefined variable: alt D:\Program Files\Apache Software Foundation\Apache2.2\htdocs\xx\zspt\Lib\Action\AtcAction.class.php 第 47 行.
SQL: SHOW COLUMNS FROM `tb_sys` [ RunTime:0.002530s ]
SQL: SELECT * FROM `tb_sys` LIMIT 1   [ RunTime:0.000575s ]
INFO: [ view_parse ] --START--
NOTIC: [8] Undefined variable: schzysc D:\Program Files\Apache Software Foundation\Apache2.2\htdocs\xx\zspt\Runtime\Cache\35bee216c0dde56464e23249b341665f.php 第 154 行.
NOTIC: [8] Undefined variable: clctcss D:\Program Files\Apache Software Foundation\Apache2.2\htdocs\xx\zspt\Runtime\Cache\35bee216c0dde56464e23249b341665f.php 第 155 行.
NOTIC: [8] Undefined variable: heartcss D:\Program Files\Apache Software Foundation\Apache2.2\htdocs\xx\zspt\Runtime\Cache\35bee216c0dde56464e23249b341665f.php 第 155 行.
INFO: ParseTemplate Behavior ::run [ RunTime:0.064767s ]
INFO: [ view_parse ] --END-- [ RunTime:0.064950s ]
INFO: [ view_filter ] --START--
INFO: ContentReplace Behavior ::run [ RunTime:0.007594s ]
INFO: TokenBuild Behavior ::run [ RunTime:0.007340s ]
INFO: WriteHtmlCache Behavior ::run [ RunTime:0.006878s ]
INFO: ShowRuntime Behavior ::run [ RunTime:0.007353s ]
INFO: [ view_filter ] --END-- [ RunTime:0.029494s ]
INFO: [ view_end ] --START--
INFO: ShowPageTrace Behavior ::run [ RunTime:0.007498s ]
INFO: [ view_end ] --END-- [ RunTime:0.007611s ]

