[ 2015-11-30T01:36:57+08:00 ] 182.118.25.220 /xx/zspt.php
INFO: [ app_begin ] --START--
INFO: ReadHtmlCache Behavior ::run [ RunTime:0.007714s ]
INFO: [ app_begin ] --END-- [ RunTime:0.007882s ]
SQL: SHOW COLUMNS FROM `tb_zssz` [ RunTime:0.015976s ]
SQL: SELECT * FROM `tb_zssz` LIMIT 1   [ RunTime:0.000575s ]
SQL: SHOW COLUMNS FROM `tb_grd` [ RunTime:0.015950s ]
SQL: SELECT * FROM `tb_grd` WHERE ( grdid=4 ) LIMIT 1   [ RunTime:0.000652s ]
SQL: SHOW COLUMNS FROM `tb_2015_std` [ RunTime:0.026069s ]
SQL: SELECT * FROM `tb_2015_std` WHERE ( stdid= ) LIMIT 1   [ RunTime:0.000207s ]
ERR: 1064:You have an error in your SQL syntax; check the manual that corresponds to your MySQL server version for the right syntax to use near ') LIMIT 1' at line 1
 [ SQL语句 ] : SELECT * FROM `tb_2015_std` WHERE ( stdid= ) LIMIT 1  
SQL: SHOW COLUMNS FROM `tb_atc` [ RunTime:0.003244s ]
SQL: SELECT * FROM `tb_atc` LEFT JOIN tb_bd ON f_atc_bdid=bdid WHERE ( atcps=1 AND atcvw=1 AND atczs=1 ) ORDER BY atctp DESC,atcmdftm DESC LIMIT 0,10   [ RunTime:0.001900s ]
INFO: [ view_parse ] --START--
INFO: ParseTemplate Behavior ::run [ RunTime:0.070283s ]
INFO: [ view_parse ] --END-- [ RunTime:0.070453s ]
INFO: [ view_filter ] --START--
INFO: ContentReplace Behavior ::run [ RunTime:0.007401s ]
INFO: TokenBuild Behavior ::run [ RunTime:0.007179s ]
INFO: WriteHtmlCache Behavior ::run [ RunTime:0.003976s ]
INFO: ShowRuntime Behavior ::run [ RunTime:0.007412s ]
INFO: [ view_filter ] --END-- [ RunTime:0.026301s ]
INFO: [ view_end ] --START--
INFO: ShowPageTrace Behavior ::run [ RunTime:0.007659s ]
INFO: [ view_end ] --END-- [ RunTime:0.007774s ]

[ 2015-11-30T13:11:48+08:00 ] 123.125.71.32 /xx/zspt.php/Atc/gtxpg/x/vw/atcid/holder.js/300x200
INFO: [ route_check ] --START--
INFO: CheckRoute Behavior ::run [ RunTime:0.005010s ]
INFO: [ route_check ] --END-- [ RunTime:0.005172s ]
INFO: [ app_begin ] --START--
INFO: ReadHtmlCache Behavior ::run [ RunTime:0.004237s ]
INFO: [ app_begin ] --END-- [ RunTime:0.004358s ]
SQL: SHOW COLUMNS FROM `tb_zssz` [ RunTime:0.002571s ]
SQL: SELECT * FROM `tb_zssz` LIMIT 1   [ RunTime:0.000467s ]
SQL: SHOW COLUMNS FROM `tb_grd` [ RunTime:0.002123s ]
SQL: SELECT * FROM `tb_grd` WHERE ( grdid=4 ) LIMIT 1   [ RunTime:0.001032s ]
SQL: SHOW COLUMNS FROM `tb_2015_std` [ RunTime:0.003496s ]
SQL: SELECT * FROM `tb_2015_std` WHERE ( stdid= ) LIMIT 1   [ RunTime:0.001302s ]
ERR: 1064:You have an error in your SQL syntax; check the manual that corresponds to your MySQL server version for the right syntax to use near ') LIMIT 1' at line 1
 [ SQL语句 ] : SELECT * FROM `tb_2015_std` WHERE ( stdid= ) LIMIT 1  
SQL: SHOW COLUMNS FROM `tb_atc` [ RunTime:0.002675s ]
SQL: SELECT * FROM `tb_atc` LEFT JOIN tb_bd ON f_atc_bdid=bdid WHERE ( atcid=holder.js ) LIMIT 1   [ RunTime:0.011467s ]
ERR: 1054:Unknown column 'holder.js' in 'where clause'
 [ SQL语句 ] : SELECT * FROM `tb_atc` LEFT JOIN tb_bd ON f_atc_bdid=bdid WHERE ( atcid=holder.js ) LIMIT 1  
SQL: SHOW COLUMNS FROM `tb_bd` [ RunTime:0.002614s ]
SQL: SELECT * FROM `tb_bd` ORDER BY bdodr ASC  [ RunTime:0.000636s ]
SQL: UPDATE `tb_atc` SET `atccnt`=1 WHERE ( atcid= ) [ RunTime:0.000179s ]
ERR: 1064:You have an error in your SQL syntax; check the manual that corresponds to your MySQL server version for the right syntax to use near ')' at line 1
 [ SQL语句 ] : UPDATE `tb_atc` SET `atccnt`=1 WHERE ( atcid= )
NOTIC: [8] Undefined index:  atccv D:\Program Files\Apache Software Foundation\Apache2.2\htdocs\xx\zspt\Lib\Action\AtcAction.class.php 第 44 行.
NOTIC: [8] Undefined index:  atccv D:\Program Files\Apache Software Foundation\Apache2.2\htdocs\xx\zspt\Lib\Action\AtcAction.class.php 第 45 行.
NOTIC: [8] Undefined index:  atccv D:\Program Files\Apache Software Foundation\Apache2.2\htdocs\xx\zspt\Lib\Action\AtcAction.class.php 第 48 行.
SQL: SHOW COLUMNS FROM `tb_sys` [ RunTime:0.013764s ]
SQL: SELECT * FROM `tb_sys` LIMIT 1   [ RunTime:0.000581s ]
INFO: [ view_parse ] --START--
NOTIC: [8] Undefined index:  atctpc D:\Program Files\Apache Software Foundation\Apache2.2\htdocs\xx\zspt\Runtime\Cache\35bee216c0dde56464e23249b341665f.php 第 124 行.
NOTIC: [8] Undefined index:  atcsmr D:\Program Files\Apache Software Foundation\Apache2.2\htdocs\xx\zspt\Runtime\Cache\35bee216c0dde56464e23249b341665f.php 第 125 行.
NOTIC: [8] Undefined index:  atcath D:\Program Files\Apache Software Foundation\Apache2.2\htdocs\xx\zspt\Runtime\Cache\35bee216c0dde56464e23249b341665f.php 第 129 行.
NOTIC: [8] Undefined index:  atcmdftm D:\Program Files\Apache Software Foundation\Apache2.2\htdocs\xx\zspt\Runtime\Cache\35bee216c0dde56464e23249b341665f.php 第 130 行.
NOTIC: [8] Undefined index:  atccv D:\Program Files\Apache Software Foundation\Apache2.2\htdocs\xx\zspt\Runtime\Cache\35bee216c0dde56464e23249b341665f.php 第 136 行.
NOTIC: [8] Undefined index:  atcctt D:\Program Files\Apache Software Foundation\Apache2.2\htdocs\xx\zspt\Runtime\Cache\35bee216c0dde56464e23249b341665f.php 第 142 行.
NOTIC: [8] Undefined variable: schzysc D:\Program Files\Apache Software Foundation\Apache2.2\htdocs\xx\zspt\Runtime\Cache\35bee216c0dde56464e23249b341665f.php 第 154 行.
NOTIC: [8] Undefined variable: clctcss D:\Program Files\Apache Software Foundation\Apache2.2\htdocs\xx\zspt\Runtime\Cache\35bee216c0dde56464e23249b341665f.php 第 155 行.
NOTIC: [8] Undefined index:  atcid D:\Program Files\Apache Software Foundation\Apache2.2\htdocs\xx\zspt\Runtime\Cache\35bee216c0dde56464e23249b341665f.php 第 155 行.
NOTIC: [8] Undefined variable: heartcss D:\Program Files\Apache Software Foundation\Apache2.2\htdocs\xx\zspt\Runtime\Cache\35bee216c0dde56464e23249b341665f.php 第 155 行.
NOTIC: [8] Undefined index:  atcid D:\Program Files\Apache Software Foundation\Apache2.2\htdocs\xx\zspt\Runtime\Cache\35bee216c0dde56464e23249b341665f.php 第 157 行.
NOTIC: [8] Undefined index:  atczn D:\Program Files\Apache Software Foundation\Apache2.2\htdocs\xx\zspt\Runtime\Cache\35bee216c0dde56464e23249b341665f.php 第 157 行.
NOTIC: [8] Undefined index:  atcid D:\Program Files\Apache Software Foundation\Apache2.2\htdocs\xx\zspt\Runtime\Cache\35bee216c0dde56464e23249b341665f.php 第 158 行.
NOTIC: [8] Undefined index:  atctc D:\Program Files\Apache Software Foundation\Apache2.2\htdocs\xx\zspt\Runtime\Cache\35bee216c0dde56464e23249b341665f.php 第 158 行.
NOTIC: [8] Undefined index:  atctpc D:\Program Files\Apache Software Foundation\Apache2.2\htdocs\xx\zspt\Runtime\Cache\35bee216c0dde56464e23249b341665f.php 第 163 行.
INFO: ParseTemplate Behavior ::run [ RunTime:0.060723s ]
INFO: [ view_parse ] --END-- [ RunTime:0.060891s ]
INFO: [ view_filter ] --START--
INFO: ContentReplace Behavior ::run [ RunTime:0.004331s ]
INFO: TokenBuild Behavior ::run [ RunTime:0.003994s ]
INFO: WriteHtmlCache Behavior ::run [ RunTime:0.003840s ]
INFO: ShowRuntime Behavior ::run [ RunTime:0.007274s ]
INFO: [ view_filter ] --END-- [ RunTime:0.019879s ]
INFO: [ view_end ] --START--
INFO: ShowPageTrace Behavior ::run [ RunTime:0.004648s ]
INFO: [ view_end ] --END-- [ RunTime:0.004768s ]

