[ 2015-11-07T21:36:09+08:00 ] 180.153.236.11 /xx/zspt.php/Atc/gtxpg/x/vw/atcid/20
INFO: [ route_check ] --START--
INFO: CheckRoute Behavior ::run [ RunTime:0.007993s ]
INFO: [ route_check ] --END-- [ RunTime:0.008153s ]
INFO: [ app_begin ] --START--
INFO: ReadHtmlCache Behavior ::run [ RunTime:0.007377s ]
INFO: [ app_begin ] --END-- [ RunTime:0.007498s ]
SQL: SHOW COLUMNS FROM `tb_zssz` [ RunTime:0.003033s ]
SQL: SELECT * FROM `tb_zssz` LIMIT 1   [ RunTime:0.000523s ]
SQL: SHOW COLUMNS FROM `tb_grd` [ RunTime:0.002557s ]
SQL: SELECT * FROM `tb_grd` WHERE ( grdid=4 ) LIMIT 1   [ RunTime:0.000577s ]
SQL: SHOW COLUMNS FROM `tb_2015_std` [ RunTime:0.003902s ]
SQL: SELECT * FROM `tb_2015_std` WHERE ( stdid= ) LIMIT 1   [ RunTime:0.000189s ]
ERR: 1064:You have an error in your SQL syntax; check the manual that corresponds to your MySQL server version for the right syntax to use near ') LIMIT 1' at line 1
 [ SQL语句 ] : SELECT * FROM `tb_2015_std` WHERE ( stdid= ) LIMIT 1  
SQL: SHOW COLUMNS FROM `tb_atc` [ RunTime:0.003195s ]
SQL: SELECT * FROM `tb_atc` LEFT JOIN tb_bd ON f_atc_bdid=bdid WHERE ( atcid=20 ) LIMIT 1   [ RunTime:0.001790s ]
SQL: SHOW COLUMNS FROM `tb_bd` [ RunTime:0.002415s ]
SQL: SELECT * FROM `tb_bd` ORDER BY bdodr ASC  [ RunTime:0.000539s ]
SQL: UPDATE `tb_atc` SET `atccnt`=392 WHERE ( atcid=20 ) [ RunTime:0.018565s ]
NOTIC: [8] Undefined variable: alt D:\Program Files\Apache Software Foundation\Apache2.2\htdocs\xx\zspt\Lib\Action\AtcAction.class.php 第 47 行.
SQL: SHOW COLUMNS FROM `tb_sys` [ RunTime:0.002856s ]
SQL: SELECT * FROM `tb_sys` LIMIT 1   [ RunTime:0.000534s ]
INFO: [ view_parse ] --START--
NOTIC: [8] Undefined variable: schzysc D:\Program Files\Apache Software Foundation\Apache2.2\htdocs\xx\zspt\Runtime\Cache\35bee216c0dde56464e23249b341665f.php 第 154 行.
NOTIC: [8] Undefined variable: clctcss D:\Program Files\Apache Software Foundation\Apache2.2\htdocs\xx\zspt\Runtime\Cache\35bee216c0dde56464e23249b341665f.php 第 155 行.
NOTIC: [8] Undefined variable: heartcss D:\Program Files\Apache Software Foundation\Apache2.2\htdocs\xx\zspt\Runtime\Cache\35bee216c0dde56464e23249b341665f.php 第 155 行.
INFO: ParseTemplate Behavior ::run [ RunTime:0.060473s ]
INFO: [ view_parse ] --END-- [ RunTime:0.060645s ]
INFO: [ view_filter ] --START--
INFO: ContentReplace Behavior ::run [ RunTime:0.004484s ]
INFO: TokenBuild Behavior ::run [ RunTime:0.004044s ]
INFO: WriteHtmlCache Behavior ::run [ RunTime:0.007982s ]
INFO: ShowRuntime Behavior ::run [ RunTime:0.007389s ]
INFO: [ view_filter ] --END-- [ RunTime:0.024255s ]
INFO: [ view_end ] --START--
INFO: ShowPageTrace Behavior ::run [ RunTime:0.007758s ]
INFO: [ view_end ] --END-- [ RunTime:0.007898s ]

