[ 2015-12-07T18:37:15+08:00 ] 42.120.160.46 /xx/zspt.php/Atc/gtxpg/x/vw/atcid/20
INFO: [ route_check ] --START--
INFO: CheckRoute Behavior ::run [ RunTime:0.008027s ]
INFO: [ route_check ] --END-- [ RunTime:0.008185s ]
INFO: [ app_begin ] --START--
INFO: ReadHtmlCache Behavior ::run [ RunTime:0.004376s ]
INFO: [ app_begin ] --END-- [ RunTime:0.004510s ]
SQL: SHOW COLUMNS FROM `tb_zssz` [ RunTime:0.008434s ]
SQL: SELECT * FROM `tb_zssz` LIMIT 1   [ RunTime:0.000527s ]
SQL: SHOW COLUMNS FROM `tb_grd` [ RunTime:0.002461s ]
SQL: SELECT * FROM `tb_grd` WHERE ( grdid=4 ) LIMIT 1   [ RunTime:0.000610s ]
SQL: SHOW COLUMNS FROM `tb_2015_std` [ RunTime:0.280729s ]
SQL: SELECT * FROM `tb_2015_std` WHERE ( stdid= ) LIMIT 1   [ RunTime:0.098501s ]
ERR: 1064:You have an error in your SQL syntax; check the manual that corresponds to your MySQL server version for the right syntax to use near ') LIMIT 1' at line 1
 [ SQL语句 ] : SELECT * FROM `tb_2015_std` WHERE ( stdid= ) LIMIT 1  
SQL: SHOW COLUMNS FROM `tb_atc` [ RunTime:0.004124s ]
SQL: SELECT * FROM `tb_atc` LEFT JOIN tb_bd ON f_atc_bdid=bdid WHERE ( atcid=20 ) LIMIT 1   [ RunTime:0.009984s ]
SQL: SHOW COLUMNS FROM `tb_bd` [ RunTime:0.005678s ]
SQL: SELECT * FROM `tb_bd` ORDER BY bdodr ASC  [ RunTime:0.004159s ]
SQL: UPDATE `tb_atc` SET `atccnt`=429 WHERE ( atcid=20 ) [ RunTime:0.025862s ]
NOTIC: [8] Undefined variable: alt D:\Program Files\Apache Software Foundation\Apache2.2\htdocs\xx\zspt\Lib\Action\AtcAction.class.php 第 47 行.
SQL: SHOW COLUMNS FROM `tb_sys` [ RunTime:0.007318s ]
SQL: SELECT * FROM `tb_sys` LIMIT 1   [ RunTime:0.009205s ]
INFO: [ view_parse ] --START--
NOTIC: [8] Undefined variable: schzysc D:\Program Files\Apache Software Foundation\Apache2.2\htdocs\xx\zspt\Runtime\Cache\35bee216c0dde56464e23249b341665f.php 第 154 行.
NOTIC: [8] Undefined variable: clctcss D:\Program Files\Apache Software Foundation\Apache2.2\htdocs\xx\zspt\Runtime\Cache\35bee216c0dde56464e23249b341665f.php 第 155 行.
NOTIC: [8] Undefined variable: heartcss D:\Program Files\Apache Software Foundation\Apache2.2\htdocs\xx\zspt\Runtime\Cache\35bee216c0dde56464e23249b341665f.php 第 155 行.
INFO: ParseTemplate Behavior ::run [ RunTime:0.059767s ]
INFO: [ view_parse ] --END-- [ RunTime:0.059946s ]
INFO: [ view_filter ] --START--
INFO: ContentReplace Behavior ::run [ RunTime:0.007715s ]
INFO: TokenBuild Behavior ::run [ RunTime:0.004057s ]
INFO: WriteHtmlCache Behavior ::run [ RunTime:0.006950s ]
INFO: ShowRuntime Behavior ::run [ RunTime:0.007619s ]
INFO: [ view_filter ] --END-- [ RunTime:0.026666s ]
INFO: [ view_end ] --START--
INFO: ShowPageTrace Behavior ::run [ RunTime:0.004553s ]
INFO: [ view_end ] --END-- [ RunTime:0.004668s ]

