[ 2015-10-29T12:09:14+08:00 ] 123.126.68.128 /xx/zspt.php
INFO: [ app_begin ] --START--
INFO: ReadHtmlCache Behavior ::run [ RunTime:0.007469s ]
INFO: [ app_begin ] --END-- [ RunTime:0.007626s ]
SQL: SHOW COLUMNS FROM `tb_zssz` [ RunTime:0.003039s ]
SQL: SELECT * FROM `tb_zssz` LIMIT 1   [ RunTime:0.000459s ]
SQL: SHOW COLUMNS FROM `tb_grd` [ RunTime:0.002473s ]
SQL: SELECT * FROM `tb_grd` WHERE ( grdid=4 ) LIMIT 1   [ RunTime:0.000560s ]
SQL: SHOW COLUMNS FROM `tb_2015_std` [ RunTime:0.004060s ]
SQL: SELECT * FROM `tb_2015_std` WHERE ( stdid= ) LIMIT 1   [ RunTime:0.000177s ]
ERR: 1064:You have an error in your SQL syntax; check the manual that corresponds to your MySQL server version for the right syntax to use near ') LIMIT 1' at line 1
 [ SQL语句 ] : SELECT * FROM `tb_2015_std` WHERE ( stdid= ) LIMIT 1  
SQL: SHOW COLUMNS FROM `tb_atc` [ RunTime:0.003774s ]
SQL: SELECT * FROM `tb_atc` LEFT JOIN tb_bd ON f_atc_bdid=bdid WHERE ( atcps=1 AND atcvw=1 AND atczs=1 ) ORDER BY atctp DESC,atcmdftm DESC LIMIT 0,10   [ RunTime:0.001986s ]
INFO: [ view_parse ] --START--
INFO: ParseTemplate Behavior ::run [ RunTime:0.065654s ]
INFO: [ view_parse ] --END-- [ RunTime:0.065807s ]
INFO: [ view_filter ] --START--
INFO: ContentReplace Behavior ::run [ RunTime:0.007170s ]
INFO: TokenBuild Behavior ::run [ RunTime:0.007085s ]
INFO: WriteHtmlCache Behavior ::run [ RunTime:0.006953s ]
INFO: ShowRuntime Behavior ::run [ RunTime:0.007239s ]
INFO: [ view_filter ] --END-- [ RunTime:0.028761s ]
INFO: [ view_end ] --START--
INFO: ShowPageTrace Behavior ::run [ RunTime:0.007990s ]
INFO: [ view_end ] --END-- [ RunTime:0.008110s ]

