[ 2015-10-06T00:30:48+08:00 ] 180.153.236.69 /xx/zspt.php/Atc/gtxpg/x/vw/atcid/20
INFO: [ route_check ] --START--
INFO: CheckRoute Behavior ::run [ RunTime:0.008240s ]
INFO: [ route_check ] --END-- [ RunTime:0.008404s ]
INFO: [ app_begin ] --START--
INFO: ReadHtmlCache Behavior ::run [ RunTime:0.004406s ]
INFO: [ app_begin ] --END-- [ RunTime:0.004532s ]
SQL: SHOW COLUMNS FROM `tb_zssz` [ RunTime:0.003167s ]
SQL: SELECT * FROM `tb_zssz` LIMIT 1   [ RunTime:0.000468s ]
SQL: SHOW COLUMNS FROM `tb_grd` [ RunTime:0.002449s ]
SQL: SELECT * FROM `tb_grd` WHERE ( grdid=4 ) LIMIT 1   [ RunTime:0.000558s ]
SQL: SHOW COLUMNS FROM `tb_2015_std` [ RunTime:0.003932s ]
SQL: SELECT * FROM `tb_2015_std` WHERE ( stdid= ) LIMIT 1   [ RunTime:0.000194s ]
ERR: 1064:You have an error in your SQL syntax; check the manual that corresponds to your MySQL server version for the right syntax to use near ') LIMIT 1' at line 1
 [ SQL语句 ] : SELECT * FROM `tb_2015_std` WHERE ( stdid= ) LIMIT 1  
SQL: SHOW COLUMNS FROM `tb_atc` [ RunTime:0.003189s ]
SQL: SELECT * FROM `tb_atc` LEFT JOIN tb_bd ON f_atc_bdid=bdid WHERE ( atcid=20 ) LIMIT 1   [ RunTime:0.001695s ]
SQL: SHOW COLUMNS FROM `tb_bd` [ RunTime:0.002298s ]
SQL: SELECT * FROM `tb_bd` ORDER BY bdodr ASC  [ RunTime:0.000601s ]
SQL: UPDATE `tb_atc` SET `atccnt`=358 WHERE ( atcid=20 ) [ RunTime:0.018743s ]
NOTIC: [8] Undefined variable: alt D:\Program Files\Apache Software Foundation\Apache2.2\htdocs\xx\zspt\Lib\Action\AtcAction.class.php 第 47 行.
SQL: SHOW COLUMNS FROM `tb_sys` [ RunTime:0.002708s ]
SQL: SELECT * FROM `tb_sys` LIMIT 1   [ RunTime:0.000549s ]
INFO: [ view_parse ] --START--
NOTIC: [8] Undefined variable: schzysc D:\Program Files\Apache Software Foundation\Apache2.2\htdocs\xx\zspt\Runtime\Cache\35bee216c0dde56464e23249b341665f.php 第 154 行.
NOTIC: [8] Undefined variable: clctcss D:\Program Files\Apache Software Foundation\Apache2.2\htdocs\xx\zspt\Runtime\Cache\35bee216c0dde56464e23249b341665f.php 第 155 行.
NOTIC: [8] Undefined variable: heartcss D:\Program Files\Apache Software Foundation\Apache2.2\htdocs\xx\zspt\Runtime\Cache\35bee216c0dde56464e23249b341665f.php 第 155 行.
INFO: ParseTemplate Behavior ::run [ RunTime:0.051457s ]
INFO: [ view_parse ] --END-- [ RunTime:0.051632s ]
INFO: [ view_filter ] --START--
INFO: ContentReplace Behavior ::run [ RunTime:0.004605s ]
INFO: TokenBuild Behavior ::run [ RunTime:0.004045s ]
INFO: WriteHtmlCache Behavior ::run [ RunTime:0.003774s ]
INFO: ShowRuntime Behavior ::run [ RunTime:0.004227s ]
INFO: [ view_filter ] --END-- [ RunTime:0.016977s ]
INFO: [ view_end ] --START--
INFO: ShowPageTrace Behavior ::run [ RunTime:0.004651s ]
INFO: [ view_end ] --END-- [ RunTime:0.004767s ]

[ 2015-10-06T00:39:43+08:00 ] 123.125.71.30 /xx/zspt.php/Atc/gtxpg/x/vw/atcid/holder.js/300x200
INFO: [ route_check ] --START--
INFO: CheckRoute Behavior ::run [ RunTime:0.008161s ]
INFO: [ route_check ] --END-- [ RunTime:0.008318s ]
INFO: [ app_begin ] --START--
INFO: ReadHtmlCache Behavior ::run [ RunTime:0.004243s ]
INFO: [ app_begin ] --END-- [ RunTime:0.004365s ]
SQL: SHOW COLUMNS FROM `tb_zssz` [ RunTime:0.002496s ]
SQL: SELECT * FROM `tb_zssz` LIMIT 1   [ RunTime:0.000493s ]
SQL: SHOW COLUMNS FROM `tb_grd` [ RunTime:0.002366s ]
SQL: SELECT * FROM `tb_grd` WHERE ( grdid=4 ) LIMIT 1   [ RunTime:0.000541s ]
SQL: SHOW COLUMNS FROM `tb_2015_std` [ RunTime:0.003360s ]
SQL: SELECT * FROM `tb_2015_std` WHERE ( stdid= ) LIMIT 1   [ RunTime:0.000184s ]
ERR: 1064:You have an error in your SQL syntax; check the manual that corresponds to your MySQL server version for the right syntax to use near ') LIMIT 1' at line 1
 [ SQL语句 ] : SELECT * FROM `tb_2015_std` WHERE ( stdid= ) LIMIT 1  
SQL: SHOW COLUMNS FROM `tb_atc` [ RunTime:0.002705s ]
SQL: SELECT * FROM `tb_atc` LEFT JOIN tb_bd ON f_atc_bdid=bdid WHERE ( atcid=holder.js ) LIMIT 1   [ RunTime:0.000524s ]
ERR: 1054:Unknown column 'holder.js' in 'where clause'
 [ SQL语句 ] : SELECT * FROM `tb_atc` LEFT JOIN tb_bd ON f_atc_bdid=bdid WHERE ( atcid=holder.js ) LIMIT 1  
SQL: SHOW COLUMNS FROM `tb_bd` [ RunTime:0.002286s ]
SQL: SELECT * FROM `tb_bd` ORDER BY bdodr ASC  [ RunTime:0.000604s ]
SQL: UPDATE `tb_atc` SET `atccnt`=1 WHERE ( atcid= ) [ RunTime:0.000152s ]
ERR: 1064:You have an error in your SQL syntax; check the manual that corresponds to your MySQL server version for the right syntax to use near ')' at line 1
 [ SQL语句 ] : UPDATE `tb_atc` SET `atccnt`=1 WHERE ( atcid= )
NOTIC: [8] Undefined index:  atccv D:\Program Files\Apache Software Foundation\Apache2.2\htdocs\xx\zspt\Lib\Action\AtcAction.class.php 第 44 行.
NOTIC: [8] Undefined index:  atccv D:\Program Files\Apache Software Foundation\Apache2.2\htdocs\xx\zspt\Lib\Action\AtcAction.class.php 第 45 行.
NOTIC: [8] Undefined index:  atccv D:\Program Files\Apache Software Foundation\Apache2.2\htdocs\xx\zspt\Lib\Action\AtcAction.class.php 第 48 行.
SQL: SHOW COLUMNS FROM `tb_sys` [ RunTime:0.002036s ]
SQL: SELECT * FROM `tb_sys` LIMIT 1   [ RunTime:0.000585s ]
INFO: [ view_parse ] --START--
NOTIC: [8] Undefined index:  atctpc D:\Program Files\Apache Software Foundation\Apache2.2\htdocs\xx\zspt\Runtime\Cache\35bee216c0dde56464e23249b341665f.php 第 124 行.
NOTIC: [8] Undefined index:  atcsmr D:\Program Files\Apache Software Foundation\Apache2.2\htdocs\xx\zspt\Runtime\Cache\35bee216c0dde56464e23249b341665f.php 第 125 行.
NOTIC: [8] Undefined index:  atcath D:\Program Files\Apache Software Foundation\Apache2.2\htdocs\xx\zspt\Runtime\Cache\35bee216c0dde56464e23249b341665f.php 第 129 行.
NOTIC: [8] Undefined index:  atcmdftm D:\Program Files\Apache Software Foundation\Apache2.2\htdocs\xx\zspt\Runtime\Cache\35bee216c0dde56464e23249b341665f.php 第 130 行.
NOTIC: [8] Undefined index:  atccv D:\Program Files\Apache Software Foundation\Apache2.2\htdocs\xx\zspt\Runtime\Cache\35bee216c0dde56464e23249b341665f.php 第 136 行.
NOTIC: [8] Undefined index:  atcctt D:\Program Files\Apache Software Foundation\Apache2.2\htdocs\xx\zspt\Runtime\Cache\35bee216c0dde56464e23249b341665f.php 第 142 行.
NOTIC: [8] Undefined variable: schzysc D:\Program Files\Apache Software Foundation\Apache2.2\htdocs\xx\zspt\Runtime\Cache\35bee216c0dde56464e23249b341665f.php 第 154 行.
NOTIC: [8] Undefined variable: clctcss D:\Program Files\Apache Software Foundation\Apache2.2\htdocs\xx\zspt\Runtime\Cache\35bee216c0dde56464e23249b341665f.php 第 155 行.
NOTIC: [8] Undefined index:  atcid D:\Program Files\Apache Software Foundation\Apache2.2\htdocs\xx\zspt\Runtime\Cache\35bee216c0dde56464e23249b341665f.php 第 155 行.
NOTIC: [8] Undefined variable: heartcss D:\Program Files\Apache Software Foundation\Apache2.2\htdocs\xx\zspt\Runtime\Cache\35bee216c0dde56464e23249b341665f.php 第 155 行.
NOTIC: [8] Undefined index:  atcid D:\Program Files\Apache Software Foundation\Apache2.2\htdocs\xx\zspt\Runtime\Cache\35bee216c0dde56464e23249b341665f.php 第 157 行.
NOTIC: [8] Undefined index:  atczn D:\Program Files\Apache Software Foundation\Apache2.2\htdocs\xx\zspt\Runtime\Cache\35bee216c0dde56464e23249b341665f.php 第 157 行.
NOTIC: [8] Undefined index:  atcid D:\Program Files\Apache Software Foundation\Apache2.2\htdocs\xx\zspt\Runtime\Cache\35bee216c0dde56464e23249b341665f.php 第 158 行.
NOTIC: [8] Undefined index:  atctc D:\Program Files\Apache Software Foundation\Apache2.2\htdocs\xx\zspt\Runtime\Cache\35bee216c0dde56464e23249b341665f.php 第 158 行.
NOTIC: [8] Undefined index:  atctpc D:\Program Files\Apache Software Foundation\Apache2.2\htdocs\xx\zspt\Runtime\Cache\35bee216c0dde56464e23249b341665f.php 第 163 行.
INFO: ParseTemplate Behavior ::run [ RunTime:0.053274s ]
INFO: [ view_parse ] --END-- [ RunTime:0.053429s ]
INFO: [ view_filter ] --START--
INFO: ContentReplace Behavior ::run [ RunTime:0.004116s ]
INFO: TokenBuild Behavior ::run [ RunTime:0.003991s ]
INFO: WriteHtmlCache Behavior ::run [ RunTime:0.003759s ]
INFO: ShowRuntime Behavior ::run [ RunTime:0.004502s ]
INFO: [ view_filter ] --END-- [ RunTime:0.016712s ]
INFO: [ view_end ] --START--
INFO: ShowPageTrace Behavior ::run [ RunTime:0.004436s ]
INFO: [ view_end ] --END-- [ RunTime:0.004552s ]

[ 2015-10-06T09:28:21+08:00 ] 66.249.64.144 /xx/zspt.php
INFO: [ app_begin ] --START--
INFO: ReadHtmlCache Behavior ::run [ RunTime:0.007559s ]
INFO: [ app_begin ] --END-- [ RunTime:0.007717s ]
SQL: SHOW COLUMNS FROM `tb_zssz` [ RunTime:0.003032s ]
SQL: SELECT * FROM `tb_zssz` LIMIT 1   [ RunTime:0.000527s ]
SQL: SHOW COLUMNS FROM `tb_grd` [ RunTime:0.002523s ]
SQL: SELECT * FROM `tb_grd` WHERE ( grdid=4 ) LIMIT 1   [ RunTime:0.000556s ]
SQL: SHOW COLUMNS FROM `tb_2015_std` [ RunTime:0.003795s ]
SQL: SELECT * FROM `tb_2015_std` WHERE ( stdid= ) LIMIT 1   [ RunTime:0.000187s ]
ERR: 1064:You have an error in your SQL syntax; check the manual that corresponds to your MySQL server version for the right syntax to use near ') LIMIT 1' at line 1
 [ SQL语句 ] : SELECT * FROM `tb_2015_std` WHERE ( stdid= ) LIMIT 1  
SQL: SHOW COLUMNS FROM `tb_atc` [ RunTime:0.003083s ]
SQL: SELECT * FROM `tb_atc` LEFT JOIN tb_bd ON f_atc_bdid=bdid WHERE ( atcps=1 AND atcvw=1 AND atczs=1 ) ORDER BY atctp DESC,atcmdftm DESC LIMIT 0,10   [ RunTime:0.003651s ]
INFO: [ view_parse ] --START--
INFO: ParseTemplate Behavior ::run [ RunTime:0.065951s ]
INFO: [ view_parse ] --END-- [ RunTime:0.066108s ]
INFO: [ view_filter ] --START--
INFO: ContentReplace Behavior ::run [ RunTime:0.007376s ]
INFO: TokenBuild Behavior ::run [ RunTime:0.007097s ]
INFO: WriteHtmlCache Behavior ::run [ RunTime:0.006978s ]
INFO: ShowRuntime Behavior ::run [ RunTime:0.007239s ]
INFO: [ view_filter ] --END-- [ RunTime:0.029007s ]
INFO: [ view_end ] --START--
INFO: ShowPageTrace Behavior ::run [ RunTime:0.007530s ]
INFO: [ view_end ] --END-- [ RunTime:0.007644s ]

[ 2015-10-06T09:51:19+08:00 ] 66.249.64.149 /xx/zspt.php
INFO: [ app_begin ] --START--
INFO: ReadHtmlCache Behavior ::run [ RunTime:0.013800s ]
INFO: [ app_begin ] --END-- [ RunTime:0.013981s ]
SQL: SHOW COLUMNS FROM `tb_zssz` [ RunTime:0.002866s ]
SQL: SELECT * FROM `tb_zssz` LIMIT 1   [ RunTime:0.000451s ]
SQL: SHOW COLUMNS FROM `tb_grd` [ RunTime:0.002481s ]
SQL: SELECT * FROM `tb_grd` WHERE ( grdid=4 ) LIMIT 1   [ RunTime:0.001046s ]
SQL: SHOW COLUMNS FROM `tb_2015_std` [ RunTime:0.003805s ]
SQL: SELECT * FROM `tb_2015_std` WHERE ( stdid= ) LIMIT 1   [ RunTime:0.001132s ]
ERR: 1064:You have an error in your SQL syntax; check the manual that corresponds to your MySQL server version for the right syntax to use near ') LIMIT 1' at line 1
 [ SQL语句 ] : SELECT * FROM `tb_2015_std` WHERE ( stdid= ) LIMIT 1  
SQL: SHOW COLUMNS FROM `tb_atc` [ RunTime:0.003068s ]
SQL: SELECT * FROM `tb_atc` LEFT JOIN tb_bd ON f_atc_bdid=bdid WHERE ( atcps=1 AND atcvw=1 AND atczs=1 ) ORDER BY atctp DESC,atcmdftm DESC LIMIT 0,10   [ RunTime:0.001328s ]
INFO: [ view_parse ] --START--
INFO: ParseTemplate Behavior ::run [ RunTime:0.068755s ]
INFO: [ view_parse ] --END-- [ RunTime:0.068934s ]
INFO: [ view_filter ] --START--
INFO: ContentReplace Behavior ::run [ RunTime:0.007128s ]
INFO: TokenBuild Behavior ::run [ RunTime:0.007037s ]
INFO: WriteHtmlCache Behavior ::run [ RunTime:0.006822s ]
INFO: ShowRuntime Behavior ::run [ RunTime:0.007429s ]
INFO: [ view_filter ] --END-- [ RunTime:0.028740s ]
INFO: [ view_end ] --START--
INFO: ShowPageTrace Behavior ::run [ RunTime:0.007442s ]
INFO: [ view_end ] --END-- [ RunTime:0.007555s ]

[ 2015-10-06T10:26:22+08:00 ] 68.180.228.176 /xx/zspt.php/Std/gtxpg/x/updt/stdid/0
INFO: [ route_check ] --START--
INFO: CheckRoute Behavior ::run [ RunTime:0.007895s ]
INFO: [ route_check ] --END-- [ RunTime:0.008048s ]
INFO: [ app_begin ] --START--
INFO: ReadHtmlCache Behavior ::run [ RunTime:0.007893s ]
INFO: [ app_begin ] --END-- [ RunTime:0.008050s ]
SQL: SHOW COLUMNS FROM `tb_zssz` [ RunTime:0.002920s ]
SQL: SELECT * FROM `tb_zssz` LIMIT 1   [ RunTime:0.000514s ]
SQL: SHOW COLUMNS FROM `tb_grd` [ RunTime:0.004099s ]
SQL: SELECT * FROM `tb_grd` WHERE ( grdid=4 ) LIMIT 1   [ RunTime:0.000193s ]
SQL: SHOW COLUMNS FROM `tb_2015_std` [ RunTime:0.005522s ]
SQL: SELECT * FROM `tb_2015_std` WHERE ( stdid= ) LIMIT 1   [ RunTime:0.001728s ]
ERR: 1064:You have an error in your SQL syntax; check the manual that corresponds to your MySQL server version for the right syntax to use near ') LIMIT 1' at line 1
 [ SQL语句 ] : SELECT * FROM `tb_2015_std` WHERE ( stdid= ) LIMIT 1  
SQL: SELECT * FROM `tb_zssz` LIMIT 1   [ RunTime:0.000822s ]
SQL: SELECT * FROM `tb_grd` WHERE ( grdid=4 ) LIMIT 1   [ RunTime:0.000201s ]
SQL: SHOW COLUMNS FROM `tb_2015_cls` [ RunTime:0.005230s ]
SQL: SELECT * FROM `tb_2015_cls` LEFT JOIN tb_stt ON f_cls_sttid=sttid WHERE ( 1=1 AND f_cls_sttid=1 AND f_cls_grdid=4 ) ORDER BY clsnm ASC  [ RunTime:0.001525s ]
SQL: SHOW COLUMNS FROM `tb_2015_mj` [ RunTime:0.004947s ]
SQL: SELECT * FROM `tb_2015_mj`  [ RunTime:0.001693s ]
SQL: SELECT * FROM `tb_2015_mj` LEFT JOIN tb_bxxs ON f_mj_bxxsid=bxxsid LEFT JOIN tb_kl ON f_mj_klid=klid WHERE ( 1=1 AND mjbbzs=1 AND mjsttu LIKE '%-1-%' AND (1=2 OR f_mj_bxxsid=4) AND f_mj_grdid=4 ) ORDER BY f_mj_bxxsid ASC,mjdm ASC  [ RunTime:0.000202s ]
SQL: SHOW COLUMNS FROM `tb_bxxs` [ RunTime:0.003173s ]
SQL: SELECT * FROM `tb_bxxs` WHERE ( 1=1 AND (1=2 OR bxxsid=4) )  [ RunTime:0.000490s ]
SQL: SHOW COLUMNS FROM `tb_sex` [ RunTime:0.002522s ]
SQL: SELECT * FROM `tb_sex`  [ RunTime:0.000572s ]
SQL: SHOW COLUMNS FROM `tb_rc` [ RunTime:0.002409s ]
SQL: SELECT * FROM `tb_rc`  [ RunTime:0.000606s ]
SQL: SHOW COLUMNS FROM `tb_zzmm` [ RunTime:0.003143s ]
SQL: SELECT * FROM `tb_zzmm`  [ RunTime:0.000244s ]
SQL: SHOW COLUMNS FROM `tb_xl` [ RunTime:0.002497s ]
SQL: SELECT * FROM `tb_xl`  [ RunTime:0.000584s ]
SQL: SHOW COLUMNS FROM `tb_dm` [ RunTime:0.002409s ]
SQL: SELECT * FROM `tb_dm`  [ RunTime:0.000580s ]
SQL: SHOW COLUMNS FROM `tb_stat` [ RunTime:0.002479s ]
SQL: SELECT * FROM `tb_stat`  [ RunTime:0.000543s ]
NOTIC: [8] Undefined index:  stdrcmdnm D:\Program Files\Apache Software Foundation\Apache2.2\htdocs\xx\zspt\Lib\Action\StdAction.class.php 第 346 行.
NOTIC: [8] Undefined index:  stdrcmdcp D:\Program Files\Apache Software Foundation\Apache2.2\htdocs\xx\zspt\Lib\Action\StdAction.class.php 第 346 行.
INFO: [ view_parse ] --START--
NOTIC: [8] Undefined index:  f_mj_bxxsid D:\Program Files\Apache Software Foundation\Apache2.2\htdocs\xx\zspt\Runtime\Cache\42792852baa95d2cf6b901abc6e0c59f.php 第 149 行.
NOTIC: [8] Undefined index:  f_stdxqmj_mjid D:\Program Files\Apache Software Foundation\Apache2.2\htdocs\xx\zspt\Runtime\Cache\42792852baa95d2cf6b901abc6e0c59f.php 第 169 行.
NOTIC: [8] Undefined index:  stdnm D:\Program Files\Apache Software Foundation\Apache2.2\htdocs\xx\zspt\Runtime\Cache\42792852baa95d2cf6b901abc6e0c59f.php 第 179 行.
NOTIC: [8] Undefined index:  f_std_sexid D:\Program Files\Apache Software Foundation\Apache2.2\htdocs\xx\zspt\Runtime\Cache\42792852baa95d2cf6b901abc6e0c59f.php 第 188 行.
NOTIC: [8] Undefined index:  f_std_rcid D:\Program Files\Apache Software Foundation\Apache2.2\htdocs\xx\zspt\Runtime\Cache\42792852baa95d2cf6b901abc6e0c59f.php 第 198 行.
NOTIC: [8] Undefined index:  f_std_zzmmid D:\Program Files\Apache Software Foundation\Apache2.2\htdocs\xx\zspt\Runtime\Cache\42792852baa95d2cf6b901abc6e0c59f.php 第 208 行.
NOTIC: [8] Undefined index:  stdnp D:\Program Files\Apache Software Foundation\Apache2.2\htdocs\xx\zspt\Runtime\Cache\42792852baa95d2cf6b901abc6e0c59f.php 第 233 行.
NOTIC: [8] Undefined index:  f_std_xlid D:\Program Files\Apache Software Foundation\Apache2.2\htdocs\xx\zspt\Runtime\Cache\42792852baa95d2cf6b901abc6e0c59f.php 第 251 行.
NOTIC: [8] Undefined index:  stdcee D:\Program Files\Apache Software Foundation\Apache2.2\htdocs\xx\zspt\Runtime\Cache\42792852baa95d2cf6b901abc6e0c59f.php 第 253 行.
NOTIC: [8] Undefined index:  stdsog D:\Program Files\Apache Software Foundation\Apache2.2\htdocs\xx\zspt\Runtime\Cache\42792852baa95d2cf6b901abc6e0c59f.php 第 256 行.
NOTIC: [8] Undefined index:  stdcp D:\Program Files\Apache Software Foundation\Apache2.2\htdocs\xx\zspt\Runtime\Cache\42792852baa95d2cf6b901abc6e0c59f.php 第 257 行.
NOTIC: [8] Undefined index:  stdidcd D:\Program Files\Apache Software Foundation\Apache2.2\htdocs\xx\zspt\Runtime\Cache\42792852baa95d2cf6b901abc6e0c59f.php 第 260 行.
NOTIC: [8] Undefined index:  stdtlp D:\Program Files\Apache Software Foundation\Apache2.2\htdocs\xx\zspt\Runtime\Cache\42792852baa95d2cf6b901abc6e0c59f.php 第 261 行.
NOTIC: [8] Undefined index:  stdbtd D:\Program Files\Apache Software Foundation\Apache2.2\htdocs\xx\zspt\Runtime\Cache\42792852baa95d2cf6b901abc6e0c59f.php 第 262 行.
NOTIC: [8] Undefined index:  stdqq D:\Program Files\Apache Software Foundation\Apache2.2\htdocs\xx\zspt\Runtime\Cache\42792852baa95d2cf6b901abc6e0c59f.php 第 263 行.
NOTIC: [8] Undefined index:  stdrlta D:\Program Files\Apache Software Foundation\Apache2.2\htdocs\xx\zspt\Runtime\Cache\42792852baa95d2cf6b901abc6e0c59f.php 第 266 行.
NOTIC: [8] Undefined index:  stdrltanm D:\Program Files\Apache Software Foundation\Apache2.2\htdocs\xx\zspt\Runtime\Cache\42792852baa95d2cf6b901abc6e0c59f.php 第 267 行.
NOTIC: [8] Undefined index:  stdrltaocpt D:\Program Files\Apache Software Foundation\Apache2.2\htdocs\xx\zspt\Runtime\Cache\42792852baa95d2cf6b901abc6e0c59f.php 第 268 行.
NOTIC: [8] Undefined index:  stdrltacp D:\Program Files\Apache Software Foundation\Apache2.2\htdocs\xx\zspt\Runtime\Cache\42792852baa95d2cf6b901abc6e0c59f.php 第 269 行.
NOTIC: [8] Undefined index:  stdrltb D:\Program Files\Apache Software Foundation\Apache2.2\htdocs\xx\zspt\Runtime\Cache\42792852baa95d2cf6b901abc6e0c59f.php 第 272 行.
NOTIC: [8] Undefined index:  stdrltbnm D:\Program Files\Apache Software Foundation\Apache2.2\htdocs\xx\zspt\Runtime\Cache\42792852baa95d2cf6b901abc6e0c59f.php 第 273 行.
NOTIC: [8] Undefined index:  stdrltbocpt D:\Program Files\Apache Software Foundation\Apache2.2\htdocs\xx\zspt\Runtime\Cache\42792852baa95d2cf6b901abc6e0c59f.php 第 274 行.
NOTIC: [8] Undefined index:  stdrltbcp D:\Program Files\Apache Software Foundation\Apache2.2\htdocs\xx\zspt\Runtime\Cache\42792852baa95d2cf6b901abc6e0c59f.php 第 275 行.
NOTIC: [8] Undefined index:  stdhb D:\Program Files\Apache Software Foundation\Apache2.2\htdocs\xx\zspt\Runtime\Cache\42792852baa95d2cf6b901abc6e0c59f.php 第 278 行.
NOTIC: [8] Undefined index:  stdads D:\Program Files\Apache Software Foundation\Apache2.2\htdocs\xx\zspt\Runtime\Cache\42792852baa95d2cf6b901abc6e0c59f.php 第 279 行.
NOTIC: [8] Undefined index:  stdpst D:\Program Files\Apache Software Foundation\Apache2.2\htdocs\xx\zspt\Runtime\Cache\42792852baa95d2cf6b901abc6e0c59f.php 第 280 行.
NOTIC: [8] Undefined index:  stdrcmdnm D:\Program Files\Apache Software Foundation\Apache2.2\htdocs\xx\zspt\Runtime\Cache\42792852baa95d2cf6b901abc6e0c59f.php 第 291 行.
NOTIC: [8] Undefined index:  stdrcmdcp D:\Program Files\Apache Software Foundation\Apache2.2\htdocs\xx\zspt\Runtime\Cache\42792852baa95d2cf6b901abc6e0c59f.php 第 292 行.
INFO: ParseTemplate Behavior ::run [ RunTime:0.106332s ]
INFO: [ view_parse ] --END-- [ RunTime:0.106478s ]
INFO: [ view_filter ] --START--
INFO: ContentReplace Behavior ::run [ RunTime:0.008325s ]
INFO: TokenBuild Behavior ::run [ RunTime:0.007089s ]
INFO: WriteHtmlCache Behavior ::run [ RunTime:0.007008s ]
INFO: ShowRuntime Behavior ::run [ RunTime:0.007247s ]
INFO: [ view_filter ] --END-- [ RunTime:0.030006s ]
INFO: [ view_end ] --START--
INFO: ShowPageTrace Behavior ::run [ RunTime:0.008499s ]
INFO: [ view_end ] --END-- [ RunTime:0.008627s ]

[ 2015-10-06T13:14:21+08:00 ] 66.249.64.144 /xx/zspt.php
INFO: [ app_begin ] --START--
INFO: ReadHtmlCache Behavior ::run [ RunTime:0.007445s ]
INFO: [ app_begin ] --END-- [ RunTime:0.007603s ]
SQL: SHOW COLUMNS FROM `tb_zssz` [ RunTime:0.002949s ]
SQL: SELECT * FROM `tb_zssz` LIMIT 1   [ RunTime:0.000455s ]
SQL: SHOW COLUMNS FROM `tb_grd` [ RunTime:0.002434s ]
SQL: SELECT * FROM `tb_grd` WHERE ( grdid=4 ) LIMIT 1   [ RunTime:0.000564s ]
SQL: SHOW COLUMNS FROM `tb_2015_std` [ RunTime:0.003805s ]
SQL: SELECT * FROM `tb_2015_std` WHERE ( stdid= ) LIMIT 1   [ RunTime:0.000176s ]
ERR: 1064:You have an error in your SQL syntax; check the manual that corresponds to your MySQL server version for the right syntax to use near ') LIMIT 1' at line 1
 [ SQL语句 ] : SELECT * FROM `tb_2015_std` WHERE ( stdid= ) LIMIT 1  
SQL: SHOW COLUMNS FROM `tb_atc` [ RunTime:0.003799s ]
SQL: SELECT * FROM `tb_atc` LEFT JOIN tb_bd ON f_atc_bdid=bdid WHERE ( atcps=1 AND atcvw=1 AND atczs=1 ) ORDER BY atctp DESC,atcmdftm DESC LIMIT 0,10   [ RunTime:0.000528s ]
INFO: [ view_parse ] --START--
INFO: ParseTemplate Behavior ::run [ RunTime:0.061992s ]
INFO: [ view_parse ] --END-- [ RunTime:0.062145s ]
INFO: [ view_filter ] --START--
INFO: ContentReplace Behavior ::run [ RunTime:0.007139s ]
INFO: TokenBuild Behavior ::run [ RunTime:0.007187s ]
INFO: WriteHtmlCache Behavior ::run [ RunTime:0.006876s ]
INFO: ShowRuntime Behavior ::run [ RunTime:0.007293s ]
INFO: [ view_filter ] --END-- [ RunTime:0.028808s ]
INFO: [ view_end ] --START--
INFO: ShowPageTrace Behavior ::run [ RunTime:0.007496s ]
INFO: [ view_end ] --END-- [ RunTime:0.007608s ]

