[ 2015-11-15T18:29:48+08:00 ] 106.38.241.146 /xx/zspt.php
INFO: [ app_begin ] --START--
INFO: ReadHtmlCache Behavior ::run [ RunTime:0.007522s ]
INFO: [ app_begin ] --END-- [ RunTime:0.007679s ]
SQL: SHOW COLUMNS FROM `tb_zssz` [ RunTime:0.002949s ]
SQL: SELECT * FROM `tb_zssz` LIMIT 1   [ RunTime:0.000516s ]
SQL: SHOW COLUMNS FROM `tb_grd` [ RunTime:0.002459s ]
SQL: SELECT * FROM `tb_grd` WHERE ( grdid=4 ) LIMIT 1   [ RunTime:0.000559s ]
SQL: SHOW COLUMNS FROM `tb_2015_std` [ RunTime:0.004043s ]
SQL: SELECT * FROM `tb_2015_std` WHERE ( stdid= ) LIMIT 1   [ RunTime:0.000196s ]
ERR: 1064:You have an error in your SQL syntax; check the manual that corresponds to your MySQL server version for the right syntax to use near ') LIMIT 1' at line 1
 [ SQL语句 ] : SELECT * FROM `tb_2015_std` WHERE ( stdid= ) LIMIT 1  
SQL: SHOW COLUMNS FROM `tb_atc` [ RunTime:0.003234s ]
SQL: SELECT * FROM `tb_atc` LEFT JOIN tb_bd ON f_atc_bdid=bdid WHERE ( atcps=1 AND atcvw=1 AND atczs=1 ) ORDER BY atctp DESC,atcmdftm DESC LIMIT 0,10   [ RunTime:0.001816s ]
INFO: [ view_parse ] --START--
INFO: ParseTemplate Behavior ::run [ RunTime:0.071003s ]
INFO: [ view_parse ] --END-- [ RunTime:0.071189s ]
INFO: [ view_filter ] --START--
INFO: ContentReplace Behavior ::run [ RunTime:0.007353s ]
INFO: TokenBuild Behavior ::run [ RunTime:0.007045s ]
INFO: WriteHtmlCache Behavior ::run [ RunTime:0.006994s ]
INFO: ShowRuntime Behavior ::run [ RunTime:0.007205s ]
INFO: [ view_filter ] --END-- [ RunTime:0.028917s ]
INFO: [ view_end ] --START--
INFO: ShowPageTrace Behavior ::run [ RunTime:0.007683s ]
INFO: [ view_end ] --END-- [ RunTime:0.007798s ]

[ 2015-11-15T20:54:48+08:00 ] 124.205.63.29 /xx/zspt.php
INFO: [ app_begin ] --START--
INFO: ReadHtmlCache Behavior ::run [ RunTime:0.008052s ]
INFO: [ app_begin ] --END-- [ RunTime:0.008233s ]
SQL: SHOW COLUMNS FROM `tb_zssz` [ RunTime:0.003112s ]
SQL: SELECT * FROM `tb_zssz` LIMIT 1   [ RunTime:0.000542s ]
SQL: SHOW COLUMNS FROM `tb_grd` [ RunTime:0.002526s ]
SQL: SELECT * FROM `tb_grd` WHERE ( grdid=4 ) LIMIT 1   [ RunTime:0.000611s ]
SQL: SHOW COLUMNS FROM `tb_2015_std` [ RunTime:0.004250s ]
SQL: SELECT * FROM `tb_2015_std` WHERE ( stdid= ) LIMIT 1   [ RunTime:0.000182s ]
ERR: 1064:You have an error in your SQL syntax; check the manual that corresponds to your MySQL server version for the right syntax to use near ') LIMIT 1' at line 1
 [ SQL语句 ] : SELECT * FROM `tb_2015_std` WHERE ( stdid= ) LIMIT 1  
SQL: SHOW COLUMNS FROM `tb_atc` [ RunTime:0.003427s ]
SQL: SELECT * FROM `tb_atc` LEFT JOIN tb_bd ON f_atc_bdid=bdid WHERE ( atcps=1 AND atcvw=1 AND atczs=1 ) ORDER BY atctp DESC,atcmdftm DESC LIMIT 0,10   [ RunTime:0.001823s ]
INFO: [ view_parse ] --START--
INFO: ParseTemplate Behavior ::run [ RunTime:0.069869s ]
INFO: [ view_parse ] --END-- [ RunTime:0.070023s ]
INFO: [ view_filter ] --START--
INFO: ContentReplace Behavior ::run [ RunTime:0.007994s ]
INFO: TokenBuild Behavior ::run [ RunTime:0.008533s ]
INFO: WriteHtmlCache Behavior ::run [ RunTime:0.007549s ]
INFO: ShowRuntime Behavior ::run [ RunTime:0.007902s ]
INFO: [ view_filter ] --END-- [ RunTime:0.032318s ]
INFO: [ view_end ] --START--
INFO: ShowPageTrace Behavior ::run [ RunTime:0.007717s ]
INFO: [ view_end ] --END-- [ RunTime:0.007830s ]

