[ 2015-11-29T18:18:04+08:00 ] 42.120.161.46 /xx/zspt.php/Atc/gtxpg/x/vw/atcid/20
INFO: [ route_check ] --START--
INFO: CheckRoute Behavior ::run [ RunTime:0.009381s ]
INFO: [ route_check ] --END-- [ RunTime:0.009599s ]
INFO: [ app_begin ] --START--
INFO: ReadHtmlCache Behavior ::run [ RunTime:0.008246s ]
INFO: [ app_begin ] --END-- [ RunTime:0.008385s ]
SQL: SHOW COLUMNS FROM `tb_zssz` [ RunTime:0.017195s ]
SQL: SELECT * FROM `tb_zssz` LIMIT 1   [ RunTime:0.000166s ]
SQL: SHOW COLUMNS FROM `tb_grd` [ RunTime:0.015699s ]
SQL: SELECT * FROM `tb_grd` WHERE ( grdid=4 ) LIMIT 1   [ RunTime:0.000164s ]
SQL: SHOW COLUMNS FROM `tb_2015_std` [ RunTime:0.025145s ]
SQL: SELECT * FROM `tb_2015_std` WHERE ( stdid= ) LIMIT 1   [ RunTime:0.000233s ]
ERR: 1064:You have an error in your SQL syntax; check the manual that corresponds to your MySQL server version for the right syntax to use near ') LIMIT 1' at line 1
 [ SQL语句 ] : SELECT * FROM `tb_2015_std` WHERE ( stdid= ) LIMIT 1  
SQL: SHOW COLUMNS FROM `tb_atc` [ RunTime:0.003414s ]
SQL: SELECT * FROM `tb_atc` LEFT JOIN tb_bd ON f_atc_bdid=bdid WHERE ( atcid=20 ) LIMIT 1   [ RunTime:0.001909s ]
SQL: SHOW COLUMNS FROM `tb_bd` [ RunTime:0.002501s ]
SQL: SELECT * FROM `tb_bd` ORDER BY bdodr ASC  [ RunTime:0.000595s ]
SQL: UPDATE `tb_atc` SET `atccnt`=423 WHERE ( atcid=20 ) [ RunTime:0.023379s ]
NOTIC: [8] Undefined variable: alt D:\Program Files\Apache Software Foundation\Apache2.2\htdocs\xx\zspt\Lib\Action\AtcAction.class.php 第 47 行.
SQL: SHOW COLUMNS FROM `tb_sys` [ RunTime:0.002736s ]
SQL: SELECT * FROM `tb_sys` LIMIT 1   [ RunTime:0.000551s ]
INFO: [ view_parse ] --START--
NOTIC: [8] Undefined variable: schzysc D:\Program Files\Apache Software Foundation\Apache2.2\htdocs\xx\zspt\Runtime\Cache\35bee216c0dde56464e23249b341665f.php 第 154 行.
NOTIC: [8] Undefined variable: clctcss D:\Program Files\Apache Software Foundation\Apache2.2\htdocs\xx\zspt\Runtime\Cache\35bee216c0dde56464e23249b341665f.php 第 155 行.
NOTIC: [8] Undefined variable: heartcss D:\Program Files\Apache Software Foundation\Apache2.2\htdocs\xx\zspt\Runtime\Cache\35bee216c0dde56464e23249b341665f.php 第 155 行.
INFO: ParseTemplate Behavior ::run [ RunTime:0.075084s ]
INFO: [ view_parse ] --END-- [ RunTime:0.075279s ]
INFO: [ view_filter ] --START--
INFO: ContentReplace Behavior ::run [ RunTime:0.007760s ]
INFO: TokenBuild Behavior ::run [ RunTime:0.007302s ]
INFO: WriteHtmlCache Behavior ::run [ RunTime:0.007518s ]
INFO: ShowRuntime Behavior ::run [ RunTime:0.009461s ]
INFO: [ view_filter ] --END-- [ RunTime:0.032482s ]
INFO: [ view_end ] --START--
INFO: ShowPageTrace Behavior ::run [ RunTime:0.007780s ]
INFO: [ view_end ] --END-- [ RunTime:0.007902s ]

[ 2015-11-29T19:46:35+08:00 ] 116.236.209.214 /xx/zspt.php
INFO: [ app_begin ] --START--
INFO: ReadHtmlCache Behavior ::run [ RunTime:0.007663s ]
INFO: [ app_begin ] --END-- [ RunTime:0.007828s ]
SQL: SHOW COLUMNS FROM `tb_zssz` [ RunTime:0.002995s ]
SQL: SELECT * FROM `tb_zssz` LIMIT 1   [ RunTime:0.000591s ]
SQL: SHOW COLUMNS FROM `tb_grd` [ RunTime:0.002536s ]
SQL: SELECT * FROM `tb_grd` WHERE ( grdid=4 ) LIMIT 1   [ RunTime:0.000613s ]
SQL: SHOW COLUMNS FROM `tb_2015_std` [ RunTime:0.005240s ]
SQL: SELECT * FROM `tb_2015_std` WHERE ( stdid= ) LIMIT 1   [ RunTime:0.000429s ]
ERR: 1064:You have an error in your SQL syntax; check the manual that corresponds to your MySQL server version for the right syntax to use near ') LIMIT 1' at line 1
 [ SQL语句 ] : SELECT * FROM `tb_2015_std` WHERE ( stdid= ) LIMIT 1  
SQL: SHOW COLUMNS FROM `tb_atc` [ RunTime:0.004564s ]
SQL: SELECT * FROM `tb_atc` LEFT JOIN tb_bd ON f_atc_bdid=bdid WHERE ( atcps=1 AND atcvw=1 AND atczs=1 ) ORDER BY atctp DESC,atcmdftm DESC LIMIT 0,10   [ RunTime:0.001987s ]
INFO: [ view_parse ] --START--
INFO: ParseTemplate Behavior ::run [ RunTime:0.075115s ]
INFO: [ view_parse ] --END-- [ RunTime:0.075278s ]
INFO: [ view_filter ] --START--
INFO: ContentReplace Behavior ::run [ RunTime:0.007365s ]
INFO: TokenBuild Behavior ::run [ RunTime:0.008179s ]
INFO: WriteHtmlCache Behavior ::run [ RunTime:0.004186s ]
INFO: ShowRuntime Behavior ::run [ RunTime:0.007529s ]
INFO: [ view_filter ] --END-- [ RunTime:0.027608s ]
INFO: [ view_end ] --START--
INFO: ShowPageTrace Behavior ::run [ RunTime:0.007607s ]
INFO: [ view_end ] --END-- [ RunTime:0.007723s ]

