[ 2015-12-04T08:52:58+08:00 ] 207.46.13.190 /xx/zspt.php
INFO: [ app_begin ] --START--
INFO: ReadHtmlCache Behavior ::run [ RunTime:0.007505s ]
INFO: [ app_begin ] --END-- [ RunTime:0.007664s ]
SQL: SHOW COLUMNS FROM `tb_zssz` [ RunTime:0.003058s ]
SQL: SELECT * FROM `tb_zssz` LIMIT 1   [ RunTime:0.000492s ]
SQL: SHOW COLUMNS FROM `tb_grd` [ RunTime:0.002482s ]
SQL: SELECT * FROM `tb_grd` WHERE ( grdid=4 ) LIMIT 1   [ RunTime:0.000748s ]
SQL: SHOW COLUMNS FROM `tb_2015_std` [ RunTime:0.003914s ]
SQL: SELECT * FROM `tb_2015_std` WHERE ( stdid= ) LIMIT 1   [ RunTime:0.000209s ]
ERR: 1064:You have an error in your SQL syntax; check the manual that corresponds to your MySQL server version for the right syntax to use near ') LIMIT 1' at line 1
 [ SQL语句 ] : SELECT * FROM `tb_2015_std` WHERE ( stdid= ) LIMIT 1  
SQL: SHOW COLUMNS FROM `tb_atc` [ RunTime:0.003190s ]
SQL: SELECT * FROM `tb_atc` LEFT JOIN tb_bd ON f_atc_bdid=bdid WHERE ( atcps=1 AND atcvw=1 AND atczs=1 ) ORDER BY atctp DESC,atcmdftm DESC LIMIT 0,10   [ RunTime:0.000662s ]
INFO: [ view_parse ] --START--
INFO: ParseTemplate Behavior ::run [ RunTime:0.066330s ]
INFO: [ view_parse ] --END-- [ RunTime:0.066489s ]
INFO: [ view_filter ] --START--
INFO: ContentReplace Behavior ::run [ RunTime:0.007233s ]
INFO: TokenBuild Behavior ::run [ RunTime:0.007221s ]
INFO: WriteHtmlCache Behavior ::run [ RunTime:0.006955s ]
INFO: ShowRuntime Behavior ::run [ RunTime:0.007278s ]
INFO: [ view_filter ] --END-- [ RunTime:0.029014s ]
INFO: [ view_end ] --START--
INFO: ShowPageTrace Behavior ::run [ RunTime:0.007608s ]
INFO: [ view_end ] --END-- [ RunTime:0.007720s ]

[ 2015-12-04T12:45:31+08:00 ] 207.46.13.190 /xx/zspt.php
INFO: [ app_begin ] --START--
INFO: ReadHtmlCache Behavior ::run [ RunTime:0.007535s ]
INFO: [ app_begin ] --END-- [ RunTime:0.007695s ]
SQL: SHOW COLUMNS FROM `tb_zssz` [ RunTime:0.003137s ]
SQL: SELECT * FROM `tb_zssz` LIMIT 1   [ RunTime:0.000442s ]
SQL: SHOW COLUMNS FROM `tb_grd` [ RunTime:0.002515s ]
SQL: SELECT * FROM `tb_grd` WHERE ( grdid=4 ) LIMIT 1   [ RunTime:0.000552s ]
SQL: SHOW COLUMNS FROM `tb_2015_std` [ RunTime:0.004201s ]
SQL: SELECT * FROM `tb_2015_std` WHERE ( stdid= ) LIMIT 1   [ RunTime:0.000180s ]
ERR: 1064:You have an error in your SQL syntax; check the manual that corresponds to your MySQL server version for the right syntax to use near ') LIMIT 1' at line 1
 [ SQL语句 ] : SELECT * FROM `tb_2015_std` WHERE ( stdid= ) LIMIT 1  
SQL: SHOW COLUMNS FROM `tb_atc` [ RunTime:0.003138s ]
SQL: SELECT * FROM `tb_atc` LEFT JOIN tb_bd ON f_atc_bdid=bdid WHERE ( atcps=1 AND atcvw=1 AND atczs=1 ) ORDER BY atctp DESC,atcmdftm DESC LIMIT 0,10   [ RunTime:0.000649s ]
INFO: [ view_parse ] --START--
INFO: ParseTemplate Behavior ::run [ RunTime:0.064025s ]
INFO: [ view_parse ] --END-- [ RunTime:0.064187s ]
INFO: [ view_filter ] --START--
INFO: ContentReplace Behavior ::run [ RunTime:0.007374s ]
INFO: TokenBuild Behavior ::run [ RunTime:0.007241s ]
INFO: WriteHtmlCache Behavior ::run [ RunTime:0.003818s ]
INFO: ShowRuntime Behavior ::run [ RunTime:0.007359s ]
INFO: [ view_filter ] --END-- [ RunTime:0.026114s ]
INFO: [ view_end ] --START--
INFO: ShowPageTrace Behavior ::run [ RunTime:0.007811s ]
INFO: [ view_end ] --END-- [ RunTime:0.007930s ]

