[ 2015-10-25T06:21:22+08:00 ] 68.180.228.176 /xx/zspt.php/Atc/gtxpg/x/vw/atcid/20
INFO: [ route_check ] --START--
INFO: CheckRoute Behavior ::run [ RunTime:0.007928s ]
INFO: [ route_check ] --END-- [ RunTime:0.008088s ]
INFO: [ app_begin ] --START--
INFO: ReadHtmlCache Behavior ::run [ RunTime:0.004681s ]
INFO: [ app_begin ] --END-- [ RunTime:0.004808s ]
SQL: SHOW COLUMNS FROM `tb_zssz` [ RunTime:0.003032s ]
SQL: SELECT * FROM `tb_zssz` LIMIT 1   [ RunTime:0.000464s ]
SQL: SHOW COLUMNS FROM `tb_grd` [ RunTime:0.002464s ]
SQL: SELECT * FROM `tb_grd` WHERE ( grdid=4 ) LIMIT 1   [ RunTime:0.000557s ]
SQL: SHOW COLUMNS FROM `tb_2015_std` [ RunTime:0.004033s ]
SQL: SELECT * FROM `tb_2015_std` WHERE ( stdid= ) LIMIT 1   [ RunTime:0.000193s ]
ERR: 1064:You have an error in your SQL syntax; check the manual that corresponds to your MySQL server version for the right syntax to use near ') LIMIT 1' at line 1
 [ SQL语句 ] : SELECT * FROM `tb_2015_std` WHERE ( stdid= ) LIMIT 1  
SQL: SHOW COLUMNS FROM `tb_atc` [ RunTime:0.003461s ]
SQL: SELECT * FROM `tb_atc` LEFT JOIN tb_bd ON f_atc_bdid=bdid WHERE ( atcid=20 ) LIMIT 1   [ RunTime:0.001824s ]
SQL: SHOW COLUMNS FROM `tb_bd` [ RunTime:0.002573s ]
SQL: SELECT * FROM `tb_bd` ORDER BY bdodr ASC  [ RunTime:0.000526s ]
SQL: UPDATE `tb_atc` SET `atccnt`=381 WHERE ( atcid=20 ) [ RunTime:0.017195s ]
NOTIC: [8] Undefined variable: alt D:\Program Files\Apache Software Foundation\Apache2.2\htdocs\xx\zspt\Lib\Action\AtcAction.class.php 第 47 行.
SQL: SHOW COLUMNS FROM `tb_sys` [ RunTime:0.002608s ]
SQL: SELECT * FROM `tb_sys` LIMIT 1   [ RunTime:0.000610s ]
INFO: [ view_parse ] --START--
NOTIC: [8] Undefined variable: schzysc D:\Program Files\Apache Software Foundation\Apache2.2\htdocs\xx\zspt\Runtime\Cache\35bee216c0dde56464e23249b341665f.php 第 154 行.
NOTIC: [8] Undefined variable: clctcss D:\Program Files\Apache Software Foundation\Apache2.2\htdocs\xx\zspt\Runtime\Cache\35bee216c0dde56464e23249b341665f.php 第 155 行.
NOTIC: [8] Undefined variable: heartcss D:\Program Files\Apache Software Foundation\Apache2.2\htdocs\xx\zspt\Runtime\Cache\35bee216c0dde56464e23249b341665f.php 第 155 行.
INFO: ParseTemplate Behavior ::run [ RunTime:0.055398s ]
INFO: [ view_parse ] --END-- [ RunTime:0.055567s ]
INFO: [ view_filter ] --START--
INFO: ContentReplace Behavior ::run [ RunTime:0.007594s ]
INFO: TokenBuild Behavior ::run [ RunTime:0.007186s ]
INFO: WriteHtmlCache Behavior ::run [ RunTime:0.006888s ]
INFO: ShowRuntime Behavior ::run [ RunTime:0.007343s ]
INFO: [ view_filter ] --END-- [ RunTime:0.029337s ]
INFO: [ view_end ] --START--
INFO: ShowPageTrace Behavior ::run [ RunTime:0.007490s ]
INFO: [ view_end ] --END-- [ RunTime:0.007603s ]

[ 2015-10-25T16:26:38+08:00 ] 58.60.1.39 /xx/zspt.php
INFO: [ app_begin ] --START--
INFO: ReadHtmlCache Behavior ::run [ RunTime:0.004331s ]
INFO: [ app_begin ] --END-- [ RunTime:0.004487s ]
SQL: SHOW COLUMNS FROM `tb_zssz` [ RunTime:0.002999s ]
SQL: SELECT * FROM `tb_zssz` LIMIT 1   [ RunTime:0.000513s ]
SQL: SHOW COLUMNS FROM `tb_grd` [ RunTime:0.002531s ]
SQL: SELECT * FROM `tb_grd` WHERE ( grdid=4 ) LIMIT 1   [ RunTime:0.000560s ]
SQL: SHOW COLUMNS FROM `tb_2015_std` [ RunTime:0.004128s ]
SQL: SELECT * FROM `tb_2015_std` WHERE ( stdid= ) LIMIT 1   [ RunTime:0.000177s ]
ERR: 1064:You have an error in your SQL syntax; check the manual that corresponds to your MySQL server version for the right syntax to use near ') LIMIT 1' at line 1
 [ SQL语句 ] : SELECT * FROM `tb_2015_std` WHERE ( stdid= ) LIMIT 1  
SQL: SHOW COLUMNS FROM `tb_atc` [ RunTime:0.003384s ]
SQL: SELECT * FROM `tb_atc` LEFT JOIN tb_bd ON f_atc_bdid=bdid WHERE ( atcps=1 AND atcvw=1 AND atczs=1 ) ORDER BY atctp DESC,atcmdftm DESC LIMIT 0,10   [ RunTime:0.001940s ]
INFO: [ view_parse ] --START--
INFO: ParseTemplate Behavior ::run [ RunTime:0.056137s ]
INFO: [ view_parse ] --END-- [ RunTime:0.056296s ]
INFO: [ view_filter ] --START--
INFO: ContentReplace Behavior ::run [ RunTime:0.007157s ]
INFO: TokenBuild Behavior ::run [ RunTime:0.007271s ]
INFO: WriteHtmlCache Behavior ::run [ RunTime:0.006886s ]
INFO: ShowRuntime Behavior ::run [ RunTime:0.007575s ]
INFO: [ view_filter ] --END-- [ RunTime:0.029214s ]
INFO: [ view_end ] --START--
INFO: ShowPageTrace Behavior ::run [ RunTime:0.007737s ]
INFO: [ view_end ] --END-- [ RunTime:0.007851s ]

[ 2015-10-25T23:54:43+08:00 ] 123.125.71.36 /xx/zspt.php/Atc/gtxpg/x/vw/atcid/holder.js/300x200
INFO: [ route_check ] --START--
INFO: CheckRoute Behavior ::run [ RunTime:0.007950s ]
INFO: [ route_check ] --END-- [ RunTime:0.008109s ]
INFO: [ app_begin ] --START--
INFO: ReadHtmlCache Behavior ::run [ RunTime:0.007419s ]
INFO: [ app_begin ] --END-- [ RunTime:0.007542s ]
SQL: SHOW COLUMNS FROM `tb_zssz` [ RunTime:0.003594s ]
SQL: SELECT * FROM `tb_zssz` LIMIT 1   [ RunTime:0.000440s ]
SQL: SHOW COLUMNS FROM `tb_grd` [ RunTime:0.002520s ]
SQL: SELECT * FROM `tb_grd` WHERE ( grdid=4 ) LIMIT 1   [ RunTime:0.000596s ]
SQL: SHOW COLUMNS FROM `tb_2015_std` [ RunTime:0.004033s ]
SQL: SELECT * FROM `tb_2015_std` WHERE ( stdid= ) LIMIT 1   [ RunTime:0.000184s ]
ERR: 1064:You have an error in your SQL syntax; check the manual that corresponds to your MySQL server version for the right syntax to use near ') LIMIT 1' at line 1
 [ SQL语句 ] : SELECT * FROM `tb_2015_std` WHERE ( stdid= ) LIMIT 1  
SQL: SHOW COLUMNS FROM `tb_atc` [ RunTime:0.003237s ]
SQL: SELECT * FROM `tb_atc` LEFT JOIN tb_bd ON f_atc_bdid=bdid WHERE ( atcid=holder.js ) LIMIT 1   [ RunTime:0.001264s ]
ERR: 1054:Unknown column 'holder.js' in 'where clause'
 [ SQL语句 ] : SELECT * FROM `tb_atc` LEFT JOIN tb_bd ON f_atc_bdid=bdid WHERE ( atcid=holder.js ) LIMIT 1  
SQL: SHOW COLUMNS FROM `tb_bd` [ RunTime:0.002265s ]
SQL: SELECT * FROM `tb_bd` ORDER BY bdodr ASC  [ RunTime:0.000610s ]
SQL: UPDATE `tb_atc` SET `atccnt`=1 WHERE ( atcid= ) [ RunTime:0.000151s ]
ERR: 1064:You have an error in your SQL syntax; check the manual that corresponds to your MySQL server version for the right syntax to use near ')' at line 1
 [ SQL语句 ] : UPDATE `tb_atc` SET `atccnt`=1 WHERE ( atcid= )
NOTIC: [8] Undefined index:  atccv D:\Program Files\Apache Software Foundation\Apache2.2\htdocs\xx\zspt\Lib\Action\AtcAction.class.php 第 44 行.
NOTIC: [8] Undefined index:  atccv D:\Program Files\Apache Software Foundation\Apache2.2\htdocs\xx\zspt\Lib\Action\AtcAction.class.php 第 45 行.
NOTIC: [8] Undefined index:  atccv D:\Program Files\Apache Software Foundation\Apache2.2\htdocs\xx\zspt\Lib\Action\AtcAction.class.php 第 48 行.
SQL: SHOW COLUMNS FROM `tb_sys` [ RunTime:0.002550s ]
SQL: SELECT * FROM `tb_sys` LIMIT 1   [ RunTime:0.000564s ]
INFO: [ view_parse ] --START--
NOTIC: [8] Undefined index:  atctpc D:\Program Files\Apache Software Foundation\Apache2.2\htdocs\xx\zspt\Runtime\Cache\35bee216c0dde56464e23249b341665f.php 第 124 行.
NOTIC: [8] Undefined index:  atcsmr D:\Program Files\Apache Software Foundation\Apache2.2\htdocs\xx\zspt\Runtime\Cache\35bee216c0dde56464e23249b341665f.php 第 125 行.
NOTIC: [8] Undefined index:  atcath D:\Program Files\Apache Software Foundation\Apache2.2\htdocs\xx\zspt\Runtime\Cache\35bee216c0dde56464e23249b341665f.php 第 129 行.
NOTIC: [8] Undefined index:  atcmdftm D:\Program Files\Apache Software Foundation\Apache2.2\htdocs\xx\zspt\Runtime\Cache\35bee216c0dde56464e23249b341665f.php 第 130 行.
NOTIC: [8] Undefined index:  atccv D:\Program Files\Apache Software Foundation\Apache2.2\htdocs\xx\zspt\Runtime\Cache\35bee216c0dde56464e23249b341665f.php 第 136 行.
NOTIC: [8] Undefined index:  atcctt D:\Program Files\Apache Software Foundation\Apache2.2\htdocs\xx\zspt\Runtime\Cache\35bee216c0dde56464e23249b341665f.php 第 142 行.
NOTIC: [8] Undefined variable: schzysc D:\Program Files\Apache Software Foundation\Apache2.2\htdocs\xx\zspt\Runtime\Cache\35bee216c0dde56464e23249b341665f.php 第 154 行.
NOTIC: [8] Undefined variable: clctcss D:\Program Files\Apache Software Foundation\Apache2.2\htdocs\xx\zspt\Runtime\Cache\35bee216c0dde56464e23249b341665f.php 第 155 行.
NOTIC: [8] Undefined index:  atcid D:\Program Files\Apache Software Foundation\Apache2.2\htdocs\xx\zspt\Runtime\Cache\35bee216c0dde56464e23249b341665f.php 第 155 行.
NOTIC: [8] Undefined variable: heartcss D:\Program Files\Apache Software Foundation\Apache2.2\htdocs\xx\zspt\Runtime\Cache\35bee216c0dde56464e23249b341665f.php 第 155 行.
NOTIC: [8] Undefined index:  atcid D:\Program Files\Apache Software Foundation\Apache2.2\htdocs\xx\zspt\Runtime\Cache\35bee216c0dde56464e23249b341665f.php 第 157 行.
NOTIC: [8] Undefined index:  atczn D:\Program Files\Apache Software Foundation\Apache2.2\htdocs\xx\zspt\Runtime\Cache\35bee216c0dde56464e23249b341665f.php 第 157 行.
NOTIC: [8] Undefined index:  atcid D:\Program Files\Apache Software Foundation\Apache2.2\htdocs\xx\zspt\Runtime\Cache\35bee216c0dde56464e23249b341665f.php 第 158 行.
NOTIC: [8] Undefined index:  atctc D:\Program Files\Apache Software Foundation\Apache2.2\htdocs\xx\zspt\Runtime\Cache\35bee216c0dde56464e23249b341665f.php 第 158 行.
NOTIC: [8] Undefined index:  atctpc D:\Program Files\Apache Software Foundation\Apache2.2\htdocs\xx\zspt\Runtime\Cache\35bee216c0dde56464e23249b341665f.php 第 163 行.
INFO: ParseTemplate Behavior ::run [ RunTime:0.065399s ]
INFO: [ view_parse ] --END-- [ RunTime:0.065556s ]
INFO: [ view_filter ] --START--
INFO: ContentReplace Behavior ::run [ RunTime:0.007575s ]
INFO: TokenBuild Behavior ::run [ RunTime:0.007133s ]
INFO: WriteHtmlCache Behavior ::run [ RunTime:0.006915s ]
INFO: ShowRuntime Behavior ::run [ RunTime:0.007500s ]
INFO: [ view_filter ] --END-- [ RunTime:0.029452s ]
INFO: [ view_end ] --START--
INFO: ShowPageTrace Behavior ::run [ RunTime:0.007556s ]
INFO: [ view_end ] --END-- [ RunTime:0.007779s ]

