[ 2015-11-24T14:03:50+08:00 ] 68.180.228.176 /xx/zspt.php
INFO: [ app_begin ] --START--
INFO: ReadHtmlCache Behavior ::run [ RunTime:0.007727s ]
INFO: [ app_begin ] --END-- [ RunTime:0.007896s ]
SQL: SHOW COLUMNS FROM `tb_zssz` [ RunTime:0.002545s ]
SQL: SELECT * FROM `tb_zssz` LIMIT 1   [ RunTime:0.000627s ]
SQL: SHOW COLUMNS FROM `tb_grd` [ RunTime:0.002039s ]
SQL: SELECT * FROM `tb_grd` WHERE ( grdid=4 ) LIMIT 1   [ RunTime:0.000624s ]
SQL: SHOW COLUMNS FROM `tb_2015_std` [ RunTime:0.003354s ]
SQL: SELECT * FROM `tb_2015_std` WHERE ( stdid= ) LIMIT 1   [ RunTime:0.000200s ]
ERR: 1064:You have an error in your SQL syntax; check the manual that corresponds to your MySQL server version for the right syntax to use near ') LIMIT 1' at line 1
 [ SQL语句 ] : SELECT * FROM `tb_2015_std` WHERE ( stdid= ) LIMIT 1  
SQL: SHOW COLUMNS FROM `tb_atc` [ RunTime:0.003149s ]
SQL: SELECT * FROM `tb_atc` LEFT JOIN tb_bd ON f_atc_bdid=bdid WHERE ( atcps=1 AND atcvw=1 AND atczs=1 ) ORDER BY atctp DESC,atcmdftm DESC LIMIT 0,10   [ RunTime:0.000694s ]
INFO: [ view_parse ] --START--
INFO: ParseTemplate Behavior ::run [ RunTime:0.065981s ]
INFO: [ view_parse ] --END-- [ RunTime:0.066147s ]
INFO: [ view_filter ] --START--
INFO: ContentReplace Behavior ::run [ RunTime:0.007145s ]
INFO: TokenBuild Behavior ::run [ RunTime:0.007124s ]
INFO: WriteHtmlCache Behavior ::run [ RunTime:0.006854s ]
INFO: ShowRuntime Behavior ::run [ RunTime:0.007292s ]
INFO: [ view_filter ] --END-- [ RunTime:0.028732s ]
INFO: [ view_end ] --START--
INFO: ShowPageTrace Behavior ::run [ RunTime:0.007490s ]
INFO: [ view_end ] --END-- [ RunTime:0.007601s ]

