[ 2015-03-20T15:37:04+08:00 ] 127.0.0.1 /geek/cstm.php/Cstmusr/loginout
INFO: [ route_check ] --START--
INFO: CheckRoute Behavior ::run [ RunTime:0.001034s ]
INFO: [ route_check ] --END-- [ RunTime:0.001186s ]
INFO: [ app_begin ] --START--
INFO: ReadHtmlCache Behavior ::run [ RunTime:0.000858s ]
INFO: [ app_begin ] --END-- [ RunTime:0.000978s ]

[ 2015-03-20T15:37:10+08:00 ] 127.0.0.1 /geek/cstm.php/Cstmusr/gtxpg/x/regist
INFO: [ route_check ] --START--
INFO: CheckRoute Behavior ::run [ RunTime:0.000965s ]
INFO: [ route_check ] --END-- [ RunTime:0.001113s ]
INFO: [ app_begin ] --START--
INFO: ReadHtmlCache Behavior ::run [ RunTime:0.000782s ]
INFO: [ app_begin ] --END-- [ RunTime:0.000910s ]
SQL: SHOW COLUMNS FROM `tb_cstmusr` [ RunTime:0.003600s ]
SQL: SELECT * FROM `tb_cstmusr` WHERE ( cstmusrid= ) LIMIT 1   [ RunTime:0.000171s ]
ERR: 1064:You have an error in your SQL syntax; check the manual that corresponds to your MySQL server version for the right syntax to use near ') LIMIT 1' at line 1
 [ SQL语句 ] : SELECT * FROM `tb_cstmusr` WHERE ( cstmusrid= ) LIMIT 1  
SQL: SHOW COLUMNS FROM `tb_md` [ RunTime:0.003689s ]
SQL: SELECT * FROM `tb_md` WHERE ( mdmk='Cstmusr' ) LIMIT 1   [ RunTime:0.000423s ]
SQL: SHOW COLUMNS FROM `tb_cstmbtn` [ RunTime:0.007512s ]
SQL: SELECT * FROM `tb_cstmbtn` WHERE ( f_cstmbtn_cstmusrid= AND cstmbtnnm='lft' ) LIMIT 1   [ RunTime:0.000173s ]
ERR: 1064:You have an error in your SQL syntax; check the manual that corresponds to your MySQL server version for the right syntax to use near 'AND cstmbtnnm='lft' ) LIMIT 1' at line 1
 [ SQL语句 ] : SELECT * FROM `tb_cstmbtn` WHERE ( f_cstmbtn_cstmusrid= AND cstmbtnnm='lft' ) LIMIT 1  
SQL: SELECT * FROM `tb_cstmbtn` WHERE ( f_cstmbtn_cstmusrid= AND cstmbtnnm='bs' ) LIMIT 1   [ RunTime:0.000158s ]
ERR: 1064:You have an error in your SQL syntax; check the manual that corresponds to your MySQL server version for the right syntax to use near 'AND cstmbtnnm='bs' ) LIMIT 1' at line 1
 [ SQL语句 ] : SELECT * FROM `tb_cstmbtn` WHERE ( f_cstmbtn_cstmusrid= AND cstmbtnnm='bs' ) LIMIT 1  
INFO: [ view_parse ] --START--
NOTIC: [8] Undefined index: cstmusrnm C:\wamp\www\geek\cstm\Runtime\Cache\709b8ebc680da4f35d358f203f754d50.php 第 137 行.
NOTIC: [8] Undefined index: cstmusrpw C:\wamp\www\geek\cstm\Runtime\Cache\709b8ebc680da4f35d358f203f754d50.php 第 164 行.
NOTIC: [8] Undefined index: cstmusrpw C:\wamp\www\geek\cstm\Runtime\Cache\709b8ebc680da4f35d358f203f754d50.php 第 170 行.
NOTIC: [8] Undefined index: cstmusrnn C:\wamp\www\geek\cstm\Runtime\Cache\709b8ebc680da4f35d358f203f754d50.php 第 176 行.
NOTIC: [8] Undefined index: cstmusrcp C:\wamp\www\geek\cstm\Runtime\Cache\709b8ebc680da4f35d358f203f754d50.php 第 205 行.
NOTIC: [8] Undefined index: cstmusrml C:\wamp\www\geek\cstm\Runtime\Cache\709b8ebc680da4f35d358f203f754d50.php 第 211 行.
INFO: ParseTemplate Behavior ::run [ RunTime:0.040700s ]
INFO: [ view_parse ] --END-- [ RunTime:0.040846s ]
INFO: [ view_filter ] --START--
INFO: ContentReplace Behavior ::run [ RunTime:0.000929s ]
INFO: TokenBuild Behavior ::run [ RunTime:0.000766s ]
INFO: WriteHtmlCache Behavior ::run [ RunTime:0.000511s ]
INFO: ShowRuntime Behavior ::run [ RunTime:0.000757s ]
INFO: [ view_filter ] --END-- [ RunTime:0.003365s ]
INFO: [ view_end ] --START--
INFO: ShowPageTrace Behavior ::run [ RunTime:0.000805s ]
INFO: [ view_end ] --END-- [ RunTime:0.000930s ]

[ 2015-03-20T23:29:11+08:00 ] 127.0.0.1 /geek/cstm.php/Cstmusr/gtxpg/x/center
INFO: [ route_check ] --START--
INFO: CheckRoute Behavior ::run [ RunTime:0.000916s ]
INFO: [ route_check ] --END-- [ RunTime:0.001069s ]
INFO: [ app_begin ] --START--
INFO: ReadHtmlCache Behavior ::run [ RunTime:0.000897s ]
INFO: [ app_begin ] --END-- [ RunTime:0.001080s ]
SQL: SHOW COLUMNS FROM `tb_cstmusr` [ RunTime:0.004529s ]
SQL: SELECT * FROM `tb_cstmusr` WHERE ( cstmusrid=9 ) LIMIT 1   [ RunTime:0.000439s ]
SQL: SHOW COLUMNS FROM `tb_md` [ RunTime:0.005092s ]
SQL: SELECT * FROM `tb_md` WHERE ( mdmk='Cstmusr' ) LIMIT 1   [ RunTime:0.000405s ]
SQL: SHOW COLUMNS FROM `tb_cstmbtn` [ RunTime:0.003603s ]
SQL: SELECT * FROM `tb_cstmbtn` WHERE ( f_cstmbtn_cstmusrid=9 AND cstmbtnnm='lft' ) LIMIT 1   [ RunTime:0.000377s ]
SQL: SELECT * FROM `tb_cstmbtn` WHERE ( f_cstmbtn_cstmusrid=9 AND cstmbtnnm='bs' ) LIMIT 1   [ RunTime:0.000303s ]
SQL: SELECT * FROM `tb_cstmusr` WHERE ( cstmusrid=9 ) LIMIT 1   [ RunTime:0.000293s ]
INFO: [ view_parse ] --START--
NOTIC: [8] Undefined variable: ntfstr C:\wamp\www\geek\cstm\Runtime\Cache\133d2c5ddb79d2361f243e80f1ef49bd.php 第 60 行.
NOTIC: [8] Undefined variable: vo C:\wamp\www\geek\cstm\Runtime\Cache\133d2c5ddb79d2361f243e80f1ef49bd.php 第 139 行.
NOTIC: [8] Use of undefined constant lbid - assumed 'lbid' C:\wamp\www\geek\cstm\Runtime\Cache\133d2c5ddb79d2361f243e80f1ef49bd.php 第 140 行.
NOTIC: [8] Undefined variable: vo C:\wamp\www\geek\cstm\Runtime\Cache\133d2c5ddb79d2361f243e80f1ef49bd.php 第 140 行.
NOTIC: [8] Undefined index: cstmusrnm C:\wamp\www\geek\cstm\Runtime\Cache\133d2c5ddb79d2361f243e80f1ef49bd.php 第 163 行.
NOTIC: [8] Undefined index: cstmusrnn C:\wamp\www\geek\cstm\Runtime\Cache\133d2c5ddb79d2361f243e80f1ef49bd.php 第 164 行.
NOTIC: [8] Undefined index: cstmusrpt C:\wamp\www\geek\cstm\Runtime\Cache\133d2c5ddb79d2361f243e80f1ef49bd.php 第 166 行.
NOTIC: [8] Undefined index: athnm C:\wamp\www\geek\cstm\Runtime\Cache\133d2c5ddb79d2361f243e80f1ef49bd.php 第 168 行.
NOTIC: [8] Undefined index: cstmusraddtm C:\wamp\www\geek\cstm\Runtime\Cache\133d2c5ddb79d2361f243e80f1ef49bd.php 第 169 行.
NOTIC: [8] Undefined index: cstmusrmdftm C:\wamp\www\geek\cstm\Runtime\Cache\133d2c5ddb79d2361f243e80f1ef49bd.php 第 170 行.
NOTIC: [8] Undefined index: cstmusrcp C:\wamp\www\geek\cstm\Runtime\Cache\133d2c5ddb79d2361f243e80f1ef49bd.php 第 171 行.
NOTIC: [8] Undefined index: cstmusrml C:\wamp\www\geek\cstm\Runtime\Cache\133d2c5ddb79d2361f243e80f1ef49bd.php 第 172 行.
INFO: ParseTemplate Behavior ::run [ RunTime:0.065235s ]
INFO: [ view_parse ] --END-- [ RunTime:0.065387s ]
INFO: [ view_filter ] --START--
INFO: ContentReplace Behavior ::run [ RunTime:0.000653s ]
INFO: TokenBuild Behavior ::run [ RunTime:0.000512s ]
INFO: WriteHtmlCache Behavior ::run [ RunTime:0.000337s ]
INFO: ShowRuntime Behavior ::run [ RunTime:0.000619s ]
INFO: [ view_filter ] --END-- [ RunTime:0.002519s ]
INFO: [ view_end ] --START--
INFO: ShowPageTrace Behavior ::run [ RunTime:0.000664s ]
INFO: [ view_end ] --END-- [ RunTime:0.000815s ]

[ 2015-03-20T23:29:16+08:00 ] 127.0.0.1 /geek/cstm.php/Cstmusr/loginout
INFO: [ route_check ] --START--
INFO: CheckRoute Behavior ::run [ RunTime:0.001210s ]
INFO: [ route_check ] --END-- [ RunTime:0.001441s ]
INFO: [ app_begin ] --START--
INFO: ReadHtmlCache Behavior ::run [ RunTime:0.001068s ]
INFO: [ app_begin ] --END-- [ RunTime:0.001232s ]

[ 2015-03-20T23:29:48+08:00 ] 127.0.0.1 /geek/cstm.php/Cstmusr/loginin
INFO: [ route_check ] --START--
INFO: CheckRoute Behavior ::run [ RunTime:0.000768s ]
INFO: [ route_check ] --END-- [ RunTime:0.000916s ]
INFO: [ app_begin ] --START--
INFO: ReadHtmlCache Behavior ::run [ RunTime:0.000699s ]
INFO: [ app_begin ] --END-- [ RunTime:0.000806s ]
SQL: SHOW COLUMNS FROM `tb_cstmusr` [ RunTime:0.004064s ]
SQL: SELECT * FROM `tb_cstmusr` WHERE ( cstmusrnm='admin' ) LIMIT 1   [ RunTime:0.000449s ]

[ 2015-03-20T23:30:01+08:00 ] 127.0.0.1 /geek/cstm.php/Cstmusr/gtxpg/x/regist
INFO: [ route_check ] --START--
INFO: CheckRoute Behavior ::run [ RunTime:0.000802s ]
INFO: [ route_check ] --END-- [ RunTime:0.000949s ]
INFO: [ app_begin ] --START--
INFO: ReadHtmlCache Behavior ::run [ RunTime:0.000705s ]
INFO: [ app_begin ] --END-- [ RunTime:0.000832s ]
SQL: SHOW COLUMNS FROM `tb_cstmusr` [ RunTime:0.003751s ]
SQL: SELECT * FROM `tb_cstmusr` WHERE ( cstmusrid= ) LIMIT 1   [ RunTime:0.000195s ]
ERR: 1064:You have an error in your SQL syntax; check the manual that corresponds to your MySQL server version for the right syntax to use near ') LIMIT 1' at line 1
 [ SQL语句 ] : SELECT * FROM `tb_cstmusr` WHERE ( cstmusrid= ) LIMIT 1  
SQL: SHOW COLUMNS FROM `tb_md` [ RunTime:0.003468s ]
SQL: SELECT * FROM `tb_md` WHERE ( mdmk='Cstmusr' ) LIMIT 1   [ RunTime:0.000350s ]
SQL: SHOW COLUMNS FROM `tb_cstmbtn` [ RunTime:0.003512s ]
SQL: SELECT * FROM `tb_cstmbtn` WHERE ( f_cstmbtn_cstmusrid= AND cstmbtnnm='lft' ) LIMIT 1   [ RunTime:0.000259s ]
ERR: 1064:You have an error in your SQL syntax; check the manual that corresponds to your MySQL server version for the right syntax to use near 'AND cstmbtnnm='lft' ) LIMIT 1' at line 1
 [ SQL语句 ] : SELECT * FROM `tb_cstmbtn` WHERE ( f_cstmbtn_cstmusrid= AND cstmbtnnm='lft' ) LIMIT 1  
SQL: SELECT * FROM `tb_cstmbtn` WHERE ( f_cstmbtn_cstmusrid= AND cstmbtnnm='bs' ) LIMIT 1   [ RunTime:0.000211s ]
ERR: 1064:You have an error in your SQL syntax; check the manual that corresponds to your MySQL server version for the right syntax to use near 'AND cstmbtnnm='bs' ) LIMIT 1' at line 1
 [ SQL语句 ] : SELECT * FROM `tb_cstmbtn` WHERE ( f_cstmbtn_cstmusrid= AND cstmbtnnm='bs' ) LIMIT 1  
INFO: [ view_parse ] --START--
NOTIC: [8] Undefined index: cstmusrnm C:\wamp\www\geek\cstm\Runtime\Cache\709b8ebc680da4f35d358f203f754d50.php 第 137 行.
NOTIC: [8] Undefined index: cstmusrpw C:\wamp\www\geek\cstm\Runtime\Cache\709b8ebc680da4f35d358f203f754d50.php 第 164 行.
NOTIC: [8] Undefined index: cstmusrpw C:\wamp\www\geek\cstm\Runtime\Cache\709b8ebc680da4f35d358f203f754d50.php 第 170 行.
NOTIC: [8] Undefined index: cstmusrnn C:\wamp\www\geek\cstm\Runtime\Cache\709b8ebc680da4f35d358f203f754d50.php 第 176 行.
NOTIC: [8] Undefined index: cstmusrcp C:\wamp\www\geek\cstm\Runtime\Cache\709b8ebc680da4f35d358f203f754d50.php 第 205 行.
NOTIC: [8] Undefined index: cstmusrml C:\wamp\www\geek\cstm\Runtime\Cache\709b8ebc680da4f35d358f203f754d50.php 第 211 行.
INFO: ParseTemplate Behavior ::run [ RunTime:0.033453s ]
INFO: [ view_parse ] --END-- [ RunTime:0.033603s ]
INFO: [ view_filter ] --START--
INFO: ContentReplace Behavior ::run [ RunTime:0.000643s ]
INFO: TokenBuild Behavior ::run [ RunTime:0.000517s ]
INFO: WriteHtmlCache Behavior ::run [ RunTime:0.000338s ]
INFO: ShowRuntime Behavior ::run [ RunTime:0.000608s ]
INFO: [ view_filter ] --END-- [ RunTime:0.002459s ]
INFO: [ view_end ] --START--
INFO: ShowPageTrace Behavior ::run [ RunTime:0.000625s ]
INFO: [ view_end ] --END-- [ RunTime:0.000748s ]

[ 2015-03-20T23:32:47+08:00 ] 127.0.0.1 /geek/cstm.php/Cstmusr/loginin
INFO: [ route_check ] --START--
INFO: CheckRoute Behavior ::run [ RunTime:0.000983s ]
INFO: [ route_check ] --END-- [ RunTime:0.001133s ]
INFO: [ app_begin ] --START--
INFO: ReadHtmlCache Behavior ::run [ RunTime:0.000731s ]
INFO: [ app_begin ] --END-- [ RunTime:0.000839s ]
SQL: SHOW COLUMNS FROM `tb_cstmusr` [ RunTime:0.004619s ]
SQL: SELECT * FROM `tb_cstmusr` WHERE ( cstmusrnm='li' ) LIMIT 1   [ RunTime:0.000421s ]
SQL: SELECT * FROM `tb_cstmusr` WHERE ( cstmusrnm='li' AND cstmusrpw='1bbd886460827015e5d605ed44252251' ) LIMIT 1   [ RunTime:0.000298s ]
SQL: SELECT * FROM `tb_cstmusr` WHERE ( cstmusrnm='li' AND cstmusrpw='1bbd886460827015e5d605ed44252251' ) LIMIT 1   [ RunTime:0.000290s ]

[ 2015-03-20T23:32:50+08:00 ] 127.0.0.1 /geek/cstm.php
INFO: [ app_begin ] --START--
INFO: ReadHtmlCache Behavior ::run [ RunTime:0.000832s ]
INFO: [ app_begin ] --END-- [ RunTime:0.000997s ]
SQL: SHOW COLUMNS FROM `tb_cstmusr` [ RunTime:0.003728s ]
SQL: SELECT * FROM `tb_cstmusr` WHERE ( cstmusrid=1 ) LIMIT 1   [ RunTime:0.000448s ]
SQL: SELECT * FROM `tb_cstmusr` WHERE ( cstmusrid=1 ) LIMIT 1   [ RunTime:0.000389s ]
NOTIC: [2] Missing argument 1 for KZMBAction::setkzmb(), called in C:\wamp\www\geek\cstm\Lib\Action\IndexAction.class.php on line 29 and defined C:\wamp\www\geek\cstm\Lib\KZMB\KZMBAction.class.php 第 3 行.
SQL: SHOW COLUMNS FROM `tb_cstmbtn` [ RunTime:0.005260s ]
SQL: SELECT * FROM `tb_cstmbtn` WHERE ( f_cstmbtn_cstmusrid=1 AND cstmbtnnm='lft' ) LIMIT 1   [ RunTime:0.000370s ]
SQL: SELECT * FROM `tb_cstmbtn` WHERE ( f_cstmbtn_cstmusrid=1 AND cstmbtnnm='lft' ) LIMIT 1   [ RunTime:0.000349s ]
SQL: SELECT * FROM `tb_cstmbtn` WHERE ( f_cstmbtn_cstmusrid=1 AND cstmbtnnm='bs' ) LIMIT 1   [ RunTime:0.000368s ]
SQL: SELECT * FROM `tb_cstmbtn` WHERE ( f_cstmbtn_cstmusrid=1 AND cstmbtnnm='bs' ) LIMIT 1   [ RunTime:0.000238s ]
INFO: [ view_parse ] --START--
NOTIC: [8] Undefined variable: ntfstr C:\wamp\www\geek\cstm\Runtime\Cache\8f8f76c10e944b3097515d5ad6933a6c.php 第 58 行.
NOTIC: [8] Undefined variable: vo C:\wamp\www\geek\cstm\Runtime\Cache\8f8f76c10e944b3097515d5ad6933a6c.php 第 137 行.
NOTIC: [8] Use of undefined constant lbid - assumed 'lbid' C:\wamp\www\geek\cstm\Runtime\Cache\8f8f76c10e944b3097515d5ad6933a6c.php 第 138 行.
NOTIC: [8] Undefined variable: vo C:\wamp\www\geek\cstm\Runtime\Cache\8f8f76c10e944b3097515d5ad6933a6c.php 第 138 行.
INFO: ParseTemplate Behavior ::run [ RunTime:0.270216s ]
INFO: [ view_parse ] --END-- [ RunTime:0.270405s ]
INFO: [ view_filter ] --START--
INFO: ContentReplace Behavior ::run [ RunTime:0.000565s ]
INFO: TokenBuild Behavior ::run [ RunTime:0.000473s ]
INFO: WriteHtmlCache Behavior ::run [ RunTime:0.000348s ]
INFO: ShowRuntime Behavior ::run [ RunTime:0.000575s ]
INFO: [ view_filter ] --END-- [ RunTime:0.002294s ]
INFO: [ view_end ] --START--
INFO: ShowPageTrace Behavior ::run [ RunTime:0.000616s ]
INFO: [ view_end ] --END-- [ RunTime:0.000738s ]

[ 2015-03-20T23:33:00+08:00 ] 127.0.0.1 /geek/cstm.php/Cstmusr/loginout
INFO: [ route_check ] --START--
INFO: CheckRoute Behavior ::run [ RunTime:0.000794s ]
INFO: [ route_check ] --END-- [ RunTime:0.000955s ]
INFO: [ app_begin ] --START--
INFO: ReadHtmlCache Behavior ::run [ RunTime:0.000822s ]
INFO: [ app_begin ] --END-- [ RunTime:0.000949s ]

