[ 2015-03-25T16:18:22+08:00 ] 127.0.0.1 /geek/cstm.php/Cstmusr/gtxpg/x/regist
INFO: [ route_check ] --START--
INFO: CheckRoute Behavior ::run [ RunTime:0.020143s ]
INFO: [ route_check ] --END-- [ RunTime:0.020310s ]
INFO: [ app_begin ] --START--
INFO: ReadHtmlCache Behavior ::run [ RunTime:0.000928s ]
INFO: [ app_begin ] --END-- [ RunTime:0.001082s ]
SQL: SHOW COLUMNS FROM `tb_cstmusr` [ RunTime:0.004393s ]
SQL: SELECT * FROM `tb_cstmusr` WHERE ( cstmusrid= ) LIMIT 1   [ RunTime:0.000177s ]
ERR: 1064:You have an error in your SQL syntax; check the manual that corresponds to your MySQL server version for the right syntax to use near ') LIMIT 1' at line 1
 [ SQL语句 ] : SELECT * FROM `tb_cstmusr` WHERE ( cstmusrid= ) LIMIT 1  
SQL: SHOW COLUMNS FROM `tb_md` [ RunTime:0.087429s ]
SQL: SELECT * FROM `tb_md` WHERE ( mdmk='Cstmusr' ) LIMIT 1   [ RunTime:0.000377s ]
SQL: SHOW COLUMNS FROM `tb_cstmbtn` [ RunTime:0.034703s ]
SQL: SELECT * FROM `tb_cstmbtn` WHERE ( f_cstmbtn_cstmusrid= AND cstmbtnnm='lft' ) LIMIT 1   [ RunTime:0.000227s ]
ERR: 1064:You have an error in your SQL syntax; check the manual that corresponds to your MySQL server version for the right syntax to use near 'AND cstmbtnnm='lft' ) LIMIT 1' at line 1
 [ SQL语句 ] : SELECT * FROM `tb_cstmbtn` WHERE ( f_cstmbtn_cstmusrid= AND cstmbtnnm='lft' ) LIMIT 1  
SQL: SELECT * FROM `tb_cstmbtn` WHERE ( f_cstmbtn_cstmusrid= AND cstmbtnnm='bs' ) LIMIT 1   [ RunTime:0.000168s ]
ERR: 1064:You have an error in your SQL syntax; check the manual that corresponds to your MySQL server version for the right syntax to use near 'AND cstmbtnnm='bs' ) LIMIT 1' at line 1
 [ SQL语句 ] : SELECT * FROM `tb_cstmbtn` WHERE ( f_cstmbtn_cstmusrid= AND cstmbtnnm='bs' ) LIMIT 1  
INFO: [ view_parse ] --START--
NOTIC: [8] Undefined index: cstmusrnm C:\wamp\www\geek\cstm\Runtime\Cache\709b8ebc680da4f35d358f203f754d50.php 第 140 行.
NOTIC: [8] Undefined index: cstmusrpw C:\wamp\www\geek\cstm\Runtime\Cache\709b8ebc680da4f35d358f203f754d50.php 第 167 行.
NOTIC: [8] Undefined index: cstmusrpw C:\wamp\www\geek\cstm\Runtime\Cache\709b8ebc680da4f35d358f203f754d50.php 第 173 行.
NOTIC: [8] Undefined index: cstmusrnn C:\wamp\www\geek\cstm\Runtime\Cache\709b8ebc680da4f35d358f203f754d50.php 第 179 行.
NOTIC: [8] Undefined index: cstmusrcp C:\wamp\www\geek\cstm\Runtime\Cache\709b8ebc680da4f35d358f203f754d50.php 第 208 行.
NOTIC: [8] Undefined index: cstmusrml C:\wamp\www\geek\cstm\Runtime\Cache\709b8ebc680da4f35d358f203f754d50.php 第 214 行.
INFO: ParseTemplate Behavior ::run [ RunTime:0.082972s ]
INFO: [ view_parse ] --END-- [ RunTime:0.083169s ]
INFO: [ view_filter ] --START--
INFO: ContentReplace Behavior ::run [ RunTime:0.000792s ]
INFO: TokenBuild Behavior ::run [ RunTime:0.000716s ]
INFO: WriteHtmlCache Behavior ::run [ RunTime:0.000682s ]
INFO: ShowRuntime Behavior ::run [ RunTime:0.000980s ]
INFO: [ view_filter ] --END-- [ RunTime:0.003553s ]
INFO: [ view_end ] --START--
INFO: ShowPageTrace Behavior ::run [ RunTime:0.000851s ]
INFO: [ view_end ] --END-- [ RunTime:0.000977s ]

[ 2015-03-25T16:18:27+08:00 ] 127.0.0.1 /geek/cstm.php/FileUpload/upload/issml/y?folder=%2Fgeek%2Fcstm%2Ephp%2FCstmusr%2Fgtxpg%2F%2E%2E%2Fuploads&c=files&fileext=%2A%2Ejpg%3B%2A%2Egif%3B%2A%2Epng%3B%2A%2Ebmp%3B%2A%2Ejpeg%3B%2A%2EJPG%3B%2A%2EGIF%3B%2A%2EPNG%3B%2A%2EBMP%3B%2A%2EJPEG
INFO: [ route_check ] --START--
INFO: CheckRoute Behavior ::run [ RunTime:0.001025s ]
INFO: [ route_check ] --END-- [ RunTime:0.001220s ]
INFO: [ app_begin ] --START--
INFO: ReadHtmlCache Behavior ::run [ RunTime:0.000706s ]
INFO: [ app_begin ] --END-- [ RunTime:0.000843s ]

[ 2015-03-25T16:20:02+08:00 ] 127.0.0.1 /geek/cstm.php/Cstmusr/gtxpg/x/regist
INFO: [ route_check ] --START--
INFO: CheckRoute Behavior ::run [ RunTime:0.001182s ]
INFO: [ route_check ] --END-- [ RunTime:0.001343s ]
INFO: [ app_begin ] --START--
INFO: ReadHtmlCache Behavior ::run [ RunTime:0.000755s ]
INFO: [ app_begin ] --END-- [ RunTime:0.000930s ]
SQL: SHOW COLUMNS FROM `tb_cstmusr` [ RunTime:0.004140s ]
SQL: SELECT * FROM `tb_cstmusr` WHERE ( cstmusrid= ) LIMIT 1   [ RunTime:0.000287s ]
ERR: 1064:You have an error in your SQL syntax; check the manual that corresponds to your MySQL server version for the right syntax to use near ') LIMIT 1' at line 1
 [ SQL语句 ] : SELECT * FROM `tb_cstmusr` WHERE ( cstmusrid= ) LIMIT 1  
SQL: SHOW COLUMNS FROM `tb_md` [ RunTime:0.003568s ]
SQL: SELECT * FROM `tb_md` WHERE ( mdmk='Cstmusr' ) LIMIT 1   [ RunTime:0.000360s ]
SQL: SHOW COLUMNS FROM `tb_cstmbtn` [ RunTime:0.004051s ]
SQL: SELECT * FROM `tb_cstmbtn` WHERE ( f_cstmbtn_cstmusrid= AND cstmbtnnm='lft' ) LIMIT 1   [ RunTime:0.000188s ]
ERR: 1064:You have an error in your SQL syntax; check the manual that corresponds to your MySQL server version for the right syntax to use near 'AND cstmbtnnm='lft' ) LIMIT 1' at line 1
 [ SQL语句 ] : SELECT * FROM `tb_cstmbtn` WHERE ( f_cstmbtn_cstmusrid= AND cstmbtnnm='lft' ) LIMIT 1  
SQL: SELECT * FROM `tb_cstmbtn` WHERE ( f_cstmbtn_cstmusrid= AND cstmbtnnm='bs' ) LIMIT 1   [ RunTime:0.000185s ]
ERR: 1064:You have an error in your SQL syntax; check the manual that corresponds to your MySQL server version for the right syntax to use near 'AND cstmbtnnm='bs' ) LIMIT 1' at line 1
 [ SQL语句 ] : SELECT * FROM `tb_cstmbtn` WHERE ( f_cstmbtn_cstmusrid= AND cstmbtnnm='bs' ) LIMIT 1  
INFO: [ view_parse ] --START--
NOTIC: [8] Undefined index: cstmusrnm C:\wamp\www\geek\cstm\Runtime\Cache\709b8ebc680da4f35d358f203f754d50.php 第 140 行.
NOTIC: [8] Undefined index: cstmusrpw C:\wamp\www\geek\cstm\Runtime\Cache\709b8ebc680da4f35d358f203f754d50.php 第 167 行.
NOTIC: [8] Undefined index: cstmusrpw C:\wamp\www\geek\cstm\Runtime\Cache\709b8ebc680da4f35d358f203f754d50.php 第 173 行.
NOTIC: [8] Undefined index: cstmusrnn C:\wamp\www\geek\cstm\Runtime\Cache\709b8ebc680da4f35d358f203f754d50.php 第 179 行.
NOTIC: [8] Undefined index: cstmusrcp C:\wamp\www\geek\cstm\Runtime\Cache\709b8ebc680da4f35d358f203f754d50.php 第 208 行.
NOTIC: [8] Undefined index: cstmusrml C:\wamp\www\geek\cstm\Runtime\Cache\709b8ebc680da4f35d358f203f754d50.php 第 214 行.
INFO: ParseTemplate Behavior ::run [ RunTime:0.021947s ]
INFO: [ view_parse ] --END-- [ RunTime:0.022112s ]
INFO: [ view_filter ] --START--
INFO: ContentReplace Behavior ::run [ RunTime:0.000656s ]
INFO: TokenBuild Behavior ::run [ RunTime:0.000710s ]
INFO: WriteHtmlCache Behavior ::run [ RunTime:0.000490s ]
INFO: ShowRuntime Behavior ::run [ RunTime:0.000697s ]
INFO: [ view_filter ] --END-- [ RunTime:0.002902s ]
INFO: [ view_end ] --START--
INFO: ShowPageTrace Behavior ::run [ RunTime:0.000717s ]
INFO: [ view_end ] --END-- [ RunTime:0.000843s ]

[ 2015-03-25T16:20:05+08:00 ] 127.0.0.1 /geek/cstm.php/FileUpload/upload/issml/y?folder=%2Fgeek%2Fcstm%2Ephp%2FCstmusr%2Fgtxpg%2F%2E%2E%2Fuploads&c=files&fileext=%2A%2Ejpg%3B%2A%2Egif%3B%2A%2Epng%3B%2A%2Ebmp%3B%2A%2Ejpeg%3B%2A%2EJPG%3B%2A%2EGIF%3B%2A%2EPNG%3B%2A%2EBMP%3B%2A%2EJPEG
INFO: [ route_check ] --START--
INFO: CheckRoute Behavior ::run [ RunTime:0.000913s ]
INFO: [ route_check ] --END-- [ RunTime:0.001070s ]
INFO: [ app_begin ] --START--
INFO: ReadHtmlCache Behavior ::run [ RunTime:0.000730s ]
INFO: [ app_begin ] --END-- [ RunTime:0.000873s ]

[ 2015-03-25T16:23:06+08:00 ] 127.0.0.1 /geek/cstm.php/Cstmusr/gtxpg/x/regist
INFO: [ route_check ] --START--
INFO: CheckRoute Behavior ::run [ RunTime:0.000993s ]
INFO: [ route_check ] --END-- [ RunTime:0.001159s ]
INFO: [ app_begin ] --START--
INFO: ReadHtmlCache Behavior ::run [ RunTime:0.000664s ]
INFO: [ app_begin ] --END-- [ RunTime:0.000791s ]
SQL: SHOW COLUMNS FROM `tb_cstmusr` [ RunTime:0.003753s ]
SQL: SELECT * FROM `tb_cstmusr` WHERE ( cstmusrid= ) LIMIT 1   [ RunTime:0.000204s ]
ERR: 1064:You have an error in your SQL syntax; check the manual that corresponds to your MySQL server version for the right syntax to use near ') LIMIT 1' at line 1
 [ SQL语句 ] : SELECT * FROM `tb_cstmusr` WHERE ( cstmusrid= ) LIMIT 1  
SQL: SHOW COLUMNS FROM `tb_md` [ RunTime:0.003309s ]
SQL: SELECT * FROM `tb_md` WHERE ( mdmk='Cstmusr' ) LIMIT 1   [ RunTime:0.000353s ]
SQL: SHOW COLUMNS FROM `tb_cstmbtn` [ RunTime:0.003333s ]
SQL: SELECT * FROM `tb_cstmbtn` WHERE ( f_cstmbtn_cstmusrid= AND cstmbtnnm='lft' ) LIMIT 1   [ RunTime:0.000175s ]
ERR: 1064:You have an error in your SQL syntax; check the manual that corresponds to your MySQL server version for the right syntax to use near 'AND cstmbtnnm='lft' ) LIMIT 1' at line 1
 [ SQL语句 ] : SELECT * FROM `tb_cstmbtn` WHERE ( f_cstmbtn_cstmusrid= AND cstmbtnnm='lft' ) LIMIT 1  
SQL: SELECT * FROM `tb_cstmbtn` WHERE ( f_cstmbtn_cstmusrid= AND cstmbtnnm='bs' ) LIMIT 1   [ RunTime:0.000144s ]
ERR: 1064:You have an error in your SQL syntax; check the manual that corresponds to your MySQL server version for the right syntax to use near 'AND cstmbtnnm='bs' ) LIMIT 1' at line 1
 [ SQL语句 ] : SELECT * FROM `tb_cstmbtn` WHERE ( f_cstmbtn_cstmusrid= AND cstmbtnnm='bs' ) LIMIT 1  
INFO: [ view_parse ] --START--
NOTIC: [8] Undefined index: cstmusrnm C:\wamp\www\geek\cstm\Runtime\Cache\709b8ebc680da4f35d358f203f754d50.php 第 140 行.
NOTIC: [8] Undefined index: cstmusrpw C:\wamp\www\geek\cstm\Runtime\Cache\709b8ebc680da4f35d358f203f754d50.php 第 167 行.
NOTIC: [8] Undefined index: cstmusrpw C:\wamp\www\geek\cstm\Runtime\Cache\709b8ebc680da4f35d358f203f754d50.php 第 173 行.
NOTIC: [8] Undefined index: cstmusrnn C:\wamp\www\geek\cstm\Runtime\Cache\709b8ebc680da4f35d358f203f754d50.php 第 179 行.
NOTIC: [8] Undefined index: cstmusrcp C:\wamp\www\geek\cstm\Runtime\Cache\709b8ebc680da4f35d358f203f754d50.php 第 208 行.
NOTIC: [8] Undefined index: cstmusrml C:\wamp\www\geek\cstm\Runtime\Cache\709b8ebc680da4f35d358f203f754d50.php 第 214 行.
INFO: ParseTemplate Behavior ::run [ RunTime:0.013782s ]
INFO: [ view_parse ] --END-- [ RunTime:0.013919s ]
INFO: [ view_filter ] --START--
INFO: ContentReplace Behavior ::run [ RunTime:0.000607s ]
INFO: TokenBuild Behavior ::run [ RunTime:0.000598s ]
INFO: WriteHtmlCache Behavior ::run [ RunTime:0.000408s ]
INFO: ShowRuntime Behavior ::run [ RunTime:0.000646s ]
INFO: [ view_filter ] --END-- [ RunTime:0.002593s ]
INFO: [ view_end ] --START--
INFO: ShowPageTrace Behavior ::run [ RunTime:0.000686s ]
INFO: [ view_end ] --END-- [ RunTime:0.000807s ]

[ 2015-03-25T19:09:02+08:00 ] 127.0.0.1 /geek/cstm.php/Cstmusr/gtxpg/x/regist
INFO: [ route_check ] --START--
INFO: CheckRoute Behavior ::run [ RunTime:0.035867s ]
INFO: [ route_check ] --END-- [ RunTime:0.036077s ]
INFO: [ app_begin ] --START--
INFO: ReadHtmlCache Behavior ::run [ RunTime:0.014809s ]
INFO: [ app_begin ] --END-- [ RunTime:0.015018s ]
SQL: SHOW COLUMNS FROM `tb_cstmusr` [ RunTime:0.024797s ]
SQL: SELECT * FROM `tb_cstmusr` WHERE ( cstmusrid= ) LIMIT 1   [ RunTime:0.000258s ]
ERR: 1064:You have an error in your SQL syntax; check the manual that corresponds to your MySQL server version for the right syntax to use near ') LIMIT 1' at line 1
 [ SQL语句 ] : SELECT * FROM `tb_cstmusr` WHERE ( cstmusrid= ) LIMIT 1  
SQL: SHOW COLUMNS FROM `tb_md` [ RunTime:0.003612s ]
SQL: SELECT * FROM `tb_md` WHERE ( mdmk='Cstmusr' ) LIMIT 1   [ RunTime:0.000460s ]
SQL: SHOW COLUMNS FROM `tb_cstmbtn` [ RunTime:0.012105s ]
SQL: SELECT * FROM `tb_cstmbtn` WHERE ( f_cstmbtn_cstmusrid= AND cstmbtnnm='lft' ) LIMIT 1   [ RunTime:0.000439s ]
ERR: 1064:You have an error in your SQL syntax; check the manual that corresponds to your MySQL server version for the right syntax to use near 'AND cstmbtnnm='lft' ) LIMIT 1' at line 1
 [ SQL语句 ] : SELECT * FROM `tb_cstmbtn` WHERE ( f_cstmbtn_cstmusrid= AND cstmbtnnm='lft' ) LIMIT 1  
SQL: SELECT * FROM `tb_cstmbtn` WHERE ( f_cstmbtn_cstmusrid= AND cstmbtnnm='bs' ) LIMIT 1   [ RunTime:0.000205s ]
ERR: 1064:You have an error in your SQL syntax; check the manual that corresponds to your MySQL server version for the right syntax to use near 'AND cstmbtnnm='bs' ) LIMIT 1' at line 1
 [ SQL语句 ] : SELECT * FROM `tb_cstmbtn` WHERE ( f_cstmbtn_cstmusrid= AND cstmbtnnm='bs' ) LIMIT 1  
INFO: [ view_parse ] --START--
NOTIC: [8] Undefined index: cstmusrnm C:\wamp\www\geek\cstm\Runtime\Cache\709b8ebc680da4f35d358f203f754d50.php 第 140 行.
NOTIC: [8] Undefined index: cstmusrpw C:\wamp\www\geek\cstm\Runtime\Cache\709b8ebc680da4f35d358f203f754d50.php 第 167 行.
NOTIC: [8] Undefined index: cstmusrpw C:\wamp\www\geek\cstm\Runtime\Cache\709b8ebc680da4f35d358f203f754d50.php 第 173 行.
NOTIC: [8] Undefined index: cstmusrnn C:\wamp\www\geek\cstm\Runtime\Cache\709b8ebc680da4f35d358f203f754d50.php 第 179 行.
NOTIC: [8] Undefined index: cstmusrcp C:\wamp\www\geek\cstm\Runtime\Cache\709b8ebc680da4f35d358f203f754d50.php 第 208 行.
NOTIC: [8] Undefined index: cstmusrml C:\wamp\www\geek\cstm\Runtime\Cache\709b8ebc680da4f35d358f203f754d50.php 第 214 行.
INFO: ParseTemplate Behavior ::run [ RunTime:0.121950s ]
INFO: [ view_parse ] --END-- [ RunTime:0.122118s ]
INFO: [ view_filter ] --START--
INFO: ContentReplace Behavior ::run [ RunTime:0.033759s ]
INFO: TokenBuild Behavior ::run [ RunTime:0.009426s ]
INFO: WriteHtmlCache Behavior ::run [ RunTime:0.006697s ]
INFO: ShowRuntime Behavior ::run [ RunTime:0.004912s ]
INFO: [ view_filter ] --END-- [ RunTime:0.055337s ]
INFO: [ view_end ] --START--
INFO: ShowPageTrace Behavior ::run [ RunTime:0.008930s ]
INFO: [ view_end ] --END-- [ RunTime:0.009074s ]

[ 2015-03-25T19:09:06+08:00 ] 127.0.0.1 /geek/cstm.php/FileUpload/upload/issml/y/wjj/cstmusr?folder=%2Fgeek%2Fcstm%2Ephp%2FCstmusr%2Fgtxpg%2F%2E%2E%2Fuploads&c=files&fileext=%2A%2Ejpg%3B%2A%2Egif%3B%2A%2Epng%3B%2A%2Ebmp%3B%2A%2Ejpeg%3B%2A%2EJPG%3B%2A%2EGIF%3B%2A%2EPNG%3B%2A%2EBMP%3B%2A%2EJPEG
INFO: [ route_check ] --START--
INFO: CheckRoute Behavior ::run [ RunTime:0.001492s ]
INFO: [ route_check ] --END-- [ RunTime:0.001681s ]
INFO: [ app_begin ] --START--
INFO: ReadHtmlCache Behavior ::run [ RunTime:0.000703s ]
INFO: [ app_begin ] --END-- [ RunTime:0.000836s ]

[ 2015-03-25T19:09:33+08:00 ] 127.0.0.1 /geek/cstm.php/FileUpload/upload/issml/y/wjj/cstmusr?folder=%2Fgeek%2Fcstm%2Ephp%2FCstmusr%2Fgtxpg%2F%2E%2E%2Fuploads&c=files&fileext=%2A%2Ejpg%3B%2A%2Egif%3B%2A%2Epng%3B%2A%2Ebmp%3B%2A%2Ejpeg%3B%2A%2EJPG%3B%2A%2EGIF%3B%2A%2EPNG%3B%2A%2EBMP%3B%2A%2EJPEG
INFO: [ route_check ] --START--
INFO: CheckRoute Behavior ::run [ RunTime:0.000813s ]
INFO: [ route_check ] --END-- [ RunTime:0.000968s ]
INFO: [ app_begin ] --START--
INFO: ReadHtmlCache Behavior ::run [ RunTime:0.000614s ]
INFO: [ app_begin ] --END-- [ RunTime:0.000743s ]

[ 2015-03-25T19:11:46+08:00 ] 127.0.0.1 /geek/cstm.php/FileUpload/upload/issml/y/wjj/cstmusr?folder=%2Fgeek%2Fcstm%2Ephp%2FCstmusr%2Fgtxpg%2F%2E%2E%2Fuploads&c=files&fileext=%2A%2Ejpg%3B%2A%2Egif%3B%2A%2Epng%3B%2A%2Ebmp%3B%2A%2Ejpeg%3B%2A%2EJPG%3B%2A%2EGIF%3B%2A%2EPNG%3B%2A%2EBMP%3B%2A%2EJPEG
INFO: [ route_check ] --START--
INFO: CheckRoute Behavior ::run [ RunTime:0.001138s ]
INFO: [ route_check ] --END-- [ RunTime:0.001342s ]
INFO: [ app_begin ] --START--
INFO: ReadHtmlCache Behavior ::run [ RunTime:0.000738s ]
INFO: [ app_begin ] --END-- [ RunTime:0.000874s ]

[ 2015-03-25T19:12:01+08:00 ] 127.0.0.1 /geek/cstm.php/FileUpload/upload/issml/y/wjj/cstmusr?folder=%2Fgeek%2Fcstm%2Ephp%2FCstmusr%2Fgtxpg%2F%2E%2E%2Fuploads&c=files&fileext=%2A%2Ejpg%3B%2A%2Egif%3B%2A%2Epng%3B%2A%2Ebmp%3B%2A%2Ejpeg%3B%2A%2EJPG%3B%2A%2EGIF%3B%2A%2EPNG%3B%2A%2EBMP%3B%2A%2EJPEG
INFO: [ route_check ] --START--
INFO: CheckRoute Behavior ::run [ RunTime:0.001670s ]
INFO: [ route_check ] --END-- [ RunTime:0.001875s ]
INFO: [ app_begin ] --START--
INFO: ReadHtmlCache Behavior ::run [ RunTime:0.000974s ]
INFO: [ app_begin ] --END-- [ RunTime:0.001155s ]

[ 2015-03-25T19:20:34+08:00 ] 127.0.0.1 /geek/cstm.php/Cstmusr/gtxpg/x/regist
INFO: [ route_check ] --START--
INFO: CheckRoute Behavior ::run [ RunTime:0.013890s ]
INFO: [ route_check ] --END-- [ RunTime:0.014101s ]
INFO: [ app_begin ] --START--
INFO: ReadHtmlCache Behavior ::run [ RunTime:0.014944s ]
INFO: [ app_begin ] --END-- [ RunTime:0.015155s ]
SQL: SHOW COLUMNS FROM `tb_cstmusr` [ RunTime:0.004310s ]
SQL: SELECT * FROM `tb_cstmusr` WHERE ( cstmusrid= ) LIMIT 1   [ RunTime:0.000209s ]
ERR: 1064:You have an error in your SQL syntax; check the manual that corresponds to your MySQL server version for the right syntax to use near ') LIMIT 1' at line 1
 [ SQL语句 ] : SELECT * FROM `tb_cstmusr` WHERE ( cstmusrid= ) LIMIT 1  
SQL: SHOW COLUMNS FROM `tb_md` [ RunTime:0.003234s ]
SQL: SELECT * FROM `tb_md` WHERE ( mdmk='Cstmusr' ) LIMIT 1   [ RunTime:0.000348s ]
SQL: SHOW COLUMNS FROM `tb_cstmbtn` [ RunTime:0.003470s ]
SQL: SELECT * FROM `tb_cstmbtn` WHERE ( f_cstmbtn_cstmusrid= AND cstmbtnnm='lft' ) LIMIT 1   [ RunTime:0.000188s ]
ERR: 1064:You have an error in your SQL syntax; check the manual that corresponds to your MySQL server version for the right syntax to use near 'AND cstmbtnnm='lft' ) LIMIT 1' at line 1
 [ SQL语句 ] : SELECT * FROM `tb_cstmbtn` WHERE ( f_cstmbtn_cstmusrid= AND cstmbtnnm='lft' ) LIMIT 1  
SQL: SELECT * FROM `tb_cstmbtn` WHERE ( f_cstmbtn_cstmusrid= AND cstmbtnnm='bs' ) LIMIT 1   [ RunTime:0.000168s ]
ERR: 1064:You have an error in your SQL syntax; check the manual that corresponds to your MySQL server version for the right syntax to use near 'AND cstmbtnnm='bs' ) LIMIT 1' at line 1
 [ SQL语句 ] : SELECT * FROM `tb_cstmbtn` WHERE ( f_cstmbtn_cstmusrid= AND cstmbtnnm='bs' ) LIMIT 1  
INFO: [ view_parse ] --START--
NOTIC: [8] Undefined index: cstmusrnm C:\wamp\www\geek\cstm\Runtime\Cache\709b8ebc680da4f35d358f203f754d50.php 第 140 行.
NOTIC: [8] Undefined index: cstmusrpw C:\wamp\www\geek\cstm\Runtime\Cache\709b8ebc680da4f35d358f203f754d50.php 第 167 行.
NOTIC: [8] Undefined index: cstmusrpw C:\wamp\www\geek\cstm\Runtime\Cache\709b8ebc680da4f35d358f203f754d50.php 第 173 行.
NOTIC: [8] Undefined index: cstmusrnn C:\wamp\www\geek\cstm\Runtime\Cache\709b8ebc680da4f35d358f203f754d50.php 第 179 行.
NOTIC: [8] Undefined index: cstmusrcp C:\wamp\www\geek\cstm\Runtime\Cache\709b8ebc680da4f35d358f203f754d50.php 第 208 行.
NOTIC: [8] Undefined index: cstmusrml C:\wamp\www\geek\cstm\Runtime\Cache\709b8ebc680da4f35d358f203f754d50.php 第 214 行.
INFO: ParseTemplate Behavior ::run [ RunTime:0.082205s ]
INFO: [ view_parse ] --END-- [ RunTime:0.082399s ]
INFO: [ view_filter ] --START--
INFO: ContentReplace Behavior ::run [ RunTime:0.015890s ]
INFO: TokenBuild Behavior ::run [ RunTime:0.009533s ]
INFO: WriteHtmlCache Behavior ::run [ RunTime:0.006906s ]
INFO: ShowRuntime Behavior ::run [ RunTime:0.004893s ]
INFO: [ view_filter ] --END-- [ RunTime:0.037668s ]
INFO: [ view_end ] --START--
INFO: ShowPageTrace Behavior ::run [ RunTime:0.008922s ]
INFO: [ view_end ] --END-- [ RunTime:0.009067s ]

[ 2015-03-25T19:20:42+08:00 ] 127.0.0.1 /geek/cstm.php/FileUpload/upload/issml/y/wjj/cstmusr?folder=%2Fgeek%2Fcstm%2Ephp%2FCstmusr%2Fgtxpg%2F%2E%2E%2Fuploads&c=files&fileext=%2A%2Ejpg%3B%2A%2Egif%3B%2A%2Epng%3B%2A%2Ebmp%3B%2A%2Ejpeg%3B%2A%2EJPG%3B%2A%2EGIF%3B%2A%2EPNG%3B%2A%2EBMP%3B%2A%2EJPEG
INFO: [ route_check ] --START--
INFO: CheckRoute Behavior ::run [ RunTime:0.001462s ]
INFO: [ route_check ] --END-- [ RunTime:0.001660s ]
INFO: [ app_begin ] --START--
INFO: ReadHtmlCache Behavior ::run [ RunTime:0.000748s ]
INFO: [ app_begin ] --END-- [ RunTime:0.000886s ]

[ 2015-03-25T19:21:07+08:00 ] 127.0.0.1 /geek/cstm.php/FileUpload/upload/issml/y/wjj/cstmusr?folder=%2Fgeek%2Fcstm%2Ephp%2FCstmusr%2Fgtxpg%2F%2E%2E%2Fuploads&c=files&fileext=%2A%2Ejpg%3B%2A%2Egif%3B%2A%2Epng%3B%2A%2Ebmp%3B%2A%2Ejpeg%3B%2A%2EJPG%3B%2A%2EGIF%3B%2A%2EPNG%3B%2A%2EBMP%3B%2A%2EJPEG
INFO: [ route_check ] --START--
INFO: CheckRoute Behavior ::run [ RunTime:0.000967s ]
INFO: [ route_check ] --END-- [ RunTime:0.001130s ]
INFO: [ app_begin ] --START--
INFO: ReadHtmlCache Behavior ::run [ RunTime:0.001061s ]
INFO: [ app_begin ] --END-- [ RunTime:0.001275s ]

[ 2015-03-25T19:22:05+08:00 ] 127.0.0.1 /geek/cstm.php/FileUpload/upload/issml/y/wjj/cstmusr?folder=%2Fgeek%2Fcstm%2Ephp%2FCstmusr%2Fgtxpg%2F%2E%2E%2Fuploads&c=files&fileext=%2A%2Ejpg%3B%2A%2Egif%3B%2A%2Epng%3B%2A%2Ebmp%3B%2A%2Ejpeg%3B%2A%2EJPG%3B%2A%2EGIF%3B%2A%2EPNG%3B%2A%2EBMP%3B%2A%2EJPEG
INFO: [ route_check ] --START--
INFO: CheckRoute Behavior ::run [ RunTime:0.000786s ]
INFO: [ route_check ] --END-- [ RunTime:0.000933s ]
INFO: [ app_begin ] --START--
INFO: ReadHtmlCache Behavior ::run [ RunTime:0.000595s ]
INFO: [ app_begin ] --END-- [ RunTime:0.000721s ]

[ 2015-03-25T19:23:48+08:00 ] 127.0.0.1 /geek/cstm.php/FileUpload/upload/issml/y/wjj/cstmusr?folder=%2Fgeek%2Fcstm%2Ephp%2FCstmusr%2Fgtxpg%2F%2E%2E%2Fuploads&c=files&fileext=%2A%2Ejpg%3B%2A%2Egif%3B%2A%2Epng%3B%2A%2Ebmp%3B%2A%2Ejpeg%3B%2A%2EJPG%3B%2A%2EGIF%3B%2A%2EPNG%3B%2A%2EBMP%3B%2A%2EJPEG
INFO: [ route_check ] --START--
INFO: CheckRoute Behavior ::run [ RunTime:0.001192s ]
INFO: [ route_check ] --END-- [ RunTime:0.001350s ]
INFO: [ app_begin ] --START--
INFO: ReadHtmlCache Behavior ::run [ RunTime:0.001100s ]
INFO: [ app_begin ] --END-- [ RunTime:0.001238s ]

[ 2015-03-25T19:24:10+08:00 ] 127.0.0.1 /geek/cstm.php/FileUpload/upload/issml/y/wjj/cstmusr?folder=%2Fgeek%2Fcstm%2Ephp%2FCstmusr%2Fgtxpg%2F%2E%2E%2Fuploads&c=files&fileext=%2A%2Ejpg%3B%2A%2Egif%3B%2A%2Epng%3B%2A%2Ebmp%3B%2A%2Ejpeg%3B%2A%2EJPG%3B%2A%2EGIF%3B%2A%2EPNG%3B%2A%2EBMP%3B%2A%2EJPEG
INFO: [ route_check ] --START--
INFO: CheckRoute Behavior ::run [ RunTime:0.001521s ]
INFO: [ route_check ] --END-- [ RunTime:0.001759s ]
INFO: [ app_begin ] --START--
INFO: ReadHtmlCache Behavior ::run [ RunTime:0.000784s ]
INFO: [ app_begin ] --END-- [ RunTime:0.000925s ]

[ 2015-03-25T19:24:57+08:00 ] 127.0.0.1 /geek/cstm.php/FileUpload/upload/issml/y/wjj/cstmusr?folder=%2Fgeek%2Fcstm%2Ephp%2FCstmusr%2Fgtxpg%2F%2E%2E%2Fuploads&c=files&fileext=%2A%2Ejpg%3B%2A%2Egif%3B%2A%2Epng%3B%2A%2Ebmp%3B%2A%2Ejpeg%3B%2A%2EJPG%3B%2A%2EGIF%3B%2A%2EPNG%3B%2A%2EBMP%3B%2A%2EJPEG
INFO: [ route_check ] --START--
INFO: CheckRoute Behavior ::run [ RunTime:0.001592s ]
INFO: [ route_check ] --END-- [ RunTime:0.001756s ]
INFO: [ app_begin ] --START--
INFO: ReadHtmlCache Behavior ::run [ RunTime:0.001068s ]
INFO: [ app_begin ] --END-- [ RunTime:0.001212s ]

[ 2015-03-25T19:27:25+08:00 ] 127.0.0.1 /geek/cstm.php/FileUpload/upload/issml/y/wjj/cstmusr?folder=%2Fgeek%2Fcstm%2Ephp%2FCstmusr%2Fgtxpg%2F%2E%2E%2Fuploads&c=files&fileext=%2A%2Ejpg%3B%2A%2Egif%3B%2A%2Epng%3B%2A%2Ebmp%3B%2A%2Ejpeg%3B%2A%2EJPG%3B%2A%2EGIF%3B%2A%2EPNG%3B%2A%2EBMP%3B%2A%2EJPEG
INFO: [ route_check ] --START--
INFO: CheckRoute Behavior ::run [ RunTime:0.001220s ]
INFO: [ route_check ] --END-- [ RunTime:0.001414s ]
INFO: [ app_begin ] --START--
INFO: ReadHtmlCache Behavior ::run [ RunTime:0.001298s ]
INFO: [ app_begin ] --END-- [ RunTime:0.001462s ]

[ 2015-03-25T19:27:30+08:00 ] 127.0.0.1 /geek/cstm.php/Cstmusr/gtxpg/x/regist
INFO: [ route_check ] --START--
INFO: CheckRoute Behavior ::run [ RunTime:0.001112s ]
INFO: [ route_check ] --END-- [ RunTime:0.001265s ]
INFO: [ app_begin ] --START--
INFO: ReadHtmlCache Behavior ::run [ RunTime:0.000959s ]
INFO: [ app_begin ] --END-- [ RunTime:0.001092s ]
SQL: SHOW COLUMNS FROM `tb_cstmusr` [ RunTime:0.017828s ]
SQL: SELECT * FROM `tb_cstmusr` WHERE ( cstmusrid= ) LIMIT 1   [ RunTime:0.000227s ]
ERR: 1064:You have an error in your SQL syntax; check the manual that corresponds to your MySQL server version for the right syntax to use near ') LIMIT 1' at line 1
 [ SQL语句 ] : SELECT * FROM `tb_cstmusr` WHERE ( cstmusrid= ) LIMIT 1  
SQL: SHOW COLUMNS FROM `tb_md` [ RunTime:0.003678s ]
SQL: SELECT * FROM `tb_md` WHERE ( mdmk='Cstmusr' ) LIMIT 1   [ RunTime:0.000551s ]
SQL: SHOW COLUMNS FROM `tb_cstmbtn` [ RunTime:0.011966s ]
SQL: SELECT * FROM `tb_cstmbtn` WHERE ( f_cstmbtn_cstmusrid= AND cstmbtnnm='lft' ) LIMIT 1   [ RunTime:0.000302s ]
ERR: 1064:You have an error in your SQL syntax; check the manual that corresponds to your MySQL server version for the right syntax to use near 'AND cstmbtnnm='lft' ) LIMIT 1' at line 1
 [ SQL语句 ] : SELECT * FROM `tb_cstmbtn` WHERE ( f_cstmbtn_cstmusrid= AND cstmbtnnm='lft' ) LIMIT 1  
SQL: SELECT * FROM `tb_cstmbtn` WHERE ( f_cstmbtn_cstmusrid= AND cstmbtnnm='bs' ) LIMIT 1   [ RunTime:0.000174s ]
ERR: 1064:You have an error in your SQL syntax; check the manual that corresponds to your MySQL server version for the right syntax to use near 'AND cstmbtnnm='bs' ) LIMIT 1' at line 1
 [ SQL语句 ] : SELECT * FROM `tb_cstmbtn` WHERE ( f_cstmbtn_cstmusrid= AND cstmbtnnm='bs' ) LIMIT 1  
INFO: [ view_parse ] --START--
NOTIC: [8] Undefined index: cstmusrnm C:\wamp\www\geek\cstm\Runtime\Cache\709b8ebc680da4f35d358f203f754d50.php 第 140 行.
NOTIC: [8] Undefined index: cstmusrpw C:\wamp\www\geek\cstm\Runtime\Cache\709b8ebc680da4f35d358f203f754d50.php 第 167 行.
NOTIC: [8] Undefined index: cstmusrpw C:\wamp\www\geek\cstm\Runtime\Cache\709b8ebc680da4f35d358f203f754d50.php 第 173 行.
NOTIC: [8] Undefined index: cstmusrnn C:\wamp\www\geek\cstm\Runtime\Cache\709b8ebc680da4f35d358f203f754d50.php 第 179 行.
NOTIC: [8] Undefined index: cstmusrcp C:\wamp\www\geek\cstm\Runtime\Cache\709b8ebc680da4f35d358f203f754d50.php 第 208 行.
NOTIC: [8] Undefined index: cstmusrml C:\wamp\www\geek\cstm\Runtime\Cache\709b8ebc680da4f35d358f203f754d50.php 第 214 行.
INFO: ParseTemplate Behavior ::run [ RunTime:0.095899s ]
INFO: [ view_parse ] --END-- [ RunTime:0.096082s ]
INFO: [ view_filter ] --START--
INFO: ContentReplace Behavior ::run [ RunTime:0.015624s ]
INFO: TokenBuild Behavior ::run [ RunTime:0.009443s ]
INFO: WriteHtmlCache Behavior ::run [ RunTime:0.006978s ]
INFO: ShowRuntime Behavior ::run [ RunTime:0.004968s ]
INFO: [ view_filter ] --END-- [ RunTime:0.037588s ]
INFO: [ view_end ] --START--
INFO: ShowPageTrace Behavior ::run [ RunTime:0.008688s ]
INFO: [ view_end ] --END-- [ RunTime:0.008832s ]

[ 2015-03-25T19:27:32+08:00 ] 127.0.0.1 /geek/cstm.php/FileUpload/upload/issml/y/wjj/cstmusr?folder=%2Fgeek%2Fcstm%2Ephp%2FCstmusr%2Fgtxpg%2F%2E%2E%2Fuploads&c=files&fileext=%2A%2Ejpg%3B%2A%2Egif%3B%2A%2Epng%3B%2A%2Ebmp%3B%2A%2Ejpeg%3B%2A%2EJPG%3B%2A%2EGIF%3B%2A%2EPNG%3B%2A%2EBMP%3B%2A%2EJPEG
INFO: [ route_check ] --START--
INFO: CheckRoute Behavior ::run [ RunTime:0.001082s ]
INFO: [ route_check ] --END-- [ RunTime:0.001236s ]
INFO: [ app_begin ] --START--
INFO: ReadHtmlCache Behavior ::run [ RunTime:0.000923s ]
INFO: [ app_begin ] --END-- [ RunTime:0.001084s ]

[ 2015-03-25T19:29:43+08:00 ] 127.0.0.1 /geek/cstm.php/Cstmusr/gtxpg/x/regist
INFO: [ route_check ] --START--
INFO: CheckRoute Behavior ::run [ RunTime:0.001082s ]
INFO: [ route_check ] --END-- [ RunTime:0.001247s ]
INFO: [ app_begin ] --START--
INFO: ReadHtmlCache Behavior ::run [ RunTime:0.000707s ]
INFO: [ app_begin ] --END-- [ RunTime:0.000847s ]
SQL: SHOW COLUMNS FROM `tb_cstmusr` [ RunTime:0.003911s ]
SQL: SELECT * FROM `tb_cstmusr` WHERE ( cstmusrid= ) LIMIT 1   [ RunTime:0.000301s ]
ERR: 1064:You have an error in your SQL syntax; check the manual that corresponds to your MySQL server version for the right syntax to use near ') LIMIT 1' at line 1
 [ SQL语句 ] : SELECT * FROM `tb_cstmusr` WHERE ( cstmusrid= ) LIMIT 1  
SQL: SHOW COLUMNS FROM `tb_md` [ RunTime:0.003613s ]
SQL: SELECT * FROM `tb_md` WHERE ( mdmk='Cstmusr' ) LIMIT 1   [ RunTime:0.000331s ]
SQL: SHOW COLUMNS FROM `tb_cstmbtn` [ RunTime:0.003458s ]
SQL: SELECT * FROM `tb_cstmbtn` WHERE ( f_cstmbtn_cstmusrid= AND cstmbtnnm='lft' ) LIMIT 1   [ RunTime:0.000452s ]
ERR: 1064:You have an error in your SQL syntax; check the manual that corresponds to your MySQL server version for the right syntax to use near 'AND cstmbtnnm='lft' ) LIMIT 1' at line 1
 [ SQL语句 ] : SELECT * FROM `tb_cstmbtn` WHERE ( f_cstmbtn_cstmusrid= AND cstmbtnnm='lft' ) LIMIT 1  
SQL: SELECT * FROM `tb_cstmbtn` WHERE ( f_cstmbtn_cstmusrid= AND cstmbtnnm='bs' ) LIMIT 1   [ RunTime:0.000216s ]
ERR: 1064:You have an error in your SQL syntax; check the manual that corresponds to your MySQL server version for the right syntax to use near 'AND cstmbtnnm='bs' ) LIMIT 1' at line 1
 [ SQL语句 ] : SELECT * FROM `tb_cstmbtn` WHERE ( f_cstmbtn_cstmusrid= AND cstmbtnnm='bs' ) LIMIT 1  
INFO: [ view_parse ] --START--
NOTIC: [8] Undefined index: cstmusrnm C:\wamp\www\geek\cstm\Runtime\Cache\709b8ebc680da4f35d358f203f754d50.php 第 140 行.
NOTIC: [8] Undefined index: cstmusrpw C:\wamp\www\geek\cstm\Runtime\Cache\709b8ebc680da4f35d358f203f754d50.php 第 167 行.
NOTIC: [8] Undefined index: cstmusrpw C:\wamp\www\geek\cstm\Runtime\Cache\709b8ebc680da4f35d358f203f754d50.php 第 173 行.
NOTIC: [8] Undefined index: cstmusrnn C:\wamp\www\geek\cstm\Runtime\Cache\709b8ebc680da4f35d358f203f754d50.php 第 179 行.
NOTIC: [8] Undefined index: cstmusrcp C:\wamp\www\geek\cstm\Runtime\Cache\709b8ebc680da4f35d358f203f754d50.php 第 207 行.
NOTIC: [8] Undefined index: cstmusrml C:\wamp\www\geek\cstm\Runtime\Cache\709b8ebc680da4f35d358f203f754d50.php 第 213 行.
INFO: ParseTemplate Behavior ::run [ RunTime:0.013742s ]
INFO: [ view_parse ] --END-- [ RunTime:0.013884s ]
INFO: [ view_filter ] --START--
INFO: ContentReplace Behavior ::run [ RunTime:0.000614s ]
INFO: TokenBuild Behavior ::run [ RunTime:0.000560s ]
INFO: WriteHtmlCache Behavior ::run [ RunTime:0.000392s ]
INFO: ShowRuntime Behavior ::run [ RunTime:0.000662s ]
INFO: [ view_filter ] --END-- [ RunTime:0.002562s ]
INFO: [ view_end ] --START--
INFO: ShowPageTrace Behavior ::run [ RunTime:0.000699s ]
INFO: [ view_end ] --END-- [ RunTime:0.000823s ]

[ 2015-03-25T19:29:46+08:00 ] 127.0.0.1 /geek/cstm.php/FileUpload/upload/issml/y/wjj/cstmusr?folder=%2Fgeek%2Fcstm%2Ephp%2FCstmusr%2Fgtxpg%2F%2E%2E%2Fuploads&c=files&fileext=%2A%2Ejpg%3B%2A%2Egif%3B%2A%2Epng%3B%2A%2Ebmp%3B%2A%2Ejpeg%3B%2A%2EJPG%3B%2A%2EGIF%3B%2A%2EPNG%3B%2A%2EBMP%3B%2A%2EJPEG
INFO: [ route_check ] --START--
INFO: CheckRoute Behavior ::run [ RunTime:0.001394s ]
INFO: [ route_check ] --END-- [ RunTime:0.001614s ]
INFO: [ app_begin ] --START--
INFO: ReadHtmlCache Behavior ::run [ RunTime:0.000852s ]
INFO: [ app_begin ] --END-- [ RunTime:0.000989s ]

[ 2015-03-25T19:30:25+08:00 ] 127.0.0.1 /geek/cstm.php/Cstmusr/gtxpg/x/regist
INFO: [ route_check ] --START--
INFO: CheckRoute Behavior ::run [ RunTime:0.001266s ]
INFO: [ route_check ] --END-- [ RunTime:0.001429s ]
INFO: [ app_begin ] --START--
INFO: ReadHtmlCache Behavior ::run [ RunTime:0.001533s ]
INFO: [ app_begin ] --END-- [ RunTime:0.001676s ]
SQL: SHOW COLUMNS FROM `tb_cstmusr` [ RunTime:0.004455s ]
SQL: SELECT * FROM `tb_cstmusr` WHERE ( cstmusrid= ) LIMIT 1   [ RunTime:0.000239s ]
ERR: 1064:You have an error in your SQL syntax; check the manual that corresponds to your MySQL server version for the right syntax to use near ') LIMIT 1' at line 1
 [ SQL语句 ] : SELECT * FROM `tb_cstmusr` WHERE ( cstmusrid= ) LIMIT 1  
SQL: SHOW COLUMNS FROM `tb_md` [ RunTime:0.003617s ]
SQL: SELECT * FROM `tb_md` WHERE ( mdmk='Cstmusr' ) LIMIT 1   [ RunTime:0.000595s ]
SQL: SHOW COLUMNS FROM `tb_cstmbtn` [ RunTime:0.004201s ]
SQL: SELECT * FROM `tb_cstmbtn` WHERE ( f_cstmbtn_cstmusrid= AND cstmbtnnm='lft' ) LIMIT 1   [ RunTime:0.000216s ]
ERR: 1064:You have an error in your SQL syntax; check the manual that corresponds to your MySQL server version for the right syntax to use near 'AND cstmbtnnm='lft' ) LIMIT 1' at line 1
 [ SQL语句 ] : SELECT * FROM `tb_cstmbtn` WHERE ( f_cstmbtn_cstmusrid= AND cstmbtnnm='lft' ) LIMIT 1  
SQL: SELECT * FROM `tb_cstmbtn` WHERE ( f_cstmbtn_cstmusrid= AND cstmbtnnm='bs' ) LIMIT 1   [ RunTime:0.000152s ]
ERR: 1064:You have an error in your SQL syntax; check the manual that corresponds to your MySQL server version for the right syntax to use near 'AND cstmbtnnm='bs' ) LIMIT 1' at line 1
 [ SQL语句 ] : SELECT * FROM `tb_cstmbtn` WHERE ( f_cstmbtn_cstmusrid= AND cstmbtnnm='bs' ) LIMIT 1  
INFO: [ view_parse ] --START--
NOTIC: [8] Undefined index: cstmusrnm C:\wamp\www\geek\cstm\Runtime\Cache\709b8ebc680da4f35d358f203f754d50.php 第 140 行.
NOTIC: [8] Undefined index: cstmusrpw C:\wamp\www\geek\cstm\Runtime\Cache\709b8ebc680da4f35d358f203f754d50.php 第 167 行.
NOTIC: [8] Undefined index: cstmusrpw C:\wamp\www\geek\cstm\Runtime\Cache\709b8ebc680da4f35d358f203f754d50.php 第 173 行.
NOTIC: [8] Undefined index: cstmusrnn C:\wamp\www\geek\cstm\Runtime\Cache\709b8ebc680da4f35d358f203f754d50.php 第 179 行.
NOTIC: [8] Undefined index: cstmusrcp C:\wamp\www\geek\cstm\Runtime\Cache\709b8ebc680da4f35d358f203f754d50.php 第 207 行.
NOTIC: [8] Undefined index: cstmusrml C:\wamp\www\geek\cstm\Runtime\Cache\709b8ebc680da4f35d358f203f754d50.php 第 213 行.
INFO: ParseTemplate Behavior ::run [ RunTime:0.016920s ]
INFO: [ view_parse ] --END-- [ RunTime:0.017062s ]
INFO: [ view_filter ] --START--
INFO: ContentReplace Behavior ::run [ RunTime:0.000859s ]
INFO: TokenBuild Behavior ::run [ RunTime:0.000902s ]
INFO: WriteHtmlCache Behavior ::run [ RunTime:0.000772s ]
INFO: ShowRuntime Behavior ::run [ RunTime:0.000916s ]
INFO: [ view_filter ] --END-- [ RunTime:0.003805s ]
INFO: [ view_end ] --START--
INFO: ShowPageTrace Behavior ::run [ RunTime:0.000942s ]
INFO: [ view_end ] --END-- [ RunTime:0.001069s ]

[ 2015-03-25T19:30:29+08:00 ] 127.0.0.1 /geek/cstm.php/FileUpload/upload/issml/y/wjj/cstmusr?folder=%2Fgeek%2Fcstm%2Ephp%2FCstmusr%2Fgtxpg%2F%2E%2E%2Fuploads&c=files&fileext=%2A%2Ejpg%3B%2A%2Egif%3B%2A%2Epng%3B%2A%2Ebmp%3B%2A%2Ejpeg%3B%2A%2EJPG%3B%2A%2EGIF%3B%2A%2EPNG%3B%2A%2EBMP%3B%2A%2EJPEG
INFO: [ route_check ] --START--
INFO: CheckRoute Behavior ::run [ RunTime:0.001160s ]
INFO: [ route_check ] --END-- [ RunTime:0.001359s ]
INFO: [ app_begin ] --START--
INFO: ReadHtmlCache Behavior ::run [ RunTime:0.000854s ]
INFO: [ app_begin ] --END-- [ RunTime:0.000987s ]

[ 2015-03-25T19:31:56+08:00 ] 127.0.0.1 /geek/cstm.php/Cstmusr/gtxpg/x/regist
INFO: [ route_check ] --START--
INFO: CheckRoute Behavior ::run [ RunTime:0.001050s ]
INFO: [ route_check ] --END-- [ RunTime:0.001221s ]
INFO: [ app_begin ] --START--
INFO: ReadHtmlCache Behavior ::run [ RunTime:0.000980s ]
INFO: [ app_begin ] --END-- [ RunTime:0.001183s ]
SQL: SHOW COLUMNS FROM `tb_cstmusr` [ RunTime:0.004308s ]
SQL: SELECT * FROM `tb_cstmusr` WHERE ( cstmusrid= ) LIMIT 1   [ RunTime:0.000235s ]
ERR: 1064:You have an error in your SQL syntax; check the manual that corresponds to your MySQL server version for the right syntax to use near ') LIMIT 1' at line 1
 [ SQL语句 ] : SELECT * FROM `tb_cstmusr` WHERE ( cstmusrid= ) LIMIT 1  
SQL: SHOW COLUMNS FROM `tb_md` [ RunTime:0.003658s ]
SQL: SELECT * FROM `tb_md` WHERE ( mdmk='Cstmusr' ) LIMIT 1   [ RunTime:0.000335s ]
SQL: SHOW COLUMNS FROM `tb_cstmbtn` [ RunTime:0.003483s ]
SQL: SELECT * FROM `tb_cstmbtn` WHERE ( f_cstmbtn_cstmusrid= AND cstmbtnnm='lft' ) LIMIT 1   [ RunTime:0.000162s ]
ERR: 1064:You have an error in your SQL syntax; check the manual that corresponds to your MySQL server version for the right syntax to use near 'AND cstmbtnnm='lft' ) LIMIT 1' at line 1
 [ SQL语句 ] : SELECT * FROM `tb_cstmbtn` WHERE ( f_cstmbtn_cstmusrid= AND cstmbtnnm='lft' ) LIMIT 1  
SQL: SELECT * FROM `tb_cstmbtn` WHERE ( f_cstmbtn_cstmusrid= AND cstmbtnnm='bs' ) LIMIT 1   [ RunTime:0.000194s ]
ERR: 1064:You have an error in your SQL syntax; check the manual that corresponds to your MySQL server version for the right syntax to use near 'AND cstmbtnnm='bs' ) LIMIT 1' at line 1
 [ SQL语句 ] : SELECT * FROM `tb_cstmbtn` WHERE ( f_cstmbtn_cstmusrid= AND cstmbtnnm='bs' ) LIMIT 1  
INFO: [ view_parse ] --START--
NOTIC: [8] Undefined index: cstmusrnm C:\wamp\www\geek\cstm\Runtime\Cache\709b8ebc680da4f35d358f203f754d50.php 第 140 行.
NOTIC: [8] Undefined index: cstmusrpw C:\wamp\www\geek\cstm\Runtime\Cache\709b8ebc680da4f35d358f203f754d50.php 第 167 行.
NOTIC: [8] Undefined index: cstmusrpw C:\wamp\www\geek\cstm\Runtime\Cache\709b8ebc680da4f35d358f203f754d50.php 第 173 行.
NOTIC: [8] Undefined index: cstmusrnn C:\wamp\www\geek\cstm\Runtime\Cache\709b8ebc680da4f35d358f203f754d50.php 第 179 行.
NOTIC: [8] Undefined index: cstmusrcp C:\wamp\www\geek\cstm\Runtime\Cache\709b8ebc680da4f35d358f203f754d50.php 第 207 行.
NOTIC: [8] Undefined index: cstmusrml C:\wamp\www\geek\cstm\Runtime\Cache\709b8ebc680da4f35d358f203f754d50.php 第 213 行.
INFO: ParseTemplate Behavior ::run [ RunTime:0.014864s ]
INFO: [ view_parse ] --END-- [ RunTime:0.015007s ]
INFO: [ view_filter ] --START--
INFO: ContentReplace Behavior ::run [ RunTime:0.000741s ]
INFO: TokenBuild Behavior ::run [ RunTime:0.000775s ]
INFO: WriteHtmlCache Behavior ::run [ RunTime:0.000478s ]
INFO: ShowRuntime Behavior ::run [ RunTime:0.000797s ]
INFO: [ view_filter ] --END-- [ RunTime:0.003180s ]
INFO: [ view_end ] --START--
INFO: ShowPageTrace Behavior ::run [ RunTime:0.000772s ]
INFO: [ view_end ] --END-- [ RunTime:0.000897s ]

[ 2015-03-25T19:31:59+08:00 ] 127.0.0.1 /geek/cstm.php/FileUpload/upload/issml/y/wjj/cstmusr?folder=%2Fgeek%2Fcstm%2Ephp%2FCstmusr%2Fgtxpg%2F%2E%2E%2Fuploads&c=files&fileext=%2A%2Ejpg%3B%2A%2Egif%3B%2A%2Epng%3B%2A%2Ebmp%3B%2A%2Ejpeg%3B%2A%2EJPG%3B%2A%2EGIF%3B%2A%2EPNG%3B%2A%2EBMP%3B%2A%2EJPEG
INFO: [ route_check ] --START--
INFO: CheckRoute Behavior ::run [ RunTime:0.001157s ]
INFO: [ route_check ] --END-- [ RunTime:0.001354s ]
INFO: [ app_begin ] --START--
INFO: ReadHtmlCache Behavior ::run [ RunTime:0.000770s ]
INFO: [ app_begin ] --END-- [ RunTime:0.000935s ]

