[ 2015-09-15T14:14:37+08:00 ] 68.180.228.176 /xx/cstm.php
INFO: [ app_begin ] --START--
INFO: ReadHtmlCache Behavior ::run [ RunTime:0.007366s ]
INFO: [ app_begin ] --END-- [ RunTime:0.007520s ]
INFO: [ view_parse ] --START--
INFO: ParseTemplate Behavior ::run [ RunTime:0.067437s ]
INFO: [ view_parse ] --END-- [ RunTime:0.067606s ]
INFO: [ view_filter ] --START--
INFO: ContentReplace Behavior ::run [ RunTime:0.007105s ]
INFO: TokenBuild Behavior ::run [ RunTime:0.007135s ]
INFO: WriteHtmlCache Behavior ::run [ RunTime:0.006887s ]
INFO: ShowRuntime Behavior ::run [ RunTime:0.007442s ]
INFO: [ view_filter ] --END-- [ RunTime:0.028888s ]
INFO: [ view_end ] --START--
INFO: ShowPageTrace Behavior ::run [ RunTime:0.007467s ]
INFO: [ view_end ] --END-- [ RunTime:0.007581s ]

[ 2015-09-15T19:29:52+08:00 ] 42.156.139.107 /xx/cstm.php/Cstmusr/gtxpg/x/forget
INFO: [ route_check ] --START--
INFO: CheckRoute Behavior ::run [ RunTime:0.007966s ]
INFO: [ route_check ] --END-- [ RunTime:0.008122s ]
INFO: [ app_begin ] --START--
INFO: ReadHtmlCache Behavior ::run [ RunTime:0.007349s ]
INFO: [ app_begin ] --END-- [ RunTime:0.007470s ]
SQL: SHOW COLUMNS FROM `tb_cstmusr` [ RunTime:0.003378s ]
SQL: SELECT * FROM `tb_cstmusr` WHERE ( cstmusrid= ) LIMIT 1   [ RunTime:0.000447s ]
ERR: 1064:You have an error in your SQL syntax; check the manual that corresponds to your MySQL server version for the right syntax to use near ') LIMIT 1' at line 1
 [ SQL语句 ] : SELECT * FROM `tb_cstmusr` WHERE ( cstmusrid= ) LIMIT 1  
SQL: SHOW COLUMNS FROM `tb_md` [ RunTime:0.002084s ]
SQL: SELECT * FROM `tb_md` WHERE ( mdmk='Cstmusr' ) LIMIT 1   [ RunTime:0.000555s ]
SQL: SHOW COLUMNS FROM `tb_cstmbtn` [ RunTime:0.002604s ]
SQL: SELECT * FROM `tb_cstmbtn` WHERE ( f_cstmbtn_cstmusrid= AND cstmbtnnm='lft' ) LIMIT 1   [ RunTime:0.000537s ]
ERR: 1064:You have an error in your SQL syntax; check the manual that corresponds to your MySQL server version for the right syntax to use near 'AND cstmbtnnm='lft' ) LIMIT 1' at line 1
 [ SQL语句 ] : SELECT * FROM `tb_cstmbtn` WHERE ( f_cstmbtn_cstmusrid= AND cstmbtnnm='lft' ) LIMIT 1  
SQL: SELECT * FROM `tb_cstmbtn` WHERE ( f_cstmbtn_cstmusrid= AND cstmbtnnm='bs' ) LIMIT 1   [ RunTime:0.000136s ]
ERR: 1064:You have an error in your SQL syntax; check the manual that corresponds to your MySQL server version for the right syntax to use near 'AND cstmbtnnm='bs' ) LIMIT 1' at line 1
 [ SQL语句 ] : SELECT * FROM `tb_cstmbtn` WHERE ( f_cstmbtn_cstmusrid= AND cstmbtnnm='bs' ) LIMIT 1  
INFO: [ view_parse ] --START--
INFO: ParseTemplate Behavior ::run [ RunTime:0.060391s ]
INFO: [ view_parse ] --END-- [ RunTime:0.060587s ]
INFO: [ view_filter ] --START--
INFO: ContentReplace Behavior ::run [ RunTime:0.007183s ]
INFO: TokenBuild Behavior ::run [ RunTime:0.007061s ]
INFO: WriteHtmlCache Behavior ::run [ RunTime:0.007287s ]
INFO: ShowRuntime Behavior ::run [ RunTime:0.007313s ]
INFO: [ view_filter ] --END-- [ RunTime:0.029234s ]
INFO: [ view_end ] --START--
INFO: ShowPageTrace Behavior ::run [ RunTime:0.007464s ]
INFO: [ view_end ] --END-- [ RunTime:0.007627s ]

