[ 2015-12-07T04:35:41+08:00 ] 66.249.66.93 /xx/cstm.php/Cstmusr/gtxpg/x/forget
INFO: [ route_check ] --START--
INFO: CheckRoute Behavior ::run [ RunTime:0.007995s ]
INFO: [ route_check ] --END-- [ RunTime:0.008150s ]
INFO: [ app_begin ] --START--
INFO: ReadHtmlCache Behavior ::run [ RunTime:0.007518s ]
INFO: [ app_begin ] --END-- [ RunTime:0.007642s ]
SQL: SHOW COLUMNS FROM `tb_cstmusr` [ RunTime:0.003238s ]
SQL: SELECT * FROM `tb_cstmusr` WHERE ( cstmusrid= ) LIMIT 1   [ RunTime:0.000242s ]
ERR: 1064:You have an error in your SQL syntax; check the manual that corresponds to your MySQL server version for the right syntax to use near ') LIMIT 1' at line 1
 [ SQL语句 ] : SELECT * FROM `tb_cstmusr` WHERE ( cstmusrid= ) LIMIT 1  
SQL: SHOW COLUMNS FROM `tb_md` [ RunTime:0.002605s ]
SQL: SELECT * FROM `tb_md` WHERE ( mdmk='Cstmusr' ) LIMIT 1   [ RunTime:0.001072s ]
SQL: SHOW COLUMNS FROM `tb_cstmbtn` [ RunTime:0.002675s ]
SQL: SELECT * FROM `tb_cstmbtn` WHERE ( f_cstmbtn_cstmusrid= AND cstmbtnnm='lft' ) LIMIT 1   [ RunTime:0.000495s ]
ERR: 1064:You have an error in your SQL syntax; check the manual that corresponds to your MySQL server version for the right syntax to use near 'AND cstmbtnnm='lft' ) LIMIT 1' at line 1
 [ SQL语句 ] : SELECT * FROM `tb_cstmbtn` WHERE ( f_cstmbtn_cstmusrid= AND cstmbtnnm='lft' ) LIMIT 1  
SQL: SELECT * FROM `tb_cstmbtn` WHERE ( f_cstmbtn_cstmusrid= AND cstmbtnnm='bs' ) LIMIT 1   [ RunTime:0.000137s ]
ERR: 1064:You have an error in your SQL syntax; check the manual that corresponds to your MySQL server version for the right syntax to use near 'AND cstmbtnnm='bs' ) LIMIT 1' at line 1
 [ SQL语句 ] : SELECT * FROM `tb_cstmbtn` WHERE ( f_cstmbtn_cstmusrid= AND cstmbtnnm='bs' ) LIMIT 1  
INFO: [ view_parse ] --START--
INFO: ParseTemplate Behavior ::run [ RunTime:0.073405s ]
INFO: [ view_parse ] --END-- [ RunTime:0.073587s ]
INFO: [ view_filter ] --START--
INFO: ContentReplace Behavior ::run [ RunTime:0.007244s ]
INFO: TokenBuild Behavior ::run [ RunTime:0.007173s ]
INFO: WriteHtmlCache Behavior ::run [ RunTime:0.006963s ]
INFO: ShowRuntime Behavior ::run [ RunTime:0.007412s ]
INFO: [ view_filter ] --END-- [ RunTime:0.029174s ]
INFO: [ view_end ] --START--
INFO: ShowPageTrace Behavior ::run [ RunTime:0.007636s ]
INFO: [ view_end ] --END-- [ RunTime:0.007754s ]

[ 2015-12-07T04:39:41+08:00 ] 66.249.66.90 /xx/cstm.php/Cstmusr
INFO: [ route_check ] --START--
INFO: CheckRoute Behavior ::run [ RunTime:0.008028s ]
INFO: [ route_check ] --END-- [ RunTime:0.008188s ]
INFO: [ app_begin ] --START--
INFO: ReadHtmlCache Behavior ::run [ RunTime:0.007419s ]
INFO: [ app_begin ] --END-- [ RunTime:0.007542s ]
ERR: 非法操作:index

[ 2015-12-07T10:35:45+08:00 ] 188.143.232.62 /xx/cstm.php/Cstmusr/gtxpg/x/regist
INFO: [ route_check ] --START--
INFO: CheckRoute Behavior ::run [ RunTime:0.005071s ]
INFO: [ route_check ] --END-- [ RunTime:0.005233s ]
INFO: [ app_begin ] --START--
INFO: ReadHtmlCache Behavior ::run [ RunTime:0.007618s ]
INFO: [ app_begin ] --END-- [ RunTime:0.007747s ]
SQL: SHOW COLUMNS FROM `tb_cstmusr` [ RunTime:0.003140s ]
SQL: SELECT * FROM `tb_cstmusr` WHERE ( cstmusrid= ) LIMIT 1   [ RunTime:0.000447s ]
ERR: 1064:You have an error in your SQL syntax; check the manual that corresponds to your MySQL server version for the right syntax to use near ') LIMIT 1' at line 1
 [ SQL语句 ] : SELECT * FROM `tb_cstmusr` WHERE ( cstmusrid= ) LIMIT 1  
SQL: SHOW COLUMNS FROM `tb_md` [ RunTime:0.002580s ]
SQL: SELECT * FROM `tb_md` WHERE ( mdmk='Cstmusr' ) LIMIT 1   [ RunTime:0.000550s ]
SQL: SHOW COLUMNS FROM `tb_cstmbtn` [ RunTime:0.002625s ]
SQL: SELECT * FROM `tb_cstmbtn` WHERE ( f_cstmbtn_cstmusrid= AND cstmbtnnm='lft' ) LIMIT 1   [ RunTime:0.000605s ]
ERR: 1064:You have an error in your SQL syntax; check the manual that corresponds to your MySQL server version for the right syntax to use near 'AND cstmbtnnm='lft' ) LIMIT 1' at line 1
 [ SQL语句 ] : SELECT * FROM `tb_cstmbtn` WHERE ( f_cstmbtn_cstmusrid= AND cstmbtnnm='lft' ) LIMIT 1  
SQL: SELECT * FROM `tb_cstmbtn` WHERE ( f_cstmbtn_cstmusrid= AND cstmbtnnm='bs' ) LIMIT 1   [ RunTime:0.000141s ]
ERR: 1064:You have an error in your SQL syntax; check the manual that corresponds to your MySQL server version for the right syntax to use near 'AND cstmbtnnm='bs' ) LIMIT 1' at line 1
 [ SQL语句 ] : SELECT * FROM `tb_cstmbtn` WHERE ( f_cstmbtn_cstmusrid= AND cstmbtnnm='bs' ) LIMIT 1  
INFO: [ view_parse ] --START--
NOTIC: [8] Undefined index:  cstmusrnm D:\Program Files\Apache Software Foundation\Apache2.2\htdocs\xx\cstm\Runtime\Cache\709b8ebc680da4f35d358f203f754d50.php 第 141 行.
NOTIC: [8] Undefined index:  cstmusrpw D:\Program Files\Apache Software Foundation\Apache2.2\htdocs\xx\cstm\Runtime\Cache\709b8ebc680da4f35d358f203f754d50.php 第 168 行.
NOTIC: [8] Undefined index:  cstmusrpw D:\Program Files\Apache Software Foundation\Apache2.2\htdocs\xx\cstm\Runtime\Cache\709b8ebc680da4f35d358f203f754d50.php 第 174 行.
NOTIC: [8] Undefined index:  cstmusrnn D:\Program Files\Apache Software Foundation\Apache2.2\htdocs\xx\cstm\Runtime\Cache\709b8ebc680da4f35d358f203f754d50.php 第 180 行.
NOTIC: [8] Undefined index:  cstmusrcp D:\Program Files\Apache Software Foundation\Apache2.2\htdocs\xx\cstm\Runtime\Cache\709b8ebc680da4f35d358f203f754d50.php 第 208 行.
NOTIC: [8] Undefined index:  cstmusrml D:\Program Files\Apache Software Foundation\Apache2.2\htdocs\xx\cstm\Runtime\Cache\709b8ebc680da4f35d358f203f754d50.php 第 214 行.
INFO: ParseTemplate Behavior ::run [ RunTime:0.064779s ]
INFO: [ view_parse ] --END-- [ RunTime:0.064951s ]
INFO: [ view_filter ] --START--
INFO: ContentReplace Behavior ::run [ RunTime:0.007264s ]
INFO: TokenBuild Behavior ::run [ RunTime:0.007241s ]
INFO: WriteHtmlCache Behavior ::run [ RunTime:0.006961s ]
INFO: ShowRuntime Behavior ::run [ RunTime:0.007335s ]
INFO: [ view_filter ] --END-- [ RunTime:0.029118s ]
INFO: [ view_end ] --START--
INFO: ShowPageTrace Behavior ::run [ RunTime:0.007568s ]
INFO: [ view_end ] --END-- [ RunTime:0.007686s ]

[ 2015-12-07T12:22:12+08:00 ] 66.249.66.90 /xx/cstm.php/Cstmusr/forget
INFO: [ route_check ] --START--
INFO: CheckRoute Behavior ::run [ RunTime:0.008043s ]
INFO: [ route_check ] --END-- [ RunTime:0.008213s ]
INFO: [ app_begin ] --START--
INFO: ReadHtmlCache Behavior ::run [ RunTime:0.007449s ]
INFO: [ app_begin ] --END-- [ RunTime:0.007573s ]
NOTIC: [8] Undefined index:  cstmusrnm D:\Program Files\Apache Software Foundation\Apache2.2\htdocs\xx\cstm\Lib\Action\CstmusrAction.class.php 第 167 行.
NOTIC: [8] Undefined index:  cstmusrml D:\Program Files\Apache Software Foundation\Apache2.2\htdocs\xx\cstm\Lib\Action\CstmusrAction.class.php 第 168 行.
SQL: SHOW COLUMNS FROM `tb_cstmusr` [ RunTime:0.003233s ]
SQL: SELECT * FROM `tb_cstmusr` WHERE ( cstmusrnm='' ) LIMIT 1   [ RunTime:0.000818s ]

