[ 2015-10-12T16:20:41+08:00 ] 66.249.74.40 /xx/cstm.php/Cstmusr/gtxpg/x/forget
INFO: [ route_check ] --START--
INFO: CheckRoute Behavior ::run [ RunTime:0.007963s ]
INFO: [ route_check ] --END-- [ RunTime:0.008120s ]
INFO: [ app_begin ] --START--
INFO: ReadHtmlCache Behavior ::run [ RunTime:0.007529s ]
INFO: [ app_begin ] --END-- [ RunTime:0.007653s ]
SQL: SHOW COLUMNS FROM `tb_cstmusr` [ RunTime:0.003493s ]
SQL: SELECT * FROM `tb_cstmusr` WHERE ( cstmusrid= ) LIMIT 1   [ RunTime:0.000431s ]
ERR: 1064:You have an error in your SQL syntax; check the manual that corresponds to your MySQL server version for the right syntax to use near ') LIMIT 1' at line 1
 [ SQL语句 ] : SELECT * FROM `tb_cstmusr` WHERE ( cstmusrid= ) LIMIT 1  
SQL: SHOW COLUMNS FROM `tb_md` [ RunTime:0.002510s ]
SQL: SELECT * FROM `tb_md` WHERE ( mdmk='Cstmusr' ) LIMIT 1   [ RunTime:0.000524s ]
SQL: SHOW COLUMNS FROM `tb_cstmbtn` [ RunTime:0.002685s ]
SQL: SELECT * FROM `tb_cstmbtn` WHERE ( f_cstmbtn_cstmusrid= AND cstmbtnnm='lft' ) LIMIT 1   [ RunTime:0.000475s ]
ERR: 1064:You have an error in your SQL syntax; check the manual that corresponds to your MySQL server version for the right syntax to use near 'AND cstmbtnnm='lft' ) LIMIT 1' at line 1
 [ SQL语句 ] : SELECT * FROM `tb_cstmbtn` WHERE ( f_cstmbtn_cstmusrid= AND cstmbtnnm='lft' ) LIMIT 1  
SQL: SELECT * FROM `tb_cstmbtn` WHERE ( f_cstmbtn_cstmusrid= AND cstmbtnnm='bs' ) LIMIT 1   [ RunTime:0.000153s ]
ERR: 1064:You have an error in your SQL syntax; check the manual that corresponds to your MySQL server version for the right syntax to use near 'AND cstmbtnnm='bs' ) LIMIT 1' at line 1
 [ SQL语句 ] : SELECT * FROM `tb_cstmbtn` WHERE ( f_cstmbtn_cstmusrid= AND cstmbtnnm='bs' ) LIMIT 1  
INFO: [ view_parse ] --START--
INFO: ParseTemplate Behavior ::run [ RunTime:0.060340s ]
INFO: [ view_parse ] --END-- [ RunTime:0.060511s ]
INFO: [ view_filter ] --START--
INFO: ContentReplace Behavior ::run [ RunTime:0.007149s ]
INFO: TokenBuild Behavior ::run [ RunTime:0.007252s ]
INFO: WriteHtmlCache Behavior ::run [ RunTime:0.006898s ]
INFO: ShowRuntime Behavior ::run [ RunTime:0.007474s ]
INFO: [ view_filter ] --END-- [ RunTime:0.029161s ]
INFO: [ view_end ] --START--
INFO: ShowPageTrace Behavior ::run [ RunTime:0.007487s ]
INFO: [ view_end ] --END-- [ RunTime:0.007604s ]

