[ 2015-10-21T18:54:16+08:00 ] 42.120.160.66 /xx/cstm.php/Cstmusr/gtxpg/x/forget
INFO: [ route_check ] --START--
INFO: CheckRoute Behavior ::run [ RunTime:0.007925s ]
INFO: [ route_check ] --END-- [ RunTime:0.008082s ]
INFO: [ app_begin ] --START--
INFO: ReadHtmlCache Behavior ::run [ RunTime:0.007407s ]
INFO: [ app_begin ] --END-- [ RunTime:0.007539s ]
SQL: SHOW COLUMNS FROM `tb_cstmusr` [ RunTime:0.002785s ]
SQL: SELECT * FROM `tb_cstmusr` WHERE ( cstmusrid= ) LIMIT 1   [ RunTime:0.000437s ]
ERR: 1064:You have an error in your SQL syntax; check the manual that corresponds to your MySQL server version for the right syntax to use near ') LIMIT 1' at line 1
 [ SQL语句 ] : SELECT * FROM `tb_cstmusr` WHERE ( cstmusrid= ) LIMIT 1  
SQL: SHOW COLUMNS FROM `tb_md` [ RunTime:0.002544s ]
SQL: SELECT * FROM `tb_md` WHERE ( mdmk='Cstmusr' ) LIMIT 1   [ RunTime:0.000529s ]
SQL: SHOW COLUMNS FROM `tb_cstmbtn` [ RunTime:0.013186s ]
SQL: SELECT * FROM `tb_cstmbtn` WHERE ( f_cstmbtn_cstmusrid= AND cstmbtnnm='lft' ) LIMIT 1   [ RunTime:0.001314s ]
ERR: 1064:You have an error in your SQL syntax; check the manual that corresponds to your MySQL server version for the right syntax to use near 'AND cstmbtnnm='lft' ) LIMIT 1' at line 1
 [ SQL语句 ] : SELECT * FROM `tb_cstmbtn` WHERE ( f_cstmbtn_cstmusrid= AND cstmbtnnm='lft' ) LIMIT 1  
SQL: SELECT * FROM `tb_cstmbtn` WHERE ( f_cstmbtn_cstmusrid= AND cstmbtnnm='bs' ) LIMIT 1   [ RunTime:0.000149s ]
ERR: 1064:You have an error in your SQL syntax; check the manual that corresponds to your MySQL server version for the right syntax to use near 'AND cstmbtnnm='bs' ) LIMIT 1' at line 1
 [ SQL语句 ] : SELECT * FROM `tb_cstmbtn` WHERE ( f_cstmbtn_cstmusrid= AND cstmbtnnm='bs' ) LIMIT 1  
INFO: [ view_parse ] --START--
INFO: ParseTemplate Behavior ::run [ RunTime:0.065122s ]
INFO: [ view_parse ] --END-- [ RunTime:0.065406s ]
INFO: [ view_filter ] --START--
INFO: ContentReplace Behavior ::run [ RunTime:0.007270s ]
INFO: TokenBuild Behavior ::run [ RunTime:0.007070s ]
INFO: WriteHtmlCache Behavior ::run [ RunTime:0.006915s ]
INFO: ShowRuntime Behavior ::run [ RunTime:0.007218s ]
INFO: [ view_filter ] --END-- [ RunTime:0.028858s ]
INFO: [ view_end ] --START--
INFO: ShowPageTrace Behavior ::run [ RunTime:0.007485s ]
INFO: [ view_end ] --END-- [ RunTime:0.007601s ]

