[ 2015-10-25T04:41:08+08:00 ] 66.249.74.38 /xx/cstm.php/Cstmusr/gtxpg/x/regist
INFO: [ route_check ] --START--
INFO: CheckRoute Behavior ::run [ RunTime:0.007939s ]
INFO: [ route_check ] --END-- [ RunTime:0.008093s ]
INFO: [ app_begin ] --START--
INFO: ReadHtmlCache Behavior ::run [ RunTime:0.004258s ]
INFO: [ app_begin ] --END-- [ RunTime:0.004380s ]
SQL: SHOW COLUMNS FROM `tb_cstmusr` [ RunTime:0.003384s ]
SQL: SELECT * FROM `tb_cstmusr` WHERE ( cstmusrid= ) LIMIT 1   [ RunTime:0.000410s ]
ERR: 1064:You have an error in your SQL syntax; check the manual that corresponds to your MySQL server version for the right syntax to use near ') LIMIT 1' at line 1
 [ SQL语句 ] : SELECT * FROM `tb_cstmusr` WHERE ( cstmusrid= ) LIMIT 1  
SQL: SHOW COLUMNS FROM `tb_md` [ RunTime:0.002537s ]
SQL: SELECT * FROM `tb_md` WHERE ( mdmk='Cstmusr' ) LIMIT 1   [ RunTime:0.000598s ]
SQL: SHOW COLUMNS FROM `tb_cstmbtn` [ RunTime:0.002727s ]
SQL: SELECT * FROM `tb_cstmbtn` WHERE ( f_cstmbtn_cstmusrid= AND cstmbtnnm='lft' ) LIMIT 1   [ RunTime:0.000500s ]
ERR: 1064:You have an error in your SQL syntax; check the manual that corresponds to your MySQL server version for the right syntax to use near 'AND cstmbtnnm='lft' ) LIMIT 1' at line 1
 [ SQL语句 ] : SELECT * FROM `tb_cstmbtn` WHERE ( f_cstmbtn_cstmusrid= AND cstmbtnnm='lft' ) LIMIT 1  
SQL: SELECT * FROM `tb_cstmbtn` WHERE ( f_cstmbtn_cstmusrid= AND cstmbtnnm='bs' ) LIMIT 1   [ RunTime:0.000136s ]
ERR: 1064:You have an error in your SQL syntax; check the manual that corresponds to your MySQL server version for the right syntax to use near 'AND cstmbtnnm='bs' ) LIMIT 1' at line 1
 [ SQL语句 ] : SELECT * FROM `tb_cstmbtn` WHERE ( f_cstmbtn_cstmusrid= AND cstmbtnnm='bs' ) LIMIT 1  
INFO: [ view_parse ] --START--
NOTIC: [8] Undefined index:  cstmusrnm D:\Program Files\Apache Software Foundation\Apache2.2\htdocs\xx\cstm\Runtime\Cache\709b8ebc680da4f35d358f203f754d50.php 第 141 行.
NOTIC: [8] Undefined index:  cstmusrpw D:\Program Files\Apache Software Foundation\Apache2.2\htdocs\xx\cstm\Runtime\Cache\709b8ebc680da4f35d358f203f754d50.php 第 168 行.
NOTIC: [8] Undefined index:  cstmusrpw D:\Program Files\Apache Software Foundation\Apache2.2\htdocs\xx\cstm\Runtime\Cache\709b8ebc680da4f35d358f203f754d50.php 第 174 行.
NOTIC: [8] Undefined index:  cstmusrnn D:\Program Files\Apache Software Foundation\Apache2.2\htdocs\xx\cstm\Runtime\Cache\709b8ebc680da4f35d358f203f754d50.php 第 180 行.
NOTIC: [8] Undefined index:  cstmusrcp D:\Program Files\Apache Software Foundation\Apache2.2\htdocs\xx\cstm\Runtime\Cache\709b8ebc680da4f35d358f203f754d50.php 第 208 行.
NOTIC: [8] Undefined index:  cstmusrml D:\Program Files\Apache Software Foundation\Apache2.2\htdocs\xx\cstm\Runtime\Cache\709b8ebc680da4f35d358f203f754d50.php 第 214 行.
INFO: ParseTemplate Behavior ::run [ RunTime:0.063804s ]
INFO: [ view_parse ] --END-- [ RunTime:0.063944s ]
INFO: [ view_filter ] --START--
INFO: ContentReplace Behavior ::run [ RunTime:0.007287s ]
INFO: TokenBuild Behavior ::run [ RunTime:0.007083s ]
INFO: WriteHtmlCache Behavior ::run [ RunTime:0.007925s ]
INFO: ShowRuntime Behavior ::run [ RunTime:0.007355s ]
INFO: [ view_filter ] --END-- [ RunTime:0.029991s ]
INFO: [ view_end ] --START--
INFO: ShowPageTrace Behavior ::run [ RunTime:0.007584s ]
INFO: [ view_end ] --END-- [ RunTime:0.007705s ]

[ 2015-10-25T18:41:47+08:00 ] 42.156.138.41 /xx/cstm.php/Cstmusr/gtxpg/x/forget
INFO: [ route_check ] --START--
INFO: CheckRoute Behavior ::run [ RunTime:0.007900s ]
INFO: [ route_check ] --END-- [ RunTime:0.008056s ]
INFO: [ app_begin ] --START--
INFO: ReadHtmlCache Behavior ::run [ RunTime:0.007327s ]
INFO: [ app_begin ] --END-- [ RunTime:0.007448s ]
SQL: SHOW COLUMNS FROM `tb_cstmusr` [ RunTime:0.011258s ]
SQL: SELECT * FROM `tb_cstmusr` WHERE ( cstmusrid= ) LIMIT 1   [ RunTime:0.000431s ]
ERR: 1064:You have an error in your SQL syntax; check the manual that corresponds to your MySQL server version for the right syntax to use near ') LIMIT 1' at line 1
 [ SQL语句 ] : SELECT * FROM `tb_cstmusr` WHERE ( cstmusrid= ) LIMIT 1  
SQL: SHOW COLUMNS FROM `tb_md` [ RunTime:0.002548s ]
SQL: SELECT * FROM `tb_md` WHERE ( mdmk='Cstmusr' ) LIMIT 1   [ RunTime:0.000601s ]
SQL: SHOW COLUMNS FROM `tb_cstmbtn` [ RunTime:0.002687s ]
SQL: SELECT * FROM `tb_cstmbtn` WHERE ( f_cstmbtn_cstmusrid= AND cstmbtnnm='lft' ) LIMIT 1   [ RunTime:0.000534s ]
ERR: 1064:You have an error in your SQL syntax; check the manual that corresponds to your MySQL server version for the right syntax to use near 'AND cstmbtnnm='lft' ) LIMIT 1' at line 1
 [ SQL语句 ] : SELECT * FROM `tb_cstmbtn` WHERE ( f_cstmbtn_cstmusrid= AND cstmbtnnm='lft' ) LIMIT 1  
SQL: SELECT * FROM `tb_cstmbtn` WHERE ( f_cstmbtn_cstmusrid= AND cstmbtnnm='bs' ) LIMIT 1   [ RunTime:0.000147s ]
ERR: 1064:You have an error in your SQL syntax; check the manual that corresponds to your MySQL server version for the right syntax to use near 'AND cstmbtnnm='bs' ) LIMIT 1' at line 1
 [ SQL语句 ] : SELECT * FROM `tb_cstmbtn` WHERE ( f_cstmbtn_cstmusrid= AND cstmbtnnm='bs' ) LIMIT 1  
INFO: [ view_parse ] --START--
INFO: ParseTemplate Behavior ::run [ RunTime:0.057632s ]
INFO: [ view_parse ] --END-- [ RunTime:0.057829s ]
INFO: [ view_filter ] --START--
INFO: ContentReplace Behavior ::run [ RunTime:0.007131s ]
INFO: TokenBuild Behavior ::run [ RunTime:0.007306s ]
INFO: WriteHtmlCache Behavior ::run [ RunTime:0.006878s ]
INFO: ShowRuntime Behavior ::run [ RunTime:0.007374s ]
INFO: [ view_filter ] --END-- [ RunTime:0.029070s ]
INFO: [ view_end ] --START--
INFO: ShowPageTrace Behavior ::run [ RunTime:0.007794s ]
INFO: [ view_end ] --END-- [ RunTime:0.007909s ]

