[ 2015-10-04T03:38:30+08:00 ] 66.249.79.215 /xx/cstm.php/Cstmusr/gtxpg/x/regist
INFO: [ route_check ] --START--
INFO: CheckRoute Behavior ::run [ RunTime:0.008421s ]
INFO: [ route_check ] --END-- [ RunTime:0.008590s ]
INFO: [ app_begin ] --START--
INFO: ReadHtmlCache Behavior ::run [ RunTime:0.007427s ]
INFO: [ app_begin ] --END-- [ RunTime:0.007552s ]
SQL: SHOW COLUMNS FROM `tb_cstmusr` [ RunTime:0.003394s ]
SQL: SELECT * FROM `tb_cstmusr` WHERE ( cstmusrid= ) LIMIT 1   [ RunTime:0.000431s ]
ERR: 1064:You have an error in your SQL syntax; check the manual that corresponds to your MySQL server version for the right syntax to use near ') LIMIT 1' at line 1
 [ SQL语句 ] : SELECT * FROM `tb_cstmusr` WHERE ( cstmusrid= ) LIMIT 1  
SQL: SHOW COLUMNS FROM `tb_md` [ RunTime:0.002515s ]
SQL: SELECT * FROM `tb_md` WHERE ( mdmk='Cstmusr' ) LIMIT 1   [ RunTime:0.000598s ]
SQL: SHOW COLUMNS FROM `tb_cstmbtn` [ RunTime:0.003168s ]
SQL: SELECT * FROM `tb_cstmbtn` WHERE ( f_cstmbtn_cstmusrid= AND cstmbtnnm='lft' ) LIMIT 1   [ RunTime:0.000640s ]
ERR: 1064:You have an error in your SQL syntax; check the manual that corresponds to your MySQL server version for the right syntax to use near 'AND cstmbtnnm='lft' ) LIMIT 1' at line 1
 [ SQL语句 ] : SELECT * FROM `tb_cstmbtn` WHERE ( f_cstmbtn_cstmusrid= AND cstmbtnnm='lft' ) LIMIT 1  
SQL: SELECT * FROM `tb_cstmbtn` WHERE ( f_cstmbtn_cstmusrid= AND cstmbtnnm='bs' ) LIMIT 1   [ RunTime:0.000142s ]
ERR: 1064:You have an error in your SQL syntax; check the manual that corresponds to your MySQL server version for the right syntax to use near 'AND cstmbtnnm='bs' ) LIMIT 1' at line 1
 [ SQL语句 ] : SELECT * FROM `tb_cstmbtn` WHERE ( f_cstmbtn_cstmusrid= AND cstmbtnnm='bs' ) LIMIT 1  
INFO: [ view_parse ] --START--
NOTIC: [8] Undefined index:  cstmusrnm D:\Program Files\Apache Software Foundation\Apache2.2\htdocs\xx\cstm\Runtime\Cache\709b8ebc680da4f35d358f203f754d50.php 第 141 行.
NOTIC: [8] Undefined index:  cstmusrpw D:\Program Files\Apache Software Foundation\Apache2.2\htdocs\xx\cstm\Runtime\Cache\709b8ebc680da4f35d358f203f754d50.php 第 168 行.
NOTIC: [8] Undefined index:  cstmusrpw D:\Program Files\Apache Software Foundation\Apache2.2\htdocs\xx\cstm\Runtime\Cache\709b8ebc680da4f35d358f203f754d50.php 第 174 行.
NOTIC: [8] Undefined index:  cstmusrnn D:\Program Files\Apache Software Foundation\Apache2.2\htdocs\xx\cstm\Runtime\Cache\709b8ebc680da4f35d358f203f754d50.php 第 180 行.
NOTIC: [8] Undefined index:  cstmusrcp D:\Program Files\Apache Software Foundation\Apache2.2\htdocs\xx\cstm\Runtime\Cache\709b8ebc680da4f35d358f203f754d50.php 第 208 行.
NOTIC: [8] Undefined index:  cstmusrml D:\Program Files\Apache Software Foundation\Apache2.2\htdocs\xx\cstm\Runtime\Cache\709b8ebc680da4f35d358f203f754d50.php 第 214 行.
INFO: ParseTemplate Behavior ::run [ RunTime:0.065949s ]
INFO: [ view_parse ] --END-- [ RunTime:0.066092s ]
INFO: [ view_filter ] --START--
INFO: ContentReplace Behavior ::run [ RunTime:0.007460s ]
INFO: TokenBuild Behavior ::run [ RunTime:0.007104s ]
INFO: WriteHtmlCache Behavior ::run [ RunTime:0.006866s ]
INFO: ShowRuntime Behavior ::run [ RunTime:0.007364s ]
INFO: [ view_filter ] --END-- [ RunTime:0.029117s ]
INFO: [ view_end ] --START--
INFO: ShowPageTrace Behavior ::run [ RunTime:0.007486s ]
INFO: [ view_end ] --END-- [ RunTime:0.007605s ]

