[ 2015-11-09T02:16:19+08:00 ] 66.249.65.61 /xx/wap.php/Cstmusr/gtxpg/x/select
INFO: [ route_check ] --START--
INFO: CheckRoute Behavior ::run [ RunTime:0.007864s ]
INFO: [ route_check ] --END-- [ RunTime:0.008019s ]
INFO: [ app_begin ] --START--
INFO: ReadHtmlCache Behavior ::run [ RunTime:0.007360s ]
INFO: [ app_begin ] --END-- [ RunTime:0.007482s ]
SQL: SHOW COLUMNS FROM `tb_cstmusr` [ RunTime:0.003757s ]
SQL: SHOW COLUMNS FROM `tb_md` [ RunTime:0.002899s ]
SQL: SELECT * FROM `tb_md` WHERE ( mdmk='Cstmusr' ) LIMIT 1   [ RunTime:0.000412s ]
INFO: [ view_parse ] --START--
NOTIC: [8] Undefined variable: title D:\Program Files\Apache Software Foundation\Apache2.2\htdocs\xx\wap\Runtime\Cache\7d9809e4dbdc3c06446716b865ba7059.php 第 8 行.
NOTIC: [8] Undefined variable: cstmusross D:\Program Files\Apache Software Foundation\Apache2.2\htdocs\xx\wap\Runtime\Cache\7d9809e4dbdc3c06446716b865ba7059.php 第 74 行.
NOTIC: [8] Undefined variable: wxusross D:\Program Files\Apache Software Foundation\Apache2.2\htdocs\xx\wap\Runtime\Cache\7d9809e4dbdc3c06446716b865ba7059.php 第 84 行.
INFO: ParseTemplate Behavior ::run [ RunTime:0.063855s ]
INFO: [ view_parse ] --END-- [ RunTime:0.063998s ]
INFO: [ view_filter ] --START--
INFO: ContentReplace Behavior ::run [ RunTime:0.007128s ]
INFO: TokenBuild Behavior ::run [ RunTime:0.007149s ]
INFO: WriteHtmlCache Behavior ::run [ RunTime:0.006862s ]
INFO: ShowRuntime Behavior ::run [ RunTime:0.007196s ]
INFO: [ view_filter ] --END-- [ RunTime:0.028649s ]
INFO: [ view_end ] --START--
INFO: ShowPageTrace Behavior ::run [ RunTime:0.007911s ]
INFO: [ view_end ] --END-- [ RunTime:0.008035s ]

[ 2015-11-09T02:53:49+08:00 ] 180.76.15.6 /xx/wap.php
INFO: [ app_begin ] --START--
INFO: ReadHtmlCache Behavior ::run [ RunTime:0.007388s ]
INFO: [ app_begin ] --END-- [ RunTime:0.007540s ]
SQL: SHOW COLUMNS FROM `tb_cstmusr` [ RunTime:0.003182s ]
SQL: SHOW COLUMNS FROM `tb_atc` [ RunTime:0.003319s ]
SQL: SELECT * FROM `tb_atc` LEFT JOIN tb_bd ON f_atc_bdid=bdid WHERE ( atcps=1 AND atcvw=1 AND atcnw=0 AND atcdnmc=1 AND atccv<>'dflt' ) ORDER BY atctp DESC,atcmdftm DESC LIMIT 0,5   [ RunTime:0.000996s ]
SQL: SHOW COLUMNS FROM `tb_bd` [ RunTime:0.002187s ]
SQL: SELECT * FROM `tb_bd` ORDER BY bdodr ASC  [ RunTime:0.000594s ]
SQL: SELECT * FROM `tb_bd` WHERE ( bdpid=0 ) ORDER BY bdodr ASC  [ RunTime:0.000144s ]
SQL: SELECT `atcid`,`atctpc`,`atcmdftm`,`atctp` FROM `tb_atc` WHERE ( atcps=1 AND atcvw=1 AND atcnw='n' AND (f_atc_bdid=15) ) ORDER BY atctp DESC,atcmdftm DESC LIMIT 0,6   [ RunTime:0.000343s ]
SQL: SELECT `atcid`,`atctpc`,`atcmdftm`,`atctp` FROM `tb_atc` WHERE ( atcps=1 AND atcvw=1 AND atcnw='n' AND (f_atc_bdid=16) ) ORDER BY atctp DESC,atcmdftm DESC LIMIT 0,6   [ RunTime:0.000268s ]
SQL: SELECT `atcid`,`atctpc`,`atcmdftm`,`atctp` FROM `tb_atc` WHERE ( atcps=1 AND atcvw=1 AND atcnw='n' AND (f_atc_bdid=17) ) ORDER BY atctp DESC,atcmdftm DESC LIMIT 0,6   [ RunTime:0.000511s ]
SQL: SELECT `atcid`,`atctpc`,`atcmdftm`,`atctp` FROM `tb_atc` WHERE ( atcps=1 AND atcvw=1 AND atcnw='n' AND (f_atc_bdid=18) ) ORDER BY atctp DESC,atcmdftm DESC LIMIT 0,6   [ RunTime:0.000282s ]
SQL: SELECT `atcid`,`atctpc`,`atcmdftm`,`atctp` FROM `tb_atc` WHERE ( atcps=1 AND atcvw=1 AND atcnw='n' AND (f_atc_bdid=19) ) ORDER BY atctp DESC,atcmdftm DESC LIMIT 0,6   [ RunTime:0.000266s ]
SQL: SELECT `atcid`,`atctpc`,`atcmdftm`,`atctp` FROM `tb_atc` WHERE ( atcps=1 AND atcvw=1 AND atcnw='n' AND (f_atc_bdid=20) ) ORDER BY atctp DESC,atcmdftm DESC LIMIT 0,6   [ RunTime:0.000270s ]
SQL: SELECT `atcid`,`atctpc`,`atcmdftm`,`atctp` FROM `tb_atc` WHERE ( atcps=1 AND atcvw=1 AND atcnw='n' AND (f_atc_bdid=21) ) ORDER BY atctp DESC,atcmdftm DESC LIMIT 0,6   [ RunTime:0.000292s ]
SQL: SELECT `atcid`,`atctpc`,`atcmdftm`,`atctp` FROM `tb_atc` WHERE ( atcps=1 AND atcvw=1 AND atcnw='n' AND (f_atc_bdid=22) ) ORDER BY atctp DESC,atcmdftm DESC LIMIT 0,6   [ RunTime:0.000276s ]
SQL: SELECT `atcid`,`atctpc`,`atcmdftm`,`atctp` FROM `tb_atc` WHERE ( atcps=1 AND atcvw=1 AND atcnw=0 AND atcanc=1 ) ORDER BY atctp DESC,atcmdftm DESC LIMIT 0,6   [ RunTime:0.000291s ]
SQL: SELECT `atcid`,`atctpc`,`atcmdftm`,`atctp` FROM `tb_atc` WHERE ( atcps=1 AND atcvw=1 AND atcnw=0 AND atcdnmc=1 ) ORDER BY atctp DESC,atcmdftm DESC LIMIT 0,6   [ RunTime:0.000255s ]
SQL: SHOW COLUMNS FROM `tb_sys` [ RunTime:0.002556s ]
SQL: SELECT * FROM `tb_sys` LIMIT 1   [ RunTime:0.000621s ]
INFO: [ view_parse ] --START--
NOTIC: [8] Undefined variable: cstmusross D:\Program Files\Apache Software Foundation\Apache2.2\htdocs\xx\wap\Runtime\Cache\7c1b5953f9b834df2d9539012de126ca.php 第 147 行.
NOTIC: [8] Undefined variable: wxusross D:\Program Files\Apache Software Foundation\Apache2.2\htdocs\xx\wap\Runtime\Cache\7c1b5953f9b834df2d9539012de126ca.php 第 157 行.
INFO: ParseTemplate Behavior ::run [ RunTime:0.072987s ]
INFO: [ view_parse ] --END-- [ RunTime:0.073161s ]
INFO: [ view_filter ] --START--
INFO: ContentReplace Behavior ::run [ RunTime:0.004251s ]
INFO: TokenBuild Behavior ::run [ RunTime:0.003992s ]
INFO: WriteHtmlCache Behavior ::run [ RunTime:0.006863s ]
INFO: ShowRuntime Behavior ::run [ RunTime:0.007250s ]
INFO: [ view_filter ] --END-- [ RunTime:0.022672s ]
INFO: [ view_end ] --START--
INFO: ShowPageTrace Behavior ::run [ RunTime:0.007448s ]
INFO: [ view_end ] --END-- [ RunTime:0.007562s ]

[ 2015-11-09T04:28:19+08:00 ] 66.249.65.64 /xx/wap.php/Atc/query/bdid/21
INFO: [ route_check ] --START--
INFO: CheckRoute Behavior ::run [ RunTime:0.007875s ]
INFO: [ route_check ] --END-- [ RunTime:0.008034s ]
INFO: [ app_begin ] --START--
INFO: ReadHtmlCache Behavior ::run [ RunTime:0.007597s ]
INFO: [ app_begin ] --END-- [ RunTime:0.007753s ]
SQL: SHOW COLUMNS FROM `tb_cstmusr` [ RunTime:0.003182s ]
SQL: SHOW COLUMNS FROM `tb_atc` [ RunTime:0.003309s ]
SQL: SHOW COLUMNS FROM `tb_bd` [ RunTime:0.003214s ]
NOTIC: [8] Undefined index:  atcanc D:\Program Files\Apache Software Foundation\Apache2.2\htdocs\xx\wap\Lib\Action\AtcAction.class.php 第 162 行.
NOTIC: [8] Undefined index:  atcdnmc D:\Program Files\Apache Software Foundation\Apache2.2\htdocs\xx\wap\Lib\Action\AtcAction.class.php 第 170 行.
NOTIC: [8] Undefined index:  atckw D:\Program Files\Apache Software Foundation\Apache2.2\htdocs\xx\wap\Lib\Action\AtcAction.class.php 第 178 行.
SQL: SELECT * FROM `tb_bd` WHERE ( bdid=21 ) LIMIT 1   [ RunTime:0.000327s ]
SQL: SELECT * FROM `tb_bd` ORDER BY bdodr ASC  [ RunTime:0.000137s ]
SQL: SELECT * FROM `tb_bd` WHERE ( bdpid=21 ) ORDER BY bdodr ASC  [ RunTime:0.000126s ]
SQL: SELECT * FROM `tb_bd` WHERE ( bdpid=0 ) ORDER BY bdodr ASC  [ RunTime:0.000126s ]
SQL: SELECT `atcid`,`atctpc`,`atcmdftm`,`atctp`,`atccv`,`atczn`,`atctc`,`atccnt` FROM `tb_atc` WHERE ( atcps=1 AND atcvw=1 AND atcnw=0 AND (f_atc_bdid=21) ) ORDER BY atctp DESC,atcmdftm DESC LIMIT 0,10   [ RunTime:0.000410s ]
SQL: SELECT `atcid`,`atctpc`,`atcmdftm`,`atctp`,`atccv` FROM `tb_atc` WHERE ( atcps=1 AND atcvw=1 AND atcnw=0 AND (f_atc_bdid=21) ) ORDER BY atctp DESC,atcmdftm DESC LIMIT 10,1   [ RunTime:0.000273s ]
INFO: [ view_parse ] --START--
NOTIC: [8] Undefined index:  actvcls D:\Program Files\Apache Software Foundation\Apache2.2\htdocs\xx\wap\Runtime\Cache\0897941fd5a086ea44c0bed0855d33bd.php 第 71 行.
NOTIC: [8] Undefined index:  actvcls D:\Program Files\Apache Software Foundation\Apache2.2\htdocs\xx\wap\Runtime\Cache\0897941fd5a086ea44c0bed0855d33bd.php 第 71 行.
NOTIC: [8] Undefined index:  actvcls D:\Program Files\Apache Software Foundation\Apache2.2\htdocs\xx\wap\Runtime\Cache\0897941fd5a086ea44c0bed0855d33bd.php 第 71 行.
NOTIC: [8] Undefined index:  actvcls D:\Program Files\Apache Software Foundation\Apache2.2\htdocs\xx\wap\Runtime\Cache\0897941fd5a086ea44c0bed0855d33bd.php 第 71 行.
NOTIC: [8] Undefined index:  actvcls D:\Program Files\Apache Software Foundation\Apache2.2\htdocs\xx\wap\Runtime\Cache\0897941fd5a086ea44c0bed0855d33bd.php 第 71 行.
NOTIC: [8] Undefined index:  actvcls D:\Program Files\Apache Software Foundation\Apache2.2\htdocs\xx\wap\Runtime\Cache\0897941fd5a086ea44c0bed0855d33bd.php 第 71 行.
NOTIC: [8] Undefined index:  actvcls D:\Program Files\Apache Software Foundation\Apache2.2\htdocs\xx\wap\Runtime\Cache\0897941fd5a086ea44c0bed0855d33bd.php 第 71 行.
NOTIC: [8] Undefined index:  actvcls D:\Program Files\Apache Software Foundation\Apache2.2\htdocs\xx\wap\Runtime\Cache\0897941fd5a086ea44c0bed0855d33bd.php 第 71 行.
NOTIC: [8] Undefined variable: cstmusross D:\Program Files\Apache Software Foundation\Apache2.2\htdocs\xx\wap\Runtime\Cache\0897941fd5a086ea44c0bed0855d33bd.php 第 160 行.
NOTIC: [8] Undefined variable: wxusross D:\Program Files\Apache Software Foundation\Apache2.2\htdocs\xx\wap\Runtime\Cache\0897941fd5a086ea44c0bed0855d33bd.php 第 170 行.
INFO: ParseTemplate Behavior ::run [ RunTime:0.072121s ]
INFO: [ view_parse ] --END-- [ RunTime:0.072290s ]
INFO: [ view_filter ] --START--
INFO: ContentReplace Behavior ::run [ RunTime:0.007158s ]
INFO: TokenBuild Behavior ::run [ RunTime:0.007182s ]
INFO: WriteHtmlCache Behavior ::run [ RunTime:0.006854s ]
INFO: ShowRuntime Behavior ::run [ RunTime:0.007751s ]
INFO: [ view_filter ] --END-- [ RunTime:0.029268s ]
INFO: [ view_end ] --START--
INFO: ShowPageTrace Behavior ::run [ RunTime:0.007455s ]
INFO: [ view_end ] --END-- [ RunTime:0.007568s ]

[ 2015-11-09T04:32:59+08:00 ] 66.249.65.61 /xx/wap.php/Atc/appendatc/bdid/21
INFO: [ route_check ] --START--
INFO: CheckRoute Behavior ::run [ RunTime:0.007868s ]
INFO: [ route_check ] --END-- [ RunTime:0.008021s ]
INFO: [ app_begin ] --START--
INFO: ReadHtmlCache Behavior ::run [ RunTime:0.007474s ]
INFO: [ app_begin ] --END-- [ RunTime:0.007596s ]
NOTIC: [8] Undefined index:  pg D:\Program Files\Apache Software Foundation\Apache2.2\htdocs\xx\wap\Lib\Action\AtcAction.class.php 第 577 行.
SQL: SHOW COLUMNS FROM `tb_atc` [ RunTime:0.003110s ]
SQL: SHOW COLUMNS FROM `tb_bd` [ RunTime:0.002459s ]
NOTIC: [8] Undefined index:  atcanc D:\Program Files\Apache Software Foundation\Apache2.2\htdocs\xx\wap\Lib\Action\AtcAction.class.php 第 588 行.
NOTIC: [8] Undefined index:  atcdnmc D:\Program Files\Apache Software Foundation\Apache2.2\htdocs\xx\wap\Lib\Action\AtcAction.class.php 第 593 行.
NOTIC: [8] Undefined index:  atckw D:\Program Files\Apache Software Foundation\Apache2.2\htdocs\xx\wap\Lib\Action\AtcAction.class.php 第 598 行.
SQL: SELECT * FROM `tb_bd` WHERE ( bdid=21 ) LIMIT 1   [ RunTime:0.000331s ]
SQL: SELECT * FROM `tb_bd` ORDER BY bdodr ASC  [ RunTime:0.000137s ]
SQL: SELECT `atcid`,`atctpc`,`atcmdftm`,`atctp`,`atccv`,`atczn`,`atctc`,`atccnt` FROM `tb_atc` WHERE ( atcps=1 AND atcvw=1 AND atcnw=0 AND (f_atc_bdid=21) ) ORDER BY atctp DESC,atcmdftm DESC LIMIT 0,10   [ RunTime:0.000131s ]
SQL: SELECT * FROM `tb_atc` WHERE ( atcps=1 AND atcvw=1 AND atcnw=0 AND (f_atc_bdid=21) ) ORDER BY atctp DESC,atcmdftm DESC LIMIT 10,1   [ RunTime:0.000435s ]
NOTIC: [8] Undefined variable: htmltxt D:\Program Files\Apache Software Foundation\Apache2.2\htdocs\xx\wap\Lib\Action\AtcAction.class.php 第 699 行.

