[ 2015-11-10T12:46:33+08:00 ] 66.249.65.58 /xx/wap.php/Atc/appendatc//
INFO: [ route_check ] --START--
INFO: CheckRoute Behavior ::run [ RunTime:0.008718s ]
INFO: [ route_check ] --END-- [ RunTime:0.008954s ]
INFO: [ app_begin ] --START--
INFO: ReadHtmlCache Behavior ::run [ RunTime:0.008118s ]
INFO: [ app_begin ] --END-- [ RunTime:0.008347s ]
NOTIC: [8] Undefined index:  pg D:\Program Files\Apache Software Foundation\Apache2.2\htdocs\xx\wap\Lib\Action\AtcAction.class.php 第 577 行.
SQL: SHOW COLUMNS FROM `tb_atc` [ RunTime:0.003275s ]
SQL: SHOW COLUMNS FROM `tb_bd` [ RunTime:0.002930s ]
NOTIC: [8] Undefined index:  atcanc D:\Program Files\Apache Software Foundation\Apache2.2\htdocs\xx\wap\Lib\Action\AtcAction.class.php 第 588 行.
NOTIC: [8] Undefined index:  atcdnmc D:\Program Files\Apache Software Foundation\Apache2.2\htdocs\xx\wap\Lib\Action\AtcAction.class.php 第 593 行.
NOTIC: [8] Undefined index:  atckw D:\Program Files\Apache Software Foundation\Apache2.2\htdocs\xx\wap\Lib\Action\AtcAction.class.php 第 598 行.
NOTIC: [8] Undefined index:  bdid D:\Program Files\Apache Software Foundation\Apache2.2\htdocs\xx\wap\Lib\Action\AtcAction.class.php 第 613 行.
SQL: SELECT `atcid`,`atctpc`,`atcmdftm`,`atctp`,`atccv`,`atczn`,`atctc`,`atccnt` FROM `tb_atc` WHERE ( atcps=1 AND atcvw=1 AND atcnw=0 AND (1=1) ) ORDER BY atctp DESC,atcmdftm DESC LIMIT 0,10   [ RunTime:0.000562s ]
SQL: SHOW COLUMNS FROM `tb_cstmcmt` [ RunTime:0.002689s ]
SQL: SELECT COUNT(*) AS tp_count FROM `tb_cstmcmt` WHERE ( f_cstmcmt_atcid=20 ) LIMIT 1   [ RunTime:0.000450s ]
SQL: SELECT * FROM `tb_atc` WHERE ( atcps=1 AND atcvw=1 AND atcnw=0 AND (1=1) ) ORDER BY atctp DESC,atcmdftm DESC LIMIT 10,1   [ RunTime:0.000406s ]
NOTIC: [8] Undefined variable: htmltxt D:\Program Files\Apache Software Foundation\Apache2.2\htdocs\xx\wap\Lib\Action\AtcAction.class.php 第 675 行.

[ 2015-11-10T12:54:07+08:00 ] 66.249.65.61 /xx/wap.php/Atc/appendatc/bdid/17
INFO: [ route_check ] --START--
INFO: CheckRoute Behavior ::run [ RunTime:0.007975s ]
INFO: [ route_check ] --END-- [ RunTime:0.008129s ]
INFO: [ app_begin ] --START--
INFO: ReadHtmlCache Behavior ::run [ RunTime:0.008112s ]
INFO: [ app_begin ] --END-- [ RunTime:0.008255s ]
NOTIC: [8] Undefined index:  pg D:\Program Files\Apache Software Foundation\Apache2.2\htdocs\xx\wap\Lib\Action\AtcAction.class.php 第 577 行.
SQL: SHOW COLUMNS FROM `tb_atc` [ RunTime:0.003475s ]
SQL: SHOW COLUMNS FROM `tb_bd` [ RunTime:0.002878s ]
NOTIC: [8] Undefined index:  atcanc D:\Program Files\Apache Software Foundation\Apache2.2\htdocs\xx\wap\Lib\Action\AtcAction.class.php 第 588 行.
NOTIC: [8] Undefined index:  atcdnmc D:\Program Files\Apache Software Foundation\Apache2.2\htdocs\xx\wap\Lib\Action\AtcAction.class.php 第 593 行.
NOTIC: [8] Undefined index:  atckw D:\Program Files\Apache Software Foundation\Apache2.2\htdocs\xx\wap\Lib\Action\AtcAction.class.php 第 598 行.
SQL: SELECT * FROM `tb_bd` WHERE ( bdid=17 ) LIMIT 1   [ RunTime:0.000396s ]
SQL: SELECT * FROM `tb_bd` ORDER BY bdodr ASC  [ RunTime:0.000138s ]
SQL: SELECT `atcid`,`atctpc`,`atcmdftm`,`atctp`,`atccv`,`atczn`,`atctc`,`atccnt` FROM `tb_atc` WHERE ( atcps=1 AND atcvw=1 AND atcnw=0 AND (f_atc_bdid=17) ) ORDER BY atctp DESC,atcmdftm DESC LIMIT 0,10   [ RunTime:0.000395s ]
SQL: SELECT * FROM `tb_atc` WHERE ( atcps=1 AND atcvw=1 AND atcnw=0 AND (f_atc_bdid=17) ) ORDER BY atctp DESC,atcmdftm DESC LIMIT 10,1   [ RunTime:0.000324s ]
NOTIC: [8] Undefined variable: htmltxt D:\Program Files\Apache Software Foundation\Apache2.2\htdocs\xx\wap\Lib\Action\AtcAction.class.php 第 699 行.

[ 2015-11-10T13:13:03+08:00 ] 66.249.65.64 /xx/wap.php/Atc/appendatc/bdid/18
INFO: [ route_check ] --START--
INFO: CheckRoute Behavior ::run [ RunTime:0.007945s ]
INFO: [ route_check ] --END-- [ RunTime:0.008100s ]
INFO: [ app_begin ] --START--
INFO: ReadHtmlCache Behavior ::run [ RunTime:0.007455s ]
INFO: [ app_begin ] --END-- [ RunTime:0.007577s ]
NOTIC: [8] Undefined index:  pg D:\Program Files\Apache Software Foundation\Apache2.2\htdocs\xx\wap\Lib\Action\AtcAction.class.php 第 577 行.
SQL: SHOW COLUMNS FROM `tb_atc` [ RunTime:0.003114s ]
SQL: SHOW COLUMNS FROM `tb_bd` [ RunTime:0.002795s ]
NOTIC: [8] Undefined index:  atcanc D:\Program Files\Apache Software Foundation\Apache2.2\htdocs\xx\wap\Lib\Action\AtcAction.class.php 第 588 行.
NOTIC: [8] Undefined index:  atcdnmc D:\Program Files\Apache Software Foundation\Apache2.2\htdocs\xx\wap\Lib\Action\AtcAction.class.php 第 593 行.
NOTIC: [8] Undefined index:  atckw D:\Program Files\Apache Software Foundation\Apache2.2\htdocs\xx\wap\Lib\Action\AtcAction.class.php 第 598 行.
SQL: SELECT * FROM `tb_bd` WHERE ( bdid=18 ) LIMIT 1   [ RunTime:0.000425s ]
SQL: SELECT * FROM `tb_bd` ORDER BY bdodr ASC  [ RunTime:0.000137s ]
SQL: SELECT `atcid`,`atctpc`,`atcmdftm`,`atctp`,`atccv`,`atczn`,`atctc`,`atccnt` FROM `tb_atc` WHERE ( atcps=1 AND atcvw=1 AND atcnw=0 AND (f_atc_bdid=18) ) ORDER BY atctp DESC,atcmdftm DESC LIMIT 0,10   [ RunTime:0.000442s ]
SQL: SELECT * FROM `tb_atc` WHERE ( atcps=1 AND atcvw=1 AND atcnw=0 AND (f_atc_bdid=18) ) ORDER BY atctp DESC,atcmdftm DESC LIMIT 10,1   [ RunTime:0.000332s ]
NOTIC: [8] Undefined variable: htmltxt D:\Program Files\Apache Software Foundation\Apache2.2\htdocs\xx\wap\Lib\Action\AtcAction.class.php 第 699 行.

[ 2015-11-10T20:47:16+08:00 ] 66.249.65.64 /xx/wap.php/Cstmusr/gtxpg/x/login
INFO: [ route_check ] --START--
INFO: CheckRoute Behavior ::run [ RunTime:0.007881s ]
INFO: [ route_check ] --END-- [ RunTime:0.008036s ]
INFO: [ app_begin ] --START--
INFO: ReadHtmlCache Behavior ::run [ RunTime:0.007493s ]
INFO: [ app_begin ] --END-- [ RunTime:0.007618s ]
SQL: SHOW COLUMNS FROM `tb_cstmusr` [ RunTime:0.003553s ]
SQL: SHOW COLUMNS FROM `tb_md` [ RunTime:0.002839s ]
SQL: SELECT * FROM `tb_md` WHERE ( mdmk='Cstmusr' ) LIMIT 1   [ RunTime:0.000429s ]
INFO: [ view_parse ] --START--
NOTIC: [8] Undefined variable: title D:\Program Files\Apache Software Foundation\Apache2.2\htdocs\xx\wap\Runtime\Cache\5c608e5afdad3afe118d7ae9820bbb53.php 第 8 行.
NOTIC: [8] Undefined variable: theme D:\Program Files\Apache Software Foundation\Apache2.2\htdocs\xx\wap\Runtime\Cache\5c608e5afdad3afe118d7ae9820bbb53.php 第 64 行.
NOTIC: [8] Undefined variable: cstmusross D:\Program Files\Apache Software Foundation\Apache2.2\htdocs\xx\wap\Runtime\Cache\5c608e5afdad3afe118d7ae9820bbb53.php 第 99 行.
NOTIC: [8] Undefined variable: wxusross D:\Program Files\Apache Software Foundation\Apache2.2\htdocs\xx\wap\Runtime\Cache\5c608e5afdad3afe118d7ae9820bbb53.php 第 109 行.
INFO: ParseTemplate Behavior ::run [ RunTime:0.070051s ]
INFO: [ view_parse ] --END-- [ RunTime:0.070203s ]
INFO: [ view_filter ] --START--
INFO: ContentReplace Behavior ::run [ RunTime:0.007130s ]
INFO: TokenBuild Behavior ::run [ RunTime:0.007251s ]
INFO: WriteHtmlCache Behavior ::run [ RunTime:0.006862s ]
INFO: ShowRuntime Behavior ::run [ RunTime:0.007724s ]
INFO: [ view_filter ] --END-- [ RunTime:0.029298s ]
INFO: [ view_end ] --START--
INFO: ShowPageTrace Behavior ::run [ RunTime:0.007466s ]
INFO: [ view_end ] --END-- [ RunTime:0.007584s ]

[ 2015-11-10T21:36:32+08:00 ] 66.249.74.72 /xx/wap.php/Cstmusr/gtxpg/x/forget
INFO: [ route_check ] --START--
INFO: CheckRoute Behavior ::run [ RunTime:0.008549s ]
INFO: [ route_check ] --END-- [ RunTime:0.008710s ]
INFO: [ app_begin ] --START--
INFO: ReadHtmlCache Behavior ::run [ RunTime:0.007472s ]
INFO: [ app_begin ] --END-- [ RunTime:0.007595s ]
SQL: SHOW COLUMNS FROM `tb_cstmusr` [ RunTime:0.003267s ]
SQL: SHOW COLUMNS FROM `tb_md` [ RunTime:0.002691s ]
SQL: SELECT * FROM `tb_md` WHERE ( mdmk='Cstmusr' ) LIMIT 1   [ RunTime:0.000422s ]
INFO: [ view_parse ] --START--
NOTIC: [8] Undefined variable: cstmusross D:\Program Files\Apache Software Foundation\Apache2.2\htdocs\xx\wap\Runtime\Cache\b94ba5521507558261cbce8646eb0f18.php 第 91 行.
NOTIC: [8] Undefined variable: wxusross D:\Program Files\Apache Software Foundation\Apache2.2\htdocs\xx\wap\Runtime\Cache\b94ba5521507558261cbce8646eb0f18.php 第 101 行.
INFO: ParseTemplate Behavior ::run [ RunTime:0.069676s ]
INFO: [ view_parse ] --END-- [ RunTime:0.069823s ]
INFO: [ view_filter ] --START--
INFO: ContentReplace Behavior ::run [ RunTime:0.007170s ]
INFO: TokenBuild Behavior ::run [ RunTime:0.007101s ]
INFO: WriteHtmlCache Behavior ::run [ RunTime:0.006879s ]
INFO: ShowRuntime Behavior ::run [ RunTime:0.007324s ]
INFO: [ view_filter ] --END-- [ RunTime:0.028791s ]
INFO: [ view_end ] --START--
INFO: ShowPageTrace Behavior ::run [ RunTime:0.007456s ]
INFO: [ view_end ] --END-- [ RunTime:0.007572s ]

[ 2015-11-10T21:40:20+08:00 ] 66.249.74.70 /xx/wap.php/Cstmusr
INFO: [ route_check ] --START--
INFO: CheckRoute Behavior ::run [ RunTime:0.004768s ]
INFO: [ route_check ] --END-- [ RunTime:0.004923s ]
INFO: [ app_begin ] --START--
INFO: ReadHtmlCache Behavior ::run [ RunTime:0.007351s ]
INFO: [ app_begin ] --END-- [ RunTime:0.007480s ]
ERR: 非法操作:index

