[ 2015-11-08T08:17:35+08:00 ] 66.249.65.58 /xx/wap.php
INFO: [ app_begin ] --START--
INFO: ReadHtmlCache Behavior ::run [ RunTime:0.007384s ]
INFO: [ app_begin ] --END-- [ RunTime:0.007538s ]
SQL: SHOW COLUMNS FROM `tb_cstmusr` [ RunTime:0.003211s ]
SQL: SHOW COLUMNS FROM `tb_atc` [ RunTime:0.003352s ]
SQL: SELECT * FROM `tb_atc` LEFT JOIN tb_bd ON f_atc_bdid=bdid WHERE ( atcps=1 AND atcvw=1 AND atcnw=0 AND atcdnmc=1 AND atccv<>'dflt' ) ORDER BY atctp DESC,atcmdftm DESC LIMIT 0,5   [ RunTime:0.001126s ]
SQL: SHOW COLUMNS FROM `tb_bd` [ RunTime:0.002186s ]
SQL: SELECT * FROM `tb_bd` ORDER BY bdodr ASC  [ RunTime:0.000581s ]
SQL: SELECT * FROM `tb_bd` WHERE ( bdpid=0 ) ORDER BY bdodr ASC  [ RunTime:0.000134s ]
SQL: SELECT `atcid`,`atctpc`,`atcmdftm`,`atctp` FROM `tb_atc` WHERE ( atcps=1 AND atcvw=1 AND atcnw='n' AND (f_atc_bdid=15) ) ORDER BY atctp DESC,atcmdftm DESC LIMIT 0,6   [ RunTime:0.000387s ]
SQL: SELECT `atcid`,`atctpc`,`atcmdftm`,`atctp` FROM `tb_atc` WHERE ( atcps=1 AND atcvw=1 AND atcnw='n' AND (f_atc_bdid=16) ) ORDER BY atctp DESC,atcmdftm DESC LIMIT 0,6   [ RunTime:0.000271s ]
SQL: SELECT `atcid`,`atctpc`,`atcmdftm`,`atctp` FROM `tb_atc` WHERE ( atcps=1 AND atcvw=1 AND atcnw='n' AND (f_atc_bdid=17) ) ORDER BY atctp DESC,atcmdftm DESC LIMIT 0,6   [ RunTime:0.000261s ]
SQL: SELECT `atcid`,`atctpc`,`atcmdftm`,`atctp` FROM `tb_atc` WHERE ( atcps=1 AND atcvw=1 AND atcnw='n' AND (f_atc_bdid=18) ) ORDER BY atctp DESC,atcmdftm DESC LIMIT 0,6   [ RunTime:0.000257s ]
SQL: SELECT `atcid`,`atctpc`,`atcmdftm`,`atctp` FROM `tb_atc` WHERE ( atcps=1 AND atcvw=1 AND atcnw='n' AND (f_atc_bdid=19) ) ORDER BY atctp DESC,atcmdftm DESC LIMIT 0,6   [ RunTime:0.000259s ]
SQL: SELECT `atcid`,`atctpc`,`atcmdftm`,`atctp` FROM `tb_atc` WHERE ( atcps=1 AND atcvw=1 AND atcnw='n' AND (f_atc_bdid=20) ) ORDER BY atctp DESC,atcmdftm DESC LIMIT 0,6   [ RunTime:0.000258s ]
SQL: SELECT `atcid`,`atctpc`,`atcmdftm`,`atctp` FROM `tb_atc` WHERE ( atcps=1 AND atcvw=1 AND atcnw='n' AND (f_atc_bdid=21) ) ORDER BY atctp DESC,atcmdftm DESC LIMIT 0,6   [ RunTime:0.000253s ]
SQL: SELECT `atcid`,`atctpc`,`atcmdftm`,`atctp` FROM `tb_atc` WHERE ( atcps=1 AND atcvw=1 AND atcnw='n' AND (f_atc_bdid=22) ) ORDER BY atctp DESC,atcmdftm DESC LIMIT 0,6   [ RunTime:0.000254s ]
SQL: SELECT `atcid`,`atctpc`,`atcmdftm`,`atctp` FROM `tb_atc` WHERE ( atcps=1 AND atcvw=1 AND atcnw=0 AND atcanc=1 ) ORDER BY atctp DESC,atcmdftm DESC LIMIT 0,6   [ RunTime:0.000297s ]
SQL: SELECT `atcid`,`atctpc`,`atcmdftm`,`atctp` FROM `tb_atc` WHERE ( atcps=1 AND atcvw=1 AND atcnw=0 AND atcdnmc=1 ) ORDER BY atctp DESC,atcmdftm DESC LIMIT 0,6   [ RunTime:0.000256s ]
SQL: SHOW COLUMNS FROM `tb_sys` [ RunTime:0.002535s ]
SQL: SELECT * FROM `tb_sys` LIMIT 1   [ RunTime:0.000627s ]
INFO: [ view_parse ] --START--
NOTIC: [8] Undefined variable: cstmusross D:\Program Files\Apache Software Foundation\Apache2.2\htdocs\xx\wap\Runtime\Cache\7c1b5953f9b834df2d9539012de126ca.php 第 147 行.
NOTIC: [8] Undefined variable: wxusross D:\Program Files\Apache Software Foundation\Apache2.2\htdocs\xx\wap\Runtime\Cache\7c1b5953f9b834df2d9539012de126ca.php 第 157 行.
INFO: ParseTemplate Behavior ::run [ RunTime:0.079764s ]
INFO: [ view_parse ] --END-- [ RunTime:0.079939s ]
INFO: [ view_filter ] --START--
INFO: ContentReplace Behavior ::run [ RunTime:0.007733s ]
INFO: TokenBuild Behavior ::run [ RunTime:0.007078s ]
INFO: WriteHtmlCache Behavior ::run [ RunTime:0.007011s ]
INFO: ShowRuntime Behavior ::run [ RunTime:0.007237s ]
INFO: [ view_filter ] --END-- [ RunTime:0.029390s ]
INFO: [ view_end ] --START--
INFO: ShowPageTrace Behavior ::run [ RunTime:0.007555s ]
INFO: [ view_end ] --END-- [ RunTime:0.007671s ]

[ 2015-11-08T08:22:59+08:00 ] 66.249.65.64 /xx/wap.php/Index
INFO: [ route_check ] --START--
INFO: CheckRoute Behavior ::run [ RunTime:0.008521s ]
INFO: [ route_check ] --END-- [ RunTime:0.008683s ]
INFO: [ app_begin ] --START--
INFO: ReadHtmlCache Behavior ::run [ RunTime:0.007364s ]
INFO: [ app_begin ] --END-- [ RunTime:0.007484s ]
SQL: SHOW COLUMNS FROM `tb_cstmusr` [ RunTime:0.003101s ]
SQL: SHOW COLUMNS FROM `tb_atc` [ RunTime:0.002790s ]
SQL: SELECT * FROM `tb_atc` LEFT JOIN tb_bd ON f_atc_bdid=bdid WHERE ( atcps=1 AND atcvw=1 AND atcnw=0 AND atcdnmc=1 AND atccv<>'dflt' ) ORDER BY atctp DESC,atcmdftm DESC LIMIT 0,5   [ RunTime:0.000395s ]
SQL: SHOW COLUMNS FROM `tb_bd` [ RunTime:0.002648s ]
SQL: SELECT * FROM `tb_bd` ORDER BY bdodr ASC  [ RunTime:0.000616s ]
SQL: SELECT * FROM `tb_bd` WHERE ( bdpid=0 ) ORDER BY bdodr ASC  [ RunTime:0.000149s ]
SQL: SELECT `atcid`,`atctpc`,`atcmdftm`,`atctp` FROM `tb_atc` WHERE ( atcps=1 AND atcvw=1 AND atcnw='n' AND (f_atc_bdid=15) ) ORDER BY atctp DESC,atcmdftm DESC LIMIT 0,6   [ RunTime:0.000432s ]
SQL: SELECT `atcid`,`atctpc`,`atcmdftm`,`atctp` FROM `tb_atc` WHERE ( atcps=1 AND atcvw=1 AND atcnw='n' AND (f_atc_bdid=16) ) ORDER BY atctp DESC,atcmdftm DESC LIMIT 0,6   [ RunTime:0.000130s ]
SQL: SELECT `atcid`,`atctpc`,`atcmdftm`,`atctp` FROM `tb_atc` WHERE ( atcps=1 AND atcvw=1 AND atcnw='n' AND (f_atc_bdid=17) ) ORDER BY atctp DESC,atcmdftm DESC LIMIT 0,6   [ RunTime:0.000124s ]
SQL: SELECT `atcid`,`atctpc`,`atcmdftm`,`atctp` FROM `tb_atc` WHERE ( atcps=1 AND atcvw=1 AND atcnw='n' AND (f_atc_bdid=18) ) ORDER BY atctp DESC,atcmdftm DESC LIMIT 0,6   [ RunTime:0.000123s ]
SQL: SELECT `atcid`,`atctpc`,`atcmdftm`,`atctp` FROM `tb_atc` WHERE ( atcps=1 AND atcvw=1 AND atcnw='n' AND (f_atc_bdid=19) ) ORDER BY atctp DESC,atcmdftm DESC LIMIT 0,6   [ RunTime:0.000123s ]
SQL: SELECT `atcid`,`atctpc`,`atcmdftm`,`atctp` FROM `tb_atc` WHERE ( atcps=1 AND atcvw=1 AND atcnw='n' AND (f_atc_bdid=20) ) ORDER BY atctp DESC,atcmdftm DESC LIMIT 0,6   [ RunTime:0.000122s ]
SQL: SELECT `atcid`,`atctpc`,`atcmdftm`,`atctp` FROM `tb_atc` WHERE ( atcps=1 AND atcvw=1 AND atcnw='n' AND (f_atc_bdid=21) ) ORDER BY atctp DESC,atcmdftm DESC LIMIT 0,6   [ RunTime:0.000122s ]
SQL: SELECT `atcid`,`atctpc`,`atcmdftm`,`atctp` FROM `tb_atc` WHERE ( atcps=1 AND atcvw=1 AND atcnw='n' AND (f_atc_bdid=22) ) ORDER BY atctp DESC,atcmdftm DESC LIMIT 0,6   [ RunTime:0.000122s ]
SQL: SELECT `atcid`,`atctpc`,`atcmdftm`,`atctp` FROM `tb_atc` WHERE ( atcps=1 AND atcvw=1 AND atcnw=0 AND atcanc=1 ) ORDER BY atctp DESC,atcmdftm DESC LIMIT 0,6   [ RunTime:0.000122s ]
SQL: SELECT `atcid`,`atctpc`,`atcmdftm`,`atctp` FROM `tb_atc` WHERE ( atcps=1 AND atcvw=1 AND atcnw=0 AND atcdnmc=1 ) ORDER BY atctp DESC,atcmdftm DESC LIMIT 0,6   [ RunTime:0.000121s ]
SQL: SHOW COLUMNS FROM `tb_sys` [ RunTime:0.002465s ]
SQL: SELECT * FROM `tb_sys` LIMIT 1   [ RunTime:0.000629s ]
INFO: [ view_parse ] --START--
NOTIC: [8] Undefined variable: cstmusross D:\Program Files\Apache Software Foundation\Apache2.2\htdocs\xx\wap\Runtime\Cache\7c1b5953f9b834df2d9539012de126ca.php 第 147 行.
NOTIC: [8] Undefined variable: wxusross D:\Program Files\Apache Software Foundation\Apache2.2\htdocs\xx\wap\Runtime\Cache\7c1b5953f9b834df2d9539012de126ca.php 第 157 行.
INFO: ParseTemplate Behavior ::run [ RunTime:0.079719s ]
INFO: [ view_parse ] --END-- [ RunTime:0.079868s ]
INFO: [ view_filter ] --START--
INFO: ContentReplace Behavior ::run [ RunTime:0.007325s ]
INFO: TokenBuild Behavior ::run [ RunTime:0.007086s ]
INFO: WriteHtmlCache Behavior ::run [ RunTime:0.006847s ]
INFO: ShowRuntime Behavior ::run [ RunTime:0.007215s ]
INFO: [ view_filter ] --END-- [ RunTime:0.028786s ]
INFO: [ view_end ] --START--
INFO: ShowPageTrace Behavior ::run [ RunTime:0.007430s ]
INFO: [ view_end ] --END-- [ RunTime:0.007542s ]

[ 2015-11-08T08:25:31+08:00 ] 66.249.65.61 /xx/wap.php/Atc/query
INFO: [ route_check ] --START--
INFO: CheckRoute Behavior ::run [ RunTime:0.007868s ]
INFO: [ route_check ] --END-- [ RunTime:0.008023s ]
INFO: [ app_begin ] --START--
INFO: ReadHtmlCache Behavior ::run [ RunTime:0.007342s ]
INFO: [ app_begin ] --END-- [ RunTime:0.007463s ]
SQL: SHOW COLUMNS FROM `tb_cstmusr` [ RunTime:0.002731s ]
SQL: SHOW COLUMNS FROM `tb_atc` [ RunTime:0.002943s ]
SQL: SHOW COLUMNS FROM `tb_bd` [ RunTime:0.002432s ]
NOTIC: [8] Undefined index:  atcanc D:\Program Files\Apache Software Foundation\Apache2.2\htdocs\xx\wap\Lib\Action\AtcAction.class.php 第 162 行.
NOTIC: [8] Undefined index:  atcdnmc D:\Program Files\Apache Software Foundation\Apache2.2\htdocs\xx\wap\Lib\Action\AtcAction.class.php 第 170 行.
NOTIC: [8] Undefined index:  atckw D:\Program Files\Apache Software Foundation\Apache2.2\htdocs\xx\wap\Lib\Action\AtcAction.class.php 第 178 行.
NOTIC: [8] Undefined index:  bdid D:\Program Files\Apache Software Foundation\Apache2.2\htdocs\xx\wap\Lib\Action\AtcAction.class.php 第 195 行.
SQL: SELECT * FROM `tb_bd` WHERE ( bdpid=0 ) ORDER BY bdodr ASC  [ RunTime:0.000203s ]
NOTIC: [8] Undefined variable: csm D:\Program Files\Apache Software Foundation\Apache2.2\htdocs\xx\wap\Lib\Action\AtcAction.class.php 第 228 行.
NOTIC: [8] Undefined variable: csz D:\Program Files\Apache Software Foundation\Apache2.2\htdocs\xx\wap\Lib\Action\AtcAction.class.php 第 228 行.
SQL: SELECT `atcid`,`atctpc`,`atcmdftm`,`atctp`,`atccv`,`atczn`,`atctc`,`atccnt` FROM `tb_atc` WHERE ( atcps=1 AND atcvw=1 AND atcnw=0 AND (1=1) ) ORDER BY atctp DESC,atcmdftm DESC LIMIT 0,10   [ RunTime:0.000422s ]
SQL: SHOW COLUMNS FROM `tb_cstmcmt` [ RunTime:0.002718s ]
SQL: SELECT COUNT(*) AS tp_count FROM `tb_cstmcmt` WHERE ( f_cstmcmt_atcid=20 ) LIMIT 1   [ RunTime:0.000449s ]
SQL: SELECT `atcid`,`atctpc`,`atcmdftm`,`atctp`,`atccv` FROM `tb_atc` WHERE ( atcps=1 AND atcvw=1 AND atcnw=0 AND (1=1) ) ORDER BY atctp DESC,atcmdftm DESC LIMIT 10,1   [ RunTime:0.000437s ]
INFO: [ view_parse ] --START--
NOTIC: [8] Undefined index:  actvcls D:\Program Files\Apache Software Foundation\Apache2.2\htdocs\xx\wap\Runtime\Cache\0897941fd5a086ea44c0bed0855d33bd.php 第 71 行.
NOTIC: [8] Undefined index:  actvcls D:\Program Files\Apache Software Foundation\Apache2.2\htdocs\xx\wap\Runtime\Cache\0897941fd5a086ea44c0bed0855d33bd.php 第 71 行.
NOTIC: [8] Undefined index:  actvcls D:\Program Files\Apache Software Foundation\Apache2.2\htdocs\xx\wap\Runtime\Cache\0897941fd5a086ea44c0bed0855d33bd.php 第 71 行.
NOTIC: [8] Undefined index:  actvcls D:\Program Files\Apache Software Foundation\Apache2.2\htdocs\xx\wap\Runtime\Cache\0897941fd5a086ea44c0bed0855d33bd.php 第 71 行.
NOTIC: [8] Undefined index:  actvcls D:\Program Files\Apache Software Foundation\Apache2.2\htdocs\xx\wap\Runtime\Cache\0897941fd5a086ea44c0bed0855d33bd.php 第 71 行.
NOTIC: [8] Undefined index:  actvcls D:\Program Files\Apache Software Foundation\Apache2.2\htdocs\xx\wap\Runtime\Cache\0897941fd5a086ea44c0bed0855d33bd.php 第 71 行.
NOTIC: [8] Undefined index:  actvcls D:\Program Files\Apache Software Foundation\Apache2.2\htdocs\xx\wap\Runtime\Cache\0897941fd5a086ea44c0bed0855d33bd.php 第 71 行.
NOTIC: [8] Undefined index:  actvcls D:\Program Files\Apache Software Foundation\Apache2.2\htdocs\xx\wap\Runtime\Cache\0897941fd5a086ea44c0bed0855d33bd.php 第 71 行.
NOTIC: [8] Undefined variable: cstmusross D:\Program Files\Apache Software Foundation\Apache2.2\htdocs\xx\wap\Runtime\Cache\0897941fd5a086ea44c0bed0855d33bd.php 第 160 行.
NOTIC: [8] Undefined variable: wxusross D:\Program Files\Apache Software Foundation\Apache2.2\htdocs\xx\wap\Runtime\Cache\0897941fd5a086ea44c0bed0855d33bd.php 第 170 行.
INFO: ParseTemplate Behavior ::run [ RunTime:0.078498s ]
INFO: [ view_parse ] --END-- [ RunTime:0.078666s ]
INFO: [ view_filter ] --START--
INFO: ContentReplace Behavior ::run [ RunTime:0.007977s ]
INFO: TokenBuild Behavior ::run [ RunTime:0.007124s ]
INFO: WriteHtmlCache Behavior ::run [ RunTime:0.006889s ]
INFO: ShowRuntime Behavior ::run [ RunTime:0.007203s ]
INFO: [ view_filter ] --END-- [ RunTime:0.029524s ]
INFO: [ view_end ] --START--
INFO: ShowPageTrace Behavior ::run [ RunTime:0.007460s ]
INFO: [ view_end ] --END-- [ RunTime:0.007572s ]

[ 2015-11-08T08:25:38+08:00 ] 66.249.65.58 /xx/wap.php/Wxusr/loginout
INFO: [ route_check ] --START--
INFO: CheckRoute Behavior ::run [ RunTime:0.007898s ]
INFO: [ route_check ] --END-- [ RunTime:0.008055s ]
INFO: [ app_begin ] --START--
INFO: ReadHtmlCache Behavior ::run [ RunTime:0.007459s ]
INFO: [ app_begin ] --END-- [ RunTime:0.007582s ]

[ 2015-11-08T08:25:44+08:00 ] 66.249.65.61 /xx/wap.php/Cstmusr/loginout
INFO: [ route_check ] --START--
INFO: CheckRoute Behavior ::run [ RunTime:0.007878s ]
INFO: [ route_check ] --END-- [ RunTime:0.008033s ]
INFO: [ app_begin ] --START--
INFO: ReadHtmlCache Behavior ::run [ RunTime:0.007355s ]
INFO: [ app_begin ] --END-- [ RunTime:0.007475s ]

[ 2015-11-08T08:25:51+08:00 ] 66.249.65.64 /xx/wap.php/Atc/query/bdid/20
INFO: [ route_check ] --START--
INFO: CheckRoute Behavior ::run [ RunTime:0.007920s ]
INFO: [ route_check ] --END-- [ RunTime:0.008076s ]
INFO: [ app_begin ] --START--
INFO: ReadHtmlCache Behavior ::run [ RunTime:0.007391s ]
INFO: [ app_begin ] --END-- [ RunTime:0.007512s ]
SQL: SHOW COLUMNS FROM `tb_cstmusr` [ RunTime:0.002877s ]
SQL: SHOW COLUMNS FROM `tb_atc` [ RunTime:0.002886s ]
SQL: SHOW COLUMNS FROM `tb_bd` [ RunTime:0.002447s ]
NOTIC: [8] Undefined index:  atcanc D:\Program Files\Apache Software Foundation\Apache2.2\htdocs\xx\wap\Lib\Action\AtcAction.class.php 第 162 行.
NOTIC: [8] Undefined index:  atcdnmc D:\Program Files\Apache Software Foundation\Apache2.2\htdocs\xx\wap\Lib\Action\AtcAction.class.php 第 170 行.
NOTIC: [8] Undefined index:  atckw D:\Program Files\Apache Software Foundation\Apache2.2\htdocs\xx\wap\Lib\Action\AtcAction.class.php 第 178 行.
SQL: SELECT * FROM `tb_bd` WHERE ( bdid=20 ) LIMIT 1   [ RunTime:0.000384s ]
SQL: SELECT * FROM `tb_bd` ORDER BY bdodr ASC  [ RunTime:0.000132s ]
SQL: SELECT * FROM `tb_bd` WHERE ( bdpid=20 ) ORDER BY bdodr ASC  [ RunTime:0.000138s ]
SQL: SELECT * FROM `tb_bd` WHERE ( bdpid=0 ) ORDER BY bdodr ASC  [ RunTime:0.000132s ]
SQL: SELECT `atcid`,`atctpc`,`atcmdftm`,`atctp`,`atccv`,`atczn`,`atctc`,`atccnt` FROM `tb_atc` WHERE ( atcps=1 AND atcvw=1 AND atcnw=0 AND (f_atc_bdid=20) ) ORDER BY atctp DESC,atcmdftm DESC LIMIT 0,10   [ RunTime:0.000405s ]
SQL: SELECT `atcid`,`atctpc`,`atcmdftm`,`atctp`,`atccv` FROM `tb_atc` WHERE ( atcps=1 AND atcvw=1 AND atcnw=0 AND (f_atc_bdid=20) ) ORDER BY atctp DESC,atcmdftm DESC LIMIT 10,1   [ RunTime:0.000274s ]
INFO: [ view_parse ] --START--
NOTIC: [8] Undefined index:  actvcls D:\Program Files\Apache Software Foundation\Apache2.2\htdocs\xx\wap\Runtime\Cache\0897941fd5a086ea44c0bed0855d33bd.php 第 71 行.
NOTIC: [8] Undefined index:  actvcls D:\Program Files\Apache Software Foundation\Apache2.2\htdocs\xx\wap\Runtime\Cache\0897941fd5a086ea44c0bed0855d33bd.php 第 71 行.
NOTIC: [8] Undefined index:  actvcls D:\Program Files\Apache Software Foundation\Apache2.2\htdocs\xx\wap\Runtime\Cache\0897941fd5a086ea44c0bed0855d33bd.php 第 71 行.
NOTIC: [8] Undefined index:  actvcls D:\Program Files\Apache Software Foundation\Apache2.2\htdocs\xx\wap\Runtime\Cache\0897941fd5a086ea44c0bed0855d33bd.php 第 71 行.
NOTIC: [8] Undefined index:  actvcls D:\Program Files\Apache Software Foundation\Apache2.2\htdocs\xx\wap\Runtime\Cache\0897941fd5a086ea44c0bed0855d33bd.php 第 71 行.
NOTIC: [8] Undefined index:  actvcls D:\Program Files\Apache Software Foundation\Apache2.2\htdocs\xx\wap\Runtime\Cache\0897941fd5a086ea44c0bed0855d33bd.php 第 71 行.
NOTIC: [8] Undefined index:  actvcls D:\Program Files\Apache Software Foundation\Apache2.2\htdocs\xx\wap\Runtime\Cache\0897941fd5a086ea44c0bed0855d33bd.php 第 71 行.
NOTIC: [8] Undefined index:  actvcls D:\Program Files\Apache Software Foundation\Apache2.2\htdocs\xx\wap\Runtime\Cache\0897941fd5a086ea44c0bed0855d33bd.php 第 71 行.
NOTIC: [8] Undefined variable: cstmusross D:\Program Files\Apache Software Foundation\Apache2.2\htdocs\xx\wap\Runtime\Cache\0897941fd5a086ea44c0bed0855d33bd.php 第 160 行.
NOTIC: [8] Undefined variable: wxusross D:\Program Files\Apache Software Foundation\Apache2.2\htdocs\xx\wap\Runtime\Cache\0897941fd5a086ea44c0bed0855d33bd.php 第 170 行.
INFO: ParseTemplate Behavior ::run [ RunTime:0.076980s ]
INFO: [ view_parse ] --END-- [ RunTime:0.077872s ]
INFO: [ view_filter ] --START--
INFO: ContentReplace Behavior ::run [ RunTime:0.007346s ]
INFO: TokenBuild Behavior ::run [ RunTime:0.007046s ]
INFO: WriteHtmlCache Behavior ::run [ RunTime:0.006869s ]
INFO: ShowRuntime Behavior ::run [ RunTime:0.007198s ]
INFO: [ view_filter ] --END-- [ RunTime:0.028774s ]
INFO: [ view_end ] --START--
INFO: ShowPageTrace Behavior ::run [ RunTime:0.008167s ]
INFO: [ view_end ] --END-- [ RunTime:0.008291s ]

[ 2015-11-08T08:25:52+08:00 ] 66.249.65.64 /xx/wap.php/Atc/query/atckw/
INFO: [ route_check ] --START--
INFO: CheckRoute Behavior ::run [ RunTime:0.007862s ]
INFO: [ route_check ] --END-- [ RunTime:0.008014s ]
INFO: [ app_begin ] --START--
INFO: ReadHtmlCache Behavior ::run [ RunTime:0.007325s ]
INFO: [ app_begin ] --END-- [ RunTime:0.007445s ]
SQL: SHOW COLUMNS FROM `tb_cstmusr` [ RunTime:0.002788s ]
SQL: SHOW COLUMNS FROM `tb_atc` [ RunTime:0.002879s ]
SQL: SHOW COLUMNS FROM `tb_bd` [ RunTime:0.002479s ]
NOTIC: [8] Undefined index:  atcanc D:\Program Files\Apache Software Foundation\Apache2.2\htdocs\xx\wap\Lib\Action\AtcAction.class.php 第 162 行.
NOTIC: [8] Undefined index:  atcdnmc D:\Program Files\Apache Software Foundation\Apache2.2\htdocs\xx\wap\Lib\Action\AtcAction.class.php 第 170 行.
NOTIC: [8] Undefined index:  atckw D:\Program Files\Apache Software Foundation\Apache2.2\htdocs\xx\wap\Lib\Action\AtcAction.class.php 第 178 行.
NOTIC: [8] Undefined index:  bdid D:\Program Files\Apache Software Foundation\Apache2.2\htdocs\xx\wap\Lib\Action\AtcAction.class.php 第 195 行.
SQL: SELECT * FROM `tb_bd` WHERE ( bdpid=0 ) ORDER BY bdodr ASC  [ RunTime:0.000268s ]
NOTIC: [8] Undefined variable: csm D:\Program Files\Apache Software Foundation\Apache2.2\htdocs\xx\wap\Lib\Action\AtcAction.class.php 第 228 行.
NOTIC: [8] Undefined variable: csz D:\Program Files\Apache Software Foundation\Apache2.2\htdocs\xx\wap\Lib\Action\AtcAction.class.php 第 228 行.
SQL: SELECT `atcid`,`atctpc`,`atcmdftm`,`atctp`,`atccv`,`atczn`,`atctc`,`atccnt` FROM `tb_atc` WHERE ( atcps=1 AND atcvw=1 AND atcnw=0 AND (1=1) ) ORDER BY atctp DESC,atcmdftm DESC LIMIT 0,10   [ RunTime:0.000143s ]
SQL: SHOW COLUMNS FROM `tb_cstmcmt` [ RunTime:0.002264s ]
SQL: SELECT COUNT(*) AS tp_count FROM `tb_cstmcmt` WHERE ( f_cstmcmt_atcid=20 ) LIMIT 1   [ RunTime:0.000483s ]
SQL: SELECT `atcid`,`atctpc`,`atcmdftm`,`atctp`,`atccv` FROM `tb_atc` WHERE ( atcps=1 AND atcvw=1 AND atcnw=0 AND (1=1) ) ORDER BY atctp DESC,atcmdftm DESC LIMIT 10,1   [ RunTime:0.000133s ]
INFO: [ view_parse ] --START--
NOTIC: [8] Undefined index:  actvcls D:\Program Files\Apache Software Foundation\Apache2.2\htdocs\xx\wap\Runtime\Cache\0897941fd5a086ea44c0bed0855d33bd.php 第 71 行.
NOTIC: [8] Undefined index:  actvcls D:\Program Files\Apache Software Foundation\Apache2.2\htdocs\xx\wap\Runtime\Cache\0897941fd5a086ea44c0bed0855d33bd.php 第 71 行.
NOTIC: [8] Undefined index:  actvcls D:\Program Files\Apache Software Foundation\Apache2.2\htdocs\xx\wap\Runtime\Cache\0897941fd5a086ea44c0bed0855d33bd.php 第 71 行.
NOTIC: [8] Undefined index:  actvcls D:\Program Files\Apache Software Foundation\Apache2.2\htdocs\xx\wap\Runtime\Cache\0897941fd5a086ea44c0bed0855d33bd.php 第 71 行.
NOTIC: [8] Undefined index:  actvcls D:\Program Files\Apache Software Foundation\Apache2.2\htdocs\xx\wap\Runtime\Cache\0897941fd5a086ea44c0bed0855d33bd.php 第 71 行.
NOTIC: [8] Undefined index:  actvcls D:\Program Files\Apache Software Foundation\Apache2.2\htdocs\xx\wap\Runtime\Cache\0897941fd5a086ea44c0bed0855d33bd.php 第 71 行.
NOTIC: [8] Undefined index:  actvcls D:\Program Files\Apache Software Foundation\Apache2.2\htdocs\xx\wap\Runtime\Cache\0897941fd5a086ea44c0bed0855d33bd.php 第 71 行.
NOTIC: [8] Undefined index:  actvcls D:\Program Files\Apache Software Foundation\Apache2.2\htdocs\xx\wap\Runtime\Cache\0897941fd5a086ea44c0bed0855d33bd.php 第 71 行.
NOTIC: [8] Undefined variable: cstmusross D:\Program Files\Apache Software Foundation\Apache2.2\htdocs\xx\wap\Runtime\Cache\0897941fd5a086ea44c0bed0855d33bd.php 第 160 行.
NOTIC: [8] Undefined variable: wxusross D:\Program Files\Apache Software Foundation\Apache2.2\htdocs\xx\wap\Runtime\Cache\0897941fd5a086ea44c0bed0855d33bd.php 第 170 行.
INFO: ParseTemplate Behavior ::run [ RunTime:0.073744s ]
INFO: [ view_parse ] --END-- [ RunTime:0.073946s ]
INFO: [ view_filter ] --START--
INFO: ContentReplace Behavior ::run [ RunTime:0.008294s ]
INFO: TokenBuild Behavior ::run [ RunTime:0.008188s ]
INFO: WriteHtmlCache Behavior ::run [ RunTime:0.007709s ]
INFO: ShowRuntime Behavior ::run [ RunTime:0.007992s ]
INFO: [ view_filter ] --END-- [ RunTime:0.032686s ]
INFO: [ view_end ] --START--
INFO: ShowPageTrace Behavior ::run [ RunTime:0.007470s ]
INFO: [ view_end ] --END-- [ RunTime:0.007584s ]

[ 2015-11-08T08:25:53+08:00 ] 66.249.65.61 /xx/wap.php/Atc/query/bdid/15
INFO: [ route_check ] --START--
INFO: CheckRoute Behavior ::run [ RunTime:0.007862s ]
INFO: [ route_check ] --END-- [ RunTime:0.008016s ]
INFO: [ app_begin ] --START--
INFO: ReadHtmlCache Behavior ::run [ RunTime:0.008133s ]
INFO: [ app_begin ] --END-- [ RunTime:0.008267s ]
SQL: SHOW COLUMNS FROM `tb_cstmusr` [ RunTime:0.002769s ]
SQL: SHOW COLUMNS FROM `tb_atc` [ RunTime:0.004621s ]
SQL: SHOW COLUMNS FROM `tb_bd` [ RunTime:0.002214s ]
NOTIC: [8] Undefined index:  atcanc D:\Program Files\Apache Software Foundation\Apache2.2\htdocs\xx\wap\Lib\Action\AtcAction.class.php 第 162 行.
NOTIC: [8] Undefined index:  atcdnmc D:\Program Files\Apache Software Foundation\Apache2.2\htdocs\xx\wap\Lib\Action\AtcAction.class.php 第 170 行.
NOTIC: [8] Undefined index:  atckw D:\Program Files\Apache Software Foundation\Apache2.2\htdocs\xx\wap\Lib\Action\AtcAction.class.php 第 178 行.
SQL: SELECT * FROM `tb_bd` WHERE ( bdid=15 ) LIMIT 1   [ RunTime:0.000473s ]
SQL: SELECT * FROM `tb_bd` ORDER BY bdodr ASC  [ RunTime:0.000135s ]
SQL: SELECT * FROM `tb_bd` WHERE ( bdpid=15 ) ORDER BY bdodr ASC  [ RunTime:0.000130s ]
SQL: SELECT * FROM `tb_bd` WHERE ( bdpid=0 ) ORDER BY bdodr ASC  [ RunTime:0.000127s ]
SQL: SELECT `atcid`,`atctpc`,`atcmdftm`,`atctp`,`atccv`,`atczn`,`atctc`,`atccnt` FROM `tb_atc` WHERE ( atcps=1 AND atcvw=1 AND atcnw=0 AND (f_atc_bdid=15) ) ORDER BY atctp DESC,atcmdftm DESC LIMIT 0,10   [ RunTime:0.000428s ]
SQL: SHOW COLUMNS FROM `tb_cstmcmt` [ RunTime:0.002298s ]
SQL: SELECT COUNT(*) AS tp_count FROM `tb_cstmcmt` WHERE ( f_cstmcmt_atcid=20 ) LIMIT 1   [ RunTime:0.000513s ]
SQL: SELECT `atcid`,`atctpc`,`atcmdftm`,`atctp`,`atccv` FROM `tb_atc` WHERE ( atcps=1 AND atcvw=1 AND atcnw=0 AND (f_atc_bdid=15) ) ORDER BY atctp DESC,atcmdftm DESC LIMIT 10,1   [ RunTime:0.000367s ]
INFO: [ view_parse ] --START--
NOTIC: [8] Undefined index:  actvcls D:\Program Files\Apache Software Foundation\Apache2.2\htdocs\xx\wap\Runtime\Cache\0897941fd5a086ea44c0bed0855d33bd.php 第 71 行.
NOTIC: [8] Undefined index:  actvcls D:\Program Files\Apache Software Foundation\Apache2.2\htdocs\xx\wap\Runtime\Cache\0897941fd5a086ea44c0bed0855d33bd.php 第 71 行.
NOTIC: [8] Undefined index:  actvcls D:\Program Files\Apache Software Foundation\Apache2.2\htdocs\xx\wap\Runtime\Cache\0897941fd5a086ea44c0bed0855d33bd.php 第 71 行.
NOTIC: [8] Undefined index:  actvcls D:\Program Files\Apache Software Foundation\Apache2.2\htdocs\xx\wap\Runtime\Cache\0897941fd5a086ea44c0bed0855d33bd.php 第 71 行.
NOTIC: [8] Undefined index:  actvcls D:\Program Files\Apache Software Foundation\Apache2.2\htdocs\xx\wap\Runtime\Cache\0897941fd5a086ea44c0bed0855d33bd.php 第 71 行.
NOTIC: [8] Undefined index:  actvcls D:\Program Files\Apache Software Foundation\Apache2.2\htdocs\xx\wap\Runtime\Cache\0897941fd5a086ea44c0bed0855d33bd.php 第 71 行.
NOTIC: [8] Undefined index:  actvcls D:\Program Files\Apache Software Foundation\Apache2.2\htdocs\xx\wap\Runtime\Cache\0897941fd5a086ea44c0bed0855d33bd.php 第 71 行.
NOTIC: [8] Undefined index:  actvcls D:\Program Files\Apache Software Foundation\Apache2.2\htdocs\xx\wap\Runtime\Cache\0897941fd5a086ea44c0bed0855d33bd.php 第 71 行.
NOTIC: [8] Undefined variable: cstmusross D:\Program Files\Apache Software Foundation\Apache2.2\htdocs\xx\wap\Runtime\Cache\0897941fd5a086ea44c0bed0855d33bd.php 第 160 行.
NOTIC: [8] Undefined variable: wxusross D:\Program Files\Apache Software Foundation\Apache2.2\htdocs\xx\wap\Runtime\Cache\0897941fd5a086ea44c0bed0855d33bd.php 第 170 行.
INFO: ParseTemplate Behavior ::run [ RunTime:0.070360s ]
INFO: [ view_parse ] --END-- [ RunTime:0.070545s ]
INFO: [ view_filter ] --START--
INFO: ContentReplace Behavior ::run [ RunTime:0.007156s ]
INFO: TokenBuild Behavior ::run [ RunTime:0.007216s ]
INFO: WriteHtmlCache Behavior ::run [ RunTime:0.006857s ]
INFO: ShowRuntime Behavior ::run [ RunTime:0.007206s ]
INFO: [ view_filter ] --END-- [ RunTime:0.028749s ]
INFO: [ view_end ] --START--
INFO: ShowPageTrace Behavior ::run [ RunTime:0.007540s ]
INFO: [ view_end ] --END-- [ RunTime:0.007653s ]

[ 2015-11-08T08:27:08+08:00 ] 66.249.65.58 /xx/wap.php/Atc/query/bdid/18
INFO: [ route_check ] --START--
INFO: CheckRoute Behavior ::run [ RunTime:0.007893s ]
INFO: [ route_check ] --END-- [ RunTime:0.008056s ]
INFO: [ app_begin ] --START--
INFO: ReadHtmlCache Behavior ::run [ RunTime:0.007507s ]
INFO: [ app_begin ] --END-- [ RunTime:0.007632s ]
SQL: SHOW COLUMNS FROM `tb_cstmusr` [ RunTime:0.002784s ]
SQL: SHOW COLUMNS FROM `tb_atc` [ RunTime:0.002984s ]
SQL: SHOW COLUMNS FROM `tb_bd` [ RunTime:0.002477s ]
NOTIC: [8] Undefined index:  atcanc D:\Program Files\Apache Software Foundation\Apache2.2\htdocs\xx\wap\Lib\Action\AtcAction.class.php 第 162 行.
NOTIC: [8] Undefined index:  atcdnmc D:\Program Files\Apache Software Foundation\Apache2.2\htdocs\xx\wap\Lib\Action\AtcAction.class.php 第 170 行.
NOTIC: [8] Undefined index:  atckw D:\Program Files\Apache Software Foundation\Apache2.2\htdocs\xx\wap\Lib\Action\AtcAction.class.php 第 178 行.
SQL: SELECT * FROM `tb_bd` WHERE ( bdid=18 ) LIMIT 1   [ RunTime:0.000319s ]
SQL: SELECT * FROM `tb_bd` ORDER BY bdodr ASC  [ RunTime:0.000138s ]
SQL: SELECT * FROM `tb_bd` WHERE ( bdpid=18 ) ORDER BY bdodr ASC  [ RunTime:0.000124s ]
SQL: SELECT * FROM `tb_bd` WHERE ( bdpid=0 ) ORDER BY bdodr ASC  [ RunTime:0.000141s ]
SQL: SELECT `atcid`,`atctpc`,`atcmdftm`,`atctp`,`atccv`,`atczn`,`atctc`,`atccnt` FROM `tb_atc` WHERE ( atcps=1 AND atcvw=1 AND atcnw=0 AND (f_atc_bdid=18) ) ORDER BY atctp DESC,atcmdftm DESC LIMIT 0,10   [ RunTime:0.000430s ]
SQL: SELECT `atcid`,`atctpc`,`atcmdftm`,`atctp`,`atccv` FROM `tb_atc` WHERE ( atcps=1 AND atcvw=1 AND atcnw=0 AND (f_atc_bdid=18) ) ORDER BY atctp DESC,atcmdftm DESC LIMIT 10,1   [ RunTime:0.000275s ]
INFO: [ view_parse ] --START--
NOTIC: [8] Undefined index:  actvcls D:\Program Files\Apache Software Foundation\Apache2.2\htdocs\xx\wap\Runtime\Cache\0897941fd5a086ea44c0bed0855d33bd.php 第 71 行.
NOTIC: [8] Undefined index:  actvcls D:\Program Files\Apache Software Foundation\Apache2.2\htdocs\xx\wap\Runtime\Cache\0897941fd5a086ea44c0bed0855d33bd.php 第 71 行.
NOTIC: [8] Undefined index:  actvcls D:\Program Files\Apache Software Foundation\Apache2.2\htdocs\xx\wap\Runtime\Cache\0897941fd5a086ea44c0bed0855d33bd.php 第 71 行.
NOTIC: [8] Undefined index:  actvcls D:\Program Files\Apache Software Foundation\Apache2.2\htdocs\xx\wap\Runtime\Cache\0897941fd5a086ea44c0bed0855d33bd.php 第 71 行.
NOTIC: [8] Undefined index:  actvcls D:\Program Files\Apache Software Foundation\Apache2.2\htdocs\xx\wap\Runtime\Cache\0897941fd5a086ea44c0bed0855d33bd.php 第 71 行.
NOTIC: [8] Undefined index:  actvcls D:\Program Files\Apache Software Foundation\Apache2.2\htdocs\xx\wap\Runtime\Cache\0897941fd5a086ea44c0bed0855d33bd.php 第 71 行.
NOTIC: [8] Undefined index:  actvcls D:\Program Files\Apache Software Foundation\Apache2.2\htdocs\xx\wap\Runtime\Cache\0897941fd5a086ea44c0bed0855d33bd.php 第 71 行.
NOTIC: [8] Undefined index:  actvcls D:\Program Files\Apache Software Foundation\Apache2.2\htdocs\xx\wap\Runtime\Cache\0897941fd5a086ea44c0bed0855d33bd.php 第 71 行.
NOTIC: [8] Undefined variable: cstmusross D:\Program Files\Apache Software Foundation\Apache2.2\htdocs\xx\wap\Runtime\Cache\0897941fd5a086ea44c0bed0855d33bd.php 第 160 行.
NOTIC: [8] Undefined variable: wxusross D:\Program Files\Apache Software Foundation\Apache2.2\htdocs\xx\wap\Runtime\Cache\0897941fd5a086ea44c0bed0855d33bd.php 第 170 行.
INFO: ParseTemplate Behavior ::run [ RunTime:0.072333s ]
INFO: [ view_parse ] --END-- [ RunTime:0.072498s ]
INFO: [ view_filter ] --START--
INFO: ContentReplace Behavior ::run [ RunTime:0.007191s ]
INFO: TokenBuild Behavior ::run [ RunTime:0.007177s ]
INFO: WriteHtmlCache Behavior ::run [ RunTime:0.006885s ]
INFO: ShowRuntime Behavior ::run [ RunTime:0.010703s ]
INFO: [ view_filter ] --END-- [ RunTime:0.032313s ]
INFO: [ view_end ] --START--
INFO: ShowPageTrace Behavior ::run [ RunTime:0.010352s ]
INFO: [ view_end ] --END-- [ RunTime:0.010640s ]

[ 2015-11-08T08:27:09+08:00 ] 66.249.65.58 /xx/wap.php/Atc/query/bdid/17
INFO: [ route_check ] --START--
INFO: CheckRoute Behavior ::run [ RunTime:0.008010s ]
INFO: [ route_check ] --END-- [ RunTime:0.008164s ]
INFO: [ app_begin ] --START--
INFO: ReadHtmlCache Behavior ::run [ RunTime:0.008003s ]
INFO: [ app_begin ] --END-- [ RunTime:0.008135s ]
SQL: SHOW COLUMNS FROM `tb_cstmusr` [ RunTime:0.002832s ]
SQL: SHOW COLUMNS FROM `tb_atc` [ RunTime:0.002881s ]
SQL: SHOW COLUMNS FROM `tb_bd` [ RunTime:0.002437s ]
NOTIC: [8] Undefined index:  atcanc D:\Program Files\Apache Software Foundation\Apache2.2\htdocs\xx\wap\Lib\Action\AtcAction.class.php 第 162 行.
NOTIC: [8] Undefined index:  atcdnmc D:\Program Files\Apache Software Foundation\Apache2.2\htdocs\xx\wap\Lib\Action\AtcAction.class.php 第 170 行.
NOTIC: [8] Undefined index:  atckw D:\Program Files\Apache Software Foundation\Apache2.2\htdocs\xx\wap\Lib\Action\AtcAction.class.php 第 178 行.
SQL: SELECT * FROM `tb_bd` WHERE ( bdid=17 ) LIMIT 1   [ RunTime:0.000377s ]
SQL: SELECT * FROM `tb_bd` ORDER BY bdodr ASC  [ RunTime:0.000132s ]
SQL: SELECT * FROM `tb_bd` WHERE ( bdpid=17 ) ORDER BY bdodr ASC  [ RunTime:0.000124s ]
SQL: SELECT * FROM `tb_bd` WHERE ( bdpid=0 ) ORDER BY bdodr ASC  [ RunTime:0.000141s ]
SQL: SELECT `atcid`,`atctpc`,`atcmdftm`,`atctp`,`atccv`,`atczn`,`atctc`,`atccnt` FROM `tb_atc` WHERE ( atcps=1 AND atcvw=1 AND atcnw=0 AND (f_atc_bdid=17) ) ORDER BY atctp DESC,atcmdftm DESC LIMIT 0,10   [ RunTime:0.000401s ]
SQL: SELECT `atcid`,`atctpc`,`atcmdftm`,`atctp`,`atccv` FROM `tb_atc` WHERE ( atcps=1 AND atcvw=1 AND atcnw=0 AND (f_atc_bdid=17) ) ORDER BY atctp DESC,atcmdftm DESC LIMIT 10,1   [ RunTime:0.000274s ]
INFO: [ view_parse ] --START--
NOTIC: [8] Undefined index:  actvcls D:\Program Files\Apache Software Foundation\Apache2.2\htdocs\xx\wap\Runtime\Cache\0897941fd5a086ea44c0bed0855d33bd.php 第 71 行.
NOTIC: [8] Undefined index:  actvcls D:\Program Files\Apache Software Foundation\Apache2.2\htdocs\xx\wap\Runtime\Cache\0897941fd5a086ea44c0bed0855d33bd.php 第 71 行.
NOTIC: [8] Undefined index:  actvcls D:\Program Files\Apache Software Foundation\Apache2.2\htdocs\xx\wap\Runtime\Cache\0897941fd5a086ea44c0bed0855d33bd.php 第 71 行.
NOTIC: [8] Undefined index:  actvcls D:\Program Files\Apache Software Foundation\Apache2.2\htdocs\xx\wap\Runtime\Cache\0897941fd5a086ea44c0bed0855d33bd.php 第 71 行.
NOTIC: [8] Undefined index:  actvcls D:\Program Files\Apache Software Foundation\Apache2.2\htdocs\xx\wap\Runtime\Cache\0897941fd5a086ea44c0bed0855d33bd.php 第 71 行.
NOTIC: [8] Undefined index:  actvcls D:\Program Files\Apache Software Foundation\Apache2.2\htdocs\xx\wap\Runtime\Cache\0897941fd5a086ea44c0bed0855d33bd.php 第 71 行.
NOTIC: [8] Undefined index:  actvcls D:\Program Files\Apache Software Foundation\Apache2.2\htdocs\xx\wap\Runtime\Cache\0897941fd5a086ea44c0bed0855d33bd.php 第 71 行.
NOTIC: [8] Undefined index:  actvcls D:\Program Files\Apache Software Foundation\Apache2.2\htdocs\xx\wap\Runtime\Cache\0897941fd5a086ea44c0bed0855d33bd.php 第 71 行.
NOTIC: [8] Undefined variable: cstmusross D:\Program Files\Apache Software Foundation\Apache2.2\htdocs\xx\wap\Runtime\Cache\0897941fd5a086ea44c0bed0855d33bd.php 第 160 行.
NOTIC: [8] Undefined variable: wxusross D:\Program Files\Apache Software Foundation\Apache2.2\htdocs\xx\wap\Runtime\Cache\0897941fd5a086ea44c0bed0855d33bd.php 第 170 行.
INFO: ParseTemplate Behavior ::run [ RunTime:0.072330s ]
INFO: [ view_parse ] --END-- [ RunTime:0.072493s ]
INFO: [ view_filter ] --START--
INFO: ContentReplace Behavior ::run [ RunTime:0.007274s ]
INFO: TokenBuild Behavior ::run [ RunTime:0.007087s ]
INFO: WriteHtmlCache Behavior ::run [ RunTime:0.006849s ]
INFO: ShowRuntime Behavior ::run [ RunTime:0.007248s ]
INFO: [ view_filter ] --END-- [ RunTime:0.028777s ]
INFO: [ view_end ] --START--
INFO: ShowPageTrace Behavior ::run [ RunTime:0.007429s ]
INFO: [ view_end ] --END-- [ RunTime:0.007539s ]

[ 2015-11-08T08:27:10+08:00 ] 66.249.65.58 /xx/wap.php/Atc/query/bdid/16
INFO: [ route_check ] --START--
INFO: CheckRoute Behavior ::run [ RunTime:0.007873s ]
INFO: [ route_check ] --END-- [ RunTime:0.008028s ]
INFO: [ app_begin ] --START--
INFO: ReadHtmlCache Behavior ::run [ RunTime:0.007340s ]
INFO: [ app_begin ] --END-- [ RunTime:0.007461s ]
SQL: SHOW COLUMNS FROM `tb_cstmusr` [ RunTime:0.002773s ]
SQL: SHOW COLUMNS FROM `tb_atc` [ RunTime:0.002923s ]
SQL: SHOW COLUMNS FROM `tb_bd` [ RunTime:0.002462s ]
NOTIC: [8] Undefined index:  atcanc D:\Program Files\Apache Software Foundation\Apache2.2\htdocs\xx\wap\Lib\Action\AtcAction.class.php 第 162 行.
NOTIC: [8] Undefined index:  atcdnmc D:\Program Files\Apache Software Foundation\Apache2.2\htdocs\xx\wap\Lib\Action\AtcAction.class.php 第 170 行.
NOTIC: [8] Undefined index:  atckw D:\Program Files\Apache Software Foundation\Apache2.2\htdocs\xx\wap\Lib\Action\AtcAction.class.php 第 178 行.
SQL: SELECT * FROM `tb_bd` WHERE ( bdid=16 ) LIMIT 1   [ RunTime:0.000651s ]
SQL: SELECT * FROM `tb_bd` ORDER BY bdodr ASC  [ RunTime:0.000134s ]
SQL: SELECT * FROM `tb_bd` WHERE ( bdpid=16 ) ORDER BY bdodr ASC  [ RunTime:0.000122s ]
SQL: SELECT * FROM `tb_bd` WHERE ( bdpid=0 ) ORDER BY bdodr ASC  [ RunTime:0.000141s ]
SQL: SELECT `atcid`,`atctpc`,`atcmdftm`,`atctp`,`atccv`,`atczn`,`atctc`,`atccnt` FROM `tb_atc` WHERE ( atcps=1 AND atcvw=1 AND atcnw=0 AND (f_atc_bdid=16) ) ORDER BY atctp DESC,atcmdftm DESC LIMIT 0,10   [ RunTime:0.000425s ]
SQL: SELECT `atcid`,`atctpc`,`atcmdftm`,`atctp`,`atccv` FROM `tb_atc` WHERE ( atcps=1 AND atcvw=1 AND atcnw=0 AND (f_atc_bdid=16) ) ORDER BY atctp DESC,atcmdftm DESC LIMIT 10,1   [ RunTime:0.000279s ]
INFO: [ view_parse ] --START--
NOTIC: [8] Undefined index:  actvcls D:\Program Files\Apache Software Foundation\Apache2.2\htdocs\xx\wap\Runtime\Cache\0897941fd5a086ea44c0bed0855d33bd.php 第 71 行.
NOTIC: [8] Undefined index:  actvcls D:\Program Files\Apache Software Foundation\Apache2.2\htdocs\xx\wap\Runtime\Cache\0897941fd5a086ea44c0bed0855d33bd.php 第 71 行.
NOTIC: [8] Undefined index:  actvcls D:\Program Files\Apache Software Foundation\Apache2.2\htdocs\xx\wap\Runtime\Cache\0897941fd5a086ea44c0bed0855d33bd.php 第 71 行.
NOTIC: [8] Undefined index:  actvcls D:\Program Files\Apache Software Foundation\Apache2.2\htdocs\xx\wap\Runtime\Cache\0897941fd5a086ea44c0bed0855d33bd.php 第 71 行.
NOTIC: [8] Undefined index:  actvcls D:\Program Files\Apache Software Foundation\Apache2.2\htdocs\xx\wap\Runtime\Cache\0897941fd5a086ea44c0bed0855d33bd.php 第 71 行.
NOTIC: [8] Undefined index:  actvcls D:\Program Files\Apache Software Foundation\Apache2.2\htdocs\xx\wap\Runtime\Cache\0897941fd5a086ea44c0bed0855d33bd.php 第 71 行.
NOTIC: [8] Undefined index:  actvcls D:\Program Files\Apache Software Foundation\Apache2.2\htdocs\xx\wap\Runtime\Cache\0897941fd5a086ea44c0bed0855d33bd.php 第 71 行.
NOTIC: [8] Undefined index:  actvcls D:\Program Files\Apache Software Foundation\Apache2.2\htdocs\xx\wap\Runtime\Cache\0897941fd5a086ea44c0bed0855d33bd.php 第 71 行.
NOTIC: [8] Undefined variable: cstmusross D:\Program Files\Apache Software Foundation\Apache2.2\htdocs\xx\wap\Runtime\Cache\0897941fd5a086ea44c0bed0855d33bd.php 第 160 行.
NOTIC: [8] Undefined variable: wxusross D:\Program Files\Apache Software Foundation\Apache2.2\htdocs\xx\wap\Runtime\Cache\0897941fd5a086ea44c0bed0855d33bd.php 第 170 行.
INFO: ParseTemplate Behavior ::run [ RunTime:0.074482s ]
INFO: [ view_parse ] --END-- [ RunTime:0.074652s ]
INFO: [ view_filter ] --START--
INFO: ContentReplace Behavior ::run [ RunTime:0.008710s ]
INFO: TokenBuild Behavior ::run [ RunTime:0.007563s ]
INFO: WriteHtmlCache Behavior ::run [ RunTime:0.006852s ]
INFO: ShowRuntime Behavior ::run [ RunTime:0.007688s ]
INFO: [ view_filter ] --END-- [ RunTime:0.031162s ]
INFO: [ view_end ] --START--
INFO: ShowPageTrace Behavior ::run [ RunTime:0.007440s ]
INFO: [ view_end ] --END-- [ RunTime:0.007552s ]

[ 2015-11-08T08:28:00+08:00 ] 66.249.65.64 /xx/wap.php/Atc/query/bdid/22
INFO: [ route_check ] --START--
INFO: CheckRoute Behavior ::run [ RunTime:0.007970s ]
INFO: [ route_check ] --END-- [ RunTime:0.008125s ]
INFO: [ app_begin ] --START--
INFO: ReadHtmlCache Behavior ::run [ RunTime:0.007366s ]
INFO: [ app_begin ] --END-- [ RunTime:0.007487s ]
SQL: SHOW COLUMNS FROM `tb_cstmusr` [ RunTime:0.002821s ]
SQL: SHOW COLUMNS FROM `tb_atc` [ RunTime:0.002898s ]
SQL: SHOW COLUMNS FROM `tb_bd` [ RunTime:0.002514s ]
NOTIC: [8] Undefined index:  atcanc D:\Program Files\Apache Software Foundation\Apache2.2\htdocs\xx\wap\Lib\Action\AtcAction.class.php 第 162 行.
NOTIC: [8] Undefined index:  atcdnmc D:\Program Files\Apache Software Foundation\Apache2.2\htdocs\xx\wap\Lib\Action\AtcAction.class.php 第 170 行.
NOTIC: [8] Undefined index:  atckw D:\Program Files\Apache Software Foundation\Apache2.2\htdocs\xx\wap\Lib\Action\AtcAction.class.php 第 178 行.
SQL: SELECT * FROM `tb_bd` WHERE ( bdid=22 ) LIMIT 1   [ RunTime:0.000409s ]
SQL: SELECT * FROM `tb_bd` ORDER BY bdodr ASC  [ RunTime:0.000137s ]
SQL: SELECT * FROM `tb_bd` WHERE ( bdpid=22 ) ORDER BY bdodr ASC  [ RunTime:0.000133s ]
SQL: SELECT * FROM `tb_bd` WHERE ( bdpid=0 ) ORDER BY bdodr ASC  [ RunTime:0.000133s ]
SQL: SELECT `atcid`,`atctpc`,`atcmdftm`,`atctp`,`atccv`,`atczn`,`atctc`,`atccnt` FROM `tb_atc` WHERE ( atcps=1 AND atcvw=1 AND atcnw=0 AND (f_atc_bdid=22) ) ORDER BY atctp DESC,atcmdftm DESC LIMIT 0,10   [ RunTime:0.000399s ]
SQL: SELECT `atcid`,`atctpc`,`atcmdftm`,`atctp`,`atccv` FROM `tb_atc` WHERE ( atcps=1 AND atcvw=1 AND atcnw=0 AND (f_atc_bdid=22) ) ORDER BY atctp DESC,atcmdftm DESC LIMIT 10,1   [ RunTime:0.000267s ]
INFO: [ view_parse ] --START--
NOTIC: [8] Undefined index:  actvcls D:\Program Files\Apache Software Foundation\Apache2.2\htdocs\xx\wap\Runtime\Cache\0897941fd5a086ea44c0bed0855d33bd.php 第 71 行.
NOTIC: [8] Undefined index:  actvcls D:\Program Files\Apache Software Foundation\Apache2.2\htdocs\xx\wap\Runtime\Cache\0897941fd5a086ea44c0bed0855d33bd.php 第 71 行.
NOTIC: [8] Undefined index:  actvcls D:\Program Files\Apache Software Foundation\Apache2.2\htdocs\xx\wap\Runtime\Cache\0897941fd5a086ea44c0bed0855d33bd.php 第 71 行.
NOTIC: [8] Undefined index:  actvcls D:\Program Files\Apache Software Foundation\Apache2.2\htdocs\xx\wap\Runtime\Cache\0897941fd5a086ea44c0bed0855d33bd.php 第 71 行.
NOTIC: [8] Undefined index:  actvcls D:\Program Files\Apache Software Foundation\Apache2.2\htdocs\xx\wap\Runtime\Cache\0897941fd5a086ea44c0bed0855d33bd.php 第 71 行.
NOTIC: [8] Undefined index:  actvcls D:\Program Files\Apache Software Foundation\Apache2.2\htdocs\xx\wap\Runtime\Cache\0897941fd5a086ea44c0bed0855d33bd.php 第 71 行.
NOTIC: [8] Undefined index:  actvcls D:\Program Files\Apache Software Foundation\Apache2.2\htdocs\xx\wap\Runtime\Cache\0897941fd5a086ea44c0bed0855d33bd.php 第 71 行.
NOTIC: [8] Undefined index:  actvcls D:\Program Files\Apache Software Foundation\Apache2.2\htdocs\xx\wap\Runtime\Cache\0897941fd5a086ea44c0bed0855d33bd.php 第 71 行.
NOTIC: [8] Undefined variable: cstmusross D:\Program Files\Apache Software Foundation\Apache2.2\htdocs\xx\wap\Runtime\Cache\0897941fd5a086ea44c0bed0855d33bd.php 第 160 行.
NOTIC: [8] Undefined variable: wxusross D:\Program Files\Apache Software Foundation\Apache2.2\htdocs\xx\wap\Runtime\Cache\0897941fd5a086ea44c0bed0855d33bd.php 第 170 行.
INFO: ParseTemplate Behavior ::run [ RunTime:0.070738s ]
INFO: [ view_parse ] --END-- [ RunTime:0.070902s ]
INFO: [ view_filter ] --START--
INFO: ContentReplace Behavior ::run [ RunTime:0.007168s ]
INFO: TokenBuild Behavior ::run [ RunTime:0.007232s ]
INFO: WriteHtmlCache Behavior ::run [ RunTime:0.006872s ]
INFO: ShowRuntime Behavior ::run [ RunTime:0.007236s ]
INFO: [ view_filter ] --END-- [ RunTime:0.028829s ]
INFO: [ view_end ] --START--
INFO: ShowPageTrace Behavior ::run [ RunTime:0.007436s ]
INFO: [ view_end ] --END-- [ RunTime:0.007550s ]

[ 2015-11-08T08:30:15+08:00 ] 66.249.65.64 /xx/wap.php/Atc/query/atcanc/1
INFO: [ route_check ] --START--
INFO: CheckRoute Behavior ::run [ RunTime:0.007976s ]
INFO: [ route_check ] --END-- [ RunTime:0.008133s ]
INFO: [ app_begin ] --START--
INFO: ReadHtmlCache Behavior ::run [ RunTime:0.007434s ]
INFO: [ app_begin ] --END-- [ RunTime:0.007555s ]
SQL: SHOW COLUMNS FROM `tb_cstmusr` [ RunTime:0.006422s ]
SQL: SHOW COLUMNS FROM `tb_atc` [ RunTime:0.003228s ]
SQL: SHOW COLUMNS FROM `tb_bd` [ RunTime:0.002438s ]
SQL: SELECT * FROM `tb_bd` WHERE ( bdpid=0 ) ORDER BY bdodr ASC  [ RunTime:0.000492s ]
SQL: SELECT `atcid`,`atctpc`,`atcmdftm`,`atctp`,`atccv`,`atczn`,`atctc`,`atccnt` FROM `tb_atc` WHERE ( atcps=1 AND atcvw=1 AND atcnw=0 AND (atcanc=1) ) ORDER BY atctp DESC,atcmdftm DESC LIMIT 0,10   [ RunTime:0.000428s ]
SQL: SHOW COLUMNS FROM `tb_cstmcmt` [ RunTime:0.002853s ]
SQL: SELECT COUNT(*) AS tp_count FROM `tb_cstmcmt` WHERE ( f_cstmcmt_atcid=20 ) LIMIT 1   [ RunTime:0.000426s ]
SQL: SELECT `atcid`,`atctpc`,`atcmdftm`,`atctp`,`atccv` FROM `tb_atc` WHERE ( atcps=1 AND atcvw=1 AND atcnw=0 AND (atcanc=1) ) ORDER BY atctp DESC,atcmdftm DESC LIMIT 10,1   [ RunTime:0.000345s ]
INFO: [ view_parse ] --START--
NOTIC: [8] Undefined index:  actvcls D:\Program Files\Apache Software Foundation\Apache2.2\htdocs\xx\wap\Runtime\Cache\0897941fd5a086ea44c0bed0855d33bd.php 第 71 行.
NOTIC: [8] Undefined index:  actvcls D:\Program Files\Apache Software Foundation\Apache2.2\htdocs\xx\wap\Runtime\Cache\0897941fd5a086ea44c0bed0855d33bd.php 第 71 行.
NOTIC: [8] Undefined index:  actvcls D:\Program Files\Apache Software Foundation\Apache2.2\htdocs\xx\wap\Runtime\Cache\0897941fd5a086ea44c0bed0855d33bd.php 第 71 行.
NOTIC: [8] Undefined index:  actvcls D:\Program Files\Apache Software Foundation\Apache2.2\htdocs\xx\wap\Runtime\Cache\0897941fd5a086ea44c0bed0855d33bd.php 第 71 行.
NOTIC: [8] Undefined index:  actvcls D:\Program Files\Apache Software Foundation\Apache2.2\htdocs\xx\wap\Runtime\Cache\0897941fd5a086ea44c0bed0855d33bd.php 第 71 行.
NOTIC: [8] Undefined index:  actvcls D:\Program Files\Apache Software Foundation\Apache2.2\htdocs\xx\wap\Runtime\Cache\0897941fd5a086ea44c0bed0855d33bd.php 第 71 行.
NOTIC: [8] Undefined index:  actvcls D:\Program Files\Apache Software Foundation\Apache2.2\htdocs\xx\wap\Runtime\Cache\0897941fd5a086ea44c0bed0855d33bd.php 第 71 行.
NOTIC: [8] Undefined index:  actvcls D:\Program Files\Apache Software Foundation\Apache2.2\htdocs\xx\wap\Runtime\Cache\0897941fd5a086ea44c0bed0855d33bd.php 第 71 行.
NOTIC: [8] Undefined variable: cstmusross D:\Program Files\Apache Software Foundation\Apache2.2\htdocs\xx\wap\Runtime\Cache\0897941fd5a086ea44c0bed0855d33bd.php 第 160 行.
NOTIC: [8] Undefined variable: wxusross D:\Program Files\Apache Software Foundation\Apache2.2\htdocs\xx\wap\Runtime\Cache\0897941fd5a086ea44c0bed0855d33bd.php 第 170 行.
INFO: ParseTemplate Behavior ::run [ RunTime:0.070089s ]
INFO: [ view_parse ] --END-- [ RunTime:0.070250s ]
INFO: [ view_filter ] --START--
INFO: ContentReplace Behavior ::run [ RunTime:0.007912s ]
INFO: TokenBuild Behavior ::run [ RunTime:0.007089s ]
INFO: WriteHtmlCache Behavior ::run [ RunTime:0.006955s ]
INFO: ShowRuntime Behavior ::run [ RunTime:0.007211s ]
INFO: [ view_filter ] --END-- [ RunTime:0.029500s ]
INFO: [ view_end ] --START--
INFO: ShowPageTrace Behavior ::run [ RunTime:0.007611s ]
INFO: [ view_end ] --END-- [ RunTime:0.007726s ]

[ 2015-11-08T08:30:17+08:00 ] 66.249.65.64 /xx/wap.php/Atc/query/atcdnmc/1
INFO: [ route_check ] --START--
INFO: CheckRoute Behavior ::run [ RunTime:0.007902s ]
INFO: [ route_check ] --END-- [ RunTime:0.008059s ]
INFO: [ app_begin ] --START--
INFO: ReadHtmlCache Behavior ::run [ RunTime:0.007350s ]
INFO: [ app_begin ] --END-- [ RunTime:0.007472s ]
SQL: SHOW COLUMNS FROM `tb_cstmusr` [ RunTime:0.002775s ]
SQL: SHOW COLUMNS FROM `tb_atc` [ RunTime:0.002851s ]
SQL: SHOW COLUMNS FROM `tb_bd` [ RunTime:0.002500s ]
NOTIC: [8] Undefined index:  atcanc D:\Program Files\Apache Software Foundation\Apache2.2\htdocs\xx\wap\Lib\Action\AtcAction.class.php 第 162 行.
SQL: SELECT * FROM `tb_bd` WHERE ( bdpid=0 ) ORDER BY bdodr ASC  [ RunTime:0.000499s ]
SQL: SELECT `atcid`,`atctpc`,`atcmdftm`,`atctp`,`atccv`,`atczn`,`atctc`,`atccnt` FROM `tb_atc` WHERE ( atcps=1 AND atcvw=1 AND atcnw=0 AND (atcdnmc=1) ) ORDER BY atctp DESC,atcmdftm DESC LIMIT 0,10   [ RunTime:0.000686s ]
SQL: SELECT `atcid`,`atctpc`,`atcmdftm`,`atctp`,`atccv` FROM `tb_atc` WHERE ( atcps=1 AND atcvw=1 AND atcnw=0 AND (atcdnmc=1) ) ORDER BY atctp DESC,atcmdftm DESC LIMIT 10,1   [ RunTime:0.000288s ]
INFO: [ view_parse ] --START--
NOTIC: [8] Undefined index:  actvcls D:\Program Files\Apache Software Foundation\Apache2.2\htdocs\xx\wap\Runtime\Cache\0897941fd5a086ea44c0bed0855d33bd.php 第 71 行.
NOTIC: [8] Undefined index:  actvcls D:\Program Files\Apache Software Foundation\Apache2.2\htdocs\xx\wap\Runtime\Cache\0897941fd5a086ea44c0bed0855d33bd.php 第 71 行.
NOTIC: [8] Undefined index:  actvcls D:\Program Files\Apache Software Foundation\Apache2.2\htdocs\xx\wap\Runtime\Cache\0897941fd5a086ea44c0bed0855d33bd.php 第 71 行.
NOTIC: [8] Undefined index:  actvcls D:\Program Files\Apache Software Foundation\Apache2.2\htdocs\xx\wap\Runtime\Cache\0897941fd5a086ea44c0bed0855d33bd.php 第 71 行.
NOTIC: [8] Undefined index:  actvcls D:\Program Files\Apache Software Foundation\Apache2.2\htdocs\xx\wap\Runtime\Cache\0897941fd5a086ea44c0bed0855d33bd.php 第 71 行.
NOTIC: [8] Undefined index:  actvcls D:\Program Files\Apache Software Foundation\Apache2.2\htdocs\xx\wap\Runtime\Cache\0897941fd5a086ea44c0bed0855d33bd.php 第 71 行.
NOTIC: [8] Undefined index:  actvcls D:\Program Files\Apache Software Foundation\Apache2.2\htdocs\xx\wap\Runtime\Cache\0897941fd5a086ea44c0bed0855d33bd.php 第 71 行.
NOTIC: [8] Undefined index:  actvcls D:\Program Files\Apache Software Foundation\Apache2.2\htdocs\xx\wap\Runtime\Cache\0897941fd5a086ea44c0bed0855d33bd.php 第 71 行.
NOTIC: [8] Undefined variable: cstmusross D:\Program Files\Apache Software Foundation\Apache2.2\htdocs\xx\wap\Runtime\Cache\0897941fd5a086ea44c0bed0855d33bd.php 第 160 行.
NOTIC: [8] Undefined variable: wxusross D:\Program Files\Apache Software Foundation\Apache2.2\htdocs\xx\wap\Runtime\Cache\0897941fd5a086ea44c0bed0855d33bd.php 第 170 行.
INFO: ParseTemplate Behavior ::run [ RunTime:0.066599s ]
INFO: [ view_parse ] --END-- [ RunTime:0.066760s ]
INFO: [ view_filter ] --START--
INFO: ContentReplace Behavior ::run [ RunTime:0.007181s ]
INFO: TokenBuild Behavior ::run [ RunTime:0.007057s ]
INFO: WriteHtmlCache Behavior ::run [ RunTime:0.006848s ]
INFO: ShowRuntime Behavior ::run [ RunTime:0.007387s ]
INFO: [ view_filter ] --END-- [ RunTime:0.028790s ]
INFO: [ view_end ] --START--
INFO: ShowPageTrace Behavior ::run [ RunTime:0.007442s ]
INFO: [ view_end ] --END-- [ RunTime:0.007555s ]

[ 2015-11-08T08:33:44+08:00 ] 66.249.65.58 /xx/wap.php/Atc/query/bdid/22
INFO: [ route_check ] --START--
INFO: CheckRoute Behavior ::run [ RunTime:0.008010s ]
INFO: [ route_check ] --END-- [ RunTime:0.008166s ]
INFO: [ app_begin ] --START--
INFO: ReadHtmlCache Behavior ::run [ RunTime:0.007595s ]
INFO: [ app_begin ] --END-- [ RunTime:0.007720s ]
SQL: SHOW COLUMNS FROM `tb_cstmusr` [ RunTime:0.002917s ]
SQL: SHOW COLUMNS FROM `tb_atc` [ RunTime:0.002878s ]
SQL: SHOW COLUMNS FROM `tb_bd` [ RunTime:0.002481s ]
NOTIC: [8] Undefined index:  atcanc D:\Program Files\Apache Software Foundation\Apache2.2\htdocs\xx\wap\Lib\Action\AtcAction.class.php 第 162 行.
NOTIC: [8] Undefined index:  atcdnmc D:\Program Files\Apache Software Foundation\Apache2.2\htdocs\xx\wap\Lib\Action\AtcAction.class.php 第 170 行.
NOTIC: [8] Undefined index:  atckw D:\Program Files\Apache Software Foundation\Apache2.2\htdocs\xx\wap\Lib\Action\AtcAction.class.php 第 178 行.
SQL: SELECT * FROM `tb_bd` WHERE ( bdid=22 ) LIMIT 1   [ RunTime:0.000431s ]
SQL: SELECT * FROM `tb_bd` ORDER BY bdodr ASC  [ RunTime:0.000133s ]
SQL: SELECT * FROM `tb_bd` WHERE ( bdpid=22 ) ORDER BY bdodr ASC  [ RunTime:0.000124s ]
SQL: SELECT * FROM `tb_bd` WHERE ( bdpid=0 ) ORDER BY bdodr ASC  [ RunTime:0.000139s ]
SQL: SELECT `atcid`,`atctpc`,`atcmdftm`,`atctp`,`atccv`,`atczn`,`atctc`,`atccnt` FROM `tb_atc` WHERE ( atcps=1 AND atcvw=1 AND atcnw=0 AND (f_atc_bdid=22) ) ORDER BY atctp DESC,atcmdftm DESC LIMIT 0,10   [ RunTime:0.000131s ]
SQL: SELECT `atcid`,`atctpc`,`atcmdftm`,`atctp`,`atccv` FROM `tb_atc` WHERE ( atcps=1 AND atcvw=1 AND atcnw=0 AND (f_atc_bdid=22) ) ORDER BY atctp DESC,atcmdftm DESC LIMIT 10,1   [ RunTime:0.000124s ]
INFO: [ view_parse ] --START--
NOTIC: [8] Undefined index:  actvcls D:\Program Files\Apache Software Foundation\Apache2.2\htdocs\xx\wap\Runtime\Cache\0897941fd5a086ea44c0bed0855d33bd.php 第 71 行.
NOTIC: [8] Undefined index:  actvcls D:\Program Files\Apache Software Foundation\Apache2.2\htdocs\xx\wap\Runtime\Cache\0897941fd5a086ea44c0bed0855d33bd.php 第 71 行.
NOTIC: [8] Undefined index:  actvcls D:\Program Files\Apache Software Foundation\Apache2.2\htdocs\xx\wap\Runtime\Cache\0897941fd5a086ea44c0bed0855d33bd.php 第 71 行.
NOTIC: [8] Undefined index:  actvcls D:\Program Files\Apache Software Foundation\Apache2.2\htdocs\xx\wap\Runtime\Cache\0897941fd5a086ea44c0bed0855d33bd.php 第 71 行.
NOTIC: [8] Undefined index:  actvcls D:\Program Files\Apache Software Foundation\Apache2.2\htdocs\xx\wap\Runtime\Cache\0897941fd5a086ea44c0bed0855d33bd.php 第 71 行.
NOTIC: [8] Undefined index:  actvcls D:\Program Files\Apache Software Foundation\Apache2.2\htdocs\xx\wap\Runtime\Cache\0897941fd5a086ea44c0bed0855d33bd.php 第 71 行.
NOTIC: [8] Undefined index:  actvcls D:\Program Files\Apache Software Foundation\Apache2.2\htdocs\xx\wap\Runtime\Cache\0897941fd5a086ea44c0bed0855d33bd.php 第 71 行.
NOTIC: [8] Undefined index:  actvcls D:\Program Files\Apache Software Foundation\Apache2.2\htdocs\xx\wap\Runtime\Cache\0897941fd5a086ea44c0bed0855d33bd.php 第 71 行.
NOTIC: [8] Undefined variable: cstmusross D:\Program Files\Apache Software Foundation\Apache2.2\htdocs\xx\wap\Runtime\Cache\0897941fd5a086ea44c0bed0855d33bd.php 第 160 行.
NOTIC: [8] Undefined variable: wxusross D:\Program Files\Apache Software Foundation\Apache2.2\htdocs\xx\wap\Runtime\Cache\0897941fd5a086ea44c0bed0855d33bd.php 第 170 行.
INFO: ParseTemplate Behavior ::run [ RunTime:0.070863s ]
INFO: [ view_parse ] --END-- [ RunTime:0.071028s ]
INFO: [ view_filter ] --START--
INFO: ContentReplace Behavior ::run [ RunTime:0.007166s ]
INFO: TokenBuild Behavior ::run [ RunTime:0.007177s ]
INFO: WriteHtmlCache Behavior ::run [ RunTime:0.006862s ]
INFO: ShowRuntime Behavior ::run [ RunTime:0.007252s ]
INFO: [ view_filter ] --END-- [ RunTime:0.028774s ]
INFO: [ view_end ] --START--
INFO: ShowPageTrace Behavior ::run [ RunTime:0.007440s ]
INFO: [ view_end ] --END-- [ RunTime:0.007553s ]

[ 2015-11-08T08:34:06+08:00 ] 66.249.65.64 /xx/wap.php/Atc/appendatc/bdid/16
INFO: [ route_check ] --START--
INFO: CheckRoute Behavior ::run [ RunTime:0.007857s ]
INFO: [ route_check ] --END-- [ RunTime:0.008009s ]
INFO: [ app_begin ] --START--
INFO: ReadHtmlCache Behavior ::run [ RunTime:0.007343s ]
INFO: [ app_begin ] --END-- [ RunTime:0.007464s ]
NOTIC: [8] Undefined index:  pg D:\Program Files\Apache Software Foundation\Apache2.2\htdocs\xx\wap\Lib\Action\AtcAction.class.php 第 577 行.
SQL: SHOW COLUMNS FROM `tb_atc` [ RunTime:0.003224s ]
SQL: SHOW COLUMNS FROM `tb_bd` [ RunTime:0.002520s ]
NOTIC: [8] Undefined index:  atcanc D:\Program Files\Apache Software Foundation\Apache2.2\htdocs\xx\wap\Lib\Action\AtcAction.class.php 第 588 行.
NOTIC: [8] Undefined index:  atcdnmc D:\Program Files\Apache Software Foundation\Apache2.2\htdocs\xx\wap\Lib\Action\AtcAction.class.php 第 593 行.
NOTIC: [8] Undefined index:  atckw D:\Program Files\Apache Software Foundation\Apache2.2\htdocs\xx\wap\Lib\Action\AtcAction.class.php 第 598 行.
SQL: SELECT * FROM `tb_bd` WHERE ( bdid=16 ) LIMIT 1   [ RunTime:0.000409s ]
SQL: SELECT * FROM `tb_bd` ORDER BY bdodr ASC  [ RunTime:0.000136s ]
SQL: SELECT `atcid`,`atctpc`,`atcmdftm`,`atctp`,`atccv`,`atczn`,`atctc`,`atccnt` FROM `tb_atc` WHERE ( atcps=1 AND atcvw=1 AND atcnw=0 AND (f_atc_bdid=16) ) ORDER BY atctp DESC,atcmdftm DESC LIMIT 0,10   [ RunTime:0.000130s ]
SQL: SELECT * FROM `tb_atc` WHERE ( atcps=1 AND atcvw=1 AND atcnw=0 AND (f_atc_bdid=16) ) ORDER BY atctp DESC,atcmdftm DESC LIMIT 10,1   [ RunTime:0.000434s ]
NOTIC: [8] Undefined variable: htmltxt D:\Program Files\Apache Software Foundation\Apache2.2\htdocs\xx\wap\Lib\Action\AtcAction.class.php 第 699 行.

[ 2015-11-08T08:34:52+08:00 ] 66.249.65.61 /xx/wap.php/Atc/appendatc/atcanc/1
INFO: [ route_check ] --START--
INFO: CheckRoute Behavior ::run [ RunTime:0.007882s ]
INFO: [ route_check ] --END-- [ RunTime:0.008035s ]
INFO: [ app_begin ] --START--
INFO: ReadHtmlCache Behavior ::run [ RunTime:0.007362s ]
INFO: [ app_begin ] --END-- [ RunTime:0.007487s ]
NOTIC: [8] Undefined index:  pg D:\Program Files\Apache Software Foundation\Apache2.2\htdocs\xx\wap\Lib\Action\AtcAction.class.php 第 577 行.
SQL: SHOW COLUMNS FROM `tb_atc` [ RunTime:0.003034s ]
SQL: SHOW COLUMNS FROM `tb_bd` [ RunTime:0.002494s ]
SQL: SELECT `atcid`,`atctpc`,`atcmdftm`,`atctp`,`atccv`,`atczn`,`atctc`,`atccnt` FROM `tb_atc` WHERE ( atcps=1 AND atcvw=1 AND atcnw=0 AND (atcanc=1) ) ORDER BY atctp DESC,atcmdftm DESC LIMIT 0,10   [ RunTime:0.000441s ]
SQL: SHOW COLUMNS FROM `tb_cstmcmt` [ RunTime:0.003174s ]
SQL: SELECT COUNT(*) AS tp_count FROM `tb_cstmcmt` WHERE ( f_cstmcmt_atcid=20 ) LIMIT 1   [ RunTime:0.000637s ]
SQL: SELECT * FROM `tb_atc` WHERE ( atcps=1 AND atcvw=1 AND atcnw=0 AND (atcanc=1) ) ORDER BY atctp DESC,atcmdftm DESC LIMIT 10,1   [ RunTime:0.000650s ]
NOTIC: [8] Undefined variable: htmltxt D:\Program Files\Apache Software Foundation\Apache2.2\htdocs\xx\wap\Lib\Action\AtcAction.class.php 第 675 行.

[ 2015-11-08T08:35:36+08:00 ] 66.249.65.64 /xx/wap.php/Atc/appendatc/atcdnmc/1
INFO: [ route_check ] --START--
INFO: CheckRoute Behavior ::run [ RunTime:0.007879s ]
INFO: [ route_check ] --END-- [ RunTime:0.008033s ]
INFO: [ app_begin ] --START--
INFO: ReadHtmlCache Behavior ::run [ RunTime:0.007913s ]
INFO: [ app_begin ] --END-- [ RunTime:0.008045s ]
NOTIC: [8] Undefined index:  pg D:\Program Files\Apache Software Foundation\Apache2.2\htdocs\xx\wap\Lib\Action\AtcAction.class.php 第 577 行.
SQL: SHOW COLUMNS FROM `tb_atc` [ RunTime:0.003342s ]
SQL: SHOW COLUMNS FROM `tb_bd` [ RunTime:0.002600s ]
NOTIC: [8] Undefined index:  atcanc D:\Program Files\Apache Software Foundation\Apache2.2\htdocs\xx\wap\Lib\Action\AtcAction.class.php 第 588 行.
SQL: SELECT `atcid`,`atctpc`,`atcmdftm`,`atctp`,`atccv`,`atczn`,`atctc`,`atccnt` FROM `tb_atc` WHERE ( atcps=1 AND atcvw=1 AND atcnw=0 AND (atcdnmc=1) ) ORDER BY atctp DESC,atcmdftm DESC LIMIT 0,10   [ RunTime:0.000342s ]
SQL: SELECT * FROM `tb_atc` WHERE ( atcps=1 AND atcvw=1 AND atcnw=0 AND (atcdnmc=1) ) ORDER BY atctp DESC,atcmdftm DESC LIMIT 10,1   [ RunTime:0.000447s ]
NOTIC: [8] Undefined variable: htmltxt D:\Program Files\Apache Software Foundation\Apache2.2\htdocs\xx\wap\Lib\Action\AtcAction.class.php 第 699 行.

[ 2015-11-08T08:39:10+08:00 ] 66.249.65.61 /xx/wap.php/Atc/appendatc/bdid/22
INFO: [ route_check ] --START--
INFO: CheckRoute Behavior ::run [ RunTime:0.007971s ]
INFO: [ route_check ] --END-- [ RunTime:0.008130s ]
INFO: [ app_begin ] --START--
INFO: ReadHtmlCache Behavior ::run [ RunTime:0.008947s ]
INFO: [ app_begin ] --END-- [ RunTime:0.009092s ]
NOTIC: [8] Undefined index:  pg D:\Program Files\Apache Software Foundation\Apache2.2\htdocs\xx\wap\Lib\Action\AtcAction.class.php 第 577 行.
SQL: SHOW COLUMNS FROM `tb_atc` [ RunTime:0.003001s ]
SQL: SHOW COLUMNS FROM `tb_bd` [ RunTime:0.002495s ]
NOTIC: [8] Undefined index:  atcanc D:\Program Files\Apache Software Foundation\Apache2.2\htdocs\xx\wap\Lib\Action\AtcAction.class.php 第 588 行.
NOTIC: [8] Undefined index:  atcdnmc D:\Program Files\Apache Software Foundation\Apache2.2\htdocs\xx\wap\Lib\Action\AtcAction.class.php 第 593 行.
NOTIC: [8] Undefined index:  atckw D:\Program Files\Apache Software Foundation\Apache2.2\htdocs\xx\wap\Lib\Action\AtcAction.class.php 第 598 行.
SQL: SELECT * FROM `tb_bd` WHERE ( bdid=22 ) LIMIT 1   [ RunTime:0.000315s ]
SQL: SELECT * FROM `tb_bd` ORDER BY bdodr ASC  [ RunTime:0.000137s ]
SQL: SELECT `atcid`,`atctpc`,`atcmdftm`,`atctp`,`atccv`,`atczn`,`atctc`,`atccnt` FROM `tb_atc` WHERE ( atcps=1 AND atcvw=1 AND atcnw=0 AND (f_atc_bdid=22) ) ORDER BY atctp DESC,atcmdftm DESC LIMIT 0,10   [ RunTime:0.000131s ]
SQL: SELECT * FROM `tb_atc` WHERE ( atcps=1 AND atcvw=1 AND atcnw=0 AND (f_atc_bdid=22) ) ORDER BY atctp DESC,atcmdftm DESC LIMIT 10,1   [ RunTime:0.000432s ]
NOTIC: [8] Undefined variable: htmltxt D:\Program Files\Apache Software Foundation\Apache2.2\htdocs\xx\wap\Lib\Action\AtcAction.class.php 第 699 行.

