[ 2015-09-19T10:56:34+08:00 ] 183.60.137.108 /xx/tcr.php
INFO: [ app_begin ] --START--
INFO: ReadHtmlCache Behavior ::run [ RunTime:0.001145s ]
INFO: [ app_begin ] --END-- [ RunTime:0.001297s ]
INFO: [ view_parse ] --START--
INFO: ParseTemplate Behavior ::run [ RunTime:0.037879s ]
INFO: [ view_parse ] --END-- [ RunTime:0.038039s ]
INFO: [ view_filter ] --START--
INFO: ContentReplace Behavior ::run [ RunTime:0.005701s ]
INFO: TokenBuild Behavior ::run [ RunTime:0.000821s ]
INFO: WriteHtmlCache Behavior ::run [ RunTime:0.002194s ]
INFO: ShowRuntime Behavior ::run [ RunTime:0.002528s ]
INFO: [ view_filter ] --END-- [ RunTime:0.011562s ]
INFO: [ view_end ] --START--
INFO: ShowPageTrace Behavior ::run [ RunTime:0.007482s ]
INFO: [ view_end ] --END-- [ RunTime:0.007599s ]

[ 2015-09-19T12:46:54+08:00 ] 211.89.227.36 /xx/tcr.php
INFO: [ app_begin ] --START--
INFO: ReadHtmlCache Behavior ::run [ RunTime:0.007497s ]
INFO: [ app_begin ] --END-- [ RunTime:0.007663s ]
INFO: [ view_parse ] --START--
INFO: ParseTemplate Behavior ::run [ RunTime:0.056314s ]
INFO: [ view_parse ] --END-- [ RunTime:0.056476s ]
INFO: [ view_filter ] --START--
INFO: ContentReplace Behavior ::run [ RunTime:0.007848s ]
INFO: TokenBuild Behavior ::run [ RunTime:0.007065s ]
INFO: WriteHtmlCache Behavior ::run [ RunTime:0.007173s ]
INFO: ShowRuntime Behavior ::run [ RunTime:0.007204s ]
INFO: [ view_filter ] --END-- [ RunTime:0.029621s ]
INFO: [ view_end ] --START--
INFO: ShowPageTrace Behavior ::run [ RunTime:0.007631s ]
INFO: [ view_end ] --END-- [ RunTime:0.007752s ]

[ 2015-09-19T21:19:05+08:00 ] 68.180.228.176 /xx/tcr.php
INFO: [ app_begin ] --START--
INFO: ReadHtmlCache Behavior ::run [ RunTime:0.004340s ]
INFO: [ app_begin ] --END-- [ RunTime:0.004495s ]
INFO: [ view_parse ] --START--
INFO: ParseTemplate Behavior ::run [ RunTime:0.048170s ]
INFO: [ view_parse ] --END-- [ RunTime:0.048335s ]
INFO: [ view_filter ] --START--
INFO: ContentReplace Behavior ::run [ RunTime:0.004046s ]
INFO: TokenBuild Behavior ::run [ RunTime:0.003989s ]
INFO: WriteHtmlCache Behavior ::run [ RunTime:0.004295s ]
INFO: ShowRuntime Behavior ::run [ RunTime:0.007253s ]
INFO: [ view_filter ] --END-- [ RunTime:0.019912s ]
INFO: [ view_end ] --START--
INFO: ShowPageTrace Behavior ::run [ RunTime:0.007608s ]
INFO: [ view_end ] --END-- [ RunTime:0.007725s ]

