[ 2015-09-08T06:38:01+08:00 ] 68.180.228.176 /xx/tcr.php
INFO: [ app_begin ] --START--
INFO: ReadHtmlCache Behavior ::run [ RunTime:0.007641s ]
INFO: [ app_begin ] --END-- [ RunTime:0.007798s ]
INFO: [ view_parse ] --START--
INFO: ParseTemplate Behavior ::run [ RunTime:0.057873s ]
INFO: [ view_parse ] --END-- [ RunTime:0.058033s ]
INFO: [ view_filter ] --START--
INFO: ContentReplace Behavior ::run [ RunTime:0.007459s ]
INFO: TokenBuild Behavior ::run [ RunTime:0.007082s ]
INFO: WriteHtmlCache Behavior ::run [ RunTime:0.007040s ]
INFO: ShowRuntime Behavior ::run [ RunTime:0.007236s ]
INFO: [ view_filter ] --END-- [ RunTime:0.029142s ]
INFO: [ view_end ] --START--
INFO: ShowPageTrace Behavior ::run [ RunTime:0.016561s ]
INFO: [ view_end ] --END-- [ RunTime:0.016716s ]

[ 2015-09-08T08:37:40+08:00 ] 10.50.10.149 /xx/tcr.php
INFO: [ app_begin ] --START--
INFO: ReadHtmlCache Behavior ::run [ RunTime:0.007506s ]
INFO: [ app_begin ] --END-- [ RunTime:0.007669s ]
INFO: [ view_parse ] --START--
INFO: ParseTemplate Behavior ::run [ RunTime:0.058210s ]
INFO: [ view_parse ] --END-- [ RunTime:0.058370s ]
INFO: [ view_filter ] --START--
INFO: ContentReplace Behavior ::run [ RunTime:0.007191s ]
INFO: TokenBuild Behavior ::run [ RunTime:0.007080s ]
INFO: WriteHtmlCache Behavior ::run [ RunTime:0.007118s ]
INFO: ShowRuntime Behavior ::run [ RunTime:0.007249s ]
INFO: [ view_filter ] --END-- [ RunTime:0.028965s ]
INFO: [ view_end ] --START--
INFO: ShowPageTrace Behavior ::run [ RunTime:0.007545s ]
INFO: [ view_end ] --END-- [ RunTime:0.007663s ]

