[ 2015-09-07T01:42:29+08:00 ] 66.249.65.186 /xx/tcr.php
INFO: [ app_begin ] --START--
INFO: ReadHtmlCache Behavior ::run [ RunTime:0.007479s ]
INFO: [ app_begin ] --END-- [ RunTime:0.007636s ]
INFO: [ view_parse ] --START--
INFO: ParseTemplate Behavior ::run [ RunTime:0.065578s ]
INFO: [ view_parse ] --END-- [ RunTime:0.065769s ]
INFO: [ view_filter ] --START--
INFO: ContentReplace Behavior ::run [ RunTime:0.007158s ]
INFO: TokenBuild Behavior ::run [ RunTime:0.007425s ]
INFO: WriteHtmlCache Behavior ::run [ RunTime:0.006907s ]
INFO: ShowRuntime Behavior ::run [ RunTime:0.007363s ]
INFO: [ view_filter ] --END-- [ RunTime:0.029182s ]
INFO: [ view_end ] --START--
INFO: ShowPageTrace Behavior ::run [ RunTime:0.007480s ]
INFO: [ view_end ] --END-- [ RunTime:0.007595s ]

[ 2015-09-07T03:48:32+08:00 ] 66.249.65.8 /xx/tcr.php
INFO: [ app_begin ] --START--
INFO: ReadHtmlCache Behavior ::run [ RunTime:0.007470s ]
INFO: [ app_begin ] --END-- [ RunTime:0.007628s ]
INFO: [ view_parse ] --START--
INFO: ParseTemplate Behavior ::run [ RunTime:0.057691s ]
INFO: [ view_parse ] --END-- [ RunTime:0.057852s ]
INFO: [ view_filter ] --START--
INFO: ContentReplace Behavior ::run [ RunTime:0.007147s ]
INFO: TokenBuild Behavior ::run [ RunTime:0.007146s ]
INFO: WriteHtmlCache Behavior ::run [ RunTime:0.006892s ]
INFO: ShowRuntime Behavior ::run [ RunTime:0.007943s ]
INFO: [ view_filter ] --END-- [ RunTime:0.029457s ]
INFO: [ view_end ] --START--
INFO: ShowPageTrace Behavior ::run [ RunTime:0.007677s ]
INFO: [ view_end ] --END-- [ RunTime:0.007794s ]

[ 2015-09-07T04:59:04+08:00 ] 68.180.228.176 /xx/tcr.php
INFO: [ app_begin ] --START--
INFO: ReadHtmlCache Behavior ::run [ RunTime:0.007505s ]
INFO: [ app_begin ] --END-- [ RunTime:0.007661s ]
INFO: [ view_parse ] --START--
INFO: ParseTemplate Behavior ::run [ RunTime:0.058138s ]
INFO: [ view_parse ] --END-- [ RunTime:0.058295s ]
INFO: [ view_filter ] --START--
INFO: ContentReplace Behavior ::run [ RunTime:0.007173s ]
INFO: TokenBuild Behavior ::run [ RunTime:0.007150s ]
INFO: WriteHtmlCache Behavior ::run [ RunTime:0.006890s ]
INFO: ShowRuntime Behavior ::run [ RunTime:0.007367s ]
INFO: [ view_filter ] --END-- [ RunTime:0.028899s ]
INFO: [ view_end ] --START--
INFO: ShowPageTrace Behavior ::run [ RunTime:0.007470s ]
INFO: [ view_end ] --END-- [ RunTime:0.007584s ]

[ 2015-09-07T10:58:40+08:00 ] 68.180.228.176 /xx/tcr.php
INFO: [ app_begin ] --START--
INFO: ReadHtmlCache Behavior ::run [ RunTime:0.004902s ]
INFO: [ app_begin ] --END-- [ RunTime:0.005128s ]
INFO: [ view_parse ] --START--
INFO: ParseTemplate Behavior ::run [ RunTime:0.048264s ]
INFO: [ view_parse ] --END-- [ RunTime:0.048425s ]
INFO: [ view_filter ] --START--
INFO: ContentReplace Behavior ::run [ RunTime:0.004164s ]
INFO: TokenBuild Behavior ::run [ RunTime:0.003959s ]
INFO: WriteHtmlCache Behavior ::run [ RunTime:0.003750s ]
INFO: ShowRuntime Behavior ::run [ RunTime:0.008014s ]
INFO: [ view_filter ] --END-- [ RunTime:0.020225s ]
INFO: [ view_end ] --START--
INFO: ShowPageTrace Behavior ::run [ RunTime:0.007462s ]
INFO: [ view_end ] --END-- [ RunTime:0.007580s ]

[ 2015-09-07T13:24:34+08:00 ] 66.249.65.200 /xx/tcr.php
INFO: [ app_begin ] --START--
INFO: ReadHtmlCache Behavior ::run [ RunTime:0.007406s ]
INFO: [ app_begin ] --END-- [ RunTime:0.007562s ]
INFO: [ view_parse ] --START--
INFO: ParseTemplate Behavior ::run [ RunTime:0.074738s ]
INFO: [ view_parse ] --END-- [ RunTime:0.074905s ]
INFO: [ view_filter ] --START--
INFO: ContentReplace Behavior ::run [ RunTime:0.007099s ]
INFO: TokenBuild Behavior ::run [ RunTime:0.007201s ]
INFO: WriteHtmlCache Behavior ::run [ RunTime:0.006825s ]
INFO: ShowRuntime Behavior ::run [ RunTime:0.007490s ]
INFO: [ view_filter ] --END-- [ RunTime:0.028941s ]
INFO: [ view_end ] --START--
INFO: ShowPageTrace Behavior ::run [ RunTime:0.007588s ]
INFO: [ view_end ] --END-- [ RunTime:0.007704s ]

[ 2015-09-07T19:06:14+08:00 ] 42.156.138.104 /xx/tcr.php/Tcr/gtxpg/x/forget
INFO: [ route_check ] --START--
INFO: CheckRoute Behavior ::run [ RunTime:0.008768s ]
INFO: [ route_check ] --END-- [ RunTime:0.009008s ]
INFO: [ app_begin ] --START--
INFO: ReadHtmlCache Behavior ::run [ RunTime:0.007414s ]
INFO: [ app_begin ] --END-- [ RunTime:0.007544s ]
SQL: SHOW COLUMNS FROM `tb_tcr` [ RunTime:0.003484s ]
SQL: SELECT * FROM `tb_tcr` WHERE ( tcrid= ) LIMIT 1   [ RunTime:0.000289s ]
ERR: 1064:You have an error in your SQL syntax; check the manual that corresponds to your MySQL server version for the right syntax to use near ') LIMIT 1' at line 1
 [ SQL语句 ] : SELECT * FROM `tb_tcr` WHERE ( tcrid= ) LIMIT 1  
SQL: SHOW COLUMNS FROM `tb_md` [ RunTime:0.002667s ]
SQL: SELECT * FROM `tb_md` WHERE ( mdmk='Tcr' ) LIMIT 1   [ RunTime:0.000527s ]
SQL: SHOW COLUMNS FROM `tb_tcrbtn` [ RunTime:0.010415s ]
SQL: SELECT * FROM `tb_tcrbtn` WHERE ( f_tcrbtn_tcrid= AND tcrbtnnm='lft' ) LIMIT 1   [ RunTime:0.000467s ]
ERR: 1064:You have an error in your SQL syntax; check the manual that corresponds to your MySQL server version for the right syntax to use near 'AND tcrbtnnm='lft' ) LIMIT 1' at line 1
 [ SQL语句 ] : SELECT * FROM `tb_tcrbtn` WHERE ( f_tcrbtn_tcrid= AND tcrbtnnm='lft' ) LIMIT 1  
SQL: SELECT * FROM `tb_tcrbtn` WHERE ( f_tcrbtn_tcrid= AND tcrbtnnm='bs' ) LIMIT 1   [ RunTime:0.000152s ]
ERR: 1064:You have an error in your SQL syntax; check the manual that corresponds to your MySQL server version for the right syntax to use near 'AND tcrbtnnm='bs' ) LIMIT 1' at line 1
 [ SQL语句 ] : SELECT * FROM `tb_tcrbtn` WHERE ( f_tcrbtn_tcrid= AND tcrbtnnm='bs' ) LIMIT 1  
INFO: [ view_parse ] --START--
INFO: ParseTemplate Behavior ::run [ RunTime:0.055264s ]
INFO: [ view_parse ] --END-- [ RunTime:0.055454s ]
INFO: [ view_filter ] --START--
INFO: ContentReplace Behavior ::run [ RunTime:0.007211s ]
INFO: TokenBuild Behavior ::run [ RunTime:0.007061s ]
INFO: WriteHtmlCache Behavior ::run [ RunTime:0.007169s ]
INFO: ShowRuntime Behavior ::run [ RunTime:0.007221s ]
INFO: [ view_filter ] --END-- [ RunTime:0.029038s ]
INFO: [ view_end ] --START--
INFO: ShowPageTrace Behavior ::run [ RunTime:0.007576s ]
INFO: [ view_end ] --END-- [ RunTime:0.007693s ]

[ 2015-09-07T23:49:10+08:00 ] 111.206.36.146 /xx/tcr.php
INFO: [ app_begin ] --START--
INFO: ReadHtmlCache Behavior ::run [ RunTime:0.053353s ]
INFO: [ app_begin ] --END-- [ RunTime:0.053517s ]
INFO: [ view_parse ] --START--
INFO: ParseTemplate Behavior ::run [ RunTime:0.425558s ]
INFO: [ view_parse ] --END-- [ RunTime:0.426643s ]
INFO: [ view_filter ] --START--
INFO: ContentReplace Behavior ::run [ RunTime:0.046546s ]
INFO: TokenBuild Behavior ::run [ RunTime:0.041876s ]
INFO: WriteHtmlCache Behavior ::run [ RunTime:0.037493s ]
INFO: ShowRuntime Behavior ::run [ RunTime:0.031691s ]
INFO: [ view_filter ] --END-- [ RunTime:0.158014s ]
INFO: [ view_end ] --START--
INFO: ShowPageTrace Behavior ::run [ RunTime:0.014046s ]
INFO: [ view_end ] --END-- [ RunTime:0.014172s ]

