[ 2015-06-08T18:32:56+08:00 ] 127.0.0.1 /xx/tcr.php
INFO: [ app_begin ] --START--
INFO: ReadHtmlCache Behavior ::run [ RunTime:0.000936s ]
INFO: [ app_begin ] --END-- [ RunTime:0.001082s ]
SQL: SHOW COLUMNS FROM `tb_tcr` [ RunTime:0.003928s ]
SQL: SELECT * FROM `tb_tcr` WHERE ( tcrid=2 AND tcrps=1 ) LIMIT 1   [ RunTime:0.000430s ]
SQL: SELECT * FROM `tb_tcr` WHERE ( tcrid=2 ) LIMIT 1   [ RunTime:0.000300s ]
SQL: SELECT * FROM `tb_tcr` WHERE ( tcrid=2 ) LIMIT 1   [ RunTime:0.000318s ]
NOTIC: [2] Missing argument 1 for KZMBAction::setkzmb(), called in C:\wamp\www\xx\tcr\Lib\Action\IndexAction.class.php on line 29 and defined C:\wamp\www\xx\tcr\Lib\KZMB\KZMBAction.class.php 第 3 行.
SQL: SHOW COLUMNS FROM `tb_tcrbtn` [ RunTime:0.003588s ]
SQL: SELECT * FROM `tb_tcrbtn` WHERE ( f_tcrbtn_tcrid=2 AND tcrbtnnm='lft' ) LIMIT 1   [ RunTime:0.014904s ]
SQL: SELECT * FROM `tb_tcrbtn` WHERE ( f_tcrbtn_tcrid=2 AND tcrbtnnm='lft' ) LIMIT 1   [ RunTime:0.000357s ]
SQL: SELECT * FROM `tb_tcrbtn` WHERE ( f_tcrbtn_tcrid=2 AND tcrbtnnm='bs' ) LIMIT 1   [ RunTime:0.000295s ]
SQL: SELECT * FROM `tb_tcrbtn` WHERE ( f_tcrbtn_tcrid=2 AND tcrbtnnm='bs' ) LIMIT 1   [ RunTime:0.000287s ]
INFO: [ view_parse ] --START--
NOTIC: [8] Undefined variable: ntfstr C:\wamp\www\xx\tcr\Runtime\Cache\6f1d53a3c8454cf67e89dfe20c7b417a.php 第 61 行.
INFO: ParseTemplate Behavior ::run [ RunTime:0.054188s ]
INFO: [ view_parse ] --END-- [ RunTime:0.054331s ]
INFO: [ view_filter ] --START--
INFO: ContentReplace Behavior ::run [ RunTime:0.000829s ]
INFO: TokenBuild Behavior ::run [ RunTime:0.000789s ]
INFO: WriteHtmlCache Behavior ::run [ RunTime:0.000631s ]
INFO: ShowRuntime Behavior ::run [ RunTime:0.000982s ]
INFO: [ view_filter ] --END-- [ RunTime:0.003574s ]
INFO: [ view_end ] --START--
INFO: ShowPageTrace Behavior ::run [ RunTime:0.000986s ]
INFO: [ view_end ] --END-- [ RunTime:0.001108s ]

[ 2015-06-08T18:36:41+08:00 ] 127.0.0.1 /xx/tcr.php/Tcr/gtxpg/x/center
INFO: [ route_check ] --START--
INFO: CheckRoute Behavior ::run [ RunTime:0.017658s ]
INFO: [ route_check ] --END-- [ RunTime:0.017834s ]
INFO: [ app_begin ] --START--
INFO: ReadHtmlCache Behavior ::run [ RunTime:0.000750s ]
INFO: [ app_begin ] --END-- [ RunTime:0.000886s ]
SQL: SHOW COLUMNS FROM `tb_tcr` [ RunTime:0.003932s ]
SQL: SELECT * FROM `tb_tcr` WHERE ( tcrid=2 AND tcrps=1 ) LIMIT 1   [ RunTime:0.000442s ]
SQL: SELECT * FROM `tb_tcr` WHERE ( tcrid=2 ) LIMIT 1   [ RunTime:0.000324s ]
SQL: SHOW COLUMNS FROM `tb_md` [ RunTime:0.003411s ]
SQL: SELECT * FROM `tb_md` WHERE ( mdmk='Tcr' ) LIMIT 1   [ RunTime:0.000337s ]
SQL: SHOW COLUMNS FROM `tb_tcrbtn` [ RunTime:0.003387s ]
SQL: SELECT * FROM `tb_tcrbtn` WHERE ( f_tcrbtn_tcrid=2 AND tcrbtnnm='lft' ) LIMIT 1   [ RunTime:0.000324s ]
SQL: SELECT * FROM `tb_tcrbtn` WHERE ( f_tcrbtn_tcrid=2 AND tcrbtnnm='lft' ) LIMIT 1   [ RunTime:0.000289s ]
SQL: SELECT * FROM `tb_tcrbtn` WHERE ( f_tcrbtn_tcrid=2 AND tcrbtnnm='bs' ) LIMIT 1   [ RunTime:0.000232s ]
SQL: SELECT * FROM `tb_tcrbtn` WHERE ( f_tcrbtn_tcrid=2 AND tcrbtnnm='bs' ) LIMIT 1   [ RunTime:0.000277s ]
SQL: SELECT * FROM `tb_tcr` LEFT JOIN tb_stt ON f_tcr_sttid=sttid WHERE ( tcrid=2 ) LIMIT 1   [ RunTime:0.000441s ]
INFO: [ view_parse ] --START--
NOTIC: [8] Undefined variable: ntfstr C:\wamp\www\xx\tcr\Runtime\Cache\1640f621d6324d2438893611b615783d.php 第 61 行.
NOTIC: [8] Undefined index: athnm C:\wamp\www\xx\tcr\Runtime\Cache\1640f621d6324d2438893611b615783d.php 第 178 行.
INFO: ParseTemplate Behavior ::run [ RunTime:0.034394s ]
INFO: [ view_parse ] --END-- [ RunTime:0.034547s ]
INFO: [ view_filter ] --START--
INFO: ContentReplace Behavior ::run [ RunTime:0.000762s ]
INFO: TokenBuild Behavior ::run [ RunTime:0.000636s ]
INFO: WriteHtmlCache Behavior ::run [ RunTime:0.000440s ]
INFO: ShowRuntime Behavior ::run [ RunTime:0.000663s ]
INFO: [ view_filter ] --END-- [ RunTime:0.002847s ]
INFO: [ view_end ] --START--
INFO: ShowPageTrace Behavior ::run [ RunTime:0.000705s ]
INFO: [ view_end ] --END-- [ RunTime:0.000827s ]

[ 2015-06-08T18:37:45+08:00 ] 127.0.0.1 /xx/tcr.php
INFO: [ app_begin ] --START--
INFO: ReadHtmlCache Behavior ::run [ RunTime:0.000600s ]
INFO: [ app_begin ] --END-- [ RunTime:0.000741s ]
SQL: SHOW COLUMNS FROM `tb_tcr` [ RunTime:0.003926s ]
SQL: SELECT * FROM `tb_tcr` WHERE ( tcrid=2 AND tcrps=1 ) LIMIT 1   [ RunTime:0.000448s ]
SQL: SELECT * FROM `tb_tcr` WHERE ( tcrid=2 ) LIMIT 1   [ RunTime:0.000339s ]
SQL: SELECT * FROM `tb_tcr` WHERE ( tcrid=2 ) LIMIT 1   [ RunTime:0.000376s ]
NOTIC: [2] Missing argument 1 for KZMBAction::setkzmb(), called in C:\wamp\www\xx\tcr\Lib\Action\IndexAction.class.php on line 29 and defined C:\wamp\www\xx\tcr\Lib\KZMB\KZMBAction.class.php 第 3 行.
SQL: SHOW COLUMNS FROM `tb_tcrbtn` [ RunTime:0.003438s ]
SQL: SELECT * FROM `tb_tcrbtn` WHERE ( f_tcrbtn_tcrid=2 AND tcrbtnnm='lft' ) LIMIT 1   [ RunTime:0.000318s ]
SQL: SELECT * FROM `tb_tcrbtn` WHERE ( f_tcrbtn_tcrid=2 AND tcrbtnnm='lft' ) LIMIT 1   [ RunTime:0.000263s ]
SQL: SELECT * FROM `tb_tcrbtn` WHERE ( f_tcrbtn_tcrid=2 AND tcrbtnnm='bs' ) LIMIT 1   [ RunTime:0.000258s ]
SQL: SELECT * FROM `tb_tcrbtn` WHERE ( f_tcrbtn_tcrid=2 AND tcrbtnnm='bs' ) LIMIT 1   [ RunTime:0.000274s ]
INFO: [ view_parse ] --START--
NOTIC: [8] Undefined variable: ntfstr C:\wamp\www\xx\tcr\Runtime\Cache\6f1d53a3c8454cf67e89dfe20c7b417a.php 第 61 行.
INFO: ParseTemplate Behavior ::run [ RunTime:0.011548s ]
INFO: [ view_parse ] --END-- [ RunTime:0.011731s ]
INFO: [ view_filter ] --START--
INFO: ContentReplace Behavior ::run [ RunTime:0.000498s ]
INFO: TokenBuild Behavior ::run [ RunTime:0.000515s ]
INFO: WriteHtmlCache Behavior ::run [ RunTime:0.000361s ]
INFO: ShowRuntime Behavior ::run [ RunTime:0.000577s ]
INFO: [ view_filter ] --END-- [ RunTime:0.002284s ]
INFO: [ view_end ] --START--
INFO: ShowPageTrace Behavior ::run [ RunTime:0.000616s ]
INFO: [ view_end ] --END-- [ RunTime:0.000737s ]

[ 2015-06-08T18:44:50+08:00 ] 127.0.0.1 /xx/tcr.php
INFO: [ app_begin ] --START--
INFO: ReadHtmlCache Behavior ::run [ RunTime:0.000962s ]
INFO: [ app_begin ] --END-- [ RunTime:0.001110s ]
SQL: SHOW COLUMNS FROM `tb_tcr` [ RunTime:0.003549s ]
SQL: SELECT * FROM `tb_tcr` WHERE ( tcrid=2 AND tcrps=1 ) LIMIT 1   [ RunTime:0.000379s ]
SQL: SELECT * FROM `tb_tcr` WHERE ( tcrid=2 ) LIMIT 1   [ RunTime:0.000234s ]
SQL: SELECT * FROM `tb_tcr` WHERE ( tcrid=2 ) LIMIT 1   [ RunTime:0.000230s ]
NOTIC: [2] Missing argument 1 for KZMBAction::setkzmb(), called in C:\wamp\www\xx\tcr\Lib\Action\IndexAction.class.php on line 29 and defined C:\wamp\www\xx\tcr\Lib\KZMB\KZMBAction.class.php 第 3 行.
SQL: SHOW COLUMNS FROM `tb_tcrbtn` [ RunTime:0.003243s ]
SQL: SELECT * FROM `tb_tcrbtn` WHERE ( f_tcrbtn_tcrid=2 AND tcrbtnnm='lft' ) LIMIT 1   [ RunTime:0.000262s ]
SQL: SELECT * FROM `tb_tcrbtn` WHERE ( f_tcrbtn_tcrid=2 AND tcrbtnnm='lft' ) LIMIT 1   [ RunTime:0.000205s ]
SQL: SELECT * FROM `tb_tcrbtn` WHERE ( f_tcrbtn_tcrid=2 AND tcrbtnnm='bs' ) LIMIT 1   [ RunTime:0.000199s ]
SQL: SELECT * FROM `tb_tcrbtn` WHERE ( f_tcrbtn_tcrid=2 AND tcrbtnnm='bs' ) LIMIT 1   [ RunTime:0.000199s ]
INFO: [ view_parse ] --START--
NOTIC: [8] Undefined variable: ntfstr C:\wamp\www\xx\tcr\Runtime\Cache\6f1d53a3c8454cf67e89dfe20c7b417a.php 第 61 行.
INFO: ParseTemplate Behavior ::run [ RunTime:0.041196s ]
INFO: [ view_parse ] --END-- [ RunTime:0.041336s ]
INFO: [ view_filter ] --START--
INFO: ContentReplace Behavior ::run [ RunTime:0.000775s ]
INFO: TokenBuild Behavior ::run [ RunTime:0.000848s ]
INFO: WriteHtmlCache Behavior ::run [ RunTime:0.000884s ]
INFO: ShowRuntime Behavior ::run [ RunTime:0.001251s ]
INFO: [ view_filter ] --END-- [ RunTime:0.004236s ]
INFO: [ view_end ] --START--
INFO: ShowPageTrace Behavior ::run [ RunTime:0.001338s ]
INFO: [ view_end ] --END-- [ RunTime:0.001531s ]

[ 2015-06-08T18:45:03+08:00 ] 127.0.0.1 /xx/tcr.php
INFO: [ app_begin ] --START--
INFO: ReadHtmlCache Behavior ::run [ RunTime:0.001015s ]
INFO: [ app_begin ] --END-- [ RunTime:0.001159s ]
SQL: SHOW COLUMNS FROM `tb_tcr` [ RunTime:0.003653s ]
SQL: SELECT * FROM `tb_tcr` WHERE ( tcrid=2 AND tcrps=1 ) LIMIT 1   [ RunTime:0.000356s ]
SQL: SELECT * FROM `tb_tcr` WHERE ( tcrid=2 ) LIMIT 1   [ RunTime:0.000246s ]
SQL: SELECT * FROM `tb_tcr` WHERE ( tcrid=2 ) LIMIT 1   [ RunTime:0.000225s ]
NOTIC: [2] Missing argument 1 for KZMBAction::setkzmb(), called in C:\wamp\www\xx\tcr\Lib\Action\IndexAction.class.php on line 29 and defined C:\wamp\www\xx\tcr\Lib\KZMB\KZMBAction.class.php 第 3 行.
SQL: SHOW COLUMNS FROM `tb_tcrbtn` [ RunTime:0.003314s ]
SQL: SELECT * FROM `tb_tcrbtn` WHERE ( f_tcrbtn_tcrid=2 AND tcrbtnnm='lft' ) LIMIT 1   [ RunTime:0.000250s ]
SQL: SELECT * FROM `tb_tcrbtn` WHERE ( f_tcrbtn_tcrid=2 AND tcrbtnnm='lft' ) LIMIT 1   [ RunTime:0.000201s ]
SQL: SELECT * FROM `tb_tcrbtn` WHERE ( f_tcrbtn_tcrid=2 AND tcrbtnnm='bs' ) LIMIT 1   [ RunTime:0.000203s ]
SQL: SELECT * FROM `tb_tcrbtn` WHERE ( f_tcrbtn_tcrid=2 AND tcrbtnnm='bs' ) LIMIT 1   [ RunTime:0.000197s ]
INFO: [ view_parse ] --START--
NOTIC: [8] Undefined variable: ntfstr C:\wamp\www\xx\tcr\Runtime\Cache\6f1d53a3c8454cf67e89dfe20c7b417a.php 第 61 行.
INFO: ParseTemplate Behavior ::run [ RunTime:0.013186s ]
INFO: [ view_parse ] --END-- [ RunTime:0.013324s ]
INFO: [ view_filter ] --START--
INFO: ContentReplace Behavior ::run [ RunTime:0.000848s ]
INFO: TokenBuild Behavior ::run [ RunTime:0.000816s ]
INFO: WriteHtmlCache Behavior ::run [ RunTime:0.000713s ]
INFO: ShowRuntime Behavior ::run [ RunTime:0.001090s ]
INFO: [ view_filter ] --END-- [ RunTime:0.003806s ]
INFO: [ view_end ] --START--
INFO: ShowPageTrace Behavior ::run [ RunTime:0.001035s ]
INFO: [ view_end ] --END-- [ RunTime:0.001204s ]

[ 2015-06-08T18:46:55+08:00 ] 127.0.0.1 /xx/tcr.php/Tcrbtn/update
INFO: [ route_check ] --START--
INFO: CheckRoute Behavior ::run [ RunTime:0.001319s ]
INFO: [ route_check ] --END-- [ RunTime:0.001505s ]
INFO: [ app_begin ] --START--
INFO: ReadHtmlCache Behavior ::run [ RunTime:0.000940s ]
INFO: [ app_begin ] --END-- [ RunTime:0.001049s ]
SQL: SHOW COLUMNS FROM `tb_tcrbtn` [ RunTime:0.003851s ]
SQL: SELECT * FROM `tb_tcrbtn` WHERE ( f_tcrbtn_tcrid=2 AND tcrbtnnm='bs' ) LIMIT 1   [ RunTime:0.000416s ]
SQL: SELECT * FROM `tb_tcrbtn` WHERE ( f_tcrbtn_tcrid=2 AND tcrbtnnm='bs' ) LIMIT 1   [ RunTime:0.000297s ]
SQL: UPDATE `tb_tcrbtn` SET `tcrbtnvl`='glyphicon glyphicon-triangle-bottom' WHERE ( tcrbtnid=1 ) [ RunTime:0.277569s ]

[ 2015-06-08T18:46:56+08:00 ] 127.0.0.1 /xx/tcr.php/Tcrbtn/update
INFO: [ route_check ] --START--
INFO: CheckRoute Behavior ::run [ RunTime:0.001108s ]
INFO: [ route_check ] --END-- [ RunTime:0.001255s ]
INFO: [ app_begin ] --START--
INFO: ReadHtmlCache Behavior ::run [ RunTime:0.000935s ]
INFO: [ app_begin ] --END-- [ RunTime:0.001042s ]
SQL: SHOW COLUMNS FROM `tb_tcrbtn` [ RunTime:0.004551s ]
SQL: SELECT * FROM `tb_tcrbtn` WHERE ( f_tcrbtn_tcrid=2 AND tcrbtnnm='bs' ) LIMIT 1   [ RunTime:0.000420s ]
SQL: SELECT * FROM `tb_tcrbtn` WHERE ( f_tcrbtn_tcrid=2 AND tcrbtnnm='bs' ) LIMIT 1   [ RunTime:0.000471s ]
SQL: UPDATE `tb_tcrbtn` SET `tcrbtnvl`='glyphicon glyphicon-triangle-top' WHERE ( tcrbtnid=1 ) [ RunTime:0.217493s ]

[ 2015-06-08T19:18:05+08:00 ] 127.0.0.1 /xx/tcr.php
INFO: [ app_begin ] --START--
INFO: ReadHtmlCache Behavior ::run [ RunTime:0.001039s ]
INFO: [ app_begin ] --END-- [ RunTime:0.001190s ]
SQL: SHOW COLUMNS FROM `tb_tcr` [ RunTime:0.003582s ]
SQL: SELECT * FROM `tb_tcr` WHERE ( tcrid=2 AND tcrps=1 ) LIMIT 1   [ RunTime:0.000351s ]
SQL: SELECT * FROM `tb_tcr` WHERE ( tcrid=2 ) LIMIT 1   [ RunTime:0.000269s ]
SQL: SELECT * FROM `tb_tcr` WHERE ( tcrid=2 ) LIMIT 1   [ RunTime:0.000337s ]
NOTIC: [2] Missing argument 1 for KZMBAction::setkzmb(), called in C:\wamp\www\xx\tcr\Lib\Action\IndexAction.class.php on line 29 and defined C:\wamp\www\xx\tcr\Lib\KZMB\KZMBAction.class.php 第 3 行.
SQL: SHOW COLUMNS FROM `tb_tcrbtn` [ RunTime:0.003709s ]
SQL: SELECT * FROM `tb_tcrbtn` WHERE ( f_tcrbtn_tcrid=2 AND tcrbtnnm='lft' ) LIMIT 1   [ RunTime:0.000362s ]
SQL: SELECT * FROM `tb_tcrbtn` WHERE ( f_tcrbtn_tcrid=2 AND tcrbtnnm='lft' ) LIMIT 1   [ RunTime:0.000339s ]
SQL: SELECT * FROM `tb_tcrbtn` WHERE ( f_tcrbtn_tcrid=2 AND tcrbtnnm='bs' ) LIMIT 1   [ RunTime:0.000338s ]
SQL: SELECT * FROM `tb_tcrbtn` WHERE ( f_tcrbtn_tcrid=2 AND tcrbtnnm='bs' ) LIMIT 1   [ RunTime:0.000367s ]
INFO: [ view_parse ] --START--
NOTIC: [8] Undefined variable: ntfstr C:\wamp\www\xx\tcr\Runtime\Cache\6f1d53a3c8454cf67e89dfe20c7b417a.php 第 61 行.
INFO: ParseTemplate Behavior ::run [ RunTime:0.013042s ]
INFO: [ view_parse ] --END-- [ RunTime:0.013180s ]
INFO: [ view_filter ] --START--
INFO: ContentReplace Behavior ::run [ RunTime:0.000849s ]
INFO: TokenBuild Behavior ::run [ RunTime:0.000811s ]
INFO: WriteHtmlCache Behavior ::run [ RunTime:0.000655s ]
INFO: ShowRuntime Behavior ::run [ RunTime:0.001014s ]
INFO: [ view_filter ] --END-- [ RunTime:0.003700s ]
INFO: [ view_end ] --START--
INFO: ShowPageTrace Behavior ::run [ RunTime:0.001244s ]
INFO: [ view_end ] --END-- [ RunTime:0.001402s ]

[ 2015-06-08T19:22:07+08:00 ] 127.0.0.1 /xx/tcr.php
INFO: [ app_begin ] --START--
INFO: ReadHtmlCache Behavior ::run [ RunTime:0.010411s ]
INFO: [ app_begin ] --END-- [ RunTime:0.010562s ]
SQL: SHOW COLUMNS FROM `tb_tcr` [ RunTime:0.003839s ]
SQL: SELECT * FROM `tb_tcr` WHERE ( tcrid=2 AND tcrps=1 ) LIMIT 1   [ RunTime:0.000473s ]
SQL: SELECT * FROM `tb_tcr` WHERE ( tcrid=2 ) LIMIT 1   [ RunTime:0.000368s ]
SQL: SELECT * FROM `tb_tcr` WHERE ( tcrid=2 ) LIMIT 1   [ RunTime:0.000331s ]
NOTIC: [2] Missing argument 1 for KZMBAction::setkzmb(), called in C:\wamp\www\xx\tcr\Lib\Action\IndexAction.class.php on line 29 and defined C:\wamp\www\xx\tcr\Lib\KZMB\KZMBAction.class.php 第 3 行.
SQL: SHOW COLUMNS FROM `tb_tcrbtn` [ RunTime:0.003335s ]
SQL: SELECT * FROM `tb_tcrbtn` WHERE ( f_tcrbtn_tcrid=2 AND tcrbtnnm='lft' ) LIMIT 1   [ RunTime:0.000259s ]
SQL: SELECT * FROM `tb_tcrbtn` WHERE ( f_tcrbtn_tcrid=2 AND tcrbtnnm='lft' ) LIMIT 1   [ RunTime:0.000199s ]
SQL: SELECT * FROM `tb_tcrbtn` WHERE ( f_tcrbtn_tcrid=2 AND tcrbtnnm='bs' ) LIMIT 1   [ RunTime:0.000192s ]
SQL: SELECT * FROM `tb_tcrbtn` WHERE ( f_tcrbtn_tcrid=2 AND tcrbtnnm='bs' ) LIMIT 1   [ RunTime:0.000191s ]
INFO: [ view_parse ] --START--
NOTIC: [8] Undefined variable: ntfstr C:\wamp\www\xx\tcr\Runtime\Cache\6f1d53a3c8454cf67e89dfe20c7b417a.php 第 61 行.
INFO: ParseTemplate Behavior ::run [ RunTime:0.030395s ]
INFO: [ view_parse ] --END-- [ RunTime:0.030533s ]
INFO: [ view_filter ] --START--
INFO: ContentReplace Behavior ::run [ RunTime:0.000591s ]
INFO: TokenBuild Behavior ::run [ RunTime:0.000554s ]
INFO: WriteHtmlCache Behavior ::run [ RunTime:0.000425s ]
INFO: ShowRuntime Behavior ::run [ RunTime:0.000686s ]
INFO: [ view_filter ] --END-- [ RunTime:0.002595s ]
INFO: [ view_end ] --START--
INFO: ShowPageTrace Behavior ::run [ RunTime:0.000700s ]
INFO: [ view_end ] --END-- [ RunTime:0.000821s ]

[ 2015-06-08T19:33:58+08:00 ] 127.0.0.1 /xx/tcr.php
INFO: [ app_begin ] --START--
INFO: ReadHtmlCache Behavior ::run [ RunTime:0.000784s ]
INFO: [ app_begin ] --END-- [ RunTime:0.000930s ]
SQL: SHOW COLUMNS FROM `tb_tcr` [ RunTime:0.004389s ]
SQL: SELECT * FROM `tb_tcr` WHERE ( tcrid=2 AND tcrps=1 ) LIMIT 1   [ RunTime:0.000524s ]
SQL: SELECT * FROM `tb_tcr` WHERE ( tcrid=2 ) LIMIT 1   [ RunTime:0.000355s ]
SQL: SELECT * FROM `tb_tcr` WHERE ( tcrid=2 ) LIMIT 1   [ RunTime:0.000326s ]
NOTIC: [2] Missing argument 1 for KZMBAction::setkzmb(), called in C:\wamp\www\xx\tcr\Lib\Action\IndexAction.class.php on line 29 and defined C:\wamp\www\xx\tcr\Lib\KZMB\KZMBAction.class.php 第 3 行.
SQL: SHOW COLUMNS FROM `tb_tcrbtn` [ RunTime:0.003532s ]
SQL: SELECT * FROM `tb_tcrbtn` WHERE ( f_tcrbtn_tcrid=2 AND tcrbtnnm='lft' ) LIMIT 1   [ RunTime:0.000329s ]
SQL: SELECT * FROM `tb_tcrbtn` WHERE ( f_tcrbtn_tcrid=2 AND tcrbtnnm='lft' ) LIMIT 1   [ RunTime:0.000264s ]
SQL: SELECT * FROM `tb_tcrbtn` WHERE ( f_tcrbtn_tcrid=2 AND tcrbtnnm='bs' ) LIMIT 1   [ RunTime:0.000258s ]
SQL: SELECT * FROM `tb_tcrbtn` WHERE ( f_tcrbtn_tcrid=2 AND tcrbtnnm='bs' ) LIMIT 1   [ RunTime:0.000267s ]
INFO: [ view_parse ] --START--
NOTIC: [8] Undefined variable: ntfstr C:\wamp\www\xx\tcr\Runtime\Cache\6f1d53a3c8454cf67e89dfe20c7b417a.php 第 61 行.
INFO: ParseTemplate Behavior ::run [ RunTime:0.011732s ]
INFO: [ view_parse ] --END-- [ RunTime:0.011870s ]
INFO: [ view_filter ] --START--
INFO: ContentReplace Behavior ::run [ RunTime:0.000637s ]
INFO: TokenBuild Behavior ::run [ RunTime:0.000590s ]
INFO: WriteHtmlCache Behavior ::run [ RunTime:0.000400s ]
INFO: ShowRuntime Behavior ::run [ RunTime:0.000679s ]
INFO: [ view_filter ] --END-- [ RunTime:0.002685s ]
INFO: [ view_end ] --START--
INFO: ShowPageTrace Behavior ::run [ RunTime:0.000711s ]
INFO: [ view_end ] --END-- [ RunTime:0.000833s ]

[ 2015-06-08T19:38:22+08:00 ] 127.0.0.1 /xx/tcr.php
INFO: [ app_begin ] --START--
INFO: ReadHtmlCache Behavior ::run [ RunTime:0.000785s ]
INFO: [ app_begin ] --END-- [ RunTime:0.000930s ]
SQL: SHOW COLUMNS FROM `tb_tcr` [ RunTime:0.003839s ]
SQL: SELECT * FROM `tb_tcr` WHERE ( tcrid=2 AND tcrps=1 ) LIMIT 1   [ RunTime:0.000415s ]
SQL: SELECT * FROM `tb_tcr` WHERE ( tcrid=2 ) LIMIT 1   [ RunTime:0.000341s ]
SQL: SELECT * FROM `tb_tcr` WHERE ( tcrid=2 ) LIMIT 1   [ RunTime:0.000318s ]
NOTIC: [2] Missing argument 1 for KZMBAction::setkzmb(), called in C:\wamp\www\xx\tcr\Lib\Action\IndexAction.class.php on line 29 and defined C:\wamp\www\xx\tcr\Lib\KZMB\KZMBAction.class.php 第 3 行.
SQL: SHOW COLUMNS FROM `tb_tcrbtn` [ RunTime:0.003646s ]
SQL: SELECT * FROM `tb_tcrbtn` WHERE ( f_tcrbtn_tcrid=2 AND tcrbtnnm='lft' ) LIMIT 1   [ RunTime:0.000377s ]
SQL: SELECT * FROM `tb_tcrbtn` WHERE ( f_tcrbtn_tcrid=2 AND tcrbtnnm='lft' ) LIMIT 1   [ RunTime:0.000298s ]
SQL: SELECT * FROM `tb_tcrbtn` WHERE ( f_tcrbtn_tcrid=2 AND tcrbtnnm='bs' ) LIMIT 1   [ RunTime:0.000277s ]
SQL: SELECT * FROM `tb_tcrbtn` WHERE ( f_tcrbtn_tcrid=2 AND tcrbtnnm='bs' ) LIMIT 1   [ RunTime:0.000348s ]
INFO: [ view_parse ] --START--
NOTIC: [8] Undefined variable: ntfstr C:\wamp\www\xx\tcr\Runtime\Cache\6f1d53a3c8454cf67e89dfe20c7b417a.php 第 61 行.
INFO: ParseTemplate Behavior ::run [ RunTime:0.012332s ]
INFO: [ view_parse ] --END-- [ RunTime:0.012490s ]
INFO: [ view_filter ] --START--
INFO: ContentReplace Behavior ::run [ RunTime:0.000675s ]
INFO: TokenBuild Behavior ::run [ RunTime:0.000610s ]
INFO: WriteHtmlCache Behavior ::run [ RunTime:0.000434s ]
INFO: ShowRuntime Behavior ::run [ RunTime:0.000731s ]
INFO: [ view_filter ] --END-- [ RunTime:0.002797s ]
INFO: [ view_end ] --START--
INFO: ShowPageTrace Behavior ::run [ RunTime:0.000700s ]
INFO: [ view_end ] --END-- [ RunTime:0.000821s ]

[ 2015-06-08T20:06:30+08:00 ] 127.0.0.1 /xx/tcr.php
INFO: [ app_begin ] --START--
INFO: ReadHtmlCache Behavior ::run [ RunTime:0.001395s ]
INFO: [ app_begin ] --END-- [ RunTime:0.001550s ]
SQL: SHOW COLUMNS FROM `tb_tcr` [ RunTime:0.003887s ]
SQL: SELECT * FROM `tb_tcr` WHERE ( tcrid=2 AND tcrps=1 ) LIMIT 1   [ RunTime:0.000388s ]
SQL: SELECT * FROM `tb_tcr` WHERE ( tcrid=2 ) LIMIT 1   [ RunTime:0.000258s ]
SQL: SELECT * FROM `tb_tcr` WHERE ( tcrid=2 ) LIMIT 1   [ RunTime:0.000255s ]
NOTIC: [2] Missing argument 1 for KZMBAction::setkzmb(), called in C:\wamp\www\xx\tcr\Lib\Action\IndexAction.class.php on line 29 and defined C:\wamp\www\xx\tcr\Lib\KZMB\KZMBAction.class.php 第 3 行.
SQL: SHOW COLUMNS FROM `tb_tcrbtn` [ RunTime:0.003766s ]
SQL: SELECT * FROM `tb_tcrbtn` WHERE ( f_tcrbtn_tcrid=2 AND tcrbtnnm='lft' ) LIMIT 1   [ RunTime:0.000343s ]
SQL: SELECT * FROM `tb_tcrbtn` WHERE ( f_tcrbtn_tcrid=2 AND tcrbtnnm='lft' ) LIMIT 1   [ RunTime:0.000315s ]
SQL: SELECT * FROM `tb_tcrbtn` WHERE ( f_tcrbtn_tcrid=2 AND tcrbtnnm='bs' ) LIMIT 1   [ RunTime:0.000341s ]
SQL: SELECT * FROM `tb_tcrbtn` WHERE ( f_tcrbtn_tcrid=2 AND tcrbtnnm='bs' ) LIMIT 1   [ RunTime:0.000277s ]
INFO: [ view_parse ] --START--
NOTIC: [8] Undefined variable: ntfstr C:\wamp\www\xx\tcr\Runtime\Cache\6f1d53a3c8454cf67e89dfe20c7b417a.php 第 61 行.
INFO: ParseTemplate Behavior ::run [ RunTime:0.109843s ]
INFO: [ view_parse ] --END-- [ RunTime:0.109984s ]
INFO: [ view_filter ] --START--
INFO: ContentReplace Behavior ::run [ RunTime:0.004927s ]
INFO: TokenBuild Behavior ::run [ RunTime:0.009133s ]
INFO: WriteHtmlCache Behavior ::run [ RunTime:0.000936s ]
INFO: ShowRuntime Behavior ::run [ RunTime:0.009951s ]
INFO: [ view_filter ] --END-- [ RunTime:0.025336s ]
INFO: [ view_end ] --START--
INFO: ShowPageTrace Behavior ::run [ RunTime:0.006840s ]
INFO: [ view_end ] --END-- [ RunTime:0.006967s ]

[ 2015-06-08T20:51:23+08:00 ] 127.0.0.1 /xx/tcr.php
INFO: [ app_begin ] --START--
INFO: ReadHtmlCache Behavior ::run [ RunTime:0.015432s ]
INFO: [ app_begin ] --END-- [ RunTime:0.015600s ]
SQL: SHOW COLUMNS FROM `tb_tcr` [ RunTime:0.024648s ]
SQL: SELECT * FROM `tb_tcr` WHERE ( tcrid=2 AND tcrps=1 ) LIMIT 1   [ RunTime:0.000501s ]
SQL: SELECT * FROM `tb_tcr` WHERE ( tcrid=2 ) LIMIT 1   [ RunTime:0.000370s ]
SQL: SELECT * FROM `tb_tcr` WHERE ( tcrid=2 ) LIMIT 1   [ RunTime:0.000367s ]
NOTIC: [2] Missing argument 1 for KZMBAction::setkzmb(), called in C:\wamp\www\xx\tcr\Lib\Action\IndexAction.class.php on line 29 and defined C:\wamp\www\xx\tcr\Lib\KZMB\KZMBAction.class.php 第 3 行.
SQL: SHOW COLUMNS FROM `tb_tcrbtn` [ RunTime:0.003734s ]
SQL: SELECT * FROM `tb_tcrbtn` WHERE ( f_tcrbtn_tcrid=2 AND tcrbtnnm='lft' ) LIMIT 1   [ RunTime:0.000378s ]
SQL: SELECT * FROM `tb_tcrbtn` WHERE ( f_tcrbtn_tcrid=2 AND tcrbtnnm='lft' ) LIMIT 1   [ RunTime:0.000340s ]
SQL: SELECT * FROM `tb_tcrbtn` WHERE ( f_tcrbtn_tcrid=2 AND tcrbtnnm='bs' ) LIMIT 1   [ RunTime:0.000364s ]
SQL: SELECT * FROM `tb_tcrbtn` WHERE ( f_tcrbtn_tcrid=2 AND tcrbtnnm='bs' ) LIMIT 1   [ RunTime:0.000310s ]
INFO: [ view_parse ] --START--
NOTIC: [8] Undefined variable: ntfstr C:\wamp\www\xx\tcr\Runtime\Cache\6f1d53a3c8454cf67e89dfe20c7b417a.php 第 61 行.
INFO: ParseTemplate Behavior ::run [ RunTime:0.081832s ]
INFO: [ view_parse ] --END-- [ RunTime:0.081972s ]
INFO: [ view_filter ] --START--
INFO: ContentReplace Behavior ::run [ RunTime:0.010501s ]
INFO: TokenBuild Behavior ::run [ RunTime:0.009025s ]
INFO: WriteHtmlCache Behavior ::run [ RunTime:0.000957s ]
INFO: ShowRuntime Behavior ::run [ RunTime:0.009990s ]
INFO: [ view_filter ] --END-- [ RunTime:0.030833s ]
INFO: [ view_end ] --START--
INFO: ShowPageTrace Behavior ::run [ RunTime:0.006884s ]
INFO: [ view_end ] --END-- [ RunTime:0.007019s ]

[ 2015-06-08T20:51:24+08:00 ] 127.0.0.1 /xx/tcr.php/Index/gtxpg/x/skxx
INFO: [ route_check ] --START--
INFO: CheckRoute Behavior ::run [ RunTime:0.014347s ]
INFO: [ route_check ] --END-- [ RunTime:0.014511s ]
INFO: [ app_begin ] --START--
INFO: ReadHtmlCache Behavior ::run [ RunTime:0.000993s ]
INFO: [ app_begin ] --END-- [ RunTime:0.001123s ]
ERR: 非法操作:gtxpg

[ 2015-06-08T20:51:30+08:00 ] 127.0.0.1 /xx/tcr.php/Index/gtxpg/x/skxx
INFO: [ route_check ] --START--
INFO: CheckRoute Behavior ::run [ RunTime:0.001121s ]
INFO: [ route_check ] --END-- [ RunTime:0.001267s ]
INFO: [ app_begin ] --START--
INFO: ReadHtmlCache Behavior ::run [ RunTime:0.000926s ]
INFO: [ app_begin ] --END-- [ RunTime:0.001053s ]
ERR: 非法操作:gtxpg

[ 2015-06-08T20:53:25+08:00 ] 127.0.0.1 /xx/tcr.php
INFO: [ app_begin ] --START--
INFO: ReadHtmlCache Behavior ::run [ RunTime:0.000997s ]
INFO: [ app_begin ] --END-- [ RunTime:0.001140s ]
SQL: SHOW COLUMNS FROM `tb_tcr` [ RunTime:0.003863s ]
SQL: SELECT * FROM `tb_tcr` WHERE ( tcrid=2 AND tcrps=1 ) LIMIT 1   [ RunTime:0.000488s ]
SQL: SELECT * FROM `tb_tcr` WHERE ( tcrid=2 ) LIMIT 1   [ RunTime:0.000369s ]
SQL: SELECT * FROM `tb_tcr` WHERE ( tcrid=2 ) LIMIT 1   [ RunTime:0.000316s ]
NOTIC: [2] Missing argument 1 for KZMBAction::setkzmb(), called in C:\wamp\www\xx\tcr\Lib\Action\IndexAction.class.php on line 29 and defined C:\wamp\www\xx\tcr\Lib\KZMB\KZMBAction.class.php 第 3 行.
SQL: SHOW COLUMNS FROM `tb_tcrbtn` [ RunTime:0.003561s ]
SQL: SELECT * FROM `tb_tcrbtn` WHERE ( f_tcrbtn_tcrid=2 AND tcrbtnnm='lft' ) LIMIT 1   [ RunTime:0.000388s ]
SQL: SELECT * FROM `tb_tcrbtn` WHERE ( f_tcrbtn_tcrid=2 AND tcrbtnnm='lft' ) LIMIT 1   [ RunTime:0.000304s ]
SQL: SELECT * FROM `tb_tcrbtn` WHERE ( f_tcrbtn_tcrid=2 AND tcrbtnnm='bs' ) LIMIT 1   [ RunTime:0.000266s ]
SQL: SELECT * FROM `tb_tcrbtn` WHERE ( f_tcrbtn_tcrid=2 AND tcrbtnnm='bs' ) LIMIT 1   [ RunTime:0.000264s ]
INFO: [ view_parse ] --START--
NOTIC: [8] Undefined variable: ntfstr C:\wamp\www\xx\tcr\Runtime\Cache\6f1d53a3c8454cf67e89dfe20c7b417a.php 第 61 行.
INFO: ParseTemplate Behavior ::run [ RunTime:0.013029s ]
INFO: [ view_parse ] --END-- [ RunTime:0.013171s ]
INFO: [ view_filter ] --START--
INFO: ContentReplace Behavior ::run [ RunTime:0.000838s ]
INFO: TokenBuild Behavior ::run [ RunTime:0.000808s ]
INFO: WriteHtmlCache Behavior ::run [ RunTime:0.001042s ]
INFO: ShowRuntime Behavior ::run [ RunTime:0.001455s ]
INFO: [ view_filter ] --END-- [ RunTime:0.004634s ]
INFO: [ view_end ] --START--
INFO: ShowPageTrace Behavior ::run [ RunTime:0.001131s ]
INFO: [ view_end ] --END-- [ RunTime:0.001289s ]

[ 2015-06-08T20:53:27+08:00 ] 127.0.0.1 /xx/tcr.php/Tcr/gtxpg/x/skxx
INFO: [ route_check ] --START--
INFO: CheckRoute Behavior ::run [ RunTime:0.001109s ]
INFO: [ route_check ] --END-- [ RunTime:0.001255s ]
INFO: [ app_begin ] --START--
INFO: ReadHtmlCache Behavior ::run [ RunTime:0.000922s ]
INFO: [ app_begin ] --END-- [ RunTime:0.001049s ]
SQL: SHOW COLUMNS FROM `tb_tcr` [ RunTime:0.015463s ]
SQL: SELECT * FROM `tb_tcr` WHERE ( tcrid=2 AND tcrps=1 ) LIMIT 1   [ RunTime:0.000501s ]
SQL: SELECT * FROM `tb_tcr` WHERE ( tcrid=2 ) LIMIT 1   [ RunTime:0.000401s ]
SQL: SHOW COLUMNS FROM `tb_md` [ RunTime:0.013911s ]
SQL: SELECT * FROM `tb_md` WHERE ( mdmk='Tcr' ) LIMIT 1   [ RunTime:0.000325s ]
SQL: SHOW COLUMNS FROM `tb_tcrbtn` [ RunTime:0.003561s ]
SQL: SELECT * FROM `tb_tcrbtn` WHERE ( f_tcrbtn_tcrid=2 AND tcrbtnnm='lft' ) LIMIT 1   [ RunTime:0.000400s ]
SQL: SELECT * FROM `tb_tcrbtn` WHERE ( f_tcrbtn_tcrid=2 AND tcrbtnnm='lft' ) LIMIT 1   [ RunTime:0.000360s ]
SQL: SELECT * FROM `tb_tcrbtn` WHERE ( f_tcrbtn_tcrid=2 AND tcrbtnnm='bs' ) LIMIT 1   [ RunTime:0.000364s ]
SQL: SELECT * FROM `tb_tcrbtn` WHERE ( f_tcrbtn_tcrid=2 AND tcrbtnnm='bs' ) LIMIT 1   [ RunTime:0.000322s ]

[ 2015-06-08T23:08:49+08:00 ] 127.0.0.1 /xx/tcr.php
INFO: [ app_begin ] --START--
INFO: ReadHtmlCache Behavior ::run [ RunTime:0.007274s ]
INFO: [ app_begin ] --END-- [ RunTime:0.007447s ]
SQL: SHOW COLUMNS FROM `tb_tcr` [ RunTime:0.035548s ]
SQL: SELECT * FROM `tb_tcr` WHERE ( tcrid=2 AND tcrps=1 ) LIMIT 1   [ RunTime:0.000495s ]
SQL: SELECT * FROM `tb_tcr` WHERE ( tcrid=2 ) LIMIT 1   [ RunTime:0.000350s ]
SQL: SELECT * FROM `tb_tcr` WHERE ( tcrid=2 ) LIMIT 1   [ RunTime:0.019799s ]
NOTIC: [2] Missing argument 1 for KZMBAction::setkzmb(), called in C:\wamp\www\xx\tcr\Lib\Action\IndexAction.class.php on line 29 and defined C:\wamp\www\xx\tcr\Lib\KZMB\KZMBAction.class.php 第 3 行.
SQL: SHOW COLUMNS FROM `tb_tcrbtn` [ RunTime:0.003828s ]
SQL: SELECT * FROM `tb_tcrbtn` WHERE ( f_tcrbtn_tcrid=2 AND tcrbtnnm='lft' ) LIMIT 1   [ RunTime:0.000325s ]
SQL: SELECT * FROM `tb_tcrbtn` WHERE ( f_tcrbtn_tcrid=2 AND tcrbtnnm='lft' ) LIMIT 1   [ RunTime:0.028415s ]
SQL: SELECT * FROM `tb_tcrbtn` WHERE ( f_tcrbtn_tcrid=2 AND tcrbtnnm='bs' ) LIMIT 1   [ RunTime:0.000328s ]
SQL: SELECT * FROM `tb_tcrbtn` WHERE ( f_tcrbtn_tcrid=2 AND tcrbtnnm='bs' ) LIMIT 1   [ RunTime:0.000303s ]
INFO: [ view_parse ] --START--
NOTIC: [8] Undefined variable: ntfstr C:\wamp\www\xx\tcr\Runtime\Cache\6f1d53a3c8454cf67e89dfe20c7b417a.php 第 61 行.
INFO: ParseTemplate Behavior ::run [ RunTime:0.103654s ]
INFO: [ view_parse ] --END-- [ RunTime:0.103817s ]
INFO: [ view_filter ] --START--
INFO: ContentReplace Behavior ::run [ RunTime:0.012445s ]
INFO: TokenBuild Behavior ::run [ RunTime:0.009063s ]
INFO: WriteHtmlCache Behavior ::run [ RunTime:0.000961s ]
INFO: ShowRuntime Behavior ::run [ RunTime:0.009937s ]
INFO: [ view_filter ] --END-- [ RunTime:0.032789s ]
INFO: [ view_end ] --START--
INFO: ShowPageTrace Behavior ::run [ RunTime:0.006974s ]
INFO: [ view_end ] --END-- [ RunTime:0.007107s ]

[ 2015-06-08T23:08:51+08:00 ] 127.0.0.1 /xx/tcr.php/Tcr/gtxpg/x/skxx
INFO: [ route_check ] --START--
INFO: CheckRoute Behavior ::run [ RunTime:0.053957s ]
INFO: [ route_check ] --END-- [ RunTime:0.054178s ]
INFO: [ app_begin ] --START--
INFO: ReadHtmlCache Behavior ::run [ RunTime:0.001107s ]
INFO: [ app_begin ] --END-- [ RunTime:0.001284s ]
SQL: SHOW COLUMNS FROM `tb_tcr` [ RunTime:0.004223s ]
SQL: SELECT * FROM `tb_tcr` WHERE ( tcrid=2 AND tcrps=1 ) LIMIT 1   [ RunTime:0.036646s ]
SQL: SELECT * FROM `tb_tcr` WHERE ( tcrid=2 ) LIMIT 1   [ RunTime:0.000403s ]
SQL: SHOW COLUMNS FROM `tb_md` [ RunTime:0.008303s ]
SQL: SELECT * FROM `tb_md` WHERE ( mdmk='Tcr' ) LIMIT 1   [ RunTime:0.000379s ]
SQL: SHOW COLUMNS FROM `tb_tcrbtn` [ RunTime:0.003910s ]
SQL: SELECT * FROM `tb_tcrbtn` WHERE ( f_tcrbtn_tcrid=2 AND tcrbtnnm='lft' ) LIMIT 1   [ RunTime:0.000370s ]
SQL: SELECT * FROM `tb_tcrbtn` WHERE ( f_tcrbtn_tcrid=2 AND tcrbtnnm='lft' ) LIMIT 1   [ RunTime:0.005146s ]
SQL: SELECT * FROM `tb_tcrbtn` WHERE ( f_tcrbtn_tcrid=2 AND tcrbtnnm='bs' ) LIMIT 1   [ RunTime:0.000282s ]
SQL: SELECT * FROM `tb_tcrbtn` WHERE ( f_tcrbtn_tcrid=2 AND tcrbtnnm='bs' ) LIMIT 1   [ RunTime:0.000275s ]
SQL: SELECT * FROM `tb_tcr` WHERE ( tcrid=2 ) LIMIT 1   [ RunTime:0.000311s ]
SQL: SHOW COLUMNS FROM `tb_xq` [ RunTime:0.024237s ]
SQL: SELECT * FROM `tb_xq` WHERE ( xqdq=1 ) LIMIT 1   [ RunTime:0.021105s ]
SQL: SHOW COLUMNS FROM `tb_grd` [ RunTime:0.043289s ]
SQL: SELECT * FROM `tb_grd` ORDER BY grdnm DESC  [ RunTime:0.040205s ]
SQL: SHOW COLUMNS FROM `tb_2015_cjzx` [ RunTime:0.092266s ]
ERR: 1146:Table 'db_xx.tb_2015_cjzx' doesn't exist
 [ SQL语句 ] : SHOW COLUMNS FROM `tb_2015_cjzx`
SQL: SHOW COLUMNS FROM `tb_2015_pk` [ RunTime:0.003326s ]
ERR: 1146:Table 'db_xx.tb_2015_pk' doesn't exist
 [ SQL语句 ] : SHOW COLUMNS FROM `tb_2015_pk`

