[ 2015-09-05T08:09:16+08:00 ] 101.226.65.104 /xx/tcr.php
INFO: [ app_begin ] --START--
INFO: ReadHtmlCache Behavior ::run [ RunTime:0.004824s ]
INFO: [ app_begin ] --END-- [ RunTime:0.005070s ]
INFO: [ view_parse ] --START--
INFO: ParseTemplate Behavior ::run [ RunTime:0.059609s ]
INFO: [ view_parse ] --END-- [ RunTime:0.059774s ]
INFO: [ view_filter ] --START--
INFO: ContentReplace Behavior ::run [ RunTime:0.004793s ]
INFO: TokenBuild Behavior ::run [ RunTime:0.005077s ]
INFO: WriteHtmlCache Behavior ::run [ RunTime:0.008745s ]
INFO: ShowRuntime Behavior ::run [ RunTime:0.009263s ]
INFO: [ view_filter ] --END-- [ RunTime:0.028244s ]
INFO: [ view_end ] --START--
INFO: ShowPageTrace Behavior ::run [ RunTime:0.009207s ]
INFO: [ view_end ] --END-- [ RunTime:0.009325s ]

[ 2015-09-05T08:09:16+08:00 ] 10.50.10.204 /xx/tcr.php
INFO: [ app_begin ] --START--
INFO: ReadHtmlCache Behavior ::run [ RunTime:0.008888s ]
INFO: [ app_begin ] --END-- [ RunTime:0.009055s ]
INFO: [ view_parse ] --START--
INFO: ParseTemplate Behavior ::run [ RunTime:0.073270s ]
INFO: [ view_parse ] --END-- [ RunTime:0.073447s ]
INFO: [ view_filter ] --START--
INFO: ContentReplace Behavior ::run [ RunTime:0.009273s ]
INFO: TokenBuild Behavior ::run [ RunTime:0.009358s ]
INFO: WriteHtmlCache Behavior ::run [ RunTime:0.007905s ]
INFO: ShowRuntime Behavior ::run [ RunTime:0.008971s ]
INFO: [ view_filter ] --END-- [ RunTime:0.035863s ]
INFO: [ view_end ] --START--
INFO: ShowPageTrace Behavior ::run [ RunTime:0.008351s ]
INFO: [ view_end ] --END-- [ RunTime:0.008492s ]

[ 2015-09-05T08:09:37+08:00 ] 10.50.10.204 /xx/tcr.php/Tcr/loginin
INFO: [ route_check ] --START--
INFO: CheckRoute Behavior ::run [ RunTime:0.004914s ]
INFO: [ route_check ] --END-- [ RunTime:0.005074s ]
INFO: [ app_begin ] --START--
INFO: ReadHtmlCache Behavior ::run [ RunTime:0.004418s ]
INFO: [ app_begin ] --END-- [ RunTime:0.004541s ]
SQL: SHOW COLUMNS FROM `tb_tcr` [ RunTime:0.003433s ]
SQL: SELECT * FROM `tb_tcr` WHERE ( tcrnm='zhuying' ) LIMIT 1   [ RunTime:0.000684s ]
SQL: SELECT * FROM `tb_tcr` WHERE ( tcrnm='zhuying' AND tcrpw='1bbd886460827015e5d605ed44252251' ) LIMIT 1   [ RunTime:0.000354s ]
SQL: SELECT * FROM `tb_tcr` WHERE ( tcrnm='zhuying' AND tcrpw='1bbd886460827015e5d605ed44252251' ) LIMIT 1   [ RunTime:0.000136s ]

[ 2015-09-05T08:09:37+08:00 ] 10.50.10.204 /xx/tcr.php
INFO: [ app_begin ] --START--
INFO: ReadHtmlCache Behavior ::run [ RunTime:0.001681s ]
INFO: [ app_begin ] --END-- [ RunTime:0.001842s ]
SQL: SHOW COLUMNS FROM `tb_tcr` [ RunTime:0.002947s ]
SQL: SELECT * FROM `tb_tcr` WHERE ( tcrid=28 ) LIMIT 1   [ RunTime:0.000429s ]
SQL: SELECT * FROM `tb_tcr` WHERE ( tcrid=28 ) LIMIT 1   [ RunTime:0.000142s ]
NOTIC: [2] Missing argument 1 for KZMBAction::setkzmb(), called in D:\Program Files\Apache Software Foundation\Apache2.2\htdocs\xx\tcr\Lib\Action\IndexAction.class.php on line 29 and defined D:\Program Files\Apache Software Foundation\Apache2.2\htdocs\xx\tcr\Lib\KZMB\KZMBAction.class.php 第 3 行.
SQL: SHOW COLUMNS FROM `tb_tcrbtn` [ RunTime:0.003238s ]
SQL: SELECT * FROM `tb_tcrbtn` WHERE ( f_tcrbtn_tcrid=28 AND tcrbtnnm='lft' ) LIMIT 1   [ RunTime:0.000366s ]
SQL: SELECT * FROM `tb_tcrbtn` WHERE ( f_tcrbtn_tcrid=28 AND tcrbtnnm='bs' ) LIMIT 1   [ RunTime:0.000237s ]
SQL: SHOW COLUMNS FROM `tb_atc` [ RunTime:0.003347s ]
SQL: SELECT * FROM `tb_atc` WHERE ( atcid=21 )  [ RunTime:0.000718s ]
INFO: [ view_parse ] --START--
NOTIC: [8] Undefined variable: ntfstr D:\Program Files\Apache Software Foundation\Apache2.2\htdocs\xx\tcr\Runtime\Cache\6f1d53a3c8454cf67e89dfe20c7b417a.php 第 61 行.
INFO: ParseTemplate Behavior ::run [ RunTime:0.054017s ]
INFO: [ view_parse ] --END-- [ RunTime:0.054163s ]
INFO: [ view_filter ] --START--
INFO: ContentReplace Behavior ::run [ RunTime:0.004164s ]
INFO: TokenBuild Behavior ::run [ RunTime:0.004090s ]
INFO: WriteHtmlCache Behavior ::run [ RunTime:0.007571s ]
INFO: ShowRuntime Behavior ::run [ RunTime:0.007439s ]
INFO: [ view_filter ] --END-- [ RunTime:0.023585s ]
INFO: [ view_end ] --START--
INFO: ShowPageTrace Behavior ::run [ RunTime:0.013485s ]
INFO: [ view_end ] --END-- [ RunTime:0.013634s ]

[ 2015-09-05T08:09:45+08:00 ] 180.153.214.152 /xx/tcr.php/Bkcjzx/gtxpg/x/skxx
INFO: [ route_check ] --START--
INFO: CheckRoute Behavior ::run [ RunTime:0.005745s ]
INFO: [ route_check ] --END-- [ RunTime:0.005920s ]
INFO: [ app_begin ] --START--
INFO: ReadHtmlCache Behavior ::run [ RunTime:0.006021s ]
INFO: [ app_begin ] --END-- [ RunTime:0.006172s ]
SQL: SHOW COLUMNS FROM `tb_tcr` [ RunTime:0.004414s ]
SQL: SELECT * FROM `tb_tcr` WHERE ( tcrid= ) LIMIT 1   [ RunTime:0.001195s ]
ERR: 1064:You have an error in your SQL syntax; check the manual that corresponds to your MySQL server version for the right syntax to use near ') LIMIT 1' at line 1
 [ SQL语句 ] : SELECT * FROM `tb_tcr` WHERE ( tcrid= ) LIMIT 1  
NOTIC: [8] Undefined variable: mdo D:\Program Files\Apache Software Foundation\Apache2.2\htdocs\xx\tcr\Lib\Action\BkcjzxAction.class.php 第 31 行.
SQL: SHOW COLUMNS FROM `tb_tcrbtn` [ RunTime:0.003191s ]
SQL: SELECT * FROM `tb_tcrbtn` WHERE ( f_tcrbtn_tcrid= AND tcrbtnnm='lft' ) LIMIT 1   [ RunTime:0.000178s ]
ERR: 1064:You have an error in your SQL syntax; check the manual that corresponds to your MySQL server version for the right syntax to use near 'AND tcrbtnnm='lft' ) LIMIT 1' at line 1
 [ SQL语句 ] : SELECT * FROM `tb_tcrbtn` WHERE ( f_tcrbtn_tcrid= AND tcrbtnnm='lft' ) LIMIT 1  
SQL: SELECT * FROM `tb_tcrbtn` WHERE ( f_tcrbtn_tcrid= AND tcrbtnnm='bs' ) LIMIT 1   [ RunTime:0.000160s ]
ERR: 1064:You have an error in your SQL syntax; check the manual that corresponds to your MySQL server version for the right syntax to use near 'AND tcrbtnnm='bs' ) LIMIT 1' at line 1
 [ SQL语句 ] : SELECT * FROM `tb_tcrbtn` WHERE ( f_tcrbtn_tcrid= AND tcrbtnnm='bs' ) LIMIT 1  
SQL: SELECT * FROM `tb_tcr` WHERE ( tcrid= ) LIMIT 1   [ RunTime:0.000156s ]
ERR: 1064:You have an error in your SQL syntax; check the manual that corresponds to your MySQL server version for the right syntax to use near ') LIMIT 1' at line 1
 [ SQL语句 ] : SELECT * FROM `tb_tcr` WHERE ( tcrid= ) LIMIT 1  
SQL: SHOW COLUMNS FROM `tb_xq` [ RunTime:0.004494s ]
SQL: SELECT * FROM `tb_xq` WHERE ( xqdq=1 ) LIMIT 1   [ RunTime:0.000186s ]
SQL: SHOW COLUMNS FROM `tb_grd` [ RunTime:0.003401s ]
SQL: SELECT * FROM `tb_grd` ORDER BY grdnm DESC  [ RunTime:0.000163s ]
SQL: SHOW COLUMNS FROM `tb_2015_pk` [ RunTime:0.002877s ]
ERR: 1146:Table 'db_xx.tb_2015_pk' doesn't exist
 [ SQL语句 ] : SHOW COLUMNS FROM `tb_2015_pk`
SQL: SELECT * FROM `tb_2015_pk` LEFT JOIN tb_2015_kc ON f_pk_kcid=kcid WHERE ( f_pk_grdid=4 AND f_pk_sttid= AND f_pk_xqid=2 AND f_pk_tcrid= )  [ RunTime:0.000192s ]
ERR: 1064:You have an error in your SQL syntax; check the manual that corresponds to your MySQL server version for the right syntax to use near 'AND f_pk_xqid=2 AND f_pk_tcrid= )' at line 1
 [ SQL语句 ] : SELECT * FROM `tb_2015_pk` LEFT JOIN tb_2015_kc ON f_pk_kcid=kcid WHERE ( f_pk_grdid=4 AND f_pk_sttid= AND f_pk_xqid=2 AND f_pk_tcrid= ) 
SQL: SHOW COLUMNS FROM `tb_2014_pk` [ RunTime:0.004274s ]
SQL: SELECT * FROM `tb_2014_pk` LEFT JOIN tb_2014_kc ON f_pk_kcid=kcid WHERE ( f_pk_grdid=3 AND f_pk_sttid= AND f_pk_xqid=2 AND f_pk_tcrid= )  [ RunTime:0.001054s ]
ERR: 1064:You have an error in your SQL syntax; check the manual that corresponds to your MySQL server version for the right syntax to use near 'AND f_pk_xqid=2 AND f_pk_tcrid= )' at line 1
 [ SQL语句 ] : SELECT * FROM `tb_2014_pk` LEFT JOIN tb_2014_kc ON f_pk_kcid=kcid WHERE ( f_pk_grdid=3 AND f_pk_sttid= AND f_pk_xqid=2 AND f_pk_tcrid= ) 
SQL: SHOW COLUMNS FROM `tb_2013_pk` [ RunTime:0.003985s ]
SQL: SELECT * FROM `tb_2013_pk` LEFT JOIN tb_2013_kc ON f_pk_kcid=kcid WHERE ( f_pk_grdid=2 AND f_pk_sttid= AND f_pk_xqid=2 AND f_pk_tcrid= )  [ RunTime:0.000192s ]
ERR: 1064:You have an error in your SQL syntax; check the manual that corresponds to your MySQL server version for the right syntax to use near 'AND f_pk_xqid=2 AND f_pk_tcrid= )' at line 1
 [ SQL语句 ] : SELECT * FROM `tb_2013_pk` LEFT JOIN tb_2013_kc ON f_pk_kcid=kcid WHERE ( f_pk_grdid=2 AND f_pk_sttid= AND f_pk_xqid=2 AND f_pk_tcrid= ) 
SQL: SHOW COLUMNS FROM `tb_2012_pk` [ RunTime:0.002917s ]
ERR: 1146:Table 'db_xx.tb_2012_pk' doesn't exist
 [ SQL语句 ] : SHOW COLUMNS FROM `tb_2012_pk`
SQL: SELECT * FROM `tb_2012_pk` LEFT JOIN tb_2012_kc ON f_pk_kcid=kcid WHERE ( f_pk_grdid=1 AND f_pk_sttid= AND f_pk_xqid=2 AND f_pk_tcrid= )  [ RunTime:0.000188s ]
ERR: 1064:You have an error in your SQL syntax; check the manual that corresponds to your MySQL server version for the right syntax to use near 'AND f_pk_xqid=2 AND f_pk_tcrid= )' at line 1
 [ SQL语句 ] : SELECT * FROM `tb_2012_pk` LEFT JOIN tb_2012_kc ON f_pk_kcid=kcid WHERE ( f_pk_grdid=1 AND f_pk_sttid= AND f_pk_xqid=2 AND f_pk_tcrid= ) 
INFO: [ view_parse ] --START--
INFO: ParseTemplate Behavior ::run [ RunTime:0.067338s ]
INFO: [ view_parse ] --END-- [ RunTime:0.067495s ]
INFO: [ view_filter ] --START--
INFO: ContentReplace Behavior ::run [ RunTime:0.004437s ]
INFO: TokenBuild Behavior ::run [ RunTime:0.004123s ]
INFO: WriteHtmlCache Behavior ::run [ RunTime:0.005068s ]
INFO: ShowRuntime Behavior ::run [ RunTime:0.008132s ]
INFO: [ view_filter ] --END-- [ RunTime:0.022115s ]
INFO: [ view_end ] --START--
INFO: ShowPageTrace Behavior ::run [ RunTime:0.016249s ]
INFO: [ view_end ] --END-- [ RunTime:0.016442s ]

[ 2015-09-05T08:09:45+08:00 ] 10.50.10.204 /xx/tcr.php/Bkcjzx/gtxpg/x/skxx
INFO: [ route_check ] --START--
INFO: CheckRoute Behavior ::run [ RunTime:0.002017s ]
INFO: [ route_check ] --END-- [ RunTime:0.002340s ]
INFO: [ app_begin ] --START--
INFO: ReadHtmlCache Behavior ::run [ RunTime:0.001152s ]
INFO: [ app_begin ] --END-- [ RunTime:0.001276s ]
SQL: SHOW COLUMNS FROM `tb_tcr` [ RunTime:0.003112s ]
SQL: SELECT * FROM `tb_tcr` WHERE ( tcrid=28 ) LIMIT 1   [ RunTime:0.001204s ]
NOTIC: [8] Undefined variable: mdo D:\Program Files\Apache Software Foundation\Apache2.2\htdocs\xx\tcr\Lib\Action\BkcjzxAction.class.php 第 31 行.
SQL: SHOW COLUMNS FROM `tb_tcrbtn` [ RunTime:0.002930s ]
SQL: SELECT * FROM `tb_tcrbtn` WHERE ( f_tcrbtn_tcrid=28 AND tcrbtnnm='lft' ) LIMIT 1   [ RunTime:0.001241s ]
SQL: SELECT * FROM `tb_tcrbtn` WHERE ( f_tcrbtn_tcrid=28 AND tcrbtnnm='bs' ) LIMIT 1   [ RunTime:0.000181s ]
SQL: SELECT * FROM `tb_tcr` WHERE ( tcrid=28 ) LIMIT 1   [ RunTime:0.000185s ]
SQL: SHOW COLUMNS FROM `tb_xq` [ RunTime:0.002796s ]
SQL: SELECT * FROM `tb_xq` WHERE ( xqdq=1 ) LIMIT 1   [ RunTime:0.001396s ]
SQL: SHOW COLUMNS FROM `tb_grd` [ RunTime:0.002297s ]
SQL: SELECT * FROM `tb_grd` ORDER BY grdnm DESC  [ RunTime:0.001124s ]
SQL: SHOW COLUMNS FROM `tb_2015_pk` [ RunTime:0.003438s ]
ERR: 1146:Table 'db_xx.tb_2015_pk' doesn't exist
 [ SQL语句 ] : SHOW COLUMNS FROM `tb_2015_pk`
SQL: SELECT * FROM `tb_2015_pk` LEFT JOIN tb_2015_kc ON f_pk_kcid=kcid WHERE ( f_pk_grdid=4 AND f_pk_sttid=1 AND f_pk_xqid=2 AND f_pk_tcrid=28 )  [ RunTime:0.000778s ]
ERR: 1146:Table 'db_xx.tb_2015_pk' doesn't exist
 [ SQL语句 ] : SELECT * FROM `tb_2015_pk` LEFT JOIN tb_2015_kc ON f_pk_kcid=kcid WHERE ( f_pk_grdid=4 AND f_pk_sttid=1 AND f_pk_xqid=2 AND f_pk_tcrid=28 ) 
SQL: SHOW COLUMNS FROM `tb_2014_pk` [ RunTime:0.003070s ]
SQL: SELECT * FROM `tb_2014_pk` LEFT JOIN tb_2014_kc ON f_pk_kcid=kcid WHERE ( f_pk_grdid=3 AND f_pk_sttid=1 AND f_pk_xqid=2 AND f_pk_tcrid=28 )  [ RunTime:0.001247s ]
SQL: SHOW COLUMNS FROM `tb_2014_cjzx` [ RunTime:0.003014s ]
SQL: SELECT DISTINCT  `clsid`,`clsnm`,`cjzxsftj` FROM `tb_2014_cjzx` LEFT JOIN tb_2014_std ON f_cjzx_stdid=stdid inner join tb_2014_stdxqcls ON stdid=f_stdxqcls_stdid inner join tb_2014_stdxqmj ON stdid=f_stdxqmj_stdid LEFT JOIN tb_2014_pk ON f_cjzx_pkid=pkid LEFT JOIN tb_stt ON f_cjzx_sttid=sttid LEFT JOIN tb_grd ON f_cjzx_grdid=grdid LEFT JOIN tb_2014_kc ON f_pk_kcid=kcid LEFT JOIN tb_tcr ON f_pk_tcrid=tcrid LEFT JOIN tb_xq ON f_cjzx_xqid=xqid LEFT JOIN tb_2014_mj ON f_stdxqmj_mjid=mjid LEFT JOIN tb_bxxs ON f_mj_bxxsid=bxxsid LEFT JOIN tb_cc ON f_mj_ccid=ccid LEFT JOIN tb_kl ON f_mj_klid=klid LEFT JOIN tb_xxxs ON f_mj_xxxsid=xxxsid LEFT JOIN tb_zsfw ON f_mj_zsfwid=zsfwid LEFT JOIN tb_xz ON f_mj_xzid=xzid LEFT JOIN tb_2014_cls ON f_stdxqcls_clsid=clsid LEFT JOIN tb_sex ON f_std_sexid=sexid LEFT JOIN tb_rc ON f_std_rcid=rcid LEFT JOIN tb_zzmm ON f_std_zzmmid=zzmmid LEFT JOIN tb_xl ON f_std_xlid=xlid LEFT JOIN tb_stat ON f_std_statid=statid WHERE ( f_stdxqcls_xqid=2 AND f_stdxqmj_xqid=2 AND f_cjzx_pkid=45 AND f_std_statid=5 )  [ RunTime:0.141751s ]
SQL: SELECT COUNT(*) AS tp_count FROM `tb_2014_cjzx` inner join tb_2014_stdxqcls ON f_cjzx_stdid=f_stdxqcls_stdid WHERE ( f_cjzx_sttid=1 AND f_cjzx_xqid=2 AND f_stdxqcls_xqid=2 AND f_cjzx_pkid=45 AND f_stdxqcls_clsid=3 AND (cjzxhk=1 OR(cjzxzf>30 AND cjzxzf<60)) ) LIMIT 1   [ RunTime:0.001527s ]
SQL: SELECT COUNT(*) AS tp_count FROM `tb_2014_cjzx` inner join tb_2014_stdxqcls ON f_cjzx_stdid=f_stdxqcls_stdid WHERE ( f_cjzx_sttid=1 AND f_cjzx_xqid=2 AND f_stdxqcls_xqid=2 AND f_cjzx_pkid=45 AND f_stdxqcls_clsid=3 AND (cjzxhk=1 OR(cjzxzf>30 AND cjzxzf<60)) AND (cjzxbkf='' OR cjzxbkf IS NULL) ) LIMIT 1   [ RunTime:0.006415s ]
SQL: SELECT COUNT(*) AS tp_count FROM `tb_2014_cjzx` inner join tb_2014_stdxqcls ON f_cjzx_stdid=f_stdxqcls_stdid WHERE ( f_cjzx_sttid=1 AND f_cjzx_xqid=2 AND f_stdxqcls_xqid=2 AND f_cjzx_pkid=45 AND f_stdxqcls_clsid=6 AND (cjzxhk=1 OR(cjzxzf>30 AND cjzxzf<60)) ) LIMIT 1   [ RunTime:0.000202s ]
SQL: SELECT COUNT(*) AS tp_count FROM `tb_2014_cjzx` inner join tb_2014_stdxqcls ON f_cjzx_stdid=f_stdxqcls_stdid WHERE ( f_cjzx_sttid=1 AND f_cjzx_xqid=2 AND f_stdxqcls_xqid=2 AND f_cjzx_pkid=45 AND f_stdxqcls_clsid=6 AND (cjzxhk=1 OR(cjzxzf>30 AND cjzxzf<60)) AND (cjzxbkf='' OR cjzxbkf IS NULL) ) LIMIT 1   [ RunTime:0.006005s ]
SQL: SELECT COUNT(*) AS tp_count FROM `tb_2014_cjzx` inner join tb_2014_stdxqcls ON f_cjzx_stdid=f_stdxqcls_stdid WHERE ( f_cjzx_sttid=1 AND f_cjzx_xqid=2 AND f_stdxqcls_xqid=2 AND f_cjzx_pkid=45 AND f_stdxqcls_clsid=7 AND (cjzxhk=1 OR(cjzxzf>30 AND cjzxzf<60)) ) LIMIT 1   [ RunTime:0.000197s ]
SQL: SELECT COUNT(*) AS tp_count FROM `tb_2014_cjzx` inner join tb_2014_stdxqcls ON f_cjzx_stdid=f_stdxqcls_stdid WHERE ( f_cjzx_sttid=1 AND f_cjzx_xqid=2 AND f_stdxqcls_xqid=2 AND f_cjzx_pkid=45 AND f_stdxqcls_clsid=7 AND (cjzxhk=1 OR(cjzxzf>30 AND cjzxzf<60)) AND (cjzxbkf='' OR cjzxbkf IS NULL) ) LIMIT 1   [ RunTime:0.006121s ]
SQL: SHOW COLUMNS FROM `tb_2013_pk` [ RunTime:0.002872s ]
SQL: SELECT * FROM `tb_2013_pk` LEFT JOIN tb_2013_kc ON f_pk_kcid=kcid WHERE ( f_pk_grdid=2 AND f_pk_sttid=1 AND f_pk_xqid=2 AND f_pk_tcrid=28 )  [ RunTime:0.001941s ]
SQL: SHOW COLUMNS FROM `tb_2012_pk` [ RunTime:0.003099s ]
ERR: 1146:Table 'db_xx.tb_2012_pk' doesn't exist
 [ SQL语句 ] : SHOW COLUMNS FROM `tb_2012_pk`
SQL: SELECT * FROM `tb_2012_pk` LEFT JOIN tb_2012_kc ON f_pk_kcid=kcid WHERE ( f_pk_grdid=1 AND f_pk_sttid=1 AND f_pk_xqid=2 AND f_pk_tcrid=28 )  [ RunTime:0.000644s ]
ERR: 1146:Table 'db_xx.tb_2012_pk' doesn't exist
 [ SQL语句 ] : SELECT * FROM `tb_2012_pk` LEFT JOIN tb_2012_kc ON f_pk_kcid=kcid WHERE ( f_pk_grdid=1 AND f_pk_sttid=1 AND f_pk_xqid=2 AND f_pk_tcrid=28 ) 
INFO: [ view_parse ] --START--
NOTIC: [8] Undefined variable: ntfstr D:\Program Files\Apache Software Foundation\Apache2.2\htdocs\xx\tcr\Runtime\Cache\702cd0cbe7884771c0589013ab66f688.php 第 61 行.
INFO: ParseTemplate Behavior ::run [ RunTime:0.062438s ]
INFO: [ view_parse ] --END-- [ RunTime:0.062654s ]
INFO: [ view_filter ] --START--
INFO: ContentReplace Behavior ::run [ RunTime:0.000929s ]
INFO: TokenBuild Behavior ::run [ RunTime:0.000838s ]
INFO: WriteHtmlCache Behavior ::run [ RunTime:0.007172s ]
INFO: ShowRuntime Behavior ::run [ RunTime:0.007693s ]
INFO: [ view_filter ] --END-- [ RunTime:0.016952s ]
INFO: [ view_end ] --START--
INFO: ShowPageTrace Behavior ::run [ RunTime:0.007731s ]
INFO: [ view_end ] --END-- [ RunTime:0.007848s ]

[ 2015-09-05T08:09:52+08:00 ] 10.50.10.204 /xx/tcr.php/Bkcjzx/query/grdid/3/sttid/1/clsid/3/pkid/45
INFO: [ route_check ] --START--
INFO: CheckRoute Behavior ::run [ RunTime:0.001647s ]
INFO: [ route_check ] --END-- [ RunTime:0.001801s ]
INFO: [ app_begin ] --START--
INFO: ReadHtmlCache Behavior ::run [ RunTime:0.001125s ]
INFO: [ app_begin ] --END-- [ RunTime:0.001246s ]
SQL: SHOW COLUMNS FROM `tb_tcr` [ RunTime:0.002825s ]
SQL: SELECT * FROM `tb_tcr` WHERE ( tcrid=28 ) LIMIT 1   [ RunTime:0.000279s ]
NOTIC: [8] Undefined variable: mdo D:\Program Files\Apache Software Foundation\Apache2.2\htdocs\xx\tcr\Lib\Action\BkcjzxAction.class.php 第 273 行.
SQL: SHOW COLUMNS FROM `tb_tcrbtn` [ RunTime:0.002327s ]
SQL: SELECT * FROM `tb_tcrbtn` WHERE ( f_tcrbtn_tcrid=28 AND tcrbtnnm='lft' ) LIMIT 1   [ RunTime:0.000584s ]
SQL: SELECT * FROM `tb_tcrbtn` WHERE ( f_tcrbtn_tcrid=28 AND tcrbtnnm='bs' ) LIMIT 1   [ RunTime:0.000132s ]
NOTIC: [8] Undefined index:  cdt D:\Program Files\Apache Software Foundation\Apache2.2\htdocs\xx\tcr\Lib\Action\BkcjzxAction.class.php 第 291 行.
SQL: SHOW COLUMNS FROM `tb_grd` [ RunTime:0.002000s ]
SQL: SELECT * FROM `tb_grd` WHERE ( grdid=3 ) LIMIT 1   [ RunTime:0.000625s ]
SQL: SHOW COLUMNS FROM `tb_2014_cjzx` [ RunTime:0.002523s ]
SQL: SHOW COLUMNS FROM `tb_xq` [ RunTime:0.002463s ]
SQL: SELECT * FROM `tb_xq` WHERE ( xqdq=1 ) LIMIT 1   [ RunTime:0.001303s ]
SQL: SHOW COLUMNS FROM `tb_2014_sttintxq` [ RunTime:0.002864s ]
SQL: SELECT * FROM `tb_2014_sttintxq` WHERE ( f_sttintxq_grdid=3 AND f_sttintxq_sttid=1 ) LIMIT 1   [ RunTime:0.001123s ]
NOTIC: [2] Missing argument 8 for NBAction::NB(), called in D:\Program Files\Apache Software Foundation\Apache2.2\htdocs\xx\tcr\Lib\Action\BkcjzxAction.class.php on line 322 and defined D:\Program Files\Apache Software Foundation\Apache2.2\htdocs\xx\tcr\Lib\NB\NBAction.class.php 第 46 行.
NOTIC: [2] Missing argument 9 for NBAction::NB(), called in D:\Program Files\Apache Software Foundation\Apache2.2\htdocs\xx\tcr\Lib\Action\BkcjzxAction.class.php on line 322 and defined D:\Program Files\Apache Software Foundation\Apache2.2\htdocs\xx\tcr\Lib\NB\NBAction.class.php 第 46 行.
NOTIC: [8] Undefined index:  NBsqlstc D:\Program Files\Apache Software Foundation\Apache2.2\htdocs\xx\tcr\Lib\NB\NBAction.class.php 第 49 行.
NOTIC: [8] Undefined index:  NBsqlstc D:\Program Files\Apache Software Foundation\Apache2.2\htdocs\xx\tcr\Lib\NB\NBAction.class.php 第 49 行.
NOTIC: [8] Undefined variable: tkpg D:\Program Files\Apache Software Foundation\Apache2.2\htdocs\xx\tcr\Lib\NB\NBAction.class.php 第 140 行.
NOTIC: [8] Undefined index:  fld D:\Program Files\Apache Software Foundation\Apache2.2\htdocs\xx\tcr\Lib\NB\NBAction.class.php 第 141 行.
NOTIC: [8] Undefined index:  fld D:\Program Files\Apache Software Foundation\Apache2.2\htdocs\xx\tcr\Lib\NB\NBAction.class.php 第 143 行.
NOTIC: [8] Undefined index:  cdt D:\Program Files\Apache Software Foundation\Apache2.2\htdocs\xx\tcr\Lib\NB\NBAction.class.php 第 146 行.
NOTIC: [8] Undefined index:  cdt D:\Program Files\Apache Software Foundation\Apache2.2\htdocs\xx\tcr\Lib\NB\NBAction.class.php 第 148 行.
NOTIC: [8] Undefined index:  spccdt D:\Program Files\Apache Software Foundation\Apache2.2\htdocs\xx\tcr\Lib\NB\NBAction.class.php 第 151 行.
NOTIC: [8] Undefined index:  spccdt D:\Program Files\Apache Software Foundation\Apache2.2\htdocs\xx\tcr\Lib\NB\NBAction.class.php 第 153 行.
NOTIC: [8] Undefined index:  odr D:\Program Files\Apache Software Foundation\Apache2.2\htdocs\xx\tcr\Lib\NB\NBAction.class.php 第 156 行.
NOTIC: [8] Undefined index:  odr D:\Program Files\Apache Software Foundation\Apache2.2\htdocs\xx\tcr\Lib\NB\NBAction.class.php 第 158 行.
NOTIC: [8] Undefined index:  lmt D:\Program Files\Apache Software Foundation\Apache2.2\htdocs\xx\tcr\Lib\NB\NBAction.class.php 第 161 行.
NOTIC: [8] Undefined index:  lmt D:\Program Files\Apache Software Foundation\Apache2.2\htdocs\xx\tcr\Lib\NB\NBAction.class.php 第 163 行.
NOTIC: [8] Undefined variable: odrpcd D:\Program Files\Apache Software Foundation\Apache2.2\htdocs\xx\tcr\Lib\NB\NBAction.class.php 第 35 行.
NOTIC: [8] Undefined variable: lsyon D:\Program Files\Apache Software Foundation\Apache2.2\htdocs\xx\tcr\Lib\NB\NBAction.class.php 第 187 行.
SQL: SELECT COUNT(*) AS tp_count FROM `tb_2014_cjzx` LEFT JOIN tb_2014_std ON f_cjzx_stdid=stdid inner join tb_2014_stdxqcls ON stdid=f_stdxqcls_stdid inner join tb_2014_stdxqmj ON stdid=f_stdxqmj_stdid LEFT JOIN tb_2014_pk ON f_cjzx_pkid=pkid LEFT JOIN tb_stt ON f_cjzx_sttid=sttid LEFT JOIN tb_grd ON f_cjzx_grdid=grdid LEFT JOIN tb_2014_kc ON f_pk_kcid=kcid LEFT JOIN tb_tcr ON f_pk_tcrid=tcrid LEFT JOIN tb_xq ON f_cjzx_xqid=xqid LEFT JOIN tb_2014_mj ON f_stdxqmj_mjid=mjid LEFT JOIN tb_bxxs ON f_mj_bxxsid=bxxsid LEFT JOIN tb_cc ON f_mj_ccid=ccid LEFT JOIN tb_kl ON f_mj_klid=klid LEFT JOIN tb_xxxs ON f_mj_xxxsid=xxxsid LEFT JOIN tb_zsfw ON f_mj_zsfwid=zsfwid LEFT JOIN tb_xz ON f_mj_xzid=xzid LEFT JOIN tb_2014_cls ON f_stdxqcls_clsid=clsid LEFT JOIN tb_sex ON f_std_sexid=sexid LEFT JOIN tb_rc ON f_std_rcid=rcid LEFT JOIN tb_zzmm ON f_std_zzmmid=zzmmid LEFT JOIN tb_xl ON f_std_xlid=xlid LEFT JOIN tb_stat ON f_std_statid=statid WHERE ( 1=1 AND f_cjzx_grdid=3 AND f_cjzx_sttid=1 AND f_cjzx_xqid=2 AND f_pk_grdid=3 AND f_pk_sttid=1 AND f_pk_xqid=2 AND f_std_grdid=3 AND f_std_sttid=1 AND f_std_statid=5 AND f_stdxqcls_xqid=2 AND f_stdxqmj_xqid=2 AND f_stdxqcls_clsid=3 AND f_cjzx_pkid=45 AND (cjzxhk=1 OR (cjzxzf>30 AND cjzxzf<60)) ) ORDER BY f_mj_bxxsid ASC,clsid ASC,mjid ASC,stdno ASC LIMIT 1   [ RunTime:0.017552s ]
NOTIC: [8] Undefined variable: sqlstc D:\Program Files\Apache Software Foundation\Apache2.2\htdocs\xx\tcr\Lib\NB\NBAction.class.php 第 209 行.
SQL: SELECT `cjzxid`,`f_cjzx_grdid`,`stdno`,`stdnm`,`sexnm`,`cjzxzf`,`cjzxqmf`,`cjzxpsf`,`cjzxxtf`,`cjzxbkf`,`cjzxsftj`,`cjzxxk`,`cjzxqk` FROM `tb_2014_cjzx` LEFT JOIN tb_2014_std ON f_cjzx_stdid=stdid inner join tb_2014_stdxqcls ON stdid=f_stdxqcls_stdid inner join tb_2014_stdxqmj ON stdid=f_stdxqmj_stdid LEFT JOIN tb_2014_pk ON f_cjzx_pkid=pkid LEFT JOIN tb_stt ON f_cjzx_sttid=sttid LEFT JOIN tb_grd ON f_cjzx_grdid=grdid LEFT JOIN tb_2014_kc ON f_pk_kcid=kcid LEFT JOIN tb_tcr ON f_pk_tcrid=tcrid LEFT JOIN tb_xq ON f_cjzx_xqid=xqid LEFT JOIN tb_2014_mj ON f_stdxqmj_mjid=mjid LEFT JOIN tb_bxxs ON f_mj_bxxsid=bxxsid LEFT JOIN tb_cc ON f_mj_ccid=ccid LEFT JOIN tb_kl ON f_mj_klid=klid LEFT JOIN tb_xxxs ON f_mj_xxxsid=xxxsid LEFT JOIN tb_zsfw ON f_mj_zsfwid=zsfwid LEFT JOIN tb_xz ON f_mj_xzid=xzid LEFT JOIN tb_2014_cls ON f_stdxqcls_clsid=clsid LEFT JOIN tb_sex ON f_std_sexid=sexid LEFT JOIN tb_rc ON f_std_rcid=rcid LEFT JOIN tb_zzmm ON f_std_zzmmid=zzmmid LEFT JOIN tb_xl ON f_std_xlid=xlid LEFT JOIN tb_stat ON f_std_statid=statid WHERE ( 1=1 AND f_cjzx_grdid=3 AND f_cjzx_sttid=1 AND f_cjzx_xqid=2 AND f_pk_grdid=3 AND f_pk_sttid=1 AND f_pk_xqid=2 AND f_std_grdid=3 AND f_std_sttid=1 AND f_std_statid=5 AND f_stdxqcls_xqid=2 AND f_stdxqmj_xqid=2 AND f_stdxqcls_clsid=3 AND f_cjzx_pkid=45 AND (cjzxhk=1 OR (cjzxzf>30 AND cjzxzf<60)) ) ORDER BY f_mj_bxxsid ASC,clsid ASC,mjid ASC,stdno ASC LIMIT 0,100   [ RunTime:0.020981s ]
NOTIC: [8] Undefined variable: sqlstc D:\Program Files\Apache Software Foundation\Apache2.2\htdocs\xx\tcr\Lib\NB\NBAction.class.php 第 267 行.
NOTIC: [8] Undefined variable: mlsforcount D:\Program Files\Apache Software Foundation\Apache2.2\htdocs\xx\tcr\Lib\NB\NBAction.class.php 第 276 行.
SQL: SHOW COLUMNS FROM `tb_2014_pk` [ RunTime:0.003915s ]
SQL: SELECT * FROM `tb_2014_pk` LEFT JOIN tb_2014_kc ON f_pk_kcid=kcid LEFT JOIN tb_tcr ON f_pk_tcrid=tcrid WHERE ( pkid=45 ) LIMIT 1   [ RunTime:0.001212s ]
SQL: SELECT COUNT(*) AS tp_count FROM `tb_2014_cjzx` inner join tb_2014_stdxqcls ON f_cjzx_stdid=f_stdxqcls_stdid WHERE ( f_cjzx_sttid=1 AND f_cjzx_xqid=2 AND f_stdxqcls_xqid=2 AND f_cjzx_pkid=45 AND f_stdxqcls_clsid=3 AND (cjzxhk=1 OR(cjzxzf>30 AND cjzxzf<60)) AND (cjzxbkf='' OR cjzxbkf IS NULL) ) LIMIT 1   [ RunTime:0.000159s ]
SQL: SELECT * FROM `tb_grd` WHERE ( grdid=3 ) LIMIT 1   [ RunTime:0.000150s ]
SQL: SELECT * FROM `tb_grd` ORDER BY grdnm DESC  [ RunTime:0.000146s ]
SQL: SHOW COLUMNS FROM `tb_stt` [ RunTime:0.002878s ]
SQL: SELECT * FROM `tb_stt` WHERE ( sttid=1 )  [ RunTime:0.000507s ]
SQL: SELECT * FROM `tb_grd` WHERE ( grdid=3 ) LIMIT 1   [ RunTime:0.000221s ]
SQL: SELECT * FROM `tb_2014_sttintxq` WHERE ( f_sttintxq_sttid=1 ) LIMIT 1   [ RunTime:0.000144s ]
SQL: SELECT * FROM `tb_xq` WHERE ( xqid>=1 ) ORDER BY xqid DESC LIMIT 0,10   [ RunTime:0.000137s ]
SQL: SHOW COLUMNS FROM `tb_2014_cls` [ RunTime:0.002874s ]
SQL: SELECT * FROM `tb_2014_cls` LEFT JOIN tb_stt ON f_cls_sttid=sttid WHERE ( 1=1 AND f_cls_sttid=1 AND f_cls_grdid=3 AND clsactvt=1 ) ORDER BY clsnm ASC  [ RunTime:0.001993s ]
SQL: SHOW COLUMNS FROM `tb_2014_stdxqcls` [ RunTime:0.002352s ]
SQL: SELECT * FROM `tb_2014_stdxqcls` LEFT JOIN tb_2014_std ON f_stdxqcls_stdid=stdid LEFT JOIN tb_2014_cls ON f_stdxqcls_clsid=clsid WHERE ( f_stdxqcls_xqid=2 AND f_stdxqcls_clsid=3 AND f_std_statid=5 ) LIMIT 1   [ RunTime:0.001323s ]
SQL: SELECT * FROM `tb_2014_cjzx` LEFT JOIN tb_2014_pk ON f_cjzx_pkid=pkid LEFT JOIN tb_2014_kc ON f_pk_kcid=kcid LEFT JOIN tb_tcr ON f_pk_tcrid=tcrid WHERE ( f_cjzx_sttid=1 AND f_cjzx_xqid=2 AND f_cjzx_stdid=17 )  [ RunTime:0.006872s ]
SQL: SELECT * FROM `tb_2014_cls` WHERE ( clsid=3 ) LIMIT 1   [ RunTime:0.000255s ]
INFO: [ view_parse ] --START--
NOTIC: [8] Undefined variable: ntfstr D:\Program Files\Apache Software Foundation\Apache2.2\htdocs\xx\tcr\Runtime\Cache\e3c37b8fd418a9729ac896ff8df78d00.php 第 75 行.
NOTIC: [8] Undefined variable: spadm D:\Program Files\Apache Software Foundation\Apache2.2\htdocs\xx\tcr\Runtime\Cache\e3c37b8fd418a9729ac896ff8df78d00.php 第 203 行.
INFO: ParseTemplate Behavior ::run [ RunTime:0.096491s ]
INFO: [ view_parse ] --END-- [ RunTime:0.096631s ]
INFO: [ view_filter ] --START--
INFO: ContentReplace Behavior ::run [ RunTime:0.001164s ]
INFO: TokenBuild Behavior ::run [ RunTime:0.000880s ]
INFO: WriteHtmlCache Behavior ::run [ RunTime:0.007314s ]
INFO: ShowRuntime Behavior ::run [ RunTime:0.009295s ]
INFO: [ view_filter ] --END-- [ RunTime:0.019010s ]
INFO: [ view_end ] --START--
INFO: ShowPageTrace Behavior ::run [ RunTime:0.084032s ]
INFO: [ view_end ] --END-- [ RunTime:0.084209s ]

[ 2015-09-05T08:09:52+08:00 ] 101.226.33.216 /xx/tcr.php/Bkcjzx/query/grdid/3/sttid/1/clsid/3/pkid/45
INFO: [ route_check ] --START--
INFO: CheckRoute Behavior ::run [ RunTime:0.001653s ]
INFO: [ route_check ] --END-- [ RunTime:0.001806s ]
INFO: [ app_begin ] --START--
INFO: ReadHtmlCache Behavior ::run [ RunTime:0.003004s ]
INFO: [ app_begin ] --END-- [ RunTime:0.003140s ]
SQL: SHOW COLUMNS FROM `tb_tcr` [ RunTime:0.002879s ]
SQL: SELECT * FROM `tb_tcr` WHERE ( tcrid= ) LIMIT 1   [ RunTime:0.000371s ]
ERR: 1064:You have an error in your SQL syntax; check the manual that corresponds to your MySQL server version for the right syntax to use near ') LIMIT 1' at line 1
 [ SQL语句 ] : SELECT * FROM `tb_tcr` WHERE ( tcrid= ) LIMIT 1  
NOTIC: [8] Undefined variable: mdo D:\Program Files\Apache Software Foundation\Apache2.2\htdocs\xx\tcr\Lib\Action\BkcjzxAction.class.php 第 273 行.
SQL: SHOW COLUMNS FROM `tb_tcrbtn` [ RunTime:0.002489s ]
SQL: SELECT * FROM `tb_tcrbtn` WHERE ( f_tcrbtn_tcrid= AND tcrbtnnm='lft' ) LIMIT 1   [ RunTime:0.000572s ]
ERR: 1064:You have an error in your SQL syntax; check the manual that corresponds to your MySQL server version for the right syntax to use near 'AND tcrbtnnm='lft' ) LIMIT 1' at line 1
 [ SQL语句 ] : SELECT * FROM `tb_tcrbtn` WHERE ( f_tcrbtn_tcrid= AND tcrbtnnm='lft' ) LIMIT 1  
SQL: SELECT * FROM `tb_tcrbtn` WHERE ( f_tcrbtn_tcrid= AND tcrbtnnm='bs' ) LIMIT 1   [ RunTime:0.000146s ]
ERR: 1064:You have an error in your SQL syntax; check the manual that corresponds to your MySQL server version for the right syntax to use near 'AND tcrbtnnm='bs' ) LIMIT 1' at line 1
 [ SQL语句 ] : SELECT * FROM `tb_tcrbtn` WHERE ( f_tcrbtn_tcrid= AND tcrbtnnm='bs' ) LIMIT 1  
NOTIC: [8] Undefined index:  cdt D:\Program Files\Apache Software Foundation\Apache2.2\htdocs\xx\tcr\Lib\Action\BkcjzxAction.class.php 第 291 行.
SQL: SHOW COLUMNS FROM `tb_grd` [ RunTime:0.002104s ]
SQL: SELECT * FROM `tb_grd` WHERE ( grdid=3 ) LIMIT 1   [ RunTime:0.000593s ]
SQL: SHOW COLUMNS FROM `tb_2014_cjzx` [ RunTime:0.002779s ]
SQL: SHOW COLUMNS FROM `tb_xq` [ RunTime:0.002474s ]
SQL: SELECT * FROM `tb_xq` WHERE ( xqdq=1 ) LIMIT 1   [ RunTime:0.000551s ]
SQL: SHOW COLUMNS FROM `tb_2014_sttintxq` [ RunTime:0.002241s ]
SQL: SELECT * FROM `tb_2014_sttintxq` WHERE ( f_sttintxq_grdid=3 AND f_sttintxq_sttid=1 ) LIMIT 1   [ RunTime:0.000585s ]
NOTIC: [2] Missing argument 8 for NBAction::NB(), called in D:\Program Files\Apache Software Foundation\Apache2.2\htdocs\xx\tcr\Lib\Action\BkcjzxAction.class.php on line 322 and defined D:\Program Files\Apache Software Foundation\Apache2.2\htdocs\xx\tcr\Lib\NB\NBAction.class.php 第 46 行.
NOTIC: [2] Missing argument 9 for NBAction::NB(), called in D:\Program Files\Apache Software Foundation\Apache2.2\htdocs\xx\tcr\Lib\Action\BkcjzxAction.class.php on line 322 and defined D:\Program Files\Apache Software Foundation\Apache2.2\htdocs\xx\tcr\Lib\NB\NBAction.class.php 第 46 行.
NOTIC: [8] Undefined index:  NBsqlstc D:\Program Files\Apache Software Foundation\Apache2.2\htdocs\xx\tcr\Lib\NB\NBAction.class.php 第 49 行.
NOTIC: [8] Undefined index:  NBsqlstc D:\Program Files\Apache Software Foundation\Apache2.2\htdocs\xx\tcr\Lib\NB\NBAction.class.php 第 49 行.
NOTIC: [8] Undefined variable: tkpg D:\Program Files\Apache Software Foundation\Apache2.2\htdocs\xx\tcr\Lib\NB\NBAction.class.php 第 140 行.
NOTIC: [8] Undefined index:  fld D:\Program Files\Apache Software Foundation\Apache2.2\htdocs\xx\tcr\Lib\NB\NBAction.class.php 第 141 行.
NOTIC: [8] Undefined index:  fld D:\Program Files\Apache Software Foundation\Apache2.2\htdocs\xx\tcr\Lib\NB\NBAction.class.php 第 143 行.
NOTIC: [8] Undefined index:  cdt D:\Program Files\Apache Software Foundation\Apache2.2\htdocs\xx\tcr\Lib\NB\NBAction.class.php 第 146 行.
NOTIC: [8] Undefined index:  cdt D:\Program Files\Apache Software Foundation\Apache2.2\htdocs\xx\tcr\Lib\NB\NBAction.class.php 第 148 行.
NOTIC: [8] Undefined index:  spccdt D:\Program Files\Apache Software Foundation\Apache2.2\htdocs\xx\tcr\Lib\NB\NBAction.class.php 第 151 行.
NOTIC: [8] Undefined index:  spccdt D:\Program Files\Apache Software Foundation\Apache2.2\htdocs\xx\tcr\Lib\NB\NBAction.class.php 第 153 行.
NOTIC: [8] Undefined index:  odr D:\Program Files\Apache Software Foundation\Apache2.2\htdocs\xx\tcr\Lib\NB\NBAction.class.php 第 156 行.
NOTIC: [8] Undefined index:  odr D:\Program Files\Apache Software Foundation\Apache2.2\htdocs\xx\tcr\Lib\NB\NBAction.class.php 第 158 行.
NOTIC: [8] Undefined index:  lmt D:\Program Files\Apache Software Foundation\Apache2.2\htdocs\xx\tcr\Lib\NB\NBAction.class.php 第 161 行.
NOTIC: [8] Undefined index:  lmt D:\Program Files\Apache Software Foundation\Apache2.2\htdocs\xx\tcr\Lib\NB\NBAction.class.php 第 163 行.
NOTIC: [8] Undefined variable: odrpcd D:\Program Files\Apache Software Foundation\Apache2.2\htdocs\xx\tcr\Lib\NB\NBAction.class.php 第 35 行.
NOTIC: [8] Undefined variable: lsyon D:\Program Files\Apache Software Foundation\Apache2.2\htdocs\xx\tcr\Lib\NB\NBAction.class.php 第 187 行.
SQL: SELECT COUNT(*) AS tp_count FROM `tb_2014_cjzx` LEFT JOIN tb_2014_std ON f_cjzx_stdid=stdid inner join tb_2014_stdxqcls ON stdid=f_stdxqcls_stdid inner join tb_2014_stdxqmj ON stdid=f_stdxqmj_stdid LEFT JOIN tb_2014_pk ON f_cjzx_pkid=pkid LEFT JOIN tb_stt ON f_cjzx_sttid=sttid LEFT JOIN tb_grd ON f_cjzx_grdid=grdid LEFT JOIN tb_2014_kc ON f_pk_kcid=kcid LEFT JOIN tb_tcr ON f_pk_tcrid=tcrid LEFT JOIN tb_xq ON f_cjzx_xqid=xqid LEFT JOIN tb_2014_mj ON f_stdxqmj_mjid=mjid LEFT JOIN tb_bxxs ON f_mj_bxxsid=bxxsid LEFT JOIN tb_cc ON f_mj_ccid=ccid LEFT JOIN tb_kl ON f_mj_klid=klid LEFT JOIN tb_xxxs ON f_mj_xxxsid=xxxsid LEFT JOIN tb_zsfw ON f_mj_zsfwid=zsfwid LEFT JOIN tb_xz ON f_mj_xzid=xzid LEFT JOIN tb_2014_cls ON f_stdxqcls_clsid=clsid LEFT JOIN tb_sex ON f_std_sexid=sexid LEFT JOIN tb_rc ON f_std_rcid=rcid LEFT JOIN tb_zzmm ON f_std_zzmmid=zzmmid LEFT JOIN tb_xl ON f_std_xlid=xlid LEFT JOIN tb_stat ON f_std_statid=statid WHERE ( 1=1 AND f_cjzx_grdid=3 AND f_cjzx_sttid=1 AND f_cjzx_xqid=2 AND f_pk_grdid=3 AND f_pk_sttid=1 AND f_pk_xqid=2 AND f_std_grdid=3 AND f_std_sttid=1 AND f_std_statid=5 AND f_stdxqcls_xqid=2 AND f_stdxqmj_xqid=2 AND f_stdxqcls_clsid=3 AND f_cjzx_pkid=45 AND (cjzxhk=1 OR (cjzxzf>30 AND cjzxzf<60)) ) ORDER BY f_mj_bxxsid ASC,clsid ASC,mjid ASC,stdno ASC LIMIT 1   [ RunTime:0.000289s ]
NOTIC: [8] Undefined variable: sqlstc D:\Program Files\Apache Software Foundation\Apache2.2\htdocs\xx\tcr\Lib\NB\NBAction.class.php 第 209 行.
SQL: SELECT `cjzxid`,`f_cjzx_grdid`,`stdno`,`stdnm`,`sexnm`,`cjzxzf`,`cjzxqmf`,`cjzxpsf`,`cjzxxtf`,`cjzxbkf`,`cjzxsftj`,`cjzxxk`,`cjzxqk` FROM `tb_2014_cjzx` LEFT JOIN tb_2014_std ON f_cjzx_stdid=stdid inner join tb_2014_stdxqcls ON stdid=f_stdxqcls_stdid inner join tb_2014_stdxqmj ON stdid=f_stdxqmj_stdid LEFT JOIN tb_2014_pk ON f_cjzx_pkid=pkid LEFT JOIN tb_stt ON f_cjzx_sttid=sttid LEFT JOIN tb_grd ON f_cjzx_grdid=grdid LEFT JOIN tb_2014_kc ON f_pk_kcid=kcid LEFT JOIN tb_tcr ON f_pk_tcrid=tcrid LEFT JOIN tb_xq ON f_cjzx_xqid=xqid LEFT JOIN tb_2014_mj ON f_stdxqmj_mjid=mjid LEFT JOIN tb_bxxs ON f_mj_bxxsid=bxxsid LEFT JOIN tb_cc ON f_mj_ccid=ccid LEFT JOIN tb_kl ON f_mj_klid=klid LEFT JOIN tb_xxxs ON f_mj_xxxsid=xxxsid LEFT JOIN tb_zsfw ON f_mj_zsfwid=zsfwid LEFT JOIN tb_xz ON f_mj_xzid=xzid LEFT JOIN tb_2014_cls ON f_stdxqcls_clsid=clsid LEFT JOIN tb_sex ON f_std_sexid=sexid LEFT JOIN tb_rc ON f_std_rcid=rcid LEFT JOIN tb_zzmm ON f_std_zzmmid=zzmmid LEFT JOIN tb_xl ON f_std_xlid=xlid LEFT JOIN tb_stat ON f_std_statid=statid WHERE ( 1=1 AND f_cjzx_grdid=3 AND f_cjzx_sttid=1 AND f_cjzx_xqid=2 AND f_pk_grdid=3 AND f_pk_sttid=1 AND f_pk_xqid=2 AND f_std_grdid=3 AND f_std_sttid=1 AND f_std_statid=5 AND f_stdxqcls_xqid=2 AND f_stdxqmj_xqid=2 AND f_stdxqcls_clsid=3 AND f_cjzx_pkid=45 AND (cjzxhk=1 OR (cjzxzf>30 AND cjzxzf<60)) ) ORDER BY f_mj_bxxsid ASC,clsid ASC,mjid ASC,stdno ASC LIMIT 0,100   [ RunTime:0.000190s ]
NOTIC: [8] Undefined variable: sqlstc D:\Program Files\Apache Software Foundation\Apache2.2\htdocs\xx\tcr\Lib\NB\NBAction.class.php 第 267 行.
NOTIC: [8] Undefined variable: mlsforcount D:\Program Files\Apache Software Foundation\Apache2.2\htdocs\xx\tcr\Lib\NB\NBAction.class.php 第 276 行.
SQL: SHOW COLUMNS FROM `tb_2014_pk` [ RunTime:0.004080s ]
SQL: SELECT * FROM `tb_2014_pk` LEFT JOIN tb_2014_kc ON f_pk_kcid=kcid LEFT JOIN tb_tcr ON f_pk_tcrid=tcrid WHERE ( pkid=45 ) LIMIT 1   [ RunTime:0.001159s ]
SQL: SELECT COUNT(*) AS tp_count FROM `tb_2014_cjzx` inner join tb_2014_stdxqcls ON f_cjzx_stdid=f_stdxqcls_stdid WHERE ( f_cjzx_sttid=1 AND f_cjzx_xqid=2 AND f_stdxqcls_xqid=2 AND f_cjzx_pkid=45 AND f_stdxqcls_clsid=3 AND (cjzxhk=1 OR(cjzxzf>30 AND cjzxzf<60)) AND (cjzxbkf='' OR cjzxbkf IS NULL) ) LIMIT 1   [ RunTime:0.000140s ]
SQL: SELECT * FROM `tb_grd` WHERE ( grdid=3 ) LIMIT 1   [ RunTime:0.000134s ]
SQL: SELECT * FROM `tb_grd` ORDER BY grdnm DESC  [ RunTime:0.000137s ]
SQL: SHOW COLUMNS FROM `tb_stt` [ RunTime:0.002560s ]
SQL: SELECT * FROM `tb_stt` WHERE ( sttid=1 )  [ RunTime:0.000509s ]
SQL: SELECT * FROM `tb_grd` WHERE ( grdid=3 ) LIMIT 1   [ RunTime:0.000263s ]
SQL: SELECT * FROM `tb_2014_sttintxq` WHERE ( f_sttintxq_sttid=1 ) LIMIT 1   [ RunTime:0.001762s ]
SQL: SELECT * FROM `tb_xq` WHERE ( xqid>=1 ) ORDER BY xqid DESC LIMIT 0,10   [ RunTime:0.000128s ]
SQL: SHOW COLUMNS FROM `tb_2014_cls` [ RunTime:0.002520s ]
SQL: SELECT * FROM `tb_2014_cls` LEFT JOIN tb_stt ON f_cls_sttid=sttid WHERE ( 1=1 AND f_cls_sttid=1 AND f_cls_grdid=3 AND clsactvt=1 ) ORDER BY clsnm ASC  [ RunTime:0.000488s ]
SQL: SHOW COLUMNS FROM `tb_2014_stdxqcls` [ RunTime:0.002157s ]
SQL: SELECT * FROM `tb_2014_stdxqcls` LEFT JOIN tb_2014_std ON f_stdxqcls_stdid=stdid LEFT JOIN tb_2014_cls ON f_stdxqcls_clsid=clsid WHERE ( f_stdxqcls_xqid=2 AND f_stdxqcls_clsid=3 AND f_std_statid=5 ) LIMIT 1   [ RunTime:0.000633s ]
SQL: SELECT * FROM `tb_2014_cjzx` LEFT JOIN tb_2014_pk ON f_cjzx_pkid=pkid LEFT JOIN tb_2014_kc ON f_pk_kcid=kcid LEFT JOIN tb_tcr ON f_pk_tcrid=tcrid WHERE ( f_cjzx_sttid=1 AND f_cjzx_xqid=2 AND f_cjzx_stdid=17 )  [ RunTime:0.000208s ]
SQL: SELECT * FROM `tb_2014_cls` WHERE ( clsid=3 ) LIMIT 1   [ RunTime:0.000301s ]
INFO: [ view_parse ] --START--
NOTIC: [8] Undefined variable: spadm D:\Program Files\Apache Software Foundation\Apache2.2\htdocs\xx\tcr\Runtime\Cache\e3c37b8fd418a9729ac896ff8df78d00.php 第 203 行.
INFO: ParseTemplate Behavior ::run [ RunTime:0.177527s ]
INFO: [ view_parse ] --END-- [ RunTime:0.177681s ]
INFO: [ view_filter ] --START--
INFO: ContentReplace Behavior ::run [ RunTime:0.001155s ]
INFO: TokenBuild Behavior ::run [ RunTime:0.000875s ]
INFO: WriteHtmlCache Behavior ::run [ RunTime:0.002296s ]
INFO: ShowRuntime Behavior ::run [ RunTime:0.013211s ]
INFO: [ view_filter ] --END-- [ RunTime:0.017882s ]
INFO: [ view_end ] --START--
INFO: ShowPageTrace Behavior ::run [ RunTime:0.009716s ]
INFO: [ view_end ] --END-- [ RunTime:0.009860s ]

