[ 2015-06-29T10:41:04+08:00 ] 127.0.0.1 /xx/tcr.php
INFO: [ app_begin ] --START--
INFO: ReadHtmlCache Behavior ::run [ RunTime:0.000936s ]
INFO: [ app_begin ] --END-- [ RunTime:0.001083s ]
INFO: [ view_parse ] --START--
INFO: ParseTemplate Behavior ::run [ RunTime:0.038540s ]
INFO: [ view_parse ] --END-- [ RunTime:0.038695s ]
INFO: [ view_filter ] --START--
INFO: ContentReplace Behavior ::run [ RunTime:0.000823s ]
INFO: TokenBuild Behavior ::run [ RunTime:0.000784s ]
INFO: WriteHtmlCache Behavior ::run [ RunTime:0.000669s ]
INFO: ShowRuntime Behavior ::run [ RunTime:0.000951s ]
INFO: [ view_filter ] --END-- [ RunTime:0.003573s ]
INFO: [ view_end ] --START--
INFO: ShowPageTrace Behavior ::run [ RunTime:0.001505s ]
INFO: [ view_end ] --END-- [ RunTime:0.001655s ]

[ 2015-06-29T10:41:11+08:00 ] 127.0.0.1 /xx/tcr.php/Tcr/loginin
INFO: [ route_check ] --START--
INFO: CheckRoute Behavior ::run [ RunTime:0.001579s ]
INFO: [ route_check ] --END-- [ RunTime:0.001797s ]
INFO: [ app_begin ] --START--
INFO: ReadHtmlCache Behavior ::run [ RunTime:0.000992s ]
INFO: [ app_begin ] --END-- [ RunTime:0.001113s ]
SQL: SHOW COLUMNS FROM `tb_tcr` [ RunTime:0.003886s ]
SQL: SELECT * FROM `tb_tcr` WHERE ( tcrnm='linguozhi' ) LIMIT 1   [ RunTime:0.000449s ]
SQL: SELECT * FROM `tb_tcr` WHERE ( tcrnm='linguozhi' AND tcrpw='1bbd886460827015e5d605ed44252251' ) LIMIT 1   [ RunTime:0.000422s ]
SQL: SELECT * FROM `tb_tcr` WHERE ( tcrnm='linguozhi' AND tcrpw='1bbd886460827015e5d605ed44252251' ) LIMIT 1   [ RunTime:0.000448s ]

[ 2015-06-29T10:41:11+08:00 ] 127.0.0.1 /xx/tcr.php
INFO: [ app_begin ] --START--
INFO: ReadHtmlCache Behavior ::run [ RunTime:0.001401s ]
INFO: [ app_begin ] --END-- [ RunTime:0.001638s ]
SQL: SHOW COLUMNS FROM `tb_tcr` [ RunTime:0.003759s ]
SQL: SELECT * FROM `tb_tcr` WHERE ( tcrid=21 ) LIMIT 1   [ RunTime:0.000344s ]
SQL: SELECT * FROM `tb_tcr` WHERE ( tcrid=21 ) LIMIT 1   [ RunTime:0.000222s ]
NOTIC: [2] Missing argument 1 for KZMBAction::setkzmb(), called in C:\wamp\www\xx\tcr\Lib\Action\IndexAction.class.php on line 29 and defined C:\wamp\www\xx\tcr\Lib\KZMB\KZMBAction.class.php 第 3 行.
SQL: SHOW COLUMNS FROM `tb_tcrbtn` [ RunTime:0.003884s ]
SQL: SELECT * FROM `tb_tcrbtn` WHERE ( f_tcrbtn_tcrid=21 AND tcrbtnnm='lft' ) LIMIT 1   [ RunTime:0.000400s ]
SQL: SELECT * FROM `tb_tcrbtn` WHERE ( f_tcrbtn_tcrid=21 AND tcrbtnnm='bs' ) LIMIT 1   [ RunTime:0.000352s ]
SQL: SHOW COLUMNS FROM `tb_atc` [ RunTime:0.004042s ]
SQL: SELECT * FROM `tb_atc` WHERE ( atcid=21 )  [ RunTime:0.000417s ]
INFO: [ view_parse ] --START--
NOTIC: [8] Undefined variable: ntfstr C:\wamp\www\xx\tcr\Runtime\Cache\6f1d53a3c8454cf67e89dfe20c7b417a.php 第 61 行.
INFO: ParseTemplate Behavior ::run [ RunTime:0.028645s ]
INFO: [ view_parse ] --END-- [ RunTime:0.028785s ]
INFO: [ view_filter ] --START--
INFO: ContentReplace Behavior ::run [ RunTime:0.000831s ]
INFO: TokenBuild Behavior ::run [ RunTime:0.000776s ]
INFO: WriteHtmlCache Behavior ::run [ RunTime:0.000621s ]
INFO: ShowRuntime Behavior ::run [ RunTime:0.000874s ]
INFO: [ view_filter ] --END-- [ RunTime:0.003441s ]
INFO: [ view_end ] --START--
INFO: ShowPageTrace Behavior ::run [ RunTime:0.000952s ]
INFO: [ view_end ] --END-- [ RunTime:0.001074s ]

[ 2015-06-29T10:41:13+08:00 ] 127.0.0.1 /xx/tcr.php/Cjzx/gtxpg/x/skxx
INFO: [ route_check ] --START--
INFO: CheckRoute Behavior ::run [ RunTime:0.001106s ]
INFO: [ route_check ] --END-- [ RunTime:0.001260s ]
INFO: [ app_begin ] --START--
INFO: ReadHtmlCache Behavior ::run [ RunTime:0.001611s ]
INFO: [ app_begin ] --END-- [ RunTime:0.001808s ]
SQL: SHOW COLUMNS FROM `tb_tcr` [ RunTime:0.004645s ]
SQL: SELECT * FROM `tb_tcr` WHERE ( tcrid=21 ) LIMIT 1   [ RunTime:0.000389s ]
NOTIC: [8] Undefined variable: mdo C:\wamp\www\xx\tcr\Lib\Action\CjzxAction.class.php 第 31 行.
SQL: SHOW COLUMNS FROM `tb_tcrbtn` [ RunTime:0.003642s ]
SQL: SELECT * FROM `tb_tcrbtn` WHERE ( f_tcrbtn_tcrid=21 AND tcrbtnnm='lft' ) LIMIT 1   [ RunTime:0.000343s ]
SQL: SELECT * FROM `tb_tcrbtn` WHERE ( f_tcrbtn_tcrid=21 AND tcrbtnnm='bs' ) LIMIT 1   [ RunTime:0.000267s ]
SQL: SELECT * FROM `tb_tcr` WHERE ( tcrid=21 ) LIMIT 1   [ RunTime:0.000391s ]
SQL: SHOW COLUMNS FROM `tb_xq` [ RunTime:0.004262s ]
SQL: SELECT * FROM `tb_xq` WHERE ( xqdq=1 ) LIMIT 1   [ RunTime:0.000356s ]
SQL: SHOW COLUMNS FROM `tb_grd` [ RunTime:0.004438s ]
SQL: SELECT * FROM `tb_grd` ORDER BY grdnm DESC  [ RunTime:0.000337s ]
SQL: SHOW COLUMNS FROM `tb_2015_cjzx` [ RunTime:0.017780s ]
ERR: 1146:Table 'db_xx.tb_2015_cjzx' doesn't exist
 [ SQL语句 ] : SHOW COLUMNS FROM `tb_2015_cjzx`
SQL: SHOW COLUMNS FROM `tb_2015_pk` [ RunTime:0.003074s ]
ERR: 1146:Table 'db_xx.tb_2015_pk' doesn't exist
 [ SQL语句 ] : SHOW COLUMNS FROM `tb_2015_pk`
SQL: SELECT * FROM `tb_2015_pk` LEFT JOIN tb_2015_kc ON f_pk_kcid=kcid WHERE ( f_pk_grdid=4 AND f_pk_sttid=1 AND f_pk_xqid=2 AND f_pk_tcrid=21 )  [ RunTime:0.000344s ]
ERR: 1146:Table 'db_xx.tb_2015_pk' doesn't exist
 [ SQL语句 ] : SELECT * FROM `tb_2015_pk` LEFT JOIN tb_2015_kc ON f_pk_kcid=kcid WHERE ( f_pk_grdid=4 AND f_pk_sttid=1 AND f_pk_xqid=2 AND f_pk_tcrid=21 ) 
NOTIC: [2] Invalid argument supplied for foreach() C:\wamp\www\xx\tcr\Lib\Action\CjzxAction.class.php 第 203 行.
SQL: SHOW COLUMNS FROM `tb_2014_cjzx` [ RunTime:0.003846s ]
SQL: SHOW COLUMNS FROM `tb_2014_pk` [ RunTime:0.003558s ]
SQL: SELECT * FROM `tb_2014_pk` LEFT JOIN tb_2014_kc ON f_pk_kcid=kcid WHERE ( f_pk_grdid=3 AND f_pk_sttid=1 AND f_pk_xqid=2 AND f_pk_tcrid=21 )  [ RunTime:0.000520s ]
SQL: SELECT DISTINCT  `clsid`,`clsnm`,`cjzxsftj` FROM `tb_2014_cjzx` LEFT JOIN tb_2014_std ON f_cjzx_stdid=stdid inner join tb_2014_stdxqcls ON stdid=f_stdxqcls_stdid inner join tb_2014_stdxqmj ON stdid=f_stdxqmj_stdid LEFT JOIN tb_2014_pk ON f_cjzx_pkid=pkid LEFT JOIN tb_stt ON f_cjzx_sttid=sttid LEFT JOIN tb_grd ON f_cjzx_grdid=grdid LEFT JOIN tb_2014_kc ON f_pk_kcid=kcid LEFT JOIN tb_tcr ON f_pk_tcrid=tcrid LEFT JOIN tb_xq ON f_cjzx_xqid=xqid LEFT JOIN tb_2014_mj ON f_stdxqmj_mjid=mjid LEFT JOIN tb_bxxs ON f_mj_bxxsid=bxxsid LEFT JOIN tb_cc ON f_mj_ccid=ccid LEFT JOIN tb_kl ON f_mj_klid=klid LEFT JOIN tb_xxxs ON f_mj_xxxsid=xxxsid LEFT JOIN tb_zsfw ON f_mj_zsfwid=zsfwid LEFT JOIN tb_xz ON f_mj_xzid=xzid LEFT JOIN tb_2014_cls ON f_stdxqcls_clsid=clsid LEFT JOIN tb_dm ON f_std_dmid=dmid LEFT JOIN tb_sex ON f_std_sexid=sexid LEFT JOIN tb_rc ON f_std_rcid=rcid LEFT JOIN tb_zzmm ON f_std_zzmmid=zzmmid LEFT JOIN tb_xl ON f_std_xlid=xlid LEFT JOIN tb_stat ON f_std_statid=statid WHERE ( f_stdxqcls_xqid=2 AND f_stdxqmj_xqid=2 AND f_cjzx_pkid=27 AND f_std_statid=5 )  [ RunTime:0.040124s ]
SQL: SHOW COLUMNS FROM `tb_2013_cjzx` [ RunTime:0.004484s ]
SQL: SHOW COLUMNS FROM `tb_2013_pk` [ RunTime:0.003889s ]
SQL: SELECT * FROM `tb_2013_pk` LEFT JOIN tb_2013_kc ON f_pk_kcid=kcid WHERE ( f_pk_grdid=2 AND f_pk_sttid=1 AND f_pk_xqid=2 AND f_pk_tcrid=21 )  [ RunTime:0.000462s ]
NOTIC: [2] Invalid argument supplied for foreach() C:\wamp\www\xx\tcr\Lib\Action\CjzxAction.class.php 第 203 行.
SQL: SHOW COLUMNS FROM `tb_2012_cjzx` [ RunTime:0.003133s ]
ERR: 1146:Table 'db_xx.tb_2012_cjzx' doesn't exist
 [ SQL语句 ] : SHOW COLUMNS FROM `tb_2012_cjzx`
SQL: SHOW COLUMNS FROM `tb_2012_pk` [ RunTime:0.003142s ]
ERR: 1146:Table 'db_xx.tb_2012_pk' doesn't exist
 [ SQL语句 ] : SHOW COLUMNS FROM `tb_2012_pk`
SQL: SELECT * FROM `tb_2012_pk` LEFT JOIN tb_2012_kc ON f_pk_kcid=kcid WHERE ( f_pk_grdid=1 AND f_pk_sttid=1 AND f_pk_xqid=2 AND f_pk_tcrid=21 )  [ RunTime:0.000357s ]
ERR: 1146:Table 'db_xx.tb_2012_pk' doesn't exist
 [ SQL语句 ] : SELECT * FROM `tb_2012_pk` LEFT JOIN tb_2012_kc ON f_pk_kcid=kcid WHERE ( f_pk_grdid=1 AND f_pk_sttid=1 AND f_pk_xqid=2 AND f_pk_tcrid=21 ) 
NOTIC: [2] Invalid argument supplied for foreach() C:\wamp\www\xx\tcr\Lib\Action\CjzxAction.class.php 第 203 行.
INFO: [ view_parse ] --START--
NOTIC: [8] Undefined variable: ntfstr C:\wamp\www\xx\tcr\Runtime\Cache\5a27c2ce8432d6d874fb1cbe314ffadb.php 第 61 行.
INFO: ParseTemplate Behavior ::run [ RunTime:0.034371s ]
INFO: [ view_parse ] --END-- [ RunTime:0.034527s ]
INFO: [ view_filter ] --START--
INFO: ContentReplace Behavior ::run [ RunTime:0.001303s ]
INFO: TokenBuild Behavior ::run [ RunTime:0.000884s ]
INFO: WriteHtmlCache Behavior ::run [ RunTime:0.000646s ]
INFO: ShowRuntime Behavior ::run [ RunTime:0.000922s ]
INFO: [ view_filter ] --END-- [ RunTime:0.004173s ]
INFO: [ view_end ] --START--
INFO: ShowPageTrace Behavior ::run [ RunTime:0.000946s ]
INFO: [ view_end ] --END-- [ RunTime:0.001069s ]

