[ 2015-09-09T00:57:00+08:00 ] 123.125.67.199 /xx/tcr.php
INFO: [ app_begin ] --START--
INFO: ReadHtmlCache Behavior ::run [ RunTime:0.012260s ]
INFO: [ app_begin ] --END-- [ RunTime:0.012418s ]
INFO: [ view_parse ] --START--
INFO: ParseTemplate Behavior ::run [ RunTime:0.111138s ]
INFO: [ view_parse ] --END-- [ RunTime:0.111312s ]
INFO: [ view_filter ] --START--
INFO: ContentReplace Behavior ::run [ RunTime:0.013459s ]
INFO: TokenBuild Behavior ::run [ RunTime:0.016114s ]
INFO: WriteHtmlCache Behavior ::run [ RunTime:0.062969s ]
INFO: ShowRuntime Behavior ::run [ RunTime:0.028232s ]
INFO: [ view_filter ] --END-- [ RunTime:0.121164s ]
INFO: [ view_end ] --START--
INFO: ShowPageTrace Behavior ::run [ RunTime:0.035925s ]
INFO: [ view_end ] --END-- [ RunTime:0.036069s ]

[ 2015-09-09T11:00:33+08:00 ] 61.135.249.214 /xx/tcr.php
INFO: [ app_begin ] --START--
INFO: ReadHtmlCache Behavior ::run [ RunTime:0.005221s ]
INFO: [ app_begin ] --END-- [ RunTime:0.005421s ]
INFO: [ view_parse ] --START--
INFO: ParseTemplate Behavior ::run [ RunTime:0.049947s ]
INFO: [ view_parse ] --END-- [ RunTime:0.050161s ]
INFO: [ view_filter ] --START--
INFO: ContentReplace Behavior ::run [ RunTime:0.004011s ]
INFO: TokenBuild Behavior ::run [ RunTime:0.003981s ]
INFO: WriteHtmlCache Behavior ::run [ RunTime:0.003866s ]
INFO: ShowRuntime Behavior ::run [ RunTime:0.007196s ]
INFO: [ view_filter ] --END-- [ RunTime:0.019375s ]
INFO: [ view_end ] --START--
INFO: ShowPageTrace Behavior ::run [ RunTime:0.007510s ]
INFO: [ view_end ] --END-- [ RunTime:0.007627s ]

[ 2015-09-09T19:53:57+08:00 ] 68.180.228.176 /xx/tcr.php
INFO: [ app_begin ] --START--
INFO: ReadHtmlCache Behavior ::run [ RunTime:0.004323s ]
INFO: [ app_begin ] --END-- [ RunTime:0.004480s ]
INFO: [ view_parse ] --START--
INFO: ParseTemplate Behavior ::run [ RunTime:0.054912s ]
INFO: [ view_parse ] --END-- [ RunTime:0.055075s ]
INFO: [ view_filter ] --START--
INFO: ContentReplace Behavior ::run [ RunTime:0.004035s ]
INFO: TokenBuild Behavior ::run [ RunTime:0.004265s ]
INFO: WriteHtmlCache Behavior ::run [ RunTime:0.003764s ]
INFO: ShowRuntime Behavior ::run [ RunTime:0.007215s ]
INFO: [ view_filter ] --END-- [ RunTime:0.019605s ]
INFO: [ view_end ] --START--
INFO: ShowPageTrace Behavior ::run [ RunTime:0.007577s ]
INFO: [ view_end ] --END-- [ RunTime:0.007694s ]

