[ 2015-06-05T10:12:51+08:00 ] 127.0.0.1 /xx/tcr.php
INFO: [ app_begin ] --START--
INFO: ReadHtmlCache Behavior ::run [ RunTime:0.001103s ]
INFO: [ app_begin ] --END-- [ RunTime:0.001300s ]
INFO: [ view_parse ] --START--
INFO: ParseTemplate Behavior ::run [ RunTime:0.009506s ]
INFO: [ view_parse ] --END-- [ RunTime:0.009724s ]
INFO: [ view_filter ] --START--
NOTIC: [8] Use of undefined constant APP_TMPL_PATH - assumed 'APP_TMPL_PATH' C:\wamp\www\xx\ThinkPHP\Lib\Behavior\ContentReplaceBehavior.class.php 第 40 行.
NOTIC: [8] Use of undefined constant APP_TMPL_PATH - assumed 'APP_TMPL_PATH' C:\wamp\www\xx\ThinkPHP\Lib\Behavior\ContentReplaceBehavior.class.php 第 47 行.
INFO: ContentReplace Behavior ::run [ RunTime:0.001447s ]
INFO: TokenBuild Behavior ::run [ RunTime:0.001075s ]
INFO: WriteHtmlCache Behavior ::run [ RunTime:0.000697s ]
INFO: ShowRuntime Behavior ::run [ RunTime:0.000956s ]
INFO: [ view_filter ] --END-- [ RunTime:0.004602s ]
INFO: [ view_end ] --START--
INFO: ShowPageTrace Behavior ::run [ RunTime:0.001012s ]
INFO: [ view_end ] --END-- [ RunTime:0.001136s ]

[ 2015-06-05T10:14:04+08:00 ] 127.0.0.1 /xx/tcr.php
INFO: [ app_begin ] --START--
INFO: ReadHtmlCache Behavior ::run [ RunTime:0.001390s ]
INFO: [ app_begin ] --END-- [ RunTime:0.001591s ]
INFO: [ view_parse ] --START--
INFO: ParseTemplate Behavior ::run [ RunTime:0.001782s ]
INFO: [ view_parse ] --END-- [ RunTime:0.001925s ]
INFO: [ view_filter ] --START--
NOTIC: [8] Use of undefined constant APP_TMPL_PATH - assumed 'APP_TMPL_PATH' C:\wamp\www\xx\ThinkPHP\Lib\Behavior\ContentReplaceBehavior.class.php 第 40 行.
NOTIC: [8] Use of undefined constant APP_TMPL_PATH - assumed 'APP_TMPL_PATH' C:\wamp\www\xx\ThinkPHP\Lib\Behavior\ContentReplaceBehavior.class.php 第 47 行.
INFO: ContentReplace Behavior ::run [ RunTime:0.000907s ]
INFO: TokenBuild Behavior ::run [ RunTime:0.000853s ]
INFO: WriteHtmlCache Behavior ::run [ RunTime:0.000682s ]
INFO: ShowRuntime Behavior ::run [ RunTime:0.000939s ]
INFO: [ view_filter ] --END-- [ RunTime:0.003720s ]
INFO: [ view_end ] --START--
INFO: ShowPageTrace Behavior ::run [ RunTime:0.000992s ]
INFO: [ view_end ] --END-- [ RunTime:0.001115s ]

[ 2015-06-05T10:20:00+08:00 ] 127.0.0.1 /xx/tcr.php
INFO: [ app_begin ] --START--
INFO: ReadHtmlCache Behavior ::run [ RunTime:0.001085s ]
INFO: [ app_begin ] --END-- [ RunTime:0.001243s ]
INFO: [ view_parse ] --START--
INFO: ParseTemplate Behavior ::run [ RunTime:0.013037s ]
INFO: [ view_parse ] --END-- [ RunTime:0.013220s ]
INFO: [ view_filter ] --START--
INFO: ContentReplace Behavior ::run [ RunTime:0.000904s ]
INFO: TokenBuild Behavior ::run [ RunTime:0.000877s ]
INFO: WriteHtmlCache Behavior ::run [ RunTime:0.000984s ]
INFO: ShowRuntime Behavior ::run [ RunTime:0.001494s ]
INFO: [ view_filter ] --END-- [ RunTime:0.004671s ]
INFO: [ view_end ] --START--
INFO: ShowPageTrace Behavior ::run [ RunTime:0.001135s ]
INFO: [ view_end ] --END-- [ RunTime:0.001272s ]

[ 2015-06-05T10:23:08+08:00 ] 127.0.0.1 /xx/tcr.php
INFO: [ app_begin ] --START--
INFO: ReadHtmlCache Behavior ::run [ RunTime:0.001169s ]
INFO: [ app_begin ] --END-- [ RunTime:0.001339s ]
INFO: [ view_parse ] --START--
INFO: ParseTemplate Behavior ::run [ RunTime:0.013013s ]
INFO: [ view_parse ] --END-- [ RunTime:0.013164s ]
INFO: [ view_filter ] --START--
INFO: ContentReplace Behavior ::run [ RunTime:0.000919s ]
INFO: TokenBuild Behavior ::run [ RunTime:0.001055s ]
INFO: WriteHtmlCache Behavior ::run [ RunTime:0.000736s ]
INFO: ShowRuntime Behavior ::run [ RunTime:0.000997s ]
INFO: [ view_filter ] --END-- [ RunTime:0.004068s ]
INFO: [ view_end ] --START--
INFO: ShowPageTrace Behavior ::run [ RunTime:0.001045s ]
INFO: [ view_end ] --END-- [ RunTime:0.001170s ]

[ 2015-06-05T10:23:10+08:00 ] 127.0.0.1 /xx/tcr.php
INFO: [ app_begin ] --START--
INFO: ReadHtmlCache Behavior ::run [ RunTime:0.000917s ]
INFO: [ app_begin ] --END-- [ RunTime:0.001071s ]
INFO: [ view_parse ] --START--
INFO: ParseTemplate Behavior ::run [ RunTime:0.011375s ]
INFO: [ view_parse ] --END-- [ RunTime:0.011523s ]
INFO: [ view_filter ] --START--
INFO: ContentReplace Behavior ::run [ RunTime:0.000647s ]
INFO: TokenBuild Behavior ::run [ RunTime:0.000616s ]
INFO: WriteHtmlCache Behavior ::run [ RunTime:0.000628s ]
INFO: ShowRuntime Behavior ::run [ RunTime:0.001037s ]
INFO: [ view_filter ] --END-- [ RunTime:0.003361s ]
INFO: [ view_end ] --START--
INFO: ShowPageTrace Behavior ::run [ RunTime:0.000954s ]
INFO: [ view_end ] --END-- [ RunTime:0.001149s ]

[ 2015-06-05T10:23:53+08:00 ] 127.0.0.1 /xx/tcr.php
INFO: [ app_begin ] --START--
INFO: ReadHtmlCache Behavior ::run [ RunTime:0.000667s ]
INFO: [ app_begin ] --END-- [ RunTime:0.000813s ]
INFO: [ view_parse ] --START--
NOTIC: [8] Undefined variable: ntfstr C:\wamp\www\xx\tcr\Runtime\Cache\a127313f84aac095ec2311dc4c6dd6c1.php 第 64 行.
NOTIC: [8] Undefined variable: usross C:\wamp\www\xx\tcr\Runtime\Cache\a127313f84aac095ec2311dc4c6dd6c1.php 第 86 行.
NOTIC: [8] Undefined variable: usross C:\wamp\www\xx\tcr\Runtime\Cache\a127313f84aac095ec2311dc4c6dd6c1.php 第 86 行.
NOTIC: [8] Undefined variable: usross C:\wamp\www\xx\tcr\Runtime\Cache\a127313f84aac095ec2311dc4c6dd6c1.php 第 107 行.
NOTIC: [8] Undefined variable: usross C:\wamp\www\xx\tcr\Runtime\Cache\a127313f84aac095ec2311dc4c6dd6c1.php 第 107 行.
INFO: ParseTemplate Behavior ::run [ RunTime:0.011821s ]
INFO: [ view_parse ] --END-- [ RunTime:0.011956s ]
INFO: [ view_filter ] --START--
INFO: ContentReplace Behavior ::run [ RunTime:0.000581s ]
INFO: TokenBuild Behavior ::run [ RunTime:0.000547s ]
INFO: WriteHtmlCache Behavior ::run [ RunTime:0.000387s ]
INFO: ShowRuntime Behavior ::run [ RunTime:0.000654s ]
INFO: [ view_filter ] --END-- [ RunTime:0.002508s ]
INFO: [ view_end ] --START--
INFO: ShowPageTrace Behavior ::run [ RunTime:0.000690s ]
INFO: [ view_end ] --END-- [ RunTime:0.000812s ]

[ 2015-06-05T10:27:10+08:00 ] 127.0.0.1 /xx/tcr.php
INFO: [ app_begin ] --START--
INFO: ReadHtmlCache Behavior ::run [ RunTime:0.001111s ]
INFO: [ app_begin ] --END-- [ RunTime:0.001285s ]
INFO: [ view_parse ] --START--
INFO: ParseTemplate Behavior ::run [ RunTime:0.012341s ]
INFO: [ view_parse ] --END-- [ RunTime:0.012491s ]
INFO: [ view_filter ] --START--
INFO: ContentReplace Behavior ::run [ RunTime:0.000658s ]
INFO: TokenBuild Behavior ::run [ RunTime:0.000622s ]
INFO: WriteHtmlCache Behavior ::run [ RunTime:0.000467s ]
INFO: ShowRuntime Behavior ::run [ RunTime:0.000721s ]
INFO: [ view_filter ] --END-- [ RunTime:0.002813s ]
INFO: [ view_end ] --START--
INFO: ShowPageTrace Behavior ::run [ RunTime:0.000768s ]
INFO: [ view_end ] --END-- [ RunTime:0.000890s ]

[ 2015-06-05T10:50:11+08:00 ] 127.0.0.1 /xx/tcr.php
INFO: [ app_begin ] --START--
INFO: ReadHtmlCache Behavior ::run [ RunTime:0.000841s ]
INFO: [ app_begin ] --END-- [ RunTime:0.000993s ]
INFO: [ view_parse ] --START--
INFO: ParseTemplate Behavior ::run [ RunTime:0.012541s ]
INFO: [ view_parse ] --END-- [ RunTime:0.012691s ]
INFO: [ view_filter ] --START--
INFO: ContentReplace Behavior ::run [ RunTime:0.000658s ]
INFO: TokenBuild Behavior ::run [ RunTime:0.000749s ]
INFO: WriteHtmlCache Behavior ::run [ RunTime:0.000525s ]
INFO: ShowRuntime Behavior ::run [ RunTime:0.000754s ]
INFO: [ view_filter ] --END-- [ RunTime:0.003093s ]
INFO: [ view_end ] --START--
INFO: ShowPageTrace Behavior ::run [ RunTime:0.000776s ]
INFO: [ view_end ] --END-- [ RunTime:0.000913s ]

[ 2015-06-05T10:50:38+08:00 ] 127.0.0.1 /xx/tcr.php
INFO: [ app_begin ] --START--
INFO: ReadHtmlCache Behavior ::run [ RunTime:0.000679s ]
INFO: [ app_begin ] --END-- [ RunTime:0.000832s ]
INFO: [ view_parse ] --START--
INFO: ParseTemplate Behavior ::run [ RunTime:0.012056s ]
INFO: [ view_parse ] --END-- [ RunTime:0.012202s ]
INFO: [ view_filter ] --START--
INFO: ContentReplace Behavior ::run [ RunTime:0.000628s ]
INFO: TokenBuild Behavior ::run [ RunTime:0.000597s ]
INFO: WriteHtmlCache Behavior ::run [ RunTime:0.000434s ]
INFO: ShowRuntime Behavior ::run [ RunTime:0.000651s ]
INFO: [ view_filter ] --END-- [ RunTime:0.002659s ]
INFO: [ view_end ] --START--
INFO: ShowPageTrace Behavior ::run [ RunTime:0.000748s ]
INFO: [ view_end ] --END-- [ RunTime:0.000871s ]

[ 2015-06-05T11:01:43+08:00 ] 127.0.0.1 /xx/tcr.php
INFO: [ app_begin ] --START--
INFO: ReadHtmlCache Behavior ::run [ RunTime:0.001289s ]
INFO: [ app_begin ] --END-- [ RunTime:0.001534s ]
INFO: [ view_parse ] --START--
INFO: ParseTemplate Behavior ::run [ RunTime:0.014697s ]
INFO: [ view_parse ] --END-- [ RunTime:0.014858s ]
INFO: [ view_filter ] --START--
INFO: ContentReplace Behavior ::run [ RunTime:0.000727s ]
INFO: TokenBuild Behavior ::run [ RunTime:0.000665s ]
INFO: WriteHtmlCache Behavior ::run [ RunTime:0.000496s ]
INFO: ShowRuntime Behavior ::run [ RunTime:0.000754s ]
INFO: [ view_filter ] --END-- [ RunTime:0.002996s ]
INFO: [ view_end ] --START--
INFO: ShowPageTrace Behavior ::run [ RunTime:0.000800s ]
INFO: [ view_end ] --END-- [ RunTime:0.000932s ]

[ 2015-06-05T11:07:04+08:00 ] 127.0.0.1 /xx/tcr.php
INFO: [ app_begin ] --START--
INFO: ReadHtmlCache Behavior ::run [ RunTime:0.000955s ]
INFO: [ app_begin ] --END-- [ RunTime:0.001114s ]
INFO: [ view_parse ] --START--
INFO: ParseTemplate Behavior ::run [ RunTime:0.012935s ]
INFO: [ view_parse ] --END-- [ RunTime:0.013094s ]
INFO: [ view_filter ] --START--
INFO: ContentReplace Behavior ::run [ RunTime:0.000683s ]
INFO: TokenBuild Behavior ::run [ RunTime:0.000641s ]
INFO: WriteHtmlCache Behavior ::run [ RunTime:0.000522s ]
INFO: ShowRuntime Behavior ::run [ RunTime:0.000747s ]
INFO: [ view_filter ] --END-- [ RunTime:0.002981s ]
INFO: [ view_end ] --START--
INFO: ShowPageTrace Behavior ::run [ RunTime:0.000802s ]
INFO: [ view_end ] --END-- [ RunTime:0.000925s ]

[ 2015-06-05T11:09:05+08:00 ] 127.0.0.1 /xx/tcr.php
INFO: [ app_begin ] --START--
INFO: ReadHtmlCache Behavior ::run [ RunTime:0.000835s ]
INFO: [ app_begin ] --END-- [ RunTime:0.001016s ]
INFO: [ view_parse ] --START--
INFO: ParseTemplate Behavior ::run [ RunTime:0.011843s ]
INFO: [ view_parse ] --END-- [ RunTime:0.011994s ]
INFO: [ view_filter ] --START--
INFO: ContentReplace Behavior ::run [ RunTime:0.000649s ]
INFO: TokenBuild Behavior ::run [ RunTime:0.000622s ]
INFO: WriteHtmlCache Behavior ::run [ RunTime:0.000461s ]
INFO: ShowRuntime Behavior ::run [ RunTime:0.000720s ]
INFO: [ view_filter ] --END-- [ RunTime:0.002798s ]
INFO: [ view_end ] --START--
INFO: ShowPageTrace Behavior ::run [ RunTime:0.000800s ]
INFO: [ view_end ] --END-- [ RunTime:0.000923s ]

[ 2015-06-05T11:09:23+08:00 ] 127.0.0.1 /xx/tcr.php
INFO: [ app_begin ] --START--
INFO: ReadHtmlCache Behavior ::run [ RunTime:0.000676s ]
INFO: [ app_begin ] --END-- [ RunTime:0.000821s ]
INFO: [ view_parse ] --START--
INFO: ParseTemplate Behavior ::run [ RunTime:0.011735s ]
INFO: [ view_parse ] --END-- [ RunTime:0.011879s ]
INFO: [ view_filter ] --START--
INFO: ContentReplace Behavior ::run [ RunTime:0.000578s ]
INFO: TokenBuild Behavior ::run [ RunTime:0.000554s ]
INFO: WriteHtmlCache Behavior ::run [ RunTime:0.000430s ]
INFO: ShowRuntime Behavior ::run [ RunTime:0.000708s ]
INFO: [ view_filter ] --END-- [ RunTime:0.002652s ]
INFO: [ view_end ] --START--
INFO: ShowPageTrace Behavior ::run [ RunTime:0.000713s ]
INFO: [ view_end ] --END-- [ RunTime:0.000834s ]

[ 2015-06-05T11:09:28+08:00 ] 127.0.0.1 /xx/tcr.php/Usr/gtxpg/x/forget
INFO: [ route_check ] --START--
INFO: CheckRoute Behavior ::run [ RunTime:0.025035s ]
INFO: [ route_check ] --END-- [ RunTime:0.025231s ]
INFO: [ app_begin ] --START--
INFO: ReadHtmlCache Behavior ::run [ RunTime:0.000753s ]
INFO: [ app_begin ] --END-- [ RunTime:0.000888s ]
ERR: 无法加载模块:Usr

[ 2015-06-05T11:10:10+08:00 ] 127.0.0.1 /xx/tcr.php
INFO: [ app_begin ] --START--
INFO: ReadHtmlCache Behavior ::run [ RunTime:0.000704s ]
INFO: [ app_begin ] --END-- [ RunTime:0.000848s ]
INFO: [ view_parse ] --START--
INFO: ParseTemplate Behavior ::run [ RunTime:0.011704s ]
INFO: [ view_parse ] --END-- [ RunTime:0.011850s ]
INFO: [ view_filter ] --START--
INFO: ContentReplace Behavior ::run [ RunTime:0.000578s ]
INFO: TokenBuild Behavior ::run [ RunTime:0.000540s ]
INFO: WriteHtmlCache Behavior ::run [ RunTime:0.000401s ]
INFO: ShowRuntime Behavior ::run [ RunTime:0.000655s ]
INFO: [ view_filter ] --END-- [ RunTime:0.002518s ]
INFO: [ view_end ] --START--
INFO: ShowPageTrace Behavior ::run [ RunTime:0.000970s ]
INFO: [ view_end ] --END-- [ RunTime:0.001105s ]

[ 2015-06-05T11:11:31+08:00 ] 127.0.0.1 /xx/tcr.php
INFO: [ app_begin ] --START--
INFO: ReadHtmlCache Behavior ::run [ RunTime:0.000868s ]
INFO: [ app_begin ] --END-- [ RunTime:0.001016s ]
INFO: [ view_parse ] --START--
INFO: ParseTemplate Behavior ::run [ RunTime:0.012492s ]
INFO: [ view_parse ] --END-- [ RunTime:0.012648s ]
INFO: [ view_filter ] --START--
INFO: ContentReplace Behavior ::run [ RunTime:0.000697s ]
INFO: TokenBuild Behavior ::run [ RunTime:0.000645s ]
INFO: WriteHtmlCache Behavior ::run [ RunTime:0.000469s ]
INFO: ShowRuntime Behavior ::run [ RunTime:0.000719s ]
INFO: [ view_filter ] --END-- [ RunTime:0.002891s ]
INFO: [ view_end ] --START--
INFO: ShowPageTrace Behavior ::run [ RunTime:0.000831s ]
INFO: [ view_end ] --END-- [ RunTime:0.000964s ]

[ 2015-06-05T13:45:51+08:00 ] 127.0.0.1 /xx/tcr.php
INFO: [ app_begin ] --START--
INFO: ReadHtmlCache Behavior ::run [ RunTime:0.007159s ]
INFO: [ app_begin ] --END-- [ RunTime:0.007336s ]
INFO: [ view_parse ] --START--
INFO: ParseTemplate Behavior ::run [ RunTime:0.076656s ]
INFO: [ view_parse ] --END-- [ RunTime:0.076849s ]
INFO: [ view_filter ] --START--
INFO: ContentReplace Behavior ::run [ RunTime:0.008153s ]
INFO: TokenBuild Behavior ::run [ RunTime:0.008878s ]
INFO: WriteHtmlCache Behavior ::run [ RunTime:0.000938s ]
INFO: ShowRuntime Behavior ::run [ RunTime:0.009968s ]
INFO: [ view_filter ] --END-- [ RunTime:0.028391s ]
INFO: [ view_end ] --START--
INFO: ShowPageTrace Behavior ::run [ RunTime:0.006845s ]
INFO: [ view_end ] --END-- [ RunTime:0.006979s ]

[ 2015-06-05T13:46:39+08:00 ] 127.0.0.1 /xx/tcr.php
INFO: [ app_begin ] --START--
INFO: ReadHtmlCache Behavior ::run [ RunTime:0.000685s ]
INFO: [ app_begin ] --END-- [ RunTime:0.000833s ]
INFO: [ view_parse ] --START--
INFO: ParseTemplate Behavior ::run [ RunTime:0.011450s ]
INFO: [ view_parse ] --END-- [ RunTime:0.011598s ]
INFO: [ view_filter ] --START--
INFO: ContentReplace Behavior ::run [ RunTime:0.000574s ]
INFO: TokenBuild Behavior ::run [ RunTime:0.000565s ]
INFO: WriteHtmlCache Behavior ::run [ RunTime:0.000392s ]
INFO: ShowRuntime Behavior ::run [ RunTime:0.000641s ]
INFO: [ view_filter ] --END-- [ RunTime:0.002516s ]
INFO: [ view_end ] --START--
INFO: ShowPageTrace Behavior ::run [ RunTime:0.000706s ]
INFO: [ view_end ] --END-- [ RunTime:0.000827s ]

[ 2015-06-05T13:51:42+08:00 ] 127.0.0.1 /xx/tcr.php/Tcr/loginin
INFO: [ route_check ] --START--
INFO: CheckRoute Behavior ::run [ RunTime:0.042785s ]
INFO: [ route_check ] --END-- [ RunTime:0.042979s ]
INFO: [ app_begin ] --START--
INFO: ReadHtmlCache Behavior ::run [ RunTime:0.000817s ]
INFO: [ app_begin ] --END-- [ RunTime:0.000930s ]
SQL: SHOW COLUMNS FROM `tb_tcr` [ RunTime:0.032031s ]
SQL: SELECT * FROM `tb_tcr` WHERE ( tcrnm='01A1203022' ) LIMIT 1   [ RunTime:0.000455s ]
SQL: SELECT * FROM `tb_tcr` WHERE ( tcrnm='01A1203022' AND tcrpw='b6d767d2f8ed5d21a44b0e5886680cb9' ) LIMIT 1   [ RunTime:0.000348s ]

[ 2015-06-05T13:55:53+08:00 ] 127.0.0.1 /xx/tcr.php/Tcr/loginin
INFO: [ route_check ] --START--
INFO: CheckRoute Behavior ::run [ RunTime:0.001622s ]
INFO: [ route_check ] --END-- [ RunTime:0.001865s ]
INFO: [ app_begin ] --START--
INFO: ReadHtmlCache Behavior ::run [ RunTime:0.000816s ]
INFO: [ app_begin ] --END-- [ RunTime:0.000944s ]
SQL: SHOW COLUMNS FROM `tb_tcr` [ RunTime:0.004399s ]
SQL: SELECT * FROM `tb_tcr` WHERE ( tcrnm='01A1203022' ) LIMIT 1   [ RunTime:0.000361s ]
SQL: SELECT * FROM `tb_tcr` WHERE ( tcrnm='01A1203022' AND tcrpw='1bbd886460827015e5d605ed44252251' ) LIMIT 1   [ RunTime:0.000236s ]
SQL: SELECT * FROM `tb_tcr` WHERE ( tcrnm='01A1203022' AND tcrpw='1bbd886460827015e5d605ed44252251' ) LIMIT 1   [ RunTime:0.000228s ]

[ 2015-06-05T13:55:53+08:00 ] 127.0.0.1 /xx/tcr.php
INFO: [ app_begin ] --START--
INFO: ReadHtmlCache Behavior ::run [ RunTime:0.000691s ]
INFO: [ app_begin ] --END-- [ RunTime:0.000836s ]

[ 2015-06-05T13:56:05+08:00 ] 127.0.0.1 /xx/tcr.php
INFO: [ app_begin ] --START--
INFO: ReadHtmlCache Behavior ::run [ RunTime:0.000723s ]
INFO: [ app_begin ] --END-- [ RunTime:0.000869s ]

[ 2015-06-05T14:09:16+08:00 ] 127.0.0.1 /xx/tcr.php
INFO: [ app_begin ] --START--
INFO: ReadHtmlCache Behavior ::run [ RunTime:0.001038s ]
INFO: [ app_begin ] --END-- [ RunTime:0.001231s ]
SQL: SHOW COLUMNS FROM `tb_tcr` [ RunTime:0.004128s ]
SQL: SELECT * FROM `tb_tcr` WHERE ( tcrid=2 AND tcrps=1 ) LIMIT 1   [ RunTime:0.000492s ]
SQL: SELECT * FROM `tb_tcr` WHERE ( tcrid=2 ) LIMIT 1   [ RunTime:0.000396s ]
SQL: SELECT * FROM `tb_tcr` WHERE ( tcrid=2 ) LIMIT 1   [ RunTime:0.000314s ]
NOTIC: [2] Missing argument 1 for KZMBAction::setkzmb(), called in C:\wamp\www\xx\tcr\Lib\Action\IndexAction.class.php on line 29 and defined C:\wamp\www\xx\tcr\Lib\KZMB\KZMBAction.class.php 第 3 行.
SQL: SHOW COLUMNS FROM `tb_tcrbtn` [ RunTime:0.003589s ]
SQL: SELECT * FROM `tb_tcrbtn` WHERE ( f_tcrbtn_tcrid=2 AND tcrbtnnm='lft' ) LIMIT 1   [ RunTime:0.000345s ]
SQL: SELECT * FROM `tb_tcrbtn` WHERE ( f_tcrbtn_tcrid=2 AND tcrbtnnm='bs' ) LIMIT 1   [ RunTime:0.000309s ]
INFO: [ view_parse ] --START--
NOTIC: [8] Undefined variable: ntfstr C:\wamp\www\xx\tcr\Runtime\Cache\6f1d53a3c8454cf67e89dfe20c7b417a.php 第 61 行.
NOTIC: [8] Undefined variable: vo C:\wamp\www\xx\tcr\Runtime\Cache\6f1d53a3c8454cf67e89dfe20c7b417a.php 第 147 行.
NOTIC: [8] Use of undefined constant lbid - assumed 'lbid' C:\wamp\www\xx\tcr\Runtime\Cache\6f1d53a3c8454cf67e89dfe20c7b417a.php 第 148 行.
NOTIC: [8] Undefined variable: vo C:\wamp\www\xx\tcr\Runtime\Cache\6f1d53a3c8454cf67e89dfe20c7b417a.php 第 148 行.
INFO: ParseTemplate Behavior ::run [ RunTime:0.013520s ]
INFO: [ view_parse ] --END-- [ RunTime:0.013662s ]
INFO: [ view_filter ] --START--
INFO: ContentReplace Behavior ::run [ RunTime:0.000665s ]
INFO: TokenBuild Behavior ::run [ RunTime:0.000615s ]
INFO: WriteHtmlCache Behavior ::run [ RunTime:0.000468s ]
INFO: ShowRuntime Behavior ::run [ RunTime:0.000734s ]
INFO: [ view_filter ] --END-- [ RunTime:0.002820s ]
INFO: [ view_end ] --START--
INFO: ShowPageTrace Behavior ::run [ RunTime:0.000777s ]
INFO: [ view_end ] --END-- [ RunTime:0.000899s ]

[ 2015-06-05T14:09:31+08:00 ] 127.0.0.1 /xx/tcr.php
INFO: [ app_begin ] --START--
INFO: ReadHtmlCache Behavior ::run [ RunTime:0.000660s ]
INFO: [ app_begin ] --END-- [ RunTime:0.000896s ]
SQL: SHOW COLUMNS FROM `tb_tcr` [ RunTime:0.004268s ]
SQL: SELECT * FROM `tb_tcr` WHERE ( tcrid=2 AND tcrps=1 ) LIMIT 1   [ RunTime:0.000369s ]
SQL: SELECT * FROM `tb_tcr` WHERE ( tcrid=2 ) LIMIT 1   [ RunTime:0.000241s ]
SQL: SELECT * FROM `tb_tcr` WHERE ( tcrid=2 ) LIMIT 1   [ RunTime:0.000270s ]
NOTIC: [2] Missing argument 1 for KZMBAction::setkzmb(), called in C:\wamp\www\xx\tcr\Lib\Action\IndexAction.class.php on line 29 and defined C:\wamp\www\xx\tcr\Lib\KZMB\KZMBAction.class.php 第 3 行.
SQL: SHOW COLUMNS FROM `tb_tcrbtn` [ RunTime:0.003697s ]
SQL: SELECT * FROM `tb_tcrbtn` WHERE ( f_tcrbtn_tcrid=2 AND tcrbtnnm='lft' ) LIMIT 1   [ RunTime:0.000374s ]
SQL: SELECT * FROM `tb_tcrbtn` WHERE ( f_tcrbtn_tcrid=2 AND tcrbtnnm='bs' ) LIMIT 1   [ RunTime:0.000302s ]
INFO: [ view_parse ] --START--
NOTIC: [8] Undefined variable: ntfstr C:\wamp\www\xx\tcr\Runtime\Cache\6f1d53a3c8454cf67e89dfe20c7b417a.php 第 61 行.
NOTIC: [8] Undefined variable: vo C:\wamp\www\xx\tcr\Runtime\Cache\6f1d53a3c8454cf67e89dfe20c7b417a.php 第 147 行.
NOTIC: [8] Use of undefined constant lbid - assumed 'lbid' C:\wamp\www\xx\tcr\Runtime\Cache\6f1d53a3c8454cf67e89dfe20c7b417a.php 第 148 行.
NOTIC: [8] Undefined variable: vo C:\wamp\www\xx\tcr\Runtime\Cache\6f1d53a3c8454cf67e89dfe20c7b417a.php 第 148 行.
INFO: ParseTemplate Behavior ::run [ RunTime:0.012847s ]
INFO: [ view_parse ] --END-- [ RunTime:0.012986s ]
INFO: [ view_filter ] --START--
INFO: ContentReplace Behavior ::run [ RunTime:0.000562s ]
INFO: TokenBuild Behavior ::run [ RunTime:0.000618s ]
INFO: WriteHtmlCache Behavior ::run [ RunTime:0.000398s ]
INFO: ShowRuntime Behavior ::run [ RunTime:0.000644s ]
INFO: [ view_filter ] --END-- [ RunTime:0.002557s ]
INFO: [ view_end ] --START--
INFO: ShowPageTrace Behavior ::run [ RunTime:0.000684s ]
INFO: [ view_end ] --END-- [ RunTime:0.000807s ]

[ 2015-06-05T14:10:36+08:00 ] 127.0.0.1 /xx/tcr.php/Atc/neiwang
INFO: [ route_check ] --START--
INFO: CheckRoute Behavior ::run [ RunTime:0.000923s ]
INFO: [ route_check ] --END-- [ RunTime:0.001072s ]
INFO: [ app_begin ] --START--
INFO: ReadHtmlCache Behavior ::run [ RunTime:0.000853s ]
INFO: [ app_begin ] --END-- [ RunTime:0.001021s ]
ERR: 无法加载模块:Atc

[ 2015-06-05T14:24:39+08:00 ] 127.0.0.1 /xx/tcr.php
INFO: [ app_begin ] --START--
INFO: ReadHtmlCache Behavior ::run [ RunTime:0.000839s ]
INFO: [ app_begin ] --END-- [ RunTime:0.000987s ]
SQL: SHOW COLUMNS FROM `tb_tcr` [ RunTime:0.003877s ]
SQL: SELECT * FROM `tb_tcr` WHERE ( tcrid=2 AND tcrps=1 ) LIMIT 1   [ RunTime:0.000455s ]
SQL: SELECT * FROM `tb_tcr` WHERE ( tcrid=2 ) LIMIT 1   [ RunTime:0.000289s ]
SQL: SELECT * FROM `tb_tcr` WHERE ( tcrid=2 ) LIMIT 1   [ RunTime:0.000317s ]
NOTIC: [2] Missing argument 1 for KZMBAction::setkzmb(), called in C:\wamp\www\xx\tcr\Lib\Action\IndexAction.class.php on line 29 and defined C:\wamp\www\xx\tcr\Lib\KZMB\KZMBAction.class.php 第 3 行.
SQL: SHOW COLUMNS FROM `tb_tcrbtn` [ RunTime:0.003275s ]
SQL: SELECT * FROM `tb_tcrbtn` WHERE ( f_tcrbtn_tcrid=2 AND tcrbtnnm='lft' ) LIMIT 1   [ RunTime:0.000374s ]
SQL: SELECT * FROM `tb_tcrbtn` WHERE ( f_tcrbtn_tcrid=2 AND tcrbtnnm='bs' ) LIMIT 1   [ RunTime:0.000321s ]
INFO: [ view_parse ] --START--
NOTIC: [8] Undefined variable: ntfstr C:\wamp\www\xx\tcr\Runtime\Cache\6f1d53a3c8454cf67e89dfe20c7b417a.php 第 61 行.
NOTIC: [8] Undefined variable: vo C:\wamp\www\xx\tcr\Runtime\Cache\6f1d53a3c8454cf67e89dfe20c7b417a.php 第 149 行.
NOTIC: [8] Use of undefined constant lbid - assumed 'lbid' C:\wamp\www\xx\tcr\Runtime\Cache\6f1d53a3c8454cf67e89dfe20c7b417a.php 第 150 行.
NOTIC: [8] Undefined variable: vo C:\wamp\www\xx\tcr\Runtime\Cache\6f1d53a3c8454cf67e89dfe20c7b417a.php 第 150 行.
INFO: ParseTemplate Behavior ::run [ RunTime:0.012705s ]
INFO: [ view_parse ] --END-- [ RunTime:0.012847s ]
INFO: [ view_filter ] --START--
INFO: ContentReplace Behavior ::run [ RunTime:0.000642s ]
INFO: TokenBuild Behavior ::run [ RunTime:0.000615s ]
INFO: WriteHtmlCache Behavior ::run [ RunTime:0.000458s ]
INFO: ShowRuntime Behavior ::run [ RunTime:0.000793s ]
INFO: [ view_filter ] --END-- [ RunTime:0.002847s ]
INFO: [ view_end ] --START--
INFO: ShowPageTrace Behavior ::run [ RunTime:0.000766s ]
INFO: [ view_end ] --END-- [ RunTime:0.000886s ]

[ 2015-06-05T14:32:51+08:00 ] 127.0.0.1 /xx/tcr.php
INFO: [ app_begin ] --START--
INFO: ReadHtmlCache Behavior ::run [ RunTime:0.000833s ]
INFO: [ app_begin ] --END-- [ RunTime:0.000982s ]
SQL: SHOW COLUMNS FROM `tb_tcr` [ RunTime:0.004123s ]
SQL: SELECT * FROM `tb_tcr` WHERE ( tcrid=2 AND tcrps=1 ) LIMIT 1   [ RunTime:0.000422s ]
SQL: SELECT * FROM `tb_tcr` WHERE ( tcrid=2 ) LIMIT 1   [ RunTime:0.000281s ]
SQL: SELECT * FROM `tb_tcr` WHERE ( tcrid=2 ) LIMIT 1   [ RunTime:0.000308s ]
NOTIC: [2] Missing argument 1 for KZMBAction::setkzmb(), called in C:\wamp\www\xx\tcr\Lib\Action\IndexAction.class.php on line 29 and defined C:\wamp\www\xx\tcr\Lib\KZMB\KZMBAction.class.php 第 3 行.
SQL: SHOW COLUMNS FROM `tb_tcrbtn` [ RunTime:0.003423s ]
SQL: SELECT * FROM `tb_tcrbtn` WHERE ( f_tcrbtn_tcrid=2 AND tcrbtnnm='lft' ) LIMIT 1   [ RunTime:0.000384s ]
SQL: SELECT * FROM `tb_tcrbtn` WHERE ( f_tcrbtn_tcrid=2 AND tcrbtnnm='bs' ) LIMIT 1   [ RunTime:0.000326s ]
INFO: [ view_parse ] --START--
NOTIC: [8] Undefined variable: ntfstr C:\wamp\www\xx\tcr\Runtime\Cache\6f1d53a3c8454cf67e89dfe20c7b417a.php 第 61 行.
NOTIC: [8] Undefined variable: vo C:\wamp\www\xx\tcr\Runtime\Cache\6f1d53a3c8454cf67e89dfe20c7b417a.php 第 149 行.
NOTIC: [8] Use of undefined constant lbid - assumed 'lbid' C:\wamp\www\xx\tcr\Runtime\Cache\6f1d53a3c8454cf67e89dfe20c7b417a.php 第 150 行.
NOTIC: [8] Undefined variable: vo C:\wamp\www\xx\tcr\Runtime\Cache\6f1d53a3c8454cf67e89dfe20c7b417a.php 第 150 行.
INFO: ParseTemplate Behavior ::run [ RunTime:0.012867s ]
INFO: [ view_parse ] --END-- [ RunTime:0.013007s ]
INFO: [ view_filter ] --START--
INFO: ContentReplace Behavior ::run [ RunTime:0.000651s ]
INFO: TokenBuild Behavior ::run [ RunTime:0.000621s ]
INFO: WriteHtmlCache Behavior ::run [ RunTime:0.000454s ]
INFO: ShowRuntime Behavior ::run [ RunTime:0.000804s ]
INFO: [ view_filter ] --END-- [ RunTime:0.002868s ]
INFO: [ view_end ] --START--
INFO: ShowPageTrace Behavior ::run [ RunTime:0.000778s ]
INFO: [ view_end ] --END-- [ RunTime:0.000907s ]

[ 2015-06-05T15:06:33+08:00 ] 127.0.0.1 /xx/tcr.php
INFO: [ app_begin ] --START--
INFO: ReadHtmlCache Behavior ::run [ RunTime:0.001163s ]
INFO: [ app_begin ] --END-- [ RunTime:0.001319s ]
SQL: SHOW COLUMNS FROM `tb_tcr` [ RunTime:0.004057s ]
SQL: SELECT * FROM `tb_tcr` WHERE ( tcrid=2 AND tcrps=1 ) LIMIT 1   [ RunTime:0.000413s ]
SQL: SELECT * FROM `tb_tcr` WHERE ( tcrid=2 ) LIMIT 1   [ RunTime:0.000335s ]
SQL: SELECT * FROM `tb_tcr` WHERE ( tcrid=2 ) LIMIT 1   [ RunTime:0.000286s ]
NOTIC: [2] Missing argument 1 for KZMBAction::setkzmb(), called in C:\wamp\www\xx\tcr\Lib\Action\IndexAction.class.php on line 29 and defined C:\wamp\www\xx\tcr\Lib\KZMB\KZMBAction.class.php 第 3 行.
SQL: SHOW COLUMNS FROM `tb_tcrbtn` [ RunTime:0.003837s ]
SQL: SELECT * FROM `tb_tcrbtn` WHERE ( f_tcrbtn_tcrid=2 AND tcrbtnnm='lft' ) LIMIT 1   [ RunTime:0.000358s ]
SQL: SELECT * FROM `tb_tcrbtn` WHERE ( f_tcrbtn_tcrid=2 AND tcrbtnnm='bs' ) LIMIT 1   [ RunTime:0.000321s ]
INFO: [ view_parse ] --START--
NOTIC: [8] Undefined variable: ntfstr C:\wamp\www\xx\tcr\Runtime\Cache\6f1d53a3c8454cf67e89dfe20c7b417a.php 第 61 行.
INFO: ParseTemplate Behavior ::run [ RunTime:0.070472s ]
INFO: [ view_parse ] --END-- [ RunTime:0.070613s ]
INFO: [ view_filter ] --START--
INFO: ContentReplace Behavior ::run [ RunTime:0.012518s ]
INFO: TokenBuild Behavior ::run [ RunTime:0.009013s ]
INFO: WriteHtmlCache Behavior ::run [ RunTime:0.000836s ]
INFO: ShowRuntime Behavior ::run [ RunTime:0.010323s ]
INFO: [ view_filter ] --END-- [ RunTime:0.033113s ]
INFO: [ view_end ] --START--
INFO: ShowPageTrace Behavior ::run [ RunTime:0.006536s ]
INFO: [ view_end ] --END-- [ RunTime:0.006705s ]

[ 2015-06-05T15:18:43+08:00 ] 127.0.0.1 /xx/tcr.php
INFO: [ app_begin ] --START--
INFO: ReadHtmlCache Behavior ::run [ RunTime:0.000869s ]
INFO: [ app_begin ] --END-- [ RunTime:0.001019s ]
SQL: SHOW COLUMNS FROM `tb_tcr` [ RunTime:0.059022s ]
SQL: SELECT * FROM `tb_tcr` WHERE ( tcrid=2 AND tcrps=1 ) LIMIT 1   [ RunTime:0.000449s ]
SQL: SELECT * FROM `tb_tcr` WHERE ( tcrid=2 ) LIMIT 1   [ RunTime:0.000271s ]
SQL: SELECT * FROM `tb_tcr` WHERE ( tcrid=2 ) LIMIT 1   [ RunTime:0.000273s ]
NOTIC: [2] Missing argument 1 for KZMBAction::setkzmb(), called in C:\wamp\www\xx\tcr\Lib\Action\IndexAction.class.php on line 29 and defined C:\wamp\www\xx\tcr\Lib\KZMB\KZMBAction.class.php 第 3 行.
SQL: SHOW COLUMNS FROM `tb_tcrbtn` [ RunTime:0.003416s ]
SQL: SELECT * FROM `tb_tcrbtn` WHERE ( f_tcrbtn_tcrid=2 AND tcrbtnnm='lft' ) LIMIT 1   [ RunTime:0.000366s ]
SQL: SELECT * FROM `tb_tcrbtn` WHERE ( f_tcrbtn_tcrid=2 AND tcrbtnnm='bs' ) LIMIT 1   [ RunTime:0.000273s ]
INFO: [ view_parse ] --START--
NOTIC: [8] Undefined variable: ntfstr C:\wamp\www\xx\tcr\Runtime\Cache\6f1d53a3c8454cf67e89dfe20c7b417a.php 第 61 行.
INFO: ParseTemplate Behavior ::run [ RunTime:0.012668s ]
INFO: [ view_parse ] --END-- [ RunTime:0.012807s ]
INFO: [ view_filter ] --START--
INFO: ContentReplace Behavior ::run [ RunTime:0.000913s ]
INFO: TokenBuild Behavior ::run [ RunTime:0.000776s ]
INFO: WriteHtmlCache Behavior ::run [ RunTime:0.000516s ]
INFO: ShowRuntime Behavior ::run [ RunTime:0.000738s ]
INFO: [ view_filter ] --END-- [ RunTime:0.003367s ]
INFO: [ view_end ] --START--
INFO: ShowPageTrace Behavior ::run [ RunTime:0.000776s ]
INFO: [ view_end ] --END-- [ RunTime:0.000898s ]

[ 2015-06-05T15:18:45+08:00 ] 127.0.0.1 /xx/tcr.php/Tcrbtn/update
INFO: [ route_check ] --START--
INFO: CheckRoute Behavior ::run [ RunTime:0.017975s ]
INFO: [ route_check ] --END-- [ RunTime:0.018205s ]
INFO: [ app_begin ] --START--
INFO: ReadHtmlCache Behavior ::run [ RunTime:0.000981s ]
INFO: [ app_begin ] --END-- [ RunTime:0.001119s ]
SQL: SHOW COLUMNS FROM `tb_tcrbtn` [ RunTime:0.005964s ]
NOTIC: [8] Undefined index: tcrbtnnm C:\wamp\www\xx\tcr\Lib\Action\TcrbtnAction.class.php 第 11 行.
SQL: SELECT * FROM `tb_tcrbtn` WHERE ( f_tcrbtn_tcrid=2 AND tcrbtnnm='' ) LIMIT 1   [ RunTime:0.000442s ]
NOTIC: [8] Undefined index: tcrbtnvl C:\wamp\www\xx\tcr\Lib\Action\TcrbtnAction.class.php 第 29 行.
SQL: INSERT INTO `tb_tcrbtn` (`f_tcrbtn_tcrid`,`tcrbtnnm`,`tcrbtnvl`) VALUES (2,null,null) [ RunTime:0.109874s ]

[ 2015-06-05T15:19:55+08:00 ] 127.0.0.1 /xx/tcr.php
INFO: [ app_begin ] --START--
INFO: ReadHtmlCache Behavior ::run [ RunTime:0.000687s ]
INFO: [ app_begin ] --END-- [ RunTime:0.000836s ]
SQL: SHOW COLUMNS FROM `tb_tcr` [ RunTime:0.004174s ]
SQL: SELECT * FROM `tb_tcr` WHERE ( tcrid=2 AND tcrps=1 ) LIMIT 1   [ RunTime:0.000388s ]
SQL: SELECT * FROM `tb_tcr` WHERE ( tcrid=2 ) LIMIT 1   [ RunTime:0.000263s ]
SQL: SELECT * FROM `tb_tcr` WHERE ( tcrid=2 ) LIMIT 1   [ RunTime:0.000244s ]
NOTIC: [2] Missing argument 1 for KZMBAction::setkzmb(), called in C:\wamp\www\xx\tcr\Lib\Action\IndexAction.class.php on line 29 and defined C:\wamp\www\xx\tcr\Lib\KZMB\KZMBAction.class.php 第 3 行.
SQL: SHOW COLUMNS FROM `tb_tcrbtn` [ RunTime:0.004010s ]
SQL: SELECT * FROM `tb_tcrbtn` WHERE ( f_tcrbtn_tcrid=2 AND tcrbtnnm='lft' ) LIMIT 1   [ RunTime:0.000391s ]
SQL: SELECT * FROM `tb_tcrbtn` WHERE ( f_tcrbtn_tcrid=2 AND tcrbtnnm='bs' ) LIMIT 1   [ RunTime:0.000337s ]
SQL: SELECT * FROM `tb_tcrbtn` WHERE ( f_tcrbtn_tcrid=2 AND tcrbtnnm='bs' ) LIMIT 1   [ RunTime:0.000262s ]
INFO: [ view_parse ] --START--
NOTIC: [8] Undefined variable: ntfstr C:\wamp\www\xx\tcr\Runtime\Cache\6f1d53a3c8454cf67e89dfe20c7b417a.php 第 61 行.
INFO: ParseTemplate Behavior ::run [ RunTime:0.011642s ]
INFO: [ view_parse ] --END-- [ RunTime:0.011782s ]
INFO: [ view_filter ] --START--
INFO: ContentReplace Behavior ::run [ RunTime:0.000629s ]
INFO: TokenBuild Behavior ::run [ RunTime:0.000554s ]
INFO: WriteHtmlCache Behavior ::run [ RunTime:0.000407s ]
INFO: ShowRuntime Behavior ::run [ RunTime:0.000654s ]
INFO: [ view_filter ] --END-- [ RunTime:0.002589s ]
INFO: [ view_end ] --START--
INFO: ShowPageTrace Behavior ::run [ RunTime:0.000689s ]
INFO: [ view_end ] --END-- [ RunTime:0.000811s ]

[ 2015-06-05T15:21:30+08:00 ] 127.0.0.1 /xx/tcr.php
INFO: [ app_begin ] --START--
INFO: ReadHtmlCache Behavior ::run [ RunTime:0.000840s ]
INFO: [ app_begin ] --END-- [ RunTime:0.000988s ]
SQL: SHOW COLUMNS FROM `tb_tcr` [ RunTime:0.003805s ]
SQL: SELECT * FROM `tb_tcr` WHERE ( tcrid=2 AND tcrps=1 ) LIMIT 1   [ RunTime:0.000387s ]
SQL: SELECT * FROM `tb_tcr` WHERE ( tcrid=2 ) LIMIT 1   [ RunTime:0.000303s ]
SQL: SELECT * FROM `tb_tcr` WHERE ( tcrid=2 ) LIMIT 1   [ RunTime:0.000399s ]
NOTIC: [2] Missing argument 1 for KZMBAction::setkzmb(), called in C:\wamp\www\xx\tcr\Lib\Action\IndexAction.class.php on line 29 and defined C:\wamp\www\xx\tcr\Lib\KZMB\KZMBAction.class.php 第 3 行.
SQL: SHOW COLUMNS FROM `tb_tcrbtn` [ RunTime:0.003928s ]
SQL: SELECT * FROM `tb_tcrbtn` WHERE ( f_tcrbtn_tcrid=2 AND tcrbtnnm='lft' ) LIMIT 1   [ RunTime:0.000330s ]
SQL: SELECT * FROM `tb_tcrbtn` WHERE ( f_tcrbtn_tcrid=2 AND tcrbtnnm='bs' ) LIMIT 1   [ RunTime:0.000233s ]
SQL: SELECT * FROM `tb_tcrbtn` WHERE ( f_tcrbtn_tcrid=2 AND tcrbtnnm='bs' ) LIMIT 1   [ RunTime:0.000255s ]
INFO: [ view_parse ] --START--
NOTIC: [8] Undefined variable: ntfstr C:\wamp\www\xx\tcr\Runtime\Cache\6f1d53a3c8454cf67e89dfe20c7b417a.php 第 61 行.
INFO: ParseTemplate Behavior ::run [ RunTime:0.012107s ]
INFO: [ view_parse ] --END-- [ RunTime:0.012248s ]
INFO: [ view_filter ] --START--
INFO: ContentReplace Behavior ::run [ RunTime:0.000646s ]
INFO: TokenBuild Behavior ::run [ RunTime:0.000767s ]
INFO: WriteHtmlCache Behavior ::run [ RunTime:0.000519s ]
INFO: ShowRuntime Behavior ::run [ RunTime:0.000760s ]
INFO: [ view_filter ] --END-- [ RunTime:0.003039s ]
INFO: [ view_end ] --START--
INFO: ShowPageTrace Behavior ::run [ RunTime:0.000767s ]
INFO: [ view_end ] --END-- [ RunTime:0.000890s ]

[ 2015-06-05T15:25:57+08:00 ] 127.0.0.1 /xx/tcr.php/Tcrbtn/update
INFO: [ route_check ] --START--
INFO: CheckRoute Behavior ::run [ RunTime:0.001110s ]
INFO: [ route_check ] --END-- [ RunTime:0.001270s ]
INFO: [ app_begin ] --START--
INFO: ReadHtmlCache Behavior ::run [ RunTime:0.000804s ]
INFO: [ app_begin ] --END-- [ RunTime:0.000924s ]
SQL: SHOW COLUMNS FROM `tb_tcrbtn` [ RunTime:0.004075s ]
NOTIC: [8] Undefined index: tcrbtnnm C:\wamp\www\xx\tcr\Lib\Action\TcrbtnAction.class.php 第 11 行.
SQL: SELECT * FROM `tb_tcrbtn` WHERE ( f_tcrbtn_tcrid=2 AND tcrbtnnm='' ) LIMIT 1   [ RunTime:0.000403s ]
NOTIC: [8] Undefined index: tcrbtnvl C:\wamp\www\xx\tcr\Lib\Action\TcrbtnAction.class.php 第 29 行.
SQL: INSERT INTO `tb_tcrbtn` (`f_tcrbtn_tcrid`,`tcrbtnnm`,`tcrbtnvl`) VALUES (2,null,null) [ RunTime:0.155056s ]

[ 2015-06-05T15:28:26+08:00 ] 127.0.0.1 /xx/tcr.php/Tcrbtn/update
INFO: [ route_check ] --START--
INFO: CheckRoute Behavior ::run [ RunTime:0.001109s ]
INFO: [ route_check ] --END-- [ RunTime:0.001270s ]
INFO: [ app_begin ] --START--
INFO: ReadHtmlCache Behavior ::run [ RunTime:0.001026s ]
INFO: [ app_begin ] --END-- [ RunTime:0.001148s ]
SQL: SHOW COLUMNS FROM `tb_tcrbtn` [ RunTime:0.004230s ]
NOTIC: [8] Undefined index: tcrbtnnm C:\wamp\www\xx\tcr\Lib\Action\TcrbtnAction.class.php 第 11 行.

[ 2015-06-05T15:28:49+08:00 ] 127.0.0.1 /xx/tcr.php/Tcrbtn/update
INFO: [ route_check ] --START--
INFO: CheckRoute Behavior ::run [ RunTime:0.001294s ]
INFO: [ route_check ] --END-- [ RunTime:0.001536s ]
INFO: [ app_begin ] --START--
INFO: ReadHtmlCache Behavior ::run [ RunTime:0.000711s ]
INFO: [ app_begin ] --END-- [ RunTime:0.000824s ]
SQL: SHOW COLUMNS FROM `tb_tcrbtn` [ RunTime:0.004633s ]
NOTIC: [8] Undefined index: tcrbtnnm C:\wamp\www\xx\tcr\Lib\Action\TcrbtnAction.class.php 第 11 行.

[ 2015-06-05T15:29:31+08:00 ] 127.0.0.1 /xx/tcr.php
INFO: [ app_begin ] --START--
INFO: ReadHtmlCache Behavior ::run [ RunTime:0.000698s ]
INFO: [ app_begin ] --END-- [ RunTime:0.000866s ]
SQL: SHOW COLUMNS FROM `tb_tcr` [ RunTime:0.048569s ]
SQL: SELECT * FROM `tb_tcr` WHERE ( tcrid=2 AND tcrps=1 ) LIMIT 1   [ RunTime:0.000478s ]
SQL: SELECT * FROM `tb_tcr` WHERE ( tcrid=2 ) LIMIT 1   [ RunTime:0.054616s ]
SQL: SELECT * FROM `tb_tcr` WHERE ( tcrid=2 ) LIMIT 1   [ RunTime:0.000409s ]
NOTIC: [2] Missing argument 1 for KZMBAction::setkzmb(), called in C:\wamp\www\xx\tcr\Lib\Action\IndexAction.class.php on line 29 and defined C:\wamp\www\xx\tcr\Lib\KZMB\KZMBAction.class.php 第 3 行.
SQL: SHOW COLUMNS FROM `tb_tcrbtn` [ RunTime:0.004225s ]
SQL: SELECT * FROM `tb_tcrbtn` WHERE ( f_tcrbtn_tcrid=2 AND tcrbtnnm='lft' ) LIMIT 1   [ RunTime:0.000353s ]
SQL: SELECT * FROM `tb_tcrbtn` WHERE ( f_tcrbtn_tcrid=2 AND tcrbtnnm='bs' ) LIMIT 1   [ RunTime:0.000289s ]
SQL: SELECT * FROM `tb_tcrbtn` WHERE ( f_tcrbtn_tcrid=2 AND tcrbtnnm='bs' ) LIMIT 1   [ RunTime:0.000243s ]
INFO: [ view_parse ] --START--
NOTIC: [8] Undefined variable: ntfstr C:\wamp\www\xx\tcr\Runtime\Cache\6f1d53a3c8454cf67e89dfe20c7b417a.php 第 61 行.
INFO: ParseTemplate Behavior ::run [ RunTime:0.013015s ]
INFO: [ view_parse ] --END-- [ RunTime:0.013162s ]
INFO: [ view_filter ] --START--
INFO: ContentReplace Behavior ::run [ RunTime:0.000697s ]
INFO: TokenBuild Behavior ::run [ RunTime:0.000644s ]
INFO: WriteHtmlCache Behavior ::run [ RunTime:0.000477s ]
INFO: ShowRuntime Behavior ::run [ RunTime:0.000748s ]
INFO: [ view_filter ] --END-- [ RunTime:0.002923s ]
INFO: [ view_end ] --START--
INFO: ShowPageTrace Behavior ::run [ RunTime:0.000806s ]
INFO: [ view_end ] --END-- [ RunTime:0.000928s ]

[ 2015-06-05T15:29:34+08:00 ] 127.0.0.1 /xx/tcr.php/Tcrbtn/update
INFO: [ route_check ] --START--
INFO: CheckRoute Behavior ::run [ RunTime:0.001624s ]
INFO: [ route_check ] --END-- [ RunTime:0.001878s ]
INFO: [ app_begin ] --START--
INFO: ReadHtmlCache Behavior ::run [ RunTime:0.001166s ]
INFO: [ app_begin ] --END-- [ RunTime:0.001347s ]
SQL: SHOW COLUMNS FROM `tb_tcrbtn` [ RunTime:0.004427s ]
NOTIC: [8] Undefined index: tcrbtnnm C:\wamp\www\xx\tcr\Lib\Action\TcrbtnAction.class.php 第 11 行.

[ 2015-06-05T15:35:58+08:00 ] 127.0.0.1 /xx/tcr.php
INFO: [ app_begin ] --START--
INFO: ReadHtmlCache Behavior ::run [ RunTime:0.000941s ]
INFO: [ app_begin ] --END-- [ RunTime:0.001099s ]
SQL: SHOW COLUMNS FROM `tb_tcr` [ RunTime:0.005505s ]
SQL: SELECT * FROM `tb_tcr` WHERE ( tcrid=2 AND tcrps=1 ) LIMIT 1   [ RunTime:0.000536s ]
SQL: SELECT * FROM `tb_tcr` WHERE ( tcrid=2 ) LIMIT 1   [ RunTime:0.000412s ]
SQL: SELECT * FROM `tb_tcr` WHERE ( tcrid=2 ) LIMIT 1   [ RunTime:0.000364s ]
NOTIC: [2] Missing argument 1 for KZMBAction::setkzmb(), called in C:\wamp\www\xx\tcr\Lib\Action\IndexAction.class.php on line 29 and defined C:\wamp\www\xx\tcr\Lib\KZMB\KZMBAction.class.php 第 3 行.
SQL: SHOW COLUMNS FROM `tb_tcrbtn` [ RunTime:0.004061s ]
SQL: SELECT * FROM `tb_tcrbtn` WHERE ( f_tcrbtn_tcrid=2 AND tcrbtnnm='lft' ) LIMIT 1   [ RunTime:0.000333s ]
SQL: SELECT * FROM `tb_tcrbtn` WHERE ( f_tcrbtn_tcrid=2 AND tcrbtnnm='bs' ) LIMIT 1   [ RunTime:0.000282s ]
SQL: SELECT * FROM `tb_tcrbtn` WHERE ( f_tcrbtn_tcrid=2 AND tcrbtnnm='bs' ) LIMIT 1   [ RunTime:0.000268s ]
INFO: [ view_parse ] --START--
NOTIC: [8] Undefined variable: ntfstr C:\wamp\www\xx\tcr\Runtime\Cache\6f1d53a3c8454cf67e89dfe20c7b417a.php 第 61 行.
INFO: ParseTemplate Behavior ::run [ RunTime:0.069436s ]
INFO: [ view_parse ] --END-- [ RunTime:0.069647s ]
INFO: [ view_filter ] --START--
INFO: ContentReplace Behavior ::run [ RunTime:0.000853s ]
INFO: TokenBuild Behavior ::run [ RunTime:0.000689s ]
INFO: WriteHtmlCache Behavior ::run [ RunTime:0.000489s ]
INFO: ShowRuntime Behavior ::run [ RunTime:0.000737s ]
INFO: [ view_filter ] --END-- [ RunTime:0.003136s ]
INFO: [ view_end ] --START--
INFO: ShowPageTrace Behavior ::run [ RunTime:0.000777s ]
INFO: [ view_end ] --END-- [ RunTime:0.000915s ]

[ 2015-06-05T15:36:50+08:00 ] 127.0.0.1 /xx/tcr.php
INFO: [ app_begin ] --START--
INFO: ReadHtmlCache Behavior ::run [ RunTime:0.001030s ]
INFO: [ app_begin ] --END-- [ RunTime:0.001223s ]
SQL: SHOW COLUMNS FROM `tb_tcr` [ RunTime:0.004277s ]
SQL: SELECT * FROM `tb_tcr` WHERE ( tcrid=2 AND tcrps=1 ) LIMIT 1   [ RunTime:0.000363s ]
SQL: SELECT * FROM `tb_tcr` WHERE ( tcrid=2 ) LIMIT 1   [ RunTime:0.000238s ]
SQL: SELECT * FROM `tb_tcr` WHERE ( tcrid=2 ) LIMIT 1   [ RunTime:0.000258s ]
NOTIC: [2] Missing argument 1 for KZMBAction::setkzmb(), called in C:\wamp\www\xx\tcr\Lib\Action\IndexAction.class.php on line 29 and defined C:\wamp\www\xx\tcr\Lib\KZMB\KZMBAction.class.php 第 3 行.
SQL: SHOW COLUMNS FROM `tb_tcrbtn` [ RunTime:0.003489s ]
SQL: SELECT * FROM `tb_tcrbtn` WHERE ( f_tcrbtn_tcrid=2 AND tcrbtnnm='lft' ) LIMIT 1   [ RunTime:0.000317s ]
SQL: SELECT * FROM `tb_tcrbtn` WHERE ( f_tcrbtn_tcrid=2 AND tcrbtnnm='bs' ) LIMIT 1   [ RunTime:0.000353s ]
SQL: SELECT * FROM `tb_tcrbtn` WHERE ( f_tcrbtn_tcrid=2 AND tcrbtnnm='bs' ) LIMIT 1   [ RunTime:0.000356s ]
INFO: [ view_parse ] --START--
NOTIC: [8] Undefined variable: ntfstr C:\wamp\www\xx\tcr\Runtime\Cache\6f1d53a3c8454cf67e89dfe20c7b417a.php 第 61 行.
INFO: ParseTemplate Behavior ::run [ RunTime:0.011987s ]
INFO: [ view_parse ] --END-- [ RunTime:0.012151s ]
INFO: [ view_filter ] --START--
INFO: ContentReplace Behavior ::run [ RunTime:0.000600s ]
INFO: TokenBuild Behavior ::run [ RunTime:0.000872s ]
INFO: WriteHtmlCache Behavior ::run [ RunTime:0.000604s ]
INFO: ShowRuntime Behavior ::run [ RunTime:0.000734s ]
INFO: [ view_filter ] --END-- [ RunTime:0.003305s ]
INFO: [ view_end ] --START--
INFO: ShowPageTrace Behavior ::run [ RunTime:0.000724s ]
INFO: [ view_end ] --END-- [ RunTime:0.000847s ]

[ 2015-06-05T15:47:28+08:00 ] 127.0.0.1 /xx/tcr.php
INFO: [ app_begin ] --START--
INFO: ReadHtmlCache Behavior ::run [ RunTime:0.000885s ]
INFO: [ app_begin ] --END-- [ RunTime:0.001035s ]
SQL: SHOW COLUMNS FROM `tb_tcr` [ RunTime:0.003905s ]
SQL: SELECT * FROM `tb_tcr` WHERE ( tcrid=2 AND tcrps=1 ) LIMIT 1   [ RunTime:0.000362s ]
SQL: SELECT * FROM `tb_tcr` WHERE ( tcrid=2 ) LIMIT 1   [ RunTime:0.000216s ]
SQL: SELECT * FROM `tb_tcr` WHERE ( tcrid=2 ) LIMIT 1   [ RunTime:0.000217s ]
NOTIC: [2] Missing argument 1 for KZMBAction::setkzmb(), called in C:\wamp\www\xx\tcr\Lib\Action\IndexAction.class.php on line 29 and defined C:\wamp\www\xx\tcr\Lib\KZMB\KZMBAction.class.php 第 3 行.
SQL: SHOW COLUMNS FROM `tb_tcrbtn` [ RunTime:0.003318s ]
SQL: SELECT * FROM `tb_tcrbtn` WHERE ( f_tcrbtn_tcrid=2 AND tcrbtnnm='lft' ) LIMIT 1   [ RunTime:0.000328s ]
SQL: SELECT * FROM `tb_tcrbtn` WHERE ( f_tcrbtn_tcrid=2 AND tcrbtnnm='bs' ) LIMIT 1   [ RunTime:0.000348s ]
SQL: SELECT * FROM `tb_tcrbtn` WHERE ( f_tcrbtn_tcrid=2 AND tcrbtnnm='bs' ) LIMIT 1   [ RunTime:0.000284s ]
INFO: [ view_parse ] --START--
NOTIC: [8] Undefined variable: ntfstr C:\wamp\www\xx\tcr\Runtime\Cache\6f1d53a3c8454cf67e89dfe20c7b417a.php 第 61 行.
INFO: ParseTemplate Behavior ::run [ RunTime:0.014232s ]
INFO: [ view_parse ] --END-- [ RunTime:0.014413s ]
INFO: [ view_filter ] --START--
INFO: ContentReplace Behavior ::run [ RunTime:0.000738s ]
INFO: TokenBuild Behavior ::run [ RunTime:0.000669s ]
INFO: WriteHtmlCache Behavior ::run [ RunTime:0.000520s ]
INFO: ShowRuntime Behavior ::run [ RunTime:0.000823s ]
INFO: [ view_filter ] --END-- [ RunTime:0.003124s ]
INFO: [ view_end ] --START--
INFO: ShowPageTrace Behavior ::run [ RunTime:0.000883s ]
INFO: [ view_end ] --END-- [ RunTime:0.001011s ]

[ 2015-06-05T15:47:59+08:00 ] 127.0.0.1 /xx/tcr.php
INFO: [ app_begin ] --START--
INFO: ReadHtmlCache Behavior ::run [ RunTime:0.000891s ]
INFO: [ app_begin ] --END-- [ RunTime:0.001053s ]
SQL: SHOW COLUMNS FROM `tb_tcr` [ RunTime:0.004456s ]
SQL: SELECT * FROM `tb_tcr` WHERE ( tcrid=2 AND tcrps=1 ) LIMIT 1   [ RunTime:0.000438s ]
SQL: SELECT * FROM `tb_tcr` WHERE ( tcrid=2 ) LIMIT 1   [ RunTime:0.000316s ]
SQL: SELECT * FROM `tb_tcr` WHERE ( tcrid=2 ) LIMIT 1   [ RunTime:0.000297s ]
NOTIC: [2] Missing argument 1 for KZMBAction::setkzmb(), called in C:\wamp\www\xx\tcr\Lib\Action\IndexAction.class.php on line 29 and defined C:\wamp\www\xx\tcr\Lib\KZMB\KZMBAction.class.php 第 3 行.
SQL: SHOW COLUMNS FROM `tb_tcrbtn` [ RunTime:0.003821s ]
SQL: SELECT * FROM `tb_tcrbtn` WHERE ( f_tcrbtn_tcrid=2 AND tcrbtnnm='lft' ) LIMIT 1   [ RunTime:0.000305s ]
SQL: SELECT * FROM `tb_tcrbtn` WHERE ( f_tcrbtn_tcrid=2 AND tcrbtnnm='bs' ) LIMIT 1   [ RunTime:0.000271s ]
SQL: SELECT * FROM `tb_tcrbtn` WHERE ( f_tcrbtn_tcrid=2 AND tcrbtnnm='bs' ) LIMIT 1   [ RunTime:0.000264s ]
INFO: [ view_parse ] --START--
NOTIC: [8] Undefined variable: ntfstr C:\wamp\www\xx\tcr\Runtime\Cache\6f1d53a3c8454cf67e89dfe20c7b417a.php 第 61 行.
INFO: ParseTemplate Behavior ::run [ RunTime:0.013422s ]
INFO: [ view_parse ] --END-- [ RunTime:0.013567s ]
INFO: [ view_filter ] --START--
INFO: ContentReplace Behavior ::run [ RunTime:0.000682s ]
INFO: TokenBuild Behavior ::run [ RunTime:0.000678s ]
INFO: WriteHtmlCache Behavior ::run [ RunTime:0.000476s ]
INFO: ShowRuntime Behavior ::run [ RunTime:0.000763s ]
INFO: [ view_filter ] --END-- [ RunTime:0.002947s ]
INFO: [ view_end ] --START--
INFO: ShowPageTrace Behavior ::run [ RunTime:0.000938s ]
INFO: [ view_end ] --END-- [ RunTime:0.001064s ]

[ 2015-06-05T15:48:00+08:00 ] 127.0.0.1 /xx/tcr.php/Tcrbtn/update
INFO: [ route_check ] --START--
INFO: CheckRoute Behavior ::run [ RunTime:0.000972s ]
INFO: [ route_check ] --END-- [ RunTime:0.001132s ]
INFO: [ app_begin ] --START--
INFO: ReadHtmlCache Behavior ::run [ RunTime:0.000735s ]
INFO: [ app_begin ] --END-- [ RunTime:0.000851s ]
SQL: SHOW COLUMNS FROM `tb_tcrbtn` [ RunTime:0.003823s ]
NOTIC: [8] Undefined index: tcrbtnnm C:\wamp\www\xx\tcr\Lib\Action\TcrbtnAction.class.php 第 11 行.

[ 2015-06-05T15:54:19+08:00 ] 127.0.0.1 /xx/tcr.php
INFO: [ app_begin ] --START--
INFO: ReadHtmlCache Behavior ::run [ RunTime:0.001122s ]
INFO: [ app_begin ] --END-- [ RunTime:0.001340s ]
SQL: SHOW COLUMNS FROM `tb_tcr` [ RunTime:0.005094s ]
SQL: SELECT * FROM `tb_tcr` WHERE ( tcrid=2 AND tcrps=1 ) LIMIT 1   [ RunTime:0.000460s ]
SQL: SELECT * FROM `tb_tcr` WHERE ( tcrid=2 ) LIMIT 1   [ RunTime:0.000306s ]
SQL: SELECT * FROM `tb_tcr` WHERE ( tcrid=2 ) LIMIT 1   [ RunTime:0.000318s ]
NOTIC: [2] Missing argument 1 for KZMBAction::setkzmb(), called in C:\wamp\www\xx\tcr\Lib\Action\IndexAction.class.php on line 29 and defined C:\wamp\www\xx\tcr\Lib\KZMB\KZMBAction.class.php 第 3 行.
SQL: SHOW COLUMNS FROM `tb_tcrbtn` [ RunTime:0.003908s ]
SQL: SELECT * FROM `tb_tcrbtn` WHERE ( f_tcrbtn_tcrid=2 AND tcrbtnnm='lft' ) LIMIT 1   [ RunTime:0.000341s ]
SQL: SELECT * FROM `tb_tcrbtn` WHERE ( f_tcrbtn_tcrid=2 AND tcrbtnnm='bs' ) LIMIT 1   [ RunTime:0.000646s ]
SQL: SELECT * FROM `tb_tcrbtn` WHERE ( f_tcrbtn_tcrid=2 AND tcrbtnnm='bs' ) LIMIT 1   [ RunTime:0.000321s ]
INFO: [ view_parse ] --START--
NOTIC: [8] Undefined variable: ntfstr C:\wamp\www\xx\tcr\Runtime\Cache\6f1d53a3c8454cf67e89dfe20c7b417a.php 第 61 行.
INFO: ParseTemplate Behavior ::run [ RunTime:0.013668s ]
INFO: [ view_parse ] --END-- [ RunTime:0.013810s ]
INFO: [ view_filter ] --START--
INFO: ContentReplace Behavior ::run [ RunTime:0.000840s ]
INFO: TokenBuild Behavior ::run [ RunTime:0.000979s ]
INFO: WriteHtmlCache Behavior ::run [ RunTime:0.000650s ]
INFO: ShowRuntime Behavior ::run [ RunTime:0.000785s ]
INFO: [ view_filter ] --END-- [ RunTime:0.003735s ]
INFO: [ view_end ] --START--
INFO: ShowPageTrace Behavior ::run [ RunTime:0.001129s ]
INFO: [ view_end ] --END-- [ RunTime:0.001261s ]

[ 2015-06-05T15:54:25+08:00 ] 127.0.0.1 /xx/tcr.php/Tcrbtn/update
INFO: [ route_check ] --START--
INFO: CheckRoute Behavior ::run [ RunTime:0.001104s ]
INFO: [ route_check ] --END-- [ RunTime:0.001263s ]
INFO: [ app_begin ] --START--
INFO: ReadHtmlCache Behavior ::run [ RunTime:0.000783s ]
INFO: [ app_begin ] --END-- [ RunTime:0.000900s ]
SQL: SHOW COLUMNS FROM `tb_tcrbtn` [ RunTime:0.003777s ]
NOTIC: [8] Undefined index: tcrbtnnm C:\wamp\www\xx\tcr\Lib\Action\TcrbtnAction.class.php 第 11 行.

[ 2015-06-05T15:55:18+08:00 ] 127.0.0.1 /xx/tcr.php/Tcrbtn/update
INFO: [ route_check ] --START--
INFO: CheckRoute Behavior ::run [ RunTime:0.001308s ]
INFO: [ route_check ] --END-- [ RunTime:0.001560s ]
INFO: [ app_begin ] --START--
INFO: ReadHtmlCache Behavior ::run [ RunTime:0.001090s ]
INFO: [ app_begin ] --END-- [ RunTime:0.001277s ]
SQL: SHOW COLUMNS FROM `tb_tcrbtn` [ RunTime:0.004472s ]
NOTIC: [8] Undefined index: tcrbtnnm C:\wamp\www\xx\tcr\Lib\Action\TcrbtnAction.class.php 第 11 行.
NOTIC: [8] Undefined index: btnnm C:\wamp\www\xx\tcr\Lib\Action\TcrbtnAction.class.php 第 11 行.

[ 2015-06-05T15:59:52+08:00 ] 127.0.0.1 /xx/tcr.php/Tcrbtn/update
INFO: [ route_check ] --START--
INFO: CheckRoute Behavior ::run [ RunTime:0.001102s ]
INFO: [ route_check ] --END-- [ RunTime:0.001266s ]
INFO: [ app_begin ] --START--
INFO: ReadHtmlCache Behavior ::run [ RunTime:0.000854s ]
INFO: [ app_begin ] --END-- [ RunTime:0.000978s ]
SQL: SHOW COLUMNS FROM `tb_tcrbtn` [ RunTime:0.003820s ]
NOTIC: [8] Undefined index: tcrbtnnm C:\wamp\www\xx\tcr\Lib\Action\TcrbtnAction.class.php 第 11 行.
NOTIC: [8] Undefined index: btnnm C:\wamp\www\xx\tcr\Lib\Action\TcrbtnAction.class.php 第 11 行.

[ 2015-06-05T16:00:01+08:00 ] 127.0.0.1 /xx/tcr.php
INFO: [ app_begin ] --START--
INFO: ReadHtmlCache Behavior ::run [ RunTime:0.000684s ]
INFO: [ app_begin ] --END-- [ RunTime:0.000835s ]
SQL: SHOW COLUMNS FROM `tb_tcr` [ RunTime:0.005019s ]
SQL: SELECT * FROM `tb_tcr` WHERE ( tcrid=2 AND tcrps=1 ) LIMIT 1   [ RunTime:0.000580s ]
SQL: SELECT * FROM `tb_tcr` WHERE ( tcrid=2 ) LIMIT 1   [ RunTime:0.000376s ]
SQL: SELECT * FROM `tb_tcr` WHERE ( tcrid=2 ) LIMIT 1   [ RunTime:0.000328s ]
NOTIC: [2] Missing argument 1 for KZMBAction::setkzmb(), called in C:\wamp\www\xx\tcr\Lib\Action\IndexAction.class.php on line 29 and defined C:\wamp\www\xx\tcr\Lib\KZMB\KZMBAction.class.php 第 3 行.
SQL: SHOW COLUMNS FROM `tb_tcrbtn` [ RunTime:0.004310s ]
SQL: SELECT * FROM `tb_tcrbtn` WHERE ( f_tcrbtn_tcrid=2 AND tcrbtnnm='lft' ) LIMIT 1   [ RunTime:0.000434s ]
SQL: SELECT * FROM `tb_tcrbtn` WHERE ( f_tcrbtn_tcrid=2 AND tcrbtnnm='bs' ) LIMIT 1   [ RunTime:0.000353s ]
SQL: SELECT * FROM `tb_tcrbtn` WHERE ( f_tcrbtn_tcrid=2 AND tcrbtnnm='bs' ) LIMIT 1   [ RunTime:0.000319s ]
INFO: [ view_parse ] --START--
NOTIC: [8] Undefined variable: ntfstr C:\wamp\www\xx\tcr\Runtime\Cache\6f1d53a3c8454cf67e89dfe20c7b417a.php 第 61 行.
INFO: ParseTemplate Behavior ::run [ RunTime:0.013402s ]
INFO: [ view_parse ] --END-- [ RunTime:0.013609s ]
INFO: [ view_filter ] --START--
INFO: ContentReplace Behavior ::run [ RunTime:0.000655s ]
INFO: TokenBuild Behavior ::run [ RunTime:0.000635s ]
INFO: WriteHtmlCache Behavior ::run [ RunTime:0.000472s ]
INFO: ShowRuntime Behavior ::run [ RunTime:0.000752s ]
INFO: [ view_filter ] --END-- [ RunTime:0.002875s ]
INFO: [ view_end ] --START--
INFO: ShowPageTrace Behavior ::run [ RunTime:0.000771s ]
INFO: [ view_end ] --END-- [ RunTime:0.000894s ]

[ 2015-06-05T16:00:03+08:00 ] 127.0.0.1 /xx/tcr.php/Tcrbtn/update
INFO: [ route_check ] --START--
INFO: CheckRoute Behavior ::run [ RunTime:0.001124s ]
INFO: [ route_check ] --END-- [ RunTime:0.001283s ]
INFO: [ app_begin ] --START--
INFO: ReadHtmlCache Behavior ::run [ RunTime:0.000907s ]
INFO: [ app_begin ] --END-- [ RunTime:0.001038s ]
SQL: SHOW COLUMNS FROM `tb_tcrbtn` [ RunTime:0.004567s ]
NOTIC: [8] Undefined index: tcrbtnnm C:\wamp\www\xx\tcr\Lib\Action\TcrbtnAction.class.php 第 11 行.

[ 2015-06-05T16:00:51+08:00 ] 127.0.0.1 /xx/tcr.php
INFO: [ app_begin ] --START--
INFO: ReadHtmlCache Behavior ::run [ RunTime:0.000681s ]
INFO: [ app_begin ] --END-- [ RunTime:0.000827s ]
SQL: SHOW COLUMNS FROM `tb_tcr` [ RunTime:0.004416s ]
SQL: SELECT * FROM `tb_tcr` WHERE ( tcrid=2 AND tcrps=1 ) LIMIT 1   [ RunTime:0.000417s ]
SQL: SELECT * FROM `tb_tcr` WHERE ( tcrid=2 ) LIMIT 1   [ RunTime:0.000301s ]
SQL: SELECT * FROM `tb_tcr` WHERE ( tcrid=2 ) LIMIT 1   [ RunTime:0.000291s ]
NOTIC: [2] Missing argument 1 for KZMBAction::setkzmb(), called in C:\wamp\www\xx\tcr\Lib\Action\IndexAction.class.php on line 29 and defined C:\wamp\www\xx\tcr\Lib\KZMB\KZMBAction.class.php 第 3 行.
SQL: SHOW COLUMNS FROM `tb_tcrbtn` [ RunTime:0.003912s ]
SQL: SELECT * FROM `tb_tcrbtn` WHERE ( f_tcrbtn_tcrid=2 AND tcrbtnnm='lft' ) LIMIT 1   [ RunTime:0.000346s ]
SQL: SELECT * FROM `tb_tcrbtn` WHERE ( f_tcrbtn_tcrid=2 AND tcrbtnnm='bs' ) LIMIT 1   [ RunTime:0.000286s ]
SQL: SELECT * FROM `tb_tcrbtn` WHERE ( f_tcrbtn_tcrid=2 AND tcrbtnnm='bs' ) LIMIT 1   [ RunTime:0.000228s ]
INFO: [ view_parse ] --START--
NOTIC: [8] Undefined variable: ntfstr C:\wamp\www\xx\tcr\Runtime\Cache\6f1d53a3c8454cf67e89dfe20c7b417a.php 第 61 行.
INFO: ParseTemplate Behavior ::run [ RunTime:0.013507s ]
INFO: [ view_parse ] --END-- [ RunTime:0.013647s ]
INFO: [ view_filter ] --START--
INFO: ContentReplace Behavior ::run [ RunTime:0.000649s ]
INFO: TokenBuild Behavior ::run [ RunTime:0.000644s ]
INFO: WriteHtmlCache Behavior ::run [ RunTime:0.000560s ]
INFO: ShowRuntime Behavior ::run [ RunTime:0.000818s ]
INFO: [ view_filter ] --END-- [ RunTime:0.003086s ]
INFO: [ view_end ] --START--
INFO: ShowPageTrace Behavior ::run [ RunTime:0.001296s ]
INFO: [ view_end ] --END-- [ RunTime:0.001505s ]

[ 2015-06-05T16:01:20+08:00 ] 127.0.0.1 /xx/tcr.php/Tcrbtn/update
INFO: [ route_check ] --START--
INFO: CheckRoute Behavior ::run [ RunTime:0.001141s ]
INFO: [ route_check ] --END-- [ RunTime:0.001341s ]
INFO: [ app_begin ] --START--
INFO: ReadHtmlCache Behavior ::run [ RunTime:0.000835s ]
INFO: [ app_begin ] --END-- [ RunTime:0.000953s ]
SQL: SHOW COLUMNS FROM `tb_tcrbtn` [ RunTime:0.004248s ]
NOTIC: [8] Undefined index: tcrbtnnm C:\wamp\www\xx\tcr\Lib\Action\TcrbtnAction.class.php 第 11 行.

[ 2015-06-05T16:02:43+08:00 ] 127.0.0.1 /xx/tcr.php
INFO: [ app_begin ] --START--
INFO: ReadHtmlCache Behavior ::run [ RunTime:0.000758s ]
INFO: [ app_begin ] --END-- [ RunTime:0.000950s ]
SQL: SHOW COLUMNS FROM `tb_tcr` [ RunTime:0.004389s ]
SQL: SELECT * FROM `tb_tcr` WHERE ( tcrid=2 AND tcrps=1 ) LIMIT 1   [ RunTime:0.000371s ]
SQL: SELECT * FROM `tb_tcr` WHERE ( tcrid=2 ) LIMIT 1   [ RunTime:0.000323s ]
SQL: SELECT * FROM `tb_tcr` WHERE ( tcrid=2 ) LIMIT 1   [ RunTime:0.000264s ]
NOTIC: [2] Missing argument 1 for KZMBAction::setkzmb(), called in C:\wamp\www\xx\tcr\Lib\Action\IndexAction.class.php on line 29 and defined C:\wamp\www\xx\tcr\Lib\KZMB\KZMBAction.class.php 第 3 行.
SQL: SHOW COLUMNS FROM `tb_tcrbtn` [ RunTime:0.003465s ]
SQL: SELECT * FROM `tb_tcrbtn` WHERE ( f_tcrbtn_tcrid=2 AND tcrbtnnm='lft' ) LIMIT 1   [ RunTime:0.000360s ]
SQL: SELECT * FROM `tb_tcrbtn` WHERE ( f_tcrbtn_tcrid=2 AND tcrbtnnm='bs' ) LIMIT 1   [ RunTime:0.000308s ]
SQL: SELECT * FROM `tb_tcrbtn` WHERE ( f_tcrbtn_tcrid=2 AND tcrbtnnm='bs' ) LIMIT 1   [ RunTime:0.000250s ]
INFO: [ view_parse ] --START--
NOTIC: [8] Undefined variable: ntfstr C:\wamp\www\xx\tcr\Runtime\Cache\6f1d53a3c8454cf67e89dfe20c7b417a.php 第 61 行.
INFO: ParseTemplate Behavior ::run [ RunTime:0.012925s ]
INFO: [ view_parse ] --END-- [ RunTime:0.013064s ]
INFO: [ view_filter ] --START--
INFO: ContentReplace Behavior ::run [ RunTime:0.000673s ]
INFO: TokenBuild Behavior ::run [ RunTime:0.000614s ]
INFO: WriteHtmlCache Behavior ::run [ RunTime:0.000465s ]
INFO: ShowRuntime Behavior ::run [ RunTime:0.000725s ]
INFO: [ view_filter ] --END-- [ RunTime:0.002816s ]
INFO: [ view_end ] --START--
INFO: ShowPageTrace Behavior ::run [ RunTime:0.000811s ]
INFO: [ view_end ] --END-- [ RunTime:0.000932s ]

[ 2015-06-05T16:02:45+08:00 ] 127.0.0.1 /xx/tcr.php/Tcrbtn/update
INFO: [ route_check ] --START--
INFO: CheckRoute Behavior ::run [ RunTime:0.000879s ]
INFO: [ route_check ] --END-- [ RunTime:0.001039s ]
INFO: [ app_begin ] --START--
INFO: ReadHtmlCache Behavior ::run [ RunTime:0.000753s ]
INFO: [ app_begin ] --END-- [ RunTime:0.000871s ]
SQL: SHOW COLUMNS FROM `tb_tcrbtn` [ RunTime:0.004396s ]
NOTIC: [8] Undefined index: tcrbtnnm C:\wamp\www\xx\tcr\Lib\Action\TcrbtnAction.class.php 第 11 行.

[ 2015-06-05T16:03:09+08:00 ] 127.0.0.1 /xx/tcr.php/Tcrbtn/update
INFO: [ route_check ] --START--
INFO: CheckRoute Behavior ::run [ RunTime:0.001020s ]
INFO: [ route_check ] --END-- [ RunTime:0.001233s ]
INFO: [ app_begin ] --START--
INFO: ReadHtmlCache Behavior ::run [ RunTime:0.000830s ]
INFO: [ app_begin ] --END-- [ RunTime:0.000981s ]
SQL: SHOW COLUMNS FROM `tb_tcrbtn` [ RunTime:0.004540s ]
SQL: SELECT * FROM `tb_tcrbtn` WHERE ( f_tcrbtn_tcrid=2 AND tcrbtnnm='bs' ) LIMIT 1   [ RunTime:0.000404s ]
SQL: SELECT * FROM `tb_tcrbtn` WHERE ( f_tcrbtn_tcrid=2 AND tcrbtnnm='bs' ) LIMIT 1   [ RunTime:0.000784s ]
NOTIC: [8] Undefined index: tcrbtnvl C:\wamp\www\xx\tcr\Lib\Action\TcrbtnAction.class.php 第 15 行.
SQL: UPDATE `tb_tcrbtn` SET `tcrbtnvl`=null WHERE ( tcrbtnid=1 ) [ RunTime:0.152092s ]

[ 2015-06-05T16:03:15+08:00 ] 127.0.0.1 /xx/tcr.php/Tcrbtn/update
INFO: [ route_check ] --START--
INFO: CheckRoute Behavior ::run [ RunTime:0.001002s ]
INFO: [ route_check ] --END-- [ RunTime:0.001207s ]
INFO: [ app_begin ] --START--
INFO: ReadHtmlCache Behavior ::run [ RunTime:0.000761s ]
INFO: [ app_begin ] --END-- [ RunTime:0.000877s ]
SQL: SHOW COLUMNS FROM `tb_tcrbtn` [ RunTime:0.003707s ]
SQL: SELECT * FROM `tb_tcrbtn` WHERE ( f_tcrbtn_tcrid=2 AND tcrbtnnm='bs' ) LIMIT 1   [ RunTime:0.000432s ]
SQL: SELECT * FROM `tb_tcrbtn` WHERE ( f_tcrbtn_tcrid=2 AND tcrbtnnm='bs' ) LIMIT 1   [ RunTime:0.000347s ]
NOTIC: [8] Undefined index: tcrbtnvl C:\wamp\www\xx\tcr\Lib\Action\TcrbtnAction.class.php 第 15 行.
SQL: UPDATE `tb_tcrbtn` SET `tcrbtnvl`=null WHERE ( tcrbtnid=1 ) [ RunTime:0.167027s ]

[ 2015-06-05T16:18:42+08:00 ] 127.0.0.1 /xx/tcr.php/Tcrbtn/update
INFO: [ route_check ] --START--
INFO: CheckRoute Behavior ::run [ RunTime:0.012947s ]
INFO: [ route_check ] --END-- [ RunTime:0.013223s ]
INFO: [ app_begin ] --START--
INFO: ReadHtmlCache Behavior ::run [ RunTime:0.001354s ]
INFO: [ app_begin ] --END-- [ RunTime:0.001514s ]
SQL: SHOW COLUMNS FROM `tb_tcrbtn` [ RunTime:0.011919s ]

[ 2015-06-05T16:19:15+08:00 ] 127.0.0.1 /xx/tcr.php/Tcrbtn/update
INFO: [ route_check ] --START--
INFO: CheckRoute Behavior ::run [ RunTime:0.001351s ]
INFO: [ route_check ] --END-- [ RunTime:0.001601s ]
INFO: [ app_begin ] --START--
INFO: ReadHtmlCache Behavior ::run [ RunTime:0.000970s ]
INFO: [ app_begin ] --END-- [ RunTime:0.001114s ]
SQL: SHOW COLUMNS FROM `tb_tcrbtn` [ RunTime:0.004065s ]
SQL: SELECT * FROM `tb_tcrbtn` WHERE ( f_tcrbtn_tcrid=2 AND tcrbtnnm='bs' ) LIMIT 1   [ RunTime:0.000457s ]
SQL: SELECT * FROM `tb_tcrbtn` WHERE ( f_tcrbtn_tcrid=2 AND tcrbtnnm='bs' ) LIMIT 1   [ RunTime:0.000291s ]
NOTIC: [8] Undefined index: tcrbtnvl C:\wamp\www\xx\tcr\Lib\Action\TcrbtnAction.class.php 第 15 行.
SQL: UPDATE `tb_tcrbtn` SET `tcrbtnvl`=null WHERE ( tcrbtnid=1 ) [ RunTime:0.105034s ]

[ 2015-06-05T16:19:40+08:00 ] 127.0.0.1 /xx/tcr.php
INFO: [ app_begin ] --START--
INFO: ReadHtmlCache Behavior ::run [ RunTime:0.001163s ]
INFO: [ app_begin ] --END-- [ RunTime:0.001457s ]
SQL: SHOW COLUMNS FROM `tb_tcr` [ RunTime:0.003950s ]
SQL: SELECT * FROM `tb_tcr` WHERE ( tcrid=2 AND tcrps=1 ) LIMIT 1   [ RunTime:0.000384s ]
SQL: SELECT * FROM `tb_tcr` WHERE ( tcrid=2 ) LIMIT 1   [ RunTime:0.000314s ]
SQL: SELECT * FROM `tb_tcr` WHERE ( tcrid=2 ) LIMIT 1   [ RunTime:0.000259s ]
NOTIC: [2] Missing argument 1 for KZMBAction::setkzmb(), called in C:\wamp\www\xx\tcr\Lib\Action\IndexAction.class.php on line 29 and defined C:\wamp\www\xx\tcr\Lib\KZMB\KZMBAction.class.php 第 3 行.
SQL: SHOW COLUMNS FROM `tb_tcrbtn` [ RunTime:0.003866s ]
SQL: SELECT * FROM `tb_tcrbtn` WHERE ( f_tcrbtn_tcrid=2 AND tcrbtnnm='lft' ) LIMIT 1   [ RunTime:0.000362s ]
SQL: SELECT * FROM `tb_tcrbtn` WHERE ( f_tcrbtn_tcrid=2 AND tcrbtnnm='bs' ) LIMIT 1   [ RunTime:0.000248s ]
SQL: SELECT * FROM `tb_tcrbtn` WHERE ( f_tcrbtn_tcrid=2 AND tcrbtnnm='bs' ) LIMIT 1   [ RunTime:0.000359s ]
INFO: [ view_parse ] --START--
NOTIC: [8] Undefined variable: ntfstr C:\wamp\www\xx\tcr\Runtime\Cache\6f1d53a3c8454cf67e89dfe20c7b417a.php 第 61 行.
INFO: ParseTemplate Behavior ::run [ RunTime:0.085590s ]
INFO: [ view_parse ] --END-- [ RunTime:0.085738s ]
INFO: [ view_filter ] --START--
INFO: ContentReplace Behavior ::run [ RunTime:0.007275s ]
INFO: TokenBuild Behavior ::run [ RunTime:0.008990s ]
INFO: WriteHtmlCache Behavior ::run [ RunTime:0.000837s ]
INFO: ShowRuntime Behavior ::run [ RunTime:0.010048s ]
INFO: [ view_filter ] --END-- [ RunTime:0.027584s ]
INFO: [ view_end ] --START--
INFO: ShowPageTrace Behavior ::run [ RunTime:0.007016s ]
INFO: [ view_end ] --END-- [ RunTime:0.007192s ]

[ 2015-06-05T16:19:51+08:00 ] 127.0.0.1 /xx/tcr.php
INFO: [ app_begin ] --START--
INFO: ReadHtmlCache Behavior ::run [ RunTime:0.000910s ]
INFO: [ app_begin ] --END-- [ RunTime:0.001066s ]
SQL: SHOW COLUMNS FROM `tb_tcr` [ RunTime:0.004150s ]
SQL: SELECT * FROM `tb_tcr` WHERE ( tcrid=2 AND tcrps=1 ) LIMIT 1   [ RunTime:0.000506s ]
SQL: SELECT * FROM `tb_tcr` WHERE ( tcrid=2 ) LIMIT 1   [ RunTime:0.000296s ]
SQL: SELECT * FROM `tb_tcr` WHERE ( tcrid=2 ) LIMIT 1   [ RunTime:0.000342s ]
NOTIC: [2] Missing argument 1 for KZMBAction::setkzmb(), called in C:\wamp\www\xx\tcr\Lib\Action\IndexAction.class.php on line 29 and defined C:\wamp\www\xx\tcr\Lib\KZMB\KZMBAction.class.php 第 3 行.
SQL: SHOW COLUMNS FROM `tb_tcrbtn` [ RunTime:0.003625s ]
SQL: SELECT * FROM `tb_tcrbtn` WHERE ( f_tcrbtn_tcrid=2 AND tcrbtnnm='lft' ) LIMIT 1   [ RunTime:0.000337s ]
SQL: SELECT * FROM `tb_tcrbtn` WHERE ( f_tcrbtn_tcrid=2 AND tcrbtnnm='bs' ) LIMIT 1   [ RunTime:0.000352s ]
SQL: SELECT * FROM `tb_tcrbtn` WHERE ( f_tcrbtn_tcrid=2 AND tcrbtnnm='bs' ) LIMIT 1   [ RunTime:0.000283s ]
INFO: [ view_parse ] --START--
NOTIC: [8] Undefined variable: ntfstr C:\wamp\www\xx\tcr\Runtime\Cache\6f1d53a3c8454cf67e89dfe20c7b417a.php 第 61 行.
INFO: ParseTemplate Behavior ::run [ RunTime:0.012120s ]
INFO: [ view_parse ] --END-- [ RunTime:0.012275s ]
INFO: [ view_filter ] --START--
INFO: ContentReplace Behavior ::run [ RunTime:0.000637s ]
INFO: TokenBuild Behavior ::run [ RunTime:0.000832s ]
INFO: WriteHtmlCache Behavior ::run [ RunTime:0.000477s ]
INFO: ShowRuntime Behavior ::run [ RunTime:0.000750s ]
INFO: [ view_filter ] --END-- [ RunTime:0.003061s ]
INFO: [ view_end ] --START--
INFO: ShowPageTrace Behavior ::run [ RunTime:0.000768s ]
INFO: [ view_end ] --END-- [ RunTime:0.000891s ]

[ 2015-06-05T16:21:52+08:00 ] 127.0.0.1 /xx/tcr.php
INFO: [ app_begin ] --START--
INFO: ReadHtmlCache Behavior ::run [ RunTime:0.001047s ]
INFO: [ app_begin ] --END-- [ RunTime:0.001242s ]
SQL: SHOW COLUMNS FROM `tb_tcr` [ RunTime:0.003968s ]
SQL: SELECT * FROM `tb_tcr` WHERE ( tcrid=2 AND tcrps=1 ) LIMIT 1   [ RunTime:0.000404s ]
SQL: SELECT * FROM `tb_tcr` WHERE ( tcrid=2 ) LIMIT 1   [ RunTime:0.000364s ]
SQL: SELECT * FROM `tb_tcr` WHERE ( tcrid=2 ) LIMIT 1   [ RunTime:0.000368s ]
NOTIC: [2] Missing argument 1 for KZMBAction::setkzmb(), called in C:\wamp\www\xx\tcr\Lib\Action\IndexAction.class.php on line 29 and defined C:\wamp\www\xx\tcr\Lib\KZMB\KZMBAction.class.php 第 3 行.
SQL: SHOW COLUMNS FROM `tb_tcrbtn` [ RunTime:0.004555s ]
SQL: SELECT * FROM `tb_tcrbtn` WHERE ( f_tcrbtn_tcrid=2 AND tcrbtnnm='lft' ) LIMIT 1   [ RunTime:0.000383s ]
SQL: SELECT * FROM `tb_tcrbtn` WHERE ( f_tcrbtn_tcrid=2 AND tcrbtnnm='bs' ) LIMIT 1   [ RunTime:0.000389s ]
SQL: SELECT * FROM `tb_tcrbtn` WHERE ( f_tcrbtn_tcrid=2 AND tcrbtnnm='bs' ) LIMIT 1   [ RunTime:0.000376s ]
INFO: [ view_parse ] --START--
NOTIC: [8] Undefined variable: ntfstr C:\wamp\www\xx\tcr\Runtime\Cache\6f1d53a3c8454cf67e89dfe20c7b417a.php 第 61 行.
INFO: ParseTemplate Behavior ::run [ RunTime:0.012829s ]
INFO: [ view_parse ] --END-- [ RunTime:0.012972s ]
INFO: [ view_filter ] --START--
INFO: ContentReplace Behavior ::run [ RunTime:0.000842s ]
INFO: TokenBuild Behavior ::run [ RunTime:0.000645s ]
INFO: WriteHtmlCache Behavior ::run [ RunTime:0.000497s ]
INFO: ShowRuntime Behavior ::run [ RunTime:0.000763s ]
INFO: [ view_filter ] --END-- [ RunTime:0.003165s ]
INFO: [ view_end ] --START--
INFO: ShowPageTrace Behavior ::run [ RunTime:0.000855s ]
INFO: [ view_end ] --END-- [ RunTime:0.001020s ]

[ 2015-06-05T16:21:54+08:00 ] 127.0.0.1 /xx/tcr.php/Tcrbtn/update
INFO: [ route_check ] --START--
INFO: CheckRoute Behavior ::run [ RunTime:0.001058s ]
INFO: [ route_check ] --END-- [ RunTime:0.001217s ]
INFO: [ app_begin ] --START--
INFO: ReadHtmlCache Behavior ::run [ RunTime:0.001225s ]
INFO: [ app_begin ] --END-- [ RunTime:0.001409s ]
SQL: SHOW COLUMNS FROM `tb_tcrbtn` [ RunTime:0.005290s ]
SQL: SELECT * FROM `tb_tcrbtn` WHERE ( f_tcrbtn_tcrid=2 AND tcrbtnnm='bs' ) LIMIT 1   [ RunTime:0.000475s ]
SQL: SELECT * FROM `tb_tcrbtn` WHERE ( f_tcrbtn_tcrid=2 AND tcrbtnnm='bs' ) LIMIT 1   [ RunTime:0.000345s ]
SQL: UPDATE `tb_tcrbtn` SET `tcrbtnvl`='glyphicon glyphicon-triangle-top' WHERE ( tcrbtnid=1 ) [ RunTime:0.103523s ]

[ 2015-06-05T16:21:55+08:00 ] 127.0.0.1 /xx/tcr.php/Tcrbtn/update
INFO: [ route_check ] --START--
INFO: CheckRoute Behavior ::run [ RunTime:0.001094s ]
INFO: [ route_check ] --END-- [ RunTime:0.001253s ]
INFO: [ app_begin ] --START--
INFO: ReadHtmlCache Behavior ::run [ RunTime:0.000790s ]
INFO: [ app_begin ] --END-- [ RunTime:0.000905s ]
SQL: SHOW COLUMNS FROM `tb_tcrbtn` [ RunTime:0.004569s ]
SQL: SELECT * FROM `tb_tcrbtn` WHERE ( f_tcrbtn_tcrid=2 AND tcrbtnnm='bs' ) LIMIT 1   [ RunTime:0.000585s ]
SQL: SELECT * FROM `tb_tcrbtn` WHERE ( f_tcrbtn_tcrid=2 AND tcrbtnnm='bs' ) LIMIT 1   [ RunTime:0.000402s ]
SQL: UPDATE `tb_tcrbtn` SET `tcrbtnvl`='glyphicon glyphicon-triangle-bottom' WHERE ( tcrbtnid=1 ) [ RunTime:0.104242s ]

[ 2015-06-05T16:21:56+08:00 ] 127.0.0.1 /xx/tcr.php/Tcrbtn/update
INFO: [ route_check ] --START--
INFO: CheckRoute Behavior ::run [ RunTime:0.001420s ]
INFO: [ route_check ] --END-- [ RunTime:0.001661s ]
INFO: [ app_begin ] --START--
INFO: ReadHtmlCache Behavior ::run [ RunTime:0.001091s ]
INFO: [ app_begin ] --END-- [ RunTime:0.001287s ]
SQL: SHOW COLUMNS FROM `tb_tcrbtn` [ RunTime:0.004966s ]
SQL: SELECT * FROM `tb_tcrbtn` WHERE ( f_tcrbtn_tcrid=2 AND tcrbtnnm='bs' ) LIMIT 1   [ RunTime:0.000412s ]
SQL: SELECT * FROM `tb_tcrbtn` WHERE ( f_tcrbtn_tcrid=2 AND tcrbtnnm='bs' ) LIMIT 1   [ RunTime:0.000354s ]
SQL: UPDATE `tb_tcrbtn` SET `tcrbtnvl`='glyphicon glyphicon-triangle-top' WHERE ( tcrbtnid=1 ) [ RunTime:0.143847s ]

