[ 2015-11-18T06:05:40+08:00 ] 123.125.71.85 /xx/tcr.php
INFO: [ app_begin ] --START--
INFO: ReadHtmlCache Behavior ::run [ RunTime:0.007469s ]
INFO: [ app_begin ] --END-- [ RunTime:0.007623s ]
INFO: [ view_parse ] --START--
INFO: ParseTemplate Behavior ::run [ RunTime:0.058832s ]
INFO: [ view_parse ] --END-- [ RunTime:0.058988s ]
INFO: [ view_filter ] --START--
INFO: ContentReplace Behavior ::run [ RunTime:0.007149s ]
INFO: TokenBuild Behavior ::run [ RunTime:0.007114s ]
INFO: WriteHtmlCache Behavior ::run [ RunTime:0.008023s ]
INFO: ShowRuntime Behavior ::run [ RunTime:0.008669s ]
INFO: [ view_filter ] --END-- [ RunTime:0.031379s ]
INFO: [ view_end ] --START--
INFO: ShowPageTrace Behavior ::run [ RunTime:0.008587s ]
INFO: [ view_end ] --END-- [ RunTime:0.008750s ]

[ 2015-11-18T14:11:21+08:00 ] 123.125.71.25 /xx/tcr.php/Tcr/gtxpg/x/forget
INFO: [ route_check ] --START--
INFO: CheckRoute Behavior ::run [ RunTime:0.005060s ]
INFO: [ route_check ] --END-- [ RunTime:0.005215s ]
INFO: [ app_begin ] --START--
INFO: ReadHtmlCache Behavior ::run [ RunTime:0.007409s ]
INFO: [ app_begin ] --END-- [ RunTime:0.007588s ]
SQL: SHOW COLUMNS FROM `tb_tcr` [ RunTime:0.003305s ]
SQL: SELECT * FROM `tb_tcr` WHERE ( tcrid= ) LIMIT 1   [ RunTime:0.000212s ]
ERR: 1064:You have an error in your SQL syntax; check the manual that corresponds to your MySQL server version for the right syntax to use near ') LIMIT 1' at line 1
 [ SQL语句 ] : SELECT * FROM `tb_tcr` WHERE ( tcrid= ) LIMIT 1  
SQL: SHOW COLUMNS FROM `tb_md` [ RunTime:0.002580s ]
SQL: SELECT * FROM `tb_md` WHERE ( mdmk='Tcr' ) LIMIT 1   [ RunTime:0.000588s ]
SQL: SHOW COLUMNS FROM `tb_tcrbtn` [ RunTime:0.002759s ]
SQL: SELECT * FROM `tb_tcrbtn` WHERE ( f_tcrbtn_tcrid= AND tcrbtnnm='lft' ) LIMIT 1   [ RunTime:0.000538s ]
ERR: 1064:You have an error in your SQL syntax; check the manual that corresponds to your MySQL server version for the right syntax to use near 'AND tcrbtnnm='lft' ) LIMIT 1' at line 1
 [ SQL语句 ] : SELECT * FROM `tb_tcrbtn` WHERE ( f_tcrbtn_tcrid= AND tcrbtnnm='lft' ) LIMIT 1  
SQL: SELECT * FROM `tb_tcrbtn` WHERE ( f_tcrbtn_tcrid= AND tcrbtnnm='bs' ) LIMIT 1   [ RunTime:0.000136s ]
ERR: 1064:You have an error in your SQL syntax; check the manual that corresponds to your MySQL server version for the right syntax to use near 'AND tcrbtnnm='bs' ) LIMIT 1' at line 1
 [ SQL语句 ] : SELECT * FROM `tb_tcrbtn` WHERE ( f_tcrbtn_tcrid= AND tcrbtnnm='bs' ) LIMIT 1  
INFO: [ view_parse ] --START--
INFO: ParseTemplate Behavior ::run [ RunTime:0.061305s ]
INFO: [ view_parse ] --END-- [ RunTime:0.061505s ]
INFO: [ view_filter ] --START--
INFO: ContentReplace Behavior ::run [ RunTime:0.007137s ]
INFO: TokenBuild Behavior ::run [ RunTime:0.007165s ]
INFO: WriteHtmlCache Behavior ::run [ RunTime:0.006892s ]
INFO: ShowRuntime Behavior ::run [ RunTime:0.007381s ]
INFO: [ view_filter ] --END-- [ RunTime:0.028946s ]
INFO: [ view_end ] --START--
INFO: ShowPageTrace Behavior ::run [ RunTime:0.007465s ]
INFO: [ view_end ] --END-- [ RunTime:0.007580s ]

[ 2015-11-18T16:57:13+08:00 ] 123.125.71.25 /xx/tcr.php
INFO: [ app_begin ] --START--
INFO: ReadHtmlCache Behavior ::run [ RunTime:0.007546s ]
INFO: [ app_begin ] --END-- [ RunTime:0.007708s ]
INFO: [ view_parse ] --START--
INFO: ParseTemplate Behavior ::run [ RunTime:0.050927s ]
INFO: [ view_parse ] --END-- [ RunTime:0.051089s ]
INFO: [ view_filter ] --START--
INFO: ContentReplace Behavior ::run [ RunTime:0.004047s ]
INFO: TokenBuild Behavior ::run [ RunTime:0.004202s ]
INFO: WriteHtmlCache Behavior ::run [ RunTime:0.006916s ]
INFO: ShowRuntime Behavior ::run [ RunTime:0.007308s ]
INFO: [ view_filter ] --END-- [ RunTime:0.022791s ]
INFO: [ view_end ] --START--
INFO: ShowPageTrace Behavior ::run [ RunTime:0.007536s ]
INFO: [ view_end ] --END-- [ RunTime:0.007701s ]

