[ 2015-10-19T11:37:46+08:00 ] 218.108.42.114 /xx/tcr.php
INFO: [ app_begin ] --START--
INFO: ReadHtmlCache Behavior ::run [ RunTime:0.008786s ]
INFO: [ app_begin ] --END-- [ RunTime:0.008936s ]
INFO: [ view_parse ] --START--
INFO: ParseTemplate Behavior ::run [ RunTime:0.057627s ]
INFO: [ view_parse ] --END-- [ RunTime:0.057793s ]
INFO: [ view_filter ] --START--
INFO: ContentReplace Behavior ::run [ RunTime:0.007797s ]
INFO: TokenBuild Behavior ::run [ RunTime:0.007077s ]
INFO: WriteHtmlCache Behavior ::run [ RunTime:0.007031s ]
INFO: ShowRuntime Behavior ::run [ RunTime:0.007189s ]
INFO: [ view_filter ] --END-- [ RunTime:0.029425s ]
INFO: [ view_end ] --START--
INFO: ShowPageTrace Behavior ::run [ RunTime:0.008050s ]
INFO: [ view_end ] --END-- [ RunTime:0.008172s ]

[ 2015-10-19T16:50:16+08:00 ] 68.180.228.176 /xx/tcr.php/Tcr/gtxpg/x/forget
INFO: [ route_check ] --START--
INFO: CheckRoute Behavior ::run [ RunTime:0.007893s ]
INFO: [ route_check ] --END-- [ RunTime:0.008049s ]
INFO: [ app_begin ] --START--
INFO: ReadHtmlCache Behavior ::run [ RunTime:0.004530s ]
INFO: [ app_begin ] --END-- [ RunTime:0.004733s ]
SQL: SHOW COLUMNS FROM `tb_tcr` [ RunTime:0.003300s ]
SQL: SELECT * FROM `tb_tcr` WHERE ( tcrid= ) LIMIT 1   [ RunTime:0.000412s ]
ERR: 1064:You have an error in your SQL syntax; check the manual that corresponds to your MySQL server version for the right syntax to use near ') LIMIT 1' at line 1
 [ SQL语句 ] : SELECT * FROM `tb_tcr` WHERE ( tcrid= ) LIMIT 1  
SQL: SHOW COLUMNS FROM `tb_md` [ RunTime:0.003207s ]
SQL: SELECT * FROM `tb_md` WHERE ( mdmk='Tcr' ) LIMIT 1   [ RunTime:0.000463s ]
SQL: SHOW COLUMNS FROM `tb_tcrbtn` [ RunTime:0.002574s ]
SQL: SELECT * FROM `tb_tcrbtn` WHERE ( f_tcrbtn_tcrid= AND tcrbtnnm='lft' ) LIMIT 1   [ RunTime:0.000549s ]
ERR: 1064:You have an error in your SQL syntax; check the manual that corresponds to your MySQL server version for the right syntax to use near 'AND tcrbtnnm='lft' ) LIMIT 1' at line 1
 [ SQL语句 ] : SELECT * FROM `tb_tcrbtn` WHERE ( f_tcrbtn_tcrid= AND tcrbtnnm='lft' ) LIMIT 1  
SQL: SELECT * FROM `tb_tcrbtn` WHERE ( f_tcrbtn_tcrid= AND tcrbtnnm='bs' ) LIMIT 1   [ RunTime:0.000136s ]
ERR: 1064:You have an error in your SQL syntax; check the manual that corresponds to your MySQL server version for the right syntax to use near 'AND tcrbtnnm='bs' ) LIMIT 1' at line 1
 [ SQL语句 ] : SELECT * FROM `tb_tcrbtn` WHERE ( f_tcrbtn_tcrid= AND tcrbtnnm='bs' ) LIMIT 1  
INFO: [ view_parse ] --START--
INFO: ParseTemplate Behavior ::run [ RunTime:0.052748s ]
INFO: [ view_parse ] --END-- [ RunTime:0.053019s ]
INFO: [ view_filter ] --START--
INFO: ContentReplace Behavior ::run [ RunTime:0.007556s ]
INFO: TokenBuild Behavior ::run [ RunTime:0.004064s ]
INFO: WriteHtmlCache Behavior ::run [ RunTime:0.006879s ]
INFO: ShowRuntime Behavior ::run [ RunTime:0.004214s ]
INFO: [ view_filter ] --END-- [ RunTime:0.023112s ]
INFO: [ view_end ] --START--
INFO: ShowPageTrace Behavior ::run [ RunTime:0.007518s ]
INFO: [ view_end ] --END-- [ RunTime:0.007638s ]

