[ 2015-11-10T00:34:32+08:00 ] 180.76.15.140 /xx/tcr.php
INFO: [ app_begin ] --START--
INFO: ReadHtmlCache Behavior ::run [ RunTime:0.007475s ]
INFO: [ app_begin ] --END-- [ RunTime:0.007627s ]
INFO: [ view_parse ] --START--
INFO: ParseTemplate Behavior ::run [ RunTime:0.057878s ]
INFO: [ view_parse ] --END-- [ RunTime:0.058032s ]
INFO: [ view_filter ] --START--
INFO: ContentReplace Behavior ::run [ RunTime:0.007091s ]
INFO: TokenBuild Behavior ::run [ RunTime:0.007137s ]
INFO: WriteHtmlCache Behavior ::run [ RunTime:0.006851s ]
INFO: ShowRuntime Behavior ::run [ RunTime:0.007379s ]
INFO: [ view_filter ] --END-- [ RunTime:0.028779s ]
INFO: [ view_end ] --START--
INFO: ShowPageTrace Behavior ::run [ RunTime:0.007432s ]
INFO: [ view_end ] --END-- [ RunTime:0.007546s ]

[ 2015-11-10T14:50:31+08:00 ] 68.180.228.176 /xx/tcr.php
INFO: [ app_begin ] --START--
INFO: ReadHtmlCache Behavior ::run [ RunTime:0.007356s ]
INFO: [ app_begin ] --END-- [ RunTime:0.007513s ]
INFO: [ view_parse ] --START--
INFO: ParseTemplate Behavior ::run [ RunTime:0.060817s ]
INFO: [ view_parse ] --END-- [ RunTime:0.060980s ]
INFO: [ view_filter ] --START--
INFO: ContentReplace Behavior ::run [ RunTime:0.007111s ]
INFO: TokenBuild Behavior ::run [ RunTime:0.007173s ]
INFO: WriteHtmlCache Behavior ::run [ RunTime:0.006846s ]
INFO: ShowRuntime Behavior ::run [ RunTime:0.007312s ]
INFO: [ view_filter ] --END-- [ RunTime:0.028767s ]
INFO: [ view_end ] --START--
INFO: ShowPageTrace Behavior ::run [ RunTime:0.007461s ]
INFO: [ view_end ] --END-- [ RunTime:0.007577s ]

[ 2015-11-10T15:26:56+08:00 ] 66.249.75.91 /xx/tcr.php
INFO: [ app_begin ] --START--
INFO: ReadHtmlCache Behavior ::run [ RunTime:0.007477s ]
INFO: [ app_begin ] --END-- [ RunTime:0.007639s ]
INFO: [ view_parse ] --START--
INFO: ParseTemplate Behavior ::run [ RunTime:0.060650s ]
INFO: [ view_parse ] --END-- [ RunTime:0.060809s ]
INFO: [ view_filter ] --START--
INFO: ContentReplace Behavior ::run [ RunTime:0.007091s ]
INFO: TokenBuild Behavior ::run [ RunTime:0.007221s ]
INFO: WriteHtmlCache Behavior ::run [ RunTime:0.006856s ]
INFO: ShowRuntime Behavior ::run [ RunTime:0.007169s ]
INFO: [ view_filter ] --END-- [ RunTime:0.028654s ]
INFO: [ view_end ] --START--
INFO: ShowPageTrace Behavior ::run [ RunTime:0.007621s ]
INFO: [ view_end ] --END-- [ RunTime:0.007739s ]

[ 2015-11-10T18:54:42+08:00 ] 42.156.138.79 /xx/tcr.php/Tcr/gtxpg/x/forget
INFO: [ route_check ] --START--
INFO: CheckRoute Behavior ::run [ RunTime:0.001674s ]
INFO: [ route_check ] --END-- [ RunTime:0.001828s ]
INFO: [ app_begin ] --START--
INFO: ReadHtmlCache Behavior ::run [ RunTime:0.002689s ]
INFO: [ app_begin ] --END-- [ RunTime:0.002809s ]
SQL: SHOW COLUMNS FROM `tb_tcr` [ RunTime:0.003403s ]
SQL: SELECT * FROM `tb_tcr` WHERE ( tcrid= ) LIMIT 1   [ RunTime:0.000269s ]
ERR: 1064:You have an error in your SQL syntax; check the manual that corresponds to your MySQL server version for the right syntax to use near ') LIMIT 1' at line 1
 [ SQL语句 ] : SELECT * FROM `tb_tcr` WHERE ( tcrid= ) LIMIT 1  
SQL: SHOW COLUMNS FROM `tb_md` [ RunTime:0.002094s ]
SQL: SELECT * FROM `tb_md` WHERE ( mdmk='Tcr' ) LIMIT 1   [ RunTime:0.000537s ]
SQL: SHOW COLUMNS FROM `tb_tcrbtn` [ RunTime:0.002713s ]
SQL: SELECT * FROM `tb_tcrbtn` WHERE ( f_tcrbtn_tcrid= AND tcrbtnnm='lft' ) LIMIT 1   [ RunTime:0.000532s ]
ERR: 1064:You have an error in your SQL syntax; check the manual that corresponds to your MySQL server version for the right syntax to use near 'AND tcrbtnnm='lft' ) LIMIT 1' at line 1
 [ SQL语句 ] : SELECT * FROM `tb_tcrbtn` WHERE ( f_tcrbtn_tcrid= AND tcrbtnnm='lft' ) LIMIT 1  
SQL: SELECT * FROM `tb_tcrbtn` WHERE ( f_tcrbtn_tcrid= AND tcrbtnnm='bs' ) LIMIT 1   [ RunTime:0.000151s ]
ERR: 1064:You have an error in your SQL syntax; check the manual that corresponds to your MySQL server version for the right syntax to use near 'AND tcrbtnnm='bs' ) LIMIT 1' at line 1
 [ SQL语句 ] : SELECT * FROM `tb_tcrbtn` WHERE ( f_tcrbtn_tcrid= AND tcrbtnnm='bs' ) LIMIT 1  
INFO: [ view_parse ] --START--
INFO: ParseTemplate Behavior ::run [ RunTime:0.036872s ]
INFO: [ view_parse ] --END-- [ RunTime:0.037077s ]
INFO: [ view_filter ] --START--
INFO: ContentReplace Behavior ::run [ RunTime:0.000872s ]
INFO: TokenBuild Behavior ::run [ RunTime:0.000828s ]
INFO: WriteHtmlCache Behavior ::run [ RunTime:0.000621s ]
INFO: ShowRuntime Behavior ::run [ RunTime:0.002586s ]
INFO: [ view_filter ] --END-- [ RunTime:0.005261s ]
INFO: [ view_end ] --START--
INFO: ShowPageTrace Behavior ::run [ RunTime:0.007483s ]
INFO: [ view_end ] --END-- [ RunTime:0.007599s ]

