[ 2015-10-28T12:12:42+08:00 ] 66.249.79.101 /xx/tcr.php
INFO: [ app_begin ] --START--
INFO: ReadHtmlCache Behavior ::run [ RunTime:0.004331s ]
INFO: [ app_begin ] --END-- [ RunTime:0.004489s ]
INFO: [ view_parse ] --START--
INFO: ParseTemplate Behavior ::run [ RunTime:0.047697s ]
INFO: [ view_parse ] --END-- [ RunTime:0.047858s ]
INFO: [ view_filter ] --START--
INFO: ContentReplace Behavior ::run [ RunTime:0.007139s ]
INFO: TokenBuild Behavior ::run [ RunTime:0.007715s ]
INFO: WriteHtmlCache Behavior ::run [ RunTime:0.006899s ]
INFO: ShowRuntime Behavior ::run [ RunTime:0.007399s ]
INFO: [ view_filter ] --END-- [ RunTime:0.029482s ]
INFO: [ view_end ] --START--
INFO: ShowPageTrace Behavior ::run [ RunTime:0.007469s ]
INFO: [ view_end ] --END-- [ RunTime:0.007586s ]

[ 2015-10-28T13:37:40+08:00 ] 66.249.79.99 /xx/tcr.php/Tcr/gtxpg/x/forget
INFO: [ route_check ] --START--
INFO: CheckRoute Behavior ::run [ RunTime:0.007946s ]
INFO: [ route_check ] --END-- [ RunTime:0.008102s ]
INFO: [ app_begin ] --START--
INFO: ReadHtmlCache Behavior ::run [ RunTime:0.007394s ]
INFO: [ app_begin ] --END-- [ RunTime:0.007517s ]
SQL: SHOW COLUMNS FROM `tb_tcr` [ RunTime:0.003372s ]
SQL: SELECT * FROM `tb_tcr` WHERE ( tcrid= ) LIMIT 1   [ RunTime:0.000440s ]
ERR: 1064:You have an error in your SQL syntax; check the manual that corresponds to your MySQL server version for the right syntax to use near ') LIMIT 1' at line 1
 [ SQL语句 ] : SELECT * FROM `tb_tcr` WHERE ( tcrid= ) LIMIT 1  
SQL: SHOW COLUMNS FROM `tb_md` [ RunTime:0.002507s ]
SQL: SELECT * FROM `tb_md` WHERE ( mdmk='Tcr' ) LIMIT 1   [ RunTime:0.000527s ]
SQL: SHOW COLUMNS FROM `tb_tcrbtn` [ RunTime:0.002701s ]
SQL: SELECT * FROM `tb_tcrbtn` WHERE ( f_tcrbtn_tcrid= AND tcrbtnnm='lft' ) LIMIT 1   [ RunTime:0.000578s ]
ERR: 1064:You have an error in your SQL syntax; check the manual that corresponds to your MySQL server version for the right syntax to use near 'AND tcrbtnnm='lft' ) LIMIT 1' at line 1
 [ SQL语句 ] : SELECT * FROM `tb_tcrbtn` WHERE ( f_tcrbtn_tcrid= AND tcrbtnnm='lft' ) LIMIT 1  
SQL: SELECT * FROM `tb_tcrbtn` WHERE ( f_tcrbtn_tcrid= AND tcrbtnnm='bs' ) LIMIT 1   [ RunTime:0.000140s ]
ERR: 1064:You have an error in your SQL syntax; check the manual that corresponds to your MySQL server version for the right syntax to use near 'AND tcrbtnnm='bs' ) LIMIT 1' at line 1
 [ SQL语句 ] : SELECT * FROM `tb_tcrbtn` WHERE ( f_tcrbtn_tcrid= AND tcrbtnnm='bs' ) LIMIT 1  
INFO: [ view_parse ] --START--
INFO: ParseTemplate Behavior ::run [ RunTime:0.061251s ]
INFO: [ view_parse ] --END-- [ RunTime:0.061448s ]
INFO: [ view_filter ] --START--
INFO: ContentReplace Behavior ::run [ RunTime:0.007160s ]
INFO: TokenBuild Behavior ::run [ RunTime:0.007093s ]
INFO: WriteHtmlCache Behavior ::run [ RunTime:0.007014s ]
INFO: ShowRuntime Behavior ::run [ RunTime:0.007312s ]
INFO: [ view_filter ] --END-- [ RunTime:0.028941s ]
INFO: [ view_end ] --START--
INFO: ShowPageTrace Behavior ::run [ RunTime:0.007598s ]
INFO: [ view_end ] --END-- [ RunTime:0.007718s ]

