[ 2015-12-04T01:34:08+08:00 ] 203.208.60.171 /xx/tcr.php
INFO: [ app_begin ] --START--
INFO: ReadHtmlCache Behavior ::run [ RunTime:0.007516s ]
INFO: [ app_begin ] --END-- [ RunTime:0.007674s ]
INFO: [ view_parse ] --START--
INFO: ParseTemplate Behavior ::run [ RunTime:0.059846s ]
INFO: [ view_parse ] --END-- [ RunTime:0.060007s ]
INFO: [ view_filter ] --START--
INFO: ContentReplace Behavior ::run [ RunTime:0.007450s ]
INFO: TokenBuild Behavior ::run [ RunTime:0.007163s ]
INFO: WriteHtmlCache Behavior ::run [ RunTime:0.006929s ]
INFO: ShowRuntime Behavior ::run [ RunTime:0.007301s ]
INFO: [ view_filter ] --END-- [ RunTime:0.029169s ]
INFO: [ view_end ] --START--
INFO: ShowPageTrace Behavior ::run [ RunTime:0.007581s ]
INFO: [ view_end ] --END-- [ RunTime:0.007698s ]

[ 2015-12-04T12:34:05+08:00 ] 203.208.60.173 /xx/tcr.php
INFO: [ app_begin ] --START--
INFO: ReadHtmlCache Behavior ::run [ RunTime:0.007449s ]
INFO: [ app_begin ] --END-- [ RunTime:0.007607s ]
INFO: [ view_parse ] --START--
INFO: ParseTemplate Behavior ::run [ RunTime:0.059856s ]
INFO: [ view_parse ] --END-- [ RunTime:0.060014s ]
INFO: [ view_filter ] --START--
INFO: ContentReplace Behavior ::run [ RunTime:0.007400s ]
INFO: TokenBuild Behavior ::run [ RunTime:0.007355s ]
INFO: WriteHtmlCache Behavior ::run [ RunTime:0.006973s ]
INFO: ShowRuntime Behavior ::run [ RunTime:0.007667s ]
INFO: [ view_filter ] --END-- [ RunTime:0.029725s ]
INFO: [ view_end ] --START--
INFO: ShowPageTrace Behavior ::run [ RunTime:0.007583s ]
INFO: [ view_end ] --END-- [ RunTime:0.007700s ]

[ 2015-12-04T21:14:31+08:00 ] 207.46.13.100 /xx/tcr.php
INFO: [ app_begin ] --START--
INFO: ReadHtmlCache Behavior ::run [ RunTime:0.008015s ]
INFO: [ app_begin ] --END-- [ RunTime:0.008184s ]
INFO: [ view_parse ] --START--
INFO: ParseTemplate Behavior ::run [ RunTime:0.062076s ]
INFO: [ view_parse ] --END-- [ RunTime:0.062240s ]
INFO: [ view_filter ] --START--
INFO: ContentReplace Behavior ::run [ RunTime:0.007249s ]
INFO: TokenBuild Behavior ::run [ RunTime:0.007112s ]
INFO: WriteHtmlCache Behavior ::run [ RunTime:0.007017s ]
INFO: ShowRuntime Behavior ::run [ RunTime:0.007346s ]
INFO: [ view_filter ] --END-- [ RunTime:0.029054s ]
INFO: [ view_end ] --START--
INFO: ShowPageTrace Behavior ::run [ RunTime:0.007607s ]
INFO: [ view_end ] --END-- [ RunTime:0.007723s ]

