[ 2015-11-25T02:21:55+08:00 ] 203.208.60.175 /xx/tcr.php
INFO: [ app_begin ] --START--
INFO: ReadHtmlCache Behavior ::run [ RunTime:0.007507s ]
INFO: [ app_begin ] --END-- [ RunTime:0.007666s ]
INFO: [ view_parse ] --START--
INFO: ParseTemplate Behavior ::run [ RunTime:0.061263s ]
INFO: [ view_parse ] --END-- [ RunTime:0.061418s ]
INFO: [ view_filter ] --START--
INFO: ContentReplace Behavior ::run [ RunTime:0.007499s ]
INFO: TokenBuild Behavior ::run [ RunTime:0.007117s ]
INFO: WriteHtmlCache Behavior ::run [ RunTime:0.007052s ]
INFO: ShowRuntime Behavior ::run [ RunTime:0.007238s ]
INFO: [ view_filter ] --END-- [ RunTime:0.029236s ]
INFO: [ view_end ] --START--
INFO: ShowPageTrace Behavior ::run [ RunTime:0.007510s ]
INFO: [ view_end ] --END-- [ RunTime:0.007625s ]

[ 2015-11-25T12:02:21+08:00 ] 203.208.60.188 /xx/tcr.php
INFO: [ app_begin ] --START--
INFO: ReadHtmlCache Behavior ::run [ RunTime:0.007744s ]
INFO: [ app_begin ] --END-- [ RunTime:0.007903s ]
INFO: [ view_parse ] --START--
INFO: ParseTemplate Behavior ::run [ RunTime:0.058064s ]
INFO: [ view_parse ] --END-- [ RunTime:0.058230s ]
INFO: [ view_filter ] --START--
INFO: ContentReplace Behavior ::run [ RunTime:0.007206s ]
INFO: TokenBuild Behavior ::run [ RunTime:0.007105s ]
INFO: WriteHtmlCache Behavior ::run [ RunTime:0.006934s ]
INFO: ShowRuntime Behavior ::run [ RunTime:0.007261s ]
INFO: [ view_filter ] --END-- [ RunTime:0.028824s ]
INFO: [ view_end ] --START--
INFO: ShowPageTrace Behavior ::run [ RunTime:0.007534s ]
INFO: [ view_end ] --END-- [ RunTime:0.007650s ]

