[ 2015-11-08T02:47:37+08:00 ] 66.249.65.58 /xx/tcr.php
INFO: [ app_begin ] --START--
INFO: ReadHtmlCache Behavior ::run [ RunTime:0.007428s ]
INFO: [ app_begin ] --END-- [ RunTime:0.007581s ]
INFO: [ view_parse ] --START--
INFO: ParseTemplate Behavior ::run [ RunTime:0.058190s ]
INFO: [ view_parse ] --END-- [ RunTime:0.058348s ]
INFO: [ view_filter ] --START--
INFO: ContentReplace Behavior ::run [ RunTime:0.007131s ]
INFO: TokenBuild Behavior ::run [ RunTime:0.007206s ]
INFO: WriteHtmlCache Behavior ::run [ RunTime:0.006890s ]
INFO: ShowRuntime Behavior ::run [ RunTime:0.007392s ]
INFO: [ view_filter ] --END-- [ RunTime:0.028942s ]
INFO: [ view_end ] --START--
INFO: ShowPageTrace Behavior ::run [ RunTime:0.007492s ]
INFO: [ view_end ] --END-- [ RunTime:0.007608s ]

[ 2015-11-08T02:59:44+08:00 ] 66.249.65.58 /xx/tcr.php
INFO: [ app_begin ] --START--
INFO: ReadHtmlCache Behavior ::run [ RunTime:0.007414s ]
INFO: [ app_begin ] --END-- [ RunTime:0.007568s ]
INFO: [ view_parse ] --START--
INFO: ParseTemplate Behavior ::run [ RunTime:0.057154s ]
INFO: [ view_parse ] --END-- [ RunTime:0.057308s ]
INFO: [ view_filter ] --START--
INFO: ContentReplace Behavior ::run [ RunTime:0.007088s ]
INFO: TokenBuild Behavior ::run [ RunTime:0.007178s ]
INFO: WriteHtmlCache Behavior ::run [ RunTime:0.006855s ]
INFO: ShowRuntime Behavior ::run [ RunTime:0.007852s ]
INFO: [ view_filter ] --END-- [ RunTime:0.029302s ]
INFO: [ view_end ] --START--
INFO: ShowPageTrace Behavior ::run [ RunTime:0.007453s ]
INFO: [ view_end ] --END-- [ RunTime:0.007568s ]

[ 2015-11-08T04:23:38+08:00 ] 123.126.113.125 /xx/tcr.php
INFO: [ app_begin ] --START--
INFO: ReadHtmlCache Behavior ::run [ RunTime:0.007385s ]
INFO: [ app_begin ] --END-- [ RunTime:0.007539s ]
INFO: [ view_parse ] --START--
INFO: ParseTemplate Behavior ::run [ RunTime:0.057972s ]
INFO: [ view_parse ] --END-- [ RunTime:0.058132s ]
INFO: [ view_filter ] --START--
INFO: ContentReplace Behavior ::run [ RunTime:0.007096s ]
INFO: TokenBuild Behavior ::run [ RunTime:0.007725s ]
INFO: WriteHtmlCache Behavior ::run [ RunTime:0.010434s ]
INFO: ShowRuntime Behavior ::run [ RunTime:0.007633s ]
INFO: [ view_filter ] --END-- [ RunTime:0.033261s ]
INFO: [ view_end ] --START--
INFO: ShowPageTrace Behavior ::run [ RunTime:0.007457s ]
INFO: [ view_end ] --END-- [ RunTime:0.007575s ]

[ 2015-11-08T06:05:10+08:00 ] 123.126.113.125 /xx/tcr.php/Tcr/gtxpg/x/forget
INFO: [ route_check ] --START--
INFO: CheckRoute Behavior ::run [ RunTime:0.008278s ]
INFO: [ route_check ] --END-- [ RunTime:0.008436s ]
INFO: [ app_begin ] --START--
INFO: ReadHtmlCache Behavior ::run [ RunTime:0.007410s ]
INFO: [ app_begin ] --END-- [ RunTime:0.007539s ]
SQL: SHOW COLUMNS FROM `tb_tcr` [ RunTime:0.003349s ]
SQL: SELECT * FROM `tb_tcr` WHERE ( tcrid= ) LIMIT 1   [ RunTime:0.000391s ]
ERR: 1064:You have an error in your SQL syntax; check the manual that corresponds to your MySQL server version for the right syntax to use near ') LIMIT 1' at line 1
 [ SQL语句 ] : SELECT * FROM `tb_tcr` WHERE ( tcrid= ) LIMIT 1  
SQL: SHOW COLUMNS FROM `tb_md` [ RunTime:0.002488s ]
SQL: SELECT * FROM `tb_md` WHERE ( mdmk='Tcr' ) LIMIT 1   [ RunTime:0.000584s ]
SQL: SHOW COLUMNS FROM `tb_tcrbtn` [ RunTime:0.002757s ]
SQL: SELECT * FROM `tb_tcrbtn` WHERE ( f_tcrbtn_tcrid= AND tcrbtnnm='lft' ) LIMIT 1   [ RunTime:0.000523s ]
ERR: 1064:You have an error in your SQL syntax; check the manual that corresponds to your MySQL server version for the right syntax to use near 'AND tcrbtnnm='lft' ) LIMIT 1' at line 1
 [ SQL语句 ] : SELECT * FROM `tb_tcrbtn` WHERE ( f_tcrbtn_tcrid= AND tcrbtnnm='lft' ) LIMIT 1  
SQL: SELECT * FROM `tb_tcrbtn` WHERE ( f_tcrbtn_tcrid= AND tcrbtnnm='bs' ) LIMIT 1   [ RunTime:0.000151s ]
ERR: 1064:You have an error in your SQL syntax; check the manual that corresponds to your MySQL server version for the right syntax to use near 'AND tcrbtnnm='bs' ) LIMIT 1' at line 1
 [ SQL语句 ] : SELECT * FROM `tb_tcrbtn` WHERE ( f_tcrbtn_tcrid= AND tcrbtnnm='bs' ) LIMIT 1  
INFO: [ view_parse ] --START--
INFO: ParseTemplate Behavior ::run [ RunTime:0.059214s ]
INFO: [ view_parse ] --END-- [ RunTime:0.059424s ]
INFO: [ view_filter ] --START--
INFO: ContentReplace Behavior ::run [ RunTime:0.007512s ]
INFO: TokenBuild Behavior ::run [ RunTime:0.007558s ]
INFO: WriteHtmlCache Behavior ::run [ RunTime:0.007176s ]
INFO: ShowRuntime Behavior ::run [ RunTime:0.007871s ]
INFO: [ view_filter ] --END-- [ RunTime:0.030520s ]
INFO: [ view_end ] --START--
INFO: ShowPageTrace Behavior ::run [ RunTime:0.007518s ]
INFO: [ view_end ] --END-- [ RunTime:0.007636s ]

[ 2015-11-08T17:26:27+08:00 ] 42.62.37.184 /xx/tcr.php
INFO: [ app_begin ] --START--
INFO: ReadHtmlCache Behavior ::run [ RunTime:0.007441s ]
INFO: [ app_begin ] --END-- [ RunTime:0.007591s ]
INFO: [ view_parse ] --START--
INFO: ParseTemplate Behavior ::run [ RunTime:0.057550s ]
INFO: [ view_parse ] --END-- [ RunTime:0.057706s ]
INFO: [ view_filter ] --START--
INFO: ContentReplace Behavior ::run [ RunTime:0.004032s ]
INFO: TokenBuild Behavior ::run [ RunTime:0.004052s ]
INFO: WriteHtmlCache Behavior ::run [ RunTime:0.007090s ]
INFO: ShowRuntime Behavior ::run [ RunTime:0.007229s ]
INFO: [ view_filter ] --END-- [ RunTime:0.022721s ]
INFO: [ view_end ] --START--
INFO: ShowPageTrace Behavior ::run [ RunTime:0.007514s ]
INFO: [ view_end ] --END-- [ RunTime:0.007630s ]

[ 2015-11-08T17:26:27+08:00 ] 42.62.37.184 /xx/tcr.php
INFO: [ app_begin ] --START--
INFO: ReadHtmlCache Behavior ::run [ RunTime:0.007392s ]
INFO: [ app_begin ] --END-- [ RunTime:0.007541s ]
INFO: [ view_parse ] --START--
INFO: ParseTemplate Behavior ::run [ RunTime:0.071171s ]
INFO: [ view_parse ] --END-- [ RunTime:0.071351s ]
INFO: [ view_filter ] --START--
INFO: ContentReplace Behavior ::run [ RunTime:0.000907s ]
INFO: TokenBuild Behavior ::run [ RunTime:0.002411s ]
INFO: WriteHtmlCache Behavior ::run [ RunTime:0.006879s ]
INFO: ShowRuntime Behavior ::run [ RunTime:0.007440s ]
INFO: [ view_filter ] --END-- [ RunTime:0.017957s ]
INFO: [ view_end ] --START--
INFO: ShowPageTrace Behavior ::run [ RunTime:0.007492s ]
INFO: [ view_end ] --END-- [ RunTime:0.007608s ]

