[ 2015-10-17T18:53:05+08:00 ] 42.156.138.110 /xx/tcr.php/Tcr/gtxpg/x/forget
INFO: [ route_check ] --START--
INFO: CheckRoute Behavior ::run [ RunTime:0.008439s ]
INFO: [ route_check ] --END-- [ RunTime:0.008613s ]
INFO: [ app_begin ] --START--
INFO: ReadHtmlCache Behavior ::run [ RunTime:0.010143s ]
INFO: [ app_begin ] --END-- [ RunTime:0.010276s ]
SQL: SHOW COLUMNS FROM `tb_tcr` [ RunTime:0.003491s ]
SQL: SELECT * FROM `tb_tcr` WHERE ( tcrid= ) LIMIT 1   [ RunTime:0.000420s ]
ERR: 1064:You have an error in your SQL syntax; check the manual that corresponds to your MySQL server version for the right syntax to use near ') LIMIT 1' at line 1
 [ SQL语句 ] : SELECT * FROM `tb_tcr` WHERE ( tcrid= ) LIMIT 1  
SQL: SHOW COLUMNS FROM `tb_md` [ RunTime:0.002716s ]
SQL: SELECT * FROM `tb_md` WHERE ( mdmk='Tcr' ) LIMIT 1   [ RunTime:0.000603s ]
SQL: SHOW COLUMNS FROM `tb_tcrbtn` [ RunTime:0.002911s ]
SQL: SELECT * FROM `tb_tcrbtn` WHERE ( f_tcrbtn_tcrid= AND tcrbtnnm='lft' ) LIMIT 1   [ RunTime:0.000590s ]
ERR: 1064:You have an error in your SQL syntax; check the manual that corresponds to your MySQL server version for the right syntax to use near 'AND tcrbtnnm='lft' ) LIMIT 1' at line 1
 [ SQL语句 ] : SELECT * FROM `tb_tcrbtn` WHERE ( f_tcrbtn_tcrid= AND tcrbtnnm='lft' ) LIMIT 1  
SQL: SELECT * FROM `tb_tcrbtn` WHERE ( f_tcrbtn_tcrid= AND tcrbtnnm='bs' ) LIMIT 1   [ RunTime:0.000147s ]
ERR: 1064:You have an error in your SQL syntax; check the manual that corresponds to your MySQL server version for the right syntax to use near 'AND tcrbtnnm='bs' ) LIMIT 1' at line 1
 [ SQL语句 ] : SELECT * FROM `tb_tcrbtn` WHERE ( f_tcrbtn_tcrid= AND tcrbtnnm='bs' ) LIMIT 1  
INFO: [ view_parse ] --START--
INFO: ParseTemplate Behavior ::run [ RunTime:0.069384s ]
INFO: [ view_parse ] --END-- [ RunTime:0.069577s ]
INFO: [ view_filter ] --START--
INFO: ContentReplace Behavior ::run [ RunTime:0.008087s ]
INFO: TokenBuild Behavior ::run [ RunTime:0.008615s ]
INFO: WriteHtmlCache Behavior ::run [ RunTime:0.007779s ]
INFO: ShowRuntime Behavior ::run [ RunTime:0.008907s ]
INFO: [ view_filter ] --END-- [ RunTime:0.033871s ]
INFO: [ view_end ] --START--
INFO: ShowPageTrace Behavior ::run [ RunTime:0.007891s ]
INFO: [ view_end ] --END-- [ RunTime:0.008018s ]

[ 2015-10-17T18:54:02+08:00 ] 42.156.137.110 /xx/tcr.php
INFO: [ app_begin ] --START--
INFO: ReadHtmlCache Behavior ::run [ RunTime:0.007600s ]
INFO: [ app_begin ] --END-- [ RunTime:0.007765s ]
INFO: [ view_parse ] --START--
INFO: ParseTemplate Behavior ::run [ RunTime:0.055972s ]
INFO: [ view_parse ] --END-- [ RunTime:0.056143s ]
INFO: [ view_filter ] --START--
INFO: ContentReplace Behavior ::run [ RunTime:0.007266s ]
INFO: TokenBuild Behavior ::run [ RunTime:0.007061s ]
INFO: WriteHtmlCache Behavior ::run [ RunTime:0.006942s ]
INFO: ShowRuntime Behavior ::run [ RunTime:0.007187s ]
INFO: [ view_filter ] --END-- [ RunTime:0.028774s ]
INFO: [ view_end ] --START--
INFO: ShowPageTrace Behavior ::run [ RunTime:0.007596s ]
INFO: [ view_end ] --END-- [ RunTime:0.007717s ]

