[ 2015-10-08T02:54:03+08:00 ] 68.180.228.176 /xx/tcr.php/Tcr/gtxpg/x/forget
INFO: [ route_check ] --START--
INFO: CheckRoute Behavior ::run [ RunTime:0.008338s ]
INFO: [ route_check ] --END-- [ RunTime:0.008500s ]
INFO: [ app_begin ] --START--
INFO: ReadHtmlCache Behavior ::run [ RunTime:0.007377s ]
INFO: [ app_begin ] --END-- [ RunTime:0.007496s ]
SQL: SHOW COLUMNS FROM `tb_tcr` [ RunTime:0.003271s ]
SQL: SELECT * FROM `tb_tcr` WHERE ( tcrid= ) LIMIT 1   [ RunTime:0.000444s ]
ERR: 1064:You have an error in your SQL syntax; check the manual that corresponds to your MySQL server version for the right syntax to use near ') LIMIT 1' at line 1
 [ SQL语句 ] : SELECT * FROM `tb_tcr` WHERE ( tcrid= ) LIMIT 1  
SQL: SHOW COLUMNS FROM `tb_md` [ RunTime:0.002506s ]
SQL: SELECT * FROM `tb_md` WHERE ( mdmk='Tcr' ) LIMIT 1   [ RunTime:0.000571s ]
SQL: SHOW COLUMNS FROM `tb_tcrbtn` [ RunTime:0.002704s ]
SQL: SELECT * FROM `tb_tcrbtn` WHERE ( f_tcrbtn_tcrid= AND tcrbtnnm='lft' ) LIMIT 1   [ RunTime:0.000691s ]
ERR: 1064:You have an error in your SQL syntax; check the manual that corresponds to your MySQL server version for the right syntax to use near 'AND tcrbtnnm='lft' ) LIMIT 1' at line 1
 [ SQL语句 ] : SELECT * FROM `tb_tcrbtn` WHERE ( f_tcrbtn_tcrid= AND tcrbtnnm='lft' ) LIMIT 1  
SQL: SELECT * FROM `tb_tcrbtn` WHERE ( f_tcrbtn_tcrid= AND tcrbtnnm='bs' ) LIMIT 1   [ RunTime:0.000158s ]
ERR: 1064:You have an error in your SQL syntax; check the manual that corresponds to your MySQL server version for the right syntax to use near 'AND tcrbtnnm='bs' ) LIMIT 1' at line 1
 [ SQL语句 ] : SELECT * FROM `tb_tcrbtn` WHERE ( f_tcrbtn_tcrid= AND tcrbtnnm='bs' ) LIMIT 1  
INFO: [ view_parse ] --START--
INFO: ParseTemplate Behavior ::run [ RunTime:0.057227s ]
INFO: [ view_parse ] --END-- [ RunTime:0.057422s ]
INFO: [ view_filter ] --START--
INFO: ContentReplace Behavior ::run [ RunTime:0.007093s ]
INFO: TokenBuild Behavior ::run [ RunTime:0.007068s ]
INFO: WriteHtmlCache Behavior ::run [ RunTime:0.008639s ]
INFO: ShowRuntime Behavior ::run [ RunTime:0.008082s ]
INFO: [ view_filter ] --END-- [ RunTime:0.031568s ]
INFO: [ view_end ] --START--
INFO: ShowPageTrace Behavior ::run [ RunTime:0.008394s ]
INFO: [ view_end ] --END-- [ RunTime:0.008612s ]

[ 2015-10-08T21:56:45+08:00 ] 66.249.79.99 /xx/tcr.php
INFO: [ app_begin ] --START--
INFO: ReadHtmlCache Behavior ::run [ RunTime:0.004529s ]
INFO: [ app_begin ] --END-- [ RunTime:0.004685s ]
INFO: [ view_parse ] --START--
INFO: ParseTemplate Behavior ::run [ RunTime:0.061515s ]
INFO: [ view_parse ] --END-- [ RunTime:0.061676s ]
INFO: [ view_filter ] --START--
INFO: ContentReplace Behavior ::run [ RunTime:0.007271s ]
INFO: TokenBuild Behavior ::run [ RunTime:0.007140s ]
INFO: WriteHtmlCache Behavior ::run [ RunTime:0.007006s ]
INFO: ShowRuntime Behavior ::run [ RunTime:0.007242s ]
INFO: [ view_filter ] --END-- [ RunTime:0.028989s ]
INFO: [ view_end ] --START--
INFO: ShowPageTrace Behavior ::run [ RunTime:0.007576s ]
INFO: [ view_end ] --END-- [ RunTime:0.007694s ]

