[ 2015-11-26T00:27:52+08:00 ] 203.208.60.182 /xx/tcr.php
INFO: [ app_begin ] --START--
INFO: ReadHtmlCache Behavior ::run [ RunTime:0.007469s ]
INFO: [ app_begin ] --END-- [ RunTime:0.007624s ]
INFO: [ view_parse ] --START--
INFO: ParseTemplate Behavior ::run [ RunTime:0.061357s ]
INFO: [ view_parse ] --END-- [ RunTime:0.061518s ]
INFO: [ view_filter ] --START--
INFO: ContentReplace Behavior ::run [ RunTime:0.007266s ]
INFO: TokenBuild Behavior ::run [ RunTime:0.007106s ]
INFO: WriteHtmlCache Behavior ::run [ RunTime:0.006941s ]
INFO: ShowRuntime Behavior ::run [ RunTime:0.007417s ]
INFO: [ view_filter ] --END-- [ RunTime:0.029053s ]
INFO: [ view_end ] --START--
INFO: ShowPageTrace Behavior ::run [ RunTime:0.007495s ]
INFO: [ view_end ] --END-- [ RunTime:0.007610s ]

[ 2015-11-26T01:01:26+08:00 ] 203.208.60.188 /xx/tcr.php
INFO: [ app_begin ] --START--
INFO: ReadHtmlCache Behavior ::run [ RunTime:0.007415s ]
INFO: [ app_begin ] --END-- [ RunTime:0.007570s ]
INFO: [ view_parse ] --START--
INFO: ParseTemplate Behavior ::run [ RunTime:0.058068s ]
INFO: [ view_parse ] --END-- [ RunTime:0.058234s ]
INFO: [ view_filter ] --START--
INFO: ContentReplace Behavior ::run [ RunTime:0.007261s ]
INFO: TokenBuild Behavior ::run [ RunTime:0.007149s ]
INFO: WriteHtmlCache Behavior ::run [ RunTime:0.006882s ]
INFO: ShowRuntime Behavior ::run [ RunTime:0.007207s ]
INFO: [ view_filter ] --END-- [ RunTime:0.028831s ]
INFO: [ view_end ] --START--
INFO: ShowPageTrace Behavior ::run [ RunTime:0.007629s ]
INFO: [ view_end ] --END-- [ RunTime:0.007747s ]

[ 2015-11-26T05:30:04+08:00 ] 203.208.60.185 /xx/tcr.php
INFO: [ app_begin ] --START--
INFO: ReadHtmlCache Behavior ::run [ RunTime:0.007383s ]
INFO: [ app_begin ] --END-- [ RunTime:0.007535s ]
INFO: [ view_parse ] --START--
INFO: ParseTemplate Behavior ::run [ RunTime:0.056123s ]
INFO: [ view_parse ] --END-- [ RunTime:0.056286s ]
INFO: [ view_filter ] --START--
INFO: ContentReplace Behavior ::run [ RunTime:0.007133s ]
INFO: TokenBuild Behavior ::run [ RunTime:0.007651s ]
INFO: WriteHtmlCache Behavior ::run [ RunTime:0.006881s ]
INFO: ShowRuntime Behavior ::run [ RunTime:0.007307s ]
INFO: [ view_filter ] --END-- [ RunTime:0.029299s ]
INFO: [ view_end ] --START--
INFO: ShowPageTrace Behavior ::run [ RunTime:0.007451s ]
INFO: [ view_end ] --END-- [ RunTime:0.007567s ]

[ 2015-11-26T12:33:42+08:00 ] 203.208.60.171 /xx/tcr.php
INFO: [ app_begin ] --START--
INFO: ReadHtmlCache Behavior ::run [ RunTime:0.007730s ]
INFO: [ app_begin ] --END-- [ RunTime:0.007889s ]
INFO: [ view_parse ] --START--
INFO: ParseTemplate Behavior ::run [ RunTime:0.058281s ]
INFO: [ view_parse ] --END-- [ RunTime:0.058445s ]
INFO: [ view_filter ] --START--
INFO: ContentReplace Behavior ::run [ RunTime:0.007265s ]
INFO: TokenBuild Behavior ::run [ RunTime:0.007109s ]
INFO: WriteHtmlCache Behavior ::run [ RunTime:0.006992s ]
INFO: ShowRuntime Behavior ::run [ RunTime:0.007229s ]
INFO: [ view_filter ] --END-- [ RunTime:0.028915s ]
INFO: [ view_end ] --START--
INFO: ShowPageTrace Behavior ::run [ RunTime:0.007685s ]
INFO: [ view_end ] --END-- [ RunTime:0.007806s ]

[ 2015-11-26T15:55:40+08:00 ] 119.122.32.178 /xx/tcr.php
INFO: [ app_begin ] --START--
INFO: ReadHtmlCache Behavior ::run [ RunTime:0.008337s ]
INFO: [ app_begin ] --END-- [ RunTime:0.008503s ]
INFO: [ view_parse ] --START--
INFO: ParseTemplate Behavior ::run [ RunTime:0.061041s ]
INFO: [ view_parse ] --END-- [ RunTime:0.061202s ]
INFO: [ view_filter ] --START--
INFO: ContentReplace Behavior ::run [ RunTime:0.007323s ]
INFO: TokenBuild Behavior ::run [ RunTime:0.007089s ]
INFO: WriteHtmlCache Behavior ::run [ RunTime:0.002211s ]
INFO: ShowRuntime Behavior ::run [ RunTime:0.007220s ]
INFO: [ view_filter ] --END-- [ RunTime:0.024164s ]
INFO: [ view_end ] --START--
INFO: ShowPageTrace Behavior ::run [ RunTime:0.007854s ]
INFO: [ view_end ] --END-- [ RunTime:0.007977s ]

[ 2015-11-26T20:18:59+08:00 ] 203.208.60.169 /xx/tcr.php
INFO: [ app_begin ] --START--
INFO: ReadHtmlCache Behavior ::run [ RunTime:0.004359s ]
INFO: [ app_begin ] --END-- [ RunTime:0.004514s ]
INFO: [ view_parse ] --START--
INFO: ParseTemplate Behavior ::run [ RunTime:0.043462s ]
INFO: [ view_parse ] --END-- [ RunTime:0.043621s ]
INFO: [ view_filter ] --START--
INFO: ContentReplace Behavior ::run [ RunTime:0.004053s ]
INFO: TokenBuild Behavior ::run [ RunTime:0.004031s ]
INFO: WriteHtmlCache Behavior ::run [ RunTime:0.003789s ]
INFO: ShowRuntime Behavior ::run [ RunTime:0.004124s ]
INFO: [ view_filter ] --END-- [ RunTime:0.016313s ]
INFO: [ view_end ] --START--
INFO: ShowPageTrace Behavior ::run [ RunTime:0.004373s ]
INFO: [ view_end ] --END-- [ RunTime:0.004489s ]

