[ 2015-10-31T06:25:21+08:00 ] 66.249.64.189 /xx/tcr.php
INFO: [ app_begin ] --START--
INFO: ReadHtmlCache Behavior ::run [ RunTime:0.007675s ]
INFO: [ app_begin ] --END-- [ RunTime:0.007833s ]
INFO: [ view_parse ] --START--
INFO: ParseTemplate Behavior ::run [ RunTime:0.057903s ]
INFO: [ view_parse ] --END-- [ RunTime:0.058058s ]
INFO: [ view_filter ] --START--
INFO: ContentReplace Behavior ::run [ RunTime:0.007223s ]
INFO: TokenBuild Behavior ::run [ RunTime:0.007101s ]
INFO: WriteHtmlCache Behavior ::run [ RunTime:0.006872s ]
INFO: ShowRuntime Behavior ::run [ RunTime:0.007208s ]
INFO: [ view_filter ] --END-- [ RunTime:0.028721s ]
INFO: [ view_end ] --START--
INFO: ShowPageTrace Behavior ::run [ RunTime:0.007450s ]
INFO: [ view_end ] --END-- [ RunTime:0.007566s ]

[ 2015-10-31T06:28:34+08:00 ] 66.249.64.179 /xx/tcr.php/Tcr/gtxpg/x/forget
INFO: [ route_check ] --START--
INFO: CheckRoute Behavior ::run [ RunTime:0.007932s ]
INFO: [ route_check ] --END-- [ RunTime:0.008087s ]
INFO: [ app_begin ] --START--
INFO: ReadHtmlCache Behavior ::run [ RunTime:0.007417s ]
INFO: [ app_begin ] --END-- [ RunTime:0.007538s ]
SQL: SHOW COLUMNS FROM `tb_tcr` [ RunTime:0.003327s ]
SQL: SELECT * FROM `tb_tcr` WHERE ( tcrid= ) LIMIT 1   [ RunTime:0.000449s ]
ERR: 1064:You have an error in your SQL syntax; check the manual that corresponds to your MySQL server version for the right syntax to use near ') LIMIT 1' at line 1
 [ SQL语句 ] : SELECT * FROM `tb_tcr` WHERE ( tcrid= ) LIMIT 1  
SQL: SHOW COLUMNS FROM `tb_md` [ RunTime:0.002480s ]
SQL: SELECT * FROM `tb_md` WHERE ( mdmk='Tcr' ) LIMIT 1   [ RunTime:0.000591s ]
SQL: SHOW COLUMNS FROM `tb_tcrbtn` [ RunTime:0.002567s ]
SQL: SELECT * FROM `tb_tcrbtn` WHERE ( f_tcrbtn_tcrid= AND tcrbtnnm='lft' ) LIMIT 1   [ RunTime:0.000545s ]
ERR: 1064:You have an error in your SQL syntax; check the manual that corresponds to your MySQL server version for the right syntax to use near 'AND tcrbtnnm='lft' ) LIMIT 1' at line 1
 [ SQL语句 ] : SELECT * FROM `tb_tcrbtn` WHERE ( f_tcrbtn_tcrid= AND tcrbtnnm='lft' ) LIMIT 1  
SQL: SELECT * FROM `tb_tcrbtn` WHERE ( f_tcrbtn_tcrid= AND tcrbtnnm='bs' ) LIMIT 1   [ RunTime:0.000147s ]
ERR: 1064:You have an error in your SQL syntax; check the manual that corresponds to your MySQL server version for the right syntax to use near 'AND tcrbtnnm='bs' ) LIMIT 1' at line 1
 [ SQL语句 ] : SELECT * FROM `tb_tcrbtn` WHERE ( f_tcrbtn_tcrid= AND tcrbtnnm='bs' ) LIMIT 1  
INFO: [ view_parse ] --START--
INFO: ParseTemplate Behavior ::run [ RunTime:0.057932s ]
INFO: [ view_parse ] --END-- [ RunTime:0.058129s ]
INFO: [ view_filter ] --START--
INFO: ContentReplace Behavior ::run [ RunTime:0.007352s ]
INFO: TokenBuild Behavior ::run [ RunTime:0.007049s ]
INFO: WriteHtmlCache Behavior ::run [ RunTime:0.006882s ]
INFO: ShowRuntime Behavior ::run [ RunTime:0.007211s ]
INFO: [ view_filter ] --END-- [ RunTime:0.028857s ]
INFO: [ view_end ] --START--
INFO: ShowPageTrace Behavior ::run [ RunTime:0.010294s ]
INFO: [ view_end ] --END-- [ RunTime:0.010445s ]

[ 2015-10-31T07:17:44+08:00 ] 66.249.64.189 /xx/tcr.php/Tcr/gtxpg/x/forget
INFO: [ route_check ] --START--
INFO: CheckRoute Behavior ::run [ RunTime:0.004834s ]
INFO: [ route_check ] --END-- [ RunTime:0.004992s ]
INFO: [ app_begin ] --START--
INFO: ReadHtmlCache Behavior ::run [ RunTime:0.004238s ]
INFO: [ app_begin ] --END-- [ RunTime:0.004358s ]
SQL: SHOW COLUMNS FROM `tb_tcr` [ RunTime:0.003316s ]
SQL: SELECT * FROM `tb_tcr` WHERE ( tcrid= ) LIMIT 1   [ RunTime:0.000675s ]
ERR: 1064:You have an error in your SQL syntax; check the manual that corresponds to your MySQL server version for the right syntax to use near ') LIMIT 1' at line 1
 [ SQL语句 ] : SELECT * FROM `tb_tcr` WHERE ( tcrid= ) LIMIT 1  
SQL: SHOW COLUMNS FROM `tb_md` [ RunTime:0.002639s ]
SQL: SELECT * FROM `tb_md` WHERE ( mdmk='Tcr' ) LIMIT 1   [ RunTime:0.000473s ]
SQL: SHOW COLUMNS FROM `tb_tcrbtn` [ RunTime:0.002568s ]
SQL: SELECT * FROM `tb_tcrbtn` WHERE ( f_tcrbtn_tcrid= AND tcrbtnnm='lft' ) LIMIT 1   [ RunTime:0.000590s ]
ERR: 1064:You have an error in your SQL syntax; check the manual that corresponds to your MySQL server version for the right syntax to use near 'AND tcrbtnnm='lft' ) LIMIT 1' at line 1
 [ SQL语句 ] : SELECT * FROM `tb_tcrbtn` WHERE ( f_tcrbtn_tcrid= AND tcrbtnnm='lft' ) LIMIT 1  
SQL: SELECT * FROM `tb_tcrbtn` WHERE ( f_tcrbtn_tcrid= AND tcrbtnnm='bs' ) LIMIT 1   [ RunTime:0.000137s ]
ERR: 1064:You have an error in your SQL syntax; check the manual that corresponds to your MySQL server version for the right syntax to use near 'AND tcrbtnnm='bs' ) LIMIT 1' at line 1
 [ SQL语句 ] : SELECT * FROM `tb_tcrbtn` WHERE ( f_tcrbtn_tcrid= AND tcrbtnnm='bs' ) LIMIT 1  
INFO: [ view_parse ] --START--
INFO: ParseTemplate Behavior ::run [ RunTime:0.047987s ]
INFO: [ view_parse ] --END-- [ RunTime:0.048183s ]
INFO: [ view_filter ] --START--
INFO: ContentReplace Behavior ::run [ RunTime:0.007137s ]
INFO: TokenBuild Behavior ::run [ RunTime:0.007541s ]
INFO: WriteHtmlCache Behavior ::run [ RunTime:0.006880s ]
INFO: ShowRuntime Behavior ::run [ RunTime:0.007612s ]
INFO: [ view_filter ] --END-- [ RunTime:0.029536s ]
INFO: [ view_end ] --START--
INFO: ShowPageTrace Behavior ::run [ RunTime:0.007508s ]
INFO: [ view_end ] --END-- [ RunTime:0.007626s ]

[ 2015-10-31T15:34:26+08:00 ] 124.112.163.9 /xx/tcr.php
INFO: [ app_begin ] --START--
INFO: ReadHtmlCache Behavior ::run [ RunTime:0.007914s ]
INFO: [ app_begin ] --END-- [ RunTime:0.008077s ]
INFO: [ view_parse ] --START--
INFO: ParseTemplate Behavior ::run [ RunTime:0.069935s ]
INFO: [ view_parse ] --END-- [ RunTime:0.070102s ]
INFO: [ view_filter ] --START--
INFO: ContentReplace Behavior ::run [ RunTime:0.007257s ]
INFO: TokenBuild Behavior ::run [ RunTime:0.007738s ]
INFO: WriteHtmlCache Behavior ::run [ RunTime:0.007993s ]
INFO: ShowRuntime Behavior ::run [ RunTime:0.008872s ]
INFO: [ view_filter ] --END-- [ RunTime:0.032200s ]
INFO: [ view_end ] --START--
INFO: ShowPageTrace Behavior ::run [ RunTime:0.008542s ]
INFO: [ view_end ] --END-- [ RunTime:0.008660s ]

