[ 2015-11-29T02:00:45+08:00 ] 207.46.13.142 /xx/tcr.php
INFO: [ app_begin ] --START--
INFO: ReadHtmlCache Behavior ::run [ RunTime:0.004432s ]
INFO: [ app_begin ] --END-- [ RunTime:0.004603s ]
INFO: [ view_parse ] --START--
INFO: ParseTemplate Behavior ::run [ RunTime:0.068826s ]
INFO: [ view_parse ] --END-- [ RunTime:0.069010s ]
INFO: [ view_filter ] --START--
INFO: ContentReplace Behavior ::run [ RunTime:0.004166s ]
INFO: TokenBuild Behavior ::run [ RunTime:0.004080s ]
INFO: WriteHtmlCache Behavior ::run [ RunTime:0.004236s ]
INFO: ShowRuntime Behavior ::run [ RunTime:0.007572s ]
INFO: [ view_filter ] --END-- [ RunTime:0.020402s ]
INFO: [ view_end ] --START--
INFO: ShowPageTrace Behavior ::run [ RunTime:0.004501s ]
INFO: [ view_end ] --END-- [ RunTime:0.004624s ]

[ 2015-11-29T19:46:35+08:00 ] 116.228.241.245 /xx/tcr.php
INFO: [ app_begin ] --START--
INFO: ReadHtmlCache Behavior ::run [ RunTime:0.008973s ]
INFO: [ app_begin ] --END-- [ RunTime:0.009133s ]
INFO: [ view_parse ] --START--
INFO: ParseTemplate Behavior ::run [ RunTime:0.073841s ]
INFO: [ view_parse ] --END-- [ RunTime:0.074003s ]
INFO: [ view_filter ] --START--
INFO: ContentReplace Behavior ::run [ RunTime:0.009890s ]
INFO: TokenBuild Behavior ::run [ RunTime:0.008325s ]
INFO: WriteHtmlCache Behavior ::run [ RunTime:0.008181s ]
INFO: ShowRuntime Behavior ::run [ RunTime:0.007418s ]
INFO: [ view_filter ] --END-- [ RunTime:0.034207s ]
INFO: [ view_end ] --START--
INFO: ShowPageTrace Behavior ::run [ RunTime:0.008000s ]
INFO: [ view_end ] --END-- [ RunTime:0.008131s ]

