[ 2015-11-17T02:08:36+08:00 ] 68.180.228.176 /xx/tcr.php/Tcr/gtxpg/x/forget
INFO: [ route_check ] --START--
INFO: CheckRoute Behavior ::run [ RunTime:0.007917s ]
INFO: [ route_check ] --END-- [ RunTime:0.008071s ]
INFO: [ app_begin ] --START--
INFO: ReadHtmlCache Behavior ::run [ RunTime:0.007354s ]
INFO: [ app_begin ] --END-- [ RunTime:0.007474s ]
SQL: SHOW COLUMNS FROM `tb_tcr` [ RunTime:0.006278s ]
SQL: SELECT * FROM `tb_tcr` WHERE ( tcrid= ) LIMIT 1   [ RunTime:0.001203s ]
ERR: 1064:You have an error in your SQL syntax; check the manual that corresponds to your MySQL server version for the right syntax to use near ') LIMIT 1' at line 1
 [ SQL语句 ] : SELECT * FROM `tb_tcr` WHERE ( tcrid= ) LIMIT 1  
SQL: SHOW COLUMNS FROM `tb_md` [ RunTime:0.002630s ]
SQL: SELECT * FROM `tb_md` WHERE ( mdmk='Tcr' ) LIMIT 1   [ RunTime:0.000523s ]
SQL: SHOW COLUMNS FROM `tb_tcrbtn` [ RunTime:0.002709s ]
SQL: SELECT * FROM `tb_tcrbtn` WHERE ( f_tcrbtn_tcrid= AND tcrbtnnm='lft' ) LIMIT 1   [ RunTime:0.000525s ]
ERR: 1064:You have an error in your SQL syntax; check the manual that corresponds to your MySQL server version for the right syntax to use near 'AND tcrbtnnm='lft' ) LIMIT 1' at line 1
 [ SQL语句 ] : SELECT * FROM `tb_tcrbtn` WHERE ( f_tcrbtn_tcrid= AND tcrbtnnm='lft' ) LIMIT 1  
SQL: SELECT * FROM `tb_tcrbtn` WHERE ( f_tcrbtn_tcrid= AND tcrbtnnm='bs' ) LIMIT 1   [ RunTime:0.000135s ]
ERR: 1064:You have an error in your SQL syntax; check the manual that corresponds to your MySQL server version for the right syntax to use near 'AND tcrbtnnm='bs' ) LIMIT 1' at line 1
 [ SQL语句 ] : SELECT * FROM `tb_tcrbtn` WHERE ( f_tcrbtn_tcrid= AND tcrbtnnm='bs' ) LIMIT 1  
INFO: [ view_parse ] --START--
INFO: ParseTemplate Behavior ::run [ RunTime:0.061445s ]
INFO: [ view_parse ] --END-- [ RunTime:0.061644s ]
INFO: [ view_filter ] --START--
INFO: ContentReplace Behavior ::run [ RunTime:0.007229s ]
INFO: TokenBuild Behavior ::run [ RunTime:0.007084s ]
INFO: WriteHtmlCache Behavior ::run [ RunTime:0.006987s ]
INFO: ShowRuntime Behavior ::run [ RunTime:0.007240s ]
INFO: [ view_filter ] --END-- [ RunTime:0.028904s ]
INFO: [ view_end ] --START--
INFO: ShowPageTrace Behavior ::run [ RunTime:0.007476s ]
INFO: [ view_end ] --END-- [ RunTime:0.007616s ]

[ 2015-11-17T10:57:37+08:00 ] 40.77.167.64 /xx/tcr.php
INFO: [ app_begin ] --START--
INFO: ReadHtmlCache Behavior ::run [ RunTime:0.007630s ]
INFO: [ app_begin ] --END-- [ RunTime:0.007790s ]
INFO: [ view_parse ] --START--
INFO: ParseTemplate Behavior ::run [ RunTime:0.057715s ]
INFO: [ view_parse ] --END-- [ RunTime:0.057869s ]
INFO: [ view_filter ] --START--
INFO: ContentReplace Behavior ::run [ RunTime:0.007113s ]
INFO: TokenBuild Behavior ::run [ RunTime:0.007531s ]
INFO: WriteHtmlCache Behavior ::run [ RunTime:0.006880s ]
INFO: ShowRuntime Behavior ::run [ RunTime:0.007236s ]
INFO: [ view_filter ] --END-- [ RunTime:0.029084s ]
INFO: [ view_end ] --START--
INFO: ShowPageTrace Behavior ::run [ RunTime:0.007454s ]
INFO: [ view_end ] --END-- [ RunTime:0.007569s ]

[ 2015-11-17T23:22:01+08:00 ] 220.181.108.76 /xx/tcr.php/Tcr/gtxpg/x/forget
INFO: [ route_check ] --START--
INFO: CheckRoute Behavior ::run [ RunTime:0.007854s ]
INFO: [ route_check ] --END-- [ RunTime:0.008006s ]
INFO: [ app_begin ] --START--
INFO: ReadHtmlCache Behavior ::run [ RunTime:0.007367s ]
INFO: [ app_begin ] --END-- [ RunTime:0.007494s ]
SQL: SHOW COLUMNS FROM `tb_tcr` [ RunTime:0.003296s ]
SQL: SELECT * FROM `tb_tcr` WHERE ( tcrid= ) LIMIT 1   [ RunTime:0.000402s ]
ERR: 1064:You have an error in your SQL syntax; check the manual that corresponds to your MySQL server version for the right syntax to use near ') LIMIT 1' at line 1
 [ SQL语句 ] : SELECT * FROM `tb_tcr` WHERE ( tcrid= ) LIMIT 1  
SQL: SHOW COLUMNS FROM `tb_md` [ RunTime:0.002575s ]
SQL: SELECT * FROM `tb_md` WHERE ( mdmk='Tcr' ) LIMIT 1   [ RunTime:0.000582s ]
SQL: SHOW COLUMNS FROM `tb_tcrbtn` [ RunTime:0.002668s ]
SQL: SELECT * FROM `tb_tcrbtn` WHERE ( f_tcrbtn_tcrid= AND tcrbtnnm='lft' ) LIMIT 1   [ RunTime:0.000590s ]
ERR: 1064:You have an error in your SQL syntax; check the manual that corresponds to your MySQL server version for the right syntax to use near 'AND tcrbtnnm='lft' ) LIMIT 1' at line 1
 [ SQL语句 ] : SELECT * FROM `tb_tcrbtn` WHERE ( f_tcrbtn_tcrid= AND tcrbtnnm='lft' ) LIMIT 1  
SQL: SELECT * FROM `tb_tcrbtn` WHERE ( f_tcrbtn_tcrid= AND tcrbtnnm='bs' ) LIMIT 1   [ RunTime:0.000150s ]
ERR: 1064:You have an error in your SQL syntax; check the manual that corresponds to your MySQL server version for the right syntax to use near 'AND tcrbtnnm='bs' ) LIMIT 1' at line 1
 [ SQL语句 ] : SELECT * FROM `tb_tcrbtn` WHERE ( f_tcrbtn_tcrid= AND tcrbtnnm='bs' ) LIMIT 1  
INFO: [ view_parse ] --START--
INFO: ParseTemplate Behavior ::run [ RunTime:0.064509s ]
INFO: [ view_parse ] --END-- [ RunTime:0.064762s ]
INFO: [ view_filter ] --START--
INFO: ContentReplace Behavior ::run [ RunTime:0.007466s ]
INFO: TokenBuild Behavior ::run [ RunTime:0.007085s ]
INFO: WriteHtmlCache Behavior ::run [ RunTime:0.004322s ]
INFO: ShowRuntime Behavior ::run [ RunTime:0.007263s ]
INFO: [ view_filter ] --END-- [ RunTime:0.026524s ]
INFO: [ view_end ] --START--
INFO: ShowPageTrace Behavior ::run [ RunTime:0.007481s ]
INFO: [ view_end ] --END-- [ RunTime:0.007597s ]

