[ 2015-10-16T07:24:20+08:00 ] 66.249.79.99 /xx/tcr.php/Tcr/gtxpg/x/forget
INFO: [ route_check ] --START--
INFO: CheckRoute Behavior ::run [ RunTime:0.008204s ]
INFO: [ route_check ] --END-- [ RunTime:0.008371s ]
INFO: [ app_begin ] --START--
INFO: ReadHtmlCache Behavior ::run [ RunTime:0.007493s ]
INFO: [ app_begin ] --END-- [ RunTime:0.007618s ]
SQL: SHOW COLUMNS FROM `tb_tcr` [ RunTime:0.003276s ]
SQL: SELECT * FROM `tb_tcr` WHERE ( tcrid= ) LIMIT 1   [ RunTime:0.000398s ]
ERR: 1064:You have an error in your SQL syntax; check the manual that corresponds to your MySQL server version for the right syntax to use near ') LIMIT 1' at line 1
 [ SQL语句 ] : SELECT * FROM `tb_tcr` WHERE ( tcrid= ) LIMIT 1  
SQL: SHOW COLUMNS FROM `tb_md` [ RunTime:0.002597s ]
SQL: SELECT * FROM `tb_md` WHERE ( mdmk='Tcr' ) LIMIT 1   [ RunTime:0.000920s ]
SQL: SHOW COLUMNS FROM `tb_tcrbtn` [ RunTime:0.002572s ]
SQL: SELECT * FROM `tb_tcrbtn` WHERE ( f_tcrbtn_tcrid= AND tcrbtnnm='lft' ) LIMIT 1   [ RunTime:0.000545s ]
ERR: 1064:You have an error in your SQL syntax; check the manual that corresponds to your MySQL server version for the right syntax to use near 'AND tcrbtnnm='lft' ) LIMIT 1' at line 1
 [ SQL语句 ] : SELECT * FROM `tb_tcrbtn` WHERE ( f_tcrbtn_tcrid= AND tcrbtnnm='lft' ) LIMIT 1  
SQL: SELECT * FROM `tb_tcrbtn` WHERE ( f_tcrbtn_tcrid= AND tcrbtnnm='bs' ) LIMIT 1   [ RunTime:0.000147s ]
ERR: 1064:You have an error in your SQL syntax; check the manual that corresponds to your MySQL server version for the right syntax to use near 'AND tcrbtnnm='bs' ) LIMIT 1' at line 1
 [ SQL语句 ] : SELECT * FROM `tb_tcrbtn` WHERE ( f_tcrbtn_tcrid= AND tcrbtnnm='bs' ) LIMIT 1  
INFO: [ view_parse ] --START--
INFO: ParseTemplate Behavior ::run [ RunTime:0.055716s ]
INFO: [ view_parse ] --END-- [ RunTime:0.055916s ]
INFO: [ view_filter ] --START--
INFO: ContentReplace Behavior ::run [ RunTime:0.007612s ]
INFO: TokenBuild Behavior ::run [ RunTime:0.007135s ]
INFO: WriteHtmlCache Behavior ::run [ RunTime:0.006912s ]
INFO: ShowRuntime Behavior ::run [ RunTime:0.007259s ]
INFO: [ view_filter ] --END-- [ RunTime:0.029293s ]
INFO: [ view_end ] --START--
INFO: ShowPageTrace Behavior ::run [ RunTime:0.007548s ]
INFO: [ view_end ] --END-- [ RunTime:0.007664s ]

[ 2015-10-16T15:10:10+08:00 ] 207.46.13.120 /xx/tcr.php
INFO: [ app_begin ] --START--
INFO: ReadHtmlCache Behavior ::run [ RunTime:0.008403s ]
INFO: [ app_begin ] --END-- [ RunTime:0.008659s ]
INFO: [ view_parse ] --START--
INFO: ParseTemplate Behavior ::run [ RunTime:0.057876s ]
INFO: [ view_parse ] --END-- [ RunTime:0.058050s ]
INFO: [ view_filter ] --START--
INFO: ContentReplace Behavior ::run [ RunTime:0.007907s ]
INFO: TokenBuild Behavior ::run [ RunTime:0.007066s ]
INFO: WriteHtmlCache Behavior ::run [ RunTime:0.006962s ]
INFO: ShowRuntime Behavior ::run [ RunTime:0.007200s ]
INFO: [ view_filter ] --END-- [ RunTime:0.029464s ]
INFO: [ view_end ] --START--
INFO: ShowPageTrace Behavior ::run [ RunTime:0.007776s ]
INFO: [ view_end ] --END-- [ RunTime:0.007896s ]

