[ 2014-09-24T06:48:08+08:00 ] 127.0.0.1 /base/
INFO: [ app_begin ] --START--
INFO: ReadHtmlCache Behavior ::run [ RunTime:0.000941s ]
INFO: [ app_begin ] --END-- [ RunTime:0.001052s ]
INFO: [ view_parse ] --START--
INFO: ParseTemplate Behavior ::run [ RunTime:0.007537s ]
INFO: [ view_parse ] --END-- [ RunTime:0.007637s ]
INFO: [ view_filter ] --START--
INFO: ContentReplace Behavior ::run [ RunTime:0.000440s ]
INFO: TokenBuild Behavior ::run [ RunTime:0.000447s ]
INFO: WriteHtmlCache Behavior ::run [ RunTime:0.000341s ]
INFO: ShowRuntime Behavior ::run [ RunTime:0.000536s ]
INFO: [ view_filter ] --END-- [ RunTime:0.001955s ]
INFO: [ view_end ] --START--
INFO: ShowPageTrace Behavior ::run [ RunTime:0.000682s ]
INFO: [ view_end ] --END-- [ RunTime:0.000747s ]

[ 2014-09-24T07:14:43+08:00 ] 127.0.0.1 /base/
INFO: [ app_begin ] --START--
INFO: ReadHtmlCache Behavior ::run [ RunTime:0.000557s ]
INFO: [ app_begin ] --END-- [ RunTime:0.000644s ]
INFO: [ view_parse ] --START--
INFO: ParseTemplate Behavior ::run [ RunTime:0.006848s ]
INFO: [ view_parse ] --END-- [ RunTime:0.006935s ]
INFO: [ view_filter ] --START--
INFO: ContentReplace Behavior ::run [ RunTime:0.000370s ]
INFO: TokenBuild Behavior ::run [ RunTime:0.000517s ]
INFO: WriteHtmlCache Behavior ::run [ RunTime:0.000388s ]
INFO: ShowRuntime Behavior ::run [ RunTime:0.000658s ]
INFO: [ view_filter ] --END-- [ RunTime:0.002173s ]
INFO: [ view_end ] --START--
INFO: ShowPageTrace Behavior ::run [ RunTime:0.000782s ]
INFO: [ view_end ] --END-- [ RunTime:0.000856s ]

[ 2014-09-24T08:53:52+08:00 ] 127.0.0.1 /base/
INFO: [ app_begin ] --START--
INFO: ReadHtmlCache Behavior ::run [ RunTime:0.020750s ]
INFO: [ app_begin ] --END-- [ RunTime:0.020865s ]
INFO: [ view_parse ] --START--
INFO: ParseTemplate Behavior ::run [ RunTime:0.063322s ]
INFO: [ view_parse ] --END-- [ RunTime:0.063443s ]
INFO: [ view_filter ] --START--
INFO: ContentReplace Behavior ::run [ RunTime:0.000712s ]
INFO: TokenBuild Behavior ::run [ RunTime:0.000750s ]
INFO: WriteHtmlCache Behavior ::run [ RunTime:0.000651s ]
INFO: ShowRuntime Behavior ::run [ RunTime:0.000861s ]
INFO: [ view_filter ] --END-- [ RunTime:0.003204s ]
INFO: [ view_end ] --START--
INFO: ShowPageTrace Behavior ::run [ RunTime:0.000984s ]
INFO: [ view_end ] --END-- [ RunTime:0.001053s ]

[ 2014-09-24T10:35:35+08:00 ] 127.0.0.1 /base/
INFO: [ app_begin ] --START--
INFO: ReadHtmlCache Behavior ::run [ RunTime:0.000614s ]
INFO: [ app_begin ] --END-- [ RunTime:0.000702s ]
INFO: [ view_parse ] --START--
INFO: ParseTemplate Behavior ::run [ RunTime:0.007036s ]
INFO: [ view_parse ] --END-- [ RunTime:0.007130s ]
INFO: [ view_filter ] --START--
INFO: ContentReplace Behavior ::run [ RunTime:0.000419s ]
INFO: TokenBuild Behavior ::run [ RunTime:0.000435s ]
INFO: WriteHtmlCache Behavior ::run [ RunTime:0.000335s ]
INFO: ShowRuntime Behavior ::run [ RunTime:0.000528s ]
INFO: [ view_filter ] --END-- [ RunTime:0.001954s ]
INFO: [ view_end ] --START--
INFO: ShowPageTrace Behavior ::run [ RunTime:0.000654s ]
INFO: [ view_end ] --END-- [ RunTime:0.000719s ]

[ 2014-09-24T13:09:40+08:00 ] 127.0.0.1 /base/
INFO: [ app_begin ] --START--
INFO: ReadHtmlCache Behavior ::run [ RunTime:0.000810s ]
INFO: [ app_begin ] --END-- [ RunTime:0.000909s ]
INFO: [ view_parse ] --START--
INFO: ParseTemplate Behavior ::run [ RunTime:0.007541s ]
INFO: [ view_parse ] --END-- [ RunTime:0.007647s ]
INFO: [ view_filter ] --START--
INFO: ContentReplace Behavior ::run [ RunTime:0.000497s ]
INFO: TokenBuild Behavior ::run [ RunTime:0.000500s ]
INFO: WriteHtmlCache Behavior ::run [ RunTime:0.000413s ]
INFO: ShowRuntime Behavior ::run [ RunTime:0.000606s ]
INFO: [ view_filter ] --END-- [ RunTime:0.002266s ]
INFO: [ view_end ] --START--
INFO: ShowPageTrace Behavior ::run [ RunTime:0.000716s ]
INFO: [ view_end ] --END-- [ RunTime:0.000773s ]

[ 2014-09-24T20:25:18+08:00 ] 127.0.0.1 /base/
INFO: [ app_begin ] --START--
INFO: ReadHtmlCache Behavior ::run [ RunTime:0.039973s ]
INFO: [ app_begin ] --END-- [ RunTime:0.040100s ]
INFO: [ view_parse ] --START--
INFO: ParseTemplate Behavior ::run [ RunTime:0.131210s ]
INFO: [ view_parse ] --END-- [ RunTime:0.131329s ]
INFO: [ view_filter ] --START--
INFO: ContentReplace Behavior ::run [ RunTime:0.020114s ]
INFO: TokenBuild Behavior ::run [ RunTime:0.005633s ]
INFO: WriteHtmlCache Behavior ::run [ RunTime:0.022021s ]
INFO: ShowRuntime Behavior ::run [ RunTime:0.010419s ]
INFO: [ view_filter ] --END-- [ RunTime:0.058470s ]
INFO: [ view_end ] --START--
INFO: ShowPageTrace Behavior ::run [ RunTime:0.010247s ]
INFO: [ view_end ] --END-- [ RunTime:0.010345s ]

