[ 2014-10-14T21:32:28+08:00 ] 127.0.0.1 /base/
INFO: [ app_begin ] --START--
INFO: ReadHtmlCache Behavior ::run [ RunTime:0.006481s ]
INFO: [ app_begin ] --END-- [ RunTime:0.006584s ]
INFO: [ view_parse ] --START--
INFO: ParseTemplate Behavior ::run [ RunTime:0.037324s ]
INFO: [ view_parse ] --END-- [ RunTime:0.037447s ]
INFO: [ view_filter ] --START--
INFO: ContentReplace Behavior ::run [ RunTime:0.000790s ]
INFO: TokenBuild Behavior ::run [ RunTime:0.000841s ]
INFO: WriteHtmlCache Behavior ::run [ RunTime:0.000766s ]
INFO: ShowRuntime Behavior ::run [ RunTime:0.001310s ]
INFO: [ view_filter ] --END-- [ RunTime:0.003912s ]
INFO: [ view_end ] --START--
INFO: ShowPageTrace Behavior ::run [ RunTime:0.001068s ]
INFO: [ view_end ] --END-- [ RunTime:0.001128s ]

[ 2014-10-14T23:53:13+08:00 ] 127.0.0.1 /base/
INFO: [ app_begin ] --START--
INFO: ReadHtmlCache Behavior ::run [ RunTime:0.001472s ]
INFO: [ app_begin ] --END-- [ RunTime:0.001627s ]
INFO: [ view_parse ] --START--
INFO: ParseTemplate Behavior ::run [ RunTime:0.015229s ]
INFO: [ view_parse ] --END-- [ RunTime:0.015369s ]
INFO: [ view_filter ] --START--
INFO: ContentReplace Behavior ::run [ RunTime:0.000847s ]
INFO: TokenBuild Behavior ::run [ RunTime:0.001079s ]
INFO: WriteHtmlCache Behavior ::run [ RunTime:0.000717s ]
INFO: ShowRuntime Behavior ::run [ RunTime:0.001131s ]
INFO: [ view_filter ] --END-- [ RunTime:0.004195s ]
INFO: [ view_end ] --START--
INFO: ShowPageTrace Behavior ::run [ RunTime:0.001974s ]
INFO: [ view_end ] --END-- [ RunTime:0.002071s ]

