[ 2015-01-23T14:07:06+08:00 ] 127.0.0.1 /geek/
INFO: [ app_begin ] --START--
INFO: ReadHtmlCache Behavior ::run [ RunTime:0.015034s ]
INFO: [ app_begin ] --END-- [ RunTime:0.024272s ]
INFO: [ view_parse ] --START--
INFO: ParseTemplate Behavior ::run [ RunTime:0.092231s ]
INFO: [ view_parse ] --END-- [ RunTime:0.092409s ]
INFO: [ view_filter ] --START--
INFO: ContentReplace Behavior ::run [ RunTime:0.003835s ]
INFO: TokenBuild Behavior ::run [ RunTime:0.009410s ]
INFO: WriteHtmlCache Behavior ::run [ RunTime:0.017923s ]
INFO: ShowRuntime Behavior ::run [ RunTime:0.005104s ]
INFO: [ view_filter ] --END-- [ RunTime:0.036837s ]
INFO: [ view_end ] --START--
INFO: ShowPageTrace Behavior ::run [ RunTime:0.008640s ]
INFO: [ view_end ] --END-- [ RunTime:0.008793s ]

[ 2015-01-23T15:17:49+08:00 ] 127.0.0.1 /geek/
INFO: [ app_begin ] --START--
INFO: ReadHtmlCache Behavior ::run [ RunTime:0.001216s ]
INFO: [ app_begin ] --END-- [ RunTime:0.001438s ]
INFO: [ view_parse ] --START--
INFO: ParseTemplate Behavior ::run [ RunTime:0.011852s ]
INFO: [ view_parse ] --END-- [ RunTime:0.012077s ]
INFO: [ view_filter ] --START--
INFO: ContentReplace Behavior ::run [ RunTime:0.000957s ]
INFO: TokenBuild Behavior ::run [ RunTime:0.000985s ]
INFO: WriteHtmlCache Behavior ::run [ RunTime:0.000692s ]
INFO: ShowRuntime Behavior ::run [ RunTime:0.001056s ]
INFO: [ view_filter ] --END-- [ RunTime:0.004236s ]
INFO: [ view_end ] --START--
INFO: ShowPageTrace Behavior ::run [ RunTime:0.001286s ]
INFO: [ view_end ] --END-- [ RunTime:0.001499s ]

[ 2015-01-23T21:07:07+08:00 ] 127.0.0.1 /geek/
INFO: [ app_begin ] --START--
INFO: ReadHtmlCache Behavior ::run [ RunTime:0.006809s ]
INFO: [ app_begin ] --END-- [ RunTime:0.015025s ]
INFO: [ view_parse ] --START--
INFO: ParseTemplate Behavior ::run [ RunTime:0.087961s ]
INFO: [ view_parse ] --END-- [ RunTime:0.088122s ]
INFO: [ view_filter ] --START--
INFO: ContentReplace Behavior ::run [ RunTime:0.004375s ]
INFO: TokenBuild Behavior ::run [ RunTime:0.020747s ]
INFO: WriteHtmlCache Behavior ::run [ RunTime:0.006907s ]
INFO: ShowRuntime Behavior ::run [ RunTime:0.016003s ]
INFO: [ view_filter ] --END-- [ RunTime:0.048411s ]
INFO: [ view_end ] --START--
INFO: ShowPageTrace Behavior ::run [ RunTime:0.031347s ]
INFO: [ view_end ] --END-- [ RunTime:0.031515s ]

