[ 2015-02-28T15:43:24+08:00 ] 127.0.0.1 /geek/
INFO: [ app_begin ] --START--
INFO: ReadHtmlCache Behavior ::run [ RunTime:0.014951s ]
INFO: [ app_begin ] --END-- [ RunTime:0.015116s ]
SQL: SHOW COLUMNS FROM `tb_usr` [ RunTime:0.002960s ]
SQL: SELECT * FROM `tb_usr` WHERE ( usrid=1 ) LIMIT 1   [ RunTime:0.000318s ]
SQL: SELECT * FROM `tb_usr` WHERE ( usrid=1 ) LIMIT 1   [ RunTime:0.000265s ]
SQL: SELECT * FROM `tb_usr` WHERE ( usrid=1 ) LIMIT 1   [ RunTime:0.000491s ]
SQL: SHOW COLUMNS FROM `tb_athmd` [ RunTime:0.002585s ]
ERR: 1146:Table 'db_geek.tb_athmd' doesn't exist
 [ SQL语句 ] : SHOW COLUMNS FROM `tb_athmd`
NOTIC: [8] Undefined index: f_usr_athid C:\wamp\www\geek\index\Lib\NTF\NTFAction.class.php 第 9 行.
SQL: SELECT * FROM `tb_athmd` LEFT JOIN tb_md ON f_athmd_mdid=mdid WHERE ( f_athmd_athid= AND mdmk='Atc' ) LIMIT 1   [ RunTime:0.000199s ]
ERR: 1064:You have an error in your SQL syntax; check the manual that corresponds to your MySQL server version for the right syntax to use near 'AND mdmk='Atc' ) LIMIT 1' at line 1
 [ SQL语句 ] : SELECT * FROM `tb_athmd` LEFT JOIN tb_md ON f_athmd_mdid=mdid WHERE ( f_athmd_athid= AND mdmk='Atc' ) LIMIT 1  
SQL: SHOW COLUMNS FROM `tb_bd` [ RunTime:0.002853s ]
SQL: SELECT * FROM `tb_bd` ORDER BY bdodr ASC  [ RunTime:0.000379s ]
SQL: SELECT * FROM `tb_usr` WHERE ( usrid=1 ) LIMIT 1   [ RunTime:0.000289s ]
SQL: SHOW COLUMNS FROM `tb_atc` [ RunTime:0.002988s ]
SQL: SELECT * FROM `tb_atc` LEFT JOIN tb_bd ON f_atc_bdid=bdid WHERE ( atcps='y' AND atcvw='y' AND atcnw='n' AND atcdnmc='y' AND atccv<>'dflt' ) ORDER BY atctp DESC,atcmdftm DESC LIMIT 0,5   [ RunTime:0.000451s ]
SQL: SELECT * FROM `tb_bd` ORDER BY bdodr ASC  [ RunTime:0.000280s ]
SQL: SELECT * FROM `tb_bd` WHERE ( bdpid=0 ) ORDER BY bdodr ASC  [ RunTime:0.000286s ]
SQL: SELECT `atcid`,`atctpc`,`atcmdftm`,`atctp` FROM `tb_atc` WHERE ( atcps='y' AND atcvw='y' AND atcnw='n' AND (f_atc_bdid=12 OR f_atc_bdid=3 OR f_atc_bdid=4) ) ORDER BY atctp DESC,atcmdftm DESC LIMIT 0,6   [ RunTime:0.000298s ]
SQL: SELECT `atcid`,`atctpc`,`atcmdftm`,`atctp` FROM `tb_atc` WHERE ( atcps='y' AND atcvw='y' AND atcnw='n' AND (f_atc_bdid=6 OR f_atc_bdid=8 OR f_atc_bdid=7 OR f_atc_bdid=10 OR f_atc_bdid=9 OR f_atc_bdid=11 OR f_atc_bdid=2 OR f_atc_bdid=1) ) ORDER BY atctp DESC,atcmdftm DESC LIMIT 0,6   [ RunTime:0.000306s ]
SQL: SELECT `atcid`,`atctpc`,`atcmdftm`,`atctp` FROM `tb_atc` WHERE ( atcps='y' AND atcvw='y' AND atcnw='n' AND (f_atc_bdid=14) ) ORDER BY atctp DESC,atcmdftm DESC LIMIT 0,6   [ RunTime:0.000242s ]
SQL: SELECT `atcid`,`atctpc`,`atcmdftm`,`atctp` FROM `tb_atc` WHERE ( atcps='y' AND atcvw='y' AND atcnw='n' AND (f_atc_bdid=13) ) ORDER BY atctp DESC,atcmdftm DESC LIMIT 0,6   [ RunTime:0.000250s ]
SQL: SELECT `atcid`,`atctpc`,`atcmdftm`,`atctp` FROM `tb_atc` WHERE ( atcps='y' AND atcvw='y' AND atcnw='n' AND (f_atc_bdid=5) ) ORDER BY atctp DESC,atcmdftm DESC LIMIT 0,6   [ RunTime:0.000223s ]
SQL: SELECT `atcid`,`atctpc`,`atcmdftm`,`atctp` FROM `tb_atc` WHERE ( atcps='y' AND atcvw='y' AND atcnw='n' AND atcanc='y' ) ORDER BY atctp DESC,atcmdftm DESC LIMIT 0,6   [ RunTime:0.000344s ]
SQL: SELECT `atcid`,`atctpc`,`atcmdftm`,`atctp` FROM `tb_atc` WHERE ( atcps='y' AND atcvw='y' AND atcnw='n' AND atcdnmc='y' ) ORDER BY atctp DESC,atcmdftm DESC LIMIT 0,6   [ RunTime:0.000303s ]
SQL: SHOW COLUMNS FROM `tb_sys` [ RunTime:0.002773s ]
SQL: SELECT * FROM `tb_sys` LIMIT 1   [ RunTime:0.000256s ]
INFO: [ view_parse ] --START--
NOTIC: [8] Undefined variable: ntfa C:\wamp\www\geek\index\Runtime\Cache\851d53d04e85c43d57b9cb88584499a7.php 第 87 行.
NOTIC: [8] Undefined index: atcstyle C:\wamp\www\geek\index\Runtime\Cache\851d53d04e85c43d57b9cb88584499a7.php 第 194 行.
NOTIC: [8] Undefined index: atcflag C:\wamp\www\geek\index\Runtime\Cache\851d53d04e85c43d57b9cb88584499a7.php 第 194 行.
NOTIC: [8] Undefined index: atcstyle C:\wamp\www\geek\index\Runtime\Cache\851d53d04e85c43d57b9cb88584499a7.php 第 216 行.
NOTIC: [8] Undefined index: atcflag C:\wamp\www\geek\index\Runtime\Cache\851d53d04e85c43d57b9cb88584499a7.php 第 216 行.
NOTIC: [8] Undefined index: atcstyle C:\wamp\www\geek\index\Runtime\Cache\851d53d04e85c43d57b9cb88584499a7.php 第 231 行.
NOTIC: [8] Undefined index: atcflag C:\wamp\www\geek\index\Runtime\Cache\851d53d04e85c43d57b9cb88584499a7.php 第 231 行.
INFO: ParseTemplate Behavior ::run [ RunTime:0.124404s ]
INFO: [ view_parse ] --END-- [ RunTime:0.124549s ]
INFO: [ view_filter ] --START--
INFO: ContentReplace Behavior ::run [ RunTime:0.015980s ]
INFO: TokenBuild Behavior ::run [ RunTime:0.020620s ]
INFO: WriteHtmlCache Behavior ::run [ RunTime:0.006860s ]
INFO: ShowRuntime Behavior ::run [ RunTime:0.016043s ]
INFO: [ view_filter ] --END-- [ RunTime:0.059894s ]
INFO: [ view_end ] --START--
INFO: ShowPageTrace Behavior ::run [ RunTime:0.020094s ]
INFO: [ view_end ] --END-- [ RunTime:0.020235s ]

