[ 2015-09-29T08:34:53+08:00 ] 157.55.39.168 /xx/index.php/Atc/query/bdid/18
INFO: [ route_check ] --START--
INFO: CheckRoute Behavior ::run [ RunTime:0.008110s ]
INFO: [ route_check ] --END-- [ RunTime:0.008268s ]
INFO: [ app_begin ] --START--
INFO: ReadHtmlCache Behavior ::run [ RunTime:0.007453s ]
INFO: [ app_begin ] --END-- [ RunTime:0.007577s ]
SQL: SHOW COLUMNS FROM `tb_cstmusr` [ RunTime:0.003111s ]
SQL: SELECT * FROM `tb_cstmusr` WHERE ( cstmusrid= ) LIMIT 1   [ RunTime:0.000287s ]
ERR: 1064:You have an error in your SQL syntax; check the manual that corresponds to your MySQL server version for the right syntax to use near ') LIMIT 1' at line 1
 [ SQL语句 ] : SELECT * FROM `tb_cstmusr` WHERE ( cstmusrid= ) LIMIT 1  
SQL: SHOW COLUMNS FROM `tb_bd` [ RunTime:0.002854s ]
SQL: SELECT * FROM `tb_bd` ORDER BY bdodr ASC  [ RunTime:0.000577s ]
SQL: SHOW COLUMNS FROM `tb_atc` [ RunTime:0.003089s ]
NOTIC: [8] Undefined index:  atcanc D:\Program Files\Apache Software Foundation\Apache2.2\htdocs\xx\index\Lib\Action\AtcAction.class.php 第 157 行.
NOTIC: [8] Undefined index:  atcdnmc D:\Program Files\Apache Software Foundation\Apache2.2\htdocs\xx\index\Lib\Action\AtcAction.class.php 第 161 行.
NOTIC: [8] Undefined index:  atckw D:\Program Files\Apache Software Foundation\Apache2.2\htdocs\xx\index\Lib\Action\AtcAction.class.php 第 165 行.
SQL: SELECT * FROM `tb_bd` WHERE ( bdid=18 ) LIMIT 1   [ RunTime:0.000169s ]
SQL: SELECT * FROM `tb_bd` ORDER BY bdodr ASC  [ RunTime:0.000139s ]
SQL: SELECT COUNT(*) AS tp_count FROM `tb_atc` WHERE ( atcps=1 AND atcvw=1 AND atcnw=0  AND (f_atc_bdid=18) ) ORDER BY atctp DESC,atcmdftm DESC LIMIT 1   [ RunTime:0.000125s ]
SQL: SELECT `atcid`,`atctpc`,`atcmdftm`,`atctp` FROM `tb_atc` WHERE ( atcps=1 AND atcvw=1 AND atcnw=0 AND (f_atc_bdid=18) ) ORDER BY atctp DESC,atcmdftm DESC LIMIT 0,10   [ RunTime:0.000174s ]
INFO: [ view_parse ] --START--
NOTIC: [8] Undefined variable: ntfa D:\Program Files\Apache Software Foundation\Apache2.2\htdocs\xx\index\Runtime\Cache\fcd7ec07ca93d24740240bc6bdf08acd.php 第 90 行.
INFO: ParseTemplate Behavior ::run [ RunTime:0.054063s ]
INFO: [ view_parse ] --END-- [ RunTime:0.054221s ]
INFO: [ view_filter ] --START--
INFO: ContentReplace Behavior ::run [ RunTime:0.007720s ]
INFO: TokenBuild Behavior ::run [ RunTime:0.003985s ]
INFO: WriteHtmlCache Behavior ::run [ RunTime:0.007109s ]
INFO: ShowRuntime Behavior ::run [ RunTime:0.007294s ]
INFO: [ view_filter ] --END-- [ RunTime:0.026461s ]
INFO: [ view_end ] --START--
INFO: ShowPageTrace Behavior ::run [ RunTime:0.007480s ]
INFO: [ view_end ] --END-- [ RunTime:0.007616s ]

[ 2015-09-29T19:30:31+08:00 ] 42.120.161.44 /xx/index.php/Atc/view/atcid/20
INFO: [ route_check ] --START--
INFO: CheckRoute Behavior ::run [ RunTime:0.007925s ]
INFO: [ route_check ] --END-- [ RunTime:0.008081s ]
INFO: [ app_begin ] --START--
INFO: ReadHtmlCache Behavior ::run [ RunTime:0.007362s ]
INFO: [ app_begin ] --END-- [ RunTime:0.007488s ]
SQL: SHOW COLUMNS FROM `tb_cstmusr` [ RunTime:0.003759s ]
SQL: SELECT * FROM `tb_cstmusr` WHERE ( cstmusrid= ) LIMIT 1   [ RunTime:0.000419s ]
ERR: 1064:You have an error in your SQL syntax; check the manual that corresponds to your MySQL server version for the right syntax to use near ') LIMIT 1' at line 1
 [ SQL语句 ] : SELECT * FROM `tb_cstmusr` WHERE ( cstmusrid= ) LIMIT 1  
SQL: SHOW COLUMNS FROM `tb_bd` [ RunTime:0.002747s ]
SQL: SELECT * FROM `tb_bd` ORDER BY bdodr ASC  [ RunTime:0.000614s ]
SQL: SHOW COLUMNS FROM `tb_atc` [ RunTime:0.003159s ]
SQL: SELECT * FROM `tb_atc` LEFT JOIN tb_bd ON f_atc_bdid=bdid WHERE ( atcid=20 ) LIMIT 1   [ RunTime:0.001383s ]
SQL: SELECT * FROM `tb_bd` ORDER BY bdodr ASC  [ RunTime:0.000139s ]
SQL: UPDATE `tb_atc` SET `atccnt`=350 WHERE ( atcid=20 ) [ RunTime:0.020845s ]
NOTIC: [8] Undefined variable: alt D:\Program Files\Apache Software Foundation\Apache2.2\htdocs\xx\index\Lib\Action\AtcAction.class.php 第 62 行.
SQL: SHOW COLUMNS FROM `tb_sys` [ RunTime:0.002703s ]
SQL: SELECT * FROM `tb_sys` LIMIT 1   [ RunTime:0.000609s ]
SQL: SHOW COLUMNS FROM `tb_cstmatcclct` [ RunTime:0.002776s ]
SQL: SHOW COLUMNS FROM `tb_cstmcmt` [ RunTime:0.003127s ]
SQL: SELECT * FROM `tb_cstmcmt` LEFT JOIN tb_cstmusr ON f_cstmcmt_cstmusrid=cstmusrid LEFT JOIN tb_atc ON f_cstmcmt_atcid=atcid WHERE ( atcid=20 ) ORDER BY cstmcmttm DESC LIMIT 0,5   [ RunTime:0.000848s ]
SQL: SELECT COUNT(*) AS tp_count FROM `tb_cstmcmt` LEFT JOIN tb_cstmusr ON f_cstmcmt_cstmusrid=cstmusrid LEFT JOIN tb_atc ON f_cstmcmt_atcid=atcid WHERE ( atcid=20 ) ORDER BY cstmcmttm DESC LIMIT 1   [ RunTime:0.000280s ]
SQL: SELECT * FROM `tb_cstmcmt` LEFT JOIN tb_cstmusr ON f_cstmcmt_cstmusrid=cstmusrid WHERE ( f_cstmcmt_atcid=20 ) ORDER BY cstmcmttm ASC LIMIT 5,1   [ RunTime:0.000153s ]
INFO: [ view_parse ] --START--
NOTIC: [8] Undefined variable: ntfa D:\Program Files\Apache Software Foundation\Apache2.2\htdocs\xx\index\Runtime\Cache\e1f176339d87a8d3780543272ba5120d.php 第 92 行.
INFO: ParseTemplate Behavior ::run [ RunTime:0.068418s ]
INFO: [ view_parse ] --END-- [ RunTime:0.068591s ]
INFO: [ view_filter ] --START--
INFO: ContentReplace Behavior ::run [ RunTime:0.005589s ]
INFO: TokenBuild Behavior ::run [ RunTime:0.005075s ]
INFO: WriteHtmlCache Behavior ::run [ RunTime:0.004521s ]
INFO: ShowRuntime Behavior ::run [ RunTime:0.008768s ]
INFO: [ view_filter ] --END-- [ RunTime:0.024559s ]
INFO: [ view_end ] --START--
INFO: ShowPageTrace Behavior ::run [ RunTime:0.007572s ]
INFO: [ view_end ] --END-- [ RunTime:0.007689s ]

[ 2015-09-29T19:31:54+08:00 ] 42.156.138.44 /xx/index.php/Atc/query/bdid/21
INFO: [ route_check ] --START--
INFO: CheckRoute Behavior ::run [ RunTime:0.008228s ]
INFO: [ route_check ] --END-- [ RunTime:0.008376s ]
INFO: [ app_begin ] --START--
INFO: ReadHtmlCache Behavior ::run [ RunTime:0.007629s ]
INFO: [ app_begin ] --END-- [ RunTime:0.007763s ]
SQL: SHOW COLUMNS FROM `tb_cstmusr` [ RunTime:0.004787s ]
SQL: SELECT * FROM `tb_cstmusr` WHERE ( cstmusrid= ) LIMIT 1   [ RunTime:0.000223s ]
ERR: 1064:You have an error in your SQL syntax; check the manual that corresponds to your MySQL server version for the right syntax to use near ') LIMIT 1' at line 1
 [ SQL语句 ] : SELECT * FROM `tb_cstmusr` WHERE ( cstmusrid= ) LIMIT 1  
SQL: SHOW COLUMNS FROM `tb_bd` [ RunTime:0.002468s ]
SQL: SELECT * FROM `tb_bd` ORDER BY bdodr ASC  [ RunTime:0.000598s ]
SQL: SHOW COLUMNS FROM `tb_atc` [ RunTime:0.002771s ]
NOTIC: [8] Undefined index:  atcanc D:\Program Files\Apache Software Foundation\Apache2.2\htdocs\xx\index\Lib\Action\AtcAction.class.php 第 157 行.
NOTIC: [8] Undefined index:  atcdnmc D:\Program Files\Apache Software Foundation\Apache2.2\htdocs\xx\index\Lib\Action\AtcAction.class.php 第 161 行.
NOTIC: [8] Undefined index:  atckw D:\Program Files\Apache Software Foundation\Apache2.2\htdocs\xx\index\Lib\Action\AtcAction.class.php 第 165 行.
SQL: SELECT * FROM `tb_bd` WHERE ( bdid=21 ) LIMIT 1   [ RunTime:0.000164s ]
SQL: SELECT * FROM `tb_bd` ORDER BY bdodr ASC  [ RunTime:0.000139s ]
SQL: SELECT COUNT(*) AS tp_count FROM `tb_atc` WHERE ( atcps=1 AND atcvw=1 AND atcnw=0  AND (f_atc_bdid=21) ) ORDER BY atctp DESC,atcmdftm DESC LIMIT 1   [ RunTime:0.000334s ]
SQL: SELECT `atcid`,`atctpc`,`atcmdftm`,`atctp` FROM `tb_atc` WHERE ( atcps=1 AND atcvw=1 AND atcnw=0 AND (f_atc_bdid=21) ) ORDER BY atctp DESC,atcmdftm DESC LIMIT 0,10   [ RunTime:0.000453s ]
INFO: [ view_parse ] --START--
NOTIC: [8] Undefined variable: ntfa D:\Program Files\Apache Software Foundation\Apache2.2\htdocs\xx\index\Runtime\Cache\fcd7ec07ca93d24740240bc6bdf08acd.php 第 90 行.
INFO: ParseTemplate Behavior ::run [ RunTime:0.067775s ]
INFO: [ view_parse ] --END-- [ RunTime:0.067946s ]
INFO: [ view_filter ] --START--
INFO: ContentReplace Behavior ::run [ RunTime:0.008075s ]
INFO: TokenBuild Behavior ::run [ RunTime:0.008877s ]
INFO: WriteHtmlCache Behavior ::run [ RunTime:0.008078s ]
INFO: ShowRuntime Behavior ::run [ RunTime:0.007975s ]
INFO: [ view_filter ] --END-- [ RunTime:0.033541s ]
INFO: [ view_end ] --START--
INFO: ShowPageTrace Behavior ::run [ RunTime:0.007504s ]
INFO: [ view_end ] --END-- [ RunTime:0.007642s ]

