[ 2015-03-25T10:10:42+08:00 ] 192.168.1.136 /geek/
INFO: [ app_begin ] --START--
INFO: ReadHtmlCache Behavior ::run [ RunTime:0.026219s ]
INFO: [ app_begin ] --END-- [ RunTime:0.026436s ]
SQL: SHOW COLUMNS FROM `tb_cstmusr` [ RunTime:0.082707s ]
SQL: SELECT * FROM `tb_cstmusr` WHERE ( cstmusrid= ) LIMIT 1   [ RunTime:0.000214s ]
ERR: 1064:You have an error in your SQL syntax; check the manual that corresponds to your MySQL server version for the right syntax to use near ') LIMIT 1' at line 1
 [ SQL语句 ] : SELECT * FROM `tb_cstmusr` WHERE ( cstmusrid= ) LIMIT 1  
SQL: SHOW COLUMNS FROM `tb_bd` [ RunTime:0.030475s ]
SQL: SELECT * FROM `tb_bd` ORDER BY bdodr ASC  [ RunTime:0.000443s ]
SQL: SHOW COLUMNS FROM `tb_atc` [ RunTime:0.062656s ]
SQL: SELECT * FROM `tb_atc` LEFT JOIN tb_bd ON f_atc_bdid=bdid WHERE ( atcps=1 AND atcvw=1 AND atcnw=0 AND atcdnmc=1 AND atccv<>'dflt' ) ORDER BY atctp DESC,atcmdftm DESC LIMIT 0,5   [ RunTime:0.000645s ]
SQL: SELECT * FROM `tb_bd` ORDER BY bdodr ASC  [ RunTime:0.000285s ]
SQL: SELECT * FROM `tb_bd` WHERE ( bdpid=0 ) ORDER BY bdodr ASC  [ RunTime:0.000306s ]
SQL: SELECT `atcid`,`atctpc`,`atcmdftm`,`atctp` FROM `tb_atc` WHERE ( atcps=1 AND atcvw=1 AND atcnw='n' AND (f_atc_bdid=12 OR f_atc_bdid=3 OR f_atc_bdid=4) ) ORDER BY atctp DESC,atcmdftm DESC LIMIT 0,6   [ RunTime:0.000335s ]
SQL: SELECT `atcid`,`atctpc`,`atcmdftm`,`atctp` FROM `tb_atc` WHERE ( atcps=1 AND atcvw=1 AND atcnw='n' AND (f_atc_bdid=6 OR f_atc_bdid=8 OR f_atc_bdid=7 OR f_atc_bdid=10 OR f_atc_bdid=9 OR f_atc_bdid=11 OR f_atc_bdid=2 OR f_atc_bdid=1) ) ORDER BY atctp DESC,atcmdftm DESC LIMIT 0,6   [ RunTime:0.000336s ]
SQL: SELECT `atcid`,`atctpc`,`atcmdftm`,`atctp` FROM `tb_atc` WHERE ( atcps=1 AND atcvw=1 AND atcnw='n' AND (f_atc_bdid=14) ) ORDER BY atctp DESC,atcmdftm DESC LIMIT 0,6   [ RunTime:0.000397s ]
SQL: SELECT `atcid`,`atctpc`,`atcmdftm`,`atctp` FROM `tb_atc` WHERE ( atcps=1 AND atcvw=1 AND atcnw='n' AND (f_atc_bdid=13) ) ORDER BY atctp DESC,atcmdftm DESC LIMIT 0,6   [ RunTime:0.000242s ]
SQL: SELECT `atcid`,`atctpc`,`atcmdftm`,`atctp` FROM `tb_atc` WHERE ( atcps=1 AND atcvw=1 AND atcnw='n' AND (f_atc_bdid=5) ) ORDER BY atctp DESC,atcmdftm DESC LIMIT 0,6   [ RunTime:0.000290s ]
SQL: SELECT `atcid`,`atctpc`,`atcmdftm`,`atctp` FROM `tb_atc` WHERE ( atcps=1 AND atcvw=1 AND atcnw=0 AND atcanc=1 ) ORDER BY atctp DESC,atcmdftm DESC LIMIT 0,6   [ RunTime:0.000325s ]
SQL: SELECT `atcid`,`atctpc`,`atcmdftm`,`atctp` FROM `tb_atc` WHERE ( atcps=1 AND atcvw=1 AND atcnw=0 AND atcdnmc=1 ) ORDER BY atctp DESC,atcmdftm DESC LIMIT 0,6   [ RunTime:0.000317s ]
SQL: SHOW COLUMNS FROM `tb_sys` [ RunTime:0.039011s ]
SQL: SELECT * FROM `tb_sys` LIMIT 1   [ RunTime:0.000344s ]
INFO: [ view_parse ] --START--
NOTIC: [8] Undefined variable: ntfa C:\wamp\www\geek\index\Runtime\Cache\851d53d04e85c43d57b9cb88584499a7.php 第 88 行.
INFO: ParseTemplate Behavior ::run [ RunTime:0.179259s ]
INFO: [ view_parse ] --END-- [ RunTime:0.179424s ]
INFO: [ view_filter ] --START--
INFO: ContentReplace Behavior ::run [ RunTime:0.025234s ]
INFO: TokenBuild Behavior ::run [ RunTime:0.009998s ]
INFO: WriteHtmlCache Behavior ::run [ RunTime:0.006319s ]
INFO: ShowRuntime Behavior ::run [ RunTime:0.004848s ]
INFO: [ view_filter ] --END-- [ RunTime:0.046826s ]
INFO: [ view_end ] --START--
INFO: ShowPageTrace Behavior ::run [ RunTime:0.009084s ]
INFO: [ view_end ] --END-- [ RunTime:0.009222s ]

[ 2015-03-25T10:14:14+08:00 ] 192.168.1.136 /geek/
INFO: [ app_begin ] --START--
INFO: ReadHtmlCache Behavior ::run [ RunTime:0.000888s ]
INFO: [ app_begin ] --END-- [ RunTime:0.001033s ]
SQL: SHOW COLUMNS FROM `tb_cstmusr` [ RunTime:0.005000s ]
SQL: SELECT * FROM `tb_cstmusr` WHERE ( cstmusrid= ) LIMIT 1   [ RunTime:0.000276s ]
ERR: 1064:You have an error in your SQL syntax; check the manual that corresponds to your MySQL server version for the right syntax to use near ') LIMIT 1' at line 1
 [ SQL语句 ] : SELECT * FROM `tb_cstmusr` WHERE ( cstmusrid= ) LIMIT 1  
SQL: SHOW COLUMNS FROM `tb_bd` [ RunTime:0.003395s ]
SQL: SELECT * FROM `tb_bd` ORDER BY bdodr ASC  [ RunTime:0.000403s ]
SQL: SHOW COLUMNS FROM `tb_atc` [ RunTime:0.003954s ]
SQL: SELECT * FROM `tb_atc` LEFT JOIN tb_bd ON f_atc_bdid=bdid WHERE ( atcps=1 AND atcvw=1 AND atcnw=0 AND atcdnmc=1 AND atccv<>'dflt' ) ORDER BY atctp DESC,atcmdftm DESC LIMIT 0,5   [ RunTime:0.000617s ]
SQL: SELECT * FROM `tb_bd` ORDER BY bdodr ASC  [ RunTime:0.000336s ]
SQL: SELECT * FROM `tb_bd` WHERE ( bdpid=0 ) ORDER BY bdodr ASC  [ RunTime:0.000333s ]
SQL: SELECT `atcid`,`atctpc`,`atcmdftm`,`atctp` FROM `tb_atc` WHERE ( atcps=1 AND atcvw=1 AND atcnw='n' AND (f_atc_bdid=12 OR f_atc_bdid=3 OR f_atc_bdid=4) ) ORDER BY atctp DESC,atcmdftm DESC LIMIT 0,6   [ RunTime:0.000337s ]
SQL: SELECT `atcid`,`atctpc`,`atcmdftm`,`atctp` FROM `tb_atc` WHERE ( atcps=1 AND atcvw=1 AND atcnw='n' AND (f_atc_bdid=6 OR f_atc_bdid=8 OR f_atc_bdid=7 OR f_atc_bdid=10 OR f_atc_bdid=9 OR f_atc_bdid=11 OR f_atc_bdid=2 OR f_atc_bdid=1) ) ORDER BY atctp DESC,atcmdftm DESC LIMIT 0,6   [ RunTime:0.000434s ]
SQL: SELECT `atcid`,`atctpc`,`atcmdftm`,`atctp` FROM `tb_atc` WHERE ( atcps=1 AND atcvw=1 AND atcnw='n' AND (f_atc_bdid=14) ) ORDER BY atctp DESC,atcmdftm DESC LIMIT 0,6   [ RunTime:0.000325s ]
SQL: SELECT `atcid`,`atctpc`,`atcmdftm`,`atctp` FROM `tb_atc` WHERE ( atcps=1 AND atcvw=1 AND atcnw='n' AND (f_atc_bdid=13) ) ORDER BY atctp DESC,atcmdftm DESC LIMIT 0,6   [ RunTime:0.000291s ]
SQL: SELECT `atcid`,`atctpc`,`atcmdftm`,`atctp` FROM `tb_atc` WHERE ( atcps=1 AND atcvw=1 AND atcnw='n' AND (f_atc_bdid=5) ) ORDER BY atctp DESC,atcmdftm DESC LIMIT 0,6   [ RunTime:0.000290s ]
SQL: SELECT `atcid`,`atctpc`,`atcmdftm`,`atctp` FROM `tb_atc` WHERE ( atcps=1 AND atcvw=1 AND atcnw=0 AND atcanc=1 ) ORDER BY atctp DESC,atcmdftm DESC LIMIT 0,6   [ RunTime:0.000319s ]
SQL: SELECT `atcid`,`atctpc`,`atcmdftm`,`atctp` FROM `tb_atc` WHERE ( atcps=1 AND atcvw=1 AND atcnw=0 AND atcdnmc=1 ) ORDER BY atctp DESC,atcmdftm DESC LIMIT 0,6   [ RunTime:0.000339s ]
SQL: SHOW COLUMNS FROM `tb_sys` [ RunTime:0.003723s ]
SQL: SELECT * FROM `tb_sys` LIMIT 1   [ RunTime:0.000252s ]
INFO: [ view_parse ] --START--
NOTIC: [8] Undefined variable: ntfa C:\wamp\www\geek\index\Runtime\Cache\851d53d04e85c43d57b9cb88584499a7.php 第 88 行.
INFO: ParseTemplate Behavior ::run [ RunTime:0.026374s ]
INFO: [ view_parse ] --END-- [ RunTime:0.026528s ]
INFO: [ view_filter ] --START--
INFO: ContentReplace Behavior ::run [ RunTime:0.000819s ]
INFO: TokenBuild Behavior ::run [ RunTime:0.000679s ]
INFO: WriteHtmlCache Behavior ::run [ RunTime:0.000481s ]
INFO: ShowRuntime Behavior ::run [ RunTime:0.000747s ]
INFO: [ view_filter ] --END-- [ RunTime:0.003075s ]
INFO: [ view_end ] --START--
INFO: ShowPageTrace Behavior ::run [ RunTime:0.000783s ]
INFO: [ view_end ] --END-- [ RunTime:0.000905s ]

[ 2015-03-25T16:18:17+08:00 ] 127.0.0.1 /geek/
INFO: [ app_begin ] --START--
INFO: ReadHtmlCache Behavior ::run [ RunTime:0.039090s ]
INFO: [ app_begin ] --END-- [ RunTime:0.048968s ]
SQL: SHOW COLUMNS FROM `tb_cstmusr` [ RunTime:0.061860s ]
SQL: SELECT * FROM `tb_cstmusr` WHERE ( cstmusrid= ) LIMIT 1   [ RunTime:0.000222s ]
ERR: 1064:You have an error in your SQL syntax; check the manual that corresponds to your MySQL server version for the right syntax to use near ') LIMIT 1' at line 1
 [ SQL语句 ] : SELECT * FROM `tb_cstmusr` WHERE ( cstmusrid= ) LIMIT 1  
SQL: SHOW COLUMNS FROM `tb_bd` [ RunTime:0.011293s ]
SQL: SELECT * FROM `tb_bd` ORDER BY bdodr ASC  [ RunTime:0.000396s ]
SQL: SHOW COLUMNS FROM `tb_atc` [ RunTime:0.007411s ]
SQL: SELECT * FROM `tb_atc` LEFT JOIN tb_bd ON f_atc_bdid=bdid WHERE ( atcps=1 AND atcvw=1 AND atcnw=0 AND atcdnmc=1 AND atccv<>'dflt' ) ORDER BY atctp DESC,atcmdftm DESC LIMIT 0,5   [ RunTime:0.000593s ]
SQL: SELECT * FROM `tb_bd` ORDER BY bdodr ASC  [ RunTime:0.000256s ]
SQL: SELECT * FROM `tb_bd` WHERE ( bdpid=0 ) ORDER BY bdodr ASC  [ RunTime:0.000234s ]
SQL: SELECT `atcid`,`atctpc`,`atcmdftm`,`atctp` FROM `tb_atc` WHERE ( atcps=1 AND atcvw=1 AND atcnw='n' AND (f_atc_bdid=12 OR f_atc_bdid=3 OR f_atc_bdid=4) ) ORDER BY atctp DESC,atcmdftm DESC LIMIT 0,6   [ RunTime:0.000299s ]
SQL: SELECT `atcid`,`atctpc`,`atcmdftm`,`atctp` FROM `tb_atc` WHERE ( atcps=1 AND atcvw=1 AND atcnw='n' AND (f_atc_bdid=6 OR f_atc_bdid=8 OR f_atc_bdid=7 OR f_atc_bdid=10 OR f_atc_bdid=9 OR f_atc_bdid=11 OR f_atc_bdid=2 OR f_atc_bdid=1) ) ORDER BY atctp DESC,atcmdftm DESC LIMIT 0,6   [ RunTime:0.000465s ]
SQL: SELECT `atcid`,`atctpc`,`atcmdftm`,`atctp` FROM `tb_atc` WHERE ( atcps=1 AND atcvw=1 AND atcnw='n' AND (f_atc_bdid=14) ) ORDER BY atctp DESC,atcmdftm DESC LIMIT 0,6   [ RunTime:0.000414s ]
SQL: SELECT `atcid`,`atctpc`,`atcmdftm`,`atctp` FROM `tb_atc` WHERE ( atcps=1 AND atcvw=1 AND atcnw='n' AND (f_atc_bdid=13) ) ORDER BY atctp DESC,atcmdftm DESC LIMIT 0,6   [ RunTime:0.000356s ]
SQL: SELECT `atcid`,`atctpc`,`atcmdftm`,`atctp` FROM `tb_atc` WHERE ( atcps=1 AND atcvw=1 AND atcnw='n' AND (f_atc_bdid=5) ) ORDER BY atctp DESC,atcmdftm DESC LIMIT 0,6   [ RunTime:0.000331s ]
SQL: SELECT `atcid`,`atctpc`,`atcmdftm`,`atctp` FROM `tb_atc` WHERE ( atcps=1 AND atcvw=1 AND atcnw=0 AND atcanc=1 ) ORDER BY atctp DESC,atcmdftm DESC LIMIT 0,6   [ RunTime:0.000380s ]
SQL: SELECT `atcid`,`atctpc`,`atcmdftm`,`atctp` FROM `tb_atc` WHERE ( atcps=1 AND atcvw=1 AND atcnw=0 AND atcdnmc=1 ) ORDER BY atctp DESC,atcmdftm DESC LIMIT 0,6   [ RunTime:0.000349s ]
SQL: SHOW COLUMNS FROM `tb_sys` [ RunTime:0.009771s ]
SQL: SELECT * FROM `tb_sys` LIMIT 1   [ RunTime:0.000297s ]
INFO: [ view_parse ] --START--
NOTIC: [8] Undefined variable: ntfa C:\wamp\www\geek\index\Runtime\Cache\851d53d04e85c43d57b9cb88584499a7.php 第 93 行.
INFO: ParseTemplate Behavior ::run [ RunTime:0.301963s ]
INFO: [ view_parse ] --END-- [ RunTime:0.302156s ]
INFO: [ view_filter ] --START--
INFO: ContentReplace Behavior ::run [ RunTime:0.024516s ]
INFO: TokenBuild Behavior ::run [ RunTime:0.009467s ]
INFO: WriteHtmlCache Behavior ::run [ RunTime:0.006836s ]
INFO: ShowRuntime Behavior ::run [ RunTime:0.004898s ]
INFO: [ view_filter ] --END-- [ RunTime:0.046139s ]
INFO: [ view_end ] --START--
INFO: ShowPageTrace Behavior ::run [ RunTime:0.008987s ]
INFO: [ view_end ] --END-- [ RunTime:0.009127s ]

