[ 2015-09-17T19:04:54+08:00 ] 42.156.139.107 /xx/index.php/Atc/view/atcid/20
INFO: [ route_check ] --START--
INFO: CheckRoute Behavior ::run [ RunTime:0.008418s ]
INFO: [ route_check ] --END-- [ RunTime:0.008592s ]
INFO: [ app_begin ] --START--
INFO: ReadHtmlCache Behavior ::run [ RunTime:0.004303s ]
INFO: [ app_begin ] --END-- [ RunTime:0.004433s ]
SQL: SHOW COLUMNS FROM `tb_cstmusr` [ RunTime:0.003102s ]
SQL: SELECT * FROM `tb_cstmusr` WHERE ( cstmusrid= ) LIMIT 1   [ RunTime:0.000398s ]
ERR: 1064:You have an error in your SQL syntax; check the manual that corresponds to your MySQL server version for the right syntax to use near ') LIMIT 1' at line 1
 [ SQL语句 ] : SELECT * FROM `tb_cstmusr` WHERE ( cstmusrid= ) LIMIT 1  
SQL: SHOW COLUMNS FROM `tb_bd` [ RunTime:0.002816s ]
SQL: SELECT * FROM `tb_bd` ORDER BY bdodr ASC  [ RunTime:0.000604s ]
SQL: SHOW COLUMNS FROM `tb_atc` [ RunTime:0.003442s ]
SQL: SELECT * FROM `tb_atc` LEFT JOIN tb_bd ON f_atc_bdid=bdid WHERE ( atcid=20 ) LIMIT 1   [ RunTime:0.001278s ]
SQL: SELECT * FROM `tb_bd` ORDER BY bdodr ASC  [ RunTime:0.000139s ]
SQL: UPDATE `tb_atc` SET `atccnt`=341 WHERE ( atcid=20 ) [ RunTime:0.020940s ]
NOTIC: [8] Undefined variable: alt D:\Program Files\Apache Software Foundation\Apache2.2\htdocs\xx\index\Lib\Action\AtcAction.class.php 第 62 行.
SQL: SHOW COLUMNS FROM `tb_sys` [ RunTime:0.002675s ]
SQL: SELECT * FROM `tb_sys` LIMIT 1   [ RunTime:0.001856s ]
SQL: SHOW COLUMNS FROM `tb_cstmatcclct` [ RunTime:0.002832s ]
SQL: SHOW COLUMNS FROM `tb_cstmcmt` [ RunTime:0.003110s ]
SQL: SELECT * FROM `tb_cstmcmt` LEFT JOIN tb_cstmusr ON f_cstmcmt_cstmusrid=cstmusrid LEFT JOIN tb_atc ON f_cstmcmt_atcid=atcid WHERE ( atcid=20 ) ORDER BY cstmcmttm DESC LIMIT 0,5   [ RunTime:0.000850s ]
SQL: SELECT COUNT(*) AS tp_count FROM `tb_cstmcmt` LEFT JOIN tb_cstmusr ON f_cstmcmt_cstmusrid=cstmusrid LEFT JOIN tb_atc ON f_cstmcmt_atcid=atcid WHERE ( atcid=20 ) ORDER BY cstmcmttm DESC LIMIT 1   [ RunTime:0.000268s ]
SQL: SELECT * FROM `tb_cstmcmt` LEFT JOIN tb_cstmusr ON f_cstmcmt_cstmusrid=cstmusrid WHERE ( f_cstmcmt_atcid=20 ) ORDER BY cstmcmttm ASC LIMIT 5,1   [ RunTime:0.000144s ]
INFO: [ view_parse ] --START--
NOTIC: [8] Undefined variable: ntfa D:\Program Files\Apache Software Foundation\Apache2.2\htdocs\xx\index\Runtime\Cache\e1f176339d87a8d3780543272ba5120d.php 第 92 行.
INFO: ParseTemplate Behavior ::run [ RunTime:0.062278s ]
INFO: [ view_parse ] --END-- [ RunTime:0.062425s ]
INFO: [ view_filter ] --START--
INFO: ContentReplace Behavior ::run [ RunTime:0.007791s ]
INFO: TokenBuild Behavior ::run [ RunTime:0.004074s ]
INFO: WriteHtmlCache Behavior ::run [ RunTime:0.003773s ]
INFO: ShowRuntime Behavior ::run [ RunTime:0.005125s ]
INFO: [ view_filter ] --END-- [ RunTime:0.021108s ]
INFO: [ view_end ] --START--
INFO: ShowPageTrace Behavior ::run [ RunTime:0.007531s ]
INFO: [ view_end ] --END-- [ RunTime:0.007644s ]

[ 2015-09-17T19:05:42+08:00 ] 42.156.139.107 /xx/index.php/Atc/query/bdid/21
INFO: [ route_check ] --START--
INFO: CheckRoute Behavior ::run [ RunTime:0.007879s ]
INFO: [ route_check ] --END-- [ RunTime:0.008034s ]
INFO: [ app_begin ] --START--
INFO: ReadHtmlCache Behavior ::run [ RunTime:0.007495s ]
INFO: [ app_begin ] --END-- [ RunTime:0.007618s ]
SQL: SHOW COLUMNS FROM `tb_cstmusr` [ RunTime:0.002779s ]
SQL: SELECT * FROM `tb_cstmusr` WHERE ( cstmusrid= ) LIMIT 1   [ RunTime:0.000776s ]
ERR: 1064:You have an error in your SQL syntax; check the manual that corresponds to your MySQL server version for the right syntax to use near ') LIMIT 1' at line 1
 [ SQL语句 ] : SELECT * FROM `tb_cstmusr` WHERE ( cstmusrid= ) LIMIT 1  
SQL: SHOW COLUMNS FROM `tb_bd` [ RunTime:0.002334s ]
SQL: SELECT * FROM `tb_bd` ORDER BY bdodr ASC  [ RunTime:0.000601s ]
SQL: SHOW COLUMNS FROM `tb_atc` [ RunTime:0.002762s ]
NOTIC: [8] Undefined index:  atcanc D:\Program Files\Apache Software Foundation\Apache2.2\htdocs\xx\index\Lib\Action\AtcAction.class.php 第 157 行.
NOTIC: [8] Undefined index:  atcdnmc D:\Program Files\Apache Software Foundation\Apache2.2\htdocs\xx\index\Lib\Action\AtcAction.class.php 第 161 行.
NOTIC: [8] Undefined index:  atckw D:\Program Files\Apache Software Foundation\Apache2.2\htdocs\xx\index\Lib\Action\AtcAction.class.php 第 165 行.
SQL: SELECT * FROM `tb_bd` WHERE ( bdid=21 ) LIMIT 1   [ RunTime:0.000285s ]
SQL: SELECT * FROM `tb_bd` ORDER BY bdodr ASC  [ RunTime:0.000135s ]
SQL: SELECT COUNT(*) AS tp_count FROM `tb_atc` WHERE ( atcps=1 AND atcvw=1 AND atcnw=0  AND (f_atc_bdid=21) ) ORDER BY atctp DESC,atcmdftm DESC LIMIT 1   [ RunTime:0.000326s ]
SQL: SELECT `atcid`,`atctpc`,`atcmdftm`,`atctp` FROM `tb_atc` WHERE ( atcps=1 AND atcvw=1 AND atcnw=0 AND (f_atc_bdid=21) ) ORDER BY atctp DESC,atcmdftm DESC LIMIT 0,10   [ RunTime:0.000365s ]
INFO: [ view_parse ] --START--
NOTIC: [8] Undefined variable: ntfa D:\Program Files\Apache Software Foundation\Apache2.2\htdocs\xx\index\Runtime\Cache\fcd7ec07ca93d24740240bc6bdf08acd.php 第 90 行.
INFO: ParseTemplate Behavior ::run [ RunTime:0.064256s ]
INFO: [ view_parse ] --END-- [ RunTime:0.064416s ]
INFO: [ view_filter ] --START--
INFO: ContentReplace Behavior ::run [ RunTime:0.007527s ]
INFO: TokenBuild Behavior ::run [ RunTime:0.007091s ]
INFO: WriteHtmlCache Behavior ::run [ RunTime:0.007009s ]
INFO: ShowRuntime Behavior ::run [ RunTime:0.007237s ]
INFO: [ view_filter ] --END-- [ RunTime:0.029218s ]
INFO: [ view_end ] --START--
INFO: ShowPageTrace Behavior ::run [ RunTime:0.007580s ]
INFO: [ view_end ] --END-- [ RunTime:0.007714s ]

