[ 2015-09-25T08:15:42+08:00 ] 68.180.228.176 /xx/index.php/Atc/query/bdid/19
INFO: [ route_check ] --START--
INFO: CheckRoute Behavior ::run [ RunTime:0.008017s ]
INFO: [ route_check ] --END-- [ RunTime:0.008174s ]
INFO: [ app_begin ] --START--
INFO: ReadHtmlCache Behavior ::run [ RunTime:0.004277s ]
INFO: [ app_begin ] --END-- [ RunTime:0.004397s ]
SQL: SHOW COLUMNS FROM `tb_cstmusr` [ RunTime:0.003121s ]
SQL: SELECT * FROM `tb_cstmusr` WHERE ( cstmusrid= ) LIMIT 1   [ RunTime:0.000288s ]
ERR: 1064:You have an error in your SQL syntax; check the manual that corresponds to your MySQL server version for the right syntax to use near ') LIMIT 1' at line 1
 [ SQL语句 ] : SELECT * FROM `tb_cstmusr` WHERE ( cstmusrid= ) LIMIT 1  
SQL: SHOW COLUMNS FROM `tb_bd` [ RunTime:0.002814s ]
SQL: SELECT * FROM `tb_bd` ORDER BY bdodr ASC  [ RunTime:0.000557s ]
SQL: SHOW COLUMNS FROM `tb_atc` [ RunTime:0.003853s ]
NOTIC: [8] Undefined index:  atcanc D:\Program Files\Apache Software Foundation\Apache2.2\htdocs\xx\index\Lib\Action\AtcAction.class.php 第 157 行.
NOTIC: [8] Undefined index:  atcdnmc D:\Program Files\Apache Software Foundation\Apache2.2\htdocs\xx\index\Lib\Action\AtcAction.class.php 第 161 行.
NOTIC: [8] Undefined index:  atckw D:\Program Files\Apache Software Foundation\Apache2.2\htdocs\xx\index\Lib\Action\AtcAction.class.php 第 165 行.
SQL: SELECT * FROM `tb_bd` WHERE ( bdid=19 ) LIMIT 1   [ RunTime:0.000171s ]
SQL: SELECT * FROM `tb_bd` ORDER BY bdodr ASC  [ RunTime:0.000127s ]
SQL: SELECT COUNT(*) AS tp_count FROM `tb_atc` WHERE ( atcps=1 AND atcvw=1 AND atcnw=0  AND (f_atc_bdid=19) ) ORDER BY atctp DESC,atcmdftm DESC LIMIT 1   [ RunTime:0.000122s ]
SQL: SELECT `atcid`,`atctpc`,`atcmdftm`,`atctp` FROM `tb_atc` WHERE ( atcps=1 AND atcvw=1 AND atcnw=0 AND (f_atc_bdid=19) ) ORDER BY atctp DESC,atcmdftm DESC LIMIT 0,10   [ RunTime:0.000139s ]
INFO: [ view_parse ] --START--
NOTIC: [8] Undefined variable: ntfa D:\Program Files\Apache Software Foundation\Apache2.2\htdocs\xx\index\Runtime\Cache\fcd7ec07ca93d24740240bc6bdf08acd.php 第 90 行.
INFO: ParseTemplate Behavior ::run [ RunTime:0.052259s ]
INFO: [ view_parse ] --END-- [ RunTime:0.052422s ]
INFO: [ view_filter ] --START--
INFO: ContentReplace Behavior ::run [ RunTime:0.004114s ]
INFO: TokenBuild Behavior ::run [ RunTime:0.003999s ]
INFO: WriteHtmlCache Behavior ::run [ RunTime:0.007259s ]
INFO: ShowRuntime Behavior ::run [ RunTime:0.007267s ]
INFO: [ view_filter ] --END-- [ RunTime:0.022988s ]
INFO: [ view_end ] --START--
INFO: ShowPageTrace Behavior ::run [ RunTime:0.007657s ]
INFO: [ view_end ] --END-- [ RunTime:0.007804s ]

[ 2015-09-25T13:05:12+08:00 ] 68.180.228.176 /xx/index.php/Atc/query/bdid/16
INFO: [ route_check ] --START--
INFO: CheckRoute Behavior ::run [ RunTime:0.008183s ]
INFO: [ route_check ] --END-- [ RunTime:0.008341s ]
INFO: [ app_begin ] --START--
INFO: ReadHtmlCache Behavior ::run [ RunTime:0.007632s ]
INFO: [ app_begin ] --END-- [ RunTime:0.007756s ]
SQL: SHOW COLUMNS FROM `tb_cstmusr` [ RunTime:0.003125s ]
SQL: SELECT * FROM `tb_cstmusr` WHERE ( cstmusrid= ) LIMIT 1   [ RunTime:0.000421s ]
ERR: 1064:You have an error in your SQL syntax; check the manual that corresponds to your MySQL server version for the right syntax to use near ') LIMIT 1' at line 1
 [ SQL语句 ] : SELECT * FROM `tb_cstmusr` WHERE ( cstmusrid= ) LIMIT 1  
SQL: SHOW COLUMNS FROM `tb_bd` [ RunTime:0.002973s ]
SQL: SELECT * FROM `tb_bd` ORDER BY bdodr ASC  [ RunTime:0.000485s ]
SQL: SHOW COLUMNS FROM `tb_atc` [ RunTime:0.003099s ]
NOTIC: [8] Undefined index:  atcanc D:\Program Files\Apache Software Foundation\Apache2.2\htdocs\xx\index\Lib\Action\AtcAction.class.php 第 157 行.
NOTIC: [8] Undefined index:  atcdnmc D:\Program Files\Apache Software Foundation\Apache2.2\htdocs\xx\index\Lib\Action\AtcAction.class.php 第 161 行.
NOTIC: [8] Undefined index:  atckw D:\Program Files\Apache Software Foundation\Apache2.2\htdocs\xx\index\Lib\Action\AtcAction.class.php 第 165 行.
SQL: SELECT * FROM `tb_bd` WHERE ( bdid=16 ) LIMIT 1   [ RunTime:0.000183s ]
SQL: SELECT * FROM `tb_bd` ORDER BY bdodr ASC  [ RunTime:0.000139s ]
SQL: SELECT COUNT(*) AS tp_count FROM `tb_atc` WHERE ( atcps=1 AND atcvw=1 AND atcnw=0  AND (f_atc_bdid=16) ) ORDER BY atctp DESC,atcmdftm DESC LIMIT 1   [ RunTime:0.000125s ]
SQL: SELECT `atcid`,`atctpc`,`atcmdftm`,`atctp` FROM `tb_atc` WHERE ( atcps=1 AND atcvw=1 AND atcnw=0 AND (f_atc_bdid=16) ) ORDER BY atctp DESC,atcmdftm DESC LIMIT 0,10   [ RunTime:0.000187s ]
INFO: [ view_parse ] --START--
NOTIC: [8] Undefined variable: ntfa D:\Program Files\Apache Software Foundation\Apache2.2\htdocs\xx\index\Runtime\Cache\fcd7ec07ca93d24740240bc6bdf08acd.php 第 90 行.
INFO: ParseTemplate Behavior ::run [ RunTime:0.061397s ]
INFO: [ view_parse ] --END-- [ RunTime:0.061556s ]
INFO: [ view_filter ] --START--
INFO: ContentReplace Behavior ::run [ RunTime:0.007144s ]
INFO: TokenBuild Behavior ::run [ RunTime:0.007196s ]
INFO: WriteHtmlCache Behavior ::run [ RunTime:0.006866s ]
INFO: ShowRuntime Behavior ::run [ RunTime:0.007398s ]
INFO: [ view_filter ] --END-- [ RunTime:0.028951s ]
INFO: [ view_end ] --START--
INFO: ShowPageTrace Behavior ::run [ RunTime:0.007485s ]
INFO: [ view_end ] --END-- [ RunTime:0.007619s ]

[ 2015-09-25T18:19:51+08:00 ] 42.120.161.70 /xx/index.php/Atc/query/bdid/21
INFO: [ route_check ] --START--
INFO: CheckRoute Behavior ::run [ RunTime:0.008362s ]
INFO: [ route_check ] --END-- [ RunTime:0.008529s ]
INFO: [ app_begin ] --START--
INFO: ReadHtmlCache Behavior ::run [ RunTime:0.008335s ]
INFO: [ app_begin ] --END-- [ RunTime:0.008467s ]
SQL: SHOW COLUMNS FROM `tb_cstmusr` [ RunTime:0.003257s ]
SQL: SELECT * FROM `tb_cstmusr` WHERE ( cstmusrid= ) LIMIT 1   [ RunTime:0.000299s ]
ERR: 1064:You have an error in your SQL syntax; check the manual that corresponds to your MySQL server version for the right syntax to use near ') LIMIT 1' at line 1
 [ SQL语句 ] : SELECT * FROM `tb_cstmusr` WHERE ( cstmusrid= ) LIMIT 1  
SQL: SHOW COLUMNS FROM `tb_bd` [ RunTime:0.002817s ]
SQL: SELECT * FROM `tb_bd` ORDER BY bdodr ASC  [ RunTime:0.000606s ]
SQL: SHOW COLUMNS FROM `tb_atc` [ RunTime:0.003182s ]
NOTIC: [8] Undefined index:  atcanc D:\Program Files\Apache Software Foundation\Apache2.2\htdocs\xx\index\Lib\Action\AtcAction.class.php 第 157 行.
NOTIC: [8] Undefined index:  atcdnmc D:\Program Files\Apache Software Foundation\Apache2.2\htdocs\xx\index\Lib\Action\AtcAction.class.php 第 161 行.
NOTIC: [8] Undefined index:  atckw D:\Program Files\Apache Software Foundation\Apache2.2\htdocs\xx\index\Lib\Action\AtcAction.class.php 第 165 行.
SQL: SELECT * FROM `tb_bd` WHERE ( bdid=21 ) LIMIT 1   [ RunTime:0.000399s ]
SQL: SELECT * FROM `tb_bd` ORDER BY bdodr ASC  [ RunTime:0.000145s ]
SQL: SELECT COUNT(*) AS tp_count FROM `tb_atc` WHERE ( atcps=1 AND atcvw=1 AND atcnw=0  AND (f_atc_bdid=21) ) ORDER BY atctp DESC,atcmdftm DESC LIMIT 1   [ RunTime:0.000365s ]
SQL: SELECT `atcid`,`atctpc`,`atcmdftm`,`atctp` FROM `tb_atc` WHERE ( atcps=1 AND atcvw=1 AND atcnw=0 AND (f_atc_bdid=21) ) ORDER BY atctp DESC,atcmdftm DESC LIMIT 0,10   [ RunTime:0.000343s ]
INFO: [ view_parse ] --START--
NOTIC: [8] Undefined variable: ntfa D:\Program Files\Apache Software Foundation\Apache2.2\htdocs\xx\index\Runtime\Cache\fcd7ec07ca93d24740240bc6bdf08acd.php 第 90 行.
INFO: ParseTemplate Behavior ::run [ RunTime:0.064880s ]
INFO: [ view_parse ] --END-- [ RunTime:0.065053s ]
INFO: [ view_filter ] --START--
INFO: ContentReplace Behavior ::run [ RunTime:0.007190s ]
INFO: TokenBuild Behavior ::run [ RunTime:0.007177s ]
INFO: WriteHtmlCache Behavior ::run [ RunTime:0.006893s ]
INFO: ShowRuntime Behavior ::run [ RunTime:0.007739s ]
INFO: [ view_filter ] --END-- [ RunTime:0.029353s ]
INFO: [ view_end ] --START--
INFO: ShowPageTrace Behavior ::run [ RunTime:0.007507s ]
INFO: [ view_end ] --END-- [ RunTime:0.007646s ]

[ 2015-09-25T18:19:53+08:00 ] 42.156.137.70 /xx/index.php/Atc/view/atcid/20
INFO: [ route_check ] --START--
INFO: CheckRoute Behavior ::run [ RunTime:0.008026s ]
INFO: [ route_check ] --END-- [ RunTime:0.008184s ]
INFO: [ app_begin ] --START--
INFO: ReadHtmlCache Behavior ::run [ RunTime:0.007643s ]
INFO: [ app_begin ] --END-- [ RunTime:0.007771s ]
SQL: SHOW COLUMNS FROM `tb_cstmusr` [ RunTime:0.003151s ]
SQL: SELECT * FROM `tb_cstmusr` WHERE ( cstmusrid= ) LIMIT 1   [ RunTime:0.000413s ]
ERR: 1064:You have an error in your SQL syntax; check the manual that corresponds to your MySQL server version for the right syntax to use near ') LIMIT 1' at line 1
 [ SQL语句 ] : SELECT * FROM `tb_cstmusr` WHERE ( cstmusrid= ) LIMIT 1  
SQL: SHOW COLUMNS FROM `tb_bd` [ RunTime:0.002893s ]
SQL: SELECT * FROM `tb_bd` ORDER BY bdodr ASC  [ RunTime:0.000518s ]
SQL: SHOW COLUMNS FROM `tb_atc` [ RunTime:0.003165s ]
SQL: SELECT * FROM `tb_atc` LEFT JOIN tb_bd ON f_atc_bdid=bdid WHERE ( atcid=20 ) LIMIT 1   [ RunTime:0.001364s ]
SQL: SELECT * FROM `tb_bd` ORDER BY bdodr ASC  [ RunTime:0.000136s ]
SQL: UPDATE `tb_atc` SET `atccnt`=348 WHERE ( atcid=20 ) [ RunTime:0.026796s ]
NOTIC: [8] Undefined variable: alt D:\Program Files\Apache Software Foundation\Apache2.2\htdocs\xx\index\Lib\Action\AtcAction.class.php 第 62 行.
SQL: SHOW COLUMNS FROM `tb_sys` [ RunTime:0.002698s ]
SQL: SELECT * FROM `tb_sys` LIMIT 1   [ RunTime:0.000610s ]
SQL: SHOW COLUMNS FROM `tb_cstmatcclct` [ RunTime:0.002852s ]
SQL: SHOW COLUMNS FROM `tb_cstmcmt` [ RunTime:0.003273s ]
SQL: SELECT * FROM `tb_cstmcmt` LEFT JOIN tb_cstmusr ON f_cstmcmt_cstmusrid=cstmusrid LEFT JOIN tb_atc ON f_cstmcmt_atcid=atcid WHERE ( atcid=20 ) ORDER BY cstmcmttm DESC LIMIT 0,5   [ RunTime:0.000842s ]
SQL: SELECT COUNT(*) AS tp_count FROM `tb_cstmcmt` LEFT JOIN tb_cstmusr ON f_cstmcmt_cstmusrid=cstmusrid LEFT JOIN tb_atc ON f_cstmcmt_atcid=atcid WHERE ( atcid=20 ) ORDER BY cstmcmttm DESC LIMIT 1   [ RunTime:0.000282s ]
SQL: SELECT * FROM `tb_cstmcmt` LEFT JOIN tb_cstmusr ON f_cstmcmt_cstmusrid=cstmusrid WHERE ( f_cstmcmt_atcid=20 ) ORDER BY cstmcmttm ASC LIMIT 5,1   [ RunTime:0.000146s ]
INFO: [ view_parse ] --START--
NOTIC: [8] Undefined variable: ntfa D:\Program Files\Apache Software Foundation\Apache2.2\htdocs\xx\index\Runtime\Cache\e1f176339d87a8d3780543272ba5120d.php 第 92 行.
INFO: ParseTemplate Behavior ::run [ RunTime:0.075103s ]
INFO: [ view_parse ] --END-- [ RunTime:0.075249s ]
INFO: [ view_filter ] --START--
INFO: ContentReplace Behavior ::run [ RunTime:0.007758s ]
INFO: TokenBuild Behavior ::run [ RunTime:0.008058s ]
INFO: WriteHtmlCache Behavior ::run [ RunTime:0.006916s ]
INFO: ShowRuntime Behavior ::run [ RunTime:0.007518s ]
INFO: [ view_filter ] --END-- [ RunTime:0.030637s ]
INFO: [ view_end ] --START--
INFO: ShowPageTrace Behavior ::run [ RunTime:0.007505s ]
INFO: [ view_end ] --END-- [ RunTime:0.007620s ]

[ 2015-09-25T22:28:26+08:00 ] 101.226.169.215 /xx/index.php
INFO: [ app_begin ] --START--
INFO: ReadHtmlCache Behavior ::run [ RunTime:0.007672s ]
INFO: [ app_begin ] --END-- [ RunTime:0.007830s ]
SQL: SHOW COLUMNS FROM `tb_cstmusr` [ RunTime:0.003184s ]
SQL: SELECT * FROM `tb_cstmusr` WHERE ( cstmusrid= ) LIMIT 1   [ RunTime:0.000240s ]
ERR: 1064:You have an error in your SQL syntax; check the manual that corresponds to your MySQL server version for the right syntax to use near ') LIMIT 1' at line 1
 [ SQL语句 ] : SELECT * FROM `tb_cstmusr` WHERE ( cstmusrid= ) LIMIT 1  
SQL: SHOW COLUMNS FROM `tb_bd` [ RunTime:0.002280s ]
SQL: SELECT * FROM `tb_bd` ORDER BY bdodr ASC  [ RunTime:0.000589s ]
SQL: SHOW COLUMNS FROM `tb_atc` [ RunTime:0.002603s ]
SQL: SELECT * FROM `tb_atc` LEFT JOIN tb_bd ON f_atc_bdid=bdid WHERE ( atcps=1 AND atcvw=1 AND atcnw=0 AND atcdnmc=1 AND atccv<>'dflt' ) ORDER BY atctp DESC,atcmdftm DESC LIMIT 0,5   [ RunTime:0.000694s ]
SQL: SELECT * FROM `tb_bd` ORDER BY bdodr ASC  [ RunTime:0.000135s ]
SQL: SELECT * FROM `tb_bd` WHERE ( bdpid=0 ) ORDER BY bdodr ASC  [ RunTime:0.000127s ]
SQL: SELECT `atcid`,`atctpc`,`atcmdftm`,`atctp` FROM `tb_atc` WHERE ( atcps=1 AND atcvw=1 AND atcnw='n' AND (f_atc_bdid=15) ) ORDER BY atctp DESC,atcmdftm DESC LIMIT 0,6   [ RunTime:0.000300s ]
SQL: SELECT `atcid`,`atctpc`,`atcmdftm`,`atctp` FROM `tb_atc` WHERE ( atcps=1 AND atcvw=1 AND atcnw='n' AND (f_atc_bdid=16) ) ORDER BY atctp DESC,atcmdftm DESC LIMIT 0,6   [ RunTime:0.000265s ]
SQL: SELECT `atcid`,`atctpc`,`atcmdftm`,`atctp` FROM `tb_atc` WHERE ( atcps=1 AND atcvw=1 AND atcnw='n' AND (f_atc_bdid=17) ) ORDER BY atctp DESC,atcmdftm DESC LIMIT 0,6   [ RunTime:0.000255s ]
SQL: SELECT `atcid`,`atctpc`,`atcmdftm`,`atctp` FROM `tb_atc` WHERE ( atcps=1 AND atcvw=1 AND atcnw='n' AND (f_atc_bdid=18) ) ORDER BY atctp DESC,atcmdftm DESC LIMIT 0,6   [ RunTime:0.000254s ]
SQL: SELECT `atcid`,`atctpc`,`atcmdftm`,`atctp` FROM `tb_atc` WHERE ( atcps=1 AND atcvw=1 AND atcnw='n' AND (f_atc_bdid=19) ) ORDER BY atctp DESC,atcmdftm DESC LIMIT 0,6   [ RunTime:0.000253s ]
SQL: SELECT `atcid`,`atctpc`,`atcmdftm`,`atctp` FROM `tb_atc` WHERE ( atcps=1 AND atcvw=1 AND atcnw='n' AND (f_atc_bdid=20) ) ORDER BY atctp DESC,atcmdftm DESC LIMIT 0,6   [ RunTime:0.000293s ]
SQL: SELECT `atcid`,`atctpc`,`atcmdftm`,`atctp` FROM `tb_atc` WHERE ( atcps=1 AND atcvw=1 AND atcnw='n' AND (f_atc_bdid=21) ) ORDER BY atctp DESC,atcmdftm DESC LIMIT 0,6   [ RunTime:0.000284s ]
SQL: SELECT `atcid`,`atctpc`,`atcmdftm`,`atctp` FROM `tb_atc` WHERE ( atcps=1 AND atcvw=1 AND atcnw='n' AND (f_atc_bdid=22) ) ORDER BY atctp DESC,atcmdftm DESC LIMIT 0,6   [ RunTime:0.000273s ]
SQL: SELECT `atcid`,`atctpc`,`atcmdftm`,`atctp` FROM `tb_atc` WHERE ( atcps=1 AND atcvw=1 AND atcnw=0 AND atcanc=1 ) ORDER BY atctp DESC,atcmdftm DESC LIMIT 0,6   [ RunTime:0.000258s ]
SQL: SELECT `atcid`,`atctpc`,`atcmdftm`,`atctp` FROM `tb_atc` WHERE ( atcps=1 AND atcvw=1 AND atcnw=0 AND atcdnmc=1 ) ORDER BY atctp DESC,atcmdftm DESC LIMIT 0,6   [ RunTime:0.000255s ]
SQL: SHOW COLUMNS FROM `tb_sys` [ RunTime:0.002672s ]
SQL: SELECT * FROM `tb_sys` LIMIT 1   [ RunTime:0.000550s ]
INFO: [ view_parse ] --START--
NOTIC: [8] Undefined variable: ntfa D:\Program Files\Apache Software Foundation\Apache2.2\htdocs\xx\index\Runtime\Cache\851d53d04e85c43d57b9cb88584499a7.php 第 93 行.
INFO: ParseTemplate Behavior ::run [ RunTime:0.085447s ]
INFO: [ view_parse ] --END-- [ RunTime:0.085631s ]
INFO: [ view_filter ] --START--
INFO: ContentReplace Behavior ::run [ RunTime:0.009707s ]
INFO: TokenBuild Behavior ::run [ RunTime:0.005213s ]
INFO: WriteHtmlCache Behavior ::run [ RunTime:0.007598s ]
INFO: ShowRuntime Behavior ::run [ RunTime:0.007268s ]
INFO: [ view_filter ] --END-- [ RunTime:0.030179s ]
INFO: [ view_end ] --START--
INFO: ShowPageTrace Behavior ::run [ RunTime:0.007542s ]
INFO: [ view_end ] --END-- [ RunTime:0.007656s ]

