[ 2015-03-27T11:29:00+08:00 ] 127.0.0.1 /geek/
INFO: [ app_begin ] --START--
INFO: ReadHtmlCache Behavior ::run [ RunTime:0.014956s ]
INFO: [ app_begin ] --END-- [ RunTime:0.015135s ]
SQL: SHOW COLUMNS FROM `tb_cstmusr` [ RunTime:0.015458s ]
SQL: SELECT * FROM `tb_cstmusr` WHERE ( cstmusrid=4 ) LIMIT 1   [ RunTime:0.000460s ]
SQL: SHOW COLUMNS FROM `tb_bd` [ RunTime:0.024267s ]
SQL: SELECT * FROM `tb_bd` ORDER BY bdodr ASC  [ RunTime:0.000471s ]
SQL: SELECT * FROM `tb_cstmusr` WHERE ( cstmusrid=4 ) LIMIT 1   [ RunTime:0.000354s ]
SQL: SHOW COLUMNS FROM `tb_atc` [ RunTime:0.003530s ]
SQL: SELECT * FROM `tb_atc` LEFT JOIN tb_bd ON f_atc_bdid=bdid WHERE ( atcps=1 AND atcvw=1 AND atcnw=0 AND atcdnmc=1 AND atccv<>'dflt' ) ORDER BY atctp DESC,atcmdftm DESC LIMIT 0,5   [ RunTime:0.000660s ]
SQL: SELECT * FROM `tb_bd` ORDER BY bdodr ASC  [ RunTime:0.000307s ]
SQL: SELECT * FROM `tb_bd` WHERE ( bdpid=0 ) ORDER BY bdodr ASC  [ RunTime:0.000266s ]
SQL: SELECT `atcid`,`atctpc`,`atcmdftm`,`atctp` FROM `tb_atc` WHERE ( atcps=1 AND atcvw=1 AND atcnw='n' AND (f_atc_bdid=12 OR f_atc_bdid=3 OR f_atc_bdid=4) ) ORDER BY atctp DESC,atcmdftm DESC LIMIT 0,6   [ RunTime:0.000312s ]
SQL: SELECT `atcid`,`atctpc`,`atcmdftm`,`atctp` FROM `tb_atc` WHERE ( atcps=1 AND atcvw=1 AND atcnw='n' AND (f_atc_bdid=6 OR f_atc_bdid=8 OR f_atc_bdid=7 OR f_atc_bdid=10 OR f_atc_bdid=9 OR f_atc_bdid=11 OR f_atc_bdid=2 OR f_atc_bdid=1) ) ORDER BY atctp DESC,atcmdftm DESC LIMIT 0,6   [ RunTime:0.000321s ]
SQL: SELECT `atcid`,`atctpc`,`atcmdftm`,`atctp` FROM `tb_atc` WHERE ( atcps=1 AND atcvw=1 AND atcnw='n' AND (f_atc_bdid=14) ) ORDER BY atctp DESC,atcmdftm DESC LIMIT 0,6   [ RunTime:0.000333s ]
SQL: SELECT `atcid`,`atctpc`,`atcmdftm`,`atctp` FROM `tb_atc` WHERE ( atcps=1 AND atcvw=1 AND atcnw='n' AND (f_atc_bdid=13) ) ORDER BY atctp DESC,atcmdftm DESC LIMIT 0,6   [ RunTime:0.000337s ]
SQL: SELECT `atcid`,`atctpc`,`atcmdftm`,`atctp` FROM `tb_atc` WHERE ( atcps=1 AND atcvw=1 AND atcnw='n' AND (f_atc_bdid=5) ) ORDER BY atctp DESC,atcmdftm DESC LIMIT 0,6   [ RunTime:0.000354s ]
SQL: SELECT `atcid`,`atctpc`,`atcmdftm`,`atctp` FROM `tb_atc` WHERE ( atcps=1 AND atcvw=1 AND atcnw=0 AND atcanc=1 ) ORDER BY atctp DESC,atcmdftm DESC LIMIT 0,6   [ RunTime:0.000330s ]
SQL: SELECT `atcid`,`atctpc`,`atcmdftm`,`atctp` FROM `tb_atc` WHERE ( atcps=1 AND atcvw=1 AND atcnw=0 AND atcdnmc=1 ) ORDER BY atctp DESC,atcmdftm DESC LIMIT 0,6   [ RunTime:0.000326s ]
SQL: SHOW COLUMNS FROM `tb_sys` [ RunTime:0.048661s ]
SQL: SELECT * FROM `tb_sys` LIMIT 1   [ RunTime:0.000381s ]
INFO: [ view_parse ] --START--
NOTIC: [8] Undefined variable: ntfa C:\wamp\www\geek\index\Runtime\Cache\851d53d04e85c43d57b9cb88584499a7.php 第 93 行.
INFO: ParseTemplate Behavior ::run [ RunTime:0.086327s ]
INFO: [ view_parse ] --END-- [ RunTime:0.086477s ]
INFO: [ view_filter ] --START--
INFO: ContentReplace Behavior ::run [ RunTime:0.014622s ]
INFO: TokenBuild Behavior ::run [ RunTime:0.009383s ]
INFO: WriteHtmlCache Behavior ::run [ RunTime:0.007003s ]
INFO: ShowRuntime Behavior ::run [ RunTime:0.004837s ]
INFO: [ view_filter ] --END-- [ RunTime:0.036241s ]
INFO: [ view_end ] --START--
INFO: ShowPageTrace Behavior ::run [ RunTime:0.009009s ]
INFO: [ view_end ] --END-- [ RunTime:0.009146s ]

[ 2015-03-27T12:22:52+08:00 ] 127.0.0.1 /geek/
INFO: [ app_begin ] --START--
INFO: ReadHtmlCache Behavior ::run [ RunTime:0.014917s ]
INFO: [ app_begin ] --END-- [ RunTime:0.015087s ]
SQL: SHOW COLUMNS FROM `tb_cstmusr` [ RunTime:0.003378s ]
SQL: SELECT * FROM `tb_cstmusr` WHERE ( cstmusrid= ) LIMIT 1   [ RunTime:0.000135s ]
ERR: 1064:You have an error in your SQL syntax; check the manual that corresponds to your MySQL server version for the right syntax to use near ') LIMIT 1' at line 1
 [ SQL语句 ] : SELECT * FROM `tb_cstmusr` WHERE ( cstmusrid= ) LIMIT 1  
SQL: SHOW COLUMNS FROM `tb_bd` [ RunTime:0.003265s ]
SQL: SELECT * FROM `tb_bd` ORDER BY bdodr ASC  [ RunTime:0.000451s ]
SQL: SHOW COLUMNS FROM `tb_atc` [ RunTime:0.003606s ]
SQL: SELECT * FROM `tb_atc` LEFT JOIN tb_bd ON f_atc_bdid=bdid WHERE ( atcps=1 AND atcvw=1 AND atcnw=0 AND atcdnmc=1 AND atccv<>'dflt' ) ORDER BY atctp DESC,atcmdftm DESC LIMIT 0,5   [ RunTime:0.000686s ]
SQL: SELECT * FROM `tb_bd` ORDER BY bdodr ASC  [ RunTime:0.000332s ]
SQL: SELECT * FROM `tb_bd` WHERE ( bdpid=0 ) ORDER BY bdodr ASC  [ RunTime:0.000298s ]
SQL: SELECT `atcid`,`atctpc`,`atcmdftm`,`atctp` FROM `tb_atc` WHERE ( atcps=1 AND atcvw=1 AND atcnw='n' AND (f_atc_bdid=12 OR f_atc_bdid=3 OR f_atc_bdid=4) ) ORDER BY atctp DESC,atcmdftm DESC LIMIT 0,6   [ RunTime:0.000365s ]
SQL: SELECT `atcid`,`atctpc`,`atcmdftm`,`atctp` FROM `tb_atc` WHERE ( atcps=1 AND atcvw=1 AND atcnw='n' AND (f_atc_bdid=6 OR f_atc_bdid=8 OR f_atc_bdid=7 OR f_atc_bdid=10 OR f_atc_bdid=9 OR f_atc_bdid=11 OR f_atc_bdid=2 OR f_atc_bdid=1) ) ORDER BY atctp DESC,atcmdftm DESC LIMIT 0,6   [ RunTime:0.000394s ]
SQL: SELECT `atcid`,`atctpc`,`atcmdftm`,`atctp` FROM `tb_atc` WHERE ( atcps=1 AND atcvw=1 AND atcnw='n' AND (f_atc_bdid=14) ) ORDER BY atctp DESC,atcmdftm DESC LIMIT 0,6   [ RunTime:0.000346s ]
SQL: SELECT `atcid`,`atctpc`,`atcmdftm`,`atctp` FROM `tb_atc` WHERE ( atcps=1 AND atcvw=1 AND atcnw='n' AND (f_atc_bdid=13) ) ORDER BY atctp DESC,atcmdftm DESC LIMIT 0,6   [ RunTime:0.000354s ]
SQL: SELECT `atcid`,`atctpc`,`atcmdftm`,`atctp` FROM `tb_atc` WHERE ( atcps=1 AND atcvw=1 AND atcnw='n' AND (f_atc_bdid=5) ) ORDER BY atctp DESC,atcmdftm DESC LIMIT 0,6   [ RunTime:0.000333s ]
SQL: SELECT `atcid`,`atctpc`,`atcmdftm`,`atctp` FROM `tb_atc` WHERE ( atcps=1 AND atcvw=1 AND atcnw=0 AND atcanc=1 ) ORDER BY atctp DESC,atcmdftm DESC LIMIT 0,6   [ RunTime:0.000348s ]
SQL: SELECT `atcid`,`atctpc`,`atcmdftm`,`atctp` FROM `tb_atc` WHERE ( atcps=1 AND atcvw=1 AND atcnw=0 AND atcdnmc=1 ) ORDER BY atctp DESC,atcmdftm DESC LIMIT 0,6   [ RunTime:0.000327s ]
SQL: SHOW COLUMNS FROM `tb_sys` [ RunTime:0.003461s ]
SQL: SELECT * FROM `tb_sys` LIMIT 1   [ RunTime:0.000239s ]
INFO: [ view_parse ] --START--
NOTIC: [8] Undefined variable: ntfa C:\wamp\www\geek\index\Runtime\Cache\851d53d04e85c43d57b9cb88584499a7.php 第 93 行.
INFO: ParseTemplate Behavior ::run [ RunTime:0.141332s ]
INFO: [ view_parse ] --END-- [ RunTime:0.141545s ]
INFO: [ view_filter ] --START--
INFO: ContentReplace Behavior ::run [ RunTime:0.014358s ]
INFO: TokenBuild Behavior ::run [ RunTime:0.009442s ]
INFO: WriteHtmlCache Behavior ::run [ RunTime:0.006912s ]
INFO: ShowRuntime Behavior ::run [ RunTime:0.004849s ]
INFO: [ view_filter ] --END-- [ RunTime:0.035963s ]
INFO: [ view_end ] --START--
INFO: ShowPageTrace Behavior ::run [ RunTime:0.009214s ]
INFO: [ view_end ] --END-- [ RunTime:0.009358s ]

[ 2015-03-27T14:48:55+08:00 ] 127.0.0.1 /geek/
INFO: [ app_begin ] --START--
INFO: ReadHtmlCache Behavior ::run [ RunTime:0.017710s ]
INFO: [ app_begin ] --END-- [ RunTime:0.017895s ]
SQL: SHOW COLUMNS FROM `tb_cstmusr` [ RunTime:0.011365s ]
SQL: SELECT * FROM `tb_cstmusr` WHERE ( cstmusrid=4 ) LIMIT 1   [ RunTime:0.000444s ]
SQL: SHOW COLUMNS FROM `tb_bd` [ RunTime:0.011001s ]
SQL: SELECT * FROM `tb_bd` ORDER BY bdodr ASC  [ RunTime:0.000428s ]
SQL: SELECT * FROM `tb_cstmusr` WHERE ( cstmusrid=4 ) LIMIT 1   [ RunTime:0.000333s ]
SQL: SHOW COLUMNS FROM `tb_atc` [ RunTime:0.003658s ]
SQL: SELECT * FROM `tb_atc` LEFT JOIN tb_bd ON f_atc_bdid=bdid WHERE ( atcps=1 AND atcvw=1 AND atcnw=0 AND atcdnmc=1 AND atccv<>'dflt' ) ORDER BY atctp DESC,atcmdftm DESC LIMIT 0,5   [ RunTime:0.000634s ]
SQL: SELECT * FROM `tb_bd` ORDER BY bdodr ASC  [ RunTime:0.000301s ]
SQL: SELECT * FROM `tb_bd` WHERE ( bdpid=0 ) ORDER BY bdodr ASC  [ RunTime:0.000276s ]
SQL: SELECT `atcid`,`atctpc`,`atcmdftm`,`atctp` FROM `tb_atc` WHERE ( atcps=1 AND atcvw=1 AND atcnw='n' AND (f_atc_bdid=12 OR f_atc_bdid=3 OR f_atc_bdid=4) ) ORDER BY atctp DESC,atcmdftm DESC LIMIT 0,6   [ RunTime:0.000331s ]
SQL: SELECT `atcid`,`atctpc`,`atcmdftm`,`atctp` FROM `tb_atc` WHERE ( atcps=1 AND atcvw=1 AND atcnw='n' AND (f_atc_bdid=6 OR f_atc_bdid=8 OR f_atc_bdid=7 OR f_atc_bdid=10 OR f_atc_bdid=9 OR f_atc_bdid=11 OR f_atc_bdid=2 OR f_atc_bdid=1) ) ORDER BY atctp DESC,atcmdftm DESC LIMIT 0,6   [ RunTime:0.000360s ]
SQL: SELECT `atcid`,`atctpc`,`atcmdftm`,`atctp` FROM `tb_atc` WHERE ( atcps=1 AND atcvw=1 AND atcnw='n' AND (f_atc_bdid=14) ) ORDER BY atctp DESC,atcmdftm DESC LIMIT 0,6   [ RunTime:0.000300s ]
SQL: SELECT `atcid`,`atctpc`,`atcmdftm`,`atctp` FROM `tb_atc` WHERE ( atcps=1 AND atcvw=1 AND atcnw='n' AND (f_atc_bdid=13) ) ORDER BY atctp DESC,atcmdftm DESC LIMIT 0,6   [ RunTime:0.000299s ]
SQL: SELECT `atcid`,`atctpc`,`atcmdftm`,`atctp` FROM `tb_atc` WHERE ( atcps=1 AND atcvw=1 AND atcnw='n' AND (f_atc_bdid=5) ) ORDER BY atctp DESC,atcmdftm DESC LIMIT 0,6   [ RunTime:0.000299s ]
SQL: SELECT `atcid`,`atctpc`,`atcmdftm`,`atctp` FROM `tb_atc` WHERE ( atcps=1 AND atcvw=1 AND atcnw=0 AND atcanc=1 ) ORDER BY atctp DESC,atcmdftm DESC LIMIT 0,6   [ RunTime:0.000319s ]
SQL: SELECT `atcid`,`atctpc`,`atcmdftm`,`atctp` FROM `tb_atc` WHERE ( atcps=1 AND atcvw=1 AND atcnw=0 AND atcdnmc=1 ) ORDER BY atctp DESC,atcmdftm DESC LIMIT 0,6   [ RunTime:0.000321s ]
SQL: SHOW COLUMNS FROM `tb_sys` [ RunTime:0.037789s ]
SQL: SELECT * FROM `tb_sys` LIMIT 1   [ RunTime:0.000336s ]
INFO: [ view_parse ] --START--
NOTIC: [8] Undefined variable: ntfa C:\wamp\www\geek\index\Runtime\Cache\851d53d04e85c43d57b9cb88584499a7.php 第 93 行.
INFO: ParseTemplate Behavior ::run [ RunTime:0.119431s ]
INFO: [ view_parse ] --END-- [ RunTime:0.119582s ]
INFO: [ view_filter ] --START--
INFO: ContentReplace Behavior ::run [ RunTime:0.014465s ]
INFO: TokenBuild Behavior ::run [ RunTime:0.009228s ]
INFO: WriteHtmlCache Behavior ::run [ RunTime:0.006709s ]
INFO: ShowRuntime Behavior ::run [ RunTime:0.004915s ]
INFO: [ view_filter ] --END-- [ RunTime:0.035797s ]
INFO: [ view_end ] --START--
INFO: ShowPageTrace Behavior ::run [ RunTime:0.009155s ]
INFO: [ view_end ] --END-- [ RunTime:0.009353s ]

[ 2015-03-27T14:58:44+08:00 ] 127.0.0.1 /geek/
INFO: [ app_begin ] --START--
INFO: ReadHtmlCache Behavior ::run [ RunTime:0.000972s ]
INFO: [ app_begin ] --END-- [ RunTime:0.001158s ]
SQL: SHOW COLUMNS FROM `tb_cstmusr` [ RunTime:0.003366s ]
SQL: SELECT * FROM `tb_cstmusr` WHERE ( cstmusrid=4 ) LIMIT 1   [ RunTime:0.000523s ]
SQL: SHOW COLUMNS FROM `tb_bd` [ RunTime:0.003275s ]
SQL: SELECT * FROM `tb_bd` ORDER BY bdodr ASC  [ RunTime:0.000324s ]
SQL: SELECT * FROM `tb_cstmusr` WHERE ( cstmusrid=4 ) LIMIT 1   [ RunTime:0.000405s ]
SQL: SHOW COLUMNS FROM `tb_atc` [ RunTime:0.003492s ]
SQL: SELECT * FROM `tb_atc` LEFT JOIN tb_bd ON f_atc_bdid=bdid WHERE ( atcps=1 AND atcvw=1 AND atcnw=0 AND atcdnmc=1 AND atccv<>'dflt' ) ORDER BY atctp DESC,atcmdftm DESC LIMIT 0,5   [ RunTime:0.000608s ]
SQL: SELECT * FROM `tb_bd` ORDER BY bdodr ASC  [ RunTime:0.000261s ]
SQL: SELECT * FROM `tb_bd` WHERE ( bdpid=0 ) ORDER BY bdodr ASC  [ RunTime:0.000253s ]
SQL: SELECT `atcid`,`atctpc`,`atcmdftm`,`atctp` FROM `tb_atc` WHERE ( atcps=1 AND atcvw=1 AND atcnw='n' AND (f_atc_bdid=12 OR f_atc_bdid=3 OR f_atc_bdid=4) ) ORDER BY atctp DESC,atcmdftm DESC LIMIT 0,6   [ RunTime:0.000335s ]
SQL: SELECT `atcid`,`atctpc`,`atcmdftm`,`atctp` FROM `tb_atc` WHERE ( atcps=1 AND atcvw=1 AND atcnw='n' AND (f_atc_bdid=6 OR f_atc_bdid=8 OR f_atc_bdid=7 OR f_atc_bdid=10 OR f_atc_bdid=9 OR f_atc_bdid=11 OR f_atc_bdid=2 OR f_atc_bdid=1) ) ORDER BY atctp DESC,atcmdftm DESC LIMIT 0,6   [ RunTime:0.000526s ]
SQL: SELECT `atcid`,`atctpc`,`atcmdftm`,`atctp` FROM `tb_atc` WHERE ( atcps=1 AND atcvw=1 AND atcnw='n' AND (f_atc_bdid=14) ) ORDER BY atctp DESC,atcmdftm DESC LIMIT 0,6   [ RunTime:0.000487s ]
SQL: SELECT `atcid`,`atctpc`,`atcmdftm`,`atctp` FROM `tb_atc` WHERE ( atcps=1 AND atcvw=1 AND atcnw='n' AND (f_atc_bdid=13) ) ORDER BY atctp DESC,atcmdftm DESC LIMIT 0,6   [ RunTime:0.000369s ]
SQL: SELECT `atcid`,`atctpc`,`atcmdftm`,`atctp` FROM `tb_atc` WHERE ( atcps=1 AND atcvw=1 AND atcnw='n' AND (f_atc_bdid=5) ) ORDER BY atctp DESC,atcmdftm DESC LIMIT 0,6   [ RunTime:0.000315s ]
SQL: SELECT `atcid`,`atctpc`,`atcmdftm`,`atctp` FROM `tb_atc` WHERE ( atcps=1 AND atcvw=1 AND atcnw=0 AND atcanc=1 ) ORDER BY atctp DESC,atcmdftm DESC LIMIT 0,6   [ RunTime:0.000323s ]
SQL: SELECT `atcid`,`atctpc`,`atcmdftm`,`atctp` FROM `tb_atc` WHERE ( atcps=1 AND atcvw=1 AND atcnw=0 AND atcdnmc=1 ) ORDER BY atctp DESC,atcmdftm DESC LIMIT 0,6   [ RunTime:0.000328s ]
SQL: SHOW COLUMNS FROM `tb_sys` [ RunTime:0.003100s ]
SQL: SELECT * FROM `tb_sys` LIMIT 1   [ RunTime:0.000251s ]
INFO: [ view_parse ] --START--
NOTIC: [8] Undefined variable: ntfa C:\wamp\www\geek\index\Runtime\Cache\851d53d04e85c43d57b9cb88584499a7.php 第 93 行.
INFO: ParseTemplate Behavior ::run [ RunTime:0.025841s ]
INFO: [ view_parse ] --END-- [ RunTime:0.025990s ]
INFO: [ view_filter ] --START--
INFO: ContentReplace Behavior ::run [ RunTime:0.000834s ]
INFO: TokenBuild Behavior ::run [ RunTime:0.000686s ]
INFO: WriteHtmlCache Behavior ::run [ RunTime:0.000455s ]
INFO: ShowRuntime Behavior ::run [ RunTime:0.000729s ]
INFO: [ view_filter ] --END-- [ RunTime:0.003043s ]
INFO: [ view_end ] --START--
INFO: ShowPageTrace Behavior ::run [ RunTime:0.000975s ]
INFO: [ view_end ] --END-- [ RunTime:0.001101s ]

[ 2015-03-27T14:58:49+08:00 ] 127.0.0.1 /geek/index.php
INFO: [ app_begin ] --START--
INFO: ReadHtmlCache Behavior ::run [ RunTime:0.000660s ]
INFO: [ app_begin ] --END-- [ RunTime:0.000814s ]
SQL: SHOW COLUMNS FROM `tb_cstmusr` [ RunTime:0.003367s ]
SQL: SELECT * FROM `tb_cstmusr` WHERE ( cstmusrid= ) LIMIT 1   [ RunTime:0.000179s ]
ERR: 1064:You have an error in your SQL syntax; check the manual that corresponds to your MySQL server version for the right syntax to use near ') LIMIT 1' at line 1
 [ SQL语句 ] : SELECT * FROM `tb_cstmusr` WHERE ( cstmusrid= ) LIMIT 1  
SQL: SHOW COLUMNS FROM `tb_bd` [ RunTime:0.003282s ]
SQL: SELECT * FROM `tb_bd` ORDER BY bdodr ASC  [ RunTime:0.000482s ]
SQL: SHOW COLUMNS FROM `tb_atc` [ RunTime:0.003272s ]
SQL: SELECT * FROM `tb_atc` LEFT JOIN tb_bd ON f_atc_bdid=bdid WHERE ( atcps=1 AND atcvw=1 AND atcnw=0 AND atcdnmc=1 AND atccv<>'dflt' ) ORDER BY atctp DESC,atcmdftm DESC LIMIT 0,5   [ RunTime:0.000669s ]
SQL: SELECT * FROM `tb_bd` ORDER BY bdodr ASC  [ RunTime:0.000356s ]
SQL: SELECT * FROM `tb_bd` WHERE ( bdpid=0 ) ORDER BY bdodr ASC  [ RunTime:0.000283s ]
SQL: SELECT `atcid`,`atctpc`,`atcmdftm`,`atctp` FROM `tb_atc` WHERE ( atcps=1 AND atcvw=1 AND atcnw='n' AND (f_atc_bdid=12 OR f_atc_bdid=3 OR f_atc_bdid=4) ) ORDER BY atctp DESC,atcmdftm DESC LIMIT 0,6   [ RunTime:0.000326s ]
SQL: SELECT `atcid`,`atctpc`,`atcmdftm`,`atctp` FROM `tb_atc` WHERE ( atcps=1 AND atcvw=1 AND atcnw='n' AND (f_atc_bdid=6 OR f_atc_bdid=8 OR f_atc_bdid=7 OR f_atc_bdid=10 OR f_atc_bdid=9 OR f_atc_bdid=11 OR f_atc_bdid=2 OR f_atc_bdid=1) ) ORDER BY atctp DESC,atcmdftm DESC LIMIT 0,6   [ RunTime:0.000364s ]
SQL: SELECT `atcid`,`atctpc`,`atcmdftm`,`atctp` FROM `tb_atc` WHERE ( atcps=1 AND atcvw=1 AND atcnw='n' AND (f_atc_bdid=14) ) ORDER BY atctp DESC,atcmdftm DESC LIMIT 0,6   [ RunTime:0.000312s ]
SQL: SELECT `atcid`,`atctpc`,`atcmdftm`,`atctp` FROM `tb_atc` WHERE ( atcps=1 AND atcvw=1 AND atcnw='n' AND (f_atc_bdid=13) ) ORDER BY atctp DESC,atcmdftm DESC LIMIT 0,6   [ RunTime:0.000294s ]
SQL: SELECT `atcid`,`atctpc`,`atcmdftm`,`atctp` FROM `tb_atc` WHERE ( atcps=1 AND atcvw=1 AND atcnw='n' AND (f_atc_bdid=5) ) ORDER BY atctp DESC,atcmdftm DESC LIMIT 0,6   [ RunTime:0.000294s ]
SQL: SELECT `atcid`,`atctpc`,`atcmdftm`,`atctp` FROM `tb_atc` WHERE ( atcps=1 AND atcvw=1 AND atcnw=0 AND atcanc=1 ) ORDER BY atctp DESC,atcmdftm DESC LIMIT 0,6   [ RunTime:0.000326s ]
SQL: SELECT `atcid`,`atctpc`,`atcmdftm`,`atctp` FROM `tb_atc` WHERE ( atcps=1 AND atcvw=1 AND atcnw=0 AND atcdnmc=1 ) ORDER BY atctp DESC,atcmdftm DESC LIMIT 0,6   [ RunTime:0.000323s ]
SQL: SHOW COLUMNS FROM `tb_sys` [ RunTime:0.002987s ]
SQL: SELECT * FROM `tb_sys` LIMIT 1   [ RunTime:0.000265s ]
INFO: [ view_parse ] --START--
NOTIC: [8] Undefined variable: ntfa C:\wamp\www\geek\index\Runtime\Cache\851d53d04e85c43d57b9cb88584499a7.php 第 93 行.
INFO: ParseTemplate Behavior ::run [ RunTime:0.024671s ]
INFO: [ view_parse ] --END-- [ RunTime:0.024816s ]
INFO: [ view_filter ] --START--
INFO: ContentReplace Behavior ::run [ RunTime:0.000730s ]
INFO: TokenBuild Behavior ::run [ RunTime:0.000711s ]
INFO: WriteHtmlCache Behavior ::run [ RunTime:0.000390s ]
INFO: ShowRuntime Behavior ::run [ RunTime:0.000650s ]
INFO: [ view_filter ] --END-- [ RunTime:0.002822s ]
INFO: [ view_end ] --START--
INFO: ShowPageTrace Behavior ::run [ RunTime:0.000674s ]
INFO: [ view_end ] --END-- [ RunTime:0.000804s ]

[ 2015-03-27T15:48:28+08:00 ] 127.0.0.1 /geek/
INFO: [ app_begin ] --START--
INFO: ReadHtmlCache Behavior ::run [ RunTime:0.017804s ]
INFO: [ app_begin ] --END-- [ RunTime:0.017985s ]
SQL: SHOW COLUMNS FROM `tb_cstmusr` [ RunTime:0.023066s ]
SQL: SELECT * FROM `tb_cstmusr` WHERE ( cstmusrid= ) LIMIT 1   [ RunTime:0.000293s ]
ERR: 1064:You have an error in your SQL syntax; check the manual that corresponds to your MySQL server version for the right syntax to use near ') LIMIT 1' at line 1
 [ SQL语句 ] : SELECT * FROM `tb_cstmusr` WHERE ( cstmusrid= ) LIMIT 1  
SQL: SHOW COLUMNS FROM `tb_bd` [ RunTime:0.011339s ]
SQL: SELECT * FROM `tb_bd` ORDER BY bdodr ASC  [ RunTime:0.000393s ]
SQL: SHOW COLUMNS FROM `tb_atc` [ RunTime:0.003747s ]
SQL: SELECT * FROM `tb_atc` LEFT JOIN tb_bd ON f_atc_bdid=bdid WHERE ( atcps=1 AND atcvw=1 AND atcnw=0 AND atcdnmc=1 AND atccv<>'dflt' ) ORDER BY atctp DESC,atcmdftm DESC LIMIT 0,5   [ RunTime:0.000736s ]
SQL: SELECT * FROM `tb_bd` ORDER BY bdodr ASC  [ RunTime:0.000300s ]
SQL: SELECT * FROM `tb_bd` WHERE ( bdpid=0 ) ORDER BY bdodr ASC  [ RunTime:0.000374s ]
SQL: SELECT `atcid`,`atctpc`,`atcmdftm`,`atctp` FROM `tb_atc` WHERE ( atcps=1 AND atcvw=1 AND atcnw='n' AND (f_atc_bdid=12 OR f_atc_bdid=3 OR f_atc_bdid=4) ) ORDER BY atctp DESC,atcmdftm DESC LIMIT 0,6   [ RunTime:0.000415s ]
SQL: SELECT `atcid`,`atctpc`,`atcmdftm`,`atctp` FROM `tb_atc` WHERE ( atcps=1 AND atcvw=1 AND atcnw='n' AND (f_atc_bdid=6 OR f_atc_bdid=8 OR f_atc_bdid=7 OR f_atc_bdid=10 OR f_atc_bdid=9 OR f_atc_bdid=11 OR f_atc_bdid=2 OR f_atc_bdid=1) ) ORDER BY atctp DESC,atcmdftm DESC LIMIT 0,6   [ RunTime:0.000424s ]
SQL: SELECT `atcid`,`atctpc`,`atcmdftm`,`atctp` FROM `tb_atc` WHERE ( atcps=1 AND atcvw=1 AND atcnw='n' AND (f_atc_bdid=14) ) ORDER BY atctp DESC,atcmdftm DESC LIMIT 0,6   [ RunTime:0.000318s ]
SQL: SELECT `atcid`,`atctpc`,`atcmdftm`,`atctp` FROM `tb_atc` WHERE ( atcps=1 AND atcvw=1 AND atcnw='n' AND (f_atc_bdid=13) ) ORDER BY atctp DESC,atcmdftm DESC LIMIT 0,6   [ RunTime:0.000297s ]
SQL: SELECT `atcid`,`atctpc`,`atcmdftm`,`atctp` FROM `tb_atc` WHERE ( atcps=1 AND atcvw=1 AND atcnw='n' AND (f_atc_bdid=5) ) ORDER BY atctp DESC,atcmdftm DESC LIMIT 0,6   [ RunTime:0.000294s ]
SQL: SELECT `atcid`,`atctpc`,`atcmdftm`,`atctp` FROM `tb_atc` WHERE ( atcps=1 AND atcvw=1 AND atcnw=0 AND atcanc=1 ) ORDER BY atctp DESC,atcmdftm DESC LIMIT 0,6   [ RunTime:0.000341s ]
SQL: SELECT `atcid`,`atctpc`,`atcmdftm`,`atctp` FROM `tb_atc` WHERE ( atcps=1 AND atcvw=1 AND atcnw=0 AND atcdnmc=1 ) ORDER BY atctp DESC,atcmdftm DESC LIMIT 0,6   [ RunTime:0.000297s ]
SQL: SHOW COLUMNS FROM `tb_sys` [ RunTime:0.048998s ]
SQL: SELECT * FROM `tb_sys` LIMIT 1   [ RunTime:0.000305s ]
INFO: [ view_parse ] --START--
NOTIC: [8] Undefined variable: ntfa C:\wamp\www\geek\index\Runtime\Cache\851d53d04e85c43d57b9cb88584499a7.php 第 93 行.
INFO: ParseTemplate Behavior ::run [ RunTime:0.145464s ]
INFO: [ view_parse ] --END-- [ RunTime:0.145613s ]
INFO: [ view_filter ] --START--
INFO: ContentReplace Behavior ::run [ RunTime:0.026723s ]
INFO: TokenBuild Behavior ::run [ RunTime:0.009395s ]
INFO: WriteHtmlCache Behavior ::run [ RunTime:0.006879s ]
INFO: ShowRuntime Behavior ::run [ RunTime:0.005110s ]
INFO: [ view_filter ] --END-- [ RunTime:0.048538s ]
INFO: [ view_end ] --START--
INFO: ShowPageTrace Behavior ::run [ RunTime:0.008724s ]
INFO: [ view_end ] --END-- [ RunTime:0.008874s ]

[ 2015-03-27T15:54:39+08:00 ] 127.0.0.1 /geek/index.php
INFO: [ app_begin ] --START--
INFO: ReadHtmlCache Behavior ::run [ RunTime:0.000879s ]
INFO: [ app_begin ] --END-- [ RunTime:0.001034s ]
SQL: SHOW COLUMNS FROM `tb_cstmusr` [ RunTime:0.003196s ]
SQL: SELECT * FROM `tb_cstmusr` WHERE ( cstmusrid=1 ) LIMIT 1   [ RunTime:0.000385s ]
SQL: SHOW COLUMNS FROM `tb_bd` [ RunTime:0.003161s ]
SQL: SELECT * FROM `tb_bd` ORDER BY bdodr ASC  [ RunTime:0.000453s ]
SQL: SELECT * FROM `tb_cstmusr` WHERE ( cstmusrid=1 ) LIMIT 1   [ RunTime:0.000362s ]
SQL: SHOW COLUMNS FROM `tb_atc` [ RunTime:0.003423s ]
SQL: SELECT * FROM `tb_atc` LEFT JOIN tb_bd ON f_atc_bdid=bdid WHERE ( atcps=1 AND atcvw=1 AND atcnw=0 AND atcdnmc=1 AND atccv<>'dflt' ) ORDER BY atctp DESC,atcmdftm DESC LIMIT 0,5   [ RunTime:0.000674s ]
SQL: SELECT * FROM `tb_bd` ORDER BY bdodr ASC  [ RunTime:0.000333s ]
SQL: SELECT * FROM `tb_bd` WHERE ( bdpid=0 ) ORDER BY bdodr ASC  [ RunTime:0.000278s ]
SQL: SELECT `atcid`,`atctpc`,`atcmdftm`,`atctp` FROM `tb_atc` WHERE ( atcps=1 AND atcvw=1 AND atcnw='n' AND (f_atc_bdid=12 OR f_atc_bdid=3 OR f_atc_bdid=4) ) ORDER BY atctp DESC,atcmdftm DESC LIMIT 0,6   [ RunTime:0.000341s ]
SQL: SELECT `atcid`,`atctpc`,`atcmdftm`,`atctp` FROM `tb_atc` WHERE ( atcps=1 AND atcvw=1 AND atcnw='n' AND (f_atc_bdid=6 OR f_atc_bdid=8 OR f_atc_bdid=7 OR f_atc_bdid=10 OR f_atc_bdid=9 OR f_atc_bdid=11 OR f_atc_bdid=2 OR f_atc_bdid=1) ) ORDER BY atctp DESC,atcmdftm DESC LIMIT 0,6   [ RunTime:0.000389s ]
SQL: SELECT `atcid`,`atctpc`,`atcmdftm`,`atctp` FROM `tb_atc` WHERE ( atcps=1 AND atcvw=1 AND atcnw='n' AND (f_atc_bdid=14) ) ORDER BY atctp DESC,atcmdftm DESC LIMIT 0,6   [ RunTime:0.000298s ]
SQL: SELECT `atcid`,`atctpc`,`atcmdftm`,`atctp` FROM `tb_atc` WHERE ( atcps=1 AND atcvw=1 AND atcnw='n' AND (f_atc_bdid=13) ) ORDER BY atctp DESC,atcmdftm DESC LIMIT 0,6   [ RunTime:0.000286s ]
SQL: SELECT `atcid`,`atctpc`,`atcmdftm`,`atctp` FROM `tb_atc` WHERE ( atcps=1 AND atcvw=1 AND atcnw='n' AND (f_atc_bdid=5) ) ORDER BY atctp DESC,atcmdftm DESC LIMIT 0,6   [ RunTime:0.000304s ]
SQL: SELECT `atcid`,`atctpc`,`atcmdftm`,`atctp` FROM `tb_atc` WHERE ( atcps=1 AND atcvw=1 AND atcnw=0 AND atcanc=1 ) ORDER BY atctp DESC,atcmdftm DESC LIMIT 0,6   [ RunTime:0.000321s ]
SQL: SELECT `atcid`,`atctpc`,`atcmdftm`,`atctp` FROM `tb_atc` WHERE ( atcps=1 AND atcvw=1 AND atcnw=0 AND atcdnmc=1 ) ORDER BY atctp DESC,atcmdftm DESC LIMIT 0,6   [ RunTime:0.000327s ]
SQL: SHOW COLUMNS FROM `tb_sys` [ RunTime:0.003331s ]
SQL: SELECT * FROM `tb_sys` LIMIT 1   [ RunTime:0.000277s ]
INFO: [ view_parse ] --START--
NOTIC: [8] Undefined variable: ntfa C:\wamp\www\geek\index\Runtime\Cache\851d53d04e85c43d57b9cb88584499a7.php 第 93 行.
INFO: ParseTemplate Behavior ::run [ RunTime:0.025223s ]
INFO: [ view_parse ] --END-- [ RunTime:0.025369s ]
INFO: [ view_filter ] --START--
INFO: ContentReplace Behavior ::run [ RunTime:0.000810s ]
INFO: TokenBuild Behavior ::run [ RunTime:0.000642s ]
INFO: WriteHtmlCache Behavior ::run [ RunTime:0.000679s ]
INFO: ShowRuntime Behavior ::run [ RunTime:0.000798s ]
INFO: [ view_filter ] --END-- [ RunTime:0.003304s ]
INFO: [ view_end ] --START--
INFO: ShowPageTrace Behavior ::run [ RunTime:0.000763s ]
INFO: [ view_end ] --END-- [ RunTime:0.000886s ]

[ 2015-03-27T16:00:20+08:00 ] 127.0.0.1 /geek/index.php/Atc/view/atcid/1
INFO: [ route_check ] --START--
INFO: CheckRoute Behavior ::run [ RunTime:0.001024s ]
INFO: [ route_check ] --END-- [ RunTime:0.001171s ]
INFO: [ app_begin ] --START--
INFO: ReadHtmlCache Behavior ::run [ RunTime:0.000778s ]
INFO: [ app_begin ] --END-- [ RunTime:0.000908s ]
SQL: SHOW COLUMNS FROM `tb_cstmusr` [ RunTime:0.003281s ]
SQL: SELECT * FROM `tb_cstmusr` WHERE ( cstmusrid=1 ) LIMIT 1   [ RunTime:0.000330s ]
SQL: SHOW COLUMNS FROM `tb_bd` [ RunTime:0.003353s ]
SQL: SELECT * FROM `tb_bd` ORDER BY bdodr ASC  [ RunTime:0.000403s ]
SQL: SELECT * FROM `tb_cstmusr` WHERE ( cstmusrid=1 ) LIMIT 1   [ RunTime:0.000351s ]
SQL: SHOW COLUMNS FROM `tb_atc` [ RunTime:0.003474s ]
SQL: SELECT * FROM `tb_atc` LEFT JOIN tb_bd ON f_atc_bdid=bdid WHERE ( atcid=1 ) LIMIT 1   [ RunTime:0.000450s ]
SQL: SELECT * FROM `tb_bd` ORDER BY bdodr ASC  [ RunTime:0.000345s ]
SQL: UPDATE `tb_atc` SET `atccnt`=1149 WHERE ( atcid=1 ) [ RunTime:0.110782s ]
SQL: SHOW COLUMNS FROM `tb_sys` [ RunTime:0.003030s ]
SQL: SELECT * FROM `tb_sys` LIMIT 1   [ RunTime:0.000326s ]
SQL: SHOW COLUMNS FROM `tb_cstmatcclct` [ RunTime:0.003286s ]
SQL: SELECT * FROM `tb_cstmatcclct` WHERE ( f_cstmatcclct_cstmusrid=1 AND f_cstmatcclct_atcid=1 ) LIMIT 1   [ RunTime:0.000519s ]
SQL: SHOW COLUMNS FROM `tb_cstmcmt` [ RunTime:0.003302s ]
SQL: SELECT * FROM `tb_cstmcmt` LEFT JOIN tb_cstmusr ON f_cstmcmt_cstmusrid=cstmusrid LEFT JOIN tb_atc ON f_cstmcmt_atcid=atcid WHERE ( atcid=1 ) ORDER BY cstmcmttm DESC LIMIT 0,5   [ RunTime:0.000725s ]
SQL: SELECT COUNT(*) AS tp_count FROM `tb_cstmcmt` LEFT JOIN tb_cstmusr ON f_cstmcmt_cstmusrid=cstmusrid LEFT JOIN tb_atc ON f_cstmcmt_atcid=atcid WHERE ( atcid=1 ) ORDER BY cstmcmttm DESC LIMIT 1   [ RunTime:0.000333s ]
SQL: SELECT * FROM `tb_cstmcmt` LEFT JOIN tb_cstmusr ON f_cstmcmt_cstmusrid=cstmusrid WHERE ( f_cstmcmt_atcid=1 ) ORDER BY cstmcmttm ASC LIMIT 5,1   [ RunTime:0.000368s ]
INFO: [ view_parse ] --START--
NOTIC: [8] Undefined variable: ntfa C:\wamp\www\geek\index\Runtime\Cache\e1f176339d87a8d3780543272ba5120d.php 第 92 行.
INFO: ParseTemplate Behavior ::run [ RunTime:0.042837s ]
INFO: [ view_parse ] --END-- [ RunTime:0.042994s ]
INFO: [ view_filter ] --START--
INFO: ContentReplace Behavior ::run [ RunTime:0.000807s ]
INFO: TokenBuild Behavior ::run [ RunTime:0.000668s ]
INFO: WriteHtmlCache Behavior ::run [ RunTime:0.000469s ]
INFO: ShowRuntime Behavior ::run [ RunTime:0.000719s ]
INFO: [ view_filter ] --END-- [ RunTime:0.003018s ]
INFO: [ view_end ] --START--
INFO: ShowPageTrace Behavior ::run [ RunTime:0.000744s ]
INFO: [ view_end ] --END-- [ RunTime:0.000913s ]

[ 2015-03-27T16:00:29+08:00 ] 127.0.0.1 /geek/index.php/Atc/clct
INFO: [ route_check ] --START--
INFO: CheckRoute Behavior ::run [ RunTime:0.000868s ]
INFO: [ route_check ] --END-- [ RunTime:0.001011s ]
INFO: [ app_begin ] --START--
INFO: ReadHtmlCache Behavior ::run [ RunTime:0.000921s ]
INFO: [ app_begin ] --END-- [ RunTime:0.001057s ]
SQL: SHOW COLUMNS FROM `tb_atc` [ RunTime:0.003284s ]
SQL: SHOW COLUMNS FROM `tb_cstmatcclct` [ RunTime:0.003119s ]
SQL: SELECT * FROM `tb_cstmatcclct` WHERE ( f_cstmatcclct_cstmusrid=1 AND f_cstmatcclct_atcid=1 ) LIMIT 1   [ RunTime:0.000350s ]
SQL: SELECT * FROM `tb_cstmatcclct` WHERE ( f_cstmatcclct_cstmusrid=1 AND f_cstmatcclct_atcid=1 ) LIMIT 1   [ RunTime:0.000343s ]
SQL: DELETE FROM `tb_cstmatcclct` WHERE ( `cstmatcclctid` = 7 ) [ RunTime:0.108320s ]

[ 2015-03-27T16:00:33+08:00 ] 127.0.0.1 /geek/index.php/Atc/clct
INFO: [ route_check ] --START--
INFO: CheckRoute Behavior ::run [ RunTime:0.000894s ]
INFO: [ route_check ] --END-- [ RunTime:0.001041s ]
INFO: [ app_begin ] --START--
INFO: ReadHtmlCache Behavior ::run [ RunTime:0.000813s ]
INFO: [ app_begin ] --END-- [ RunTime:0.000929s ]
SQL: SHOW COLUMNS FROM `tb_atc` [ RunTime:0.003555s ]
SQL: SHOW COLUMNS FROM `tb_cstmatcclct` [ RunTime:0.003059s ]
SQL: SELECT * FROM `tb_cstmatcclct` WHERE ( f_cstmatcclct_cstmusrid=1 AND f_cstmatcclct_atcid=1 ) LIMIT 1   [ RunTime:0.000330s ]
NOTIC: [8] Use of undefined constant f_cstmatcclct_cstmusrid - assumed 'f_cstmatcclct_cstmusrid' C:\wamp\www\geek\index\Lib\Action\AtcAction.class.php 第 310 行.
NOTIC: [8] Use of undefined constant f_cstmatcclct_atcid - assumed 'f_cstmatcclct_atcid' C:\wamp\www\geek\index\Lib\Action\AtcAction.class.php 第 311 行.
SQL: INSERT INTO `tb_cstmatcclct` (`f_cstmatcclct_cstmusrid`,`f_cstmatcclct_atcid`) VALUES (1,1) [ RunTime:0.193025s ]

[ 2015-03-27T16:00:34+08:00 ] 127.0.0.1 /geek/index.php/Atc/zan
INFO: [ route_check ] --START--
INFO: CheckRoute Behavior ::run [ RunTime:0.000874s ]
INFO: [ route_check ] --END-- [ RunTime:0.001018s ]
INFO: [ app_begin ] --START--
INFO: ReadHtmlCache Behavior ::run [ RunTime:0.000875s ]
INFO: [ app_begin ] --END-- [ RunTime:0.001014s ]
SQL: SHOW COLUMNS FROM `tb_atc` [ RunTime:0.003395s ]
SQL: SELECT * FROM `tb_atc` WHERE ( atcid=1 ) LIMIT 1   [ RunTime:0.000361s ]
SQL: UPDATE `tb_atc` SET `atczn`=11 WHERE ( atcid=1 ) [ RunTime:0.156044s ]

[ 2015-03-27T16:00:35+08:00 ] 127.0.0.1 /geek/index.php/Atc/tucao
INFO: [ route_check ] --START--
INFO: CheckRoute Behavior ::run [ RunTime:0.000993s ]
INFO: [ route_check ] --END-- [ RunTime:0.001140s ]
INFO: [ app_begin ] --START--
INFO: ReadHtmlCache Behavior ::run [ RunTime:0.000770s ]
INFO: [ app_begin ] --END-- [ RunTime:0.000876s ]
SQL: SHOW COLUMNS FROM `tb_atc` [ RunTime:0.003439s ]
SQL: SELECT * FROM `tb_atc` WHERE ( atcid=1 ) LIMIT 1   [ RunTime:0.000368s ]
SQL: UPDATE `tb_atc` SET `atctc`=6 WHERE ( atcid=1 ) [ RunTime:0.114369s ]

[ 2015-03-27T16:00:36+08:00 ] 127.0.0.1 /geek/index.php/Atc/tucao
INFO: [ route_check ] --START--
INFO: CheckRoute Behavior ::run [ RunTime:0.000902s ]
INFO: [ route_check ] --END-- [ RunTime:0.001053s ]
INFO: [ app_begin ] --START--
INFO: ReadHtmlCache Behavior ::run [ RunTime:0.000771s ]
INFO: [ app_begin ] --END-- [ RunTime:0.000880s ]
SQL: SHOW COLUMNS FROM `tb_atc` [ RunTime:0.004377s ]
SQL: SELECT * FROM `tb_atc` WHERE ( atcid=1 ) LIMIT 1   [ RunTime:0.000490s ]

[ 2015-03-27T16:00:45+08:00 ] 127.0.0.1 /geek/index.php/Atc/view/atcid/17
INFO: [ route_check ] --START--
INFO: CheckRoute Behavior ::run [ RunTime:0.000894s ]
INFO: [ route_check ] --END-- [ RunTime:0.001052s ]
INFO: [ app_begin ] --START--
INFO: ReadHtmlCache Behavior ::run [ RunTime:0.000759s ]
INFO: [ app_begin ] --END-- [ RunTime:0.000887s ]
SQL: SHOW COLUMNS FROM `tb_cstmusr` [ RunTime:0.003889s ]
SQL: SELECT * FROM `tb_cstmusr` WHERE ( cstmusrid=1 ) LIMIT 1   [ RunTime:0.000483s ]
SQL: SHOW COLUMNS FROM `tb_bd` [ RunTime:0.003135s ]
SQL: SELECT * FROM `tb_bd` ORDER BY bdodr ASC  [ RunTime:0.000418s ]
SQL: SELECT * FROM `tb_cstmusr` WHERE ( cstmusrid=1 ) LIMIT 1   [ RunTime:0.000395s ]
SQL: SHOW COLUMNS FROM `tb_atc` [ RunTime:0.003746s ]
SQL: SELECT * FROM `tb_atc` LEFT JOIN tb_bd ON f_atc_bdid=bdid WHERE ( atcid=17 ) LIMIT 1   [ RunTime:0.000559s ]
SQL: SELECT * FROM `tb_bd` ORDER BY bdodr ASC  [ RunTime:0.000424s ]
SQL: UPDATE `tb_atc` SET `atccnt`=998 WHERE ( atcid=17 ) [ RunTime:0.150580s ]
SQL: SHOW COLUMNS FROM `tb_sys` [ RunTime:0.003462s ]
SQL: SELECT * FROM `tb_sys` LIMIT 1   [ RunTime:0.000315s ]
SQL: SHOW COLUMNS FROM `tb_cstmatcclct` [ RunTime:0.003285s ]
SQL: SELECT * FROM `tb_cstmatcclct` WHERE ( f_cstmatcclct_cstmusrid=1 AND f_cstmatcclct_atcid=17 ) LIMIT 1   [ RunTime:0.000416s ]
SQL: SHOW COLUMNS FROM `tb_cstmcmt` [ RunTime:0.003277s ]
SQL: SELECT * FROM `tb_cstmcmt` LEFT JOIN tb_cstmusr ON f_cstmcmt_cstmusrid=cstmusrid LEFT JOIN tb_atc ON f_cstmcmt_atcid=atcid WHERE ( atcid=17 ) ORDER BY cstmcmttm DESC LIMIT 0,5   [ RunTime:0.000534s ]
SQL: SELECT COUNT(*) AS tp_count FROM `tb_cstmcmt` LEFT JOIN tb_cstmusr ON f_cstmcmt_cstmusrid=cstmusrid LEFT JOIN tb_atc ON f_cstmcmt_atcid=atcid WHERE ( atcid=17 ) ORDER BY cstmcmttm DESC LIMIT 1   [ RunTime:0.000383s ]
SQL: SELECT * FROM `tb_cstmcmt` LEFT JOIN tb_cstmusr ON f_cstmcmt_cstmusrid=cstmusrid WHERE ( f_cstmcmt_atcid=17 ) ORDER BY cstmcmttm ASC LIMIT 5,1   [ RunTime:0.000396s ]
INFO: [ view_parse ] --START--
NOTIC: [8] Undefined variable: ntfa C:\wamp\www\geek\index\Runtime\Cache\e1f176339d87a8d3780543272ba5120d.php 第 92 行.
INFO: ParseTemplate Behavior ::run [ RunTime:0.018552s ]
INFO: [ view_parse ] --END-- [ RunTime:0.018739s ]
INFO: [ view_filter ] --START--
INFO: ContentReplace Behavior ::run [ RunTime:0.000813s ]
INFO: TokenBuild Behavior ::run [ RunTime:0.000639s ]
INFO: WriteHtmlCache Behavior ::run [ RunTime:0.000389s ]
INFO: ShowRuntime Behavior ::run [ RunTime:0.000653s ]
INFO: [ view_filter ] --END-- [ RunTime:0.002875s ]
INFO: [ view_end ] --START--
INFO: ShowPageTrace Behavior ::run [ RunTime:0.000686s ]
INFO: [ view_end ] --END-- [ RunTime:0.000808s ]

[ 2015-03-27T16:00:59+08:00 ] 127.0.0.1 /geek/index.php
INFO: [ app_begin ] --START--
INFO: ReadHtmlCache Behavior ::run [ RunTime:0.000768s ]
INFO: [ app_begin ] --END-- [ RunTime:0.000913s ]
SQL: SHOW COLUMNS FROM `tb_cstmusr` [ RunTime:0.003394s ]
SQL: SELECT * FROM `tb_cstmusr` WHERE ( cstmusrid= ) LIMIT 1   [ RunTime:0.000156s ]
ERR: 1064:You have an error in your SQL syntax; check the manual that corresponds to your MySQL server version for the right syntax to use near ') LIMIT 1' at line 1
 [ SQL语句 ] : SELECT * FROM `tb_cstmusr` WHERE ( cstmusrid= ) LIMIT 1  
SQL: SHOW COLUMNS FROM `tb_bd` [ RunTime:0.003320s ]
SQL: SELECT * FROM `tb_bd` ORDER BY bdodr ASC  [ RunTime:0.000400s ]
SQL: SHOW COLUMNS FROM `tb_atc` [ RunTime:0.003706s ]
SQL: SELECT * FROM `tb_atc` LEFT JOIN tb_bd ON f_atc_bdid=bdid WHERE ( atcps=1 AND atcvw=1 AND atcnw=0 AND atcdnmc=1 AND atccv<>'dflt' ) ORDER BY atctp DESC,atcmdftm DESC LIMIT 0,5   [ RunTime:0.000604s ]
SQL: SELECT * FROM `tb_bd` ORDER BY bdodr ASC  [ RunTime:0.000545s ]
SQL: SELECT * FROM `tb_bd` WHERE ( bdpid=0 ) ORDER BY bdodr ASC  [ RunTime:0.000346s ]
SQL: SELECT `atcid`,`atctpc`,`atcmdftm`,`atctp` FROM `tb_atc` WHERE ( atcps=1 AND atcvw=1 AND atcnw='n' AND (f_atc_bdid=12 OR f_atc_bdid=3 OR f_atc_bdid=4) ) ORDER BY atctp DESC,atcmdftm DESC LIMIT 0,6   [ RunTime:0.000345s ]
SQL: SELECT `atcid`,`atctpc`,`atcmdftm`,`atctp` FROM `tb_atc` WHERE ( atcps=1 AND atcvw=1 AND atcnw='n' AND (f_atc_bdid=6 OR f_atc_bdid=8 OR f_atc_bdid=7 OR f_atc_bdid=10 OR f_atc_bdid=9 OR f_atc_bdid=11 OR f_atc_bdid=2 OR f_atc_bdid=1) ) ORDER BY atctp DESC,atcmdftm DESC LIMIT 0,6   [ RunTime:0.000368s ]
SQL: SELECT `atcid`,`atctpc`,`atcmdftm`,`atctp` FROM `tb_atc` WHERE ( atcps=1 AND atcvw=1 AND atcnw='n' AND (f_atc_bdid=14) ) ORDER BY atctp DESC,atcmdftm DESC LIMIT 0,6   [ RunTime:0.000292s ]
SQL: SELECT `atcid`,`atctpc`,`atcmdftm`,`atctp` FROM `tb_atc` WHERE ( atcps=1 AND atcvw=1 AND atcnw='n' AND (f_atc_bdid=13) ) ORDER BY atctp DESC,atcmdftm DESC LIMIT 0,6   [ RunTime:0.000290s ]
SQL: SELECT `atcid`,`atctpc`,`atcmdftm`,`atctp` FROM `tb_atc` WHERE ( atcps=1 AND atcvw=1 AND atcnw='n' AND (f_atc_bdid=5) ) ORDER BY atctp DESC,atcmdftm DESC LIMIT 0,6   [ RunTime:0.000282s ]
SQL: SELECT `atcid`,`atctpc`,`atcmdftm`,`atctp` FROM `tb_atc` WHERE ( atcps=1 AND atcvw=1 AND atcnw=0 AND atcanc=1 ) ORDER BY atctp DESC,atcmdftm DESC LIMIT 0,6   [ RunTime:0.000320s ]
SQL: SELECT `atcid`,`atctpc`,`atcmdftm`,`atctp` FROM `tb_atc` WHERE ( atcps=1 AND atcvw=1 AND atcnw=0 AND atcdnmc=1 ) ORDER BY atctp DESC,atcmdftm DESC LIMIT 0,6   [ RunTime:0.000318s ]
SQL: SHOW COLUMNS FROM `tb_sys` [ RunTime:0.003151s ]
SQL: SELECT * FROM `tb_sys` LIMIT 1   [ RunTime:0.000286s ]
INFO: [ view_parse ] --START--
NOTIC: [8] Undefined variable: ntfa C:\wamp\www\geek\index\Runtime\Cache\851d53d04e85c43d57b9cb88584499a7.php 第 93 行.
INFO: ParseTemplate Behavior ::run [ RunTime:0.024957s ]
INFO: [ view_parse ] --END-- [ RunTime:0.025111s ]
INFO: [ view_filter ] --START--
INFO: ContentReplace Behavior ::run [ RunTime:0.000804s ]
INFO: TokenBuild Behavior ::run [ RunTime:0.000647s ]
INFO: WriteHtmlCache Behavior ::run [ RunTime:0.000454s ]
INFO: ShowRuntime Behavior ::run [ RunTime:0.000730s ]
INFO: [ view_filter ] --END-- [ RunTime:0.002978s ]
INFO: [ view_end ] --START--
INFO: ShowPageTrace Behavior ::run [ RunTime:0.000745s ]
INFO: [ view_end ] --END-- [ RunTime:0.000868s ]

[ 2015-03-27T16:11:08+08:00 ] 127.0.0.1 /geek/index.php
INFO: [ app_begin ] --START--
INFO: ReadHtmlCache Behavior ::run [ RunTime:0.001328s ]
INFO: [ app_begin ] --END-- [ RunTime:0.001584s ]
SQL: SHOW COLUMNS FROM `tb_cstmusr` [ RunTime:0.003393s ]
SQL: SELECT * FROM `tb_cstmusr` WHERE ( cstmusrid=1 ) LIMIT 1   [ RunTime:0.000336s ]
SQL: SHOW COLUMNS FROM `tb_bd` [ RunTime:0.003159s ]
SQL: SELECT * FROM `tb_bd` ORDER BY bdodr ASC  [ RunTime:0.000398s ]
SQL: SELECT * FROM `tb_cstmusr` WHERE ( cstmusrid=1 ) LIMIT 1   [ RunTime:0.000374s ]
SQL: SHOW COLUMNS FROM `tb_atc` [ RunTime:0.003582s ]
SQL: SELECT * FROM `tb_atc` LEFT JOIN tb_bd ON f_atc_bdid=bdid WHERE ( atcps=1 AND atcvw=1 AND atcnw=0 AND atcdnmc=1 AND atccv<>'dflt' ) ORDER BY atctp DESC,atcmdftm DESC LIMIT 0,5   [ RunTime:0.000587s ]
SQL: SELECT * FROM `tb_bd` ORDER BY bdodr ASC  [ RunTime:0.000243s ]
SQL: SELECT * FROM `tb_bd` WHERE ( bdpid=0 ) ORDER BY bdodr ASC  [ RunTime:0.000254s ]
SQL: SELECT `atcid`,`atctpc`,`atcmdftm`,`atctp` FROM `tb_atc` WHERE ( atcps=1 AND atcvw=1 AND atcnw='n' AND (f_atc_bdid=12 OR f_atc_bdid=3 OR f_atc_bdid=4) ) ORDER BY atctp DESC,atcmdftm DESC LIMIT 0,6   [ RunTime:0.000300s ]
SQL: SELECT `atcid`,`atctpc`,`atcmdftm`,`atctp` FROM `tb_atc` WHERE ( atcps=1 AND atcvw=1 AND atcnw='n' AND (f_atc_bdid=6 OR f_atc_bdid=8 OR f_atc_bdid=7 OR f_atc_bdid=10 OR f_atc_bdid=9 OR f_atc_bdid=11 OR f_atc_bdid=2 OR f_atc_bdid=1) ) ORDER BY atctp DESC,atcmdftm DESC LIMIT 0,6   [ RunTime:0.000431s ]
SQL: SELECT `atcid`,`atctpc`,`atcmdftm`,`atctp` FROM `tb_atc` WHERE ( atcps=1 AND atcvw=1 AND atcnw='n' AND (f_atc_bdid=14) ) ORDER BY atctp DESC,atcmdftm DESC LIMIT 0,6   [ RunTime:0.000343s ]
SQL: SELECT `atcid`,`atctpc`,`atcmdftm`,`atctp` FROM `tb_atc` WHERE ( atcps=1 AND atcvw=1 AND atcnw='n' AND (f_atc_bdid=13) ) ORDER BY atctp DESC,atcmdftm DESC LIMIT 0,6   [ RunTime:0.000295s ]
SQL: SELECT `atcid`,`atctpc`,`atcmdftm`,`atctp` FROM `tb_atc` WHERE ( atcps=1 AND atcvw=1 AND atcnw='n' AND (f_atc_bdid=5) ) ORDER BY atctp DESC,atcmdftm DESC LIMIT 0,6   [ RunTime:0.000303s ]
SQL: SELECT `atcid`,`atctpc`,`atcmdftm`,`atctp` FROM `tb_atc` WHERE ( atcps=1 AND atcvw=1 AND atcnw=0 AND atcanc=1 ) ORDER BY atctp DESC,atcmdftm DESC LIMIT 0,6   [ RunTime:0.000324s ]
SQL: SELECT `atcid`,`atctpc`,`atcmdftm`,`atctp` FROM `tb_atc` WHERE ( atcps=1 AND atcvw=1 AND atcnw=0 AND atcdnmc=1 ) ORDER BY atctp DESC,atcmdftm DESC LIMIT 0,6   [ RunTime:0.000331s ]
SQL: SHOW COLUMNS FROM `tb_sys` [ RunTime:0.003222s ]
SQL: SELECT * FROM `tb_sys` LIMIT 1   [ RunTime:0.000292s ]
INFO: [ view_parse ] --START--
NOTIC: [8] Undefined variable: ntfa C:\wamp\www\geek\index\Runtime\Cache\851d53d04e85c43d57b9cb88584499a7.php 第 93 行.
INFO: ParseTemplate Behavior ::run [ RunTime:0.029091s ]
INFO: [ view_parse ] --END-- [ RunTime:0.029269s ]
INFO: [ view_filter ] --START--
INFO: ContentReplace Behavior ::run [ RunTime:0.000750s ]
INFO: TokenBuild Behavior ::run [ RunTime:0.000562s ]
INFO: WriteHtmlCache Behavior ::run [ RunTime:0.000378s ]
INFO: ShowRuntime Behavior ::run [ RunTime:0.000747s ]
INFO: [ view_filter ] --END-- [ RunTime:0.002778s ]
INFO: [ view_end ] --START--
INFO: ShowPageTrace Behavior ::run [ RunTime:0.000677s ]
INFO: [ view_end ] --END-- [ RunTime:0.000798s ]

[ 2015-03-27T16:11:28+08:00 ] 127.0.0.1 /geek/
INFO: [ app_begin ] --START--
INFO: ReadHtmlCache Behavior ::run [ RunTime:0.001769s ]
INFO: [ app_begin ] --END-- [ RunTime:0.002036s ]
SQL: SHOW COLUMNS FROM `tb_cstmusr` [ RunTime:0.003522s ]
SQL: SELECT * FROM `tb_cstmusr` WHERE ( cstmusrid=1 ) LIMIT 1   [ RunTime:0.000336s ]
SQL: SHOW COLUMNS FROM `tb_bd` [ RunTime:0.003112s ]
SQL: SELECT * FROM `tb_bd` ORDER BY bdodr ASC  [ RunTime:0.000440s ]
SQL: SELECT * FROM `tb_cstmusr` WHERE ( cstmusrid=1 ) LIMIT 1   [ RunTime:0.000375s ]
SQL: SHOW COLUMNS FROM `tb_atc` [ RunTime:0.003409s ]
SQL: SELECT * FROM `tb_atc` LEFT JOIN tb_bd ON f_atc_bdid=bdid WHERE ( atcps=1 AND atcvw=1 AND atcnw=0 AND atcdnmc=1 AND atccv<>'dflt' ) ORDER BY atctp DESC,atcmdftm DESC LIMIT 0,5   [ RunTime:0.000766s ]
SQL: SELECT * FROM `tb_bd` ORDER BY bdodr ASC  [ RunTime:0.000416s ]
SQL: SELECT * FROM `tb_bd` WHERE ( bdpid=0 ) ORDER BY bdodr ASC  [ RunTime:0.000345s ]
SQL: SELECT `atcid`,`atctpc`,`atcmdftm`,`atctp` FROM `tb_atc` WHERE ( atcps=1 AND atcvw=1 AND atcnw='n' AND (f_atc_bdid=12 OR f_atc_bdid=3 OR f_atc_bdid=4) ) ORDER BY atctp DESC,atcmdftm DESC LIMIT 0,6   [ RunTime:0.000420s ]
SQL: SELECT `atcid`,`atctpc`,`atcmdftm`,`atctp` FROM `tb_atc` WHERE ( atcps=1 AND atcvw=1 AND atcnw='n' AND (f_atc_bdid=6 OR f_atc_bdid=8 OR f_atc_bdid=7 OR f_atc_bdid=10 OR f_atc_bdid=9 OR f_atc_bdid=11 OR f_atc_bdid=2 OR f_atc_bdid=1) ) ORDER BY atctp DESC,atcmdftm DESC LIMIT 0,6   [ RunTime:0.000444s ]
SQL: SELECT `atcid`,`atctpc`,`atcmdftm`,`atctp` FROM `tb_atc` WHERE ( atcps=1 AND atcvw=1 AND atcnw='n' AND (f_atc_bdid=14) ) ORDER BY atctp DESC,atcmdftm DESC LIMIT 0,6   [ RunTime:0.000267s ]
SQL: SELECT `atcid`,`atctpc`,`atcmdftm`,`atctp` FROM `tb_atc` WHERE ( atcps=1 AND atcvw=1 AND atcnw='n' AND (f_atc_bdid=13) ) ORDER BY atctp DESC,atcmdftm DESC LIMIT 0,6   [ RunTime:0.000249s ]
SQL: SELECT `atcid`,`atctpc`,`atcmdftm`,`atctp` FROM `tb_atc` WHERE ( atcps=1 AND atcvw=1 AND atcnw='n' AND (f_atc_bdid=5) ) ORDER BY atctp DESC,atcmdftm DESC LIMIT 0,6   [ RunTime:0.000266s ]
SQL: SELECT `atcid`,`atctpc`,`atcmdftm`,`atctp` FROM `tb_atc` WHERE ( atcps=1 AND atcvw=1 AND atcnw=0 AND atcanc=1 ) ORDER BY atctp DESC,atcmdftm DESC LIMIT 0,6   [ RunTime:0.000316s ]
SQL: SELECT `atcid`,`atctpc`,`atcmdftm`,`atctp` FROM `tb_atc` WHERE ( atcps=1 AND atcvw=1 AND atcnw=0 AND atcdnmc=1 ) ORDER BY atctp DESC,atcmdftm DESC LIMIT 0,6   [ RunTime:0.000409s ]
SQL: SHOW COLUMNS FROM `tb_sys` [ RunTime:0.003713s ]
SQL: SELECT * FROM `tb_sys` LIMIT 1   [ RunTime:0.000237s ]
INFO: [ view_parse ] --START--
NOTIC: [8] Undefined variable: ntfa C:\wamp\www\geek\index\Runtime\Cache\851d53d04e85c43d57b9cb88584499a7.php 第 93 行.
INFO: ParseTemplate Behavior ::run [ RunTime:0.024990s ]
INFO: [ view_parse ] --END-- [ RunTime:0.025138s ]
INFO: [ view_filter ] --START--
INFO: ContentReplace Behavior ::run [ RunTime:0.000962s ]
INFO: TokenBuild Behavior ::run [ RunTime:0.000652s ]
INFO: WriteHtmlCache Behavior ::run [ RunTime:0.000381s ]
INFO: ShowRuntime Behavior ::run [ RunTime:0.000712s ]
INFO: [ view_filter ] --END-- [ RunTime:0.003100s ]
INFO: [ view_end ] --START--
INFO: ShowPageTrace Behavior ::run [ RunTime:0.000677s ]
INFO: [ view_end ] --END-- [ RunTime:0.000819s ]

[ 2015-03-27T16:16:22+08:00 ] 127.0.0.1 /geek/index.php
INFO: [ app_begin ] --START--
INFO: ReadHtmlCache Behavior ::run [ RunTime:0.000776s ]
INFO: [ app_begin ] --END-- [ RunTime:0.000921s ]
SQL: SHOW COLUMNS FROM `tb_cstmusr` [ RunTime:0.003677s ]
SQL: SELECT * FROM `tb_cstmusr` WHERE ( cstmusrid= ) LIMIT 1   [ RunTime:0.000182s ]
ERR: 1064:You have an error in your SQL syntax; check the manual that corresponds to your MySQL server version for the right syntax to use near ') LIMIT 1' at line 1
 [ SQL语句 ] : SELECT * FROM `tb_cstmusr` WHERE ( cstmusrid= ) LIMIT 1  
SQL: SHOW COLUMNS FROM `tb_bd` [ RunTime:0.003240s ]
SQL: SELECT * FROM `tb_bd` ORDER BY bdodr ASC  [ RunTime:0.000466s ]
SQL: SHOW COLUMNS FROM `tb_atc` [ RunTime:0.003387s ]
SQL: SELECT * FROM `tb_atc` LEFT JOIN tb_bd ON f_atc_bdid=bdid WHERE ( atcps=1 AND atcvw=1 AND atcnw=0 AND atcdnmc=1 AND atccv<>'dflt' ) ORDER BY atctp DESC,atcmdftm DESC LIMIT 0,5   [ RunTime:0.000730s ]
SQL: SELECT * FROM `tb_bd` ORDER BY bdodr ASC  [ RunTime:0.000333s ]
SQL: SELECT * FROM `tb_bd` WHERE ( bdpid=0 ) ORDER BY bdodr ASC  [ RunTime:0.000280s ]
SQL: SELECT `atcid`,`atctpc`,`atcmdftm`,`atctp` FROM `tb_atc` WHERE ( atcps=1 AND atcvw=1 AND atcnw='n' AND (f_atc_bdid=12 OR f_atc_bdid=3 OR f_atc_bdid=4) ) ORDER BY atctp DESC,atcmdftm DESC LIMIT 0,6   [ RunTime:0.000329s ]
SQL: SELECT `atcid`,`atctpc`,`atcmdftm`,`atctp` FROM `tb_atc` WHERE ( atcps=1 AND atcvw=1 AND atcnw='n' AND (f_atc_bdid=6 OR f_atc_bdid=8 OR f_atc_bdid=7 OR f_atc_bdid=10 OR f_atc_bdid=9 OR f_atc_bdid=11 OR f_atc_bdid=2 OR f_atc_bdid=1) ) ORDER BY atctp DESC,atcmdftm DESC LIMIT 0,6   [ RunTime:0.000416s ]
SQL: SELECT `atcid`,`atctpc`,`atcmdftm`,`atctp` FROM `tb_atc` WHERE ( atcps=1 AND atcvw=1 AND atcnw='n' AND (f_atc_bdid=14) ) ORDER BY atctp DESC,atcmdftm DESC LIMIT 0,6   [ RunTime:0.000388s ]
SQL: SELECT `atcid`,`atctpc`,`atcmdftm`,`atctp` FROM `tb_atc` WHERE ( atcps=1 AND atcvw=1 AND atcnw='n' AND (f_atc_bdid=13) ) ORDER BY atctp DESC,atcmdftm DESC LIMIT 0,6   [ RunTime:0.000401s ]
SQL: SELECT `atcid`,`atctpc`,`atcmdftm`,`atctp` FROM `tb_atc` WHERE ( atcps=1 AND atcvw=1 AND atcnw='n' AND (f_atc_bdid=5) ) ORDER BY atctp DESC,atcmdftm DESC LIMIT 0,6   [ RunTime:0.000351s ]
SQL: SELECT `atcid`,`atctpc`,`atcmdftm`,`atctp` FROM `tb_atc` WHERE ( atcps=1 AND atcvw=1 AND atcnw=0 AND atcanc=1 ) ORDER BY atctp DESC,atcmdftm DESC LIMIT 0,6   [ RunTime:0.000395s ]
SQL: SELECT `atcid`,`atctpc`,`atcmdftm`,`atctp` FROM `tb_atc` WHERE ( atcps=1 AND atcvw=1 AND atcnw=0 AND atcdnmc=1 ) ORDER BY atctp DESC,atcmdftm DESC LIMIT 0,6   [ RunTime:0.000347s ]
SQL: SHOW COLUMNS FROM `tb_sys` [ RunTime:0.003111s ]
SQL: SELECT * FROM `tb_sys` LIMIT 1   [ RunTime:0.000260s ]
INFO: [ view_parse ] --START--
NOTIC: [8] Undefined variable: ntfa C:\wamp\www\geek\index\Runtime\Cache\851d53d04e85c43d57b9cb88584499a7.php 第 93 行.
INFO: ParseTemplate Behavior ::run [ RunTime:0.024150s ]
INFO: [ view_parse ] --END-- [ RunTime:0.024301s ]
INFO: [ view_filter ] --START--
INFO: ContentReplace Behavior ::run [ RunTime:0.000750s ]
INFO: TokenBuild Behavior ::run [ RunTime:0.000566s ]
INFO: WriteHtmlCache Behavior ::run [ RunTime:0.000388s ]
INFO: ShowRuntime Behavior ::run [ RunTime:0.000801s ]
INFO: [ view_filter ] --END-- [ RunTime:0.002886s ]
INFO: [ view_end ] --START--
INFO: ShowPageTrace Behavior ::run [ RunTime:0.000697s ]
INFO: [ view_end ] --END-- [ RunTime:0.000822s ]

[ 2015-03-27T16:39:15+08:00 ] 127.0.0.1 /geek/index.php
INFO: [ app_begin ] --START--
INFO: ReadHtmlCache Behavior ::run [ RunTime:0.000881s ]
INFO: [ app_begin ] --END-- [ RunTime:0.001030s ]
SQL: SHOW COLUMNS FROM `tb_cstmusr` [ RunTime:0.003475s ]
SQL: SELECT * FROM `tb_cstmusr` WHERE ( cstmusrid= ) LIMIT 1   [ RunTime:0.000229s ]
ERR: 1064:You have an error in your SQL syntax; check the manual that corresponds to your MySQL server version for the right syntax to use near ') LIMIT 1' at line 1
 [ SQL语句 ] : SELECT * FROM `tb_cstmusr` WHERE ( cstmusrid= ) LIMIT 1  
SQL: SHOW COLUMNS FROM `tb_bd` [ RunTime:0.003164s ]
SQL: SELECT * FROM `tb_bd` ORDER BY bdodr ASC  [ RunTime:0.000396s ]
SQL: SHOW COLUMNS FROM `tb_atc` [ RunTime:0.003292s ]
SQL: SELECT * FROM `tb_atc` LEFT JOIN tb_bd ON f_atc_bdid=bdid WHERE ( atcps=1 AND atcvw=1 AND atcnw=0 AND atcdnmc=1 AND atccv<>'dflt' ) ORDER BY atctp DESC,atcmdftm DESC LIMIT 0,5   [ RunTime:0.000591s ]
SQL: SELECT * FROM `tb_bd` ORDER BY bdodr ASC  [ RunTime:0.000266s ]
SQL: SELECT * FROM `tb_bd` WHERE ( bdpid=0 ) ORDER BY bdodr ASC  [ RunTime:0.000287s ]
SQL: SELECT `atcid`,`atctpc`,`atcmdftm`,`atctp` FROM `tb_atc` WHERE ( atcps=1 AND atcvw=1 AND atcnw='n' AND (f_atc_bdid=12 OR f_atc_bdid=3 OR f_atc_bdid=4) ) ORDER BY atctp DESC,atcmdftm DESC LIMIT 0,6   [ RunTime:0.000323s ]
SQL: SELECT `atcid`,`atctpc`,`atcmdftm`,`atctp` FROM `tb_atc` WHERE ( atcps=1 AND atcvw=1 AND atcnw='n' AND (f_atc_bdid=6 OR f_atc_bdid=8 OR f_atc_bdid=7 OR f_atc_bdid=10 OR f_atc_bdid=9 OR f_atc_bdid=11 OR f_atc_bdid=2 OR f_atc_bdid=1) ) ORDER BY atctp DESC,atcmdftm DESC LIMIT 0,6   [ RunTime:0.000358s ]
SQL: SELECT `atcid`,`atctpc`,`atcmdftm`,`atctp` FROM `tb_atc` WHERE ( atcps=1 AND atcvw=1 AND atcnw='n' AND (f_atc_bdid=14) ) ORDER BY atctp DESC,atcmdftm DESC LIMIT 0,6   [ RunTime:0.000297s ]
SQL: SELECT `atcid`,`atctpc`,`atcmdftm`,`atctp` FROM `tb_atc` WHERE ( atcps=1 AND atcvw=1 AND atcnw='n' AND (f_atc_bdid=13) ) ORDER BY atctp DESC,atcmdftm DESC LIMIT 0,6   [ RunTime:0.000257s ]
SQL: SELECT `atcid`,`atctpc`,`atcmdftm`,`atctp` FROM `tb_atc` WHERE ( atcps=1 AND atcvw=1 AND atcnw='n' AND (f_atc_bdid=5) ) ORDER BY atctp DESC,atcmdftm DESC LIMIT 0,6   [ RunTime:0.000294s ]
SQL: SELECT `atcid`,`atctpc`,`atcmdftm`,`atctp` FROM `tb_atc` WHERE ( atcps=1 AND atcvw=1 AND atcnw=0 AND atcanc=1 ) ORDER BY atctp DESC,atcmdftm DESC LIMIT 0,6   [ RunTime:0.000329s ]
SQL: SELECT `atcid`,`atctpc`,`atcmdftm`,`atctp` FROM `tb_atc` WHERE ( atcps=1 AND atcvw=1 AND atcnw=0 AND atcdnmc=1 ) ORDER BY atctp DESC,atcmdftm DESC LIMIT 0,6   [ RunTime:0.000321s ]
SQL: SHOW COLUMNS FROM `tb_sys` [ RunTime:0.002999s ]
SQL: SELECT * FROM `tb_sys` LIMIT 1   [ RunTime:0.000265s ]
INFO: [ view_parse ] --START--
NOTIC: [8] Undefined variable: ntfa C:\wamp\www\geek\index\Runtime\Cache\851d53d04e85c43d57b9cb88584499a7.php 第 93 行.
INFO: ParseTemplate Behavior ::run [ RunTime:0.025140s ]
INFO: [ view_parse ] --END-- [ RunTime:0.025285s ]
INFO: [ view_filter ] --START--
INFO: ContentReplace Behavior ::run [ RunTime:0.000761s ]
INFO: TokenBuild Behavior ::run [ RunTime:0.000708s ]
INFO: WriteHtmlCache Behavior ::run [ RunTime:0.000525s ]
INFO: ShowRuntime Behavior ::run [ RunTime:0.000702s ]
INFO: [ view_filter ] --END-- [ RunTime:0.003067s ]
INFO: [ view_end ] --START--
INFO: ShowPageTrace Behavior ::run [ RunTime:0.000682s ]
INFO: [ view_end ] --END-- [ RunTime:0.000804s ]

[ 2015-03-27T22:11:12+08:00 ] 127.0.0.1 /geek/
INFO: [ app_begin ] --START--
INFO: ReadHtmlCache Behavior ::run [ RunTime:0.001108s ]
INFO: [ app_begin ] --END-- [ RunTime:0.001294s ]
SQL: SHOW COLUMNS FROM `tb_cstmusr` [ RunTime:0.058551s ]
SQL: SELECT * FROM `tb_cstmusr` WHERE ( cstmusrid= ) LIMIT 1   [ RunTime:0.056436s ]
ERR: 1064:You have an error in your SQL syntax; check the manual that corresponds to your MySQL server version for the right syntax to use near ') LIMIT 1' at line 1
 [ SQL语句 ] : SELECT * FROM `tb_cstmusr` WHERE ( cstmusrid= ) LIMIT 1  
SQL: SHOW COLUMNS FROM `tb_bd` [ RunTime:0.069311s ]
SQL: SELECT * FROM `tb_bd` ORDER BY bdodr ASC  [ RunTime:0.076063s ]
SQL: SHOW COLUMNS FROM `tb_atc` [ RunTime:0.010294s ]
SQL: SELECT * FROM `tb_atc` LEFT JOIN tb_bd ON f_atc_bdid=bdid WHERE ( atcps=1 AND atcvw=1 AND atcnw=0 AND atcdnmc=1 AND atccv<>'dflt' ) ORDER BY atctp DESC,atcmdftm DESC LIMIT 0,5   [ RunTime:0.132018s ]
SQL: SELECT * FROM `tb_bd` ORDER BY bdodr ASC  [ RunTime:0.000399s ]
SQL: SELECT * FROM `tb_bd` WHERE ( bdpid=0 ) ORDER BY bdodr ASC  [ RunTime:0.004884s ]
SQL: SELECT `atcid`,`atctpc`,`atcmdftm`,`atctp` FROM `tb_atc` WHERE ( atcps=1 AND atcvw=1 AND atcnw='n' AND (f_atc_bdid=12 OR f_atc_bdid=3 OR f_atc_bdid=4) ) ORDER BY atctp DESC,atcmdftm DESC LIMIT 0,6   [ RunTime:0.051425s ]
SQL: SELECT `atcid`,`atctpc`,`atcmdftm`,`atctp` FROM `tb_atc` WHERE ( atcps=1 AND atcvw=1 AND atcnw='n' AND (f_atc_bdid=6 OR f_atc_bdid=8 OR f_atc_bdid=7 OR f_atc_bdid=10 OR f_atc_bdid=9 OR f_atc_bdid=11 OR f_atc_bdid=2 OR f_atc_bdid=1) ) ORDER BY atctp DESC,atcmdftm DESC LIMIT 0,6   [ RunTime:0.011197s ]
SQL: SELECT `atcid`,`atctpc`,`atcmdftm`,`atctp` FROM `tb_atc` WHERE ( atcps=1 AND atcvw=1 AND atcnw='n' AND (f_atc_bdid=14) ) ORDER BY atctp DESC,atcmdftm DESC LIMIT 0,6   [ RunTime:0.000487s ]
SQL: SELECT `atcid`,`atctpc`,`atcmdftm`,`atctp` FROM `tb_atc` WHERE ( atcps=1 AND atcvw=1 AND atcnw='n' AND (f_atc_bdid=13) ) ORDER BY atctp DESC,atcmdftm DESC LIMIT 0,6   [ RunTime:0.000398s ]
SQL: SELECT `atcid`,`atctpc`,`atcmdftm`,`atctp` FROM `tb_atc` WHERE ( atcps=1 AND atcvw=1 AND atcnw='n' AND (f_atc_bdid=5) ) ORDER BY atctp DESC,atcmdftm DESC LIMIT 0,6   [ RunTime:0.000350s ]
SQL: SELECT `atcid`,`atctpc`,`atcmdftm`,`atctp` FROM `tb_atc` WHERE ( atcps=1 AND atcvw=1 AND atcnw=0 AND atcanc=1 ) ORDER BY atctp DESC,atcmdftm DESC LIMIT 0,6   [ RunTime:0.013130s ]
SQL: SELECT `atcid`,`atctpc`,`atcmdftm`,`atctp` FROM `tb_atc` WHERE ( atcps=1 AND atcvw=1 AND atcnw=0 AND atcdnmc=1 ) ORDER BY atctp DESC,atcmdftm DESC LIMIT 0,6   [ RunTime:0.000453s ]
SQL: SHOW COLUMNS FROM `tb_sys` [ RunTime:0.030720s ]
SQL: SELECT * FROM `tb_sys` LIMIT 1   [ RunTime:0.008678s ]
INFO: [ view_parse ] --START--
NOTIC: [8] Undefined variable: ntfa C:\wamp\www\geek\index\Runtime\Cache\851d53d04e85c43d57b9cb88584499a7.php 第 93 行.
INFO: ParseTemplate Behavior ::run [ RunTime:0.337710s ]
INFO: [ view_parse ] --END-- [ RunTime:0.337876s ]
INFO: [ view_filter ] --START--
INFO: ContentReplace Behavior ::run [ RunTime:0.024157s ]
INFO: TokenBuild Behavior ::run [ RunTime:0.009538s ]
INFO: WriteHtmlCache Behavior ::run [ RunTime:0.006716s ]
INFO: ShowRuntime Behavior ::run [ RunTime:0.004877s ]
INFO: [ view_filter ] --END-- [ RunTime:0.045727s ]
INFO: [ view_end ] --START--
INFO: ShowPageTrace Behavior ::run [ RunTime:0.009080s ]
INFO: [ view_end ] --END-- [ RunTime:0.009225s ]

