[ 2015-02-24T07:48:56+08:00 ] 127.0.0.1 /geek/
INFO: [ app_begin ] --START--
INFO: ReadHtmlCache Behavior ::run [ RunTime:0.014980s ]
INFO: [ app_begin ] --END-- [ RunTime:0.020085s ]
INFO: [ view_parse ] --START--
NOTIC: [8] Undefined variable: title C:\wamp\www\geek\index\Runtime\Cache\851d53d04e85c43d57b9cb88584499a7.php 第 6 行.
NOTIC: [8] Undefined variable: theme C:\wamp\www\geek\index\Runtime\Cache\851d53d04e85c43d57b9cb88584499a7.php 第 31 行.
NOTIC: [8] Undefined variable: tree C:\wamp\www\geek\index\Runtime\Cache\851d53d04e85c43d57b9cb88584499a7.php 第 64 行.
INFO: ParseTemplate Behavior ::run [ RunTime:0.094739s ]
INFO: [ view_parse ] --END-- [ RunTime:0.094883s ]
INFO: [ view_filter ] --START--
INFO: ContentReplace Behavior ::run [ RunTime:0.003459s ]
INFO: TokenBuild Behavior ::run [ RunTime:0.020604s ]
INFO: WriteHtmlCache Behavior ::run [ RunTime:0.006934s ]
INFO: ShowRuntime Behavior ::run [ RunTime:0.015948s ]
INFO: [ view_filter ] --END-- [ RunTime:0.047334s ]
INFO: [ view_end ] --START--
INFO: ShowPageTrace Behavior ::run [ RunTime:0.020149s ]
INFO: [ view_end ] --END-- [ RunTime:0.020287s ]

[ 2015-02-24T16:04:36+08:00 ] 127.0.0.1 /geek/
INFO: [ app_begin ] --START--
INFO: ReadHtmlCache Behavior ::run [ RunTime:0.000652s ]
INFO: [ app_begin ] --END-- [ RunTime:0.000792s ]
INFO: [ view_parse ] --START--
NOTIC: [8] Undefined variable: title C:\wamp\www\geek\index\Runtime\Cache\851d53d04e85c43d57b9cb88584499a7.php 第 6 行.
NOTIC: [8] Undefined variable: theme C:\wamp\www\geek\index\Runtime\Cache\851d53d04e85c43d57b9cb88584499a7.php 第 31 行.
NOTIC: [8] Undefined variable: tree C:\wamp\www\geek\index\Runtime\Cache\851d53d04e85c43d57b9cb88584499a7.php 第 64 行.
INFO: ParseTemplate Behavior ::run [ RunTime:0.009379s ]
INFO: [ view_parse ] --END-- [ RunTime:0.009514s ]
INFO: [ view_filter ] --START--
INFO: ContentReplace Behavior ::run [ RunTime:0.000555s ]
INFO: TokenBuild Behavior ::run [ RunTime:0.000531s ]
INFO: WriteHtmlCache Behavior ::run [ RunTime:0.000396s ]
INFO: ShowRuntime Behavior ::run [ RunTime:0.000640s ]
INFO: [ view_filter ] --END-- [ RunTime:0.002459s ]
INFO: [ view_end ] --START--
INFO: ShowPageTrace Behavior ::run [ RunTime:0.000680s ]
INFO: [ view_end ] --END-- [ RunTime:0.000802s ]

[ 2015-02-24T16:45:08+08:00 ] 127.0.0.1 /geek/index.php
INFO: [ app_begin ] --START--
INFO: ReadHtmlCache Behavior ::run [ RunTime:0.000888s ]
INFO: [ app_begin ] --END-- [ RunTime:0.001037s ]
INFO: [ view_parse ] --START--
NOTIC: [8] Undefined variable: title C:\wamp\www\geek\index\Runtime\Cache\851d53d04e85c43d57b9cb88584499a7.php 第 6 行.
NOTIC: [8] Undefined variable: theme C:\wamp\www\geek\index\Runtime\Cache\851d53d04e85c43d57b9cb88584499a7.php 第 31 行.
NOTIC: [8] Undefined variable: tree C:\wamp\www\geek\index\Runtime\Cache\851d53d04e85c43d57b9cb88584499a7.php 第 64 行.
INFO: ParseTemplate Behavior ::run [ RunTime:0.009692s ]
INFO: [ view_parse ] --END-- [ RunTime:0.009828s ]
INFO: [ view_filter ] --START--
INFO: ContentReplace Behavior ::run [ RunTime:0.000678s ]
INFO: TokenBuild Behavior ::run [ RunTime:0.000794s ]
INFO: WriteHtmlCache Behavior ::run [ RunTime:0.000670s ]
INFO: ShowRuntime Behavior ::run [ RunTime:0.000724s ]
INFO: [ view_filter ] --END-- [ RunTime:0.003249s ]
INFO: [ view_end ] --START--
INFO: ShowPageTrace Behavior ::run [ RunTime:0.000757s ]
INFO: [ view_end ] --END-- [ RunTime:0.000879s ]

[ 2015-02-24T18:03:20+08:00 ] 127.0.0.1 /geek/index.php
INFO: [ app_begin ] --START--
INFO: ReadHtmlCache Behavior ::run [ RunTime:0.000598s ]
INFO: [ app_begin ] --END-- [ RunTime:0.000743s ]
INFO: [ view_parse ] --START--
NOTIC: [8] Undefined variable: title C:\wamp\www\geek\index\Runtime\Cache\851d53d04e85c43d57b9cb88584499a7.php 第 6 行.
NOTIC: [8] Undefined variable: theme C:\wamp\www\geek\index\Runtime\Cache\851d53d04e85c43d57b9cb88584499a7.php 第 31 行.
NOTIC: [8] Undefined variable: tree C:\wamp\www\geek\index\Runtime\Cache\851d53d04e85c43d57b9cb88584499a7.php 第 64 行.
INFO: ParseTemplate Behavior ::run [ RunTime:0.010446s ]
INFO: [ view_parse ] --END-- [ RunTime:0.010580s ]
INFO: [ view_filter ] --START--
INFO: ContentReplace Behavior ::run [ RunTime:0.000474s ]
INFO: TokenBuild Behavior ::run [ RunTime:0.000496s ]
INFO: WriteHtmlCache Behavior ::run [ RunTime:0.000327s ]
INFO: ShowRuntime Behavior ::run [ RunTime:0.000582s ]
INFO: [ view_filter ] --END-- [ RunTime:0.002218s ]
INFO: [ view_end ] --START--
INFO: ShowPageTrace Behavior ::run [ RunTime:0.000624s ]
INFO: [ view_end ] --END-- [ RunTime:0.000747s ]

