[ 2015-10-01T06:42:44+08:00 ] 66.249.65.200 /xx/index.php/Atc/query/bdid/18
INFO: [ route_check ] --START--
INFO: CheckRoute Behavior ::run [ RunTime:0.008066s ]
INFO: [ route_check ] --END-- [ RunTime:0.008224s ]
INFO: [ app_begin ] --START--
INFO: ReadHtmlCache Behavior ::run [ RunTime:0.007717s ]
INFO: [ app_begin ] --END-- [ RunTime:0.007848s ]
SQL: SHOW COLUMNS FROM `tb_cstmusr` [ RunTime:0.003855s ]
SQL: SELECT * FROM `tb_cstmusr` WHERE ( cstmusrid= ) LIMIT 1   [ RunTime:0.021017s ]
ERR: 1064:You have an error in your SQL syntax; check the manual that corresponds to your MySQL server version for the right syntax to use near ') LIMIT 1' at line 1
 [ SQL语句 ] : SELECT * FROM `tb_cstmusr` WHERE ( cstmusrid= ) LIMIT 1  
SQL: SHOW COLUMNS FROM `tb_bd` [ RunTime:0.002689s ]
SQL: SELECT * FROM `tb_bd` ORDER BY bdodr ASC  [ RunTime:0.000611s ]
SQL: SHOW COLUMNS FROM `tb_atc` [ RunTime:0.003080s ]
NOTIC: [8] Undefined index:  atcanc D:\Program Files\Apache Software Foundation\Apache2.2\htdocs\xx\index\Lib\Action\AtcAction.class.php 第 157 行.
NOTIC: [8] Undefined index:  atcdnmc D:\Program Files\Apache Software Foundation\Apache2.2\htdocs\xx\index\Lib\Action\AtcAction.class.php 第 161 行.
NOTIC: [8] Undefined index:  atckw D:\Program Files\Apache Software Foundation\Apache2.2\htdocs\xx\index\Lib\Action\AtcAction.class.php 第 165 行.
SQL: SELECT * FROM `tb_bd` WHERE ( bdid=18 ) LIMIT 1   [ RunTime:0.000340s ]
SQL: SELECT * FROM `tb_bd` ORDER BY bdodr ASC  [ RunTime:0.000152s ]
SQL: SELECT COUNT(*) AS tp_count FROM `tb_atc` WHERE ( atcps=1 AND atcvw=1 AND atcnw=0  AND (f_atc_bdid=18) ) ORDER BY atctp DESC,atcmdftm DESC LIMIT 1   [ RunTime:0.000382s ]
SQL: SELECT `atcid`,`atctpc`,`atcmdftm`,`atctp` FROM `tb_atc` WHERE ( atcps=1 AND atcvw=1 AND atcnw=0 AND (f_atc_bdid=18) ) ORDER BY atctp DESC,atcmdftm DESC LIMIT 0,10   [ RunTime:0.000336s ]
INFO: [ view_parse ] --START--
NOTIC: [8] Undefined variable: ntfa D:\Program Files\Apache Software Foundation\Apache2.2\htdocs\xx\index\Runtime\Cache\fcd7ec07ca93d24740240bc6bdf08acd.php 第 90 行.
INFO: ParseTemplate Behavior ::run [ RunTime:0.065015s ]
INFO: [ view_parse ] --END-- [ RunTime:0.065182s ]
INFO: [ view_filter ] --START--
INFO: ContentReplace Behavior ::run [ RunTime:0.007172s ]
INFO: TokenBuild Behavior ::run [ RunTime:0.007202s ]
INFO: WriteHtmlCache Behavior ::run [ RunTime:0.006891s ]
INFO: ShowRuntime Behavior ::run [ RunTime:0.007462s ]
INFO: [ view_filter ] --END-- [ RunTime:0.029073s ]
INFO: [ view_end ] --START--
INFO: ShowPageTrace Behavior ::run [ RunTime:0.007516s ]
INFO: [ view_end ] --END-- [ RunTime:0.007649s ]

[ 2015-10-01T06:43:31+08:00 ] 66.249.65.200 /xx/index.php/Atc/query/bdid/19
INFO: [ route_check ] --START--
INFO: CheckRoute Behavior ::run [ RunTime:0.007872s ]
INFO: [ route_check ] --END-- [ RunTime:0.008028s ]
INFO: [ app_begin ] --START--
INFO: ReadHtmlCache Behavior ::run [ RunTime:0.007359s ]
INFO: [ app_begin ] --END-- [ RunTime:0.007487s ]
SQL: SHOW COLUMNS FROM `tb_cstmusr` [ RunTime:0.003230s ]
SQL: SELECT * FROM `tb_cstmusr` WHERE ( cstmusrid= ) LIMIT 1   [ RunTime:0.001938s ]
ERR: 1064:You have an error in your SQL syntax; check the manual that corresponds to your MySQL server version for the right syntax to use near ') LIMIT 1' at line 1
 [ SQL语句 ] : SELECT * FROM `tb_cstmusr` WHERE ( cstmusrid= ) LIMIT 1  
SQL: SHOW COLUMNS FROM `tb_bd` [ RunTime:0.002451s ]
SQL: SELECT * FROM `tb_bd` ORDER BY bdodr ASC  [ RunTime:0.018930s ]
SQL: SHOW COLUMNS FROM `tb_atc` [ RunTime:0.002763s ]
NOTIC: [8] Undefined index:  atcanc D:\Program Files\Apache Software Foundation\Apache2.2\htdocs\xx\index\Lib\Action\AtcAction.class.php 第 157 行.
NOTIC: [8] Undefined index:  atcdnmc D:\Program Files\Apache Software Foundation\Apache2.2\htdocs\xx\index\Lib\Action\AtcAction.class.php 第 161 行.
NOTIC: [8] Undefined index:  atckw D:\Program Files\Apache Software Foundation\Apache2.2\htdocs\xx\index\Lib\Action\AtcAction.class.php 第 165 行.
SQL: SELECT * FROM `tb_bd` WHERE ( bdid=19 ) LIMIT 1   [ RunTime:0.000270s ]
SQL: SELECT * FROM `tb_bd` ORDER BY bdodr ASC  [ RunTime:0.000135s ]
SQL: SELECT COUNT(*) AS tp_count FROM `tb_atc` WHERE ( atcps=1 AND atcvw=1 AND atcnw=0  AND (f_atc_bdid=19) ) ORDER BY atctp DESC,atcmdftm DESC LIMIT 1   [ RunTime:0.000340s ]
SQL: SELECT `atcid`,`atctpc`,`atcmdftm`,`atctp` FROM `tb_atc` WHERE ( atcps=1 AND atcvw=1 AND atcnw=0 AND (f_atc_bdid=19) ) ORDER BY atctp DESC,atcmdftm DESC LIMIT 0,10   [ RunTime:0.000406s ]
INFO: [ view_parse ] --START--
NOTIC: [8] Undefined variable: ntfa D:\Program Files\Apache Software Foundation\Apache2.2\htdocs\xx\index\Runtime\Cache\fcd7ec07ca93d24740240bc6bdf08acd.php 第 90 行.
INFO: ParseTemplate Behavior ::run [ RunTime:0.067108s ]
INFO: [ view_parse ] --END-- [ RunTime:0.067279s ]
INFO: [ view_filter ] --START--
INFO: ContentReplace Behavior ::run [ RunTime:0.007569s ]
INFO: TokenBuild Behavior ::run [ RunTime:0.007091s ]
INFO: WriteHtmlCache Behavior ::run [ RunTime:0.007235s ]
INFO: ShowRuntime Behavior ::run [ RunTime:0.007228s ]
INFO: [ view_filter ] --END-- [ RunTime:0.029491s ]
INFO: [ view_end ] --START--
INFO: ShowPageTrace Behavior ::run [ RunTime:0.007714s ]
INFO: [ view_end ] --END-- [ RunTime:0.007852s ]

[ 2015-10-01T06:46:07+08:00 ] 66.249.65.193 /xx/index.php/Atc/query/bdid/16
INFO: [ route_check ] --START--
INFO: CheckRoute Behavior ::run [ RunTime:0.007902s ]
INFO: [ route_check ] --END-- [ RunTime:0.008059s ]
INFO: [ app_begin ] --START--
INFO: ReadHtmlCache Behavior ::run [ RunTime:0.007503s ]
INFO: [ app_begin ] --END-- [ RunTime:0.007631s ]
SQL: SHOW COLUMNS FROM `tb_cstmusr` [ RunTime:0.002771s ]
SQL: SELECT * FROM `tb_cstmusr` WHERE ( cstmusrid= ) LIMIT 1   [ RunTime:0.000432s ]
ERR: 1064:You have an error in your SQL syntax; check the manual that corresponds to your MySQL server version for the right syntax to use near ') LIMIT 1' at line 1
 [ SQL语句 ] : SELECT * FROM `tb_cstmusr` WHERE ( cstmusrid= ) LIMIT 1  
SQL: SHOW COLUMNS FROM `tb_bd` [ RunTime:0.002602s ]
SQL: SELECT * FROM `tb_bd` ORDER BY bdodr ASC  [ RunTime:0.000632s ]
SQL: SHOW COLUMNS FROM `tb_atc` [ RunTime:0.002802s ]
NOTIC: [8] Undefined index:  atcanc D:\Program Files\Apache Software Foundation\Apache2.2\htdocs\xx\index\Lib\Action\AtcAction.class.php 第 157 行.
NOTIC: [8] Undefined index:  atcdnmc D:\Program Files\Apache Software Foundation\Apache2.2\htdocs\xx\index\Lib\Action\AtcAction.class.php 第 161 行.
NOTIC: [8] Undefined index:  atckw D:\Program Files\Apache Software Foundation\Apache2.2\htdocs\xx\index\Lib\Action\AtcAction.class.php 第 165 行.
SQL: SELECT * FROM `tb_bd` WHERE ( bdid=16 ) LIMIT 1   [ RunTime:0.000277s ]
SQL: SELECT * FROM `tb_bd` ORDER BY bdodr ASC  [ RunTime:0.000145s ]
SQL: SELECT COUNT(*) AS tp_count FROM `tb_atc` WHERE ( atcps=1 AND atcvw=1 AND atcnw=0  AND (f_atc_bdid=16) ) ORDER BY atctp DESC,atcmdftm DESC LIMIT 1   [ RunTime:0.000128s ]
SQL: SELECT `atcid`,`atctpc`,`atcmdftm`,`atctp` FROM `tb_atc` WHERE ( atcps=1 AND atcvw=1 AND atcnw=0 AND (f_atc_bdid=16) ) ORDER BY atctp DESC,atcmdftm DESC LIMIT 0,10   [ RunTime:0.000161s ]
INFO: [ view_parse ] --START--
NOTIC: [8] Undefined variable: ntfa D:\Program Files\Apache Software Foundation\Apache2.2\htdocs\xx\index\Runtime\Cache\fcd7ec07ca93d24740240bc6bdf08acd.php 第 90 行.
INFO: ParseTemplate Behavior ::run [ RunTime:0.064893s ]
INFO: [ view_parse ] --END-- [ RunTime:0.065053s ]
INFO: [ view_filter ] --START--
INFO: ContentReplace Behavior ::run [ RunTime:0.007147s ]
INFO: TokenBuild Behavior ::run [ RunTime:0.007084s ]
INFO: WriteHtmlCache Behavior ::run [ RunTime:0.006851s ]
INFO: ShowRuntime Behavior ::run [ RunTime:0.008304s ]
INFO: [ view_filter ] --END-- [ RunTime:0.029743s ]
INFO: [ view_end ] --START--
INFO: ShowPageTrace Behavior ::run [ RunTime:0.007506s ]
INFO: [ view_end ] --END-- [ RunTime:0.007640s ]

[ 2015-10-01T19:33:35+08:00 ] 42.156.138.44 /xx/index.php/Atc/query/atcanc/1
INFO: [ route_check ] --START--
INFO: CheckRoute Behavior ::run [ RunTime:0.007876s ]
INFO: [ route_check ] --END-- [ RunTime:0.008032s ]
INFO: [ app_begin ] --START--
INFO: ReadHtmlCache Behavior ::run [ RunTime:0.007831s ]
INFO: [ app_begin ] --END-- [ RunTime:0.007957s ]
SQL: SHOW COLUMNS FROM `tb_cstmusr` [ RunTime:0.003319s ]
SQL: SELECT * FROM `tb_cstmusr` WHERE ( cstmusrid= ) LIMIT 1   [ RunTime:0.000426s ]
ERR: 1064:You have an error in your SQL syntax; check the manual that corresponds to your MySQL server version for the right syntax to use near ') LIMIT 1' at line 1
 [ SQL语句 ] : SELECT * FROM `tb_cstmusr` WHERE ( cstmusrid= ) LIMIT 1  
SQL: SHOW COLUMNS FROM `tb_bd` [ RunTime:0.002728s ]
SQL: SELECT * FROM `tb_bd` ORDER BY bdodr ASC  [ RunTime:0.000547s ]
SQL: SHOW COLUMNS FROM `tb_atc` [ RunTime:0.003166s ]
SQL: SELECT COUNT(*) AS tp_count FROM `tb_atc` WHERE ( atcps=1 AND atcvw=1 AND atcnw=0  AND (atcanc=1) ) ORDER BY atctp DESC,atcmdftm DESC LIMIT 1   [ RunTime:0.000486s ]
SQL: SELECT `atcid`,`atctpc`,`atcmdftm`,`atctp` FROM `tb_atc` WHERE ( atcps=1 AND atcvw=1 AND atcnw=0 AND (atcanc=1) ) ORDER BY atctp DESC,atcmdftm DESC LIMIT 0,10   [ RunTime:0.000388s ]
INFO: [ view_parse ] --START--
NOTIC: [8] Undefined variable: ntfa D:\Program Files\Apache Software Foundation\Apache2.2\htdocs\xx\index\Runtime\Cache\fcd7ec07ca93d24740240bc6bdf08acd.php 第 90 行.
INFO: ParseTemplate Behavior ::run [ RunTime:0.064035s ]
INFO: [ view_parse ] --END-- [ RunTime:0.064192s ]
INFO: [ view_filter ] --START--
INFO: ContentReplace Behavior ::run [ RunTime:0.007784s ]
INFO: TokenBuild Behavior ::run [ RunTime:0.007079s ]
INFO: WriteHtmlCache Behavior ::run [ RunTime:0.007028s ]
INFO: ShowRuntime Behavior ::run [ RunTime:0.007222s ]
INFO: [ view_filter ] --END-- [ RunTime:0.029525s ]
INFO: [ view_end ] --START--
INFO: ShowPageTrace Behavior ::run [ RunTime:0.007572s ]
INFO: [ view_end ] --END-- [ RunTime:0.007709s ]

[ 2015-10-01T19:33:38+08:00 ] 42.156.136.44 /xx/index.php/Atc/query/bdid/18
INFO: [ route_check ] --START--
INFO: CheckRoute Behavior ::run [ RunTime:0.007866s ]
INFO: [ route_check ] --END-- [ RunTime:0.008020s ]
INFO: [ app_begin ] --START--
INFO: ReadHtmlCache Behavior ::run [ RunTime:0.007413s ]
INFO: [ app_begin ] --END-- [ RunTime:0.007545s ]
SQL: SHOW COLUMNS FROM `tb_cstmusr` [ RunTime:0.002806s ]
SQL: SELECT * FROM `tb_cstmusr` WHERE ( cstmusrid= ) LIMIT 1   [ RunTime:0.000425s ]
ERR: 1064:You have an error in your SQL syntax; check the manual that corresponds to your MySQL server version for the right syntax to use near ') LIMIT 1' at line 1
 [ SQL语句 ] : SELECT * FROM `tb_cstmusr` WHERE ( cstmusrid= ) LIMIT 1  
SQL: SHOW COLUMNS FROM `tb_bd` [ RunTime:0.002320s ]
SQL: SELECT * FROM `tb_bd` ORDER BY bdodr ASC  [ RunTime:0.000555s ]
SQL: SHOW COLUMNS FROM `tb_atc` [ RunTime:0.002755s ]
NOTIC: [8] Undefined index:  atcanc D:\Program Files\Apache Software Foundation\Apache2.2\htdocs\xx\index\Lib\Action\AtcAction.class.php 第 157 行.
NOTIC: [8] Undefined index:  atcdnmc D:\Program Files\Apache Software Foundation\Apache2.2\htdocs\xx\index\Lib\Action\AtcAction.class.php 第 161 行.
NOTIC: [8] Undefined index:  atckw D:\Program Files\Apache Software Foundation\Apache2.2\htdocs\xx\index\Lib\Action\AtcAction.class.php 第 165 行.
SQL: SELECT * FROM `tb_bd` WHERE ( bdid=18 ) LIMIT 1   [ RunTime:0.000164s ]
SQL: SELECT * FROM `tb_bd` ORDER BY bdodr ASC  [ RunTime:0.000149s ]
SQL: SELECT COUNT(*) AS tp_count FROM `tb_atc` WHERE ( atcps=1 AND atcvw=1 AND atcnw=0  AND (f_atc_bdid=18) ) ORDER BY atctp DESC,atcmdftm DESC LIMIT 1   [ RunTime:0.000127s ]
SQL: SELECT `atcid`,`atctpc`,`atcmdftm`,`atctp` FROM `tb_atc` WHERE ( atcps=1 AND atcvw=1 AND atcnw=0 AND (f_atc_bdid=18) ) ORDER BY atctp DESC,atcmdftm DESC LIMIT 0,10   [ RunTime:0.000151s ]
INFO: [ view_parse ] --START--
NOTIC: [8] Undefined variable: ntfa D:\Program Files\Apache Software Foundation\Apache2.2\htdocs\xx\index\Runtime\Cache\fcd7ec07ca93d24740240bc6bdf08acd.php 第 90 行.
INFO: ParseTemplate Behavior ::run [ RunTime:0.064371s ]
INFO: [ view_parse ] --END-- [ RunTime:0.064534s ]
INFO: [ view_filter ] --START--
INFO: ContentReplace Behavior ::run [ RunTime:0.007385s ]
INFO: TokenBuild Behavior ::run [ RunTime:0.007056s ]
INFO: WriteHtmlCache Behavior ::run [ RunTime:0.006884s ]
INFO: ShowRuntime Behavior ::run [ RunTime:0.007198s ]
INFO: [ view_filter ] --END-- [ RunTime:0.028860s ]
INFO: [ view_end ] --START--
INFO: ShowPageTrace Behavior ::run [ RunTime:0.007556s ]
INFO: [ view_end ] --END-- [ RunTime:0.007690s ]

