[ 2015-12-02T05:54:28+08:00 ] 157.55.39.243 /xx/index.php/Atc/query/bdid/17
INFO: [ route_check ] --START--
INFO: CheckRoute Behavior ::run [ RunTime:0.008000s ]
INFO: [ route_check ] --END-- [ RunTime:0.008158s ]
INFO: [ app_begin ] --START--
INFO: ReadHtmlCache Behavior ::run [ RunTime:0.007397s ]
INFO: [ app_begin ] --END-- [ RunTime:0.007522s ]
SQL: SHOW COLUMNS FROM `tb_cstmusr` [ RunTime:0.003147s ]
SQL: SELECT * FROM `tb_cstmusr` WHERE ( cstmusrid= ) LIMIT 1   [ RunTime:0.000552s ]
ERR: 1064:You have an error in your SQL syntax; check the manual that corresponds to your MySQL server version for the right syntax to use near ') LIMIT 1' at line 1
 [ SQL语句 ] : SELECT * FROM `tb_cstmusr` WHERE ( cstmusrid= ) LIMIT 1  
SQL: SHOW COLUMNS FROM `tb_bd` [ RunTime:0.002808s ]
SQL: SELECT * FROM `tb_bd` ORDER BY bdodr ASC  [ RunTime:0.000564s ]
SQL: SHOW COLUMNS FROM `tb_atc` [ RunTime:0.003235s ]
NOTIC: [8] Undefined index:  atcanc D:\Program Files\Apache Software Foundation\Apache2.2\htdocs\xx\index\Lib\Action\AtcAction.class.php 第 157 行.
NOTIC: [8] Undefined index:  atcdnmc D:\Program Files\Apache Software Foundation\Apache2.2\htdocs\xx\index\Lib\Action\AtcAction.class.php 第 161 行.
NOTIC: [8] Undefined index:  atckw D:\Program Files\Apache Software Foundation\Apache2.2\htdocs\xx\index\Lib\Action\AtcAction.class.php 第 165 行.
SQL: SELECT * FROM `tb_bd` WHERE ( bdid=17 ) LIMIT 1   [ RunTime:0.000304s ]
SQL: SELECT * FROM `tb_bd` ORDER BY bdodr ASC  [ RunTime:0.000137s ]
SQL: SELECT COUNT(*) AS tp_count FROM `tb_atc` WHERE ( atcps=1 AND atcvw=1 AND atcnw=0  AND (f_atc_bdid=17) ) ORDER BY atctp DESC,atcmdftm DESC LIMIT 1   [ RunTime:0.000125s ]
SQL: SELECT `atcid`,`atctpc`,`atcmdftm`,`atctp` FROM `tb_atc` WHERE ( atcps=1 AND atcvw=1 AND atcnw=0 AND (f_atc_bdid=17) ) ORDER BY atctp DESC,atcmdftm DESC LIMIT 0,10   [ RunTime:0.000161s ]
INFO: [ view_parse ] --START--
NOTIC: [8] Undefined variable: ntfa D:\Program Files\Apache Software Foundation\Apache2.2\htdocs\xx\index\Runtime\Cache\fcd7ec07ca93d24740240bc6bdf08acd.php 第 90 行.
INFO: ParseTemplate Behavior ::run [ RunTime:0.065225s ]
INFO: [ view_parse ] --END-- [ RunTime:0.065387s ]
INFO: [ view_filter ] --START--
INFO: ContentReplace Behavior ::run [ RunTime:0.007261s ]
INFO: TokenBuild Behavior ::run [ RunTime:0.007275s ]
INFO: WriteHtmlCache Behavior ::run [ RunTime:0.007092s ]
INFO: ShowRuntime Behavior ::run [ RunTime:0.007314s ]
INFO: [ view_filter ] --END-- [ RunTime:0.029293s ]
INFO: [ view_end ] --START--
INFO: ShowPageTrace Behavior ::run [ RunTime:0.007587s ]
INFO: [ view_end ] --END-- [ RunTime:0.007721s ]

[ 2015-12-02T15:26:31+08:00 ] 157.55.39.39 /xx/index.php/Atc/query/bdid/15
INFO: [ route_check ] --START--
INFO: CheckRoute Behavior ::run [ RunTime:0.008434s ]
INFO: [ route_check ] --END-- [ RunTime:0.008607s ]
INFO: [ app_begin ] --START--
INFO: ReadHtmlCache Behavior ::run [ RunTime:0.007487s ]
INFO: [ app_begin ] --END-- [ RunTime:0.007613s ]
SQL: SHOW COLUMNS FROM `tb_cstmusr` [ RunTime:0.003144s ]
SQL: SELECT * FROM `tb_cstmusr` WHERE ( cstmusrid= ) LIMIT 1   [ RunTime:0.000443s ]
ERR: 1064:You have an error in your SQL syntax; check the manual that corresponds to your MySQL server version for the right syntax to use near ') LIMIT 1' at line 1
 [ SQL语句 ] : SELECT * FROM `tb_cstmusr` WHERE ( cstmusrid= ) LIMIT 1  
SQL: SHOW COLUMNS FROM `tb_bd` [ RunTime:0.002828s ]
SQL: SELECT * FROM `tb_bd` ORDER BY bdodr ASC  [ RunTime:0.000809s ]
SQL: SHOW COLUMNS FROM `tb_atc` [ RunTime:0.003195s ]
NOTIC: [8] Undefined index:  atcanc D:\Program Files\Apache Software Foundation\Apache2.2\htdocs\xx\index\Lib\Action\AtcAction.class.php 第 157 行.
NOTIC: [8] Undefined index:  atcdnmc D:\Program Files\Apache Software Foundation\Apache2.2\htdocs\xx\index\Lib\Action\AtcAction.class.php 第 161 行.
NOTIC: [8] Undefined index:  atckw D:\Program Files\Apache Software Foundation\Apache2.2\htdocs\xx\index\Lib\Action\AtcAction.class.php 第 165 行.
SQL: SELECT * FROM `tb_bd` WHERE ( bdid=15 ) LIMIT 1   [ RunTime:0.000211s ]
SQL: SELECT * FROM `tb_bd` ORDER BY bdodr ASC  [ RunTime:0.000149s ]
SQL: SELECT COUNT(*) AS tp_count FROM `tb_atc` WHERE ( atcps=1 AND atcvw=1 AND atcnw=0  AND (f_atc_bdid=15) ) ORDER BY atctp DESC,atcmdftm DESC LIMIT 1   [ RunTime:0.000128s ]
SQL: SELECT `atcid`,`atctpc`,`atcmdftm`,`atctp` FROM `tb_atc` WHERE ( atcps=1 AND atcvw=1 AND atcnw=0 AND (f_atc_bdid=15) ) ORDER BY atctp DESC,atcmdftm DESC LIMIT 0,10   [ RunTime:0.000160s ]
INFO: [ view_parse ] --START--
NOTIC: [8] Undefined variable: ntfa D:\Program Files\Apache Software Foundation\Apache2.2\htdocs\xx\index\Runtime\Cache\fcd7ec07ca93d24740240bc6bdf08acd.php 第 90 行.
INFO: ParseTemplate Behavior ::run [ RunTime:0.066062s ]
INFO: [ view_parse ] --END-- [ RunTime:0.066224s ]
INFO: [ view_filter ] --START--
INFO: ContentReplace Behavior ::run [ RunTime:0.007453s ]
INFO: TokenBuild Behavior ::run [ RunTime:0.007405s ]
INFO: WriteHtmlCache Behavior ::run [ RunTime:0.007055s ]
INFO: ShowRuntime Behavior ::run [ RunTime:0.007313s ]
INFO: [ view_filter ] --END-- [ RunTime:0.029600s ]
INFO: [ view_end ] --START--
INFO: ShowPageTrace Behavior ::run [ RunTime:0.007683s ]
INFO: [ view_end ] --END-- [ RunTime:0.007817s ]

[ 2015-12-02T19:20:19+08:00 ] 42.156.136.46 /xx/index.php/Atc/query/bdid/21
INFO: [ route_check ] --START--
INFO: CheckRoute Behavior ::run [ RunTime:0.008035s ]
INFO: [ route_check ] --END-- [ RunTime:0.008195s ]
INFO: [ app_begin ] --START--
INFO: ReadHtmlCache Behavior ::run [ RunTime:0.007443s ]
INFO: [ app_begin ] --END-- [ RunTime:0.007567s ]
SQL: SHOW COLUMNS FROM `tb_cstmusr` [ RunTime:0.003135s ]
SQL: SELECT * FROM `tb_cstmusr` WHERE ( cstmusrid= ) LIMIT 1   [ RunTime:0.000411s ]
ERR: 1064:You have an error in your SQL syntax; check the manual that corresponds to your MySQL server version for the right syntax to use near ') LIMIT 1' at line 1
 [ SQL语句 ] : SELECT * FROM `tb_cstmusr` WHERE ( cstmusrid= ) LIMIT 1  
SQL: SHOW COLUMNS FROM `tb_bd` [ RunTime:0.003311s ]
SQL: SELECT * FROM `tb_bd` ORDER BY bdodr ASC  [ RunTime:0.000157s ]
SQL: SHOW COLUMNS FROM `tb_atc` [ RunTime:0.003122s ]
NOTIC: [8] Undefined index:  atcanc D:\Program Files\Apache Software Foundation\Apache2.2\htdocs\xx\index\Lib\Action\AtcAction.class.php 第 157 行.
NOTIC: [8] Undefined index:  atcdnmc D:\Program Files\Apache Software Foundation\Apache2.2\htdocs\xx\index\Lib\Action\AtcAction.class.php 第 161 行.
NOTIC: [8] Undefined index:  atckw D:\Program Files\Apache Software Foundation\Apache2.2\htdocs\xx\index\Lib\Action\AtcAction.class.php 第 165 行.
SQL: SELECT * FROM `tb_bd` WHERE ( bdid=21 ) LIMIT 1   [ RunTime:0.000285s ]
SQL: SELECT * FROM `tb_bd` ORDER BY bdodr ASC  [ RunTime:0.000137s ]
SQL: SELECT COUNT(*) AS tp_count FROM `tb_atc` WHERE ( atcps=1 AND atcvw=1 AND atcnw=0  AND (f_atc_bdid=21) ) ORDER BY atctp DESC,atcmdftm DESC LIMIT 1   [ RunTime:0.000342s ]
SQL: SELECT `atcid`,`atctpc`,`atcmdftm`,`atctp` FROM `tb_atc` WHERE ( atcps=1 AND atcvw=1 AND atcnw=0 AND (f_atc_bdid=21) ) ORDER BY atctp DESC,atcmdftm DESC LIMIT 0,10   [ RunTime:0.000332s ]
INFO: [ view_parse ] --START--
NOTIC: [8] Undefined variable: ntfa D:\Program Files\Apache Software Foundation\Apache2.2\htdocs\xx\index\Runtime\Cache\fcd7ec07ca93d24740240bc6bdf08acd.php 第 90 行.
INFO: ParseTemplate Behavior ::run [ RunTime:0.065351s ]
INFO: [ view_parse ] --END-- [ RunTime:0.065513s ]
INFO: [ view_filter ] --START--
INFO: ContentReplace Behavior ::run [ RunTime:0.007307s ]
INFO: TokenBuild Behavior ::run [ RunTime:0.007233s ]
INFO: WriteHtmlCache Behavior ::run [ RunTime:0.003906s ]
INFO: ShowRuntime Behavior ::run [ RunTime:0.007410s ]
INFO: [ view_filter ] --END-- [ RunTime:0.026208s ]
INFO: [ view_end ] --START--
INFO: ShowPageTrace Behavior ::run [ RunTime:0.007659s ]
INFO: [ view_end ] --END-- [ RunTime:0.007794s ]

[ 2015-12-02T19:20:36+08:00 ] 42.156.136.46 /xx/index.php/Atc/view/atcid/20
INFO: [ route_check ] --START--
INFO: CheckRoute Behavior ::run [ RunTime:0.009097s ]
INFO: [ route_check ] --END-- [ RunTime:0.009346s ]
INFO: [ app_begin ] --START--
INFO: ReadHtmlCache Behavior ::run [ RunTime:0.009144s ]
INFO: [ app_begin ] --END-- [ RunTime:0.009343s ]
SQL: SHOW COLUMNS FROM `tb_cstmusr` [ RunTime:0.002652s ]
SQL: SELECT * FROM `tb_cstmusr` WHERE ( cstmusrid= ) LIMIT 1   [ RunTime:0.000384s ]
ERR: 1064:You have an error in your SQL syntax; check the manual that corresponds to your MySQL server version for the right syntax to use near ') LIMIT 1' at line 1
 [ SQL语句 ] : SELECT * FROM `tb_cstmusr` WHERE ( cstmusrid= ) LIMIT 1  
SQL: SHOW COLUMNS FROM `tb_bd` [ RunTime:0.002316s ]
SQL: SELECT * FROM `tb_bd` ORDER BY bdodr ASC  [ RunTime:0.000606s ]
SQL: SHOW COLUMNS FROM `tb_atc` [ RunTime:0.002856s ]
SQL: SELECT * FROM `tb_atc` LEFT JOIN tb_bd ON f_atc_bdid=bdid WHERE ( atcid=20 ) LIMIT 1   [ RunTime:0.001334s ]
SQL: SELECT * FROM `tb_bd` ORDER BY bdodr ASC  [ RunTime:0.000146s ]
SQL: UPDATE `tb_atc` SET `atccnt`=428 WHERE ( atcid=20 ) [ RunTime:0.020432s ]
NOTIC: [8] Undefined variable: alt D:\Program Files\Apache Software Foundation\Apache2.2\htdocs\xx\index\Lib\Action\AtcAction.class.php 第 62 行.
SQL: SHOW COLUMNS FROM `tb_sys` [ RunTime:0.002751s ]
SQL: SELECT * FROM `tb_sys` LIMIT 1   [ RunTime:0.000701s ]
SQL: SHOW COLUMNS FROM `tb_cstmatcclct` [ RunTime:0.013919s ]
SQL: SHOW COLUMNS FROM `tb_cstmcmt` [ RunTime:0.007372s ]
SQL: SELECT * FROM `tb_cstmcmt` LEFT JOIN tb_cstmusr ON f_cstmcmt_cstmusrid=cstmusrid LEFT JOIN tb_atc ON f_cstmcmt_atcid=atcid WHERE ( atcid=20 ) ORDER BY cstmcmttm DESC LIMIT 0,5   [ RunTime:0.000892s ]
SQL: SELECT COUNT(*) AS tp_count FROM `tb_cstmcmt` LEFT JOIN tb_cstmusr ON f_cstmcmt_cstmusrid=cstmusrid LEFT JOIN tb_atc ON f_cstmcmt_atcid=atcid WHERE ( atcid=20 ) ORDER BY cstmcmttm DESC LIMIT 1   [ RunTime:0.000271s ]
SQL: SELECT * FROM `tb_cstmcmt` LEFT JOIN tb_cstmusr ON f_cstmcmt_cstmusrid=cstmusrid WHERE ( f_cstmcmt_atcid=20 ) ORDER BY cstmcmttm ASC LIMIT 5,1   [ RunTime:0.000308s ]
INFO: [ view_parse ] --START--
NOTIC: [8] Undefined variable: ntfa D:\Program Files\Apache Software Foundation\Apache2.2\htdocs\xx\index\Runtime\Cache\e1f176339d87a8d3780543272ba5120d.php 第 92 行.
INFO: ParseTemplate Behavior ::run [ RunTime:0.081922s ]
INFO: [ view_parse ] --END-- [ RunTime:0.082073s ]
INFO: [ view_filter ] --START--
INFO: ContentReplace Behavior ::run [ RunTime:0.007886s ]
INFO: TokenBuild Behavior ::run [ RunTime:0.007266s ]
INFO: WriteHtmlCache Behavior ::run [ RunTime:0.002250s ]
INFO: ShowRuntime Behavior ::run [ RunTime:0.007581s ]
INFO: [ view_filter ] --END-- [ RunTime:0.025481s ]
INFO: [ view_end ] --START--
INFO: ShowPageTrace Behavior ::run [ RunTime:0.007692s ]
INFO: [ view_end ] --END-- [ RunTime:0.007808s ]

[ 2015-12-02T23:56:59+08:00 ] 157.55.39.243 /xx/index.php/Atc/query/bdid/17
INFO: [ route_check ] --START--
INFO: CheckRoute Behavior ::run [ RunTime:0.008558s ]
INFO: [ route_check ] --END-- [ RunTime:0.008736s ]
INFO: [ app_begin ] --START--
INFO: ReadHtmlCache Behavior ::run [ RunTime:0.007603s ]
INFO: [ app_begin ] --END-- [ RunTime:0.007730s ]
SQL: SHOW COLUMNS FROM `tb_cstmusr` [ RunTime:0.003553s ]
SQL: SELECT * FROM `tb_cstmusr` WHERE ( cstmusrid= ) LIMIT 1   [ RunTime:0.000346s ]
ERR: 1064:You have an error in your SQL syntax; check the manual that corresponds to your MySQL server version for the right syntax to use near ') LIMIT 1' at line 1
 [ SQL语句 ] : SELECT * FROM `tb_cstmusr` WHERE ( cstmusrid= ) LIMIT 1  
SQL: SHOW COLUMNS FROM `tb_bd` [ RunTime:0.004296s ]
SQL: SELECT * FROM `tb_bd` ORDER BY bdodr ASC  [ RunTime:0.000174s ]
SQL: SHOW COLUMNS FROM `tb_atc` [ RunTime:0.003333s ]
NOTIC: [8] Undefined index:  atcanc D:\Program Files\Apache Software Foundation\Apache2.2\htdocs\xx\index\Lib\Action\AtcAction.class.php 第 157 行.
NOTIC: [8] Undefined index:  atcdnmc D:\Program Files\Apache Software Foundation\Apache2.2\htdocs\xx\index\Lib\Action\AtcAction.class.php 第 161 行.
NOTIC: [8] Undefined index:  atckw D:\Program Files\Apache Software Foundation\Apache2.2\htdocs\xx\index\Lib\Action\AtcAction.class.php 第 165 行.
SQL: SELECT * FROM `tb_bd` WHERE ( bdid=17 ) LIMIT 1   [ RunTime:0.000278s ]
SQL: SELECT * FROM `tb_bd` ORDER BY bdodr ASC  [ RunTime:0.000149s ]
SQL: SELECT COUNT(*) AS tp_count FROM `tb_atc` WHERE ( atcps=1 AND atcvw=1 AND atcnw=0  AND (f_atc_bdid=17) ) ORDER BY atctp DESC,atcmdftm DESC LIMIT 1   [ RunTime:0.000349s ]
SQL: SELECT `atcid`,`atctpc`,`atcmdftm`,`atctp` FROM `tb_atc` WHERE ( atcps=1 AND atcvw=1 AND atcnw=0 AND (f_atc_bdid=17) ) ORDER BY atctp DESC,atcmdftm DESC LIMIT 0,10   [ RunTime:0.000368s ]
INFO: [ view_parse ] --START--
NOTIC: [8] Undefined variable: ntfa D:\Program Files\Apache Software Foundation\Apache2.2\htdocs\xx\index\Runtime\Cache\fcd7ec07ca93d24740240bc6bdf08acd.php 第 90 行.
INFO: ParseTemplate Behavior ::run [ RunTime:0.058909s ]
INFO: [ view_parse ] --END-- [ RunTime:0.059070s ]
INFO: [ view_filter ] --START--
INFO: ContentReplace Behavior ::run [ RunTime:0.004278s ]
INFO: TokenBuild Behavior ::run [ RunTime:0.007238s ]
INFO: WriteHtmlCache Behavior ::run [ RunTime:0.007105s ]
INFO: ShowRuntime Behavior ::run [ RunTime:0.007369s ]
INFO: [ view_filter ] --END-- [ RunTime:0.026339s ]
INFO: [ view_end ] --START--
INFO: ShowPageTrace Behavior ::run [ RunTime:0.004421s ]
INFO: [ view_end ] --END-- [ RunTime:0.004554s ]

