[ 2015-12-05T19:23:29+08:00 ] 42.156.139.46 /xx/index.php/Atc/query/bdid/17
INFO: [ route_check ] --START--
INFO: CheckRoute Behavior ::run [ RunTime:0.008078s ]
INFO: [ route_check ] --END-- [ RunTime:0.008236s ]
INFO: [ app_begin ] --START--
INFO: ReadHtmlCache Behavior ::run [ RunTime:0.007461s ]
INFO: [ app_begin ] --END-- [ RunTime:0.007591s ]
SQL: SHOW COLUMNS FROM `tb_cstmusr` [ RunTime:0.003052s ]
SQL: SELECT * FROM `tb_cstmusr` WHERE ( cstmusrid= ) LIMIT 1   [ RunTime:0.000443s ]
ERR: 1064:You have an error in your SQL syntax; check the manual that corresponds to your MySQL server version for the right syntax to use near ') LIMIT 1' at line 1
 [ SQL语句 ] : SELECT * FROM `tb_cstmusr` WHERE ( cstmusrid= ) LIMIT 1  
SQL: SHOW COLUMNS FROM `tb_bd` [ RunTime:0.002781s ]
SQL: SELECT * FROM `tb_bd` ORDER BY bdodr ASC  [ RunTime:0.000608s ]
SQL: SHOW COLUMNS FROM `tb_atc` [ RunTime:0.003342s ]
NOTIC: [8] Undefined index:  atcanc D:\Program Files\Apache Software Foundation\Apache2.2\htdocs\xx\index\Lib\Action\AtcAction.class.php 第 157 行.
NOTIC: [8] Undefined index:  atcdnmc D:\Program Files\Apache Software Foundation\Apache2.2\htdocs\xx\index\Lib\Action\AtcAction.class.php 第 161 行.
NOTIC: [8] Undefined index:  atckw D:\Program Files\Apache Software Foundation\Apache2.2\htdocs\xx\index\Lib\Action\AtcAction.class.php 第 165 行.
SQL: SELECT * FROM `tb_bd` WHERE ( bdid=17 ) LIMIT 1   [ RunTime:0.000175s ]
SQL: SELECT * FROM `tb_bd` ORDER BY bdodr ASC  [ RunTime:0.000136s ]
SQL: SELECT COUNT(*) AS tp_count FROM `tb_atc` WHERE ( atcps=1 AND atcvw=1 AND atcnw=0  AND (f_atc_bdid=17) ) ORDER BY atctp DESC,atcmdftm DESC LIMIT 1   [ RunTime:0.000219s ]
SQL: SELECT `atcid`,`atctpc`,`atcmdftm`,`atctp` FROM `tb_atc` WHERE ( atcps=1 AND atcvw=1 AND atcnw=0 AND (f_atc_bdid=17) ) ORDER BY atctp DESC,atcmdftm DESC LIMIT 0,10   [ RunTime:0.000165s ]
INFO: [ view_parse ] --START--
NOTIC: [8] Undefined variable: ntfa D:\Program Files\Apache Software Foundation\Apache2.2\htdocs\xx\index\Runtime\Cache\fcd7ec07ca93d24740240bc6bdf08acd.php 第 90 行.
INFO: ParseTemplate Behavior ::run [ RunTime:0.064694s ]
INFO: [ view_parse ] --END-- [ RunTime:0.064855s ]
INFO: [ view_filter ] --START--
INFO: ContentReplace Behavior ::run [ RunTime:0.007378s ]
INFO: TokenBuild Behavior ::run [ RunTime:0.007249s ]
INFO: WriteHtmlCache Behavior ::run [ RunTime:0.003898s ]
INFO: ShowRuntime Behavior ::run [ RunTime:0.007540s ]
INFO: [ view_filter ] --END-- [ RunTime:0.026414s ]
INFO: [ view_end ] --START--
INFO: ShowPageTrace Behavior ::run [ RunTime:0.007560s ]
INFO: [ view_end ] --END-- [ RunTime:0.007695s ]

[ 2015-12-05T19:23:37+08:00 ] 42.156.137.46 /xx/index.php/Atc/query/bdid/15
INFO: [ route_check ] --START--
INFO: CheckRoute Behavior ::run [ RunTime:0.008044s ]
INFO: [ route_check ] --END-- [ RunTime:0.008249s ]
INFO: [ app_begin ] --START--
INFO: ReadHtmlCache Behavior ::run [ RunTime:0.007437s ]
INFO: [ app_begin ] --END-- [ RunTime:0.007563s ]
SQL: SHOW COLUMNS FROM `tb_cstmusr` [ RunTime:0.002728s ]
SQL: SELECT * FROM `tb_cstmusr` WHERE ( cstmusrid= ) LIMIT 1   [ RunTime:0.000303s ]
ERR: 1064:You have an error in your SQL syntax; check the manual that corresponds to your MySQL server version for the right syntax to use near ') LIMIT 1' at line 1
 [ SQL语句 ] : SELECT * FROM `tb_cstmusr` WHERE ( cstmusrid= ) LIMIT 1  
SQL: SHOW COLUMNS FROM `tb_bd` [ RunTime:0.002272s ]
SQL: SELECT * FROM `tb_bd` ORDER BY bdodr ASC  [ RunTime:0.000625s ]
SQL: SHOW COLUMNS FROM `tb_atc` [ RunTime:0.002737s ]
NOTIC: [8] Undefined index:  atcanc D:\Program Files\Apache Software Foundation\Apache2.2\htdocs\xx\index\Lib\Action\AtcAction.class.php 第 157 行.
NOTIC: [8] Undefined index:  atcdnmc D:\Program Files\Apache Software Foundation\Apache2.2\htdocs\xx\index\Lib\Action\AtcAction.class.php 第 161 行.
NOTIC: [8] Undefined index:  atckw D:\Program Files\Apache Software Foundation\Apache2.2\htdocs\xx\index\Lib\Action\AtcAction.class.php 第 165 行.
SQL: SELECT * FROM `tb_bd` WHERE ( bdid=15 ) LIMIT 1   [ RunTime:0.000508s ]
SQL: SELECT * FROM `tb_bd` ORDER BY bdodr ASC  [ RunTime:0.000141s ]
SQL: SELECT COUNT(*) AS tp_count FROM `tb_atc` WHERE ( atcps=1 AND atcvw=1 AND atcnw=0  AND (f_atc_bdid=15) ) ORDER BY atctp DESC,atcmdftm DESC LIMIT 1   [ RunTime:0.000144s ]
SQL: SELECT `atcid`,`atctpc`,`atcmdftm`,`atctp` FROM `tb_atc` WHERE ( atcps=1 AND atcvw=1 AND atcnw=0 AND (f_atc_bdid=15) ) ORDER BY atctp DESC,atcmdftm DESC LIMIT 0,10   [ RunTime:0.000183s ]
INFO: [ view_parse ] --START--
NOTIC: [8] Undefined variable: ntfa D:\Program Files\Apache Software Foundation\Apache2.2\htdocs\xx\index\Runtime\Cache\fcd7ec07ca93d24740240bc6bdf08acd.php 第 90 行.
INFO: ParseTemplate Behavior ::run [ RunTime:0.064689s ]
INFO: [ view_parse ] --END-- [ RunTime:0.064855s ]
INFO: [ view_filter ] --START--
INFO: ContentReplace Behavior ::run [ RunTime:0.008144s ]
INFO: TokenBuild Behavior ::run [ RunTime:0.009382s ]
INFO: WriteHtmlCache Behavior ::run [ RunTime:0.002657s ]
INFO: ShowRuntime Behavior ::run [ RunTime:0.008996s ]
INFO: [ view_filter ] --END-- [ RunTime:0.030275s ]
INFO: [ view_end ] --START--
INFO: ShowPageTrace Behavior ::run [ RunTime:0.007916s ]
INFO: [ view_end ] --END-- [ RunTime:0.008061s ]

[ 2015-12-05T19:23:43+08:00 ] 42.156.139.46 /xx/index.php/Atc/query/bdid/22
INFO: [ route_check ] --START--
INFO: CheckRoute Behavior ::run [ RunTime:0.008327s ]
INFO: [ route_check ] --END-- [ RunTime:0.008505s ]
INFO: [ app_begin ] --START--
INFO: ReadHtmlCache Behavior ::run [ RunTime:0.004390s ]
INFO: [ app_begin ] --END-- [ RunTime:0.004516s ]
SQL: SHOW COLUMNS FROM `tb_cstmusr` [ RunTime:0.002706s ]
SQL: SELECT * FROM `tb_cstmusr` WHERE ( cstmusrid= ) LIMIT 1   [ RunTime:0.000282s ]
ERR: 1064:You have an error in your SQL syntax; check the manual that corresponds to your MySQL server version for the right syntax to use near ') LIMIT 1' at line 1
 [ SQL语句 ] : SELECT * FROM `tb_cstmusr` WHERE ( cstmusrid= ) LIMIT 1  
SQL: SHOW COLUMNS FROM `tb_bd` [ RunTime:0.002455s ]
SQL: SELECT * FROM `tb_bd` ORDER BY bdodr ASC  [ RunTime:0.000580s ]
SQL: SHOW COLUMNS FROM `tb_atc` [ RunTime:0.002745s ]
NOTIC: [8] Undefined index:  atcanc D:\Program Files\Apache Software Foundation\Apache2.2\htdocs\xx\index\Lib\Action\AtcAction.class.php 第 157 行.
NOTIC: [8] Undefined index:  atcdnmc D:\Program Files\Apache Software Foundation\Apache2.2\htdocs\xx\index\Lib\Action\AtcAction.class.php 第 161 行.
NOTIC: [8] Undefined index:  atckw D:\Program Files\Apache Software Foundation\Apache2.2\htdocs\xx\index\Lib\Action\AtcAction.class.php 第 165 行.
SQL: SELECT * FROM `tb_bd` WHERE ( bdid=22 ) LIMIT 1   [ RunTime:0.000310s ]
SQL: SELECT * FROM `tb_bd` ORDER BY bdodr ASC  [ RunTime:0.000138s ]
SQL: SELECT COUNT(*) AS tp_count FROM `tb_atc` WHERE ( atcps=1 AND atcvw=1 AND atcnw=0  AND (f_atc_bdid=22) ) ORDER BY atctp DESC,atcmdftm DESC LIMIT 1   [ RunTime:0.000126s ]
SQL: SELECT `atcid`,`atctpc`,`atcmdftm`,`atctp` FROM `tb_atc` WHERE ( atcps=1 AND atcvw=1 AND atcnw=0 AND (f_atc_bdid=22) ) ORDER BY atctp DESC,atcmdftm DESC LIMIT 0,10   [ RunTime:0.000153s ]
INFO: [ view_parse ] --START--
NOTIC: [8] Undefined variable: ntfa D:\Program Files\Apache Software Foundation\Apache2.2\htdocs\xx\index\Runtime\Cache\fcd7ec07ca93d24740240bc6bdf08acd.php 第 90 行.
INFO: ParseTemplate Behavior ::run [ RunTime:0.058260s ]
INFO: [ view_parse ] --END-- [ RunTime:0.058423s ]
INFO: [ view_filter ] --START--
INFO: ContentReplace Behavior ::run [ RunTime:0.007231s ]
INFO: TokenBuild Behavior ::run [ RunTime:0.004324s ]
INFO: WriteHtmlCache Behavior ::run [ RunTime:0.007652s ]
INFO: ShowRuntime Behavior ::run [ RunTime:0.007337s ]
INFO: [ view_filter ] --END-- [ RunTime:0.026967s ]
INFO: [ view_end ] --START--
INFO: ShowPageTrace Behavior ::run [ RunTime:0.004546s ]
INFO: [ view_end ] --END-- [ RunTime:0.004692s ]

[ 2015-12-05T19:26:02+08:00 ] 42.120.160.46 /xx/index.php/Atc/query/atcdnmc/1
INFO: [ route_check ] --START--
INFO: CheckRoute Behavior ::run [ RunTime:0.007984s ]
INFO: [ route_check ] --END-- [ RunTime:0.008144s ]
INFO: [ app_begin ] --START--
INFO: ReadHtmlCache Behavior ::run [ RunTime:0.007537s ]
INFO: [ app_begin ] --END-- [ RunTime:0.007663s ]
SQL: SHOW COLUMNS FROM `tb_cstmusr` [ RunTime:0.002818s ]
SQL: SELECT * FROM `tb_cstmusr` WHERE ( cstmusrid= ) LIMIT 1   [ RunTime:0.000370s ]
ERR: 1064:You have an error in your SQL syntax; check the manual that corresponds to your MySQL server version for the right syntax to use near ') LIMIT 1' at line 1
 [ SQL语句 ] : SELECT * FROM `tb_cstmusr` WHERE ( cstmusrid= ) LIMIT 1  
SQL: SHOW COLUMNS FROM `tb_bd` [ RunTime:0.002346s ]
SQL: SELECT * FROM `tb_bd` ORDER BY bdodr ASC  [ RunTime:0.000594s ]
SQL: SHOW COLUMNS FROM `tb_atc` [ RunTime:0.002804s ]
NOTIC: [8] Undefined index:  atcanc D:\Program Files\Apache Software Foundation\Apache2.2\htdocs\xx\index\Lib\Action\AtcAction.class.php 第 157 行.
SQL: SELECT COUNT(*) AS tp_count FROM `tb_atc` WHERE ( atcps=1 AND atcvw=1 AND atcnw=0  AND (atcdnmc=1) ) ORDER BY atctp DESC,atcmdftm DESC LIMIT 1   [ RunTime:0.000556s ]
SQL: SELECT `atcid`,`atctpc`,`atcmdftm`,`atctp` FROM `tb_atc` WHERE ( atcps=1 AND atcvw=1 AND atcnw=0 AND (atcdnmc=1) ) ORDER BY atctp DESC,atcmdftm DESC LIMIT 0,10   [ RunTime:0.000410s ]
INFO: [ view_parse ] --START--
NOTIC: [8] Undefined variable: ntfa D:\Program Files\Apache Software Foundation\Apache2.2\htdocs\xx\index\Runtime\Cache\fcd7ec07ca93d24740240bc6bdf08acd.php 第 90 行.
INFO: ParseTemplate Behavior ::run [ RunTime:0.064706s ]
INFO: [ view_parse ] --END-- [ RunTime:0.064870s ]
INFO: [ view_filter ] --START--
INFO: ContentReplace Behavior ::run [ RunTime:0.007146s ]
INFO: TokenBuild Behavior ::run [ RunTime:0.007178s ]
INFO: WriteHtmlCache Behavior ::run [ RunTime:0.003837s ]
INFO: ShowRuntime Behavior ::run [ RunTime:0.011318s ]
INFO: [ view_filter ] --END-- [ RunTime:0.029929s ]
INFO: [ view_end ] --START--
INFO: ShowPageTrace Behavior ::run [ RunTime:0.007876s ]
INFO: [ view_end ] --END-- [ RunTime:0.008022s ]

