[ 2015-12-01T01:20:43+08:00 ] 221.204.7.128 /xx/index.php/Atc/query/atcdnmc/1
INFO: [ route_check ] --START--
INFO: CheckRoute Behavior ::run [ RunTime:0.008371s ]
INFO: [ route_check ] --END-- [ RunTime:0.008538s ]
INFO: [ app_begin ] --START--
INFO: ReadHtmlCache Behavior ::run [ RunTime:0.004340s ]
INFO: [ app_begin ] --END-- [ RunTime:0.004474s ]
SQL: SHOW COLUMNS FROM `tb_cstmusr` [ RunTime:0.003177s ]
SQL: SELECT * FROM `tb_cstmusr` WHERE ( cstmusrid= ) LIMIT 1   [ RunTime:0.000411s ]
ERR: 1064:You have an error in your SQL syntax; check the manual that corresponds to your MySQL server version for the right syntax to use near ') LIMIT 1' at line 1
 [ SQL语句 ] : SELECT * FROM `tb_cstmusr` WHERE ( cstmusrid= ) LIMIT 1  
SQL: SHOW COLUMNS FROM `tb_bd` [ RunTime:0.002974s ]
SQL: SELECT * FROM `tb_bd` ORDER BY bdodr ASC  [ RunTime:0.000574s ]
SQL: SHOW COLUMNS FROM `tb_atc` [ RunTime:0.003120s ]
NOTIC: [8] Undefined index:  atcanc D:\Program Files\Apache Software Foundation\Apache2.2\htdocs\xx\index\Lib\Action\AtcAction.class.php 第 157 行.
SQL: SELECT COUNT(*) AS tp_count FROM `tb_atc` WHERE ( atcps=1 AND atcvw=1 AND atcnw=0  AND (atcdnmc=1) ) ORDER BY atctp DESC,atcmdftm DESC LIMIT 1   [ RunTime:0.000433s ]
SQL: SELECT `atcid`,`atctpc`,`atcmdftm`,`atctp` FROM `tb_atc` WHERE ( atcps=1 AND atcvw=1 AND atcnw=0 AND (atcdnmc=1) ) ORDER BY atctp DESC,atcmdftm DESC LIMIT 0,10   [ RunTime:0.000412s ]
INFO: [ view_parse ] --START--
NOTIC: [8] Undefined variable: ntfa D:\Program Files\Apache Software Foundation\Apache2.2\htdocs\xx\index\Runtime\Cache\fcd7ec07ca93d24740240bc6bdf08acd.php 第 90 行.
INFO: ParseTemplate Behavior ::run [ RunTime:0.060991s ]
INFO: [ view_parse ] --END-- [ RunTime:0.061158s ]
INFO: [ view_filter ] --START--
INFO: ContentReplace Behavior ::run [ RunTime:0.007697s ]
INFO: TokenBuild Behavior ::run [ RunTime:0.007453s ]
INFO: WriteHtmlCache Behavior ::run [ RunTime:0.007185s ]
INFO: ShowRuntime Behavior ::run [ RunTime:0.007978s ]
INFO: [ view_filter ] --END-- [ RunTime:0.030802s ]
INFO: [ view_end ] --START--
INFO: ShowPageTrace Behavior ::run [ RunTime:0.007805s ]
INFO: [ view_end ] --END-- [ RunTime:0.007944s ]

[ 2015-12-01T14:09:28+08:00 ] 207.46.13.111 /xx/index.php/Atc/query/bdid/20
INFO: [ route_check ] --START--
INFO: CheckRoute Behavior ::run [ RunTime:0.008048s ]
INFO: [ route_check ] --END-- [ RunTime:0.008203s ]
INFO: [ app_begin ] --START--
INFO: ReadHtmlCache Behavior ::run [ RunTime:0.007522s ]
INFO: [ app_begin ] --END-- [ RunTime:0.007645s ]
SQL: SHOW COLUMNS FROM `tb_cstmusr` [ RunTime:0.003220s ]
SQL: SELECT * FROM `tb_cstmusr` WHERE ( cstmusrid= ) LIMIT 1   [ RunTime:0.000402s ]
ERR: 1064:You have an error in your SQL syntax; check the manual that corresponds to your MySQL server version for the right syntax to use near ') LIMIT 1' at line 1
 [ SQL语句 ] : SELECT * FROM `tb_cstmusr` WHERE ( cstmusrid= ) LIMIT 1  
SQL: SHOW COLUMNS FROM `tb_bd` [ RunTime:0.002769s ]
SQL: SELECT * FROM `tb_bd` ORDER BY bdodr ASC  [ RunTime:0.000574s ]
SQL: SHOW COLUMNS FROM `tb_atc` [ RunTime:0.003181s ]
NOTIC: [8] Undefined index:  atcanc D:\Program Files\Apache Software Foundation\Apache2.2\htdocs\xx\index\Lib\Action\AtcAction.class.php 第 157 行.
NOTIC: [8] Undefined index:  atcdnmc D:\Program Files\Apache Software Foundation\Apache2.2\htdocs\xx\index\Lib\Action\AtcAction.class.php 第 161 行.
NOTIC: [8] Undefined index:  atckw D:\Program Files\Apache Software Foundation\Apache2.2\htdocs\xx\index\Lib\Action\AtcAction.class.php 第 165 行.
SQL: SELECT * FROM `tb_bd` WHERE ( bdid=20 ) LIMIT 1   [ RunTime:0.000148s ]
SQL: SELECT * FROM `tb_bd` ORDER BY bdodr ASC  [ RunTime:0.000150s ]
SQL: SELECT COUNT(*) AS tp_count FROM `tb_atc` WHERE ( atcps=1 AND atcvw=1 AND atcnw=0  AND (f_atc_bdid=20) ) ORDER BY atctp DESC,atcmdftm DESC LIMIT 1   [ RunTime:0.000336s ]
SQL: SELECT `atcid`,`atctpc`,`atcmdftm`,`atctp` FROM `tb_atc` WHERE ( atcps=1 AND atcvw=1 AND atcnw=0 AND (f_atc_bdid=20) ) ORDER BY atctp DESC,atcmdftm DESC LIMIT 0,10   [ RunTime:0.000469s ]
INFO: [ view_parse ] --START--
NOTIC: [8] Undefined variable: ntfa D:\Program Files\Apache Software Foundation\Apache2.2\htdocs\xx\index\Runtime\Cache\fcd7ec07ca93d24740240bc6bdf08acd.php 第 90 行.
INFO: ParseTemplate Behavior ::run [ RunTime:0.064798s ]
INFO: [ view_parse ] --END-- [ RunTime:0.064959s ]
INFO: [ view_filter ] --START--
INFO: ContentReplace Behavior ::run [ RunTime:0.007333s ]
INFO: TokenBuild Behavior ::run [ RunTime:0.007276s ]
INFO: WriteHtmlCache Behavior ::run [ RunTime:0.007008s ]
INFO: ShowRuntime Behavior ::run [ RunTime:0.004147s ]
INFO: [ view_filter ] --END-- [ RunTime:0.026109s ]
INFO: [ view_end ] --START--
INFO: ShowPageTrace Behavior ::run [ RunTime:0.007655s ]
INFO: [ view_end ] --END-- [ RunTime:0.007790s ]

[ 2015-12-01T18:52:34+08:00 ] 42.120.161.46 /xx/index.php/Atc/query/bdid/17
INFO: [ route_check ] --START--
INFO: CheckRoute Behavior ::run [ RunTime:0.008058s ]
INFO: [ route_check ] --END-- [ RunTime:0.008214s ]
INFO: [ app_begin ] --START--
INFO: ReadHtmlCache Behavior ::run [ RunTime:0.007599s ]
INFO: [ app_begin ] --END-- [ RunTime:0.007733s ]
SQL: SHOW COLUMNS FROM `tb_cstmusr` [ RunTime:0.003116s ]
SQL: SELECT * FROM `tb_cstmusr` WHERE ( cstmusrid= ) LIMIT 1   [ RunTime:0.000444s ]
ERR: 1064:You have an error in your SQL syntax; check the manual that corresponds to your MySQL server version for the right syntax to use near ') LIMIT 1' at line 1
 [ SQL语句 ] : SELECT * FROM `tb_cstmusr` WHERE ( cstmusrid= ) LIMIT 1  
SQL: SHOW COLUMNS FROM `tb_bd` [ RunTime:0.002714s ]
SQL: SELECT * FROM `tb_bd` ORDER BY bdodr ASC  [ RunTime:0.000576s ]
SQL: SHOW COLUMNS FROM `tb_atc` [ RunTime:0.003090s ]
NOTIC: [8] Undefined index:  atcanc D:\Program Files\Apache Software Foundation\Apache2.2\htdocs\xx\index\Lib\Action\AtcAction.class.php 第 157 行.
NOTIC: [8] Undefined index:  atcdnmc D:\Program Files\Apache Software Foundation\Apache2.2\htdocs\xx\index\Lib\Action\AtcAction.class.php 第 161 行.
NOTIC: [8] Undefined index:  atckw D:\Program Files\Apache Software Foundation\Apache2.2\htdocs\xx\index\Lib\Action\AtcAction.class.php 第 165 行.
SQL: SELECT * FROM `tb_bd` WHERE ( bdid=17 ) LIMIT 1   [ RunTime:0.000169s ]
SQL: SELECT * FROM `tb_bd` ORDER BY bdodr ASC  [ RunTime:0.000157s ]
SQL: SELECT COUNT(*) AS tp_count FROM `tb_atc` WHERE ( atcps=1 AND atcvw=1 AND atcnw=0  AND (f_atc_bdid=17) ) ORDER BY atctp DESC,atcmdftm DESC LIMIT 1   [ RunTime:0.000328s ]
SQL: SELECT `atcid`,`atctpc`,`atcmdftm`,`atctp` FROM `tb_atc` WHERE ( atcps=1 AND atcvw=1 AND atcnw=0 AND (f_atc_bdid=17) ) ORDER BY atctp DESC,atcmdftm DESC LIMIT 0,10   [ RunTime:0.000408s ]
INFO: [ view_parse ] --START--
NOTIC: [8] Undefined variable: ntfa D:\Program Files\Apache Software Foundation\Apache2.2\htdocs\xx\index\Runtime\Cache\fcd7ec07ca93d24740240bc6bdf08acd.php 第 90 行.
INFO: ParseTemplate Behavior ::run [ RunTime:0.067473s ]
INFO: [ view_parse ] --END-- [ RunTime:0.067631s ]
INFO: [ view_filter ] --START--
INFO: ContentReplace Behavior ::run [ RunTime:0.008195s ]
INFO: TokenBuild Behavior ::run [ RunTime:0.009820s ]
INFO: WriteHtmlCache Behavior ::run [ RunTime:0.008105s ]
INFO: ShowRuntime Behavior ::run [ RunTime:0.008774s ]
INFO: [ view_filter ] --END-- [ RunTime:0.035291s ]
INFO: [ view_end ] --START--
INFO: ShowPageTrace Behavior ::run [ RunTime:0.008573s ]
INFO: [ view_end ] --END-- [ RunTime:0.008723s ]

[ 2015-12-01T18:52:34+08:00 ] 42.120.160.46 /xx/index.php/Atc/query/atcdnmc/1
INFO: [ route_check ] --START--
INFO: CheckRoute Behavior ::run [ RunTime:0.008187s ]
INFO: [ route_check ] --END-- [ RunTime:0.008369s ]
INFO: [ app_begin ] --START--
INFO: ReadHtmlCache Behavior ::run [ RunTime:0.009341s ]
INFO: [ app_begin ] --END-- [ RunTime:0.009519s ]
SQL: SHOW COLUMNS FROM `tb_cstmusr` [ RunTime:0.003194s ]
SQL: SELECT * FROM `tb_cstmusr` WHERE ( cstmusrid= ) LIMIT 1   [ RunTime:0.000223s ]
ERR: 1064:You have an error in your SQL syntax; check the manual that corresponds to your MySQL server version for the right syntax to use near ') LIMIT 1' at line 1
 [ SQL语句 ] : SELECT * FROM `tb_cstmusr` WHERE ( cstmusrid= ) LIMIT 1  
SQL: SHOW COLUMNS FROM `tb_bd` [ RunTime:0.002353s ]
SQL: SELECT * FROM `tb_bd` ORDER BY bdodr ASC  [ RunTime:0.000599s ]
SQL: SHOW COLUMNS FROM `tb_atc` [ RunTime:0.002667s ]
NOTIC: [8] Undefined index:  atcanc D:\Program Files\Apache Software Foundation\Apache2.2\htdocs\xx\index\Lib\Action\AtcAction.class.php 第 157 行.
SQL: SELECT COUNT(*) AS tp_count FROM `tb_atc` WHERE ( atcps=1 AND atcvw=1 AND atcnw=0  AND (atcdnmc=1) ) ORDER BY atctp DESC,atcmdftm DESC LIMIT 1   [ RunTime:0.000396s ]
SQL: SELECT `atcid`,`atctpc`,`atcmdftm`,`atctp` FROM `tb_atc` WHERE ( atcps=1 AND atcvw=1 AND atcnw=0 AND (atcdnmc=1) ) ORDER BY atctp DESC,atcmdftm DESC LIMIT 0,10   [ RunTime:0.000432s ]
INFO: [ view_parse ] --START--
NOTIC: [8] Undefined variable: ntfa D:\Program Files\Apache Software Foundation\Apache2.2\htdocs\xx\index\Runtime\Cache\fcd7ec07ca93d24740240bc6bdf08acd.php 第 90 行.
INFO: ParseTemplate Behavior ::run [ RunTime:0.064586s ]
INFO: [ view_parse ] --END-- [ RunTime:0.064766s ]
INFO: [ view_filter ] --START--
INFO: ContentReplace Behavior ::run [ RunTime:0.007365s ]
INFO: TokenBuild Behavior ::run [ RunTime:0.007393s ]
INFO: WriteHtmlCache Behavior ::run [ RunTime:0.007023s ]
INFO: ShowRuntime Behavior ::run [ RunTime:0.007259s ]
INFO: [ view_filter ] --END-- [ RunTime:0.029459s ]
INFO: [ view_end ] --START--
INFO: ShowPageTrace Behavior ::run [ RunTime:0.007551s ]
INFO: [ view_end ] --END-- [ RunTime:0.007684s ]

[ 2015-12-01T18:52:40+08:00 ] 42.156.138.46 /xx/index.php/Atc/query/bdid/22
INFO: [ route_check ] --START--
INFO: CheckRoute Behavior ::run [ RunTime:0.007928s ]
INFO: [ route_check ] --END-- [ RunTime:0.008083s ]
INFO: [ app_begin ] --START--
INFO: ReadHtmlCache Behavior ::run [ RunTime:0.007426s ]
INFO: [ app_begin ] --END-- [ RunTime:0.007548s ]
SQL: SHOW COLUMNS FROM `tb_cstmusr` [ RunTime:0.002699s ]
SQL: SELECT * FROM `tb_cstmusr` WHERE ( cstmusrid= ) LIMIT 1   [ RunTime:0.000429s ]
ERR: 1064:You have an error in your SQL syntax; check the manual that corresponds to your MySQL server version for the right syntax to use near ') LIMIT 1' at line 1
 [ SQL语句 ] : SELECT * FROM `tb_cstmusr` WHERE ( cstmusrid= ) LIMIT 1  
SQL: SHOW COLUMNS FROM `tb_bd` [ RunTime:0.002296s ]
SQL: SELECT * FROM `tb_bd` ORDER BY bdodr ASC  [ RunTime:0.000618s ]
SQL: SHOW COLUMNS FROM `tb_atc` [ RunTime:0.002659s ]
NOTIC: [8] Undefined index:  atcanc D:\Program Files\Apache Software Foundation\Apache2.2\htdocs\xx\index\Lib\Action\AtcAction.class.php 第 157 行.
NOTIC: [8] Undefined index:  atcdnmc D:\Program Files\Apache Software Foundation\Apache2.2\htdocs\xx\index\Lib\Action\AtcAction.class.php 第 161 行.
NOTIC: [8] Undefined index:  atckw D:\Program Files\Apache Software Foundation\Apache2.2\htdocs\xx\index\Lib\Action\AtcAction.class.php 第 165 行.
SQL: SELECT * FROM `tb_bd` WHERE ( bdid=22 ) LIMIT 1   [ RunTime:0.000186s ]
SQL: SELECT * FROM `tb_bd` ORDER BY bdodr ASC  [ RunTime:0.000141s ]
SQL: SELECT COUNT(*) AS tp_count FROM `tb_atc` WHERE ( atcps=1 AND atcvw=1 AND atcnw=0  AND (f_atc_bdid=22) ) ORDER BY atctp DESC,atcmdftm DESC LIMIT 1   [ RunTime:0.000326s ]
SQL: SELECT `atcid`,`atctpc`,`atcmdftm`,`atctp` FROM `tb_atc` WHERE ( atcps=1 AND atcvw=1 AND atcnw=0 AND (f_atc_bdid=22) ) ORDER BY atctp DESC,atcmdftm DESC LIMIT 0,10   [ RunTime:0.000353s ]
INFO: [ view_parse ] --START--
NOTIC: [8] Undefined variable: ntfa D:\Program Files\Apache Software Foundation\Apache2.2\htdocs\xx\index\Runtime\Cache\fcd7ec07ca93d24740240bc6bdf08acd.php 第 90 行.
INFO: ParseTemplate Behavior ::run [ RunTime:0.069943s ]
INFO: [ view_parse ] --END-- [ RunTime:0.070108s ]
INFO: [ view_filter ] --START--
INFO: ContentReplace Behavior ::run [ RunTime:0.007164s ]
INFO: TokenBuild Behavior ::run [ RunTime:0.007385s ]
INFO: WriteHtmlCache Behavior ::run [ RunTime:0.006937s ]
INFO: ShowRuntime Behavior ::run [ RunTime:0.007294s ]
INFO: [ view_filter ] --END-- [ RunTime:0.029132s ]
INFO: [ view_end ] --START--
INFO: ShowPageTrace Behavior ::run [ RunTime:0.007759s ]
INFO: [ view_end ] --END-- [ RunTime:0.007902s ]

[ 2015-12-01T18:52:49+08:00 ] 42.156.137.46 /xx/index.php/Atc/query/bdid/15
INFO: [ route_check ] --START--
INFO: CheckRoute Behavior ::run [ RunTime:0.008124s ]
INFO: [ route_check ] --END-- [ RunTime:0.008287s ]
INFO: [ app_begin ] --START--
INFO: ReadHtmlCache Behavior ::run [ RunTime:0.007612s ]
INFO: [ app_begin ] --END-- [ RunTime:0.007751s ]
SQL: SHOW COLUMNS FROM `tb_cstmusr` [ RunTime:0.002765s ]
SQL: SELECT * FROM `tb_cstmusr` WHERE ( cstmusrid= ) LIMIT 1   [ RunTime:0.001162s ]
ERR: 1064:You have an error in your SQL syntax; check the manual that corresponds to your MySQL server version for the right syntax to use near ') LIMIT 1' at line 1
 [ SQL语句 ] : SELECT * FROM `tb_cstmusr` WHERE ( cstmusrid= ) LIMIT 1  
SQL: SHOW COLUMNS FROM `tb_bd` [ RunTime:0.003265s ]
SQL: SELECT * FROM `tb_bd` ORDER BY bdodr ASC  [ RunTime:0.000156s ]
SQL: SHOW COLUMNS FROM `tb_atc` [ RunTime:0.003712s ]
NOTIC: [8] Undefined index:  atcanc D:\Program Files\Apache Software Foundation\Apache2.2\htdocs\xx\index\Lib\Action\AtcAction.class.php 第 157 行.
NOTIC: [8] Undefined index:  atcdnmc D:\Program Files\Apache Software Foundation\Apache2.2\htdocs\xx\index\Lib\Action\AtcAction.class.php 第 161 行.
NOTIC: [8] Undefined index:  atckw D:\Program Files\Apache Software Foundation\Apache2.2\htdocs\xx\index\Lib\Action\AtcAction.class.php 第 165 行.
SQL: SELECT * FROM `tb_bd` WHERE ( bdid=15 ) LIMIT 1   [ RunTime:0.000161s ]
SQL: SELECT * FROM `tb_bd` ORDER BY bdodr ASC  [ RunTime:0.000147s ]
SQL: SELECT COUNT(*) AS tp_count FROM `tb_atc` WHERE ( atcps=1 AND atcvw=1 AND atcnw=0  AND (f_atc_bdid=15) ) ORDER BY atctp DESC,atcmdftm DESC LIMIT 1   [ RunTime:0.000366s ]
SQL: SELECT `atcid`,`atctpc`,`atcmdftm`,`atctp` FROM `tb_atc` WHERE ( atcps=1 AND atcvw=1 AND atcnw=0 AND (f_atc_bdid=15) ) ORDER BY atctp DESC,atcmdftm DESC LIMIT 0,10   [ RunTime:0.000602s ]
INFO: [ view_parse ] --START--
NOTIC: [8] Undefined variable: ntfa D:\Program Files\Apache Software Foundation\Apache2.2\htdocs\xx\index\Runtime\Cache\fcd7ec07ca93d24740240bc6bdf08acd.php 第 90 行.
INFO: ParseTemplate Behavior ::run [ RunTime:0.069070s ]
INFO: [ view_parse ] --END-- [ RunTime:0.069250s ]
INFO: [ view_filter ] --START--
INFO: ContentReplace Behavior ::run [ RunTime:0.007324s ]
INFO: TokenBuild Behavior ::run [ RunTime:0.007194s ]
INFO: WriteHtmlCache Behavior ::run [ RunTime:0.007260s ]
INFO: ShowRuntime Behavior ::run [ RunTime:0.007740s ]
INFO: [ view_filter ] --END-- [ RunTime:0.029987s ]
INFO: [ view_end ] --START--
INFO: ShowPageTrace Behavior ::run [ RunTime:0.007628s ]
INFO: [ view_end ] --END-- [ RunTime:0.007776s ]

