[ 2015-11-08T08:17:42+08:00 ] 66.249.65.61 /xx/stdwap.php
INFO: [ app_begin ] --START--
INFO: ReadHtmlCache Behavior ::run [ RunTime:0.007384s ]
INFO: [ app_begin ] --END-- [ RunTime:0.007540s ]
SQL: SHOW COLUMNS FROM `tb_grd` [ RunTime:0.002269s ]
SQL: SELECT * FROM `tb_grd` WHERE ( grdid= ) LIMIT 1   [ RunTime:0.000450s ]
ERR: 1064:You have an error in your SQL syntax; check the manual that corresponds to your MySQL server version for the right syntax to use near ') LIMIT 1' at line 1
 [ SQL语句 ] : SELECT * FROM `tb_grd` WHERE ( grdid= ) LIMIT 1  
SQL: SHOW COLUMNS FROM `tb_xq` [ RunTime:0.003371s ]
SQL: SELECT * FROM `tb_xq` WHERE ( xqdq=1 ) LIMIT 1   [ RunTime:0.000449s ]
SQL: SHOW COLUMNS FROM `tb_std` [ RunTime:0.002915s ]
ERR: 1146:Table 'db_xx.tb_std' doesn't exist
 [ SQL语句 ] : SHOW COLUMNS FROM `tb_std`
SQL: SELECT * FROM `tb_std` inner join tb__stdxqdm ON stdid=f_stdxqdm_stdid inner join tb__stdxqcls ON stdid=f_stdxqcls_stdid inner join tb__stdxqmj ON stdid=f_stdxqmj_stdid LEFT JOIN tb_stt ON f_std_sttid=sttid LEFT JOIN tb_grd ON f_std_grdid=grdid LEFT JOIN tb__mj ON f_stdxqmj_mjid=mjid LEFT JOIN tb_bxxs ON f_mj_bxxsid=bxxsid LEFT JOIN tb_cc ON f_mj_ccid=ccid LEFT JOIN tb_kl ON f_mj_klid=klid LEFT JOIN tb_xxxs ON f_mj_xxxsid=xxxsid LEFT JOIN tb_zsfw ON f_mj_zsfwid=zsfwid LEFT JOIN tb_xz ON f_mj_xzid=xzid LEFT JOIN tb__cls ON f_stdxqcls_clsid=clsid LEFT JOIN tb_dm ON f_stdxqdm_dmid=dmid LEFT JOIN tb_sex ON f_std_sexid=sexid LEFT JOIN tb_rc ON f_std_rcid=rcid LEFT JOIN tb_zzmm ON f_std_zzmmid=zzmmid LEFT JOIN tb_xl ON f_std_xlid=xlid LEFT JOIN tb_stat ON f_std_statid=statid LEFT JOIN tb_xq ON f_stdxqcls_xqid=xqid WHERE ( f_stdxqcls_xqid=3 AND f_stdxqmj_xqid=3 AND f_stdxqdm_xqid=3 AND stdid= ) LIMIT 1   [ RunTime:0.000285s ]
ERR: 1064:You have an error in your SQL syntax; check the manual that corresponds to your MySQL server version for the right syntax to use near ') LIMIT 1' at line 1
 [ SQL语句 ] : SELECT * FROM `tb_std` inner join tb__stdxqdm ON stdid=f_stdxqdm_stdid inner join tb__stdxqcls ON stdid=f_stdxqcls_stdid inner join tb__stdxqmj ON stdid=f_stdxqmj_stdid LEFT JOIN tb_stt ON f_std_sttid=sttid LEFT JOIN tb_grd ON f_std_grdid=grdid LEFT JOIN tb__mj ON f_stdxqmj_mjid=mjid LEFT JOIN tb_bxxs ON f_mj_bxxsid=bxxsid LEFT JOIN tb_cc ON f_mj_ccid=ccid LEFT JOIN tb_kl ON f_mj_klid=klid LEFT JOIN tb_xxxs ON f_mj_xxxsid=xxxsid LEFT JOIN tb_zsfw ON f_mj_zsfwid=zsfwid LEFT JOIN tb_xz ON f_mj_xzid=xzid LEFT JOIN tb__cls ON f_stdxqcls_clsid=clsid LEFT JOIN tb_dm ON f_stdxqdm_dmid=dmid LEFT JOIN tb_sex ON f_std_sexid=sexid LEFT JOIN tb_rc ON f_std_rcid=rcid LEFT JOIN tb_zzmm ON f_std_zzmmid=zzmmid LEFT JOIN tb_xl ON f_std_xlid=xlid LEFT JOIN tb_stat ON f_std_statid=statid LEFT JOIN tb_xq ON f_stdxqcls_xqid=xqid WHERE ( f_stdxqcls_xqid=3 AND f_stdxqmj_xqid=3 AND f_stdxqdm_xqid=3 AND stdid= ) LIMIT 1  
INFO: [ view_parse ] --START--
NOTIC: [8] Undefined variable: wxusross D:\Program Files\Apache Software Foundation\Apache2.2\htdocs\xx\stdwap\Runtime\Cache\8875a2ed6aee5933044df894bdb9a983.php 第 137 行.
INFO: ParseTemplate Behavior ::run [ RunTime:0.071046s ]
INFO: [ view_parse ] --END-- [ RunTime:0.071212s ]
INFO: [ view_filter ] --START--
INFO: ContentReplace Behavior ::run [ RunTime:0.007164s ]
INFO: TokenBuild Behavior ::run [ RunTime:0.007699s ]
INFO: WriteHtmlCache Behavior ::run [ RunTime:0.006875s ]
INFO: ShowRuntime Behavior ::run [ RunTime:0.007477s ]
INFO: [ view_filter ] --END-- [ RunTime:0.029572s ]
INFO: [ view_end ] --START--
INFO: ShowPageTrace Behavior ::run [ RunTime:0.007491s ]
INFO: [ view_end ] --END-- [ RunTime:0.007626s ]

[ 2015-11-08T08:23:27+08:00 ] 66.249.65.61 /xx/stdwap.php/Index
INFO: [ route_check ] --START--
INFO: CheckRoute Behavior ::run [ RunTime:0.007892s ]
INFO: [ route_check ] --END-- [ RunTime:0.008047s ]
INFO: [ app_begin ] --START--
INFO: ReadHtmlCache Behavior ::run [ RunTime:0.007364s ]
INFO: [ app_begin ] --END-- [ RunTime:0.007483s ]
SQL: SHOW COLUMNS FROM `tb_grd` [ RunTime:0.002292s ]
SQL: SELECT * FROM `tb_grd` WHERE ( grdid= ) LIMIT 1   [ RunTime:0.000462s ]
ERR: 1064:You have an error in your SQL syntax; check the manual that corresponds to your MySQL server version for the right syntax to use near ') LIMIT 1' at line 1
 [ SQL语句 ] : SELECT * FROM `tb_grd` WHERE ( grdid= ) LIMIT 1  
SQL: SHOW COLUMNS FROM `tb_xq` [ RunTime:0.002648s ]
SQL: SELECT * FROM `tb_xq` WHERE ( xqdq=1 ) LIMIT 1   [ RunTime:0.000503s ]
SQL: SHOW COLUMNS FROM `tb_std` [ RunTime:0.002907s ]
ERR: 1146:Table 'db_xx.tb_std' doesn't exist
 [ SQL语句 ] : SHOW COLUMNS FROM `tb_std`
SQL: SELECT * FROM `tb_std` inner join tb__stdxqdm ON stdid=f_stdxqdm_stdid inner join tb__stdxqcls ON stdid=f_stdxqcls_stdid inner join tb__stdxqmj ON stdid=f_stdxqmj_stdid LEFT JOIN tb_stt ON f_std_sttid=sttid LEFT JOIN tb_grd ON f_std_grdid=grdid LEFT JOIN tb__mj ON f_stdxqmj_mjid=mjid LEFT JOIN tb_bxxs ON f_mj_bxxsid=bxxsid LEFT JOIN tb_cc ON f_mj_ccid=ccid LEFT JOIN tb_kl ON f_mj_klid=klid LEFT JOIN tb_xxxs ON f_mj_xxxsid=xxxsid LEFT JOIN tb_zsfw ON f_mj_zsfwid=zsfwid LEFT JOIN tb_xz ON f_mj_xzid=xzid LEFT JOIN tb__cls ON f_stdxqcls_clsid=clsid LEFT JOIN tb_dm ON f_stdxqdm_dmid=dmid LEFT JOIN tb_sex ON f_std_sexid=sexid LEFT JOIN tb_rc ON f_std_rcid=rcid LEFT JOIN tb_zzmm ON f_std_zzmmid=zzmmid LEFT JOIN tb_xl ON f_std_xlid=xlid LEFT JOIN tb_stat ON f_std_statid=statid LEFT JOIN tb_xq ON f_stdxqcls_xqid=xqid WHERE ( f_stdxqcls_xqid=3 AND f_stdxqmj_xqid=3 AND f_stdxqdm_xqid=3 AND stdid= ) LIMIT 1   [ RunTime:0.000283s ]
ERR: 1064:You have an error in your SQL syntax; check the manual that corresponds to your MySQL server version for the right syntax to use near ') LIMIT 1' at line 1
 [ SQL语句 ] : SELECT * FROM `tb_std` inner join tb__stdxqdm ON stdid=f_stdxqdm_stdid inner join tb__stdxqcls ON stdid=f_stdxqcls_stdid inner join tb__stdxqmj ON stdid=f_stdxqmj_stdid LEFT JOIN tb_stt ON f_std_sttid=sttid LEFT JOIN tb_grd ON f_std_grdid=grdid LEFT JOIN tb__mj ON f_stdxqmj_mjid=mjid LEFT JOIN tb_bxxs ON f_mj_bxxsid=bxxsid LEFT JOIN tb_cc ON f_mj_ccid=ccid LEFT JOIN tb_kl ON f_mj_klid=klid LEFT JOIN tb_xxxs ON f_mj_xxxsid=xxxsid LEFT JOIN tb_zsfw ON f_mj_zsfwid=zsfwid LEFT JOIN tb_xz ON f_mj_xzid=xzid LEFT JOIN tb__cls ON f_stdxqcls_clsid=clsid LEFT JOIN tb_dm ON f_stdxqdm_dmid=dmid LEFT JOIN tb_sex ON f_std_sexid=sexid LEFT JOIN tb_rc ON f_std_rcid=rcid LEFT JOIN tb_zzmm ON f_std_zzmmid=zzmmid LEFT JOIN tb_xl ON f_std_xlid=xlid LEFT JOIN tb_stat ON f_std_statid=statid LEFT JOIN tb_xq ON f_stdxqcls_xqid=xqid WHERE ( f_stdxqcls_xqid=3 AND f_stdxqmj_xqid=3 AND f_stdxqdm_xqid=3 AND stdid= ) LIMIT 1  
INFO: [ view_parse ] --START--
NOTIC: [8] Undefined variable: wxusross D:\Program Files\Apache Software Foundation\Apache2.2\htdocs\xx\stdwap\Runtime\Cache\8875a2ed6aee5933044df894bdb9a983.php 第 137 行.
INFO: ParseTemplate Behavior ::run [ RunTime:0.088688s ]
INFO: [ view_parse ] --END-- [ RunTime:0.088862s ]
INFO: [ view_filter ] --START--
INFO: ContentReplace Behavior ::run [ RunTime:0.007155s ]
INFO: TokenBuild Behavior ::run [ RunTime:0.007121s ]
INFO: WriteHtmlCache Behavior ::run [ RunTime:0.006870s ]
INFO: ShowRuntime Behavior ::run [ RunTime:0.007292s ]
INFO: [ view_filter ] --END-- [ RunTime:0.028756s ]
INFO: [ view_end ] --START--
INFO: ShowPageTrace Behavior ::run [ RunTime:0.007445s ]
INFO: [ view_end ] --END-- [ RunTime:0.007560s ]

[ 2015-11-08T08:25:36+08:00 ] 66.249.65.61 /xx/stdwap.php/Std/loginin
INFO: [ route_check ] --START--
INFO: CheckRoute Behavior ::run [ RunTime:0.007990s ]
INFO: [ route_check ] --END-- [ RunTime:0.008145s ]
INFO: [ app_begin ] --START--
INFO: ReadHtmlCache Behavior ::run [ RunTime:0.007980s ]
INFO: [ app_begin ] --END-- [ RunTime:0.008110s ]
SQL: SHOW COLUMNS FROM `tb_grd` [ RunTime:0.002268s ]
SQL: SELECT * FROM `tb_grd` ORDER BY grdnm DESC  [ RunTime:0.000702s ]
NOTIC: [8] Undefined index:  stdnm D:\Program Files\Apache Software Foundation\Apache2.2\htdocs\xx\stdwap\Lib\Action\StdAction.class.php 第 14 行.
NOTIC: [8] Undefined index:  allnm D:\Program Files\Apache Software Foundation\Apache2.2\htdocs\xx\stdwap\Lib\Action\StdAction.class.php 第 15 行.
NOTIC: [8] Undefined index:  rmb D:\Program Files\Apache Software Foundation\Apache2.2\htdocs\xx\stdwap\Lib\Action\StdAction.class.php 第 16 行.
SQL: SHOW COLUMNS FROM `tb_2015_std` [ RunTime:0.003508s ]
SQL: SELECT * FROM `tb_2015_std` LEFT JOIN tb_grd ON f_std_grdid=grdid WHERE ( stdnm='' ) LIMIT 1   [ RunTime:0.002229s ]
SQL: SHOW COLUMNS FROM `tb_2014_std` [ RunTime:0.004047s ]
SQL: SELECT * FROM `tb_2014_std` LEFT JOIN tb_grd ON f_std_grdid=grdid WHERE ( stdnm='' ) LIMIT 1   [ RunTime:0.000218s ]
SQL: SHOW COLUMNS FROM `tb_2013_std` [ RunTime:0.004181s ]
SQL: SELECT * FROM `tb_2013_std` LEFT JOIN tb_grd ON f_std_grdid=grdid WHERE ( stdnm='' ) LIMIT 1   [ RunTime:0.000213s ]
SQL: SHOW COLUMNS FROM `tb_2012_std` [ RunTime:0.002908s ]
ERR: 1146:Table 'db_xx.tb_2012_std' doesn't exist
 [ SQL语句 ] : SHOW COLUMNS FROM `tb_2012_std`
SQL: SELECT * FROM `tb_2012_std` LEFT JOIN tb_grd ON f_std_grdid=grdid WHERE ( stdnm='' ) LIMIT 1   [ RunTime:0.000555s ]
ERR: 1146:Table 'db_xx.tb_2012_std' doesn't exist
 [ SQL语句 ] : SELECT * FROM `tb_2012_std` LEFT JOIN tb_grd ON f_std_grdid=grdid WHERE ( stdnm='' ) LIMIT 1  

[ 2015-11-08T08:25:41+08:00 ] 66.249.65.64 /xx/stdwap.php/Std/loginout
INFO: [ route_check ] --START--
INFO: CheckRoute Behavior ::run [ RunTime:0.007961s ]
INFO: [ route_check ] --END-- [ RunTime:0.008118s ]
INFO: [ app_begin ] --START--
INFO: ReadHtmlCache Behavior ::run [ RunTime:0.007339s ]
INFO: [ app_begin ] --END-- [ RunTime:0.007458s ]

[ 2015-11-08T08:25:46+08:00 ] 66.249.65.61 /xx/stdwap.php/Wxusr/loginout
INFO: [ route_check ] --START--
INFO: CheckRoute Behavior ::run [ RunTime:0.007936s ]
INFO: [ route_check ] --END-- [ RunTime:0.008095s ]
INFO: [ app_begin ] --START--
INFO: ReadHtmlCache Behavior ::run [ RunTime:0.007348s ]
INFO: [ app_begin ] --END-- [ RunTime:0.007467s ]
ERR: 无法加载模块:Wxusr

[ 2015-11-08T08:30:16+08:00 ] 66.249.65.58 /xx/stdwap.php/Atc/query/atckw/
INFO: [ route_check ] --START--
INFO: CheckRoute Behavior ::run [ RunTime:0.007914s ]
INFO: [ route_check ] --END-- [ RunTime:0.008072s ]
INFO: [ app_begin ] --START--
INFO: ReadHtmlCache Behavior ::run [ RunTime:0.007351s ]
INFO: [ app_begin ] --END-- [ RunTime:0.007476s ]
ERR: 无法加载模块:Atc

